[0.695s] Invoking command in '/home/rpp/rpp_ws/src/application/bt_task_manager_ros2': PYTHONPATH=/home/rpp/rpp_ws/src/application/bt_task_manager_ros2/build/bt_task_manager_ros2/prefix_override:/usr/lib/python3/dist-packages/colcon_core/task/python/colcon_distutils_commands:/home/rpp/rpp_ws/src/application/bt_task_manager_ros2/install/bt_task_manager_ros2/lib/python3.10/site-packages:${PYTHONPATH} /usr/bin/python3 -W ignore:setup.py install is deprecated -W ignore:easy_install command is deprecated setup.py egg_info --egg-base build/bt_task_manager_ros2 build --build-base /home/rpp/rpp_ws/src/application/bt_task_manager_ros2/build/bt_task_manager_ros2/build install --record /home/rpp/rpp_ws/src/application/bt_task_manager_ros2/build/bt_task_manager_ros2/install.log --single-version-externally-managed install_data
[0.906s] running egg_info
[0.907s] creating build/bt_task_manager_ros2/bt_task_manager_ros2.egg-info
[0.907s] writing build/bt_task_manager_ros2/bt_task_manager_ros2.egg-info/PKG-INFO
[0.907s] writing dependency_links to build/bt_task_manager_ros2/bt_task_manager_ros2.egg-info/dependency_links.txt
[0.907s] writing entry points to build/bt_task_manager_ros2/bt_task_manager_ros2.egg-info/entry_points.txt
[0.907s] writing requirements to build/bt_task_manager_ros2/bt_task_manager_ros2.egg-info/requires.txt
[0.907s] writing top-level names to build/bt_task_manager_ros2/bt_task_manager_ros2.egg-info/top_level.txt
[0.908s] writing manifest file 'build/bt_task_manager_ros2/bt_task_manager_ros2.egg-info/SOURCES.txt'
[0.909s] reading manifest file 'build/bt_task_manager_ros2/bt_task_manager_ros2.egg-info/SOURCES.txt'
[0.910s] writing manifest file 'build/bt_task_manager_ros2/bt_task_manager_ros2.egg-info/SOURCES.txt'
[0.910s] running build
[0.910s] running build_py
[0.910s] creating /home/rpp/rpp_ws/src/application/bt_task_manager_ros2/build/bt_task_manager_ros2/build
[0.910s] creating /home/rpp/rpp_ws/src/application/bt_task_manager_ros2/build/bt_task_manager_ros2/build/lib
[0.910s] creating /home/rpp/rpp_ws/src/application/bt_task_manager_ros2/build/bt_task_manager_ros2/build/lib/bt_task_manager_ros2
[0.910s] copying bt_task_manager_ros2/behaviours.py -> /home/rpp/rpp_ws/src/application/bt_task_manager_ros2/build/bt_task_manager_ros2/build/lib/bt_task_manager_ros2
[0.910s] copying bt_task_manager_ros2/chassis_move.py -> /home/rpp/rpp_ws/src/application/bt_task_manager_ros2/build/bt_task_manager_ros2/build/lib/bt_task_manager_ros2
[0.910s] copying bt_task_manager_ros2/get_grasp_pose.py -> /home/rpp/rpp_ws/src/application/bt_task_manager_ros2/build/bt_task_manager_ros2/build/lib/bt_task_manager_ros2
[0.910s] copying bt_task_manager_ros2/__init__.py -> /home/rpp/rpp_ws/src/application/bt_task_manager_ros2/build/bt_task_manager_ros2/build/lib/bt_task_manager_ros2
[0.910s] copying bt_task_manager_ros2/moveit_arm.py -> /home/rpp/rpp_ws/src/application/bt_task_manager_ros2/build/bt_task_manager_ros2/build/lib/bt_task_manager_ros2
[0.910s] copying bt_task_manager_ros2/moveit_gripper.py -> /home/rpp/rpp_ws/src/application/bt_task_manager_ros2/build/bt_task_manager_ros2/build/lib/bt_task_manager_ros2
[0.910s] copying bt_task_manager_ros2/navigation.py -> /home/rpp/rpp_ws/src/application/bt_task_manager_ros2/build/bt_task_manager_ros2/build/lib/bt_task_manager_ros2
[0.910s] copying bt_task_manager_ros2/rb_decorators.py -> /home/rpp/rpp_ws/src/application/bt_task_manager_ros2/build/bt_task_manager_ros2/build/lib/bt_task_manager_ros2
[0.910s] running install
[0.911s] running install_lib
[0.911s] creating /home/rpp/rpp_ws/src/application/bt_task_manager_ros2/install/bt_task_manager_ros2/lib/python3.10/site-packages/bt_task_manager_ros2
[0.911s] copying /home/rpp/rpp_ws/src/application/bt_task_manager_ros2/build/bt_task_manager_ros2/build/lib/bt_task_manager_ros2/behaviours.py -> /home/rpp/rpp_ws/src/application/bt_task_manager_ros2/install/bt_task_manager_ros2/lib/python3.10/site-packages/bt_task_manager_ros2
[0.911s] copying /home/rpp/rpp_ws/src/application/bt_task_manager_ros2/build/bt_task_manager_ros2/build/lib/bt_task_manager_ros2/chassis_move.py -> /home/rpp/rpp_ws/src/application/bt_task_manager_ros2/install/bt_task_manager_ros2/lib/python3.10/site-packages/bt_task_manager_ros2
[0.911s] copying /home/rpp/rpp_ws/src/application/bt_task_manager_ros2/build/bt_task_manager_ros2/build/lib/bt_task_manager_ros2/get_grasp_pose.py -> /home/rpp/rpp_ws/src/application/bt_task_manager_ros2/install/bt_task_manager_ros2/lib/python3.10/site-packages/bt_task_manager_ros2
[0.911s] copying /home/rpp/rpp_ws/src/application/bt_task_manager_ros2/build/bt_task_manager_ros2/build/lib/bt_task_manager_ros2/__init__.py -> /home/rpp/rpp_ws/src/application/bt_task_manager_ros2/install/bt_task_manager_ros2/lib/python3.10/site-packages/bt_task_manager_ros2
[0.911s] copying /home/rpp/rpp_ws/src/application/bt_task_manager_ros2/build/bt_task_manager_ros2/build/lib/bt_task_manager_ros2/moveit_arm.py -> /home/rpp/rpp_ws/src/application/bt_task_manager_ros2/install/bt_task_manager_ros2/lib/python3.10/site-packages/bt_task_manager_ros2
[0.911s] copying /home/rpp/rpp_ws/src/application/bt_task_manager_ros2/build/bt_task_manager_ros2/build/lib/bt_task_manager_ros2/moveit_gripper.py -> /home/rpp/rpp_ws/src/application/bt_task_manager_ros2/install/bt_task_manager_ros2/lib/python3.10/site-packages/bt_task_manager_ros2
[0.911s] copying /home/rpp/rpp_ws/src/application/bt_task_manager_ros2/build/bt_task_manager_ros2/build/lib/bt_task_manager_ros2/navigation.py -> /home/rpp/rpp_ws/src/application/bt_task_manager_ros2/install/bt_task_manager_ros2/lib/python3.10/site-packages/bt_task_manager_ros2
[0.912s] copying /home/rpp/rpp_ws/src/application/bt_task_manager_ros2/build/bt_task_manager_ros2/build/lib/bt_task_manager_ros2/rb_decorators.py -> /home/rpp/rpp_ws/src/application/bt_task_manager_ros2/install/bt_task_manager_ros2/lib/python3.10/site-packages/bt_task_manager_ros2
[0.912s] byte-compiling /home/rpp/rpp_ws/src/application/bt_task_manager_ros2/install/bt_task_manager_ros2/lib/python3.10/site-packages/bt_task_manager_ros2/behaviours.py to behaviours.cpython-310.pyc
[0.912s] byte-compiling /home/rpp/rpp_ws/src/application/bt_task_manager_ros2/install/bt_task_manager_ros2/lib/python3.10/site-packages/bt_task_manager_ros2/chassis_move.py to chassis_move.cpython-310.pyc
[0.913s] byte-compiling /home/rpp/rpp_ws/src/application/bt_task_manager_ros2/install/bt_task_manager_ros2/lib/python3.10/site-packages/bt_task_manager_ros2/get_grasp_pose.py to get_grasp_pose.cpython-310.pyc
[0.914s] byte-compiling /home/rpp/rpp_ws/src/application/bt_task_manager_ros2/install/bt_task_manager_ros2/lib/python3.10/site-packages/bt_task_manager_ros2/__init__.py to __init__.cpython-310.pyc
[0.914s] byte-compiling /home/rpp/rpp_ws/src/application/bt_task_manager_ros2/install/bt_task_manager_ros2/lib/python3.10/site-packages/bt_task_manager_ros2/moveit_arm.py to moveit_arm.cpython-310.pyc
[0.916s] byte-compiling /home/rpp/rpp_ws/src/application/bt_task_manager_ros2/install/bt_task_manager_ros2/lib/python3.10/site-packages/bt_task_manager_ros2/moveit_gripper.py to moveit_gripper.cpython-310.pyc
[0.917s] byte-compiling /home/rpp/rpp_ws/src/application/bt_task_manager_ros2/install/bt_task_manager_ros2/lib/python3.10/site-packages/bt_task_manager_ros2/navigation.py to navigation.cpython-310.pyc
[0.918s] byte-compiling /home/rpp/rpp_ws/src/application/bt_task_manager_ros2/install/bt_task_manager_ros2/lib/python3.10/site-packages/bt_task_manager_ros2/rb_decorators.py to rb_decorators.cpython-310.pyc
[0.918s] running install_data
[0.918s] copying package.xml -> /home/rpp/rpp_ws/src/application/bt_task_manager_ros2/install/bt_task_manager_ros2/share/bt_task_manager_ros2
[0.918s] creating /home/rpp/rpp_ws/src/application/bt_task_manager_ros2/install/bt_task_manager_ros2/share/ament_index
[0.918s] creating /home/rpp/rpp_ws/src/application/bt_task_manager_ros2/install/bt_task_manager_ros2/share/ament_index/resource_index
[0.918s] creating /home/rpp/rpp_ws/src/application/bt_task_manager_ros2/install/bt_task_manager_ros2/share/ament_index/resource_index/packages
[0.918s] copying resource/bt_task_manager_ros2 -> /home/rpp/rpp_ws/src/application/bt_task_manager_ros2/install/bt_task_manager_ros2/share/ament_index/resource_index/packages
[0.918s] creating /home/rpp/rpp_ws/src/application/bt_task_manager_ros2/install/bt_task_manager_ros2/share/bt_task_manager_ros2/launch
[0.918s] copying launch/aruco_detector_node.launch.py -> /home/rpp/rpp_ws/src/application/bt_task_manager_ros2/install/bt_task_manager_ros2/share/bt_task_manager_ros2/launch
[0.918s] copying launch/aruco_single.launch.py -> /home/rpp/rpp_ws/src/application/bt_task_manager_ros2/install/bt_task_manager_ros2/share/bt_task_manager_ros2/launch
[0.919s] copying launch/camera_calibration.launch.py -> /home/rpp/rpp_ws/src/application/bt_task_manager_ros2/install/bt_task_manager_ros2/share/bt_task_manager_ros2/launch
[0.919s] copying launch/controller_node.launch.py -> /home/rpp/rpp_ws/src/application/bt_task_manager_ros2/install/bt_task_manager_ros2/share/bt_task_manager_ros2/launch
[0.919s] copying launch/grasp_bringup.launch.py -> /home/rpp/rpp_ws/src/application/bt_task_manager_ros2/install/bt_task_manager_ros2/share/bt_task_manager_ros2/launch
[0.919s] copying launch/grasp_node.launch.py -> /home/rpp/rpp_ws/src/application/bt_task_manager_ros2/install/bt_task_manager_ros2/share/bt_task_manager_ros2/launch
[0.919s] copying launch/hand_eye_calibration.launch.py -> /home/rpp/rpp_ws/src/application/bt_task_manager_ros2/install/bt_task_manager_ros2/share/bt_task_manager_ros2/launch
[0.919s] copying launch/test.launch.py -> /home/rpp/rpp_ws/src/application/bt_task_manager_ros2/install/bt_task_manager_ros2/share/bt_task_manager_ros2/launch
[0.919s] creating /home/rpp/rpp_ws/src/application/bt_task_manager_ros2/install/bt_task_manager_ros2/share/bt_task_manager_ros2/config
[0.919s] copying config/aruco_detector_node.yaml -> /home/rpp/rpp_ws/src/application/bt_task_manager_ros2/install/bt_task_manager_ros2/share/bt_task_manager_ros2/config
[0.919s] copying config/camera_calibration.yaml -> /home/rpp/rpp_ws/src/application/bt_task_manager_ros2/install/bt_task_manager_ros2/share/bt_task_manager_ros2/config
[0.919s] copying config/camera.yaml -> /home/rpp/rpp_ws/src/application/bt_task_manager_ros2/install/bt_task_manager_ros2/share/bt_task_manager_ros2/config
[0.919s] copying config/controller_node.yaml -> /home/rpp/rpp_ws/src/application/bt_task_manager_ros2/install/bt_task_manager_ros2/share/bt_task_manager_ros2/config
[0.919s] copying config/grasp_node.yaml -> /home/rpp/rpp_ws/src/application/bt_task_manager_ros2/install/bt_task_manager_ros2/share/bt_task_manager_ros2/config
[0.919s] copying config/moveit_arm_configs.yaml -> /home/rpp/rpp_ws/src/application/bt_task_manager_ros2/install/bt_task_manager_ros2/share/bt_task_manager_ros2/config
[0.919s] copying config/moveit_gripper_configs.yaml -> /home/rpp/rpp_ws/src/application/bt_task_manager_ros2/install/bt_task_manager_ros2/share/bt_task_manager_ros2/config
[0.919s] copying config/task_grasp.yaml -> /home/rpp/rpp_ws/src/application/bt_task_manager_ros2/install/bt_task_manager_ros2/share/bt_task_manager_ros2/config
[0.919s] copying config/test.yaml -> /home/rpp/rpp_ws/src/application/bt_task_manager_ros2/install/bt_task_manager_ros2/share/bt_task_manager_ros2/config
[0.919s] running install_egg_info
[0.921s] Copying build/bt_task_manager_ros2/bt_task_manager_ros2.egg-info to /home/rpp/rpp_ws/src/application/bt_task_manager_ros2/install/bt_task_manager_ros2/lib/python3.10/site-packages/bt_task_manager_ros2-0.0.0-py3.10.egg-info
[0.921s] running install_scripts
[0.938s] Installing arm script to /home/rpp/rpp_ws/src/application/bt_task_manager_ros2/install/bt_task_manager_ros2/lib/bt_task_manager_ros2
[0.938s] Installing aruco_detector_node script to /home/rpp/rpp_ws/src/application/bt_task_manager_ros2/install/bt_task_manager_ros2/lib/bt_task_manager_ros2
[0.938s] Installing chassis script to /home/rpp/rpp_ws/src/application/bt_task_manager_ros2/install/bt_task_manager_ros2/lib/bt_task_manager_ros2
[0.938s] Installing controller_node script to /home/rpp/rpp_ws/src/application/bt_task_manager_ros2/install/bt_task_manager_ros2/lib/bt_task_manager_ros2
[0.939s] Installing grasp_node script to /home/rpp/rpp_ws/src/application/bt_task_manager_ros2/install/bt_task_manager_ros2/lib/bt_task_manager_ros2
[0.939s] Installing gripper script to /home/rpp/rpp_ws/src/application/bt_task_manager_ros2/install/bt_task_manager_ros2/lib/bt_task_manager_ros2
[0.939s] Installing navigation script to /home/rpp/rpp_ws/src/application/bt_task_manager_ros2/install/bt_task_manager_ros2/lib/bt_task_manager_ros2
[0.939s] Installing test script to /home/rpp/rpp_ws/src/application/bt_task_manager_ros2/install/bt_task_manager_ros2/lib/bt_task_manager_ros2
[0.939s] writing list of installed files to '/home/rpp/rpp_ws/src/application/bt_task_manager_ros2/build/bt_task_manager_ros2/install.log'
[0.955s] Invoked command in '/home/rpp/rpp_ws/src/application/bt_task_manager_ros2' returned '0': PYTHONPATH=/home/rpp/rpp_ws/src/application/bt_task_manager_ros2/build/bt_task_manager_ros2/prefix_override:/usr/lib/python3/dist-packages/colcon_core/task/python/colcon_distutils_commands:/home/rpp/rpp_ws/src/application/bt_task_manager_ros2/install/bt_task_manager_ros2/lib/python3.10/site-packages:${PYTHONPATH} /usr/bin/python3 -W ignore:setup.py install is deprecated -W ignore:easy_install command is deprecated setup.py egg_info --egg-base build/bt_task_manager_ros2 build --build-base /home/rpp/rpp_ws/src/application/bt_task_manager_ros2/build/bt_task_manager_ros2/build install --record /home/rpp/rpp_ws/src/application/bt_task_manager_ros2/build/bt_task_manager_ros2/install.log --single-version-externally-managed install_data
