1756261360.8929935 [INFO] [launch]: All log files can be found below /home/rpp/rpp_logs/2025-08-27-10-22-40-892314-rpp-Default-string-6153
1756261360.8930886 [INFO] [launch]: Default logging verbosity is set to INFO
1756261360.9292061 [INFO] [ros2_control_node-1]: process started with pid [6166]
1756261360.9293189 [INFO] [spawner-2]: process started with pid [6168]
1756261360.9293735 [INFO] [spawner-3]: process started with pid [6170]
1756261360.9294136 [INFO] [spawner-4]: process started with pid [6172]
1756261360.9294474 [INFO] [spawner-5]: process started with pid [6174]
1756261361.3183131 [ros2_control_node-1] [INFO] [1756261361.318017504] [controller_manager]: Subscribing to '~/robot_description' topic for robot description file.
1756261361.3192036 [ros2_control_node-1] [INFO] [1756261361.318928192] [controller_manager]: update rate is 100 Hz
1756261361.3193722 [ros2_control_node-1] [INFO] [1756261361.318946310] [controller_manager]: Spawning controller_manager RT thread with scheduler priority: 50
1756261361.3196006 [ros2_control_node-1] [WARN] [1756261361.319053989] [controller_manager]: No real-time kernel detected on this system. See [https://control.ros.org/master/doc/ros2_control/controller_manager/doc/userdoc.html] for details on how to enable realtime scheduling.
1756261361.3491740 [spawner-3] [INFO] [1756261361.348918736] [spawner_left_joint_trajectory_controller]: waiting for service /controller_manager/list_controllers to become available...
1756261361.3494542 [spawner-4] [INFO] [1756261361.348983737] [spawner_right_joint_trajectory_controller]: waiting for service /controller_manager/list_controllers to become available...
1756261361.3497496 [spawner-2] [INFO] [1756261361.349462248] [spawner_joint_state_broadcaster]: waiting for service /controller_manager/list_controllers to become available...
1756261361.3511264 [spawner-5] [INFO] [1756261361.351042267] [spawner_fault_controller]: waiting for service /controller_manager/list_controllers to become available...
1756261362.3025057 [ros2_control_node-1] [INFO] [1756261362.302257976] [controller_manager]: Received robot description file.
1756261362.3030121 [ros2_control_node-1] text not specified in the gripper_joint_name tag
1756261362.3032453 [ros2_control_node-1] text not specified in the gripper_joint_name tag
1756261362.3033195 [ros2_control_node-1] [INFO] [1756261362.303091995] [resource_manager]: Loading hardware 'left_KortexMultiInterfaceHardware' 
1756261362.3295283 [ros2_control_node-1] [INFO] [1756261362.329349829] [KortexMultiInterfaceHardware]: Setting severity threshold to DEBUG
1756261362.3296266 [ros2_control_node-1] [INFO] [1756261362.329389806] [resource_manager]: Initialize hardware 'left_KortexMultiInterfaceHardware' 
1756261362.3296599 [ros2_control_node-1] [INFO] [1756261362.329396677] [KortexMultiInterfaceHardware]: Configuring Hardware Interface
1756261362.3298273 [ros2_control_node-1] [INFO] [1756261362.329559037] [KortexMultiInterfaceHardware]: Robot ip is '192.168.11.60'
1756261362.3298645 [ros2_control_node-1] [INFO] [1756261362.329562290] [KortexMultiInterfaceHardware]: Username is 'admin'
1756261362.3298874 [ros2_control_node-1] [INFO] [1756261362.329567674] [KortexMultiInterfaceHardware]: Port used '10000'
1756261362.3299074 [ros2_control_node-1] [INFO] [1756261362.329569909] [KortexMultiInterfaceHardware]: Realtime port used '10001'
1756261362.3299253 [ros2_control_node-1] [INFO] [1756261362.329571824] [KortexMultiInterfaceHardware]: Session inactivity timeout is '60000'
1756261362.3299432 [ros2_control_node-1] [INFO] [1756261362.329573929] [KortexMultiInterfaceHardware]: Connection inactivity timeout is '2000'
1756261362.3299608 [ros2_control_node-1] [ERROR] [1756261362.329575857] [KortexMultiInterfaceHardware]: Gripper joint name is empty!
1756261362.3300300 [ros2_control_node-1] [INFO] [1756261362.329586647] [KortexMultiInterfaceHardware]: Connecting to robot at 192.168.11.60
1756261365.4280548 [ros2_control_node-1] [INFO] [1756261365.427819719] [KortexMultiInterfaceHardware]: Creating session for communication
1756261365.4282765 [ros2_control_node-1] [ERROR] [1756261365.427956945] [controller_manager]: The published robot description file (urdf) seems not to be genuine. The following error was caught:not connected !!!
1756261371.3608270 [spawner-3] [WARN] [1756261371.360643398] [spawner_left_joint_trajectory_controller]: Could not contact service /controller_manager/list_controllers
1756261371.3610926 [spawner-3] [INFO] [1756261371.360858686] [spawner_left_joint_trajectory_controller]: waiting for service /controller_manager/list_controllers to become available...
1756261371.3612170 [spawner-4] [WARN] [1756261371.360929888] [spawner_right_joint_trajectory_controller]: Could not contact service /controller_manager/list_controllers
1756261371.3614461 [spawner-4] [INFO] [1756261371.361305014] [spawner_right_joint_trajectory_controller]: waiting for service /controller_manager/list_controllers to become available...
1756261371.3620715 [spawner-2] [WARN] [1756261371.361970378] [spawner_joint_state_broadcaster]: Could not contact service /controller_manager/list_controllers
1756261371.3621998 [spawner-2] [INFO] [1756261371.362153013] [spawner_joint_state_broadcaster]: waiting for service /controller_manager/list_controllers to become available...
1756261371.3630052 [spawner-5] [WARN] [1756261371.362911305] [spawner_fault_controller]: Could not contact service /controller_manager/list_controllers
1756261371.3632181 [spawner-5] [INFO] [1756261371.363087396] [spawner_fault_controller]: waiting for service /controller_manager/list_controllers to become available...
1756261381.3736398 [spawner-3] [WARN] [1756261381.373287716] [spawner_left_joint_trajectory_controller]: Could not contact service /controller_manager/list_controllers
1756261381.3739262 [spawner-3] [INFO] [1756261381.373505562] [spawner_left_joint_trajectory_controller]: waiting for service /controller_manager/list_controllers to become available...
1756261381.3747463 [spawner-4] [WARN] [1756261381.374613432] [spawner_right_joint_trajectory_controller]: Could not contact service /controller_manager/list_controllers
1756261381.3748937 [spawner-4] [INFO] [1756261381.374840569] [spawner_right_joint_trajectory_controller]: waiting for service /controller_manager/list_controllers to become available...
1756261381.3756227 [spawner-5] [WARN] [1756261381.375542629] [spawner_fault_controller]: Could not contact service /controller_manager/list_controllers
1756261381.3757968 [spawner-5] [INFO] [1756261381.375744437] [spawner_fault_controller]: waiting for service /controller_manager/list_controllers to become available...
1756261381.3762777 [spawner-2] [WARN] [1756261381.376188259] [spawner_joint_state_broadcaster]: Could not contact service /controller_manager/list_controllers
1756261381.3765292 [spawner-2] [INFO] [1756261381.376483782] [spawner_joint_state_broadcaster]: waiting for service /controller_manager/list_controllers to become available...
1756261391.3861563 [spawner-3] [WARN] [1756261391.385954643] [spawner_left_joint_trajectory_controller]: Could not contact service /controller_manager/list_controllers
1756261391.3864121 [spawner-3] [INFO] [1756261391.386167552] [spawner_left_joint_trajectory_controller]: waiting for service /controller_manager/list_controllers to become available...
1756261391.3866429 [spawner-4] [WARN] [1756261391.386583114] [spawner_right_joint_trajectory_controller]: Could not contact service /controller_manager/list_controllers
1756261391.3868487 [spawner-4] [INFO] [1756261391.386800536] [spawner_right_joint_trajectory_controller]: waiting for service /controller_manager/list_controllers to become available...
1756261391.3880570 [spawner-5] [WARN] [1756261391.387954277] [spawner_fault_controller]: Could not contact service /controller_manager/list_controllers
1756261391.3883502 [spawner-5] [INFO] [1756261391.388271299] [spawner_fault_controller]: waiting for service /controller_manager/list_controllers to become available...
1756261391.3890526 [spawner-2] [WARN] [1756261391.388929411] [spawner_joint_state_broadcaster]: Could not contact service /controller_manager/list_controllers
1756261391.3893373 [spawner-2] [INFO] [1756261391.389259819] [spawner_joint_state_broadcaster]: waiting for service /controller_manager/list_controllers to become available...
1756261401.3982172 [spawner-3] [WARN] [1756261401.397988335] [spawner_left_joint_trajectory_controller]: Could not contact service /controller_manager/list_controllers
1756261401.3984840 [spawner-3] [INFO] [1756261401.398208814] [spawner_left_joint_trajectory_controller]: waiting for service /controller_manager/list_controllers to become available...
1756261401.3986604 [spawner-4] [WARN] [1756261401.398598724] [spawner_right_joint_trajectory_controller]: Could not contact service /controller_manager/list_controllers
1756261401.3988562 [spawner-4] [INFO] [1756261401.398810145] [spawner_right_joint_trajectory_controller]: waiting for service /controller_manager/list_controllers to become available...
1756261401.3998294 [spawner-5] [WARN] [1756261401.399771837] [spawner_fault_controller]: Could not contact service /controller_manager/list_controllers
1756261401.4000125 [spawner-5] [INFO] [1756261401.399971468] [spawner_fault_controller]: waiting for service /controller_manager/list_controllers to become available...
1756261401.4010606 [spawner-2] [WARN] [1756261401.400980994] [spawner_joint_state_broadcaster]: Could not contact service /controller_manager/list_controllers
1756261401.4012225 [spawner-2] [INFO] [1756261401.401177710] [spawner_joint_state_broadcaster]: waiting for service /controller_manager/list_controllers to become available...
