[0.380s] Invoking command in '/home/rpp/rpp_ws/build/wheeltec_mic_msg': CMAKE_PREFIX_PATH=${CMAKE_PREFIX_PATH}:/home/rpp/rpp_ws/install/setting_info:/home/rpp/rpp_ws/install/nav2_simple_commander:/home/rpp/rpp_ws/install/gui_control:/home/rpp/rpp_ws/install/graphic_display:/home/rpp/rpp_ws/install/linker_hand_ros2_sdk:/home/rpp/rpp_ws/install/bt_task_manager_ros2:/opt/ros/humble /usr/bin/cmake --build /home/rpp/rpp_ws/build/wheeltec_mic_msg -- -j24 -l24
[1.184s] [ 11%] Built target wheeltec_mic_msg__rosidl_generator_c
[1.184s] [ 12%] Built target wheeltec_mic_msg__cpp
[1.184s] [ 12%] Built target ament_cmake_python_symlink_wheeltec_mic_msg
[1.184s] [ 24%] Built target wheeltec_mic_msg__rosidl_typesupport_c
[1.184s] [ 35%] Built target wheeltec_mic_msg__rosidl_typesupport_introspection_c
[1.184s] [ 46%] Built target wheeltec_mic_msg__rosidl_typesupport_fastrtps_c
[1.184s] [ 67%] Built target wheeltec_mic_msg__rosidl_typesupport_introspection_cpp
[1.184s] [ 69%] Built target wheeltec_mic_msg__rosidl_typesupport_cpp
[1.184s] [ 81%] Built target wheeltec_mic_msg__rosidl_typesupport_fastrtps_cpp
[1.184s] [ 81%] Built target wheeltec_mic_msg
[1.184s] [ 82%] Built target wheeltec_mic_msg__py
[1.184s] [ 92%] Built target wheeltec_mic_msg__rosidl_generator_py
[1.184s] [ 94%] Built target wheeltec_mic_msg__rosidl_typesupport_c__pyext
[1.184s] [ 97%] Built target wheeltec_mic_msg__rosidl_typesupport_fastrtps_c__pyext
[1.184s] [100%] Built target wheeltec_mic_msg__rosidl_typesupport_introspection_c__pyext
[1.184s] running egg_info
[1.184s] writing wheeltec_mic_msg.egg-info/PKG-INFO
[1.184s] writing dependency_links to wheeltec_mic_msg.egg-info/dependency_links.txt
[1.184s] writing top-level names to wheeltec_mic_msg.egg-info/top_level.txt
[1.184s] reading manifest file 'wheeltec_mic_msg.egg-info/SOURCES.txt'
[1.184s] writing manifest file 'wheeltec_mic_msg.egg-info/SOURCES.txt'
[1.185s] [100%] Built target ament_cmake_python_build_wheeltec_mic_msg_egg
[1.237s] Invoked command in '/home/rpp/rpp_ws/build/wheeltec_mic_msg' returned '0': CMAKE_PREFIX_PATH=${CMAKE_PREFIX_PATH}:/home/rpp/rpp_ws/install/setting_info:/home/rpp/rpp_ws/install/nav2_simple_commander:/home/rpp/rpp_ws/install/gui_control:/home/rpp/rpp_ws/install/graphic_display:/home/rpp/rpp_ws/install/linker_hand_ros2_sdk:/home/rpp/rpp_ws/install/bt_task_manager_ros2:/opt/ros/humble /usr/bin/cmake --build /home/rpp/rpp_ws/build/wheeltec_mic_msg -- -j24 -l24
[1.239s] Invoking command in '/home/rpp/rpp_ws/build/wheeltec_mic_msg': CMAKE_PREFIX_PATH=${CMAKE_PREFIX_PATH}:/home/rpp/rpp_ws/install/setting_info:/home/rpp/rpp_ws/install/nav2_simple_commander:/home/rpp/rpp_ws/install/gui_control:/home/rpp/rpp_ws/install/graphic_display:/home/rpp/rpp_ws/install/linker_hand_ros2_sdk:/home/rpp/rpp_ws/install/bt_task_manager_ros2:/opt/ros/humble /usr/bin/cmake --install /home/rpp/rpp_ws/build/wheeltec_mic_msg
[1.411s] -- Install configuration: ""
[1.411s] -- Execute custom install script
[1.411s] -- Up-to-date symlink: /home/rpp/rpp_ws/install/wheeltec_mic_msg/share/ament_index/resource_index/rosidl_interfaces/wheeltec_mic_msg
[1.411s] -- Up-to-date symlink: /home/rpp/rpp_ws/install/wheeltec_mic_msg/include/wheeltec_mic_msg/wheeltec_mic_msg/msg/detail/pcm_msg__functions.h
[1.411s] -- Up-to-date symlink: /home/rpp/rpp_ws/install/wheeltec_mic_msg/include/wheeltec_mic_msg/wheeltec_mic_msg/msg/detail/pcm_msg__struct.h
[1.411s] -- Up-to-date symlink: /home/rpp/rpp_ws/install/wheeltec_mic_msg/include/wheeltec_mic_msg/wheeltec_mic_msg/msg/detail/pcm_msg__type_support.h
[1.411s] -- Up-to-date symlink: /home/rpp/rpp_ws/install/wheeltec_mic_msg/include/wheeltec_mic_msg/wheeltec_mic_msg/msg/detail/position__functions.h
[1.412s] -- Up-to-date symlink: /home/rpp/rpp_ws/install/wheeltec_mic_msg/include/wheeltec_mic_msg/wheeltec_mic_msg/msg/detail/position__struct.h
[1.412s] -- Up-to-date symlink: /home/rpp/rpp_ws/install/wheeltec_mic_msg/include/wheeltec_mic_msg/wheeltec_mic_msg/msg/detail/position__type_support.h
[1.412s] -- Up-to-date symlink: /home/rpp/rpp_ws/install/wheeltec_mic_msg/include/wheeltec_mic_msg/wheeltec_mic_msg/msg/pcm_msg.h
[1.412s] -- Up-to-date symlink: /home/rpp/rpp_ws/install/wheeltec_mic_msg/include/wheeltec_mic_msg/wheeltec_mic_msg/msg/position.h
[1.412s] -- Up-to-date symlink: /home/rpp/rpp_ws/install/wheeltec_mic_msg/include/wheeltec_mic_msg/wheeltec_mic_msg/msg/rosidl_generator_c__visibility_control.h
[1.412s] -- Up-to-date symlink: /home/rpp/rpp_ws/install/wheeltec_mic_msg/include/wheeltec_mic_msg/wheeltec_mic_msg/srv/detail/get_device_type__functions.h
[1.412s] -- Up-to-date symlink: /home/rpp/rpp_ws/install/wheeltec_mic_msg/include/wheeltec_mic_msg/wheeltec_mic_msg/srv/detail/get_device_type__struct.h
[1.412s] -- Up-to-date symlink: /home/rpp/rpp_ws/install/wheeltec_mic_msg/include/wheeltec_mic_msg/wheeltec_mic_msg/srv/detail/get_device_type__type_support.h
[1.412s] -- Up-to-date symlink: /home/rpp/rpp_ws/install/wheeltec_mic_msg/include/wheeltec_mic_msg/wheeltec_mic_msg/srv/detail/get_offline_result__functions.h
[1.412s] -- Up-to-date symlink: /home/rpp/rpp_ws/install/wheeltec_mic_msg/include/wheeltec_mic_msg/wheeltec_mic_msg/srv/detail/get_offline_result__struct.h
[1.412s] -- Up-to-date symlink: /home/rpp/rpp_ws/install/wheeltec_mic_msg/include/wheeltec_mic_msg/wheeltec_mic_msg/srv/detail/get_offline_result__type_support.h
[1.412s] -- Up-to-date symlink: /home/rpp/rpp_ws/install/wheeltec_mic_msg/include/wheeltec_mic_msg/wheeltec_mic_msg/srv/detail/set_awake_word__functions.h
[1.412s] -- Up-to-date symlink: /home/rpp/rpp_ws/install/wheeltec_mic_msg/include/wheeltec_mic_msg/wheeltec_mic_msg/srv/detail/set_awake_word__struct.h
[1.413s] -- Up-to-date symlink: /home/rpp/rpp_ws/install/wheeltec_mic_msg/include/wheeltec_mic_msg/wheeltec_mic_msg/srv/detail/set_awake_word__type_support.h
[1.413s] -- Up-to-date symlink: /home/rpp/rpp_ws/install/wheeltec_mic_msg/include/wheeltec_mic_msg/wheeltec_mic_msg/srv/detail/set_major_mic__functions.h
[1.413s] -- Up-to-date symlink: /home/rpp/rpp_ws/install/wheeltec_mic_msg/include/wheeltec_mic_msg/wheeltec_mic_msg/srv/detail/set_major_mic__struct.h
[1.413s] -- Up-to-date symlink: /home/rpp/rpp_ws/install/wheeltec_mic_msg/include/wheeltec_mic_msg/wheeltec_mic_msg/srv/detail/set_major_mic__type_support.h
[1.413s] -- Up-to-date symlink: /home/rpp/rpp_ws/install/wheeltec_mic_msg/include/wheeltec_mic_msg/wheeltec_mic_msg/srv/detail/switch_mic__functions.h
[1.413s] -- Up-to-date symlink: /home/rpp/rpp_ws/install/wheeltec_mic_msg/include/wheeltec_mic_msg/wheeltec_mic_msg/srv/detail/switch_mic__struct.h
[1.413s] -- Up-to-date symlink: /home/rpp/rpp_ws/install/wheeltec_mic_msg/include/wheeltec_mic_msg/wheeltec_mic_msg/srv/detail/switch_mic__type_support.h
[1.413s] -- Up-to-date symlink: /home/rpp/rpp_ws/install/wheeltec_mic_msg/include/wheeltec_mic_msg/wheeltec_mic_msg/srv/get_device_type.h
[1.413s] -- Up-to-date symlink: /home/rpp/rpp_ws/install/wheeltec_mic_msg/include/wheeltec_mic_msg/wheeltec_mic_msg/srv/get_offline_result.h
[1.413s] -- Up-to-date symlink: /home/rpp/rpp_ws/install/wheeltec_mic_msg/include/wheeltec_mic_msg/wheeltec_mic_msg/srv/set_awake_word.h
[1.414s] -- Up-to-date symlink: /home/rpp/rpp_ws/install/wheeltec_mic_msg/include/wheeltec_mic_msg/wheeltec_mic_msg/srv/set_major_mic.h
[1.414s] -- Up-to-date symlink: /home/rpp/rpp_ws/install/wheeltec_mic_msg/include/wheeltec_mic_msg/wheeltec_mic_msg/srv/switch_mic.h
[1.414s] -- Up-to-date symlink: /home/rpp/rpp_ws/install/wheeltec_mic_msg/share/wheeltec_mic_msg/environment/library_path.sh
[1.414s] -- Up-to-date symlink: /home/rpp/rpp_ws/install/wheeltec_mic_msg/share/wheeltec_mic_msg/environment/library_path.dsv
[1.414s] -- Up-to-date symlink: /home/rpp/rpp_ws/install/wheeltec_mic_msg/include/wheeltec_mic_msg/wheeltec_mic_msg/msg/detail/pcm_msg__rosidl_typesupport_fastrtps_c.h
[1.414s] -- Up-to-date symlink: /home/rpp/rpp_ws/install/wheeltec_mic_msg/include/wheeltec_mic_msg/wheeltec_mic_msg/msg/detail/position__rosidl_typesupport_fastrtps_c.h
[1.414s] -- Up-to-date symlink: /home/rpp/rpp_ws/install/wheeltec_mic_msg/include/wheeltec_mic_msg/wheeltec_mic_msg/msg/rosidl_typesupport_fastrtps_c__visibility_control.h
[1.415s] -- Up-to-date symlink: /home/rpp/rpp_ws/install/wheeltec_mic_msg/include/wheeltec_mic_msg/wheeltec_mic_msg/srv/detail/get_device_type__rosidl_typesupport_fastrtps_c.h
[1.415s] -- Up-to-date symlink: /home/rpp/rpp_ws/install/wheeltec_mic_msg/include/wheeltec_mic_msg/wheeltec_mic_msg/srv/detail/get_offline_result__rosidl_typesupport_fastrtps_c.h
[1.416s] -- Up-to-date symlink: /home/rpp/rpp_ws/install/wheeltec_mic_msg/include/wheeltec_mic_msg/wheeltec_mic_msg/srv/detail/set_awake_word__rosidl_typesupport_fastrtps_c.h
[1.417s] -- Up-to-date symlink: /home/rpp/rpp_ws/install/wheeltec_mic_msg/include/wheeltec_mic_msg/wheeltec_mic_msg/srv/detail/set_major_mic__rosidl_typesupport_fastrtps_c.h
[1.417s] -- Up-to-date symlink: /home/rpp/rpp_ws/install/wheeltec_mic_msg/include/wheeltec_mic_msg/wheeltec_mic_msg/srv/detail/switch_mic__rosidl_typesupport_fastrtps_c.h
[1.418s] -- Up-to-date symlink: /home/rpp/rpp_ws/install/wheeltec_mic_msg/include/wheeltec_mic_msg/wheeltec_mic_msg/msg/detail/pcm_msg__builder.hpp
[1.418s] -- Up-to-date symlink: /home/rpp/rpp_ws/install/wheeltec_mic_msg/include/wheeltec_mic_msg/wheeltec_mic_msg/msg/detail/pcm_msg__struct.hpp
[1.418s] -- Up-to-date symlink: /home/rpp/rpp_ws/install/wheeltec_mic_msg/include/wheeltec_mic_msg/wheeltec_mic_msg/msg/detail/pcm_msg__traits.hpp
[1.418s] -- Up-to-date symlink: /home/rpp/rpp_ws/install/wheeltec_mic_msg/include/wheeltec_mic_msg/wheeltec_mic_msg/msg/detail/pcm_msg__type_support.hpp
[1.425s] -- Up-to-date symlink: /home/rpp/rpp_ws/install/wheeltec_mic_msg/include/wheeltec_mic_msg/wheeltec_mic_msg/msg/detail/position__builder.hpp
[1.426s] -- Up-to-date symlink: /home/rpp/rpp_ws/install/wheeltec_mic_msg/include/wheeltec_mic_msg/wheeltec_mic_msg/msg/detail/position__struct.hpp
[1.427s] -- Up-to-date symlink: /home/rpp/rpp_ws/install/wheeltec_mic_msg/include/wheeltec_mic_msg/wheeltec_mic_msg/msg/detail/position__traits.hpp
[1.440s] -- Up-to-date symlink: /home/rpp/rpp_ws/install/wheeltec_mic_msg/include/wheeltec_mic_msg/wheeltec_mic_msg/msg/detail/position__type_support.hpp
[1.440s] -- Up-to-date symlink: /home/rpp/rpp_ws/install/wheeltec_mic_msg/include/wheeltec_mic_msg/wheeltec_mic_msg/msg/pcm_msg.hpp
[1.440s] -- Up-to-date symlink: /home/rpp/rpp_ws/install/wheeltec_mic_msg/include/wheeltec_mic_msg/wheeltec_mic_msg/msg/position.hpp
[1.440s] -- Up-to-date symlink: /home/rpp/rpp_ws/install/wheeltec_mic_msg/include/wheeltec_mic_msg/wheeltec_mic_msg/msg/rosidl_generator_cpp__visibility_control.hpp
[1.440s] -- Up-to-date symlink: /home/rpp/rpp_ws/install/wheeltec_mic_msg/include/wheeltec_mic_msg/wheeltec_mic_msg/srv/detail/get_device_type__builder.hpp
[1.441s] -- Up-to-date symlink: /home/rpp/rpp_ws/install/wheeltec_mic_msg/include/wheeltec_mic_msg/wheeltec_mic_msg/srv/detail/get_device_type__struct.hpp
[1.441s] -- Up-to-date symlink: /home/rpp/rpp_ws/install/wheeltec_mic_msg/include/wheeltec_mic_msg/wheeltec_mic_msg/srv/detail/get_device_type__traits.hpp
[1.453s] -- Up-to-date symlink: /home/rpp/rpp_ws/install/wheeltec_mic_msg/include/wheeltec_mic_msg/wheeltec_mic_msg/srv/detail/get_device_type__type_support.hpp
[1.453s] -- Up-to-date symlink: /home/rpp/rpp_ws/install/wheeltec_mic_msg/include/wheeltec_mic_msg/wheeltec_mic_msg/srv/detail/get_offline_result__builder.hpp
[1.453s] -- Up-to-date symlink: /home/rpp/rpp_ws/install/wheeltec_mic_msg/include/wheeltec_mic_msg/wheeltec_mic_msg/srv/detail/get_offline_result__struct.hpp
[1.453s] -- Up-to-date symlink: /home/rpp/rpp_ws/install/wheeltec_mic_msg/include/wheeltec_mic_msg/wheeltec_mic_msg/srv/detail/get_offline_result__traits.hpp
[1.453s] -- Up-to-date symlink: /home/rpp/rpp_ws/install/wheeltec_mic_msg/include/wheeltec_mic_msg/wheeltec_mic_msg/srv/detail/get_offline_result__type_support.hpp
[1.456s] -- Up-to-date symlink: /home/rpp/rpp_ws/install/wheeltec_mic_msg/include/wheeltec_mic_msg/wheeltec_mic_msg/srv/detail/set_awake_word__builder.hpp
[1.456s] -- Up-to-date symlink: /home/rpp/rpp_ws/install/wheeltec_mic_msg/include/wheeltec_mic_msg/wheeltec_mic_msg/srv/detail/set_awake_word__struct.hpp
[1.456s] -- Up-to-date symlink: /home/rpp/rpp_ws/install/wheeltec_mic_msg/include/wheeltec_mic_msg/wheeltec_mic_msg/srv/detail/set_awake_word__traits.hpp
[1.460s] -- Up-to-date symlink: /home/rpp/rpp_ws/install/wheeltec_mic_msg/include/wheeltec_mic_msg/wheeltec_mic_msg/srv/detail/set_awake_word__type_support.hpp
[1.460s] -- Up-to-date symlink: /home/rpp/rpp_ws/install/wheeltec_mic_msg/include/wheeltec_mic_msg/wheeltec_mic_msg/srv/detail/set_major_mic__builder.hpp
[1.460s] -- Up-to-date symlink: /home/rpp/rpp_ws/install/wheeltec_mic_msg/include/wheeltec_mic_msg/wheeltec_mic_msg/srv/detail/set_major_mic__struct.hpp
[1.460s] -- Up-to-date symlink: /home/rpp/rpp_ws/install/wheeltec_mic_msg/include/wheeltec_mic_msg/wheeltec_mic_msg/srv/detail/set_major_mic__traits.hpp
[1.461s] -- Up-to-date symlink: /home/rpp/rpp_ws/install/wheeltec_mic_msg/include/wheeltec_mic_msg/wheeltec_mic_msg/srv/detail/set_major_mic__type_support.hpp
[1.461s] -- Up-to-date symlink: /home/rpp/rpp_ws/install/wheeltec_mic_msg/include/wheeltec_mic_msg/wheeltec_mic_msg/srv/detail/switch_mic__builder.hpp
[1.461s] -- Up-to-date symlink: /home/rpp/rpp_ws/install/wheeltec_mic_msg/include/wheeltec_mic_msg/wheeltec_mic_msg/srv/detail/switch_mic__struct.hpp
[1.461s] -- Up-to-date symlink: /home/rpp/rpp_ws/install/wheeltec_mic_msg/include/wheeltec_mic_msg/wheeltec_mic_msg/srv/detail/switch_mic__traits.hpp
[1.461s] -- Up-to-date symlink: /home/rpp/rpp_ws/install/wheeltec_mic_msg/include/wheeltec_mic_msg/wheeltec_mic_msg/srv/detail/switch_mic__type_support.hpp
[1.463s] -- Up-to-date symlink: /home/rpp/rpp_ws/install/wheeltec_mic_msg/include/wheeltec_mic_msg/wheeltec_mic_msg/srv/get_device_type.hpp
[1.477s] -- Up-to-date symlink: /home/rpp/rpp_ws/install/wheeltec_mic_msg/include/wheeltec_mic_msg/wheeltec_mic_msg/srv/get_offline_result.hpp
[1.478s] -- Up-to-date symlink: /home/rpp/rpp_ws/install/wheeltec_mic_msg/include/wheeltec_mic_msg/wheeltec_mic_msg/srv/set_awake_word.hpp
[1.478s] -- Up-to-date symlink: /home/rpp/rpp_ws/install/wheeltec_mic_msg/include/wheeltec_mic_msg/wheeltec_mic_msg/srv/set_major_mic.hpp
[1.478s] -- Up-to-date symlink: /home/rpp/rpp_ws/install/wheeltec_mic_msg/include/wheeltec_mic_msg/wheeltec_mic_msg/srv/switch_mic.hpp
[1.478s] -- Up-to-date symlink: /home/rpp/rpp_ws/install/wheeltec_mic_msg/include/wheeltec_mic_msg/wheeltec_mic_msg/msg/detail/pcm_msg__rosidl_typesupport_fastrtps_cpp.hpp
[1.478s] -- Up-to-date symlink: /home/rpp/rpp_ws/install/wheeltec_mic_msg/include/wheeltec_mic_msg/wheeltec_mic_msg/msg/detail/position__rosidl_typesupport_fastrtps_cpp.hpp
[1.478s] -- Up-to-date symlink: /home/rpp/rpp_ws/install/wheeltec_mic_msg/include/wheeltec_mic_msg/wheeltec_mic_msg/msg/rosidl_typesupport_fastrtps_cpp__visibility_control.h
[1.478s] -- Up-to-date symlink: /home/rpp/rpp_ws/install/wheeltec_mic_msg/include/wheeltec_mic_msg/wheeltec_mic_msg/srv/detail/get_device_type__rosidl_typesupport_fastrtps_cpp.hpp
[1.478s] -- Up-to-date symlink: /home/rpp/rpp_ws/install/wheeltec_mic_msg/include/wheeltec_mic_msg/wheeltec_mic_msg/srv/detail/get_offline_result__rosidl_typesupport_fastrtps_cpp.hpp
[1.479s] -- Up-to-date symlink: /home/rpp/rpp_ws/install/wheeltec_mic_msg/include/wheeltec_mic_msg/wheeltec_mic_msg/srv/detail/set_awake_word__rosidl_typesupport_fastrtps_cpp.hpp
[1.479s] -- Up-to-date symlink: /home/rpp/rpp_ws/install/wheeltec_mic_msg/include/wheeltec_mic_msg/wheeltec_mic_msg/srv/detail/set_major_mic__rosidl_typesupport_fastrtps_cpp.hpp
[1.479s] -- Up-to-date symlink: /home/rpp/rpp_ws/install/wheeltec_mic_msg/include/wheeltec_mic_msg/wheeltec_mic_msg/srv/detail/switch_mic__rosidl_typesupport_fastrtps_cpp.hpp
[1.479s] -- Up-to-date symlink: /home/rpp/rpp_ws/install/wheeltec_mic_msg/include/wheeltec_mic_msg/wheeltec_mic_msg/msg/detail/pcm_msg__rosidl_typesupport_introspection_c.h
[1.479s] -- Up-to-date symlink: /home/rpp/rpp_ws/install/wheeltec_mic_msg/include/wheeltec_mic_msg/wheeltec_mic_msg/msg/detail/position__rosidl_typesupport_introspection_c.h
[1.479s] -- Up-to-date symlink: /home/rpp/rpp_ws/install/wheeltec_mic_msg/include/wheeltec_mic_msg/wheeltec_mic_msg/msg/rosidl_typesupport_introspection_c__visibility_control.h
[1.480s] -- Up-to-date symlink: /home/rpp/rpp_ws/install/wheeltec_mic_msg/include/wheeltec_mic_msg/wheeltec_mic_msg/srv/detail/get_device_type__rosidl_typesupport_introspection_c.h
[1.480s] -- Up-to-date symlink: /home/rpp/rpp_ws/install/wheeltec_mic_msg/include/wheeltec_mic_msg/wheeltec_mic_msg/srv/detail/get_offline_result__rosidl_typesupport_introspection_c.h
[1.480s] -- Up-to-date symlink: /home/rpp/rpp_ws/install/wheeltec_mic_msg/include/wheeltec_mic_msg/wheeltec_mic_msg/srv/detail/set_awake_word__rosidl_typesupport_introspection_c.h
[1.480s] -- Up-to-date symlink: /home/rpp/rpp_ws/install/wheeltec_mic_msg/include/wheeltec_mic_msg/wheeltec_mic_msg/srv/detail/set_major_mic__rosidl_typesupport_introspection_c.h
[1.480s] -- Up-to-date symlink: /home/rpp/rpp_ws/install/wheeltec_mic_msg/include/wheeltec_mic_msg/wheeltec_mic_msg/srv/detail/switch_mic__rosidl_typesupport_introspection_c.h
[1.480s] -- Up-to-date symlink: /home/rpp/rpp_ws/install/wheeltec_mic_msg/include/wheeltec_mic_msg/wheeltec_mic_msg/msg/detail/pcm_msg__rosidl_typesupport_introspection_cpp.hpp
[1.481s] -- Up-to-date symlink: /home/rpp/rpp_ws/install/wheeltec_mic_msg/include/wheeltec_mic_msg/wheeltec_mic_msg/msg/detail/position__rosidl_typesupport_introspection_cpp.hpp
[1.481s] -- Up-to-date symlink: /home/rpp/rpp_ws/install/wheeltec_mic_msg/include/wheeltec_mic_msg/wheeltec_mic_msg/srv/detail/get_device_type__rosidl_typesupport_introspection_cpp.hpp
[1.481s] -- Up-to-date symlink: /home/rpp/rpp_ws/install/wheeltec_mic_msg/include/wheeltec_mic_msg/wheeltec_mic_msg/srv/detail/get_offline_result__rosidl_typesupport_introspection_cpp.hpp
[1.481s] -- Up-to-date symlink: /home/rpp/rpp_ws/install/wheeltec_mic_msg/include/wheeltec_mic_msg/wheeltec_mic_msg/srv/detail/set_awake_word__rosidl_typesupport_introspection_cpp.hpp
[1.481s] -- Up-to-date symlink: /home/rpp/rpp_ws/install/wheeltec_mic_msg/include/wheeltec_mic_msg/wheeltec_mic_msg/srv/detail/set_major_mic__rosidl_typesupport_introspection_cpp.hpp
[1.481s] -- Up-to-date symlink: /home/rpp/rpp_ws/install/wheeltec_mic_msg/include/wheeltec_mic_msg/wheeltec_mic_msg/srv/detail/switch_mic__rosidl_typesupport_introspection_cpp.hpp
[1.481s] -- Up-to-date symlink: /home/rpp/rpp_ws/install/wheeltec_mic_msg/share/wheeltec_mic_msg/environment/pythonpath.sh
[1.481s] -- Up-to-date symlink: /home/rpp/rpp_ws/install/wheeltec_mic_msg/share/wheeltec_mic_msg/environment/pythonpath.dsv
[1.482s] -- Up-to-date symlink: /home/rpp/rpp_ws/install/wheeltec_mic_msg/local/lib/python3.10/dist-packages/wheeltec_mic_msg-0.0.0-py3.10.egg-info/PKG-INFO
[1.482s] -- Up-to-date symlink: /home/rpp/rpp_ws/install/wheeltec_mic_msg/local/lib/python3.10/dist-packages/wheeltec_mic_msg-0.0.0-py3.10.egg-info/SOURCES.txt
[1.482s] -- Up-to-date symlink: /home/rpp/rpp_ws/install/wheeltec_mic_msg/local/lib/python3.10/dist-packages/wheeltec_mic_msg-0.0.0-py3.10.egg-info/dependency_links.txt
[1.482s] -- Up-to-date symlink: /home/rpp/rpp_ws/install/wheeltec_mic_msg/local/lib/python3.10/dist-packages/wheeltec_mic_msg-0.0.0-py3.10.egg-info/top_level.txt
[1.483s] -- Up-to-date symlink: /home/rpp/rpp_ws/install/wheeltec_mic_msg/local/lib/python3.10/dist-packages/wheeltec_mic_msg/__init__.py
[1.483s] -- Up-to-date symlink: /home/rpp/rpp_ws/install/wheeltec_mic_msg/local/lib/python3.10/dist-packages/wheeltec_mic_msg/_wheeltec_mic_msg_s.ep.rosidl_typesupport_c.c
[1.483s] -- Up-to-date symlink: /home/rpp/rpp_ws/install/wheeltec_mic_msg/local/lib/python3.10/dist-packages/wheeltec_mic_msg/_wheeltec_mic_msg_s.ep.rosidl_typesupport_fastrtps_c.c
[1.483s] -- Up-to-date symlink: /home/rpp/rpp_ws/install/wheeltec_mic_msg/local/lib/python3.10/dist-packages/wheeltec_mic_msg/_wheeltec_mic_msg_s.ep.rosidl_typesupport_introspection_c.c
[1.483s] -- Up-to-date symlink: /home/rpp/rpp_ws/install/wheeltec_mic_msg/local/lib/python3.10/dist-packages/wheeltec_mic_msg/libwheeltec_mic_msg__rosidl_generator_py.so
[1.483s] -- Up-to-date symlink: /home/rpp/rpp_ws/install/wheeltec_mic_msg/local/lib/python3.10/dist-packages/wheeltec_mic_msg/msg/__init__.py
[1.483s] -- Up-to-date symlink: /home/rpp/rpp_ws/install/wheeltec_mic_msg/local/lib/python3.10/dist-packages/wheeltec_mic_msg/msg/_pcm_msg.py
[1.484s] -- Up-to-date symlink: /home/rpp/rpp_ws/install/wheeltec_mic_msg/local/lib/python3.10/dist-packages/wheeltec_mic_msg/msg/_pcm_msg_s.c
[1.484s] -- Up-to-date symlink: /home/rpp/rpp_ws/install/wheeltec_mic_msg/local/lib/python3.10/dist-packages/wheeltec_mic_msg/msg/_position.py
[1.484s] -- Up-to-date symlink: /home/rpp/rpp_ws/install/wheeltec_mic_msg/local/lib/python3.10/dist-packages/wheeltec_mic_msg/msg/_position_s.c
[1.484s] -- Up-to-date symlink: /home/rpp/rpp_ws/install/wheeltec_mic_msg/local/lib/python3.10/dist-packages/wheeltec_mic_msg/srv/__init__.py
[1.484s] -- Up-to-date symlink: /home/rpp/rpp_ws/install/wheeltec_mic_msg/local/lib/python3.10/dist-packages/wheeltec_mic_msg/srv/_get_device_type.py
[1.484s] -- Up-to-date symlink: /home/rpp/rpp_ws/install/wheeltec_mic_msg/local/lib/python3.10/dist-packages/wheeltec_mic_msg/srv/_get_device_type_s.c
[1.484s] -- Up-to-date symlink: /home/rpp/rpp_ws/install/wheeltec_mic_msg/local/lib/python3.10/dist-packages/wheeltec_mic_msg/srv/_get_offline_result.py
[1.484s] -- Up-to-date symlink: /home/rpp/rpp_ws/install/wheeltec_mic_msg/local/lib/python3.10/dist-packages/wheeltec_mic_msg/srv/_get_offline_result_s.c
[1.484s] -- Up-to-date symlink: /home/rpp/rpp_ws/install/wheeltec_mic_msg/local/lib/python3.10/dist-packages/wheeltec_mic_msg/srv/_set_awake_word.py
[1.484s] -- Up-to-date symlink: /home/rpp/rpp_ws/install/wheeltec_mic_msg/local/lib/python3.10/dist-packages/wheeltec_mic_msg/srv/_set_awake_word_s.c
[1.484s] -- Up-to-date symlink: /home/rpp/rpp_ws/install/wheeltec_mic_msg/local/lib/python3.10/dist-packages/wheeltec_mic_msg/srv/_set_major_mic.py
[1.484s] -- Up-to-date symlink: /home/rpp/rpp_ws/install/wheeltec_mic_msg/local/lib/python3.10/dist-packages/wheeltec_mic_msg/srv/_set_major_mic_s.c
[1.484s] -- Up-to-date symlink: /home/rpp/rpp_ws/install/wheeltec_mic_msg/local/lib/python3.10/dist-packages/wheeltec_mic_msg/srv/_switch_mic.py
[1.485s] -- Up-to-date symlink: /home/rpp/rpp_ws/install/wheeltec_mic_msg/local/lib/python3.10/dist-packages/wheeltec_mic_msg/srv/_switch_mic_s.c
[1.485s] -- Up-to-date symlink: /home/rpp/rpp_ws/install/wheeltec_mic_msg/local/lib/python3.10/dist-packages/wheeltec_mic_msg/wheeltec_mic_msg_s__rosidl_typesupport_c.cpython-310-x86_64-linux-gnu.so
[1.485s] -- Up-to-date symlink: /home/rpp/rpp_ws/install/wheeltec_mic_msg/local/lib/python3.10/dist-packages/wheeltec_mic_msg/wheeltec_mic_msg_s__rosidl_typesupport_fastrtps_c.cpython-310-x86_64-linux-gnu.so
[1.485s] -- Up-to-date symlink: /home/rpp/rpp_ws/install/wheeltec_mic_msg/local/lib/python3.10/dist-packages/wheeltec_mic_msg/wheeltec_mic_msg_s__rosidl_typesupport_introspection_c.cpython-310-x86_64-linux-gnu.so
[1.485s] -- Up-to-date symlink: /home/rpp/rpp_ws/install/wheeltec_mic_msg/local/lib/python3.10/dist-packages/wheeltec_mic_msg/wheeltec_mic_msg_s__rosidl_typesupport_fastrtps_c.cpython-310-x86_64-linux-gnu.so
[1.485s] -- Up-to-date symlink: /home/rpp/rpp_ws/install/wheeltec_mic_msg/local/lib/python3.10/dist-packages/wheeltec_mic_msg/wheeltec_mic_msg_s__rosidl_typesupport_introspection_c.cpython-310-x86_64-linux-gnu.so
[1.485s] -- Up-to-date symlink: /home/rpp/rpp_ws/install/wheeltec_mic_msg/local/lib/python3.10/dist-packages/wheeltec_mic_msg/wheeltec_mic_msg_s__rosidl_typesupport_c.cpython-310-x86_64-linux-gnu.so
[1.485s] -- Up-to-date symlink: /home/rpp/rpp_ws/install/wheeltec_mic_msg/share/wheeltec_mic_msg/msg/PcmMsg.idl
[1.486s] -- Up-to-date symlink: /home/rpp/rpp_ws/install/wheeltec_mic_msg/share/wheeltec_mic_msg/msg/Position.idl
[1.486s] -- Up-to-date symlink: /home/rpp/rpp_ws/install/wheeltec_mic_msg/share/wheeltec_mic_msg/srv/GetDeviceType.idl
[1.486s] -- Up-to-date symlink: /home/rpp/rpp_ws/install/wheeltec_mic_msg/share/wheeltec_mic_msg/srv/GetOfflineResult.idl
[1.486s] -- Up-to-date symlink: /home/rpp/rpp_ws/install/wheeltec_mic_msg/share/wheeltec_mic_msg/srv/SetAwakeWord.idl
[1.486s] -- Up-to-date symlink: /home/rpp/rpp_ws/install/wheeltec_mic_msg/share/wheeltec_mic_msg/srv/SetMajorMic.idl
[1.486s] -- Up-to-date symlink: /home/rpp/rpp_ws/install/wheeltec_mic_msg/share/wheeltec_mic_msg/srv/SwitchMic.idl
[1.486s] -- Up-to-date symlink: /home/rpp/rpp_ws/install/wheeltec_mic_msg/share/wheeltec_mic_msg/msg/PcmMsg.msg
[1.486s] -- Up-to-date symlink: /home/rpp/rpp_ws/install/wheeltec_mic_msg/share/wheeltec_mic_msg/msg/Position.msg
[1.487s] -- Up-to-date symlink: /home/rpp/rpp_ws/install/wheeltec_mic_msg/share/wheeltec_mic_msg/srv/GetDeviceType.srv
[1.487s] -- Up-to-date symlink: /home/rpp/rpp_ws/install/wheeltec_mic_msg/share/wheeltec_mic_msg/srv/GetDeviceType_Request.msg
[1.487s] -- Up-to-date symlink: /home/rpp/rpp_ws/install/wheeltec_mic_msg/share/wheeltec_mic_msg/srv/GetDeviceType_Response.msg
[1.487s] -- Up-to-date symlink: /home/rpp/rpp_ws/install/wheeltec_mic_msg/share/wheeltec_mic_msg/srv/GetOfflineResult.srv
[1.487s] -- Up-to-date symlink: /home/rpp/rpp_ws/install/wheeltec_mic_msg/share/wheeltec_mic_msg/srv/GetOfflineResult_Request.msg
[1.487s] -- Up-to-date symlink: /home/rpp/rpp_ws/install/wheeltec_mic_msg/share/wheeltec_mic_msg/srv/GetOfflineResult_Response.msg
[1.487s] -- Up-to-date symlink: /home/rpp/rpp_ws/install/wheeltec_mic_msg/share/wheeltec_mic_msg/srv/SetAwakeWord.srv
[1.487s] -- Up-to-date symlink: /home/rpp/rpp_ws/install/wheeltec_mic_msg/share/wheeltec_mic_msg/srv/SetAwakeWord_Request.msg
[1.487s] -- Up-to-date symlink: /home/rpp/rpp_ws/install/wheeltec_mic_msg/share/wheeltec_mic_msg/srv/SetAwakeWord_Response.msg
[1.487s] -- Up-to-date symlink: /home/rpp/rpp_ws/install/wheeltec_mic_msg/share/wheeltec_mic_msg/srv/SetMajorMic.srv
[1.487s] -- Up-to-date symlink: /home/rpp/rpp_ws/install/wheeltec_mic_msg/share/wheeltec_mic_msg/srv/SetMajorMic_Request.msg
[1.487s] -- Up-to-date symlink: /home/rpp/rpp_ws/install/wheeltec_mic_msg/share/wheeltec_mic_msg/srv/SetMajorMic_Response.msg
[1.487s] -- Up-to-date symlink: /home/rpp/rpp_ws/install/wheeltec_mic_msg/share/wheeltec_mic_msg/srv/SwitchMic.srv
[1.487s] -- Up-to-date symlink: /home/rpp/rpp_ws/install/wheeltec_mic_msg/share/wheeltec_mic_msg/srv/SwitchMic_Request.msg
[1.487s] -- Up-to-date symlink: /home/rpp/rpp_ws/install/wheeltec_mic_msg/share/wheeltec_mic_msg/srv/SwitchMic_Response.msg
[1.487s] -- Up-to-date symlink: /home/rpp/rpp_ws/install/wheeltec_mic_msg/share/ament_index/resource_index/package_run_dependencies/wheeltec_mic_msg
[1.487s] -- Up-to-date symlink: /home/rpp/rpp_ws/install/wheeltec_mic_msg/share/ament_index/resource_index/parent_prefix_path/wheeltec_mic_msg
[1.487s] -- Up-to-date symlink: /home/rpp/rpp_ws/install/wheeltec_mic_msg/share/wheeltec_mic_msg/environment/ament_prefix_path.sh
[1.488s] -- Up-to-date symlink: /home/rpp/rpp_ws/install/wheeltec_mic_msg/share/wheeltec_mic_msg/environment/ament_prefix_path.dsv
[1.488s] -- Up-to-date symlink: /home/rpp/rpp_ws/install/wheeltec_mic_msg/share/wheeltec_mic_msg/environment/path.sh
[1.488s] -- Up-to-date symlink: /home/rpp/rpp_ws/install/wheeltec_mic_msg/share/wheeltec_mic_msg/environment/path.dsv
[1.488s] -- Up-to-date symlink: /home/rpp/rpp_ws/install/wheeltec_mic_msg/share/wheeltec_mic_msg/local_setup.bash
[1.488s] -- Up-to-date symlink: /home/rpp/rpp_ws/install/wheeltec_mic_msg/share/wheeltec_mic_msg/local_setup.sh
[1.488s] -- Up-to-date symlink: /home/rpp/rpp_ws/install/wheeltec_mic_msg/share/wheeltec_mic_msg/local_setup.zsh
[1.488s] -- Up-to-date symlink: /home/rpp/rpp_ws/install/wheeltec_mic_msg/share/wheeltec_mic_msg/local_setup.dsv
[1.488s] -- Symlinking: /home/rpp/rpp_ws/install/wheeltec_mic_msg/share/wheeltec_mic_msg/package.dsv
[1.488s] -- Up-to-date symlink: /home/rpp/rpp_ws/install/wheeltec_mic_msg/share/ament_index/resource_index/packages/wheeltec_mic_msg
[1.488s] -- Up-to-date symlink: /home/rpp/rpp_ws/install/wheeltec_mic_msg/share/wheeltec_mic_msg/cmake/rosidl_cmake-extras.cmake
[1.488s] -- Up-to-date symlink: /home/rpp/rpp_ws/install/wheeltec_mic_msg/share/wheeltec_mic_msg/cmake/ament_cmake_export_dependencies-extras.cmake
[1.488s] -- Up-to-date symlink: /home/rpp/rpp_ws/install/wheeltec_mic_msg/share/wheeltec_mic_msg/cmake/ament_cmake_export_include_directories-extras.cmake
[1.488s] -- Up-to-date symlink: /home/rpp/rpp_ws/install/wheeltec_mic_msg/share/wheeltec_mic_msg/cmake/ament_cmake_export_libraries-extras.cmake
[1.488s] -- Up-to-date symlink: /home/rpp/rpp_ws/install/wheeltec_mic_msg/share/wheeltec_mic_msg/cmake/ament_cmake_export_targets-extras.cmake
[1.488s] -- Up-to-date symlink: /home/rpp/rpp_ws/install/wheeltec_mic_msg/share/wheeltec_mic_msg/cmake/rosidl_cmake_export_typesupport_targets-extras.cmake
[1.488s] -- Up-to-date symlink: /home/rpp/rpp_ws/install/wheeltec_mic_msg/share/wheeltec_mic_msg/cmake/rosidl_cmake_export_typesupport_libraries-extras.cmake
[1.488s] -- Up-to-date symlink: /home/rpp/rpp_ws/install/wheeltec_mic_msg/share/wheeltec_mic_msg/cmake/wheeltec_mic_msgConfig.cmake
[1.488s] -- Up-to-date symlink: /home/rpp/rpp_ws/install/wheeltec_mic_msg/share/wheeltec_mic_msg/cmake/wheeltec_mic_msgConfig-version.cmake
[1.488s] -- Up-to-date symlink: /home/rpp/rpp_ws/install/wheeltec_mic_msg/share/wheeltec_mic_msg/package.xml
[1.489s] -- Up-to-date: /home/rpp/rpp_ws/install/wheeltec_mic_msg/lib/libwheeltec_mic_msg__rosidl_generator_c.so
[1.489s] -- Up-to-date: /home/rpp/rpp_ws/install/wheeltec_mic_msg/lib/libwheeltec_mic_msg__rosidl_typesupport_fastrtps_c.so
[1.489s] -- Up-to-date: /home/rpp/rpp_ws/install/wheeltec_mic_msg/lib/libwheeltec_mic_msg__rosidl_typesupport_fastrtps_cpp.so
[1.489s] -- Up-to-date: /home/rpp/rpp_ws/install/wheeltec_mic_msg/lib/libwheeltec_mic_msg__rosidl_typesupport_introspection_c.so
[1.489s] -- Up-to-date: /home/rpp/rpp_ws/install/wheeltec_mic_msg/lib/libwheeltec_mic_msg__rosidl_typesupport_c.so
[1.489s] -- Up-to-date: /home/rpp/rpp_ws/install/wheeltec_mic_msg/lib/libwheeltec_mic_msg__rosidl_typesupport_introspection_cpp.so
[1.489s] -- Up-to-date: /home/rpp/rpp_ws/install/wheeltec_mic_msg/lib/libwheeltec_mic_msg__rosidl_typesupport_cpp.so
[1.496s] Listing '/home/rpp/rpp_ws/install/wheeltec_mic_msg/local/lib/python3.10/dist-packages/wheeltec_mic_msg'...
[1.496s] Listing '/home/rpp/rpp_ws/install/wheeltec_mic_msg/local/lib/python3.10/dist-packages/wheeltec_mic_msg/msg'...
[1.496s] Listing '/home/rpp/rpp_ws/install/wheeltec_mic_msg/local/lib/python3.10/dist-packages/wheeltec_mic_msg/srv'...
[1.496s] -- Up-to-date: /home/rpp/rpp_ws/install/wheeltec_mic_msg/lib/libwheeltec_mic_msg__rosidl_generator_py.so
[1.496s] -- Up-to-date: /home/rpp/rpp_ws/install/wheeltec_mic_msg/share/wheeltec_mic_msg/cmake/export_wheeltec_mic_msg__rosidl_generator_cExport.cmake
[1.496s] -- Up-to-date: /home/rpp/rpp_ws/install/wheeltec_mic_msg/share/wheeltec_mic_msg/cmake/export_wheeltec_mic_msg__rosidl_generator_cExport-noconfig.cmake
[1.496s] -- Up-to-date: /home/rpp/rpp_ws/install/wheeltec_mic_msg/share/wheeltec_mic_msg/cmake/export_wheeltec_mic_msg__rosidl_typesupport_fastrtps_cExport.cmake
[1.496s] -- Up-to-date: /home/rpp/rpp_ws/install/wheeltec_mic_msg/share/wheeltec_mic_msg/cmake/export_wheeltec_mic_msg__rosidl_typesupport_fastrtps_cExport-noconfig.cmake
[1.497s] -- Up-to-date: /home/rpp/rpp_ws/install/wheeltec_mic_msg/share/wheeltec_mic_msg/cmake/export_wheeltec_mic_msg__rosidl_generator_cppExport.cmake
[1.497s] -- Up-to-date: /home/rpp/rpp_ws/install/wheeltec_mic_msg/share/wheeltec_mic_msg/cmake/export_wheeltec_mic_msg__rosidl_typesupport_fastrtps_cppExport.cmake
[1.497s] -- Up-to-date: /home/rpp/rpp_ws/install/wheeltec_mic_msg/share/wheeltec_mic_msg/cmake/export_wheeltec_mic_msg__rosidl_typesupport_fastrtps_cppExport-noconfig.cmake
[1.497s] -- Up-to-date: /home/rpp/rpp_ws/install/wheeltec_mic_msg/share/wheeltec_mic_msg/cmake/wheeltec_mic_msg__rosidl_typesupport_introspection_cExport.cmake
[1.497s] -- Up-to-date: /home/rpp/rpp_ws/install/wheeltec_mic_msg/share/wheeltec_mic_msg/cmake/wheeltec_mic_msg__rosidl_typesupport_introspection_cExport-noconfig.cmake
[1.497s] -- Up-to-date: /home/rpp/rpp_ws/install/wheeltec_mic_msg/share/wheeltec_mic_msg/cmake/wheeltec_mic_msg__rosidl_typesupport_cExport.cmake
[1.497s] -- Up-to-date: /home/rpp/rpp_ws/install/wheeltec_mic_msg/share/wheeltec_mic_msg/cmake/wheeltec_mic_msg__rosidl_typesupport_cExport-noconfig.cmake
[1.497s] -- Up-to-date: /home/rpp/rpp_ws/install/wheeltec_mic_msg/share/wheeltec_mic_msg/cmake/wheeltec_mic_msg__rosidl_typesupport_introspection_cppExport.cmake
[1.497s] -- Up-to-date: /home/rpp/rpp_ws/install/wheeltec_mic_msg/share/wheeltec_mic_msg/cmake/wheeltec_mic_msg__rosidl_typesupport_introspection_cppExport-noconfig.cmake
[1.497s] -- Up-to-date: /home/rpp/rpp_ws/install/wheeltec_mic_msg/share/wheeltec_mic_msg/cmake/wheeltec_mic_msg__rosidl_typesupport_cppExport.cmake
[1.497s] -- Up-to-date: /home/rpp/rpp_ws/install/wheeltec_mic_msg/share/wheeltec_mic_msg/cmake/wheeltec_mic_msg__rosidl_typesupport_cppExport-noconfig.cmake
[1.497s] -- Up-to-date: /home/rpp/rpp_ws/install/wheeltec_mic_msg/share/wheeltec_mic_msg/cmake/export_wheeltec_mic_msg__rosidl_generator_pyExport.cmake
[1.497s] -- Up-to-date: /home/rpp/rpp_ws/install/wheeltec_mic_msg/share/wheeltec_mic_msg/cmake/export_wheeltec_mic_msg__rosidl_generator_pyExport-noconfig.cmake
[1.779s] Invoked command in '/home/rpp/rpp_ws/build/wheeltec_mic_msg' returned '0': CMAKE_PREFIX_PATH=${CMAKE_PREFIX_PATH}:/home/rpp/rpp_ws/install/setting_info:/home/rpp/rpp_ws/install/nav2_simple_commander:/home/rpp/rpp_ws/install/gui_control:/home/rpp/rpp_ws/install/graphic_display:/home/rpp/rpp_ws/install/linker_hand_ros2_sdk:/home/rpp/rpp_ws/install/bt_task_manager_ros2:/opt/ros/humble /usr/bin/cmake --install /home/rpp/rpp_ws/build/wheeltec_mic_msg
