running develop
running egg_info
writing bt_task_manager_ros2.egg-info/PKG-INFO
writing dependency_links to bt_task_manager_ros2.egg-info/dependency_links.txt
writing entry points to bt_task_manager_ros2.egg-info/entry_points.txt
writing requirements to bt_task_manager_ros2.egg-info/requires.txt
writing top-level names to bt_task_manager_ros2.egg-info/top_level.txt
reading manifest file 'bt_task_manager_ros2.egg-info/SOURCES.txt'
writing manifest file 'bt_task_manager_ros2.egg-info/SOURCES.txt'
running build_ext
Creating /home/rpp/rpp_ws/install/bt_task_manager_ros2/lib/python3.10/site-packages/bt-task-manager-ros2.egg-link (link to .)
Installing arm script to /home/rpp/rpp_ws/install/bt_task_manager_ros2/lib/bt_task_manager_ros2
Installing aruco_detector_node script to /home/rpp/rpp_ws/install/bt_task_manager_ros2/lib/bt_task_manager_ros2
Installing chassis script to /home/rpp/rpp_ws/install/bt_task_manager_ros2/lib/bt_task_manager_ros2
Installing controller_node script to /home/rpp/rpp_ws/install/bt_task_manager_ros2/lib/bt_task_manager_ros2
Installing grasp_node script to /home/rpp/rpp_ws/install/bt_task_manager_ros2/lib/bt_task_manager_ros2
Installing gripper script to /home/rpp/rpp_ws/install/bt_task_manager_ros2/lib/bt_task_manager_ros2
Installing navigation script to /home/rpp/rpp_ws/install/bt_task_manager_ros2/lib/bt_task_manager_ros2
Installing test script to /home/rpp/rpp_ws/install/bt_task_manager_ros2/lib/bt_task_manager_ros2

Installed /home/rpp/rpp_ws/build/bt_task_manager_ros2
running symlink_data
