[INFO] [1756731279.019186577] [moveit_rdf_loader.rdf_loader]: Loaded robot model in 0 seconds
[INFO] [1756731279.019253056] [moveit_robot_model.robot_model]: Loading robot model 'ea200'...
[INFO] [1756731279.019263163] [moveit_robot_model.robot_model]: No root/virtual joint specified in SRDF. Assuming fixed joint
[ERROR] [1756731279.441606241] [moveit_kinematics_base.kinematics_base]: Group 'dual_arm' is not a chain
[ERROR] [1756731279.441630162] [kinematics_plugin_loader]: Kinematics solver of type 'kdl_kinematics_plugin/KDLKinematicsPlugin' could not be initialized for group 'dual_arm'
[ERROR] [1756731279.441643343] [moveit_ros.robot_model_loader]: Kinematics solver could not be instantiated for joint group dual_arm.
[INFO] [1756731280.442619579] [moveit_ros.planning_scene_monitor.planning_scene_monitor]: Publishing maintained planning scene on 'monitored_planning_scene'
[INFO] [1756731280.442808639] [moveit.ros_planning_interface.moveit_cpp]: Listening to 'joint_states' for joint states
[INFO] [1756731280.443517038] [moveit_ros.current_state_monitor]: Listening to joint states on topic 'joint_states'
[INFO] [1756731280.443852410] [moveit_ros.planning_scene_monitor.planning_scene_monitor]: Listening to '/attached_collision_object' for attached collision objects
[INFO] [1756731280.443882106] [moveit_ros.planning_scene_monitor.planning_scene_monitor]: Starting planning scene monitor
[INFO] [1756731280.444152857] [moveit_ros.planning_scene_monitor.planning_scene_monitor]: Listening to '/planning_scene'
[INFO] [1756731280.444171275] [moveit_ros.planning_scene_monitor.planning_scene_monitor]: Starting world geometry update monitor for collision objects, attached objects, octomap updates.
[INFO] [1756731280.444449709] [moveit_ros.planning_scene_monitor.planning_scene_monitor]: Listening to 'collision_object'
[INFO] [1756731280.444750826] [moveit_ros.planning_scene_monitor.planning_scene_monitor]: Listening to 'planning_scene_world' for planning scene world geometry
[WARN] [1756731280.445389492] [moveit.ros.occupancy_map_monitor.middleware_handle]: Resolution not specified for Octomap. Assuming resolution = 0.1 instead
[ERROR] [1756731280.445404213] [moveit.ros.occupancy_map_monitor.middleware_handle]: No 3D sensor plugin(s) defined for octomap updates
[INFO] [1756731281.435623910] [moveit.ros_planning_interface.moveit_cpp]: Loading planning pipeline 'ompl'
[INFO] [1756731281.466297010] [moveit.ros_planning.planning_pipeline]: Using planning interface 'OMPL'
[INFO] [1756731281.469698052] [moveit_ros.add_time_optimal_parameterization]: Param 'ompl.path_tolerance' was not set. Using default value: 0.100000
[INFO] [1756731281.469710360] [moveit_ros.add_time_optimal_parameterization]: Param 'ompl.resample_dt' was not set. Using default value: 0.100000
[INFO] [1756731281.469713651] [moveit_ros.add_time_optimal_parameterization]: Param 'ompl.min_angle_change' was not set. Using default value: 0.001000
[INFO] [1756731281.469726525] [moveit_ros.fix_workspace_bounds]: Param 'ompl.default_workspace_bounds' was not set. Using default value: 10.000000
[INFO] [1756731281.469736188] [moveit_ros.fix_start_state_bounds]: Param 'ompl.start_state_max_bounds_error' was set to 0.100000
[INFO] [1756731281.469739525] [moveit_ros.fix_start_state_bounds]: Param 'ompl.start_state_max_dt' was not set. Using default value: 0.500000
[INFO] [1756731281.469746272] [moveit_ros.fix_start_state_collision]: Param 'ompl.start_state_max_dt' was not set. Using default value: 0.500000
[INFO] [1756731281.469749392] [moveit_ros.fix_start_state_collision]: Param 'ompl.jiggle_fraction' was set to 0.050000
[INFO] [1756731281.469752563] [moveit_ros.fix_start_state_collision]: Param 'ompl.max_sampling_attempts' was not set. Using default value: 100
[INFO] [1756731281.469759424] [moveit.ros_planning.planning_pipeline]: Using planning request adapter 'Add Time Optimal Parameterization'
[INFO] [1756731281.469761813] [moveit.ros_planning.planning_pipeline]: Using planning request adapter 'Resolve constraint frames to robot links'
[INFO] [1756731281.469763490] [moveit.ros_planning.planning_pipeline]: Using planning request adapter 'Fix Workspace Bounds'
[INFO] [1756731281.469777548] [moveit.ros_planning.planning_pipeline]: Using planning request adapter 'Fix Start State Bounds'
[INFO] [1756731281.469779378] [moveit.ros_planning.planning_pipeline]: Using planning request adapter 'Fix Start State In Collision'
[INFO] [1756731281.469781050] [moveit.ros_planning.planning_pipeline]: Using planning request adapter 'Fix Start State Path Constraints'
[INFO] [1756731281.472644354] [moveit.ros_planning_interface.moveit_cpp]: Loading planning pipeline 'pilz_industrial_motion_planner'
[INFO] [1756731281.477301704] [moveit.pilz_industrial_motion_planner.joint_limits_aggregator]: Reading limits from namespace robot_description_planning
[INFO] [1756731281.485772754] [moveit.pilz_industrial_motion_planner]: Available plugins: pilz_industrial_motion_planner/PlanningContextLoaderCIRC pilz_industrial_motion_planner/PlanningContextLoaderLIN pilz_industrial_motion_planner/PlanningContextLoaderPTP 
[INFO] [1756731281.485787522] [moveit.pilz_industrial_motion_planner]: About to load: pilz_industrial_motion_planner/PlanningContextLoaderCIRC
[INFO] [1756731281.488643118] [moveit.pilz_industrial_motion_planner]: Registered Algorithm [CIRC]
[INFO] [1756731281.488654032] [moveit.pilz_industrial_motion_planner]: About to load: pilz_industrial_motion_planner/PlanningContextLoaderLIN
[INFO] [1756731281.489918894] [moveit.pilz_industrial_motion_planner]: Registered Algorithm [LIN]
[INFO] [1756731281.489927550] [moveit.pilz_industrial_motion_planner]: About to load: pilz_industrial_motion_planner/PlanningContextLoaderPTP
[INFO] [1756731281.491046386] [moveit.pilz_industrial_motion_planner]: Registered Algorithm [PTP]
[INFO] [1756731281.491055127] [moveit.ros_planning.planning_pipeline]: Using planning interface 'Pilz Industrial Motion Planner'
[INFO] [1756731281.519280235] [moveit.plugins.moveit_simple_controller_manager]: Added FollowJointTrajectory controller for left_joint_trajectory_controller
[INFO] [1756731281.520548883] [moveit.plugins.moveit_simple_controller_manager]: Added FollowJointTrajectory controller for right_joint_trajectory_controller
[INFO] [1756731281.520654564] [moveit.plugins.moveit_simple_controller_manager]: Returned 2 controllers in list
[INFO] [1756731281.520669349] [moveit.plugins.moveit_simple_controller_manager]: Returned 2 controllers in list
[INFO] [1756731281.521074517] [moveit_ros.trajectory_execution_manager]: Trajectory execution is managing controllers
[INFO] [1756731281.521085855] [move_group.move_group]: MoveGroup debug mode is ON
[INFO] [1756731281.533596120] [move_group.move_group]: 

********************************************************
* MoveGroup using: 
*     - ApplyPlanningSceneService
*     - ClearOctomapService
*     - CartesianPathService
*     - ExecuteTrajectoryAction
*     - GetPlanningSceneService
*     - KinematicsService
*     - MoveAction
*     - MotionPlanService
*     - QueryPlannersService
*     - StateValidationService
********************************************************

[INFO] [1756731281.533626406] [moveit_move_group_capabilities_base.move_group_context]: MoveGroup context using planning plugin ompl_interface/OMPLPlanner
[INFO] [1756731281.533632739] [moveit_move_group_capabilities_base.move_group_context]: MoveGroup context initialization complete
[WARN] [1756731285.674169870] [moveit_ros.planning_scene_monitor.planning_scene_monitor]: Unable to transform object from frame 'base_footprint' to planning frame'base_link' (Could not find a connection between 'base_link' and 'base_footprint' because they are not part of the same tree.Tf has two or more unconnected trees.)
[WARN] [1756731285.674200904] [moveit_ros.planning_scene_monitor.planning_scene_monitor]: Unable to transform object from frame 'odom' to planning frame'base_link' (Could not find a connection between 'base_link' and 'odom' because they are not part of the same tree.Tf has two or more unconnected trees.)
[INFO] [1756731293.479853032] [moveit_move_group_default_capabilities.move_action_capability]: Received request
[INFO] [1756731293.480047039] [moveit_move_group_default_capabilities.move_action_capability]: executing..
[WARN] [1756731293.480154974] [moveit_ros.planning_scene_monitor.planning_scene_monitor]: Unable to transform object from frame 'base_footprint' to planning frame'base_link' (Could not find a connection between 'base_link' and 'base_footprint' because they are not part of the same tree.Tf has two or more unconnected trees.)
[WARN] [1756731293.480170967] [moveit_ros.planning_scene_monitor.planning_scene_monitor]: Unable to transform object from frame 'odom' to planning frame'base_link' (Could not find a connection between 'base_link' and 'odom' because they are not part of the same tree.Tf has two or more unconnected trees.)
[INFO] [1756731293.480200633] [moveit_move_group_default_capabilities.move_action_capability]: Planning request received for MoveGroup action. Forwarding to planning pipeline.
[INFO] [1756731293.480208086] [moveit_move_group_capabilities_base.move_group_capability]: Using planning pipeline 'ompl'
[INFO] [1756731293.481344891] [moveit.ompl_planning.model_based_planning_context]: Planner configuration 'dual_arm' will use planner 'geometric::RRTConnect'. Additional configuration parameters will be set when the planner is constructed.
[WARN] [1756731293.503537334] [moveit_trajectory_processing.time_optimal_trajectory_generation]: Joint acceleration limits are not defined. Using the default 1 rad/s^2. You can define acceleration limits in the URDF or joint_limits.yaml.
[INFO] [1756731293.507855083] [moveit_move_group_default_capabilities.move_action_capability]: Motion plan was computed successfully.
[INFO] [1756731295.189947739] [moveit_move_group_default_capabilities.execute_trajectory_action_capability]: Received goal request
[INFO] [1756731295.190035952] [moveit_move_group_default_capabilities.execute_trajectory_action_capability]: Execution request received
[INFO] [1756731295.190067661] [moveit.plugins.moveit_simple_controller_manager]: Returned 2 controllers in list
[INFO] [1756731295.190085899] [moveit.plugins.moveit_simple_controller_manager]: Returned 2 controllers in list
[INFO] [1756731295.190186647] [moveit_ros.trajectory_execution_manager]: Validating trajectory with allowed_start_tolerance 0.01
[INFO] [1756731295.190273729] [moveit_ros.trajectory_execution_manager]: Starting trajectory execution ...
[INFO] [1756731295.190310993] [moveit.plugins.moveit_simple_controller_manager]: Returned 2 controllers in list
[INFO] [1756731295.190328008] [moveit.plugins.moveit_simple_controller_manager]: Returned 2 controllers in list
[INFO] [1756731295.190469294] [moveit.simple_controller_manager.follow_joint_trajectory_controller_handle]: sending trajectory to left_joint_trajectory_controller
[INFO] [1756731295.190967728] [moveit.simple_controller_manager.follow_joint_trajectory_controller_handle]: left_joint_trajectory_controller started execution
[INFO] [1756731295.190986952] [moveit.simple_controller_manager.follow_joint_trajectory_controller_handle]: Goal request accepted!
[INFO] [1756731295.191000820] [moveit.simple_controller_manager.follow_joint_trajectory_controller_handle]: sending trajectory to right_joint_trajectory_controller
[INFO] [1756731295.191226165] [moveit.simple_controller_manager.follow_joint_trajectory_controller_handle]: right_joint_trajectory_controller started execution
[INFO] [1756731295.191232796] [moveit.simple_controller_manager.follow_joint_trajectory_controller_handle]: Goal request accepted!
[INFO] [1756731300.291557401] [moveit.simple_controller_manager.follow_joint_trajectory_controller_handle]: Controller 'left_joint_trajectory_controller' successfully finished
[INFO] [1756731300.291682185] [moveit.simple_controller_manager.follow_joint_trajectory_controller_handle]: Controller 'right_joint_trajectory_controller' successfully finished
[INFO] [1756731300.291772511] [moveit_ros.trajectory_execution_manager]: Completed trajectory execution with status SUCCEEDED ...
[INFO] [1756731300.291842969] [moveit_move_group_default_capabilities.execute_trajectory_action_capability]: Execution completed: SUCCEEDED
[INFO] [1756731303.072021774] [moveit_move_group_default_capabilities.move_action_capability]: Received request
[INFO] [1756731303.072080210] [moveit_move_group_default_capabilities.move_action_capability]: executing..
[WARN] [1756731303.072141046] [moveit_ros.planning_scene_monitor.planning_scene_monitor]: Unable to transform object from frame 'base_footprint' to planning frame'base_link' (Could not find a connection between 'base_link' and 'base_footprint' because they are not part of the same tree.Tf has two or more unconnected trees.)
[WARN] [1756731303.072152205] [moveit_ros.planning_scene_monitor.planning_scene_monitor]: Unable to transform object from frame 'odom' to planning frame'base_link' (Could not find a connection between 'base_link' and 'odom' because they are not part of the same tree.Tf has two or more unconnected trees.)
[INFO] [1756731303.072179478] [moveit_move_group_default_capabilities.move_action_capability]: Planning request received for MoveGroup action. Forwarding to planning pipeline.
[INFO] [1756731303.072183797] [moveit_move_group_capabilities_base.move_group_capability]: Using planning pipeline 'ompl'
[INFO] [1756731303.072741548] [moveit.ompl_planning.model_based_planning_context]: Planner configuration 'dual_arm' will use planner 'geometric::RRTConnect'. Additional configuration parameters will be set when the planner is constructed.
[INFO] [1756731303.096316838] [moveit_move_group_default_capabilities.move_action_capability]: Motion plan was computed successfully.
[INFO] [1756731305.710230130] [moveit_move_group_default_capabilities.execute_trajectory_action_capability]: Received goal request
[INFO] [1756731305.710310041] [moveit_move_group_default_capabilities.execute_trajectory_action_capability]: Execution request received
[INFO] [1756731305.710334343] [moveit.plugins.moveit_simple_controller_manager]: Returned 2 controllers in list
[INFO] [1756731305.710348982] [moveit.plugins.moveit_simple_controller_manager]: Returned 2 controllers in list
[INFO] [1756731305.710411158] [moveit_ros.trajectory_execution_manager]: Validating trajectory with allowed_start_tolerance 0.01
[INFO] [1756731305.710480672] [moveit_ros.trajectory_execution_manager]: Starting trajectory execution ...
[INFO] [1756731305.710524607] [moveit.plugins.moveit_simple_controller_manager]: Returned 2 controllers in list
[INFO] [1756731305.710557513] [moveit.plugins.moveit_simple_controller_manager]: Returned 2 controllers in list
[INFO] [1756731305.710694141] [moveit.simple_controller_manager.follow_joint_trajectory_controller_handle]: sending trajectory to left_joint_trajectory_controller
[INFO] [1756731305.711078534] [moveit.simple_controller_manager.follow_joint_trajectory_controller_handle]: left_joint_trajectory_controller started execution
[INFO] [1756731305.711087275] [moveit.simple_controller_manager.follow_joint_trajectory_controller_handle]: Goal request accepted!
[INFO] [1756731305.711117300] [moveit.simple_controller_manager.follow_joint_trajectory_controller_handle]: sending trajectory to right_joint_trajectory_controller
[INFO] [1756731305.711307964] [moveit.simple_controller_manager.follow_joint_trajectory_controller_handle]: right_joint_trajectory_controller started execution
[INFO] [1756731305.711310241] [moveit.simple_controller_manager.follow_joint_trajectory_controller_handle]: Goal request accepted!
[INFO] [1756731310.561575591] [moveit.simple_controller_manager.follow_joint_trajectory_controller_handle]: Controller 'left_joint_trajectory_controller' successfully finished
[INFO] [1756731310.561877123] [moveit.simple_controller_manager.follow_joint_trajectory_controller_handle]: Controller 'right_joint_trajectory_controller' successfully finished
[INFO] [1756731310.561985251] [moveit_ros.trajectory_execution_manager]: Completed trajectory execution with status SUCCEEDED ...
[INFO] [1756731310.562042590] [moveit_move_group_default_capabilities.execute_trajectory_action_capability]: Execution completed: SUCCEEDED
[INFO] [1756731322.689223931] [moveit_move_group_default_capabilities.move_action_capability]: Received request
[INFO] [1756731322.689284058] [moveit_move_group_default_capabilities.move_action_capability]: executing..
[WARN] [1756731322.689328526] [moveit_ros.planning_scene_monitor.planning_scene_monitor]: Unable to transform object from frame 'base_footprint' to planning frame'base_link' (Could not find a connection between 'base_link' and 'base_footprint' because they are not part of the same tree.Tf has two or more unconnected trees.)
[WARN] [1756731322.689336126] [moveit_ros.planning_scene_monitor.planning_scene_monitor]: Unable to transform object from frame 'odom' to planning frame'base_link' (Could not find a connection between 'base_link' and 'odom' because they are not part of the same tree.Tf has two or more unconnected trees.)
[INFO] [1756731322.689360921] [moveit_move_group_default_capabilities.move_action_capability]: Planning request received for MoveGroup action. Forwarding to planning pipeline.
[INFO] [1756731322.689364263] [moveit_move_group_capabilities_base.move_group_capability]: Using planning pipeline 'ompl'
[INFO] [1756731322.689908678] [moveit.ompl_planning.model_based_planning_context]: Planner configuration 'dual_arm' will use planner 'geometric::RRTConnect'. Additional configuration parameters will be set when the planner is constructed.
[INFO] [1756731322.738360565] [moveit_move_group_default_capabilities.move_action_capability]: Motion plan was computed successfully.
[INFO] [1756731352.146026475] [moveit_move_group_default_capabilities.execute_trajectory_action_capability]: Received goal request
[INFO] [1756731352.146105398] [moveit_move_group_default_capabilities.execute_trajectory_action_capability]: Execution request received
[INFO] [1756731352.146131097] [moveit.plugins.moveit_simple_controller_manager]: Returned 2 controllers in list
[INFO] [1756731352.146145085] [moveit.plugins.moveit_simple_controller_manager]: Returned 2 controllers in list
[INFO] [1756731352.146369326] [moveit_ros.trajectory_execution_manager]: Validating trajectory with allowed_start_tolerance 0.01
[INFO] [1756731352.146447680] [moveit_ros.trajectory_execution_manager]: Starting trajectory execution ...
[INFO] [1756731352.146507816] [moveit.plugins.moveit_simple_controller_manager]: Returned 2 controllers in list
[INFO] [1756731352.146536903] [moveit.plugins.moveit_simple_controller_manager]: Returned 2 controllers in list
[INFO] [1756731352.146639520] [moveit.simple_controller_manager.follow_joint_trajectory_controller_handle]: sending trajectory to left_joint_trajectory_controller
[INFO] [1756731352.147608390] [moveit.simple_controller_manager.follow_joint_trajectory_controller_handle]: left_joint_trajectory_controller started execution
[INFO] [1756731352.147627193] [moveit.simple_controller_manager.follow_joint_trajectory_controller_handle]: Goal request accepted!
[INFO] [1756731352.147670543] [moveit.simple_controller_manager.follow_joint_trajectory_controller_handle]: sending trajectory to right_joint_trajectory_controller
[INFO] [1756731352.148276809] [moveit.simple_controller_manager.follow_joint_trajectory_controller_handle]: right_joint_trajectory_controller started execution
[INFO] [1756731352.148290142] [moveit.simple_controller_manager.follow_joint_trajectory_controller_handle]: Goal request accepted!
[INFO] [1756731397.000394196] [moveit.simple_controller_manager.follow_joint_trajectory_controller_handle]: Controller 'left_joint_trajectory_controller' successfully finished
[INFO] [1756731397.001020398] [moveit.simple_controller_manager.follow_joint_trajectory_controller_handle]: Controller 'right_joint_trajectory_controller' successfully finished
[INFO] [1756731397.001194131] [moveit_ros.trajectory_execution_manager]: Completed trajectory execution with status SUCCEEDED ...
[INFO] [1756731397.001324022] [moveit_move_group_default_capabilities.execute_trajectory_action_capability]: Execution completed: SUCCEEDED
[INFO] [1756735622.971379914] [rclcpp]: signal_handler(signum=2)
