[INFO] [1756085433.827533809] [moveit_rdf_loader.rdf_loader]: Loaded robot model in 0.0246221 seconds
[INFO] [1756085433.827577180] [moveit_robot_model.robot_model]: Loading robot model 'ea200'...
[INFO] [1756085433.827583528] [moveit_robot_model.robot_model]: No root/virtual joint specified in SRDF. Assuming fixed joint
[ERROR] [1756085434.201853525] [moveit_kinematics_base.kinematics_base]: Group 'dual_arm' is not a chain
[ERROR] [1756085434.201870314] [kinematics_plugin_loader]: Kinematics solver of type 'kdl_kinematics_plugin/KDLKinematicsPlugin' could not be initialized for group 'dual_arm'
[ERROR] [1756085434.201876093] [moveit_ros.robot_model_loader]: Kinematics solver could not be instantiated for joint group dual_arm.
[INFO] [1756085434.955060400] [moveit_ros.planning_scene_monitor.planning_scene_monitor]: Publishing maintained planning scene on 'monitored_planning_scene'
[INFO] [1756085434.955185777] [moveit.ros_planning_interface.moveit_cpp]: Listening to 'joint_states' for joint states
[INFO] [1756085434.955583481] [moveit_ros.current_state_monitor]: Listening to joint states on topic 'joint_states'
[INFO] [1756085434.955785190] [moveit_ros.planning_scene_monitor.planning_scene_monitor]: Listening to '/attached_collision_object' for attached collision objects
[INFO] [1756085434.955798908] [moveit_ros.planning_scene_monitor.planning_scene_monitor]: Starting planning scene monitor
[INFO] [1756085434.955921977] [moveit_ros.planning_scene_monitor.planning_scene_monitor]: Listening to '/planning_scene'
[INFO] [1756085434.955927900] [moveit_ros.planning_scene_monitor.planning_scene_monitor]: Starting world geometry update monitor for collision objects, attached objects, octomap updates.
[INFO] [1756085434.956050601] [moveit_ros.planning_scene_monitor.planning_scene_monitor]: Listening to 'collision_object'
[INFO] [1756085434.956183749] [moveit_ros.planning_scene_monitor.planning_scene_monitor]: Listening to 'planning_scene_world' for planning scene world geometry
[WARN] [1756085434.956879491] [moveit.ros.occupancy_map_monitor.middleware_handle]: Resolution not specified for Octomap. Assuming resolution = 0.1 instead
[ERROR] [1756085434.956886844] [moveit.ros.occupancy_map_monitor.middleware_handle]: No 3D sensor plugin(s) defined for octomap updates
[INFO] [1756085435.761634753] [moveit.ros_planning_interface.moveit_cpp]: Loading planning pipeline 'ompl'
[INFO] [1756085435.792732490] [moveit.ros_planning.planning_pipeline]: Using planning interface 'OMPL'
[INFO] [1756085435.796123126] [moveit_ros.add_time_optimal_parameterization]: Param 'ompl.path_tolerance' was not set. Using default value: 0.100000
[INFO] [1756085435.796134910] [moveit_ros.add_time_optimal_parameterization]: Param 'ompl.resample_dt' was not set. Using default value: 0.100000
[INFO] [1756085435.796137888] [moveit_ros.add_time_optimal_parameterization]: Param 'ompl.min_angle_change' was not set. Using default value: 0.001000
[INFO] [1756085435.796150923] [moveit_ros.fix_workspace_bounds]: Param 'ompl.default_workspace_bounds' was not set. Using default value: 10.000000
[INFO] [1756085435.796159207] [moveit_ros.fix_start_state_bounds]: Param 'ompl.start_state_max_bounds_error' was set to 0.100000
[INFO] [1756085435.796162361] [moveit_ros.fix_start_state_bounds]: Param 'ompl.start_state_max_dt' was not set. Using default value: 0.500000
[INFO] [1756085435.796168534] [moveit_ros.fix_start_state_collision]: Param 'ompl.start_state_max_dt' was not set. Using default value: 0.500000
[INFO] [1756085435.796171240] [moveit_ros.fix_start_state_collision]: Param 'ompl.jiggle_fraction' was set to 0.050000
[INFO] [1756085435.796174020] [moveit_ros.fix_start_state_collision]: Param 'ompl.max_sampling_attempts' was not set. Using default value: 100
[INFO] [1756085435.796180350] [moveit.ros_planning.planning_pipeline]: Using planning request adapter 'Add Time Optimal Parameterization'
[INFO] [1756085435.796182568] [moveit.ros_planning.planning_pipeline]: Using planning request adapter 'Resolve constraint frames to robot links'
[INFO] [1756085435.796184197] [moveit.ros_planning.planning_pipeline]: Using planning request adapter 'Fix Workspace Bounds'
[INFO] [1756085435.796197232] [moveit.ros_planning.planning_pipeline]: Using planning request adapter 'Fix Start State Bounds'
[INFO] [1756085435.796199019] [moveit.ros_planning.planning_pipeline]: Using planning request adapter 'Fix Start State In Collision'
[INFO] [1756085435.796200609] [moveit.ros_planning.planning_pipeline]: Using planning request adapter 'Fix Start State Path Constraints'
[INFO] [1756085435.798696663] [moveit.ros_planning_interface.moveit_cpp]: Loading planning pipeline 'pilz_industrial_motion_planner'
[INFO] [1756085435.803273822] [moveit.pilz_industrial_motion_planner.joint_limits_aggregator]: Reading limits from namespace robot_description_planning
[INFO] [1756085435.809635506] [moveit.pilz_industrial_motion_planner]: Available plugins: pilz_industrial_motion_planner/PlanningContextLoaderCIRC pilz_industrial_motion_planner/PlanningContextLoaderLIN pilz_industrial_motion_planner/PlanningContextLoaderPTP 
[INFO] [1756085435.809646882] [moveit.pilz_industrial_motion_planner]: About to load: pilz_industrial_motion_planner/PlanningContextLoaderCIRC
[INFO] [1756085435.812323776] [moveit.pilz_industrial_motion_planner]: Registered Algorithm [CIRC]
[INFO] [1756085435.812334260] [moveit.pilz_industrial_motion_planner]: About to load: pilz_industrial_motion_planner/PlanningContextLoaderLIN
[INFO] [1756085435.813574228] [moveit.pilz_industrial_motion_planner]: Registered Algorithm [LIN]
[INFO] [1756085435.813583438] [moveit.pilz_industrial_motion_planner]: About to load: pilz_industrial_motion_planner/PlanningContextLoaderPTP
[INFO] [1756085435.814800866] [moveit.pilz_industrial_motion_planner]: Registered Algorithm [PTP]
[INFO] [1756085435.814811854] [moveit.ros_planning.planning_pipeline]: Using planning interface 'Pilz Industrial Motion Planner'
[INFO] [1756085435.834932641] [moveit.plugins.moveit_simple_controller_manager]: Added FollowJointTrajectory controller for left_joint_trajectory_controller
[INFO] [1756085435.835687771] [moveit.plugins.moveit_simple_controller_manager]: Added FollowJointTrajectory controller for right_joint_trajectory_controller
[INFO] [1756085435.835777038] [moveit.plugins.moveit_simple_controller_manager]: Returned 2 controllers in list
[INFO] [1756085435.835789590] [moveit.plugins.moveit_simple_controller_manager]: Returned 2 controllers in list
[INFO] [1756085435.836083225] [moveit_ros.trajectory_execution_manager]: Trajectory execution is managing controllers
[INFO] [1756085435.836096537] [move_group.move_group]: MoveGroup debug mode is ON
[INFO] [1756085435.845802202] [move_group.move_group]: 

********************************************************
* MoveGroup using: 
*     - ApplyPlanningSceneService
*     - ClearOctomapService
*     - CartesianPathService
*     - ExecuteTrajectoryAction
*     - GetPlanningSceneService
*     - KinematicsService
*     - MoveAction
*     - MotionPlanService
*     - QueryPlannersService
*     - StateValidationService
********************************************************

[INFO] [1756085435.845823718] [moveit_move_group_capabilities_base.move_group_context]: MoveGroup context using planning plugin ompl_interface/OMPLPlanner
[INFO] [1756085435.845828935] [moveit_move_group_capabilities_base.move_group_context]: MoveGroup context initialization complete
[WARN] [1756085439.435580142] [moveit_ros.planning_scene_monitor.planning_scene_monitor]: Unable to transform object from frame 'base_footprint' to planning frame'base_link' (Could not find a connection between 'base_link' and 'base_footprint' because they are not part of the same tree.Tf has two or more unconnected trees.)
[WARN] [1756085439.435608513] [moveit_ros.planning_scene_monitor.planning_scene_monitor]: Unable to transform object from frame 'odom' to planning frame'base_link' (Could not find a connection between 'base_link' and 'odom' because they are not part of the same tree.Tf has two or more unconnected trees.)
[INFO] [1756085468.643466691] [moveit_move_group_default_capabilities.move_action_capability]: Received request
[INFO] [1756085468.643572716] [moveit_move_group_default_capabilities.move_action_capability]: executing..
[WARN] [1756085468.645861163] [moveit_ros.planning_scene_monitor.planning_scene_monitor]: Unable to transform object from frame 'base_footprint' to planning frame'base_link' (Could not find a connection between 'base_link' and 'base_footprint' because they are not part of the same tree.Tf has two or more unconnected trees.)
[WARN] [1756085468.645871380] [moveit_ros.planning_scene_monitor.planning_scene_monitor]: Unable to transform object from frame 'odom' to planning frame'base_link' (Could not find a connection between 'base_link' and 'odom' because they are not part of the same tree.Tf has two or more unconnected trees.)
[INFO] [1756085468.645897714] [moveit_move_group_default_capabilities.move_action_capability]: Planning request received for MoveGroup action. Forwarding to planning pipeline.
[INFO] [1756085468.645901639] [moveit_move_group_capabilities_base.move_group_capability]: Using planning pipeline 'ompl'
[INFO] [1756085468.646649099] [moveit.ompl_planning.model_based_planning_context]: Planner configuration 'dual_arm' will use planner 'geometric::RRTConnect'. Additional configuration parameters will be set when the planner is constructed.
[WARN] [1756085468.656785163] [moveit_trajectory_processing.time_optimal_trajectory_generation]: Joint acceleration limits are not defined. Using the default 1 rad/s^2. You can define acceleration limits in the URDF or joint_limits.yaml.
[INFO] [1756085468.664469700] [moveit_move_group_default_capabilities.move_action_capability]: Motion plan was computed successfully.
[INFO] [1756085477.005783562] [moveit_move_group_default_capabilities.execute_trajectory_action_capability]: Received goal request
[INFO] [1756085477.005869305] [moveit_move_group_default_capabilities.execute_trajectory_action_capability]: Execution request received
[INFO] [1756085477.005897254] [moveit.plugins.moveit_simple_controller_manager]: Returned 2 controllers in list
[INFO] [1756085477.005913129] [moveit.plugins.moveit_simple_controller_manager]: Returned 2 controllers in list
[INFO] [1756085477.006024674] [moveit_ros.trajectory_execution_manager]: Validating trajectory with allowed_start_tolerance 0.01
[INFO] [1756085477.015943386] [moveit_ros.trajectory_execution_manager]: Starting trajectory execution ...
[INFO] [1756085477.016022963] [moveit.plugins.moveit_simple_controller_manager]: Returned 2 controllers in list
[INFO] [1756085477.016038444] [moveit.plugins.moveit_simple_controller_manager]: Returned 2 controllers in list
[INFO] [1756085477.016163492] [moveit.simple_controller_manager.follow_joint_trajectory_controller_handle]: sending trajectory to left_joint_trajectory_controller
[INFO] [1756085477.016774901] [moveit.simple_controller_manager.follow_joint_trajectory_controller_handle]: left_joint_trajectory_controller started execution
[INFO] [1756085477.016797164] [moveit.simple_controller_manager.follow_joint_trajectory_controller_handle]: Goal request accepted!
[INFO] [1756085477.016921953] [moveit.simple_controller_manager.follow_joint_trajectory_controller_handle]: sending trajectory to right_joint_trajectory_controller
[INFO] [1756085477.017354144] [moveit.simple_controller_manager.follow_joint_trajectory_controller_handle]: right_joint_trajectory_controller started execution
[INFO] [1756085477.017367026] [moveit.simple_controller_manager.follow_joint_trajectory_controller_handle]: Goal request accepted!
[INFO] [1756085486.416943742] [moveit.simple_controller_manager.follow_joint_trajectory_controller_handle]: Controller 'left_joint_trajectory_controller' successfully finished
[INFO] [1756085486.417370432] [moveit.simple_controller_manager.follow_joint_trajectory_controller_handle]: Controller 'right_joint_trajectory_controller' successfully finished
[INFO] [1756085486.438784939] [moveit_ros.trajectory_execution_manager]: Completed trajectory execution with status SUCCEEDED ...
[INFO] [1756085486.438919132] [moveit_move_group_default_capabilities.execute_trajectory_action_capability]: Execution completed: SUCCEEDED
[INFO] [1756099618.128986954] [rclcpp]: signal_handler(signum=2)
