[INFO] [1756261562.011308652] [moveit_rdf_loader.rdf_loader]: Loaded robot model in 0.0234931 seconds
[INFO] [1756261562.011362632] [moveit_robot_model.robot_model]: Loading robot model 'ea200'...
[INFO] [1756261562.011374124] [moveit_robot_model.robot_model]: No root/virtual joint specified in SRDF. Assuming fixed joint
[ERROR] [1756261562.420410441] [moveit_kinematics_base.kinematics_base]: Group 'dual_arm' is not a chain
[ERROR] [1756261562.420428014] [kinematics_plugin_loader]: Kinematics solver of type 'kdl_kinematics_plugin/KDLKinematicsPlugin' could not be initialized for group 'dual_arm'
[ERROR] [1756261562.420435273] [moveit_ros.robot_model_loader]: Kinematics solver could not be instantiated for joint group dual_arm.
[INFO] [1756261563.356628916] [moveit_ros.planning_scene_monitor.planning_scene_monitor]: Publishing maintained planning scene on 'monitored_planning_scene'
[INFO] [1756261563.356795385] [moveit.ros_planning_interface.moveit_cpp]: Listening to 'joint_states' for joint states
[INFO] [1756261563.357333221] [moveit_ros.current_state_monitor]: Listening to joint states on topic 'joint_states'
[INFO] [1756261563.357545021] [moveit_ros.planning_scene_monitor.planning_scene_monitor]: Listening to '/attached_collision_object' for attached collision objects
[INFO] [1756261563.357556992] [moveit_ros.planning_scene_monitor.planning_scene_monitor]: Starting planning scene monitor
[INFO] [1756261563.357722185] [moveit_ros.planning_scene_monitor.planning_scene_monitor]: Listening to '/planning_scene'
[INFO] [1756261563.357731301] [moveit_ros.planning_scene_monitor.planning_scene_monitor]: Starting world geometry update monitor for collision objects, attached objects, octomap updates.
[INFO] [1756261563.357895892] [moveit_ros.planning_scene_monitor.planning_scene_monitor]: Listening to 'collision_object'
[INFO] [1756261563.358062542] [moveit_ros.planning_scene_monitor.planning_scene_monitor]: Listening to 'planning_scene_world' for planning scene world geometry
[WARN] [1756261563.358731598] [moveit.ros.occupancy_map_monitor.middleware_handle]: Resolution not specified for Octomap. Assuming resolution = 0.1 instead
[ERROR] [1756261563.358741492] [moveit.ros.occupancy_map_monitor.middleware_handle]: No 3D sensor plugin(s) defined for octomap updates
[INFO] [1756261564.367645666] [moveit.ros_planning_interface.moveit_cpp]: Loading planning pipeline 'ompl'
[INFO] [1756261564.400046334] [moveit.ros_planning.planning_pipeline]: Using planning interface 'OMPL'
[INFO] [1756261564.404002060] [moveit_ros.add_time_optimal_parameterization]: Param 'ompl.path_tolerance' was not set. Using default value: 0.100000
[INFO] [1756261564.404013635] [moveit_ros.add_time_optimal_parameterization]: Param 'ompl.resample_dt' was not set. Using default value: 0.100000
[INFO] [1756261564.404016650] [moveit_ros.add_time_optimal_parameterization]: Param 'ompl.min_angle_change' was not set. Using default value: 0.001000
[INFO] [1756261564.404029589] [moveit_ros.fix_workspace_bounds]: Param 'ompl.default_workspace_bounds' was not set. Using default value: 10.000000
[INFO] [1756261564.404038783] [moveit_ros.fix_start_state_bounds]: Param 'ompl.start_state_max_bounds_error' was set to 0.100000
[INFO] [1756261564.404041972] [moveit_ros.fix_start_state_bounds]: Param 'ompl.start_state_max_dt' was not set. Using default value: 0.500000
[INFO] [1756261564.404048565] [moveit_ros.fix_start_state_collision]: Param 'ompl.start_state_max_dt' was not set. Using default value: 0.500000
[INFO] [1756261564.404051363] [moveit_ros.fix_start_state_collision]: Param 'ompl.jiggle_fraction' was set to 0.050000
[INFO] [1756261564.404057270] [moveit_ros.fix_start_state_collision]: Param 'ompl.max_sampling_attempts' was not set. Using default value: 100
[INFO] [1756261564.404063899] [moveit.ros_planning.planning_pipeline]: Using planning request adapter 'Add Time Optimal Parameterization'
[INFO] [1756261564.404066667] [moveit.ros_planning.planning_pipeline]: Using planning request adapter 'Resolve constraint frames to robot links'
[INFO] [1756261564.404068421] [moveit.ros_planning.planning_pipeline]: Using planning request adapter 'Fix Workspace Bounds'
[INFO] [1756261564.404081389] [moveit.ros_planning.planning_pipeline]: Using planning request adapter 'Fix Start State Bounds'
[INFO] [1756261564.404083328] [moveit.ros_planning.planning_pipeline]: Using planning request adapter 'Fix Start State In Collision'
[INFO] [1756261564.404085101] [moveit.ros_planning.planning_pipeline]: Using planning request adapter 'Fix Start State Path Constraints'
[INFO] [1756261564.407096634] [moveit.ros_planning_interface.moveit_cpp]: Loading planning pipeline 'pilz_industrial_motion_planner'
[INFO] [1756261564.412040673] [moveit.pilz_industrial_motion_planner.joint_limits_aggregator]: Reading limits from namespace robot_description_planning
[INFO] [1756261564.419005356] [moveit.pilz_industrial_motion_planner]: Available plugins: pilz_industrial_motion_planner/PlanningContextLoaderCIRC pilz_industrial_motion_planner/PlanningContextLoaderLIN pilz_industrial_motion_planner/PlanningContextLoaderPTP 
[INFO] [1756261564.419018605] [moveit.pilz_industrial_motion_planner]: About to load: pilz_industrial_motion_planner/PlanningContextLoaderCIRC
[INFO] [1756261564.421979887] [moveit.pilz_industrial_motion_planner]: Registered Algorithm [CIRC]
[INFO] [1756261564.421993855] [moveit.pilz_industrial_motion_planner]: About to load: pilz_industrial_motion_planner/PlanningContextLoaderLIN
[INFO] [1756261564.423294579] [moveit.pilz_industrial_motion_planner]: Registered Algorithm [LIN]
[INFO] [1756261564.423303749] [moveit.pilz_industrial_motion_planner]: About to load: pilz_industrial_motion_planner/PlanningContextLoaderPTP
[INFO] [1756261564.424564371] [moveit.pilz_industrial_motion_planner]: Registered Algorithm [PTP]
[INFO] [1756261564.424574681] [moveit.ros_planning.planning_pipeline]: Using planning interface 'Pilz Industrial Motion Planner'
[INFO] [1756261564.450739798] [moveit.plugins.moveit_simple_controller_manager]: Added FollowJointTrajectory controller for left_joint_trajectory_controller
[INFO] [1756261564.451861363] [moveit.plugins.moveit_simple_controller_manager]: Added FollowJointTrajectory controller for right_joint_trajectory_controller
[INFO] [1756261564.451960395] [moveit.plugins.moveit_simple_controller_manager]: Returned 2 controllers in list
[INFO] [1756261564.451979836] [moveit.plugins.moveit_simple_controller_manager]: Returned 2 controllers in list
[INFO] [1756261564.452370645] [moveit_ros.trajectory_execution_manager]: Trajectory execution is managing controllers
[INFO] [1756261564.452381776] [move_group.move_group]: MoveGroup debug mode is ON
[INFO] [1756261564.464945681] [move_group.move_group]: 

********************************************************
* MoveGroup using: 
*     - ApplyPlanningSceneService
*     - ClearOctomapService
*     - CartesianPathService
*     - ExecuteTrajectoryAction
*     - GetPlanningSceneService
*     - KinematicsService
*     - MoveAction
*     - MotionPlanService
*     - QueryPlannersService
*     - StateValidationService
********************************************************

[INFO] [1756261564.464976978] [moveit_move_group_capabilities_base.move_group_context]: MoveGroup context using planning plugin ompl_interface/OMPLPlanner
[INFO] [1756261564.464984308] [moveit_move_group_capabilities_base.move_group_context]: MoveGroup context initialization complete
[WARN] [1756261568.202461239] [moveit_ros.planning_scene_monitor.planning_scene_monitor]: Unable to transform object from frame 'base_footprint' to planning frame'base_link' (Could not find a connection between 'base_link' and 'base_footprint' because they are not part of the same tree.Tf has two or more unconnected trees.)
[WARN] [1756261568.202508924] [moveit_ros.planning_scene_monitor.planning_scene_monitor]: Unable to transform object from frame 'odom' to planning frame'base_link' (Could not find a connection between 'base_link' and 'odom' because they are not part of the same tree.Tf has two or more unconnected trees.)
[INFO] [1756261583.647005435] [moveit_move_group_default_capabilities.move_actio