[INFO] [1756530413.702043969] [moveit_rdf_loader.rdf_loader]: Loaded robot model in 0.0253661 seconds
[INFO] [1756530413.702091642] [moveit_robot_model.robot_model]: Loading robot model 'ea200'...
[INFO] [1756530413.702100832] [moveit_robot_model.robot_model]: No root/virtual joint specified in SRDF. Assuming fixed joint
[ERROR] [1756530414.085878920] [moveit_kinematics_base.kinematics_base]: Group 'dual_arm' is not a chain
[ERROR] [1756530414.085894678] [kinematics_plugin_loader]: Kinematics solver of type 'kdl_kinematics_plugin/KDLKinematicsPlugin' could not be initialized for group 'dual_arm'
[ERROR] [1756530414.085902069] [moveit_ros.robot_model_loader]: Kinematics solver could not be instantiated for joint group dual_arm.
[INFO] [1756530415.003720657] [moveit_ros.planning_scene_monitor.planning_scene_monitor]: Publishing maintained planning scene on 'monitored_planning_scene'
[INFO] [1756530415.003873990] [moveit.ros_planning_interface.moveit_cpp]: Listening to 'joint_states' for joint states
[INFO] [1756530415.004365706] [moveit_ros.current_state_monitor]: Listening to joint states on topic 'joint_states'
[INFO] [1756530415.004594715] [moveit_ros.planning_scene_monitor.planning_scene_monitor]: Listening to '/attached_collision_object' for attached collision objects
[INFO] [1756530415.004605051] [moveit_ros.planning_scene_monitor.planning_scene_monitor]: Starting planning scene monitor
[INFO] [1756530415.004760107] [moveit_ros.planning_scene_monitor.planning_scene_monitor]: Listening to '/planning_scene'
[INFO] [1756530415.004766382] [moveit_ros.planning_scene_monitor.planning_scene_monitor]: Starting world geometry update monitor for collision objects, attached objects, octomap updates.
[INFO] [1756530415.004929417] [moveit_ros.planning_scene_monitor.planning_scene_monitor]: Listening to 'collision_object'
[INFO] [1756530415.005083798] [moveit_ros.planning_scene_monitor.planning_scene_monitor]: Listening to 'planning_scene_world' for planning scene world geometry
[WARN] [1756530415.005475743] [moveit.ros.occupancy_map_monitor.middleware_handle]: Resolution not specified for Octomap. Assuming resolution = 0.1 instead
[ERROR] [1756530415.005483367] [moveit.ros.occupancy_map_monitor.middleware_handle]: No 3D sensor plugin(s) defined for octomap updates
[INFO] [1756530415.990527154] [moveit.ros_planning_interface.moveit_cpp]: Loading planning pipeline 'ompl'
[INFO] [1756530415.998313382] [moveit.ros_planning.planning_pipeline]: Using planning interface 'OMPL'
[INFO] [1756530416.000709473] [moveit_ros.add_time_optimal_parameterization]: Param 'ompl.path_tolerance' was not set. Using default value: 0.100000
[INFO] [1756530416.000721214] [moveit_ros.add_time_optimal_parameterization]: Param 'ompl.resample_dt' was not set. Using default value: 0.100000
[INFO] [1756530416.000725340] [moveit_ros.add_time_optimal_parameterization]: Param 'ompl.min_angle_change' was not set. Using default value: 0.001000
[INFO] [1756530416.000738441] [moveit_ros.fix_workspace_bounds]: Param 'ompl.default_workspace_bounds' was not set. Using default value: 10.000000
[INFO] [1756530416.000748359] [moveit_ros.fix_start_state_bounds]: Param 'ompl.start_state_max_bounds_error' was set to 0.100000
[INFO] [1756530416.000751282] [moveit_ros.fix_start_state_bounds]: Param 'ompl.start_state_max_dt' was not set. Using default value: 0.500000
[INFO] [1756530416.000757900] [moveit_ros.fix_start_state_collision]: Param 'ompl.start_state_max_dt' was not set. Using default value: 0.500000
[INFO] [1756530416.000761072] [moveit_ros.fix_start_state_collision]: Param 'ompl.jiggle_fraction' was set to 0.050000
[INFO] [1756530416.000764335] [moveit_ros.fix_start_state_collision]: Param 'ompl.max_sampling_attempts' was not set. Using default value: 100
[INFO] [1756530416.000771030] [moveit.ros_planning.planning_pipeline]: Using planning request adapter 'Add Time Optimal Parameterization'
[INFO] [1756530416.000773558] [moveit.ros_planning.planning_pipeline]: Using planning request adapter 'Resolve constraint frames to robot links'
[INFO] [1756530416.000775300] [moveit.ros_planning.planning_pipeline]: Using planning request adapter 'Fix Workspace Bounds'
[INFO] [1756530416.000787168] [moveit.ros_planning.planning_pipeline]: Using planning request adapter 'Fix Start State Bounds'
[INFO] [1756530416.000789138] [moveit.ros_planning.planning_pipeline]: Using planning request adapter 'Fix Start State In Collision'
[INFO] [1756530416.000790858] [moveit.ros_planning.planning_pipeline]: Using planning request adapter 'Fix Start State Path Constraints'
[INFO] [1756530416.002218490] [moveit.ros_planning_interface.moveit_cpp]: Loading planning pipeline 'pilz_industrial_motion_planner'
[INFO] [1756530416.004544819] [moveit.pilz_industrial_motion_planner.joint_limits_aggregator]: Reading limits from namespace robot_description_planning
[INFO] [1756530416.013837095] [moveit.pilz_industrial_motion_planner]: Available plugins: pilz_industrial_motion_planner/PlanningContextLoaderCIRC pilz_industrial_motion_planner/PlanningContextLoaderLIN pilz_industrial_motion_planner/PlanningContextLoaderPTP 
[INFO] [1756530416.013850661] [moveit.pilz_industrial_motion_planner]: About to load: pilz_industrial_motion_planner/PlanningContextLoaderCIRC
[INFO] [1756530416.014801562] [moveit.pilz_industrial_motion_planner]: Registered Algorithm [CIRC]
[INFO] [1756530416.014810748] [moveit.pilz_industrial_motion_planner]: About to load: pilz_industrial_motion_planner/PlanningContextLoaderLIN
[INFO] [1756530416.015483584] [moveit.pilz_industrial_motion_planner]: Registered Algorithm [LIN]
[INFO] [1756530416.015493981] [moveit.pilz_industrial_motion_planner]: About to load: pilz_industrial_motion_planner/PlanningContextLoaderPTP
[INFO] [1756530416.016171530] [moveit.pilz_industrial_motion_planner]: Registered Algorithm [PTP]
[INFO] [1756530416.016182115] [moveit.ros_planning.planning_pipeline]: Using planning interface 'Pilz Industrial Motion Planner'
[INFO] [1756530416.041962847] [moveit.plugins.moveit_simple_controller_manager]: Added FollowJointTrajectory controller for left_joint_trajectory_controller
[INFO] [1756530416.042955621] [moveit.plugins.moveit_simple_controller_manager]: Added FollowJointTrajectory controller for right_joint_trajectory_controller
[INFO] [1756530416.043060446] [moveit.plugins.moveit_simple_controller_manager]: Returned 2 controllers in list
[INFO] [1756530416.043075077] [moveit.plugins.moveit_simple_controller_manager]: Returned 2 controllers in list
[INFO] [1756530416.043393898] [moveit_ros.trajectory_execution_manager]: Trajectory execution is managing controllers
[INFO] [1756530416.043403651] [move_group.move_group]: MoveGroup debug mode is ON
[INFO] [1756530416.052613439] [move_group.move_group]: 

********************************************************
* MoveGroup using: 
*     - ApplyPlanningSceneService
*     - ClearOctomapService
*     - CartesianPathService
*     - ExecuteTrajectoryAction
*     - GetPlanningSceneService
*     - KinematicsService
*     - MoveAction
*     - MotionPlanService
*     - QueryPlannersService
*     - StateValidationService
********************************************************

[INFO] [1756530416.052639510] [moveit_move_group_capabilities_base.move_group_context]: MoveGroup context using planning plugin ompl_interface/OMPLPlanner
[INFO] [1756530416.052645470] [moveit_move_group_capabilities_base.move_group_context]: MoveGroup context initialization complete
[WARN] [1756530419.688978030] [moveit_ros.planning_scene_monitor.planning_scene_monitor]: Unable to transform object from frame 'base_footprint' to planning frame'base_link' (Could not find a connection between 'base_link' and 'base_footprint' because they are not part of the same tree.Tf has two or more unconnected trees.)
[WARN] [1756530419.689004437] [moveit_ros.planning_scene_monitor.planning_scene_monitor]: Unable to transform object from frame 'odom' to planning frame'base_link' (Could not find a connection between 'base_link' and 'odom' because they are not part of the same tree.Tf has two or more unconnected trees.)
[INFO] [1756530430.999046001] [moveit_move_group_default_capabilities.move_action_capability]: Received request
[INFO] [1756530430.999161438] [moveit_move_group_default_capabilities.move_action_capability]: executing..
[WARN] [1756530431.002256042] [moveit_ros.planning_scene_monitor.planning_scene_monitor]: Unable to transform object from frame 'base_footprint' to planning frame'base_link' (Could not find a connection between 'base_link' and 'base_footprint' because they are not part of the same tree.Tf has two or more unconnected trees.)
[WARN] [1756530431.002269562] [moveit_ros.planning_scene_monitor.planning_scene_monitor]: Unable to transform object from frame 'odom' to planning frame'base_link' (Could not find a connection between 'base_link' and 'odom' because they are not part of the same tree.Tf has two or more unconnected trees.)
[INFO] [1756530431.002313167] [moveit_move_group_default_capabilities.move_action_capability]: Planning request received for MoveGroup action. Forwarding to planning pipeline.
[INFO] [1756530431.002317442] [moveit_move_group_capabilities_base.move_group_capability]: Using planning pipeline 'ompl'
[INFO] [1756530431.003076478] [moveit.ompl_planning.model_based_planning_context]: Planner configuration 'right_arm' will use planner 'geometric::RRTConnect'. Additional configuration parameters will be set when the planner is constructed.
[WARN] [1756530431.011091223] [moveit_trajectory_processing.time_optimal_trajectory_generation]: Joint acceleration limits are not defined. Using the default 1 rad/s^2. You can define acceleration limits in the URDF or joint_limits.yaml.
[INFO] [1756530431.014093043] [moveit_move_group_default_capabilities.move_action_capability]: Motion plan was computed successfully.
[INFO] [1756530432.348983079] [moveit_move_group_default_capabilities.move_action_capability]: Received request
[INFO] [1756530432.349035913] [moveit_move_group_default_capabilities.move_action_capability]: executing..
[WARN] [1756530432.352187235] [moveit_ros.planning_scene_monitor.planning_scene_monitor]: Unable to transform object from frame 'base_footprint' to planning frame'base_link' (Could not find a connection between 'base_link' and 'base_footprint' because they are not part of the same tree.Tf has two or more unconnected trees.)
[WARN] [1756530432.352199189] [moveit_ros.planning_scene_monitor.planning_scene_monitor]: Unable to transform object from frame 'odom' to planning frame'base_link' (Could not find a connection between 'base_link' and 'odom' because they are not part of the same tree.Tf has two or more unconnected trees.)
[INFO] [1756530432.352254070] [moveit_move_group_default_capabilities.move_action_capability]: Combined planning and execution request received for MoveGroup action. Forwarding to planning and execution pipeline.
[INFO] [1756530432.352289226] [moveit_ros.plan_execution]: Planning attempt 1 of at most 1
[INFO] [1756530432.352295856] [moveit_move_group_capabilities_base.move_group_capability]: Using planning pipeline 'ompl'
[INFO] [1756530432.352776720] [moveit.ompl_planning.model_based_planning_context]: Planner configuration 'right_arm' will use planner 'geometric::RRTConnect'. Additional configuration parameters will be set when the planner is constructed.
[INFO] [1756530432.372294607] [moveit.plugins.moveit_simple_controller_manager]: Returned 2 controllers in list
[INFO] [1756530432.372314739] [moveit.plugins.moveit_simple_controller_manager]: Returned 2 controllers in list
[INFO] [1756530432.372358347] [moveit_ros.trajectory_execution_manager]: Validating trajectory with allowed_start_tolerance 0.01
[INFO] [1756530432.381785081] [moveit_ros.trajectory_execution_manager]: Starting trajectory execution ...
[INFO] [1756530432.381831461] [moveit.plugins.moveit_simple_controller_manager]: Returned 2 controllers in list
[INFO] [1756530432.381851083] [moveit.plugins.moveit_simple_controller_manager]: Returned 2 controllers in list
[INFO] [1756530432.382014753] [moveit.simple_controller_manager.follow_joint_trajectory_controller_handle]: sending trajectory to right_joint_trajectory_controller
[INFO] [1756530432.382452214] [moveit.simple_controller_manager.follow_joint_trajectory_controller_handle]: right_joint_trajectory_controller started execution
[INFO] [1756530432.382475865] [moveit.simple_controller_manager.follow_joint_trajectory_controller_handle]: Goal request accepted!
[WARN] [1756530438.423105081] [moveit.simple_controller_manager.follow_joint_trajectory_controller_handle]: waitForExecution timed out
[ERROR] [1756530438.423127537] [moveit_ros.trajectory_execution_manager]: Controller is taking too long to execute trajectory (the expected upper bound for the trajectory execution was 6.040543 seconds). Stopping trajectory.
[INFO] [1756530438.423137812] [moveit.simple_controller_manager.follow_joint_trajectory_controller_handle]: Cancelling execution for right_joint_trajectory_controller
[INFO] [1756530438.423468427] [moveit_ros.trajectory_execution_manager]: Completed trajectory execution with status TIMED_OUT ...
[INFO] [1756530438.431925780] [moveit_move_group_default_capabilities.move_action_capability]: Timeout reached
[INFO] [1756530438.432068632] [moveit_move_group_default_capabilities.move_action_capability]: Received request
[INFO] [1756530438.432121306] [moveit_move_group_default_capabilities.move_action_capability]: executing..
[WARN] [1756530438.442146387] [moveit_ros.planning_scene_monitor.planning_scene_monitor]: Unable to transform object from frame 'base_footprint' to planning frame'base_link' (Could not find a connection between 'base_link' and 'base_footprint' because they are not part of the same tree.Tf has two or more unconnected trees.)
[WARN] [1756530438.442157084] [moveit_ros.planning_scene_monitor.planning_scene_monitor]: Unable to transform object from frame 'odom' to planning frame'base_link' (Could not find a connection between 'base_link' and 'odom' because they are not part of the same tree.Tf has two or more unconnected trees.)
[INFO] [1756530438.442177134] [moveit_move_group_default_capabilities.move_action_capability]: Combined planning and execution request received for MoveGroup action. Forwarding to planning and execution pipeline.
[INFO] [1756530438.442197289] [moveit_ros.plan_execution]: Planning attempt 1 of at most 1
[INFO] [1756530438.442200767] [moveit_move_group_capabilities_base.move_group_capability]: Using planning pipeline 'ompl'
[INFO] [1756530438.442646725] [moveit.ompl_planning.model_based_planning_context]: Planner configuration 'right_arm' will use planner 'geometric::RRTConnect'. Additional configuration parameters will be set when the planner is constructed.
[INFO] [1756530438.463023022] [moveit.plugins.moveit_simple_controller_manager]: Returned 2 controllers in list
[INFO] [1756530438.463042879] [moveit.plugins.moveit_simple_controller_manager]: Returned 2 controllers in list
[INFO] [1756530438.463077492] [moveit_ros.trajectory_execution_manager]: Validating trajectory with allowed_start_tolerance 0.01
[INFO] [1756530438.472139879] [moveit_ros.trajectory_execution_manager]: Starting trajectory execution ...
[INFO] [1756530438.472183311] [moveit.plugins.moveit_simple_controller_manager]: Returned 2 controllers in list
[INFO] [1756530438.472202013] [moveit.plugins.moveit_simple_controller_manager]: Returned 2 controllers in list
[INFO] [1756530438.472317137] [moveit.simple_controller_manager.follow_joint_trajectory_controller_handle]: sending trajectory to right_joint_trajectory_controller
[INFO] [1756530438.472674243] [moveit.simple_controller_manager.follow_joint_trajectory_controller_handle]: right_joint_trajectory_controller started execution
[INFO] [1756530438.472683913] [moveit.simple_controller_manager.follow_joint_trajectory_controller_handle]: Goal request accepted!
[INFO] [1756530438.472714648] [moveit.simple_controller_manager.follow_joint_trajectory_controller_handle]: Controller 'right_joint_trajectory_controller' successfully finished
[INFO] [1756530443.123080210] [moveit.simple_controller_manager.follow_joint_trajectory_controller_handle]: Controller 'right_joint_trajectory_controller' successfully finished
[INFO] [1756530443.148407042] [moveit_ros.trajectory_execution_manager]: Completed trajectory execution with status SUCCEEDED ...
[INFO] [1756530443.152230139] [moveit_move_group_default_capabilities.move_action_capability]: Solution was found and executed.
[INFO] [1756530445.390902004] [rclcpp]: signal_handler(signum=2)
