[INFO] [1756259237.759301897] [moveit_rdf_loader.rdf_loader]: Loaded robot model in 0.0218733 seconds
[INFO] [1756259237.759344865] [moveit_robot_model.robot_model]: Loading robot model 'ea200'...
[INFO] [1756259237.759353984] [moveit_robot_model.robot_model]: No root/virtual joint specified in SRDF. Assuming fixed joint
[ERROR] [1756259238.086831969] [moveit_kinematics_base.kinematics_base]: Group 'dual_arm' is not a chain
[ERROR] [1756259238.086849734] [kinematics_plugin_loader]: Kinematics solver of type 'kdl_kinematics_plugin/KDLKinematicsPlugin' could not be initialized for group 'dual_arm'
[ERROR] [1756259238.086856062] [moveit_ros.robot_model_loader]: Kinematics solver could not be instantiated for joint group dual_arm.
[INFO] [1756259238.872164352] [moveit_ros.planning_scene_monitor.planning_scene_monitor]: Publishing maintained planning scene on 'monitored_planning_scene'
[INFO] [1756259238.872260118] [moveit.ros_planning_interface.moveit_cpp]: Listening to 'joint_states' for joint states
[INFO] [1756259238.872547345] [moveit_ros.current_state_monitor]: Listening to joint states on topic 'joint_states'
[INFO] [1756259238.872754261] [moveit_ros.planning_scene_monitor.planning_scene_monitor]: Listening to '/attached_collision_object' for attached collision objects
[INFO] [1756259238.872765911] [moveit_ros.planning_scene_monitor.planning_scene_monitor]: Starting planning scene monitor
[INFO] [1756259238.872839175] [moveit_ros.planning_scene_monitor.planning_scene_monitor]: Listening to '/planning_scene'
[INFO] [1756259238.872844487] [moveit_ros.planning_scene_monitor.planning_scene_monitor]: Starting world geometry update monitor for collision objects, attached objects, octomap updates.
[INFO] [1756259238.872920139] [moveit_ros.planning_scene_monitor.planning_scene_monitor]: Listening to 'collision_object'
[INFO] [1756259238.872992357] [moveit_ros.planning_scene_monitor.planning_scene_monitor]: Listening to 'planning_scene_world' for planning scene world geometry
[WARN] [1756259238.873396199] [moveit.ros.occupancy_map_monitor.middleware_handle]: Resolution not specified for Octomap. Assuming resolution = 0.1 instead
[ERROR] [1756259238.873403441] [moveit.ros.occupancy_map_monitor.middleware_handle]: No 3D sensor plugin(s) defined for octomap updates
[INFO] [1756259239.754722315] [moveit.ros_planning_interface.moveit_cpp]: Loading planning pipeline 'ompl'
[INFO] [1756259239.761949144] [moveit.ros_planning.planning_pipeline]: Using planning interface 'OMPL'
[INFO] [1756259239.764282947] [moveit_ros.add_time_optimal_parameterization]: Param 'ompl.path_tolerance' was not set. Using default value: 0.100000
[INFO] [1756259239.764292221] [moveit_ros.add_time_optimal_parameterization]: Param 'ompl.resample_dt' was not set. Using default value: 0.100000
[INFO] [1756259239.764294740] [moveit_ros.add_time_optimal_parameterization]: Param 'ompl.min_angle_change' was not set. Using default value: 0.001000
[INFO] [1756259239.764306529] [moveit_ros.fix_workspace_bounds]: Param 'ompl.default_workspace_bounds' was not set. Using default value: 10.000000
[INFO] [1756259239.764315566] [moveit_ros.fix_start_state_bounds]: Param 'ompl.start_state_max_bounds_error' was set to 0.100000
[INFO] [1756259239.764319144] [moveit_ros.fix_start_state_bounds]: Param 'ompl.start_state_max_dt' was not set. Using default value: 0.500000
[INFO] [1756259239.764324948] [moveit_ros.fix_start_state_collision]: Param 'ompl.start_state_max_dt' was not set. Using default value: 0.500000
[INFO] [1756259239.764327687] [moveit_ros.fix_start_state_collision]: Param 'ompl.jiggle_fraction' was set to 0.050000
[INFO] [1756259239.764330742] [moveit_ros.fix_start_state_collision]: Param 'ompl.max_sampling_attempts' was not set. Using default value: 100
[INFO] [1756259239.764336675] [moveit.ros_planning.planning_pipeline]: Using planning request adapter 'Add Time Optimal Parameterization'
[INFO] [1756259239.764339078] [moveit.ros_planning.planning_pipeline]: Using planning request adapter 'Resolve constraint frames to robot links'
[INFO] [1756259239.764340731] [moveit.ros_planning.planning_pipeline]: Using planning request adapter 'Fix Workspace Bounds'
[INFO] [1756259239.764363126] [moveit.ros_planning.planning_pipeline]: Using planning request adapter 'Fix Start State Bounds'
[INFO] [1756259239.764365216] [moveit.ros_planning.planning_pipeline]: Using planning request adapter 'Fix Start State In Collision'
[INFO] [1756259239.764366802] [moveit.ros_planning.planning_pipeline]: Using planning request adapter 'Fix Start State Path Constraints'
[INFO] [1756259239.765645641] [moveit.ros_planning_interface.moveit_cpp]: Loading planning pipeline 'pilz_industrial_motion_planner'
[INFO] [1756259239.767901556] [moveit.pilz_industrial_motion_planner.joint_limits_aggregator]: Reading limits from namespace robot_description_planning
[INFO] [1756259239.771241280] [moveit.pilz_industrial_motion_planner]: Available plugins: pilz_industrial_motion_planner/PlanningContextLoaderCIRC pilz_industrial_motion_planner/PlanningContextLoaderLIN pilz_industrial_motion_planner/PlanningContextLoaderPTP 
[INFO] [1756259239.771249425] [moveit.pilz_industrial_motion_planner]: About to load: pilz_industrial_motion_planner/PlanningContextLoaderCIRC
[INFO] [1756259239.772103570] [moveit.pilz_industrial_motion_planner]: Registered Algorithm [CIRC]
[INFO] [1756259239.772111147] [moveit.pilz_industrial_motion_planner]: About to load: pilz_industrial_motion_planner/PlanningContextLoaderLIN
[INFO] [1756259239.772713386] [moveit.pilz_industrial_motion_planner]: Registered Algorithm [LIN]
[INFO] [1756259239.772719038] [moveit.pilz_industrial_motion_planner]: About to load: pilz_industrial_motion_planner/PlanningContextLoaderPTP
[INFO] [1756259239.773262036] [moveit.pilz_industrial_motion_planner]: Registered Algorithm [PTP]
[INFO] [1756259239.773268576] [moveit.ros_planning.planning_pipeline]: Using planning interface 'Pilz Industrial Motion Planner'
[INFO] [1756259239.783909801] [moveit.plugins.moveit_simple_controller_manager]: Added FollowJointTrajectory controller for left_joint_trajectory_controller
[INFO] [1756259239.784297334] [moveit.plugins.moveit_simple_controller_manager]: Added FollowJointTrajectory controller for right_joint_trajectory_controller
[INFO] [1756259239.784394072] [moveit.plugins.moveit_simple_controller_manager]: Returned 2 controllers in list
[INFO] [1756259239.784409172] [moveit.plugins.moveit_simple_controller_manager]: Returned 2 controllers in list
[INFO] [1756259239.784662425] [moveit_ros.trajectory_execution_manager]: Trajectory execution is managing controllers
[INFO] [1756259239.784673057] [move_group.move_group]: MoveGroup debug mode is ON
[INFO] [1756259239.790511053] [move_group.move_group]: 

********************************************************
* MoveGroup using: 
*     - ApplyPlanningSceneService
*     - ClearOctomapService
*     - CartesianPathService
*     - ExecuteTrajectoryAction
*     - GetPlanningSceneService
*     - KinematicsService
*     - MoveAction
*     - MotionPlanService
*     - QueryPlannersService
*     - StateValidationService
********************************************************

[INFO] [1756259239.790534447] [moveit_move_group_capabilities_base.move_group_context]: MoveGroup context using planning plugin ompl_interface/OMPLPlanner
[INFO] [1756259239.790539588] [moveit_move_group_capabilities_base.move_group_context]: MoveGroup context initialization complete
[INFO] [1756259252.847900641] [moveit_move_group_default_capabilities.move_action_capability]: Received request
[INFO] [1756259252.848061676] [moveit_move_group_default_capabilities.move_action_capability]: executing..
[INFO] [1756259253.848207972] [moveit_ros.current_state_monitor]: Didn't receive robot state (joint angles) with recent timestamp within 1.000000 seconds. Requested time 1756259252.848121, but latest received state has time 0.000000.
Check clock synchronization if your are running ROS across multiple machines!
[WARN] [1756259253.848250229] [moveit_ros.planning_scene_monitor.planning_scene_monitor]: Failed to fetch current robot state.
[INFO] [1756259253.848306022] [moveit_move_group_default_capabilities.move_action_capability]: Planning request received for MoveGroup action. Forwarding to planning pipeline.
[INFO] [1756259253.848339054] [moveit_move_group_capabilities_base.move_group_capability]: Using planning pipeline 'ompl'
[INFO] [1756259253.849572008] [moveit.ompl_planning.model_based_planning_context]: Planner configuration 'dual_arm' will use planner 'geometric::RRTConnect'. Additional configuration parameters will be set when the planner is constructed.
[WARN] [1756259253.865241446] [moveit_trajectory_processing.time_optimal_trajectory_generation]: Joint acceleration limits are not defined. Using the default 1 rad/s^2. You can define acceleration limits in the URDF or joint_limits.yaml.
[INFO] [1756259253.865601358] [moveit_move_group_default_capabilities.move_action_capability]: Motion plan was computed successfully.
[INFO] [1756259255.627561733] [moveit_move_group_default_capabilities.move_action_capability]: Received request
[INFO] [1756259255.627666140] [moveit_move_group_default_capabilities.move_action_capability]: executing..
[INFO] [1756259256.627787216] [moveit_ros.current_state_monitor]: Didn't receive robot state (joint angles) with recent timestamp within 1.000000 seconds. Requested time 1756259255.627701, but latest received state has time 0.000000.
Check clock synchronization if your are running ROS across multiple machines!
[WARN] [1756259256.627834467] [moveit_ros.planning_scene_monitor.planning_scene_monitor]: Failed to fetch current robot state.
[INFO] [1756259256.627863887] [moveit_move_group_default_capabilities.move_action_capability]: Planning request received for MoveGroup action. Forwarding to planning pipeline.
[INFO] [1756259256.627870886] [moveit_move_group_capabilities_base.move_group_capability]: Using planning pipeline 'ompl'
[INFO] [1756259256.628813520] [moveit.ompl_planning.model_based_planning_context]: Planner configuration 'dual_arm' will use planner 'geometric::RRTConnect'. Additional configuration parameters will be set when the planner is constructed.
[INFO] [1756259256.644126513] [moveit_move_group_default_capabilities.move_action_capability]: Motion plan was computed successfully.
[INFO] [1756259333.085192443] [moveit_move_group_default_capabilities.move_action_capability]: Received request
[INFO] [1756259333.085261944] [moveit_move_group_default_capabilities.move_action_capability]: executing..
[INFO] [1756259334.085369725] [moveit_ros.current_state_monitor]: Didn't receive robot state (joint angles) with recent timestamp within 1.000000 seconds. Requested time 1756259333.085275, but latest received state has time 0.000000.
Check clock synchronization if your are running ROS across multiple machines!
[WARN] [1756259334.085403296] [moveit_ros.planning_scene_monitor.planning_scene_monitor]: Failed to fetch current robot state.
[INFO] [1756259334.085433064] [moveit_move_group_default_capabilities.move_action_capability]: Planning request received for MoveGroup action. Forwarding to planning pipeline.
[INFO] [1756259334.085436731] [moveit_move_group_capabilities_base.move_group_capability]: Using planning pipeline 'ompl'
[INFO] [1756259334.086056393] [moveit.ompl_planning.model_based_planning_context]: Planner configuration 'dual_arm' will use planner 'geometric::RRTConnect'. Additional configuration parameters will be set when the planner is constructed.
[INFO] [1756259334.121633368] [moveit_move_group_default_capabilities.move_action_capability]: Motion plan was computed successfully.
[INFO] [1756259347.996032396] [moveit_move_group_default_capabilities.execute_trajectory_action_capability]: Received goal request
[INFO] [1756259347.996138054] [moveit_move_group_default_capabilities.execute_trajectory_action_capability]: Execution request received
[INFO] [1756259347.996170881] [moveit.plugins.moveit_simple_controller_manager]: Returned 2 controllers in list
[INFO] [1756259347.996188189] [moveit.plugins.moveit_simple_controller_manager]: Returned 2 controllers in list
[INFO] [1756259347.996384245] [moveit_ros.trajectory_execution_manager]: Validating trajectory with allowed_start_tolerance 0.01
[INFO] [1756259348.996506710] [moveit_ros.current_state_monitor]: Didn't receive robot state (joint angles) with recent timestamp within 1.000000 seconds. Requested time 1756259347.996422, but latest received state has time 0.000000.
Check clock synchronization if your are running ROS across multiple machines!
[WARN] [1756259348.996570106] [moveit_ros.trajectory_execution_manager]: Failed to validate trajectory: couldn't receive full current joint state within 1s
[INFO] [1756259348.996611512] [moveit_move_group_default_capabilities.execute_trajectory_action_capability]: Execution completed: ABORTED
[INFO] [1756259450.088734262] [moveit_move_group_default_capabilities.move_action_capability]: Received request
[INFO] [1756259450.088828802] [moveit_move_group_default_capabilities.move_action_capability]: executing..
[INFO] [1756259451.089050976] [moveit_ros.current_state_monitor]: Didn't receive robot state (joint angles) with recent timestamp within 1.000000 seconds. Requested time 1756259450.088847, but latest received state has time 0.000000.
Check clock synchronization if your are running ROS across multiple machines!
[WARN] [1756259451.089094364] [moveit_ros.planning_scene_monitor.planning_scene_monitor]: Failed to fetch current robot state.
[INFO] [1756259451.089132641] [moveit_move_group_default_capabilities.move_action_capability]: Combined planning and execution request received for MoveGroup action. Forwarding to planning and execution pipeline.
[INFO] [1756259451.089223606] [moveit_ros.plan_execution]: Planning attempt 1 of at most 1
[INFO] [1756259451.089230800] [moveit_move_group_capabilities_base.move_group_capability]: Using planning pipeline 'ompl'
[INFO] [1756259451.089714141] [moveit.ompl_planning.model_based_planning_context]: Planner configuration 'dual_arm' will use planner 'geometric::RRTConnect'. Additional configuration parameters will be set when the planner is constructed.
[INFO] [1756259451.122967111] [moveit.plugins.moveit_simple_controller_manager]: Returned 2 controllers in list
[INFO] [1756259451.122991958] [moveit.plugins.moveit_simple_controller_manager]: Returned 2 controllers in list
[INFO] [1756259451.123065393] [moveit_ros.trajectory_execution_manager]: Validating trajectory with allowed_start_tolerance 0.01
[INFO] [1756259452.123157673] [moveit_ros.current_state_monitor]: Didn't receive robot state (joint angles) with recent timestamp within 1.000000 seconds. Requested time 1756259451.123072, but latest received state has time 0.000000.
Check clock synchronization if your are running ROS across multiple machines!
[WARN] [1756259452.123190333] [moveit_ros.trajectory_execution_manager]: Failed to validate trajectory: couldn't receive full current joint state within 1s
[INFO] [1756259452.123318921] [moveit_move_group_default_capabilities.move_action_capability]: Solution found but controller failed during execution
[INFO] [1756260380.486964801] [rclcpp]: signal_handler(signum=2)
