[INFO] [1756708872.047279214] [moveit_rdf_loader.rdf_loader]: Loaded robot model in 0 seconds
[INFO] [1756708872.047354696] [moveit_robot_model.robot_model]: Loading robot model 'ea200'...
[INFO] [1756708872.047365434] [moveit_robot_model.robot_model]: No root/virtual joint specified in SRDF. Assuming fixed joint
[ERROR] [1756708872.461984237] [moveit_kinematics_base.kinematics_base]: Group 'dual_arm' is not a chain
[ERROR] [1756708872.462003160] [kinematics_plugin_loader]: Kinematics solver of type 'kdl_kinematics_plugin/KDLKinematicsPlugin' could not be initialized for group 'dual_arm'
[ERROR] [1756708872.462012414] [moveit_ros.robot_model_loader]: Kinematics solver could not be instantiated for joint group dual_arm.
[INFO] [1756708873.396068748] [moveit_ros.planning_scene_monitor.planning_scene_monitor]: Publishing maintained planning scene on 'monitored_planning_scene'
[INFO] [1756708873.396189872] [moveit.ros_planning_interface.moveit_cpp]: Listening to 'joint_states' for joint states
[INFO] [1756708873.396689680] [moveit_ros.current_state_monitor]: Listening to joint states on topic 'joint_states'
[INFO] [1756708873.396907932] [moveit_ros.planning_scene_monitor.planning_scene_monitor]: Listening to '/attached_collision_object' for attached collision objects
[INFO] [1756708873.396915939] [moveit_ros.planning_scene_monitor.planning_scene_monitor]: Starting planning scene monitor
[INFO] [1756708873.397078574] [moveit_ros.planning_scene_monitor.planning_scene_monitor]: Listening to '/planning_scene'
[INFO] [1756708873.397086712] [moveit_ros.planning_scene_monitor.planning_scene_monitor]: Starting world geometry update monitor for collision objects, attached objects, octomap updates.
[INFO] [1756708873.397278431] [moveit_ros.planning_scene_monitor.planning_scene_monitor]: Listening to 'collision_object'
[INFO] [1756708873.397441079] [moveit_ros.planning_scene_monitor.planning_scene_monitor]: Listening to 'planning_scene_world' for planning scene world geometry
[WARN] [1756708873.398006207] [moveit.ros.occupancy_map_monitor.middleware_handle]: Resolution not specified for Octomap. Assuming resolution = 0.1 instead
[ERROR] [1756708873.398015483] [moveit.ros.occupancy_map_monitor.middleware_handle]: No 3D sensor plugin(s) defined for octomap updates
[INFO] [1756708874.344498946] [moveit.ros_planning_interface.moveit_cpp]: Loading planning pipeline 'ompl'
[INFO] [1756708874.374316299] [moveit.ros_planning.planning_pipeline]: Using planning interface 'OMPL'
[INFO] [1756708874.377700371] [moveit_ros.add_time_optimal_parameterization]: Param 'ompl.path_tolerance' was not set. Using default value: 0.100000
[INFO] [1756708874.377710542] [moveit_ros.add_time_optimal_parameterization]: Param 'ompl.resample_dt' was not set. Using default value: 0.100000
[INFO] [1756708874.377713152] [moveit_ros.add_time_optimal_parameterization]: Param 'ompl.min_angle_change' was not set. Using default value: 0.001000
[INFO] [1756708874.377724823] [moveit_ros.fix_workspace_bounds]: Param 'ompl.default_workspace_bounds' was not set. Using default value: 10.000000
[INFO] [1756708874.377733216] [moveit_ros.fix_start_state_bounds]: Param 'ompl.start_state_max_bounds_error' was set to 0.100000
[INFO] [1756708874.377735982] [moveit_ros.fix_start_state_bounds]: Param 'ompl.start_state_max_dt' was not set. Using default value: 0.500000
[INFO] [1756708874.377741951] [moveit_ros.fix_start_state_collision]: Param 'ompl.start_state_max_dt' was not set. Using default value: 0.500000
[INFO] [1756708874.377744774] [moveit_ros.fix_start_state_collision]: Param 'ompl.jiggle_fraction' was set to 0.050000
[INFO] [1756708874.377747369] [moveit_ros.fix_start_state_collision]: Param 'ompl.max_sampling_attempts' was not set. Using default value: 100
[INFO] [1756708874.377753187] [moveit.ros_planning.planning_pipeline]: Using planning request adapter 'Add Time Optimal Parameterization'
[INFO] [1756708874.377755341] [moveit.ros_planning.planning_pipeline]: Using planning request adapter 'Resolve constraint frames to robot links'
[INFO] [1756708874.377756938] [moveit.ros_planning.planning_pipeline]: Using planning request adapter 'Fix Workspace Bounds'
[INFO] [1756708874.377769258] [moveit.ros_planning.planning_pipeline]: Using planning request adapter 'Fix Start State Bounds'
[INFO] [1756708874.377770977] [moveit.ros_planning.planning_pipeline]: Using planning request adapter 'Fix Start State In Collision'
[INFO] [1756708874.377772541] [moveit.ros_planning.planning_pipeline]: Using planning request adapter 'Fix Start State Path Constraints'
[INFO] [1756708874.380481421] [moveit.ros_planning_interface.moveit_cpp]: Loading planning pipeline 'pilz_industrial_motion_planner'
[INFO] [1756708874.384970820] [moveit.pilz_industrial_motion_planner.joint_limits_aggregator]: Reading limits from namespace robot_description_planning
[INFO] [1756708874.390965391] [moveit.pilz_industrial_motion_planner]: Available plugins: pilz_industrial_motion_planner/PlanningContextLoaderCIRC pilz_industrial_motion_planner/PlanningContextLoaderLIN pilz_industrial_motion_planner/PlanningContextLoaderPTP 
[INFO] [1756708874.390975038] [moveit.pilz_industrial_motion_planner]: About to load: pilz_industrial_motion_planner/PlanningContextLoaderCIRC
[INFO] [1756708874.393813202] [moveit.pilz_industrial_motion_planner]: Registered Algorithm [CIRC]
[INFO] [1756708874.393822611] [moveit.pilz_industrial_motion_planner]: About to load: pilz_industrial_motion_planner/PlanningContextLoaderLIN
[INFO] [1756708874.395044682] [moveit.pilz_industrial_motion_planner]: Registered Algorithm [LIN]
[INFO] [1756708874.395051568] [moveit.pilz_industrial_motion_planner]: About to load: pilz_industrial_motion_planner/PlanningContextLoaderPTP
[INFO] [1756708874.396187581] [moveit.pilz_industrial_motion_planner]: Registered Algorithm [PTP]
[INFO] [1756708874.396195825] [moveit.ros_planning.planning_pipeline]: Using planning interface 'Pilz Industrial Motion Planner'
[INFO] [1756708874.420993858] [moveit.plugins.moveit_simple_controller_manager]: Added FollowJointTrajectory controller for left_joint_trajectory_controller
[INFO] [1756708874.422064487] [moveit.plugins.moveit_simple_controller_manager]: Added FollowJointTrajectory controller for right_joint_trajectory_controller
[INFO] [1756708874.422153015] [moveit.plugins.moveit_simple_controller_manager]: Returned 2 controllers in list
[INFO] [1756708874.422166804] [moveit.plugins.moveit_simple_controller_manager]: Returned 2 controllers in list
[INFO] [1756708874.422496849] [moveit_ros.trajectory_execution_manager]: Trajectory execution is managing controllers
[INFO] [1756708874.422505556] [move_group.move_group]: MoveGroup debug mode is ON
[INFO] [1756708874.434115020] [move_group.move_group]: 

********************************************************
* MoveGroup using: 
*     - ApplyPlanningSceneService
*     - ClearOctomapService
*     - CartesianPathService
*     - ExecuteTrajectoryAction
*     - GetPlanningSceneService
*     - KinematicsService
*     - MoveAction
*     - MotionPlanService
*     - QueryPlannersService
*     - StateValidationService
********************************************************

[INFO] [1756708874.434141480] [moveit_move_group_capabilities_base.move_group_context]: MoveGroup context using planning plugin ompl_interface/OMPLPlanner
[INFO] [1756708874.434147023] [moveit_move_group_capabilities_base.move_group_context]: MoveGroup context initialization complete
[WARN] [1756708877.960084420] [moveit_ros.planning_scene_monitor.planning_scene_monitor]: Unable to transform object from frame 'base_footprint' to planning frame'base_link' (Could not find a connection between 'base_link' and 'base_footprint' because they are not part of the same tree.Tf has two or more unconnected trees.)
[WARN] [1756708877.960120530] [moveit_ros.planning_scene_monitor.planning_scene_monitor]: Unable to transform object from frame 'odom' to planning frame'base_link' (Could not find a connection between 'base_link' and 'odom' because they are not part of the same tree.Tf has two or more unconnected trees.)
[INFO] [1756709187.086249888] [rclcpp]: signal_handler(signum=2)
