[INFO] [1756629966.955428031] [moveit_rdf_loader.rdf_loader]: Loaded robot model in 0.0255728 seconds
[INFO] [1756629966.955468476] [moveit_robot_model.robot_model]: Loading robot model 'ea200'...
[INFO] [1756629966.955473399] [moveit_robot_model.robot_model]: No root/virtual joint specified in SRDF. Assuming fixed joint
[ERROR] [1756629967.326331972] [moveit_kinematics_base.kinematics_base]: Group 'dual_arm' is not a chain
[ERROR] [1756629967.326348219] [kinematics_plugin_loader]: Kinematics solver of type 'kdl_kinematics_plugin/KDLKinematicsPlugin' could not be initialized for group 'dual_arm'
[ERROR] [1756629967.326355068] [moveit_ros.robot_model_loader]: Kinematics solver could not be instantiated for joint group dual_arm.
[INFO] [1756629968.085647659] [moveit_ros.planning_scene_monitor.planning_scene_monitor]: Publishing maintained planning scene on 'monitored_planning_scene'
[INFO] [1756629968.085788250] [moveit.ros_planning_interface.moveit_cpp]: Listening to 'joint_states' for joint states
[INFO] [1756629968.086279709] [moveit_ros.current_state_monitor]: Listening to joint states on topic 'joint_states'
[INFO] [1756629968.086474071] [moveit_ros.planning_scene_monitor.planning_scene_monitor]: Listening to '/attached_collision_object' for attached collision objects
[INFO] [1756629968.086483947] [moveit_ros.planning_scene_monitor.planning_scene_monitor]: Starting planning scene monitor
[INFO] [1756629968.086609787] [moveit_ros.planning_scene_monitor.planning_scene_monitor]: Listening to '/planning_scene'
[INFO] [1756629968.086616206] [moveit_ros.planning_scene_monitor.planning_scene_monitor]: Starting world geometry update monitor for collision objects, attached objects, octomap updates.
[INFO] [1756629968.086743463] [moveit_ros.planning_scene_monitor.planning_scene_monitor]: Listening to 'collision_object'
[INFO] [1756629968.086875086] [moveit_ros.planning_scene_monitor.planning_scene_monitor]: Listening to 'planning_scene_world' for planning scene world geometry
[WARN] [1756629968.087493468] [moveit.ros.occupancy_map_monitor.middleware_handle]: Resolution not specified for Octomap. Assuming resolution = 0.1 instead
[ERROR] [1756629968.087501568] [moveit.ros.occupancy_map_monitor.middleware_handle]: No 3D sensor plugin(s) defined for octomap updates
[INFO] [1756629968.900487723] [moveit.ros_planning_interface.moveit_cpp]: Loading planning pipeline 'ompl'
[INFO] [1756629968.931296493] [moveit.ros_planning.planning_pipeline]: Using planning interface 'OMPL'
[INFO] [1756629968.934656366] [moveit_ros.add_time_optimal_parameterization]: Param 'ompl.path_tolerance' was not set. Using default value: 0.100000
[INFO] [1756629968.934666446] [moveit_ros.add_time_optimal_parameterization]: Param 'ompl.resample_dt' was not set. Using default value: 0.100000
[INFO] [1756629968.934668980] [moveit_ros.add_time_optimal_parameterization]: Param 'ompl.min_angle_change' was not set. Using default value: 0.001000
[INFO] [1756629968.934680377] [moveit_ros.fix_workspace_bounds]: Param 'ompl.default_workspace_bounds' was not set. Using default value: 10.000000
[INFO] [1756629968.934688784] [moveit_ros.fix_start_state_bounds]: Param 'ompl.start_state_max_bounds_error' was set to 0.100000
[INFO] [1756629968.934691728] [moveit_ros.fix_start_state_bounds]: Param 'ompl.start_state_max_dt' was not set. Using default value: 0.500000
[INFO] [1756629968.934697570] [moveit_ros.fix_start_state_collision]: Param 'ompl.start_state_max_dt' was not set. Using default value: 0.500000
[INFO] [1756629968.934700507] [moveit_ros.fix_start_state_collision]: Param 'ompl.jiggle_fraction' was set to 0.050000
[INFO] [1756629968.934703252] [moveit_ros.fix_start_state_collision]: Param 'ompl.max_sampling_attempts' was not set. Using default value: 100
[INFO] [1756629968.934709173] [moveit.ros_planning.planning_pipeline]: Using planning request adapter 'Add Time Optimal Parameterization'
[INFO] [1756629968.934711372] [moveit.ros_planning.planning_pipeline]: Using planning request adapter 'Resolve constraint frames to robot links'
[INFO] [1756629968.934713070] [moveit.ros_planning.planning_pipeline]: Using planning request adapter 'Fix Workspace Bounds'
[INFO] [1756629968.934725879] [moveit.ros_planning.planning_pipeline]: Using planning request adapter 'Fix Start State Bounds'
[INFO] [1756629968.934727543] [moveit.ros_planning.planning_pipeline]: Using planning request adapter 'Fix Start State In Collision'
[INFO] [1756629968.934729045] [moveit.ros_planning.planning_pipeline]: Using planning request adapter 'Fix Start State Path Constraints'
[INFO] [1756629968.937389566] [moveit.ros_planning_interface.moveit_cpp]: Loading planning pipeline 'pilz_industrial_motion_planner'
[INFO] [1756629968.942463971] [moveit.pilz_industrial_motion_planner.joint_limits_aggregator]: Reading limits from namespace robot_description_planning
[INFO] [1756629968.949683177] [moveit.pilz_industrial_motion_planner]: Available plugins: pilz_industrial_motion_planner/PlanningContextLoaderCIRC pilz_industrial_motion_planner/PlanningContextLoaderLIN pilz_industrial_motion_planner/PlanningContextLoaderPTP 
[INFO] [1756629968.949701205] [moveit.pilz_industrial_motion_planner]: About to load: pilz_industrial_motion_planner/PlanningContextLoaderCIRC
[INFO] [1756629968.952608923] [moveit.pilz_industrial_motion_planner]: Registered Algorithm [CIRC]
[INFO] [1756629968.952619034] [moveit.pilz_industrial_motion_planner]: About to load: pilz_industrial_motion_planner/PlanningContextLoaderLIN
[INFO] [1756629968.953828793] [moveit.pilz_industrial_motion_planner]: Registered Algorithm [LIN]
[INFO] [1756629968.953837163] [moveit.pilz_industrial_motion_planner]: About to load: pilz_industrial_motion_planner/PlanningContextLoaderPTP
[INFO] [1756629968.955059531] [moveit.pilz_industrial_motion_planner]: Registered Algorithm [PTP]
[INFO] [1756629968.955069578] [moveit.ros_planning.planning_pipeline]: Using planning interface 'Pilz Industrial Motion Planner'
[INFO] [1756629968.975344812] [moveit.plugins.moveit_simple_controller_manager]: Added FollowJointTrajectory controller for left_joint_trajectory_controller
[INFO] [1756629968.976199458] [moveit.plugins.moveit_simple_controller_manager]: Added FollowJointTrajectory controller for right_joint_trajectory_controller
[INFO] [1756629968.976283482] [moveit.plugins.moveit_simple_controller_manager]: Returned 2 controllers in list
[INFO] [1756629968.976296601] [moveit.plugins.moveit_simple_controller_manager]: Returned 2 controllers in list
[INFO] [1756629968.976586235] [moveit_ros.trajectory_execution_manager]: Trajectory execution is managing controllers
[INFO] [1756629968.976594831] [move_group.move_group]: MoveGroup debug mode is ON
[INFO] [1756629968.986558304] [move_group.move_group]: 

********************************************************
* MoveGroup using: 
*     - ApplyPlanningSceneService
*     - ClearOctomapService
*     - CartesianPathService
*     - ExecuteTrajectoryAction
*     - GetPlanningSceneService
*     - KinematicsService
*     - MoveAction
*     - MotionPlanService
*     - QueryPlannersService
*     - StateValidationService
********************************************************

[INFO] [1756629968.986585735] [moveit_move_group_capabilities_base.move_group_context]: MoveGroup context using planning plugin ompl_interface/OMPLPlanner
[INFO] [1756629968.986592100] [moveit_move_group_capabilities_base.move_group_context]: MoveGroup context initialization complete
[WARN] [1756629972.571193348] [moveit_ros.planning_scene_monitor.planning_scene_monitor]: Unable to transform object from frame 'base_footprint' to planning frame'base_link' (Could not find a connection between 'base_link' and 'base_footprint' because they are not part of the same tree.Tf has two or more unconnected trees.)
[WARN] [1756629972.571223336] [moveit_ros.planning_scene_monitor.planning_scene_monitor]: Unable to transform object from frame 'odom' to planning frame'base_link' (Could not find a connection between 'base_link' and 'odom' because they are not part of the same tree.Tf has two or more unconnected trees.)
[INFO] [1756629984.117123130] [moveit_move_group_default_capabilities.move_action_capability]: Received request
[INFO] [1756629984.117228525] [moveit_move_group_default_capabilities.move_action_capability]: executing..
[WARN] [1756629984.118161813] [moveit_ros.planning_scene_monitor.planning_scene_monitor]: Unable to transform object from frame 'base_footprint' to planning frame'base_link' (Could not find a connection between 'base_link' and 'base_footprint' because they are not part of the same tree.Tf has two or more unconnected trees.)
[WARN] [1756629984.118171717] [moveit_ros.planning_scene_monitor.planning_scene_monitor]: Unable to transform object from frame 'odom' to planning frame'base_link' (Could not find a connection between 'base_link' and 'odom' because they are not part of the same tree.Tf has two or more unconnected trees.)
[INFO] [1756629984.118205141] [moveit_move_group_default_capabilities.move_action_capability]: Planning request received for MoveGroup action. Forwarding to planning pipeline.
[INFO] [1756629984.118208845] [moveit_move_group_capabilities_base.move_group_capability]: Using planning pipeline 'ompl'
[INFO] [1756629984.118945155] [moveit.ompl_planning.model_based_planning_context]: Planner configuration 'dual_arm' will use planner 'geometric::RRTConnect'. Additional configuration parameters will be set when the planner is constructed.
[WARN] [1756629984.126744289] [moveit_trajectory_processing.time_optimal_trajectory_generation]: Joint acceleration limits are not defined. Using the default 1 rad/s^2. You can define acceleration limits in the URDF or joint_limits.yaml.
[INFO] [1756629984.130130398] [moveit_move_group_default_capabilities.move_action_capability]: Motion plan was computed successfully.
[INFO] [1756629990.704862706] [moveit_move_group_default_capabilities.execute_trajectory_action_capability]: Received goal request
[INFO] [1756629990.704957097] [moveit_move_group_default_capabilities.execute_trajectory_action_capability]: Execution request received
[INFO] [1756629990.704987719] [moveit.plugins.moveit_simple_controller_manager]: Returned 2 controllers in list
[INFO] [1756629990.705005374] [moveit.plugins.moveit_simple_controller_manager]: Returned 2 controllers in list
[INFO] [1756629990.705097384] [moveit_ros.trajectory_execution_manager]: Validating trajectory with allowed_start_tolerance 0.01
[INFO] [1756629990.708271244] [moveit_ros.trajectory_execution_manager]: Starting trajectory execution ...
[INFO] [1756629990.708309900] [moveit.plugins.moveit_simple_controller_manager]: Returned 2 controllers in list
[INFO] [1756629990.708329361] [moveit.plugins.moveit_simple_controller_manager]: Returned 2 controllers in list
[INFO] [1756629990.708461561] [moveit.simple_controller_manager.follow_joint_trajectory_controller_handle]: sending trajectory to left_joint_trajectory_controller
[INFO] [1756629990.708957009] [moveit.simple_controller_manager.follow_joint_trajectory_controller_handle]: left_joint_trajectory_controller started execution
[INFO] [1756629990.708974491] [moveit.simple_controller_manager.follow_joint_trajectory_controller_handle]: Goal request accepted!
[INFO] [1756629990.709009436] [moveit.simple_controller_manager.follow_joint_trajectory_controller_handle]: sending trajectory to right_joint_trajectory_controller
[INFO] [1756629990.709197243] [moveit.simple_controller_manager.follow_joint_trajectory_controller_handle]: right_joint_trajectory_controller started execution
[INFO] [1756629990.709208868] [moveit.simple_controller_manager.follow_joint_trajectory_controller_handle]: Goal request accepted!
[INFO] [1756629994.909501132] [moveit.simple_controller_manager.follow_joint_trajectory_controller_handle]: Controller 'left_joint_trajectory_controller' successfully finished
[INFO] [1756629994.909789597] [moveit.simple_controller_manager.follow_joint_trajectory_controller_handle]: Controller 'right_joint_trajectory_controller' successfully finished
[INFO] [1756629994.929795144] [moveit_ros.trajectory_execution_manager]: Completed trajectory execution with status SUCCEEDED ...
[INFO] [1756629994.929867074] [moveit_move_group_default_capabilities.execute_trajectory_action_capability]: Execution completed: SUCCEEDED
[INFO] [1756630352.293193373] [moveit_move_group_default_capabilities.move_action_capability]: Received request
[INFO] [1756630352.293247638] [moveit_move_group_default_capabilities.move_action_capability]: executing..
[WARN] [1756630352.296504405] [moveit_ros.planning_scene_monitor.planning_scene_monitor]: Unable to transform object from frame 'base_footprint' to planning frame'base_link' (Could not find a connection between 'base_link' and 'base_footprint' because they are not part of the same tree.Tf has two or more unconnected trees.)
[WARN] [1756630352.296525506] [moveit_ros.planning_scene_monitor.planning_scene_monitor]: Unable to transform object from frame 'odom' to planning frame'base_link' (Could not find a connection between 'base_link' and 'odom' because they are not part of the same tree.Tf has two or more unconnected trees.)
[INFO] [1756630352.296552554] [moveit_move_group_default_capabilities.move_action_capability]: Planning request received for MoveGroup action. Forwarding to planning pipeline.
[INFO] [1756630352.296557642] [moveit_move_group_capabilities_base.move_group_capability]: Using planning pipeline 'ompl'
[INFO] [1756630352.296982321] [moveit.ompl_planning.model_based_planning_context]: Planner configuration 'right_arm' will use planner 'geometric::RRTConnect'. Additional configuration parameters will be set when the planner is constructed.
[INFO] [1756630352.320057414] [moveit_move_group_default_capabilities.move_action_capability]: Motion plan was computed successfully.
[INFO] [1756630359.872295262] [moveit_move_group_default_capabilities.execute_trajectory_action_capability]: Received goal request
[INFO] [1756630359.872372628] [moveit_move_group_default_capabilities.execute_trajectory_action_capability]: Execution request received
[INFO] [1756630359.872393661] [moveit.plugins.moveit_simple_controller_manager]: Returned 2 controllers in list
[INFO] [1756630359.872407109] [moveit.plugins.moveit_simple_controller_manager]: Returned 2 controllers in list
[INFO] [1756630359.872452003] [moveit_ros.trajectory_execution_manager]: Validating trajectory with allowed_start_tolerance 0.01
[INFO] [1756630359.878174201] [moveit_ros.trajectory_execution_manager]: Starting trajectory execution ...
[INFO] [1756630359.878210467] [moveit.plugins.moveit_simple_controller_manager]: Returned 2 controllers in list
[INFO] [1756630359.878229635] [moveit.plugins.moveit_simple_controller_manager]: Returned 2 controllers in list
[INFO] [1756630359.878318836] [moveit.simple_controller_manager.follow_joint_trajectory_controller_handle]: sending trajectory to right_joint_trajectory_controller
[INFO] [1756630359.878782133] [moveit.simple_controller_manager.follow_joint_trajectory_controller_handle]: right_joint_trajectory_controller started execution
[INFO] [1756630359.878793407] [moveit.simple_controller_manager.follow_joint_trajectory_controller_handle]: Goal request accepted!
[INFO] [1756630367.179307590] [moveit.simple_controller_manager.follow_joint_trajectory_controller_handle]: Controller 'right_joint_trajectory_controller' successfully finished
[INFO] [1756630367.198144009] [moveit_ros.trajectory_execution_manager]: Completed trajectory execution with status SUCCEEDED ...
[INFO] [1756630367.198298084] [moveit_move_group_default_capabilities.execute_trajectory_action_capability]: Execution completed: SUCCEEDED
[INFO] [1756630377.699211886] [moveit_move_group_default_capabilities.move_action_capability]: Received request
[INFO] [1756630377.699257010] [moveit_move_group_default_capabilities.move_action_capability]: executing..
[WARN] [1756630377.708135249] [moveit_ros.planning_scene_monitor.planning_scene_monitor]: Unable to transform object from frame 'base_footprint' to planning frame'base_link' (Could not find a connection between 'base_link' and 'base_footprint' because they are not part of the same tree.Tf has two or more unconnected trees.)
[WARN] [1756630377.708152165] [moveit_ros.planning_scene_monitor.planning_scene_monitor]: Unable to transform object from frame 'odom' to planning frame'base_link' (Could not find a connection between 'base_link' and 'odom' because they are not part of the same tree.Tf has two or more unconnected trees.)
[INFO] [1756630377.708199634] [moveit_move_group_default_capabilities.move_action_capability]: Planning request received for MoveGroup action. Forwarding to planning pipeline.
[INFO] [1756630377.708203441] [moveit_move_group_capabilities_base.move_group_capability]: Using planning pipeline 'ompl'
[INFO] [1756630377.708775316] [moveit.ompl_planning.model_based_planning_context]: Planner configuration 'right_arm' will use planner 'geometric::RRTConnect'. Additional configuration parameters will be set when the planner is constructed.
[INFO] [1756630377.732827059] [moveit_move_group_default_capabilities.move_action_capability]: Motion plan was computed successfully.
[INFO] [1756630380.243857712] [moveit_move_group_default_capabilities.execute_trajectory_action_capability]: Received goal request
[INFO] [1756630380.243923534] [moveit_move_group_default_capabilities.execute_trajectory_action_capability]: Execution request received
[INFO] [1756630380.243944567] [moveit.plugins.moveit_simple_controller_manager]: Returned 2 controllers in list
[INFO] [1756630380.243957305] [moveit.plugins.moveit_simple_controller_manager]: Returned 2 controllers in list
[INFO] [1756630380.244003024] [moveit_ros.trajectory_execution_manager]: Validating trajectory with allowed_start_tolerance 0.01
[INFO] [1756630380.248145859] [moveit_ros.trajectory_execution_manager]: Starting trajectory execution ...
[INFO] [1756630380.248178977] [moveit.plugins.moveit_simple_controller_manager]: Returned 2 controllers in list
[INFO] [1756630380.248199471] [moveit.plugins.moveit_simple_controller_manager]: Returned 2 controllers in list
[INFO] [1756630380.248289204] [moveit.simple_controller_manager.follow_joint_trajectory_controller_handle]: sending trajectory to right_joint_trajectory_controller
[INFO] [1756630380.248694574] [moveit.simple_controller_manager.follow_joint_trajectory_controller_handle]: right_joint_trajectory_controller started execution
[INFO] [1756630380.248704308] [moveit.simple_controller_manager.follow_joint_trajectory_controller_handle]: Goal request accepted!
[INFO] [1756630389.549279777] [moveit.simple_controller_manager.follow_joint_trajectory_controller_handle]: Controller 'right_joint_trajectory_controller' successfully finished
[INFO] [1756630389.568132700] [moveit_ros.trajectory_execution_manager]: Completed trajectory execution with status SUCCEEDED ...
[INFO] [1756630389.568238306] [moveit_move_group_default_capabilities.execute_trajectory_action_capability]: Execution completed: SUCCEEDED
[INFO] [1756630404.039131715] [moveit_move_group_default_capabilities.move_action_capability]: Received request
[INFO] [1756630404.039229396] [moveit_move_group_default_capabilities.move_action_capability]: executing..
[WARN] [1756630404.048202269] [moveit_ros.planning_scene_monitor.planning_scene_monitor]: Unable to transform object from frame 'base_footprint' to planning frame'base_link' (Could not find a connection between 'base_link' and 'base_footprint' because they are not part of the same tree.Tf has two or more unconnected trees.)
[WARN] [1756630404.048226283] [moveit_ros.planning_scene_monitor.planning_scene_monitor]: Unable to transform object from frame 'odom' to planning frame'base_link' (Could not find a connection between 'base_link' and 'odom' because they are not part of the same tree.Tf has two or more unconnected trees.)
[INFO] [1756630404.048264631] [moveit_move_group_default_capabilities.move_action_capability]: Planning request received for MoveGroup action. Forwarding to planning pipeline.
[INFO] [1756630404.048271617] [moveit_move_group_capabilities_base.move_group_capability]: Using planning pipeline 'ompl'
[INFO] [1756630404.048936610] [moveit.ompl_planning.model_based_planning_context]: Planner configuration 'right_arm' will use planner 'geometric::RRTConnect'. Additional configuration parameters will be set when the planner i