[INFO] [1756259050.109736633] [moveit_rdf_loader.rdf_loader]: Loaded robot model in 0.0251358 seconds
[INFO] [1756259050.109790046] [moveit_robot_model.robot_model]: Loading robot model 'ea200'...
[INFO] [1756259050.109795047] [moveit_robot_model.robot_model]: No root/virtual joint specified in SRDF. Assuming fixed joint
[ERROR] [1756259050.517192279] [moveit_kinematics_base.kinematics_base]: Group 'dual_arm' is not a chain
[ERROR] [1756259050.517208876] [kinematics_plugin_loader]: Kinematics solver of type 'kdl_kinematics_plugin/KDLKinematicsPlugin' could not be initialized for group 'dual_arm'
[ERROR] [1756259050.517215758] [moveit_ros.robot_model_loader]: Kinematics solver could not be instantiated for joint group dual_arm.
[INFO] [1756259051.300991211] [moveit_ros.planning_scene_monitor.planning_scene_monitor]: Publishing maintained planning scene on 'monitored_planning_scene'
[INFO] [1756259051.301095099] [moveit.ros_planning_interface.moveit_cpp]: Listening to 'joint_states' for joint states
[INFO] [1756259051.301541825] [moveit_ros.current_state_monitor]: Listening to joint states on topic 'joint_states'
[INFO] [1756259051.301712842] [moveit_ros.planning_scene_monitor.planning_scene_monitor]: Listening to '/attached_collision_object' for attached collision objects
[INFO] [1756259051.301720591] [moveit_ros.planning_scene_monitor.planning_scene_monitor]: Starting planning scene monitor
[INFO] [1756259051.301813260] [moveit_ros.planning_scene_monitor.planning_scene_monitor]: Listening to '/planning_scene'
[INFO] [1756259051.301818372] [moveit_ros.planning_scene_monitor.planning_scene_monitor]: Starting world geometry update monitor for collision objects, attached objects, octomap updates.
[INFO] [1756259051.301931673] [moveit_ros.planning_scene_monitor.planning_scene_monitor]: Listening to 'collision_object'
[INFO] [1756259051.302030242] [moveit_ros.planning_scene_monitor.planning_scene_monitor]: Listening to 'planning_scene_world' for planning scene world geometry
[WARN] [1756259051.302715419] [moveit.ros.occupancy_map_monitor.middleware_handle]: Resolution not specified for Octomap. Assuming resolution = 0.1 instead
[ERROR] [1756259051.302724298] [moveit.ros.occupancy_map_monitor.middleware_handle]: No 3D sensor plugin(s) defined for octomap updates
[INFO] [1756259052.141088054] [moveit.ros_planning_interface.moveit_cpp]: Loading planning pipeline 'chomp'
[INFO] [1756259052.150228921] [moveit.ros_planning.planning_pipeline]: Using planning interface 'CHOMP'
[INFO] [1756259052.153725578] [moveit_ros.add_time_optimal_parameterization]: Param 'chomp.path_tolerance' was not set. Using default value: 0.100000
[INFO] [1756259052.153739291] [moveit_ros.add_time_optimal_parameterization]: Param 'chomp.resample_dt' was not set. Using default value: 0.100000
[INFO] [1756259052.153741777] [moveit_ros.add_time_optimal_parameterization]: Param 'chomp.min_angle_change' was not set. Using default value: 0.001000
[INFO] [1756259052.153752531] [moveit_ros.fix_workspace_bounds]: Param 'chomp.default_workspace_bounds' was not set. Using default value: 10.000000
[INFO] [1756259052.153760186] [moveit_ros.fix_start_state_bounds]: Param 'chomp.start_state_max_bounds_error' was set to 0.100000
[INFO] [1756259052.153762778] [moveit_ros.fix_start_state_bounds]: Param 'chomp.start_state_max_dt' was not set. Using default value: 0.500000
[INFO] [1756259052.153767917] [moveit_ros.fix_start_state_collision]: Param 'chomp.start_state_max_dt' was not set. Using default value: 0.500000
[INFO] [1756259052.153770375] [moveit_ros.fix_start_state_collision]: Param 'chomp.jiggle_fraction' was set to 0.050000
[INFO] [1756259052.153772753] [moveit_ros.fix_start_state_collision]: Param 'chomp.max_sampling_attempts' was not set. Using default value: 100
[INFO] [1756259052.153778337] [moveit.ros_planning.planning_pipeline]: Using planning request adapter 'Add Time Optimal Parameterization'
[INFO] [1756259052.153780433] [moveit.ros_planning.planning_pipeline]: Using planning request adapter 'Resolve constraint frames to robot links'
[INFO] [1756259052.153781969] [moveit.ros_planning.planning_pipeline]: Using planning request adapter 'Fix Workspace Bounds'
[INFO] [1756259052.153800071] [moveit.ros_planning.planning_pipeline]: Using planning request adapter 'Fix Start State Bounds'
[INFO] [1756259052.153801735] [moveit.ros_planning.planning_pipeline]: Using planning request adapter 'Fix Start State In Collision'
[INFO] [1756259052.153803117] [moveit.ros_planning.planning_pipeline]: Using planning request adapter 'Fix Start State Path Constraints'
[INFO] [1756259052.156589235] [moveit.ros_planning_interface.moveit_cpp]: Loading planning pipeline 'ompl'
[INFO] [1756259052.188249501] [moveit.ros_planning.planning_pipeline]: Using planning interface 'OMPL'
[INFO] [1756259052.189950020] [moveit_ros.add_time_optimal_parameterization]: Param 'ompl.path_tolerance' was not set. Using default value: 0.100000
[INFO] [1756259052.189957760] [moveit_ros.add_time_optimal_parameterization]: Param 'ompl.resample_dt' was not set. Using default value: 0.100000
[INFO] [1756259052.189960091] [moveit_ros.add_time_optimal_parameterization]: Param 'ompl.min_angle_change' was not set. Using default value: 0.001000
[INFO] [1756259052.189970873] [moveit_ros.fix_workspace_bounds]: Param 'ompl.default_workspace_bounds' was not set. Using default value: 10.000000
[INFO] [1756259052.189978930] [moveit_ros.fix_start_state_bounds]: Param 'ompl.start_state_max_bounds_error' was set to 0.100000
[INFO] [1756259052.189981501] [moveit_ros.fix_start_state_bounds]: Param 'ompl.start_state_max_dt' was not set. Using default value: 0.500000
[INFO] [1756259052.189987028] [moveit_ros.fix_start_state_collision]: Param 'ompl.start_state_max_dt' was not set. Using default value: 0.500000
[INFO] [1756259052.189989518] [moveit_ros.fix_start_state_collision]: Param 'ompl.jiggle_fraction' was set to 0.050000
[INFO] [1756259052.189991428] [moveit_ros.fix_start_state_collision]: Param 'ompl.max_sampling_attempts' was not set. Using default value: 100
[INFO] [1756259052.189996630] [moveit.ros_planning.planning_pipeline]: Using planning request adapter 'Add Time Optimal Parameterization'
[INFO] [1756259052.189999031] [moveit.ros_planning.planning_pipeline]: Using planning request adapter 'Resolve constraint frames to robot links'
[INFO] [1756259052.190000537] [moveit.ros_planning.planning_pipeline]: Using planning request adapter 'Fix Workspace Bounds'
[INFO] [1756259052.190002006] [moveit.ros_planning.planning_pipeline]: Using planning request adapter 'Fix Start State Bounds'
[INFO] [1756259052.190003355] [moveit.ros_planning.planning_pipeline]: Using planning request adapter 'Fix Start State In Collision'
[INFO] [1756259052.190004697] [moveit.ros_planning.planning_pipeline]: Using planning request adapter 'Fix Start State Path Constraints'
[INFO] [1756259052.190410797] [moveit.ros_planning_interface.moveit_cpp]: Loading planning pipeline 'pilz_industrial_motion_planner'
[INFO] [1756259052.195145311] [moveit.pilz_industrial_motion_planner.joint_limits_aggregator]: Reading limits from namespace robot_description_planning
[INFO] [1756259052.200014606] [moveit.pilz_industrial_motion_planner]: Available plugins: pilz_industrial_motion_planner/PlanningContextLoaderCIRC pilz_industrial_motion_planner/PlanningContextLoaderLIN pilz_industrial_motion_planner/PlanningContextLoaderPTP 
[INFO] [1756259052.200023908] [moveit.pilz_industrial_motion_planner]: About to load: pilz_industrial_motion_planner/PlanningContextLoaderCIRC
[INFO] [1756259052.202761384] [moveit.pilz_industrial_motion_planner]: Registered Algorithm [CIRC]
[INFO] [1756259052.202769986] [moveit.pilz_industrial_motion_planner]: About to load: pilz_industrial_motion_planner/PlanningContextLoaderLIN
[INFO] [1756259052.203927599] [moveit.pilz_industrial_motion_planner]: Registered Algorithm [LIN]
[INFO] [1756259052.203933964] [moveit.pilz_industrial_motion_planner]: About to load: pilz_industrial_motion_planner/PlanningContextLoaderPTP
[INFO] [1756259052.204994712] [moveit.pilz_industrial_motion_planner]: Registered Algorithm [PTP]
[INFO] [1756259052.205003019] [moveit.ros_planning.planning_pipeline]: Using planning interface 'Pilz Industrial Motion Planner'
[INFO] [1756259052.223764610] [moveit.plugins.moveit_simple_controller_manager]: Added FollowJointTrajectory controller for left_joint_trajectory_controller
[INFO] [1756259052.224288881] [moveit.plugins.moveit_simple_controller_manager]: Added FollowJointTrajectory controller for right_joint_trajectory_controller
[INFO] [1756259052.224382967] [moveit.plugins.moveit_simple_controller_manager]: Returned 2 controllers in list
[INFO] [1756259052.224397290] [moveit.plugins.moveit_simple_controller_manager]: Returned 2 controllers in list
[INFO] [1756259052.224596071] [moveit_ros.trajectory_execution_manager]: Trajectory execution is managing controllers
[INFO] [1756259052.224609334] [move_group.move_group]: MoveGroup debug mode is ON
[INFO] [1756259052.235561780] [move_group.move_group]: 

********************************************************
* MoveGroup using: 
*     - ApplyPlanningSceneService
*     - ClearOctomapService
*     - CartesianPathService
*     - ExecuteTrajectoryAction
*     - GetPlanningSceneService
*     - KinematicsService
*     - MoveAction
*     - MotionPlanService
*     - QueryPlannersService
*     - StateValidationService
********************************************************

[INFO] [1756259052.235595402] [moveit_move_group_capabilities_base.move_group_context]: MoveGroup context using planning plugin ompl_interface/OMPLPlanner
[INFO] [1756259052.235601324] [moveit_move_group_capabilities_base.move_group_context]: MoveGroup context initialization complete
[INFO] [1756259095.811453789] [moveit_move_group_default_capabilities.move_action_capability]: Received request
[INFO] [1756259095.811558495] [moveit_move_group_default_capabilities.move_action_capability]: executing..
[INFO] [1756259096.811787050] [moveit_ros.current_state_monitor]: Didn't receive robot state (joint angles) with recent timestamp within 1.000000 seconds. Requested time 1756259095.811587, but latest received state has time 0.000000.
Check clock synchronization if your are running ROS across multiple machines!
[WARN] [1756259096.811819149] [moveit_ros.planning_scene_monitor.planning_scene_monitor]: Failed to fetch current robot state.
[INFO] [1756259096.811891680] [moveit_move_group_default_capabilities.move_action_capability]: Combined planning and execution request received for MoveGroup action. Forwarding to planning and execution pipeline.
[INFO] [1756259096.812097164] [moveit_move_group_default_capabilities.move_action_capability]: Goal constraints are already satisfied. No need to plan or execute any motions
[INFO] [1756259096.812126595] [moveit_move_group_default_capabilities.move_action_capability]: Requested path and goal constraints are already met.
[INFO] [1756259208.707966800] [rclcpp]: signal_handler(signum=2)
