[INFO] [1756261101.260857083] [moveit_rdf_loader.rdf_loader]: Loaded robot model in 0.024969 seconds
[INFO] [1756261101.260908518] [moveit_robot_model.robot_model]: Loading robot model 'ea200'...
[INFO] [1756261101.260915202] [moveit_robot_model.robot_model]: No root/virtual joint specified in SRDF. Assuming fixed joint
[ERROR] [1756261101.634542569] [moveit_kinematics_base.kinematics_base]: Group 'dual_arm' is not a chain
[ERROR] [1756261101.634559523] [kinematics_plugin_loader]: Kinematics solver of type 'kdl_kinematics_plugin/KDLKinematicsPlugin' could not be initialized for group 'dual_arm'
[ERROR] [1756261101.634567432] [moveit_ros.robot_model_loader]: Kinematics solver could not be instantiated for joint group dual_arm.
[INFO] [1756261102.581716698] [moveit_ros.planning_scene_monitor.planning_scene_monitor]: Publishing maintained planning scene on 'monitored_planning_scene'
[INFO] [1756261102.581835668] [moveit.ros_planning_interface.moveit_cpp]: Listening to 'joint_states' for joint states
[INFO] [1756261102.582335875] [moveit_ros.current_state_monitor]: Listening to joint states on topic 'joint_states'
[INFO] [1756261102.582564841] [moveit_ros.planning_scene_monitor.planning_scene_monitor]: Listening to '/attached_collision_object' for attached collision objects
[INFO] [1756261102.582575311] [moveit_ros.planning_scene_monitor.planning_scene_monitor]: Starting planning scene monitor
[INFO] [1756261102.582736521] [moveit_ros.planning_scene_monitor.planning_scene_monitor]: Listening to '/planning_scene'
[INFO] [1756261102.582743023] [moveit_ros.planning_scene_monitor.planning_scene_monitor]: Starting world geometry update monitor for collision objects, attached objects, octomap updates.
[INFO] [1756261102.582909357] [moveit_ros.planning_scene_monitor.planning_scene_monitor]: Listening to 'collision_object'
[INFO] [1756261102.583073452] [moveit_ros.planning_scene_monitor.planning_scene_monitor]: Listening to 'planning_scene_world' for planning scene world geometry
[WARN] [1756261102.583476279] [moveit.ros.occupancy_map_monitor.middleware_handle]: Resolution not specified for Octomap. Assuming resolution = 0.1 instead
[ERROR] [1756261102.583485200] [moveit.ros.occupancy_map_monitor.middleware_handle]: No 3D sensor plugin(s) defined for octomap updates
[INFO] [1756261103.627856392] [moveit.ros_planning_interface.moveit_cpp]: Loading planning pipeline 'ompl'
[INFO] [1756261103.635986720] [moveit.ros_planning.planning_pipeline]: Using planning interface 'OMPL'
[INFO] [1756261103.638590051] [moveit_ros.add_time_optimal_parameterization]: Param 'ompl.path_tolerance' was not set. Using default value: 0.100000
[INFO] [1756261103.638600391] [moveit_ros.add_time_optimal_parameterization]: Param 'ompl.resample_dt' was not set. Using default value: 0.100000
[INFO] [1756261103.638603488] [moveit_ros.add_time_optimal_parameterization]: Param 'ompl.min_angle_change' was not set. Using default value: 0.001000
[INFO] [1756261103.638616774] [moveit_ros.fix_workspace_bounds]: Param 'ompl.default_workspace_bounds' was not set. Using default value: 10.000000
[INFO] [1756261103.638626831] [moveit_ros.fix_start_state_bounds]: Param 'ompl.start_state_max_bounds_error' was set to 0.100000
[INFO] [1756261103.638630491] [moveit_ros.fix_start_state_bounds]: Param 'ompl.start_state_max_dt' was not set. Using default value: 0.500000
[INFO] [1756261103.638637318] [moveit_ros.fix_start_state_collision]: Param 'ompl.start_state_max_dt' was not set. Using default value: 0.500000
[INFO] [1756261103.638640220] [moveit_ros.fix_start_state_collision]: Param 'ompl.jiggle_fraction' was set to 0.050000
[INFO] [1756261103.638643216] [moveit_ros.fix_start_state_collision]: Param 'ompl.max_sampling_attempts' was not set. Using default value: 100
[INFO] [1756261103.638650460] [moveit.ros_planning.planning_pipeline]: Using planning request adapter 'Add Time Optimal Parameterization'
[INFO] [1756261103.638653463] [moveit.ros_planning.planning_pipeline]: Using planning request adapter 'Resolve constraint frames to robot links'
[INFO] [1756261103.638655568] [moveit.ros_planning.planning_pipeline]: Using planning request adapter 'Fix Workspace Bounds'
[INFO] [1756261103.638675798] [moveit.ros_planning.planning_pipeline]: Using planning request adapter 'Fix Start State Bounds'
[INFO] [1756261103.638677937] [moveit.ros_planning.planning_pipeline]: Using planning request adapter 'Fix Start State In Collision'
[INFO] [1756261103.638679718] [moveit.ros_planning.planning_pipeline]: Using planning request adapter 'Fix Start State Path Constraints'
[INFO] [1756261103.640343435] [moveit.ros_planning_interface.moveit_cpp]: Loading planning pipeline 'pilz_industrial_motion_planner'
[INFO] [1756261103.642903751] [moveit.pilz_industrial_motion_planner.joint_limits_aggregator]: Reading limits from namespace robot_description_planning
[INFO] [1756261103.652901495] [moveit.pilz_industrial_motion_planner]: Available plugins: pilz_industrial_motion_planner/PlanningContextLoaderCIRC pilz_industrial_motion_planner/PlanningContextLoaderLIN pilz_industrial_motion_planner/PlanningContextLoaderPTP 
[INFO] [1756261103.652914108] [moveit.pilz_industrial_motion_planner]: About to load: pilz_industrial_motion_planner/PlanningContextLoaderCIRC
[INFO] [1756261103.653929912] [moveit.pilz_industrial_motion_planner]: Registered Algorithm [CIRC]
[INFO] [1756261103.653939454] [moveit.pilz_industrial_motion_planner]: About to load: pilz_industrial_motion_planner/PlanningContextLoaderLIN
[INFO] [1756261103.654626500] [moveit.pilz_industrial_motion_planner]: Registered Algorithm [LIN]
[INFO] [1756261103.654634565] [moveit.pilz_industrial_motion_planner]: About to load: pilz_industrial_motion_planner/PlanningContextLoaderPTP
[INFO] [1756261103.655248037] [moveit.pilz_industrial_motion_planner]: Registered Algorithm [PTP]
[INFO] [1756261103.655257736] [moveit.ros_planning.planning_pipeline]: Using planning interface 'Pilz Industrial Motion Planner'
[INFO] [1756261103.678872958] [moveit.plugins.moveit_simple_controller_manager]: Added FollowJointTrajectory controller for left_joint_trajectory_controller
[INFO] [1756261103.679917002] [moveit.plugins.moveit_simple_controller_manager]: Added FollowJointTrajectory controller for right_joint_trajectory_controller
[INFO] [1756261103.680006915] [moveit.plugins.moveit_simple_controller_manager]: Returned 2 controllers in list
[INFO] [1756261103.680022106] [moveit.plugins.moveit_simple_controller_manager]: Returned 2 controllers in list
[INFO] [1756261103.680395737] [moveit_ros.trajectory_execution_manager]: Trajectory execution is managing controllers
[INFO] [1756261103.680406958] [move_group.move_group]: MoveGroup debug mode is ON
[INFO] [1756261103.689797054] [move_group.move_group]: 

********************************************************
* MoveGroup using: 
*     - ApplyPlanningSceneService
*     - ClearOctomapService
*     - CartesianPathService
*     - ExecuteTrajectoryAction
*     - GetPlanningSceneService
*     - KinematicsService
*     - MoveAction
*     - MotionPlanService
*     - QueryPlannersService
*     - StateValidationService
********************************************************

[INFO] [1756261103.689823532] [moveit_move_group_capabilities_base.move_group_context]: MoveGroup context using planning plugin ompl_interface/OMPLPlanner
[INFO] [1756261103.689830368] [moveit_move_group_capabilities_base.move_group_context]: MoveGroup context initialization complete
[INFO] [1756261114.881843472] [moveit_move_group_default_capabilities.move_action_capability]: Received request
[INFO] [1756261114.881957831] [moveit_move_group_default_capabilities.move_action_capability]: executing..
[INFO] [1756261114.886466140] [moveit_move_group_default_capabilities.move_action_capability]: Combined planning and execution request received for MoveGroup action. Forwarding to planning and execution pipeline.
[INFO] [1756261114.886607066] [moveit_move_group_default_capabilities.move_action_capability]: Goal constraints are already satisfied. No need to plan or execute any motions
[INFO] [1756261114.886634267] [moveit_move_group_default_capabilities.move_action_capability]: Requested path and goal constraints are already met.
[INFO] [1756261120.813381375] [moveit_move_group_default_capabilities.move_action_capability]: Received request
[INFO] [1756261120.813445199] [moveit_move_group_default_capabilities.move_action_capability]: executing..
[INFO] [1756261120.819725229] [moveit_move_group_default_capabilities.move_action_capability]: Combined planning and execution request received for MoveGroup action. Forwarding to planning and execution pipeline.
[INFO] [1756261120.819855183] [moveit_move_group_default_capabilities.move_action_capability]: Goal constraints are already satisfied. No need to plan or execute any motions
[INFO] [1756261120.819866110] [moveit_move_group_default_capabilities.move_action_capability]: Requested path and goal constraints are already met.
[INFO] [1756261132.095480951] [rclcpp]: signal_handler(signum=2)
