[INFO] [1756262079.729213305] [moveit_rdf_loader.rdf_loader]: Loaded robot model in 0.0283365 seconds
[INFO] [1756262079.729265409] [moveit_robot_model.robot_model]: Loading robot model 'ea200'...
[INFO] [1756262079.729271477] [moveit_robot_model.robot_model]: No root/virtual joint specified in SRDF. Assuming fixed joint
[ERROR] [1756262080.142296812] [moveit_kinematics_base.kinematics_base]: Group 'dual_arm' is not a chain
[ERROR] [1756262080.142316348] [kinematics_plugin_loader]: Kinematics solver of type 'kdl_kinematics_plugin/KDLKinematicsPlugin' could not be initialized for group 'dual_arm'
[ERROR] [1756262080.142324733] [moveit_ros.robot_model_loader]: Kinematics solver could not be instantiated for joint group dual_arm.
[INFO] [1756262081.136778655] [moveit_ros.planning_scene_monitor.planning_scene_monitor]: Publishing maintained planning scene on 'monitored_planning_scene'
[INFO] [1756262081.136889758] [moveit.ros_planning_interface.moveit_cpp]: Listening to 'joint_states' for joint states
[INFO] [1756262081.137275356] [moveit_ros.current_state_monitor]: Listening to joint states on topic 'joint_states'
[INFO] [1756262081.137474490] [moveit_ros.planning_scene_monitor.planning_scene_monitor]: Listening to '/attached_collision_object' for attached collision objects
[INFO] [1756262081.137486212] [moveit_ros.planning_scene_monitor.planning_scene_monitor]: Starting planning scene monitor
[INFO] [1756262081.137614166] [moveit_ros.planning_scene_monitor.planning_scene_monitor]: Listening to '/planning_scene'
[INFO] [1756262081.137621839] [moveit_ros.planning_scene_monitor.planning_scene_monitor]: Starting world geometry update monitor for collision objects, attached objects, octomap updates.
[INFO] [1756262081.137776718] [moveit_ros.planning_scene_monitor.planning_scene_monitor]: Listening to 'collision_object'
[INFO] [1756262081.137921581] [moveit_ros.planning_scene_monitor.planning_scene_monitor]: Listening to 'planning_scene_world' for planning scene world geometry
[WARN] [1756262081.138321171] [moveit.ros.occupancy_map_monitor.middleware_handle]: Resolution not specified for Octomap. Assuming resolution = 0.1 instead
[ERROR] [1756262081.138330011] [moveit.ros.occupancy_map_monitor.middleware_handle]: No 3D sensor plugin(s) defined for octomap updates
[INFO] [1756262082.205940756] [moveit.ros_planning_interface.moveit_cpp]: Loading planning pipeline 'ompl'
[INFO] [1756262082.214354669] [moveit.ros_planning.planning_pipeline]: Using planning interface 'OMPL'
[INFO] [1756262082.217045042] [moveit_ros.add_time_optimal_parameterization]: Param 'ompl.path_tolerance' was not set. Using default value: 0.100000
[INFO] [1756262082.217056700] [moveit_ros.add_time_optimal_parameterization]: Param 'ompl.resample_dt' was not set. Using default value: 0.100000
[INFO] [1756262082.217060016] [moveit_ros.add_time_optimal_parameterization]: Param 'ompl.min_angle_change' was not set. Using default value: 0.001000
[INFO] [1756262082.217073650] [moveit_ros.fix_workspace_bounds]: Param 'ompl.default_workspace_bounds' was not set. Using default value: 10.000000
[INFO] [1756262082.217083227] [moveit_ros.fix_start_state_bounds]: Param 'ompl.start_state_max_bounds_error' was set to 0.100000
[INFO] [1756262082.217086540] [moveit_ros.fix_start_state_bounds]: Param 'ompl.start_state_max_dt' was not set. Using default value: 0.500000
[INFO] [1756262082.217093566] [moveit_ros.fix_start_state_collision]: Param 'ompl.start_state_max_dt' was not set. Using default value: 0.500000
[INFO] [1756262082.217096976] [moveit_ros.fix_start_state_collision]: Param 'ompl.jiggle_fraction' was set to 0.050000
[INFO] [1756262082.217100323] [moveit_ros.fix_start_state_collision]: Param 'ompl.max_sampling_attempts' was not set. Using default value: 100
[INFO] [1756262082.217107416] [moveit.ros_planning.planning_pipeline]: Using planning request adapter 'Add Time Optimal Parameterization'
[INFO] [1756262082.217110300] [moveit.ros_planning.planning_pipeline]: Using planning request adapter 'Resolve constraint frames to robot links'
[INFO] [1756262082.217112279] [moveit.ros_planning.planning_pipeline]: Using planning request adapter 'Fix Workspace Bounds'
[INFO] [1756262082.217128437] [moveit.ros_planning.planning_pipeline]: Using planning request adapter 'Fix Start State Bounds'
[INFO] [1756262082.217130650] [moveit.ros_planning.planning_pipeline]: Using planning request adapter 'Fix Start State In Collision'
[INFO] [1756262082.217132555] [moveit.ros_planning.planning_pipeline]: Using planning request adapter 'Fix Start State Path Constraints'
[INFO] [1756262082.219130437] [moveit.ros_planning_interface.moveit_cpp]: Loading planning pipeline 'pilz_industrial_motion_planner'
[INFO] [1756262082.221629256] [moveit.pilz_industrial_motion_planner.joint_limits_aggregator]: Reading limits from namespace robot_description_planning
[INFO] [1756262082.228914829] [moveit.pilz_industrial_motion_planner]: Available plugins: pilz_industrial_motion_planner/PlanningContextLoaderCIRC pilz_industrial_motion_planner/PlanningContextLoaderLIN pilz_industrial_motion_planner/PlanningContextLoaderPTP 
[INFO] [1756262082.228927204] [moveit.pilz_industrial_motion_planner]: About to load: pilz_industrial_motion_planner/PlanningContextLoaderCIRC
[INFO] [1756262082.229923024] [moveit.pilz_industrial_motion_planner]: Registered Algorithm [CIRC]
[INFO] [1756262082.229933108] [moveit.pilz_industrial_motion_planner]: About to load: pilz_industrial_motion_planner/PlanningContextLoaderLIN
[INFO] [1756262082.230663700] [moveit.pilz_industrial_motion_planner]: Registered Algorithm [LIN]
[INFO] [1756262082.230671466] [moveit.pilz_industrial_motion_planner]: About to load: pilz_industrial_motion_planner/PlanningContextLoaderPTP
[INFO] [1756262082.231353787] [moveit.pilz_industrial_motion_planner]: Registered Algorithm [PTP]
[INFO] [1756262082.231363034] [moveit.ros_planning.planning_pipeline]: Using planning interface 'Pilz Industrial Motion Planner'
[INFO] [1756262082.251517585] [moveit.plugins.moveit_simple_controller_manager]: Added FollowJointTrajectory controller for left_joint_trajectory_controller
[INFO] [1756262082.252485153] [moveit.plugins.moveit_simple_controller_manager]: Added FollowJointTrajectory controller for right_joint_trajectory_controller
[INFO] [1756262082.252608330] [moveit.plugins.moveit_simple_controller_manager]: Returned 2 controllers in list
[INFO] [1756262082.252626925] [moveit.plugins.moveit_simple_controller_manager]: Returned 2 controllers in list
[INFO] [1756262082.252988081] [moveit_ros.trajectory_execution_manager]: Trajectory execution is managing controllers
[INFO] [1756262082.253001910] [move_group.move_group]: MoveGroup debug mode is ON
[INFO] [1756262082.261117639] [move_group.move_group]: 

********************************************************
* MoveGroup using: 
*     - ApplyPlanningSceneService
*     - ClearOctomapService
*     - CartesianPathService
*     - ExecuteTrajectoryAction
*     - GetPlanningSceneService
*     - KinematicsService
*     - MoveAction
*     - MotionPlanService
*     - QueryPlannersService
*     - StateValidationService
********************************************************

[INFO] [1756262082.261144326] [moveit_move_group_capabilities_base.move_group_context]: MoveGroup context using planning plugin ompl_interface/OMPLPlanner
[INFO] [1756262082.261150423] [moveit_move_group_capabilities_base.move_group_context]: MoveGroup context initialization complete
[WARN] [1756262086.055621808] [moveit_ros.planning_scene_monitor.planning_scene_monitor]: Unable to transform object from frame 'base_footprint' to planning frame'base_link' (Could not find a connection between 'base_link' and 'base_footprint' because they are not part of the same tree.Tf has two or more unconnected trees.)
[WARN] [1756262086.055667964] [moveit_ros.planning_scene_monitor.planning_scene_monitor]: Unable to transform object from frame 'odom' to planning frame'base_link' (Could not find a connection between 'base_link' and 'odom' because they are not part of the same tree.Tf has two or more unconnected trees.)
[INFO] [1756262102.585459313] [moveit_move_group_default_capabilities.move_action_capability]: Received request
[INFO] [1756262102.585587509] [moveit_move_group_default_capabilities.move_action_capability]: executing..
[WARN] [1756262102.593936073] [moveit_ros.planning_scene_monitor.planning_scene_monitor]: Unable to transform object from frame 'base_footprint' to planning frame'base_link' (Could not find a connection between 'base_link' and 'base_footprint' because they are not part of the same tree.Tf has two or more unconnected trees.)
[WARN] [1756262102.593954907] [moveit_ros.planning_scene_monitor.planning_scene_monitor]: Unable to transform object from frame 'odom' to planning frame'base_link' (Could not find a connection between 'base_link' and 'odom' because they are not part of the same tree.Tf has two or more unconnected trees.)
[INFO] [1756262102.594007260] [moveit_move_group_default_capabilities.move_action_capability]: Combined planning and execution request received for MoveGroup action. Forwarding to planning and execution pipeline.
[INFO] [1756262102.594157356] [moveit_ros.plan_execution]: Planning attempt 1 of at most 1
[INFO] [1756262102.594167236] [moveit_move_group_capabilities_base.move_group_capability]: Using planning pipeline 'ompl'
[INFO] [1756262102.594994526] [moveit.ompl_planning.model_based_planning_context]: Planner configuration 'dual_arm' will use planner 'geometric::RRTConnect'. Additional configuration parameters will be set when the planner is constructed.
[WARN] [1756262102.614727543] [moveit_trajectory_processing.time_optimal_trajectory_generation]: Joint acceleration limits are not defined. Using the default 1 rad/s^2. You can define acceleration limits in the URDF or joint_limits.yaml.
[INFO] [1756262102.627152551] [moveit.plugins.moveit_simple_controller_manager]: Returned 2 controllers in list
[INFO] [1756262102.627168703] [moveit.plugins.moveit_simple_controller_manager]: Returned 2 controllers in list
[INFO] [1756262102.627251619] [moveit_ros.trajectory_execution_manager]: Validating trajectory with allowed_start_tolerance 0.01
[INFO] [1756262102.627888092] [moveit_ros.trajectory_execution_manager]: Starting trajectory execution ...
[INFO] [1756262102.627923215] [moveit.plugins.moveit_simple_controller_manager]: Returned 2 controllers in list
[INFO] [1756262102.627942740] [moveit.plugins.moveit_simple_controller_manager]: Returned 2 controllers in list
[INFO] [1756262102.628080271] [moveit.simple_controller_manager.follow_joint_trajectory_controller_handle]: sending trajectory to left_joint_trajectory_controller
[INFO] [1756262102.628610500] [moveit.simple_controller_manager.follow_joint_trajectory_controller_handle]: left_joint_trajectory_controller started execution
[INFO] [1756262102.628623922] [moveit.simple_controller_manager.follow_joint_trajectory_controller_handle]: Goal request accepted!
[INFO] [1756262102.628667587] [moveit.simple_controller_manager.follow_joint_trajectory_controller_handle]: sending trajectory to right_joint_trajectory_controller
[INFO] [1756262102.628984817] [moveit.simple_controller_manager.follow_joint_trajectory_controller_handle]: right_joint_trajectory_controller started execution
[INFO] [1756262102.628994958] [moveit.simple_controller_manager.follow_joint_trajectory_controller_handle]: Goal request accepted!
[INFO] [1756262115.281018808] [moveit.simple_controller_manager.follow_joint_trajectory_controller_handle]: Controller 'left_joint_trajectory_controller' successfully finished
[INFO] [1756262115.281292102] [moveit.simple_controller_manager.follow_joint_trajectory_controller_handle]: Controller 'right_joint_trajectory_controller' successfully finished
[INFO] [1756262115.294614995] [moveit_ros.trajectory_execution_manager]: Completed trajectory execution with status SUCCEEDED ...
[INFO] [1756262115.298114124] [moveit_move_group_default_capabilities.move_action_capability]: Solution was found and executed.
[INFO] [1756262137.075092982] [moveit_move_group_default_capabilities.move_action_capability]: Received request
[INFO] [1756262137.075157057] [moveit_move_group_default_capabilities.move_action_capability]: executing..
[WARN] [1756262137.083933456] [moveit_ros.planning_scene_monitor.planning_scene_monitor]: Unable to transform object from frame 'base_footprint' to planning frame'base_link' (Could not find a connection between 'base_link' and 'base_footprint' because they are not part of the same tree.Tf has two or more unconnected trees.)
[WARN] [1756262137.083969237] [moveit_ros.planning_scene_monitor.planning_scene_monitor]: Unable to transform object from frame 'odom' to planning frame'base_link' (Could not find a connection between 'base_link' and 'odom' because they are not part of the same tree.Tf has two or more unconnected trees.)
[INFO] [1756262137.084013864] [moveit_move_group_default_capabilities.move_action_capability]: Combined planning and execution request received for MoveGroup action. Forwarding to planning and execution pipeline.
[INFO] [1756262137.084105939] [moveit_ros.plan_execution]: Planning attempt 1 of at most 1
[INFO] [1756262137.084110761] [moveit_move_group_capabilities_base.move_group_capability]: Using planning pipeline 'ompl'
[INFO] [1756262137.084630860] [moveit.ompl_planning.model_based_planning_context]: Planner configuration 'dual_arm' will use planner 'geometric::RRTConnect'. Additional configuration parameters will be set when the planner is constructed.
[INFO] [1756262137.165573788] [moveit.plugins.moveit_simple_controller_manager]: Returned 2 controllers in list
[INFO] [1756262137.165598034] [moveit.plugins.moveit_simple_controller_manager]: Returned 2 controllers in list
[INFO] [1756262137.165764510] [moveit_ros.trajectory_execution_manager]: Validating trajectory with allowed_start_tolerance 0.01
[INFO] [1756262137.173879314] [moveit_ros.trajectory_execution_manager]: Starting trajectory execution ...
[INFO] [1756262137.173918408] [moveit.plugins.moveit_simple_controller_manager]: Returned 2 controllers in list
[INFO] [1756262137.173939011] [moveit.plugins.moveit_simple_controller_manager]: Returned 2 controllers in list
[INFO] [1756262137.174040207] [moveit.simple_controller_manager.follow_joint_trajectory_controller_handle]: sending trajectory to left_joint_trajectory_controller
[INFO] [1756262137.174999430] [moveit.simple_controller_manager.follow_joint_trajectory_controller_handle]: left_joint_trajectory_controller started execution
[INFO] [1756262137.175011027] [moveit.simple_controller_manager.follow_joint_trajectory_controller_handle]: Goal request accepted!
[INFO] [1756262137.175202813] [moveit.simple_controller_manager.follow_joint_trajectory_controller_handle]: sending trajectory to right_joint_trajectory_controller
[INFO] [1756262137.175860829] [moveit.simple_controller_manager.follow_joint_trajectory_controller_handle]: right_joint_trajectory_controller started execution
[INFO] [1756262137.175864624] [moveit.simple_controller_manager.follow_joint_trajectory_controller_handle]: Goal request accepted!
[INFO] [1756262192.276377136] [moveit.simple_controller_manager.follow_joint_trajectory_controller_handle]: Controller 'left_joint_trajectory_controller' successfully finished
[INFO] [1756262192.277178264] [moveit.simple_controller_manager.follow_joint_trajectory_controller_handle]: Controller 'right_joint_trajectory_controller' successfully finished
[INFO] [1756262192.294420078] [moveit_ros.trajectory_execution_manager]: Completed trajectory execution with status SUCCEEDED ...
[INFO] [1756262192.304219589] [moveit_move_group_default_capabilities.move_action_capability]: Solution was found and executed.
[INFO] [1756266015.142558532] [moveit_move_group_default_capabilities.plan_service_capability]: Received new planning service request...
[WARN] [1756266015.142608070] [moveit_ros.planning_scene_monitor.planning_scene_monitor]: Unable to transform object from frame 'base_footprint' to planning frame'base_link' (Could not find a connection between 'base_link' and 'base_footprint' because they are not part of the same tree.Tf has two or more unconnected trees.)
[WARN] [1756266015.142619573] [moveit_ros.planning_scene_monitor.planning_scene_monitor]: Unable to transform object from frame 'odom' to planning frame'base_link' (Could not find a connection between 'base_link' and 'odom' because they are not part of the same tree.Tf has two or more unconnected trees.)
[ERROR] [1756266015.142760506] [moveit_robot_state.conversions]: Found empty JointState message
[ERROR] [1756266015.142781487] [moveit_robot_state.conversions]: Found empty JointState message
[INFO] [1756266015.142949383] [moveit_collision_detection_fcl.collision_common]: Found a contact between 'head_link' (type 'Robot link') and 'mic_link' (type 'Robot link'), which constitutes a collision. Contact information is not stored.
[INFO] [1756266015.142953998] [moveit_collision_detection_fcl.collision_common]: Collision checking is considered complete (collision was found and 0 contacts are stored)
[INFO] [1756266015.142961010] [moveit_ros.fix_start_state_collision]: Start state appears to be in collision with respect to group arm
[WARN] [1756266015.467710547] [moveit_ros.fix_start_state_collision]: Unable to find a valid state nearby the start state (using jiggle fraction of 0.050000 and 100 sampling attempts). Passing the original planning request to the planner.
[ERROR] [1756266015.467760865] [moveit_robot_state.conversions]: Found empty JointState message
[WARN] [1756266015.467822422] [moveit.ompl_planning.planning_context_manager]: Cannot find planning configuration for group 'arm' using planner 'RRTConnectkConfigDefault'. Will use defaults instead.
[ERROR] [1756266015.467826517] [moveit.ompl_planning.planning_context_manager]: Cannot find planning configuration for group 'arm'
[INFO] [1756266059.200786692] [moveit_move_group_default_capabilities.plan_service_capability]: Received new planning service request...
[WARN] [1756266059.200862526] [moveit_ros.planning_scene_monitor.planning_scene_monitor]: Unable to transform object from frame 'base_footprint' to planning frame'base_link' (Could not find a connection between 'base_link' and 'base_footprint' because they are not part of the same tree.Tf has two or more unconnected trees.)
[WARN] [1756266059.200888340] [moveit_ros.planning_scene_monitor.planning_scene_monitor]: Unable to transform object from frame 'odom' to planning frame'base_link' (Could not find a connection between 'base_link' and 'odom' because they are not part of the same tree.Tf has two or more unconnected trees.)
[ERROR] [1756266059.200998107] [moveit_robot_state.conversions]: Found empty JointState message
[ERROR] [1756266059.201028106] [moveit_robot_state.conversions]: Found empty JointState message
[INFO] [1756266059.201177928] [moveit_collision_detection_fcl.collision_common]: Found a contact between 'head_link' (type 'Robot link') and 'mic_link' (type 'Robot link'), which constitutes a collision. Contact information is not stored.
[INFO] [1756266059.201182380] [moveit_collision_detection_fcl.collision_common]: Collision checking is considered complete (collision was found and 0 contacts are stored)
[INFO] [1756266059.201188369] [moveit_ros.fix_start_state_collision]: Start state appears to be in collision with respect to group arm
[WARN] [1756266059.537043975] [moveit_ros.fix_start_state_collision]: Unable to find a valid state nearby the start state (using jiggle fraction of 0.050000 and 100 sampling attempts). Passing the original planning request to the planner.
[ERROR] [1756266059.537096124] [moveit_robot_state.conversions]: Found empty JointState message
[WARN] [1756266059.537153806] [moveit.ompl_planning.planning_context_manager]: Cannot find planning configuration for group 'arm' using planner 'RRTConnectkConfigDefault'. Will use defaults instead.
[ERROR] [1756266059.537157659] [moveit.ompl_planning.planning_context_manager]: Cannot find planning configuration for group 'arm'
[INFO] [1756266554.112749438] [moveit_move_group_default_capabilities.plan_service_capability]: Received new planning service request...
[WARN] [1756266554.112822481] [moveit_ros.planning_scene_monitor.planning_scene_monitor]: Unable to transform object from frame 'base_footprint' to planning frame'base_link' (Could not find a connection between 'base_link' and 'base_footprint' because they are not part of the same tree.Tf has two or more unconnected trees.)
[WARN] [1756266554.112871987] [moveit_ros.planning_scene_monitor.planning_scene_monitor]: Unable to transform object from frame 'odom' to planning frame'base_link' (Could not find a connection between 'base_link' and 'odom' because they are not part of the same tree.Tf has two or more unconnected trees.)
[ERROR] [1756266554.112975378] [moveit_robot_state.conversions]: Found empty JointState message
[ERROR] [1756266554.113011471] [moveit_robot_state.conversions]: Found empty JointState message
[INFO] [1756266554.113251122] [moveit_collision_detection_fcl.collision_common]: Found a contact between 'head_link' (type 'Robot link') and 'mic_link' (type 'Robot link'), which constitutes a collision. Contact information is not stored.
[INFO] [1756266554.113261649] [moveit_collision_detection_fcl.collision_common]: Collision checking is considered complete (collision was found and 0 contacts are stored)
[INFO] [1756266554.113273036] [moveit_ros.fix_start_state_collision]: Start state appears to be in collision with respect to group arm
[WARN] [1756266554.443330864] [moveit_ros.fix_start_state_collision]: Unable to find a valid state nearby the start state (using jiggle fraction of 0.050000 and 100 sampling attempts). Passing the original planning request to the planner.
[ERROR] [1756266554.443380494] [moveit_robot_state.conversions]: Found empty JointState message
[WARN] [1756266554.443440565] [moveit.ompl_planning.planning_context_manager]: Cannot find planning configuration for group 'arm' using planner 'RRTConnectkConfigDefault'. Will use defaults instead.
[ERROR] [1756266554.443444907] [moveit.ompl_planning.planning_context_manager]: Cannot find planning configuration for group 'arm'
[INFO] [1756277782.764269255] [moveit_move_group_default_capabilities.cartersian_path_service_capability]: Received request to compute Cartesian path
[WARN] [1756277782.764338341] [moveit_ros.planning_scene_monitor.planning_scene_monitor]: Unable to transform object from frame 'base_footprint' to planning frame'base_link' (Could not find a connection between 'base_link' and 'base_footprint' because they are not part of the same tree.Tf has two or more unconnected trees.)
[WARN] [1756277782.764356477] [moveit_ros.planning_scene_monitor.planning_scene_monitor]: Unable to transform object from frame 'odom' to planning frame'base_link' (Could not find a connection between 'base_link' and 'odom' because they are not part of the same tree.Tf has two or more unconnected trees.)
[INFO] [1756277782.764436968] [moveit_move_group_default_capabilities.cartersian_path_service_capability]: Attempting to follow 1 waypoints for link 'right_end_effector_link' using a step of 0.002500 m and jump threshold 0.000000 (in link reference frame)
[INFO] [1756277782.772623488] [moveit_move_group_default_capabilities.cartersian_path_service_capability]: Computed Cartesian path with 2 points (followed 2.439024% of requested trajectory)
[INFO] [1756277782.865073182] [moveit_move_group_default_capabilities.execute_trajectory_action_capability]: Received goal request
[INFO] [1756277782.865137272] [moveit_move_group_default_capabilities.execute_trajectory_action_capability]: Execution request received
[INFO] [1756277782.865156364] [moveit.plugins.moveit_simple_controller_manager]: Returned 2 controllers in list
[INFO] [1756277782.865167325] [moveit.plugins.moveit_simple_controller_manager]: Returned 2 controllers in list
[INFO] [1756277782.865207680] [moveit_ros.trajectory_execution_manager]: Validating trajectory with allowed_start_tolerance 0.01
[INFO] [1756277782.873898469] [moveit_ros.trajectory_execution_manager]: Starting trajectory execution ...
[INFO] [1756277782.873936097] [moveit.plugins.moveit_simple_controller_manager]: Returned 2 controllers in list
[INFO] [1756277782.873952816] [moveit.plugins.moveit_simple_controller_manager]: Returned 2 controllers in list
[INFO] [1756277782.874062271] [moveit.simple_controller_manager.follow_joint_trajectory_controller_handle]: sending trajectory to right_joint_trajectory_controller
[INFO] [1756277782.874430964] [moveit.simple_controller_manager.follow_joint_trajectory_controller_handle]: right_joint_trajectory_controller started execution
[INFO] [1756277782.874444661] [moveit.simple_controller_manager.follow_joint_trajectory_controller_handle]: Goal request accepted!
[INFO] [1756277783.374690396] [moveit.simple_controller_manager.follow_joint_trajectory_controller_handle]: Controller 'right_joint_trajectory_controller' successfully finished
[INFO] [1756277783.394273403] [moveit_ros.trajectory_execution_manager]: Completed trajectory execution with status SUCCEEDED ...
[INFO] [1756277783.394332310] [moveit_move_group_default_capabilities.execute_trajectory_action_capability]: Execution completed: SUCCEEDED
[INFO] [1756277783.464125418] [moveit_move_group_default_capabilities.cartersian_path_service_capability]: Received request to compute Cartesian path
[WARN] [1756277783.464189563] [moveit_ros.planning_scene_monitor.planning_scene_monitor]: Unable to transform object from frame 'base_footprint' to planning frame'base_link' (Could not find a connection between 'base_link' and 'base_footprint' because they are not part of the same tree.Tf has two or more unconnected trees.)
[WARN] [1756277783.464212730] [moveit_ros.planning_scene_monitor.planning_scene_monitor]: Unable to transform object from frame 'odom' to planning frame'base_link' (Could not find a connection between 'base_link' and 'odom' because they are not part of the same tree.Tf has two or more unconnected trees.)
[INFO] [1756277783.464282874] [moveit_move_group_default_capabilities.cartersian_path_service_capability]: Attempting to follow 1 waypoints for link 'right_end_effector_link' using a step of 0.002500 m and jump threshold 0.000000 (in link reference frame)
[INFO] [1756277783.467420226] [moveit_move_group_default_capabilities.cartersian_path_service_capability]: Computed Cartesian path with 42 points (followed 100.000000% of requested trajectory)
[INFO] [1756277783.565034520] [moveit_move_group_default_capabilities.execute_trajectory_action_capability]: Received goal request
[INFO] [1756277783.565093396] [moveit_move_group_default_capabilities.execute_trajectory_action_capability]: Execution request received
[INFO] [1756277783.565112342] [moveit.plugins.moveit_simple_controller_manager]: Returned 2 controllers in list
[INFO] [1756277783.565124619] [moveit.plugins.moveit_simple_controller_manager]: Returned 2 controllers in list
[INFO] [1756277783.565161846] [moveit_ros.trajectory_execution_manager]: Validating trajectory with allowed_start_tolerance 0.01
[INFO] [1756277783.573885320] [moveit_ros.trajectory_execution_manager]: Starting trajectory execution ...
[INFO] [1756277783.573936945] [moveit.plugins.moveit_simple_controller_manager]: Returned 2 controllers in list
[INFO] [1756277783.573955884] [moveit.plugins.moveit_simple_controller_manager]: Returned 2 controllers in list
[INFO] [1756277783.574080669] [moveit.simple_controller_manager.follow_joint_trajectory_controller_handle]: sending trajectory to right_joint_trajectory_controller
[INFO] [1756277783.574352078] [moveit.simple_controller_manager.follow_joint_trajectory_controller_handle]: right_joint_trajectory_controller started execution
[INFO] [1756277783.574366010] [moveit.simple_controller_manager.follow_joint_trajectory_controller_handle]: Goal request accepted!
[INFO] [1756277785.274656345] [moveit.simple_controller_manager.follow_joint_trajectory_controller_handle]: Controller 'right_joint_trajectory_controller' successfully finished
[INFO] [1756277785.294264984] [moveit_ros.trajectory_execution_manager]: Completed trajectory execution with status SUCCEEDED ...
[INFO] [1756277785.294313607] [moveit_move_group_default_capabilities.execute_trajectory_action_capability]: Execution completed: SUCCEEDED
[INFO] [1756277785.364084611] [moveit_move_group_default_capabilities.cartersian_path_service_capability]: Received request to compute Cartesian path
[WARN] [1756277785.364151291] [moveit_ros.planning_scene_monitor.planning_scene_monitor]: Unable to transform object from frame 'base_footprint' to planning frame'base_link' (Could not find a connection between 'base_link' and 'base_footprint' because they are not part of the same tree.Tf has two or more unconnected trees.)
[WARN] [1756277785.364191921] [moveit_ros.planning_scene_monitor.planning_scene_monitor]: Unable to transform object from frame 'odom' to planning frame'base_link' (Could not find a connection between 'base_link' and 'odom' because they are not part of the same tree.Tf has two or more unconnected trees.)
[INFO] [1756277785.364267821] [moveit_move_group_default_capabilities.cartersian_path_service_capability]: Attempting to follow 1 waypoints for link 'right_end_effector_link' using a step of 0.002500 m and jump threshold 0.000000 (in link reference frame)
[INFO] [1756277785.367620422] [moveit_move_group_default_capabilities.cartersian_path_service_capability]: Computed Cartesian path with 42 points (followed 100.000000% of requested trajectory)
[INFO] [1756277785.464999394] [moveit_move_group_default_capabilities.execute_trajectory_action_capability]: Received goal request
[INFO] [1756277785.465048446] [moveit_move_group_default_capabilities.execute_trajectory_action_capability]: Execution request received
[INFO] [1756277785.465061698] [moveit.plugins.moveit_simple_controller_manager]: Returned 2 controllers in list
[INFO] [1756277785.465071244] [moveit.plugins.moveit_simple_controller_manager]: Returned 2 controllers in list
[INFO] [1756277785.465095919] [moveit_ros.trajectory_execution_manager]: Validating trajectory with allowed_start_tolerance 0.01
[INFO] [1756277785.473932860] [moveit_ros.trajectory_execution_manager]: Starting trajectory execution ...
[INFO] [1756277785.473977632] [moveit.plugins.moveit_simple_controller_manager]: Returned 2 controllers in list
[INFO] [1756277785.473995627] [moveit.plugins.moveit_simple_controller_manager]: Returned 2 controllers in list
[INFO] [1756277785.474109280] [moveit.simple_controller_manager.follow_joint_trajectory_controller_handle]: sending trajectory to right_joint_trajectory_controller
[INFO] [1756277785.474420199] [moveit.simple_controller_manager.follow_joint_trajectory_controller_handle]: right_joint_trajectory_controller started execution
[INFO] [1756277785.474425720] [moveit.simple_controller_manager.follow_joint_trajectory_controller_handle]: Goal request accepted!
[INFO] [1756277787.174700669] [moveit.simple_controller_manager.follow_joint_trajectory_controller_handle]: Controller 'right_joint_trajectory_controller' successfully finished
[INFO] [1756277787.194330837] [moveit_ros.trajectory_execution_manager]: Completed trajectory execution with status SUCCEEDED ...
[INFO] [1756277787.194414060] [moveit_move_group_default_capabilities.execute_trajectory_action_capability]: Execution completed: SUCCEEDED
[INFO] [1756277787.264146008] [moveit_move_group_default_capabilities.cartersian_path_service_capability]: Received request to compute Cartesian path
[WARN] [1756277787.264207160] [moveit_ros.planning_scene_monitor.planning_scene_monitor]: Unable to transform object from frame 'base_footprint' to planning frame'base_link' (Could not find a connection between 'base_link' and 'base_footprint' because they are not part of the same tree.Tf has two or more unconnected trees.)
[WARN] [1756277787.264225595] [moveit_ros.planning_scene_monitor.planning_scene_monitor]: Unable to transform object from frame 'odom' to planning frame'base_link' (Could not find a connection between 'base_link' and 'odom' because they are not part of the same tree.Tf has two or more unconnected trees.)
[INFO] [1756277787.264299920] [moveit_move_group_default_capabilities.cartersian_path_service_capability]: Attempting to follow 1 waypoints for link 'right_end_effector_link' using a step of 0.002500 m and jump threshold 0.000000 (in link reference frame)
[INFO] [1756277787.268990637] [moveit_move_group_default_capabilities.cartersian_path_service_capability]: Computed Cartesian path with 42 points (followed 100.000000% of requested trajectory)
[INFO] [1756277787.366414255] [moveit_move_group_default_capabilities.execute_trajectory_action_capability]: Received goal request
[INFO] [1756277787.366468663] [moveit_move_group_default_capabilities.execute_trajectory_action_capability]: Execution request received
[INFO] [1756277787.366482597] [moveit.plugins.moveit_simple_controller_manager]: Returned 2 controllers in list
[INFO] [1756277787.366492037] [moveit.plugins.moveit_simple_controller_manager]: Returned 2 controllers in list
[INFO] [1756277787.366519233] [moveit_ros.trajectory_execution_manager]: Validating trajectory with allowed_start_tolerance 0.01
[INFO] [1756277787.373952831] [moveit_ros.trajectory_execution_manager]: Starting trajectory execution ...
[INFO] [1756277787.373996306] [moveit.plugins.moveit_simple_controller_manager]: Returned 2 controllers in list
[INFO] [1756277787.374015592] [moveit.plugins.moveit_simple_controller_manager]: Returned 2 controllers in list
[INFO] [1756277787.374130477] [moveit.simple_controller_manager.follow_joint_trajectory_controller_handle]: sending trajectory to right_joint_trajectory_controller
[INFO] [1756277787.374389604] [moveit.simple_controller_manager.follow_joint_trajectory_controller_handle]: right_joint_trajectory_controller started execution
[INFO] [1756277787.374398975] [moveit.simple_controller_manager.follow_joint_trajectory_controller_handle]: Goal request accepted!
[INFO] [1756277789.074742607] [moveit.simple_controller_manager.follow_joint_trajectory_controller_handle]: Controller 'right_joint_trajectory_controller' successfully finished
[INFO] [1756277789.094375246] [moveit_ros.trajectory_execution_manager]: Completed trajectory execution with status SUCCEEDED ...
[INFO] [1756277789.094436753] [moveit_move_group_default_capabilities.execute_trajectory_action_capability]: Execution completed: SUCCEEDED
[INFO] [1756277885.193205367] [moveit_move_group_default_capabilities.move_action_capability]: Received request
[INFO] [1756277885.193285101] [moveit_move_group_default_capabilities.move_action_capability]: executing..
[WARN] [1756277885.193840277] [moveit_ros.planning_scene_monitor.planning_scene_monitor]: Unable to transform object from frame 'base_footprint' to planning frame'base_link' (Could not find a connection between 'base_link' and 'base_footprint' because they are not part of the same tree.Tf has two or more unconnected trees.)
[WARN] [1756277885.193850194] [moveit_ros.planning_scene_monitor.planning_scene_monitor]: Unable to transform object from frame 'odom' to planning frame'base_link' (Could not find a connection between 'base_link' and 'odom' because they are not part of the same tree.Tf has two or more unconnected trees.)
[INFO] [1756277885.193871684] [moveit_move_group_default_capabilities.move_action_capability]: Combined planning and execution request received for MoveGroup action. Forwarding to planning and execution pipeline.
[INFO] [1756277885.193899099] [moveit_ros.plan_execution]: Planning attempt 1 of at most 1
[INFO] [1756277885.193903434] [moveit_move_group_capabilities_base.move_group_capability]: Using planning pipeline 'ompl'
[INFO] [1756277885.194381823] [moveit.ompl_planning.model_based_planning_context]: Planner configuration 'dual_arm' will use planner 'geometric::RRTConnect'. Additional configuration parameters will be set when the planner is constructed.
[INFO] [1756277885.263423846] [moveit.plugins.moveit_simple_controller_manager]: Returned 2 controllers in list
[INFO] [1756277885.263447125] [moveit.plugins.moveit_simple_controller_manager]: Returned 2 controllers in list
[INFO] [1756277885.263572330] [moveit_ros.trajectory_execution_manager]: Validating trajectory with allowed_start_tolerance 0.01
[INFO] [1756277885.263848919] [moveit_ros.trajectory_execution_manager]: Starting trajectory execution ...
[INFO] [1756277885.263884940] [moveit.plugins.moveit_simple_controller_manager]: Returned 2 controllers in list
[INFO] [1756277885.263905128] [moveit.plugins.moveit_simple_controller_manager]: Returned 2 controllers in list
[INFO] [1756277885.264017954] [moveit.simple_controller_manager.follow_joint_trajectory_controller_handle]: sending trajectory to left_joint_trajectory_controller
[INFO] [1756277885.264611124] [moveit.simple_controller_manager.follow_joint_trajectory_controller_handle]: left_joint_trajectory_controller started execution
[INFO] [1756277885.264626466] [moveit.simple_controller_manager.follow_joint_trajectory_controller_handle]: Goal request accepted!
[INFO] [1756277885.264669434] [moveit.simple_controller_manager.follow_joint_trajectory_controller_handle]: sending trajectory to right_joint_trajectory_controller
[INFO] [1756277885.265285917] [moveit.simple_controller_manager.follow_joint_trajectory_controller_handle]: right_joint_trajectory_controller started execution
[INFO] [1756277885.265297279] [moveit.simple_controller_manager.follow_joint_trajectory_controller_handle]: Goal request accepted!
[INFO] [1756277936.867529321] [moveit.simple_controller_manager.follow_joint_trajectory_controller_handle]: Controller 'left_joint_trajectory_controller' successfully finished
[INFO] [1756277936.867967129] [moveit.simple_controller_manager.follow_joint_trajectory_controller_handle]: Controller 'right_joint_trajectory_controller' successfully finished
[INFO] [1756277936.894048706] [moveit_ros.trajectory_execution_manager]: Completed trajectory execution with status SUCCEEDED ...
[INFO] [1756277936.904276184] [moveit_move_group_default_capabilities.move_action_capability]: Solution was found and executed.
[INFO] [1756279193.231269032] [moveit_move_group_default_capabilities.cartersian_path_service_capability]: Received request to compute Cartesian path
[WARN] [1756279193.231330952] [moveit_ros.planning_scene_monitor.planning_scene_monitor]: Unable to transform object from frame 'base_footprint' to planning frame'base_link' (Could not find a connection between 'base_link' and 'base_footprint' because they are not part of the same tree.Tf has two or more unconnected trees.)
[WARN] [1756279193.231344193] [moveit_ros.planning_scene_monitor.planning_scene_monitor]: Unable to transform object from frame 'odom' to planning frame'base_link' (Could not find a connection between 'base_link' and 'odom' because they are not part of the same tree.Tf has two or more unconnected trees.)
[INFO] [1756279193.231415130] [moveit_move_group_default_capabilities.cartersian_path_service_capability]: Attempting to follow 1 waypoints for link 'right_end_effector_link' using a step of 0.002500 m and jump threshold 0.000000 (in link reference frame)
[INFO] [1756279193.238847933] [moveit_move_group_default_capabilities.cartersian_path_service_capability]: Computed Cartesian path with 2 points (followed 2.439024% of requested trajectory)
[INFO] [1756279193.332205358] [moveit_move_group_default_capabilities.execute_trajectory_action_capability]: Received goal request
[INFO] [1756279193.332296798] [moveit_move_group_default_capabilities.execute_trajectory_action_capability]: Execution request received
[INFO] [1756279193.332321365] [moveit.plugins.moveit_simple_controller_manager]: Returned 2 controllers in list
[INFO] [1756279193.332339565] [moveit.plugins.moveit_simple_controller_manager]: Returned 2 controllers in list
[INFO] [1756279193.332397211] [moveit_ros.trajectory_execution_manager]: Validating trajectory with allowed_start_tolerance 0.01
[INFO] [1756279193.333922742] [moveit_ros.trajectory_execution_manager]: Starting trajectory execution ...
[INFO] [1756279193.333965501] [moveit.plugins.moveit_simple_controller_manager]: Returned 2 controllers in list
[INFO] [1756279193.333988191] [moveit.plugins.moveit_simple_controller_manager]: Returned 2 controllers in list
[INFO] [1756279193.334126367] [moveit.simple_controller_manager.follow_joint_trajectory_controller_handle]: sending trajectory to right_joint_trajectory_controller
[INFO] [1756279193.334462081] [moveit.simple_controller_manager.follow_joint_trajectory_controller_handle]: right_joint_trajectory_controller started execution
[INFO] [1756279193.334474954] [moveit.simple_controller_manager.follow_joint_trajectory_controller_handle]: Goal request accepted!
[INFO] [1756279193.834806369] [moveit.simple_controller_manager.follow_joint_trajectory_controller_handle]: Controller 'right_joint_trajectory_controller' successfully finished
[INFO] [1756279193.861138102] [moveit_ros.trajectory_execution_manager]: Completed trajectory execution with status SUCCEEDED ...
[INFO] [1756279193.861211212] [moveit_move_group_default_capabilities.execute_trajectory_action_capability]: Execution completed: SUCCEEDED
[INFO] [1756279193.931253847] [moveit_move_group_default_capabilities.cartersian_path_service_capability]: Received request to compute Cartesian path
[WARN] [1756279193.931307905] [moveit_ros.planning_scene_monitor.planning_scene_monitor]: Unable to transform object from frame 'base_footprint' to planning frame'base_link' (Could not find a connection between 'base_link' and 'base_footprint' because they are not part of the same tree.Tf has two or more unconnected trees.)
[WARN] [1756279193.931319805] [moveit_ros.planning_scene_monitor.planning_scene_monitor]: Unable to transform object from frame 'odom' to planning frame'base_link' (Could not find a connection between 'base_link' and 'odom' because they are not part of the same tree.Tf has two or more unconnected trees.)
[INFO] [1756279193.931388522] [moveit_move_group_default_capabilities.cartersian_path_service_capability]: Attempting to follow 1 waypoints for link 'right_end_effector_link' using a step of 0.002500 m and jump threshold 0.000000 (in link reference frame)
[INFO] [1756279193.934771769] [moveit_move_group_default_capabilities.cartersian_path_service_capability]: Computed Cartesian path with 42 points (followed 100.000000% of requested trajectory)
[INFO] [1756279194.032543629] [moveit_move_group_default_capabilities.execute_trajectory_action_capability]: Received goal request
[INFO] [1756279194.032651797] [moveit_move_group_default_capabilities.execute_trajectory_action_capability]: Execution request received
[INFO] [1756279194.032685973] [moveit.plugins.moveit_simple_controller_manager]: Returned 2 controllers in list
[INFO] [1756279194.032705952] [moveit.plugins.moveit_simple_controller_manager]: Returned 2 controllers in list
[INFO] [1756279194.032768887] [moveit_ros.trajectory_execution_manager]: Validating trajectory with allowed_start_tolerance 0.01
[INFO] [1756279194.033990711] [moveit_ros.trajectory_execution_manager]: Starting trajectory execution ...
[INFO] [1756279194.034042611] [moveit.plugins.moveit_simple_controller_manager]: Returned 2 controllers in list
[INFO] [1756279194.034055013] [moveit.plugins.moveit_simple_controller_manager]: Returned 2 controllers in list
[INFO] [1756279194.034158329] [moveit.simple_controller_manager.follow_joint_trajectory_controller_handle]: sending trajectory to right_joint_trajectory_controller
[INFO] [1756279194.034545822] [moveit.simple_controller_manager.follow_joint_trajectory_controller_handle]: right_joint_trajectory_controller started execution
[INFO] [1756279194.034564176] [moveit.simple_controller_manager.follow_joint_trajectory_controller_handle]: Goal request accepted!
[INFO] [1756279195.734771269] [moveit.simple_controller_manager.follow_joint_trajectory_controller_handle]: Controller 'right_joint_trajectory_controller' successfully finished
[INFO] [1756279195.761296366] [moveit_ros.trajectory_execution_manager]: Completed trajectory execution with status SUCCEEDED ...
[INFO] [1756279195.761363720] [moveit_move_group_default_capabilities.execute_trajectory_action_capability]: Execution completed: SUCCEEDED
[INFO] [1756279195.831223678] [moveit_move_group_default_capabilities.cartersian_path_service_capability]: Received request to compute Cartesian path
[WARN] [1756279195.831273797] [moveit_ros.planning_scene_monitor.planning_scene_monitor]: Unable to transform object from frame 'base_footprint' to planning frame'base_link' (Could not find a connection between 'base_link' and 'base_footprint' because they are not part of the same tree.Tf has two or more unconnected trees.)
[WARN] [1756279195.831286034] [moveit_ros.planning_scene_monitor.planning_scene_monitor]: Unable to transform object from frame 'odom' to planning frame'base_link' (Could not find a connection between 'base_link' and 'odom' because they are not part of the same tree.Tf has two or more unconnected trees.)
[INFO] [1756279195.831367188] [moveit_move_group_default_capabilities.cartersian_path_service_capability]: Attempting to follow 1 waypoints for link 'right_end_effector_link' using a step of 0.002500 m and jump threshold 0.000000 (in link reference frame)
[INFO] [1756279195.835036228] [moveit_move_group_default_capabilities.cartersian_path_service_capability]: Computed Cartesian path with 42 points (followed 100.000000% of requested trajectory)
[INFO] [1756279195.931986842] [moveit_move_group_default_capabilities.execute_trajectory_action_capability]: Received goal request
[INFO] [1756279195.932066076] [moveit_move_group_default_capabilities.execute_trajectory_action_capability]: Execution request received
[INFO] [1756279195.932085181] [moveit.plugins.moveit_simple_controller_manager]: Returned 2 controllers in list
[INFO] [1756279195.932100098] [moveit.plugins.moveit_simple_controller_manager]: Returned 2 controllers in list
[INFO] [1756279195.932148671] [moveit_ros.trajectory_execution_manager]: Validating trajectory with allowed_start_tolerance 0.01
[INFO] [1756279195.933931312] [moveit_ros.trajectory_execution_manager]: Starting trajectory execution ...
[INFO] [1756279195.933978284] [moveit.plugins.moveit_simple_controller_manager]: Returned 2 controllers in list
[INFO] [1756279195.933999926] [moveit.plugins.moveit_simple_controller_manager]: Returned 2 controllers in list
[INFO] [1756279195.934121592] [moveit.simple_controller_manager.follow_joint_trajectory_controller_handle]: sending trajectory to right_joint_trajectory_controller
[INFO] [1756279195.934419989] [moveit.simple_controller_manager.follow_joint_trajectory_controller_handle]: right_joint_trajectory_controller started execution
[INFO] [1756279195.934433535] [moveit.simple_controller_manager.follow_joint_trajectory_controller_handle]: Goal request accepted!
[INFO] [1756279197.634697189] [moveit.simple_controller_manager.follow_joint_trajectory_controller_handle]: Controller 'right_joint_trajectory_controller' successfully finished
[INFO] [1756279197.661007234] [moveit_ros.trajectory_execution_manager]: Completed trajectory execution with status SUCCEEDED ...
[INFO] [1756279197.661081356] [moveit_move_group_default_capabilities.execute_trajectory_action_capability]: Execution completed: SUCCEEDED
[INFO] [1756279197.731255493] [moveit_move_group_default_capabilities.cartersian_path_service_capability]: Received request to compute Cartesian path
[WARN] [1756279197.731322072] [moveit_ros.planning_scene_monitor.planning_scene_monitor]: Unable to transform object from frame 'base_footprint' to planning frame'base_link' (Could not find a connection between 'base_link' and 'base_footprint' because they are not part of the same tree.Tf has two or more unconnected trees.)
[WARN] [1756279197.731342370] [moveit_ros.planning_scene_monitor.planning_scene_monitor]: Unable to transform object from frame 'odom' to planning frame'base_link' (Could not find a connection between 'base_link' and 'odom' because they are not part of the same tree.Tf has two or more unconnected trees.)
[INFO] [1756279197.731415767] [moveit_move_group_default_capabilities.cartersian_path_service_capability]: Attempting to follow 1 waypoints for link 'right_end_effector_link' using a step of 0.002500 m and jump threshold 0.000000 (in link reference frame)
[INFO] [1756279197.734760943] [moveit_move_group_default_capabilities.cartersian_path_service_capability]: Computed Cartesian path with 42 points (followed 100.000000% of requested trajectory)
[INFO] [1756279197.832200384] [moveit_move_group_default_capabilities.execute_trajectory_action_capability]: Received goal request
[INFO] [1756279197.832272585] [moveit_move_group_default_capabilities.execute_trajectory_action_capability]: Execution request received
[INFO] [1756279197.832291215] [moveit.plugins.moveit_simple_controller_manager]: Returned 2 controllers in list
[INFO] [1756279197.832323809] [moveit.plugins.moveit_simple_controller_manager]: Returned 2 controllers in list
[INFO] [1756279197.832358609] [moveit_ros.trajectory_execution_manager]: Validating trajectory with allowed_start_tolerance 0.01
[INFO] [1756279197.833911023] [moveit_ros.trajectory_execution_manager]: Starting trajectory execution ...
[INFO] [1756279197.833964838] [moveit.plugins.moveit_simple_controller_manager]: Returned 2 controllers in list
[INFO] [1756279197.833987761] [moveit.plugins.moveit_simple_controller_manager]: Returned 2 controllers in list
[INFO] [1756279197.834130162] [moveit.simple_controller_manager.follow_joint_trajectory_controller_handle]: sending trajectory to right_joint_trajectory_controller
[INFO] [1756279197.834430112] [moveit.simple_controller_manager.follow_joint_trajectory_controller_handle]: right_joint_trajectory_controller started execution
[INFO] [1756279197.834436255] [moveit.simple_controller_manager.follow_joint_trajectory_controller_handle]: Goal request accepted!
[INFO] [1756279199.534770599] [moveit.simple_controller_manager.follow_joint_trajectory_controller_handle]: Controller 'right_joint_trajectory_controller' successfully finished
[INFO] [1756279199.561067184] [moveit_ros.trajectory_execution_manager]: Completed trajectory execution with status SUCCEEDED ...
[INFO] [1756279199.561145057] [moveit_move_group_default_capabilities.execute_trajectory_action_capability]: Execution completed: SUCCEEDED
[INFO] [1756279213.057115379] [moveit_move_group_default_capabilities.move_action_capability]: Received request
[INFO] [1756279213.057204705] [moveit_move_group_default_capabilities.move_action_capability]: executing..
[WARN] [1756279213.061175963] [moveit_ros.planning_scene_monitor.planning_scene_monitor]: Unable to transform object from frame 'base_footprint' to planning frame'base_link' (Could not find a connection between 'base_link' and 'base_footprint' because they are not part of the same tree.Tf has two or more unconnected trees.)
[WARN] [1756279213.061214005] [moveit_ros.planning_scene_monitor.planning_scene_monitor]: Unable to transform object from frame 'odom' to planning frame'base_link' (Could not find a connection between 'base_link' and 'odom' because they are not part of the same tree.Tf has two or more unconnected trees.)
[INFO] [1756279213.061259490] [moveit_move_group_default_capabilities.move_action_capability]: Combined planning and execution request received for MoveGroup action. Forwarding to planning and execution pipeline.
[INFO] [1756279213.061303741] [moveit_ros.plan_execution]: Planning attempt 1 of at most 1
[INFO] [1756279213.061313519] [moveit_move_group_capabilities_base.move_group_capability]: Using planning pipeline 'ompl'
[INFO] [1756279213.062223050] [moveit.ompl_planning.model_based_planning_context]: Planner configuration 'dual_arm' will use planner 'geometric::RRTConnect'. Additional configuration parameters will be set when the planner is constructed.
[INFO] [1756279213.138355455] [moveit.plugins.moveit_simple_controller_manager]: Returned 2 controllers in list
[INFO] [1756279213.138381264] [moveit.plugins.moveit_simple_controller_manager]: Returned 2 controllers in list
[INFO] [1756279213.138518495] [moveit_ros.trajectory_execution_manager]: Validating trajectory with allowed_start_tolerance 0.01
[INFO] [1756279213.143912473] [moveit_ros.trajectory_execution_manager]: Starting trajectory execution ...
[INFO] [1756279213.143954786] [moveit.plugins.moveit_simple_controller_manager]: Returned 2 controllers in list
[INFO] [1756279213.143975899] [moveit.plugins.moveit_simple_controller_manager]: Returned 2 controllers in list
[INFO] [1756279213.144084140] [moveit.simple_controller_manager.follow_joint_trajectory_controller_handle]: sending trajectory to left_joint_trajectory_controller
[INFO] [1756279213.144878033] [moveit.simple_controller_manager.follow_joint_trajectory_controller_handle]: left_joint_trajectory_controller started execution
[INFO] [1756279213.144897474] [moveit.simple_controller_manager.follow_joint_trajectory_controller_handle]: Goal request accepted!
[INFO] [1756279213.144960749] [moveit.simple_controller_manager.follow_joint_trajectory_controller_handle]: sending trajectory to right_joint_trajectory_controller
[INFO] [1756279213.145733222] [moveit.simple_controller_manager.follow_joint_trajectory_controller_handle]: right_joint_trajectory_controller started execution
[INFO] [1756279213.145749684] [moveit.simple_controller_manager.follow_joint_trajectory_controller_handle]: Goal request accepted!
[INFO] [1756279264.746987747] [moveit.simple_controller_manager.follow_joint_trajectory_controller_handle]: Controller 'left_joint_trajectory_controller' successfully finished
[INFO] [1756279264.747803845] [moveit.simple_controller_manager.follow_joint_trajectory_controller_handle]: Controller 'right_joint_trajectory_controller' successfully finished
[INFO] [1756279264.763851356] [moveit_ros.trajectory_execution_manager]: Completed trajectory execution with status SUCCEEDED ...
[INFO] [1756279264.764368068] [moveit_move_group_default_capabilities.move_action_capability]: Solution was found and executed.
[INFO] [1756281647.288128478] [moveit_move_group_default_capabilities.plan_service_capability]: Received new planning service request...
[WARN] [1756281647.288176804] [moveit_ros.planning_scene_monitor.planning_scene_monitor]: Unable to transform object from frame 'base_footprint' to planning frame'base_link' (Could not find a connection between 'base_link' and 'base_footprint' because they are not part of the same tree.Tf has two or more unconnected trees.)
[WARN] [1756281647.288189938] [moveit_ros.planning_scene_monitor.planning_scene_monitor]: Unable to transform object from frame 'odom' to planning frame'base_link' (Could not find a connection between 'base_link' and 'odom' because they are not part of the same tree.Tf has two or more unconnected trees.)
[WARN] [1756281647.288405394] [moveit.ompl_planning.planning_context_manager]: Cannot find planning configuration for group 'right_arm' using planner 'RRTConnectkConfigDefault'. Will use defaults instead.
[INFO] [1756281647.288537312] [moveit.ompl_planning.model_based_planning_context]: Planner configuration 'right_arm' will use planner 'geometric::RRTConnect'. Additional configuration parameters will be set when the planner is constructed.
[INFO] [1756281647.389349558] [moveit_move_group_default_capabilities.execute_trajectory_action_capability]: Received goal request
[INFO] [1756281647.389446283] [moveit_move_group_default_capabilities.execute_trajectory_action_capability]: Execution request received
[INFO] [1756281647.389472424] [moveit.plugins.moveit_simple_controller_manager]: Returned 2 controllers in list
[INFO] [1756281647.389489297] [moveit.plugins.moveit_simple_controller_manager]: Returned 2 controllers in list
[INFO] [1756281647.389595226] [moveit_ros.trajectory_execution_manager]: Validating trajectory with allowed_start_tolerance 0.01
[INFO] [1756281647.394038017] [moveit_ros.trajectory_execution_manager]: Starting trajectory execution ...
[INFO] [1756281647.394095022] [moveit.plugins.moveit_simple_controller_manager]: Returned 2 controllers in list
[INFO] [1756281647.394121668] [moveit.plugins.moveit_simple_controller_manager]: Returned 2 controllers in list
[INFO] [1756281647.394264002] [moveit.simple_controller_manager.follow_joint_trajectory_controller_handle]: sending trajectory to right_joint_trajectory_controller
[INFO] [1756281647.394668848] [moveit.simple_controller_manager.follow_joint_trajectory_controller_handle]: right_joint_trajectory_controller started execution
[INFO] [1756281647.394694314] [moveit.simple_controller_manager.follow_joint_trajectory_controller_handle]: Goal request accepted!
[INFO] [1756281652.145283705] [moveit.simple_controller_manager.follow_joint_trajectory_controller_handle]: Controller 'right_joint_trajectory_controller' successfully finished
[INFO] [1756281652.163999227] [moveit_ros.trajectory_execution_manager]: Completed trajectory execution with status SUCCEEDED ...
[INFO] [1756281652.164087076] [moveit_move_group_default_capabilities.execute_trajectory_action_capability]: Execution completed: SUCCEEDED
[INFO] [1756281652.288392716] [moveit_move_group_default_capabilities.plan_service_capability]: Received new planning service request...
[WARN] [1756281652.288443899] [moveit_ros.planning_scene_monitor.planning_scene_monitor]: Unable to transform object from frame 'base_footprint' to planning frame'base_link' (Could not find a connection between 'base_link' and 'base_footprint' because they are not part of the same tree.Tf has two or more unconnected trees.)
[WARN] [1756281652.288454000] [moveit_ros.planning_scene_monitor.planning_scene_monitor]: Unable to transform object from frame 'odom' to planning frame'base_link' (Could not find a connection between 'base_link' and 'odom' because they are not part of the same tree.Tf has two or more unconnected trees.)
[WARN] [1756281652.288669554] [moveit.ompl_planning.planning_context_manager]: Cannot find planning configuration for group 'right_arm' using planner 'RRTConnectkConfigDefault'. Will use defaults instead.
[INFO] [1756281652.288844334] [moveit.ompl_planning.model_based_planning_context]: Planner configuration 'right_arm' will use planner 'geometric::RRTConnect'. Additional configuration parameters will be set when the planner is constructed.
[INFO] [1756281652.389486412] [moveit_move_group_default_capabilities.execute_trajectory_action_capability]: Received goal request
[INFO] [1756281652.389571672] [moveit_move_group_default_capabilities.execute_trajectory_action_capability]: Execution request received
[INFO] [1756281652.389595430] [moveit.plugins.moveit_simple_controller_manager]: Returned 2 controllers in list
[INFO] [1756281652.389611535] [moveit.plugins.moveit_simple_controller_manager]: Returned 2 controllers in list
[INFO] [1756281652.389664938] [moveit_ros.trajectory_execution_manager]: Validating trajectory with allowed_start_tolerance 0.01
[INFO] [1756281652.393880325] [moveit_ros.trajectory_execution_manager]: Starting trajectory execution ...
[INFO] [1756281652.393922043] [moveit.plugins.moveit_simple_controller_manager]: Returned 2 controllers in list
[INFO] [1756281652.393945084] [moveit.plugins.moveit_simple_controller_manager]: Returned 2 controllers in list
[INFO] [1756281652.394076739] [moveit.simple_controller_manager.follow_joint_trajectory_controller_handle]: sending trajectory to right_joint_trajectory_controller
[INFO] [1756281652.394386480] [moveit.simple_controller_manager.follow_joint_trajectory_controller_handle]: right_joint_trajectory_controller started execution
[INFO] [1756281652.394401936] [moveit.simple_controller_manager.follow_joint_trajectory_controller_handle]: Goal request accepted!
[INFO] [1756281656.144912928] [moveit.simple_controller_manager.follow_joint_trajectory_controller_handle]: Controller 'right_joint_trajectory_controller' successfully finished
[INFO] [1756281656.163795369] [moveit_ros.trajectory_execution_manager]: Completed trajectory execution with status SUCCEEDED ...
[INFO] [1756281656.163861130] [moveit_move_group_default_capabilities.execute_trajectory_action_capability]: Execution completed: SUCCEEDED
[INFO] [1756281656.288395939] [moveit_move_group_default_capabilities.plan_service_capability]: Received new planning service request...
[WARN] [1756281656.288442435] [moveit_ros.planning_scene_monitor.planning_scene_monitor]: Unable to transform object from frame 'base_footprint' to planning frame'base_link' (Could not find a connection between 'base_link' and 'base_footprint' because they are not part of the same tree.Tf has two or more unconnected trees.)
[WARN] [1756281656.288453014] [moveit_ros.planning_scene_monitor.planning_scene_monitor]: Unable to transform object from frame 'odom' to planning frame'base_link' (Could not find a connection between 'base_link' and 'odom' because they are not part of the same tree.Tf has two or more unconnected trees.)
[WARN] [1756281656.288635002] [moveit.ompl_planning.planning_context_manager]: Cannot find planning configuration for group 'right_arm' using planner 'RRTConnectkConfigDefault'. Will use defaults instead.
[INFO] [1756281656.288804850] [moveit.ompl_planning.model_based_planning_context]: Planner configuration 'right_arm' will use planner 'geometric::RRTConnect'. Additional configuration parameters will be set when the planner is constructed.
[INFO] [1756281656.389494356] [moveit_move_group_default_capabilities.execute_trajectory_action_capability]: Received goal request
[INFO] [1756281656.389549515] [moveit_move_group_default_capabilities.execute_trajectory_action_capability]: Execution request received
[INFO] [1756281656.389564280] [moveit.plugins.moveit_simple_controller_manager]: Returned 2 controllers in list
[INFO] [1756281656.389574343] [moveit.plugins.moveit_simple_controller_manager]: Returned 2 controllers in list
[INFO] [1756281656.389606804] [moveit_ros.trajectory_execution_manager]: Validating trajectory with allowed_start_tolerance 0.01
[INFO] [1756281656.393972250] [moveit_ros.trajectory_execution_manager]: Starting trajectory execution ...
[INFO] [1756281656.394015821] [moveit.plugins.moveit_simple_controller_manager]: Returned 2 controllers in list
[INFO] [1756281656.394036438] [moveit.plugins.moveit_simple_controller_manager]: Returned 2 controllers in list
[INFO] [1756281656.394160254] [moveit.simple_controller_manager.follow_joint_trajectory_controller_handle]: sending trajectory to right_joint_trajectory_controller
[INFO] [1756281656.394411916] [moveit.simple_controller_manager.follow_joint_trajectory_controller_handle]: right_joint_trajectory_controller started execution
[INFO] [1756281656.394422414] [moveit.simple_controller_manager.follow_joint_trajectory_controller_handle]: Goal request accepted!
[INFO] [1756281659.694843370] [moveit.simple_controller_manager.follow_joint_trajectory_controller_handle]: Controller 'right_joint_trajectory_controller' successfully finished
[INFO] [1756281659.723806769] [moveit_ros.trajectory_execution_manager]: Completed trajectory execution with status SUCCEEDED ...
[INFO] [1756281659.723862155] [moveit_move_group_default_capabilities.execute_trajectory_action_capability]: Execution completed: SUCCEEDED
[INFO] [1756281659.888248349] [moveit_move_group_default_capabilities.plan_service_capability]: Received new planning service request...
[WARN] [1756281659.888314609] [moveit_ros.planning_scene_monitor.planning_scene_monitor]: Unable to transform object from frame 'base_footprint' to planning frame'base_link' (Could not find a connection between 'base_link' and 'base_footprint' because they are not part of the same tree.Tf has two or more unconnected trees.)
[WARN] [1756281659.888334839] [moveit_ros.planning_scene_monitor.planning_scene_monitor]: Unable to transform object from frame 'odom' to planning frame'base_link' (Could not find a connection between 'base_link' and 'odom' because they are not part of the same tree.Tf has two or more unconnected trees.)
[WARN] [1756281659.888615148] [moveit.ompl_planning.planning_context_manager]: Cannot find planning configuration for group 'right_arm' using planner 'RRTConnectkConfigDefault'. Will use defaults instead.
[INFO] [1756281659.888823710] [moveit.ompl_planning.model_based_planning_context]: Planner configuration 'right_arm' will use planner 'geometric::RRTConnect'. Additional configuration parameters will be set when the planner is constructed.
[INFO] [1756281659.989126819] [moveit_move_group_default_capabilities.execute_trajectory_action_capability]: Received goal request
[INFO] [1756281659.989178964] [moveit_move_group_default_capabilities.execute_trajectory_action_capability]: Execution request received
[INFO] [1756281659.989193510] [moveit.plugins.moveit_simple_controller_manager]: Returned 2 controllers in list
[INFO] [1756281659.989203178] [moveit.plugins.moveit_simple_controller_manager]: Returned 2 controllers in list
[INFO] [1756281659.989235823] [moveit_ros.trajectory_execution_manager]: Validating trajectory with allowed_start_tolerance 0.01
[INFO] [1756281659.993856466] [moveit_ros.trajectory_execution_manager]: Starting trajectory execution ...
[INFO] [1756281659.993921682] [moveit.plugins.moveit_simple_controller_manager]: Returned 2 controllers in list
[INFO] [1756281659.993949376] [moveit.plugins.moveit_simple_controller_manager]: Returned 2 controllers in list
[INFO] [1756281659.994076849] [moveit.simple_controller_manager.follow_joint_trajectory_controller_handle]: sending trajectory to right_joint_trajectory_controller
[INFO] [1756281659.994401753] [moveit.simple_controller_manager.follow_joint_trajectory_controller_handle]: right_joint_trajectory_controller started execution
[INFO] [1756281659.994409174] [moveit.simple_controller_manager.follow_joint_trajectory_controller_handle]: Goal request accepted!
[INFO] [1756281663.294889349] [moveit.simple_controller_manager.follow_joint_trajectory_controller_handle]: Controller 'right_joint_trajectory_controller' successfully finished
[INFO] [1756281663.323911443] [moveit_ros.trajectory_execution_manager]: Completed trajectory execution with status SUCCEEDED ...
[INFO] [1756281663.323966952] [moveit_move_group_default_capabilities.execute_trajectory_action_capability]: Execution completed: SUCCEEDED
[INFO] [1756281663.488338207] [moveit_move_group_default_capabilities.plan_service_capability]: Received new planning service request...
[WARN] [1756281663.488381864] [moveit_ros.planning_scene_monitor.planning_scene_monitor]: Unable to transform object from frame 'base_footprint' to planning frame'base_link' (Could not find a connection between 'base_link' and 'base_footprint' because they are not part of the same tree.Tf has two or more unconnected trees.)
[WARN] [1756281663.488391712] [moveit_ros.planning_scene_monitor.planning_scene_monitor]: Unable to transform object from frame 'odom' to planning frame'base_link' (Could not find a connection between 'base_link' and 'odom' because they are not part of the same tree.Tf has two or more unconnected trees.)
[WARN] [1756281663.488571968] [moveit.ompl_planning.planning_context_manager]: Cannot find planning configuration for group 'right_arm' using planner 'RRTConnectkConfigDefault'. Will use defaults instead.
[INFO] [1756281663.488727539] [moveit.ompl_planning.model_based_planning_context]: Planner configuration 'right_arm' will use planner 'geometric::RRTConnect'. Additional configuration parameters will be set when the planner is constructed.
[INFO] [1756281663.589277231] [moveit_move_group_default_capabilities.execute_trajectory_action_capability]: Received goal request
[INFO] [1756281663.589331901] [moveit_move_group_default_capabilities.execute_trajectory_action_capability]: Execution request received
[INFO] [1756281663.589348288] [moveit.plugins.moveit_simple_controller_manager]: Returned 2 controllers in list
[INFO] [1756281663.589357699] [moveit.plugins.moveit_simple_controller_manager]: Returned 2 controllers in list
[INFO] [1756281663.589394607] [moveit_ros.trajectory_execution_manager]: Validating trajectory with allowed_start_tolerance 0.01
[INFO] [1756281663.593916786] [moveit_ros.trajectory_execution_manager]: Starting trajectory execution ...
[INFO] [1756281663.593969003] [moveit.plugins.moveit_simple_controller_manager]: Returned 2 controllers in list
[INFO] [1756281663.593990648] [moveit.plugins.moveit_simple_controller_manager]: Returned 2 controllers in list
[INFO] [1756281663.594120902] [moveit.simple_controller_manager.follow_joint_trajectory_controller_handle]: sending trajectory to right_joint_trajectory_controller
[INFO] [1756281663.594422694] [moveit.simple_controller_manager.follow_joint_trajectory_controller_handle]: right_joint_trajectory_controller started execution
[INFO] [1756281663.594433057] [moveit.simple_controller_manager.follow_joint_trajectory_controller_handle]: Goal request accepted!
[INFO] [1756281669.395203412] [moveit.simple_controller_manager.follow_joint_trajectory_controller_handle]: Controller 'right_joint_trajectory_controller' successfully finished
[INFO] [1756281669.423878163] [moveit_ros.trajectory_execution_manager]: Completed trajectory execution with status SUCCEEDED ...
[INFO] [1756281669.423943096] [moveit_move_group_default_capabilities.execute_trajectory_action_capability]: Execution completed: SUCCEEDED
[INFO] [1756281759.615757661] [moveit_move_group_default_capabilities.plan_service_capability]: Received new planning service request...
[WARN] [1756281759.615823776] [moveit_ros.planning_scene_monitor.planning_scene_monitor]: Unable to transform object from frame 'base_footprint' to planning frame'base_link' (Could not find a connection between 'base_link' and 'base_footprint' because they are not part of the same tree.Tf has two or more unconnected trees.)
[WARN] [1756281759.615845206] [moveit_ros.planning_scene_monitor.planning_scene_monitor]: Unable to transform object from frame 'odom' to planning frame'base_link' (Could not find a connection between 'base_link' and 'odom' because they are not part of the same tree.Tf has two or more unconnected trees.)
[WARN] [1756281759.616166457] [moveit.ompl_planning.planning_context_manager]: Cannot find planning configuration for group 'right_arm' using planner 'RRTConnectkConfigDefault'. Will use defaults instead.
[INFO] [1756281759.616414847] [moveit.ompl_planning.model_based_planning_context]: Planner configuration 'right_arm' will use planner 'geometric::RRTConnect'. Additional configuration parameters will be set when the planner is constructed.
[INFO] [1756281759.713072291] [moveit_move_group_default_capabilities.execute_trajectory_action_capability]: Received goal request
[INFO] [1756281759.713127384] [moveit_move_group_default_capabilities.execute_trajectory_action_capability]: Execution request received
[INFO] [1756281759.713140688] [moveit.plugins.moveit_simple_controller_manager]: Returned 2 controllers in list
[INFO] [1756281759.713150133] [moveit.plugins.moveit_simple_controller_manager]: Returned 2 controllers in list
[INFO] [1756281759.713179875] [moveit_ros.trajectory_execution_manager]: Validating trajectory with allowed_start_tolerance 0.01
[INFO] [1756281759.713819437] [moveit_ros.trajectory_execution_manager]: Starting trajectory execution ...
[INFO] [1756281759.713861272] [moveit.plugins.moveit_simple_controller_manager]: Returned 2 controllers in list
[INFO] [1756281759.713882010] [moveit.plugins.moveit_simple_controller_manager]: Returned 2 controllers in list
[INFO] [1756281759.713990710] [moveit.simple_controller_manager.follow_joint_trajectory_controller_handle]: sending trajectory to right_joint_trajectory_controller
[INFO] [1756281759.714284236] [moveit.simple_controller_manager.follow_joint_trajectory_controller_handle]: right_joint_trajectory_controller started execution
[INFO] [1756281759.714298130] [moveit.simple_controller_manager.follow_joint_trajectory_controller_handle]: Goal request accepted!
[INFO] [1756281761.064490983] [moveit.simple_controller_manager.follow_joint_trajectory_controller_handle]: Controller 'right_joint_trajectory_controller' successfully finished
[INFO] [1756281761.093844747] [moveit_ros.trajectory_execution_manager]: Completed trajectory execution with status SUCCEEDED ...
[INFO] [1756281761.093902569] [moveit_move_group_default_capabilities.execute_trajectory_action_capability]: Execution completed: SUCCEEDED
[INFO] [1756281773.300638812] [moveit_move_group_default_capabilities.move_action_capability]: Received request
[INFO] [1756281773.300699635] [moveit_move_group_default_capabilities.move_action_capability]: executing..
[WARN] [1756281773.303992113] [moveit_ros.planning_scene_monitor.planning_scene_monitor]: Unable to transform object from frame 'base_footprint' to planning frame'base_link' (Could not find a connection between 'base_link' and 'base_footprint' because they are not part of the same tree.Tf has two or more unconnected trees.)
[WARN] [1756281773.304010089] [moveit_ros.planning_scene_monitor.planning_scene_monitor]: Unable to transform object from frame 'odom' to planning frame'base_link' (Could not find a connection between 'base_link' and 'odom' because they are not part of the same tree.Tf has two or more unconnected trees.)
[INFO] [1756281773.304040672] [moveit_move_group_default_capabilities.