[WARN] [1756643769.713197672] [voice_control_node]: 尚未获取 base_angle，无法转向
[INFO] [1756643769.970384716] [voice_control_node]: 已加载 JSON 文件: /home/rpp//rpp_data/config/voice/voice_pose.json
[INFO] [1756643769.970583652] [voice_control_node]: 等待 TF [mic_link -> base_link] 可用...
[INFO] [1756643770.071173076] [voice_control_node]: TF 尚未可用，继续等待...
[INFO] [1756643770.672341004] [voice_control_node]: TF 尚未可用，继续等待...
[INFO] [1756643771.173632913] [voice_control_node]: TF 尚未可用，继续等待...
[INFO] [1756643771.676689103] [voice_control_node]: TF 尚未可用，继续等待...
[INFO] [1756643772.177861603] [voice_control_node]: TF 尚未可用，继续等待...
[INFO] [1756643772.678916316] [voice_control_node]: TF 尚未可用，继续等待...
[INFO] [1756643773.179663956] [voice_control_node]: TF 尚未可用，继续等待...
[INFO] [1756643773.680514296] [voice_control_node]: TTS 成功播报：成功加载 2 个点位
[INFO] [1756643773.680767911] [voice_control_node]: TF 尚未可用，继续等待...
[INFO] [1756643774.181566755] [voice_control_node]: TF 尚未可用，继续等待...
[INFO] [1756643774.682870544] [voice_control_node]: TF 尚未可用，继续等待...
[INFO] [1756643775.183495079] [voice_control_node]: TF 尚未可用，继续等待...
[INFO] [1756643775.684704465] [voice_control_node]: TF 尚未可用，继续等待...
[INFO] [1756643776.186042442] [voice_control_node]: TF 尚未可用，继续等待...
[INFO] [1756643776.686847464] [voice_control_node]: TF 尚未可用，继续等待...
[INFO] [1756643777.187887405] [voice_control_node]: TF 尚未可用，继续等待...
[INFO] [1756643777.688841379] [voice_control_node]: TF 尚未可用，继续等待...
[INFO] [1756643778.189844201] [voice_control_node]: TF 尚未可用，继续等待...
[INFO] [1756643778.691326372] [voice_control_node]: TF 尚未可用，继续等待...
[INFO] [1756643779.192976364] [voice_control_node]: TF 尚未可用，继续等待...
[INFO] [1756643779.694208712] [voice_control_node]: TF 尚未可用，继续等待...
[INFO] [1756643780.195909483] [voice_control_node]: TF 尚未可用，继续等待...
[INFO] [1756643780.697297404] [voice_control_node]: TF 尚未可用，继续等待...
[INFO] [1756643781.198528591] [voice_control_node]: TF 尚未可用，继续等待...
[INFO] [1756643781.700154235] [voice_control_node]: TF 尚未可用，继续等待...
[INFO] [1756643782.201566509] [voice_control_node]: TF 获取成功 
[INFO] [1756643823.495458015] [voice_control_node]: 收到唤醒词，准备启动语音听写
[INFO] [1756643823.495666101] [voice_control_node]: 机器人空闲，启动语音听写
[INFO] [1756643824.202365818] [voice_control_node]: 机器人状态从 IDLE -> IAT
[INFO] [1756643824.495430308] [voice_control_node]: 收到唤醒词，准备启动语音听写
[WARN] [1756643824.495673094] [voice_control_node]: 当前状态 IAT，忽略唤醒请求
[INFO] [1756643825.495634577] [voice_control_node]: 收到唤醒词，准备启动语音听写
[WARN] [1756643825.496121183] [voice_control_node]: 当前状态 IAT_WAIT，忽略唤醒请求
[INFO] [1756643826.495384831] [voice_control_node]: 收到唤醒词，准备启动语音听写
[WARN] [1756643826.495623330] [voice_control_node]: 当前状态 IAT_WAIT，忽略唤醒请求
[INFO] [1756643827.495399674] [voice_control_node]: 收到唤醒词，准备启动语音听写
[WARN] [1756643827.495633087] [voice_control_node]: 当前状态 IAT_WAIT，忽略唤醒请求
[INFO] [1756643828.495555029] [voice_control_node]: 收到唤醒词，准备启动语音听写
[WARN] [1756643828.496032309] [voice_control_node]: 当前状态 IAT_WAIT，忽略唤醒请求
[INFO] [1756643829.495332411] [voice_control_node]: 收到唤醒词，准备启动语音听写
[WARN] [1756643829.495574470] [voice_control_node]: 当前状态 IAT_WAIT，忽略唤醒请求
[INFO] [1756643830.495310997] [voice_control_node]: 收到唤醒词，准备启动语音听写
[WARN] [1756643830.495531887] [voice_control_node]: 当前状态 IAT_WAIT，忽略唤醒请求
[INFO] [1756643830.942676779] [voice_control_node]: TTS 成功播报：我现在正忙，请稍后再试，但是我已对您重新定位
[INFO] [1756643831.495271658] [voice_control_node]: 收到唤醒词，准备启动语音听写
[WARN] [1756643831.495508689] [voice_control_node]: 当前状态 IAT_WAIT，忽略唤醒请求
[INFO] [1756643832.495354491] [voice_control_node]: 收到唤醒词，准备启动语音听写
[WARN] [1756643832.495591619] [voice_control_node]: 当前状态 IAT_WAIT，忽略唤醒请求
[INFO] [1756643833.495335370] [voice_control_node]: 收到唤醒词，准备启动语音听写
[WARN] [1756643833.495563711] [voice_control_node]: 当前状态 IAT_WAIT，忽略唤醒请求
[INFO] [1756643834.495367621] [voice_control_node]: 收到唤醒词，准备启动语音听写
[WARN] [1756643834.495615737] [voice_control_node]: 当前状态 IAT_WAIT，忽略唤醒请求
[INFO] [1756643835.495568316] [voice_control_node]: 收到唤醒词，准备启动语音听写
[WARN] [1756643835.496041686] [voice_control_node]: 当前状态 IAT_WAIT，忽略唤醒请求
[INFO] [1756643836.495546272] [voice_control_node]: 收到唤醒词，准备启动语音听写
[WARN] [1756643836.496070709] [voice_control_node]: 当前状态 IAT_WAIT，忽略唤醒请求
[INFO] [1756643837.495413203] [voice_control_node]: 收到唤醒词，准备启动语音听写
[WARN] [1756643837.495682604] [voice_control_node]: 当前状态 IAT_WAIT，忽略唤醒请求
[INFO] [1756643838.495510106] [voice_control_node]: 收到唤醒词，准备启动语音听写
[WARN] [1756643838.495993641] [voice_control_node]: 当前状态 IAT_WAIT，忽略唤醒请求
[INFO] [1756643839.225112280] [voice_control_node]: TTS 成功播报：我是具身智能机器人小K, 请您说出指令, 有任何需求请吩咐我
[INFO] [1756643839.225320500] [voice_control_node]: 准备发布语音唤醒指令...
[INFO] [1756643839.225493517] [voice_control_node]: 发布唤醒词
[INFO] [1756643839.495243471] [voice_control_node]: 收到唤醒词，准备启动语音听写
[WARN] [1756643839.495465622] [voice_control_node]: 当前状态 IAT_WAIT，忽略唤醒请求
[INFO] [1756643840.495245501] [voice_control_node]: 收到唤醒词，准备启动语音听写
[WARN] [1756643840.495472409] [voice_control_node]: 当前状态 IAT_WAIT，忽略唤醒请求
[INFO] [1756643841.495546726] [voice_control_node]: 收到唤醒词，准备启动语音听写
[WARN] [1756643841.496038419] [voice_control_node]: 当前状态 IAT_WAIT，忽略唤醒请求
[INFO] [1756643842.495527204] [voice_control_node]: 收到唤醒词，准备启动语音听写
[WARN] [1756643842.495994158] [voice_control_node]: 当前状态 IAT_WAIT，忽略唤醒请求
[INFO] [1756643843.495304357] [voice_control_node]: 收到唤醒词，准备启动语音听写
[WARN] [1756643843.495536497] [voice_control_node]: 当前状态 IAT_WAIT，忽略唤醒请求
[INFO] [1756643845.679991624] [voice_control_node]: TTS 成功播报：我现在正忙，请稍后再试，但是我已对您重新定位
[INFO] [1756643852.130288919] [voice_control_node]: TTS 成功播报：我现在正忙，请稍后再试，但是我已对您重新定位
[INFO] [1756643858.574243093] [voice_control_node]: TTS 成功播报：我现在正忙，请稍后再试，但是我已对您重新定位
[INFO] [1756643865.023516748] [voice_control_node]: TTS 成功播报：我现在正忙，请稍后再试，但是我已对您重新定位
[INFO] [1756643871.474666864] [voice_control_node]: TTS 成功播报：我现在正忙，请稍后再试，但是我已对您重新定位
[INFO] [1756643877.922137122] [voice_control_node]: TTS 成功播报：我现在正忙，请稍后再试，但是我已对您重新定位
[INFO] [1756643884.366488947] [voice_control_node]: TTS 成功播报：我现在正忙，请稍后再试，但是我已对您重新定位
[INFO] [1756643890.812857970] [voice_control_node]: TTS 成功播报：我现在正忙，请稍后再试，但是我已对您重新定位
[INFO] [1756643897.261206660] [voice_contr