[WARN] [1756457169.702802956] [voice_control_node]: 尚未获取 base_angle，无法转向
[INFO] [1756457169.711867843] [voice_control_node]: 已加载 JSON 文件: /home/rpp//rpp_data/config/voice/voice_pose.json
[INFO] [1756457169.712083070] [voice_control_node]: 等待 TF [mic_link -> base_link] 可用...
[INFO] [1756457169.716228100] [voice_control_node]: TF 尚未可用，继续等待...
[INFO] [1756457170.217451559] [voice_control_node]: TF 尚未可用，继续等待...
[INFO] [1756457170.720382127] [voice_control_node]: TF 尚未可用，继续等待...
[INFO] [1756457171.221967201] [voice_control_node]: TF 尚未可用，继续等待...
[INFO] [1756457171.723189618] [voice_control_node]: TF 尚未可用，继续等待...
[INFO] [1756457172.224706728] [voice_control_node]: TF 尚未可用，继续等待...
[INFO] [1756457172.725395501] [voice_control_node]: TF 尚未可用，继续等待...
[INFO] [1756457173.226228720] [voice_control_node]: TTS 成功播报：成功加载 2 个点位
[INFO] [1756457173.226459918] [voice_control_node]: TF 尚未可用，继续等待...
[INFO] [1756457173.727278312] [voice_control_node]: TF 尚未可用，继续等待...
[INFO] [1756457174.228478654] [voice_control_node]: TF 尚未可用，继续等待...
[INFO] [1756457174.729441850] [voice_control_node]: TF 尚未可用，继续等待...
[INFO] [1756457175.230521240] [voice_control_node]: TF 尚未可用，继续等待...
[INFO] [1756457175.731516383] [voice_control_node]: TF 尚未可用，继续等待...
[INFO] [1756457176.232685980] [voice_control_node]: TF 尚未可用，继续等待...
[INFO] [1756457176.733576441] [voice_control_node]: TF 尚未可用，继续等待...
[INFO] [1756457177.234565022] [voice_control_node]: TF 尚未可用，继续等待...
[INFO] [1756457177.735669613] [voice_control_node]: TF 尚未可用，继续等待...
[INFO] [1756457178.237108185] [voice_control_node]: TF 获取成功 
[INFO] [1756457731.054099198] [voice_control_node]: 收到唤醒词，准备启动语音听写
[INFO] [1756457731.054285094] [voice_control_node]: 机器人空闲，启动语音听写
[INFO] [1756457731.237479234] [voice_control_node]: 机器人状态从 IDLE -> IAT
[INFO] [1756457734.913486026] [voice_control_node]: TTS 成功播报：滴滴，请说出指令
[INFO] [1756457734.913651296] [voice_control_node]: 准备发布语音唤醒指令...
[INFO] [1756457734.913786731] [voice_control_node]: 发布唤醒词
[INFO] [1756457755.422659682] [voice_control_node]: TTS 成功播报：未听清，请再说一次
[INFO] [1756457755.422834537] [voice_control_node]: 准备发布语音唤醒指令...
[INFO] [1756457755.422979394] [voice_control_node]: 发布唤醒词
[INFO] [1756457776.422718153] [voice_control_node]: TTS 成功播报：未听清，请再说一次
[INFO] [1756457776.422896894] [voice_control_node]: 准备发布语音唤醒指令...
[INFO] [1756457776.423057240] [voice_control_node]: 发布唤醒词
[INFO] [1756457797.420691618] [voice_control_node]: TTS 成功播报：未听清，请再说一次
[INFO] [1756457797.420862339] [voice_control_node]: 准备发布语音唤醒指令...
[INFO] [1756457797.421011794] [voice_control_node]: 发布唤醒词
[INFO] [1756457818.422049058] [voice_control_node]: TTS 成功播报：未听清，请再说一次
[INFO] [1756457818.422306355] [voice_control_node]: 准备发布语音唤醒指令...
[INFO] [1756457818.422564915] [voice_control_node]: 发布唤醒词
[INFO] [1756457840.341648647] [voice_control_node]: TTS 成功播报：超出最大尝试次数，结束识别
[INFO] [1756458701.145010917] [voice_control_node]: 收到唤醒词，准备启动语音听写
[INFO] [1756458701.145190889] [voice_control_node]: 机器人空闲，启动语音听写
[INFO] [1756458701.237510494] [voice_control_node]: 机器人状态从 IDLE -> IAT
[INFO] [1756458704.909245883] [voice_control_node]: TTS 成功播报：滴滴，请说出指令
[INFO] [1756458704.909416114] [voice_control_node]: 准备发布语音唤醒指令...
[INFO] [1756458704.909559425] [voice_control_node]: 发布唤醒词
[