[WARN] [1756483822.532719572] [voice_control_node]: 尚未获取 base_angle，无法转向
[INFO] [1756483822.539012933] [voice_control_node]: 已加载 JSON 文件: /home/rpp//rpp_data/config/voice/voice_pose.json
[INFO] [1756483822.539169988] [voice_control_node]: 等待 TF [mic_link -> base_link] 可用...
[INFO] [1756483822.545610835] [voice_control_node]: TF 尚未可用，继续等待...
[INFO] [1756483823.046515651] [voice_control_node]: TF 尚未可用，继续等待...
[INFO] [1756483823.549283322] [voice_control_node]: TF 尚未可用，继续等待...
[INFO] [1756483824.050433363] [voice_control_node]: TF 尚未可用，继续等待...
[INFO] [1756483824.551540612] [voice_control_node]: TF 尚未可用，继续等待...
[INFO] [1756483825.052726988] [voice_control_node]: TF 尚未可用，继续等待...
[INFO] [1756483825.553903442] [voice_control_node]: TF 尚未可用，继续等待...
[INFO] [1756483826.054844041] [voice_control_node]: TF 尚未可用，继续等待...
[INFO] [1756483826.555724942] [voice_control_node]: TTS 成功播报：成功加载 2 个点位
[INFO] [1756483826.555926044] [voice_control_node]: TF 尚未可用，继续等待...
[INFO] [1756483827.056666892] [voice_control_node]: TF 尚未可用，继续等待...
[INFO] [1756483827.557310971] [voice_control_node]: TF 尚未可用，继续等待...
[INFO] [1756483828.057662528] [voice_control_node]: TF 尚未可用，继续等待...
[INFO] [1756483828.558759497] [voice_control_node]: TF 尚未可用，继续等待...
[INFO] [1756483829.059865869] [voice_control_node]: TF 尚未可用，继续等待...
[INFO] [1756483829.560929787] [voice_control_node]: TF 尚未可用，继续等待...
[INFO] [1756483830.061972375] [voice_control_node]: TF 尚未可用，继续等待...
[INFO] [1756483830.562946404] [voice_control_node]: TF 尚未可用，继续等待...
[INFO] [1756483831.063918729] [voice_control_node]: TF 尚未可用，继续等待...
[INFO] [1756483831.565055370] [voice_control_node]: TF 尚未可用，继续等待...
[INFO] [1756483832.065941794] [voice_control_node]: TF 尚未可用，继续等待...
[INFO] [1756483832.567010763] [voice_control_node]: TF 尚未可用，继续等待...
[INFO] [1756483833.068028605] [voice_control_node]: TF 尚未可用，继续等待...
[INFO] [1756483833.569148551] [voice_control_node]: TF 尚未可用，继续等待...
[INFO] [1756483834.070299594] [voice_control_node]: TF 尚未可用，继续等待...
[INFO] [1756483834.570968311] [voice_control_node]: TF 尚未可用，继续等待...
[INFO] [1756483835.072170914] [voice_control_node]: TF 尚未可用，继续等待...
[INFO] [1756483835.572959207] [voice_control_node]: TF 尚未可用，继续等待...
[INFO] [1756483836.074001983] [voice_control_node]: TF 尚未可用，继续等待...
[INFO] [1756483836.575564084] [voice_control_node]: TF 获取成功 
[INFO] [1756484496.884391495] [voice_control_node]: 收到唤醒词，准备启动语音听写
[INFO] [1756484496.884570269] [voice_control_node]: 机器人空闲，启动语音听写
[INFO] [1756484497.576377931] [voice_control_node]: 机器人状态从 IDLE -> IAT
[INFO] [1756484508.098788991] [voice_control_node]: TTS 成功播报：我是具身智能机器人小K, 请您说出指令, 有任何需求请吩咐我
[INFO] [1756484508.098944597] [voice_control_node]: 准备发布语音唤醒指令...
[INFO] [1756484508.099074990] [voice_control_node]: 发布唤醒词
[INFO] [1756484512.139932319] [voice_control_node]: 接收到识别结果：有什么可以帮您？我是巨声智能机器人小黑，请您说出指令，有任何需求请吩咐我。今天的天气怎么样？
[INFO] [1756484512.140401449] [voice_control_node]: 匹配命令码：None
[INFO] [1756484521.757619333] [voice_control_node]: TTS 成功播报：未听清，请再说一次
[INFO] [1756484521.757780692] [voice_control_node]: 准备发布语音唤醒指令...
[INFO] [1756484521.757908922] [voice_control_node]: 发布唤醒词
[INFO] [1756484542.762637040] [voice_control_node]: TTS 成功播报：未听清，请再说一