[WARN] [1756483070.820817316] [voice_control_node]: 尚未获取 base_angle，无法转向
[INFO] [1756483070.825740713] [voice_control_node]: 已加载 JSON 文件: /home/rpp//rpp_data/config/voice/voice_pose.json
[INFO] [1756483070.825893357] [voice_control_node]: 等待 TF [mic_link -> base_link] 可用...
[INFO] [1756483070.853233851] [voice_control_node]: 收到唤醒词，准备启动语音听写
[INFO] [1756483070.853374549] [voice_control_node]: 机器人空闲，启动语音听写
[INFO] [1756483070.853570784] [voice_control_node]: TF 尚未可用，继续等待...
[INFO] [1756483071.454744630] [voice_control_node]: TF 尚未可用，继续等待...
[INFO] [1756483072.055741366] [voice_control_node]: TF 尚未可用，继续等待...
[INFO] [1756483072.656718812] [voice_control_node]: TF 尚未可用，继续等待...
[INFO] [1756483073.244142525] [voice_control_node]: TF 尚未可用，继续等待...
[INFO] [1756483073.744980218] [voice_control_node]: TTS 成功播报：成功加载 2 个点位
[INFO] [1756483073.745164313] [voice_control_node]: TF 尚未可用，继续等待...
[INFO] [1756483074.245923078] [voice_control_node]: TF 尚未可用，继续等待...
[INFO] [1756483074.746810487] [voice_control_node]: TF 尚未可用，继续等待...
[INFO] [1756483075.347824554] [voice_control_node]: TF 尚未可用，继续等待...
[INFO] [1756483075.948774653] [voice_control_node]: TF 尚未可用，继续等待...
[INFO] [1756483076.549301313] [voice_control_node]: TF 尚未可用，继续等待...
[INFO] [1756483077.150258467] [voice_control_node]: TF 尚未可用，继续等待...
[INFO] [1756483077.751251156] [voice_control_node]: TF 尚未可用，继续等待...
[INFO] [1756483078.351992499] [voice_control_node]: TF 尚未可用，继续等待...
[INFO] [1756483078.953031486] [voice_control_node]: TF 尚未可用，继续等待...
[INFO] [1756483079.553868235] [voice_control_node]: TF 尚未可用，继续等待...
[INFO] [1756483080.154830924] [voice_control_node]: TF 尚未可用，继续等待...
[INFO] [1756483080.755729074] [voice_control_node]: TF 尚未可用，继续等待...
[INFO] [1756483081.356695140] [voice_control_node]: TF 尚未可用，继续等待...
[INFO] [1756483081.957661967] [voice_control_node]: TF 尚未可用，继续等待...
[INFO] [1756483082.558185495] [voice_control_node]: TF 尚未可用，继续等待...
[INFO] [1756483083.158736454] [voice_control_node]: TF 尚未可用，继续等待...
[INFO] [1756483083.759351251] [voice_control_node]: TF 尚未可用，继续等待...
[INFO] [1756483084.360242957] [voice_control_node]: TF 尚未可用，继续等待...
[INFO] [1756483084.961104758] [voice_control_node]: TF 尚未可用，继续等待...
[INFO] [1756483085.562040585] [voice_control_node]: TF 尚未可用，继续等待...
[INFO] [1756483086.162929396] [voice_control_node]: TF 尚未可用，继续等待...
[INFO] [1756483086.763876288] [voice_control_node]: TF 尚未可用，继续等待...
[INFO] [1756483087.364967016] [voice_control_node]: TF 尚未可用，继续等待...
[INFO] [1756483087.965868559] [voice_control_node]: TF 尚未可用，继续等待...
[INFO] [1756483088.566899276] [voice_control_node]: TF 尚未可用，继续等待...
[INFO] [1756483089.167757737] [voice_control_node]: TF 尚未可用，继续等待...
[INFO] [1756483089.768657816] [voice_control_node]: TF 尚未可用，继续等待...
[INFO] [1756483090.369112235] [voice_control_node]: TF 尚未可用，继续等待...
[INFO] [1756483090.970084588] [voice_control_node]: TF 尚未可用，继续等待...
[INFO] [1756483091.570712812] [voice_control_node]: TF 尚未可用，继续等待...
[INFO] [1756483092.171649532] [voice_control_node]: TF 尚未可用，继续等待...
[INFO] [1756483092.772207821] [voice_control_node]: TF 尚未可用，继续等待...
[INFO] [1756483093.372857544] [voice_control_node]: TF 尚未可用，继续等待...
[INFO] [1756483093.973788461] [voice_control_node]: TF 尚未可用，继续等待...
[INFO] [1756483094.574792988] [voice_control_node]: TF 尚未可用，继续等待...
[INFO] [1756483095.175757233] [voice_control_node]: TF 尚未可用，继续等待...
[INFO] [1756483095.776763671] [voice_control_node]: TF 尚未可用，继续等待...
[INFO] [1756483096.377830635] [voice_control_node]: TF 尚未可用，继续等待...
[INFO] [1756483096.978981208] [voice_control_node]: TF 尚未可用，继续等待...
[INFO] [1756483097.579810258] [voice_control_node]: TF 尚未可用，继续等待...
[INFO] [1756483098.180797803] [voice_control_node]: TF 尚未可用，继续等待...
[INFO] [1756483098.781791256] [voice_control_node]: TF 尚未可用，继续等待...
[INFO] [1756483099.382318827] [voice_control_node]: TF 尚未可用，继续等待...
[INFO] [1756483099.982821166] [voice_control_node]: TF 尚未可用，继续等待...
[INFO] [1756483100.583771470] [voice_control_node]: TF 尚未可用，继续等待...
[INFO] [1756483101.184799533] [voice_control_node]: TF 尚未可用，继续等待...
[INFO] [1756483101.785822825] [voice_control_node]: TF 尚未可用，继续等待...
[INFO] [1756483102.386308616] [voice_control_node]: TF 尚未可用，继续等待...
[INFO] [1756483102.986902349] [voice_control_node]: TF 尚未可用，继续等待...
[INFO] [1756483103.588009168] [voice_control_node]: TF 尚未可用，继续等待...
[INFO] [1756483104.189059673] [voice_control_node]: TF 尚未可用，继续等待...
[INFO] [1756483104.690163887] [voice_control_node]: 收到唤醒词，准备启动语音听写
[INFO] [1756483104.690318033] [voice_control_node]: 机器人空闲，启动语音听写
[INFO] [1756483104.690519114] [voice_control_node]: TF 尚未可用，继续等待...
[INFO] [1756483105.291555324] [voice_control_node]: TF 尚未可用，继续等待...
[INFO] [1756483105.892565557] [voice_control_node]: TF 尚未可用，继续等待...
[INFO] [1756483106.493491302] [voice_control_node]: TF 尚未可用，继续等待...
[INFO] [1756483107.094036750] [voice_control_node]: TF 尚未可用，继续等待...
[INFO] [1756483107.694811074] [voice_control_node]: TF 尚未可用，继续等待...
[INFO] [1756483108.295790097] [voice_control_node]: TF 尚未可用，继续等待...
[INFO] [1756483108.896900440] [voice_control_node]: TF 尚未可用，继续等待...
[INFO] [1756483109.497866528] [voice_control_node]: TF 尚未可用，继续等待...
[INFO] [1756483110.098872593] [voice_control_node]: TF 尚未可用，继续等待...
[INFO] [1756483110.699751532] [voice_control_node]: TF 尚未可用，继续等待...
[INFO] [1756483111.300314826] [voice_control_node]: TF 尚未可用，继续等待...
[INFO] [1756483111.900847182] [voice_control_node]: TF 尚未可用，继续等待...
[INFO] [1756483112.502141828] [voice_control_node]: TF 尚未可用，继续等待...
[INFO] [1756483113.076010418] [voice_control_node]: 收到唤醒词，准备启动语音听写
[INFO] [1756483113.076159472] [voice_control_node]: 机器人空闲，启动语音听写
[INFO] [1756483113.076329134] [voice_control_node]: TF 尚未可用，继续等待...
[INFO] [1756483113.677467131] [voice_control_node]: TF 尚未可用，继续等待...
[INFO] [1756483114.278647274] [voice_control_node]: TF 尚未可用，继续等待...
[INFO] [1756483114.880039043] [voice_control_node]: TF 尚未可用，继续等待...
[INFO] [1756483115.481419882] [voice_control_node]: TF 尚未可用，继续等待...
[INFO] [1756483116.082802141] [voice_control_node]: TF 尚未可用，继续等待...
[INFO] [1756483116.683534942] [voice_control_node]: TF 尚未可用，继续等待...
[INFO] [1756483117.284113906] [voice_control_node]: TF 尚未可用，继续等待...
[INFO] [1756483117.885145869] [voice_control_node]: TF 尚未可用，继续等待...
[INFO] [1756483118.485854214] [voice_control_node]: TF 尚未可用，继续等待...
[INFO] [1756483119.086836389] [voice_control_node]: TF 尚未可用，继续等待...
[INFO] [1756483119.687822106] [voice_control_node]: TF 尚未可用，继续等待...
[INFO] [1756483120.288768147] [voice_control_node]: TF 尚未可用，继续等待...
[INFO] [1