[INFO] [1756718962.166547449] [robot_state_publisher]: got segment base_link
[INFO] [1756718962.166615443] [robot_state_publisher]: got segment caster_LB_link
[INFO] [1756718962.166619723] [robot_state_publisher]: got segment caster_RB_link
[INFO] [1756718962.166621974] [robot_state_publisher]: got segment connector_link
[INFO] [1756718962.166624162] [robot_state_publisher]: got segment front_camera_accel_frame
[INFO] [1756718962.166626363] [robot_state_publisher]: got segment front_camera_accel_optical_frame
[INFO] [1756718962.166628584] [robot_state_publisher]: got segment front_camera_bottom_screw_frame
[INFO] [1756718962.166630646] [robot_state_publisher]: got segment front_camera_color_frame
[INFO] [1756718962.166632654] [robot_state_publisher]: got segment front_camera_color_optical_frame
[INFO] [1756718962.166634651] [robot_state_publisher]: got segment front_camera_depth_frame
[INFO] [1756718962.166636648] [robot_state_publisher]: got segment front_camera_depth_optical_frame
[INFO] [1756718962.166638651] [robot_state_publisher]: got segment front_camera_gyro_frame
[INFO] [1756718962.166640622] [robot_state_publisher]: got segment front_camera_gyro_optical_frame
[INFO] [1756718962.166642601] [robot_state_publisher]: got segment front_camera_infra1_frame
[INFO] [1756718962.166644534] [robot_state_publisher]: got segment front_camera_infra1_optical_frame
[INFO] [1756718962.166646524] [robot_state_publisher]: got segment front_camera_infra2_frame
[INFO] [1756718962.166648459] [robot_state_publisher]: got segment front_camera_infra2_optical_frame
[INFO] [1756718962.166650377] [robot_state_publisher]: got segment front_camera_link
[INFO] [1756718962.166652455] [robot_state_publisher]: got segment head_camera_accel_frame
[INFO] [1756718962.166654639] [robot_state_publisher]: got segment head_camera_accel_optical_frame
[INFO] [1756718962.166656793] [robot_state_publisher]: got segment head_camera_bottom_screw_frame
[INFO] [1756718962.166658798] [robot_state_publisher]: got segment head_camera_color_frame
[INFO] [1756718962.166660751] [robot_state_publisher]: got segment head_camera_color_optical_frame
[INFO] [1756718962.166662656] [robot_state_publisher]: got segment head_camera_depth_frame
[INFO] [1756718962.166664563] [robot_state_publisher]: got segment head_camera_depth_optical_frame
[INFO] [1756718962.166666465] [robot_state_publisher]: got segment head_camera_gyro_frame
[INFO] [1756718962.166668395] [robot_state_publisher]: got segment head_camera_gyro_optical_frame
[INFO] [1756718962.166670270] [robot_state_publisher]: got segment head_camera_imu_optical_frame
[INFO] [1756718962.166672134] [robot_state_publisher]: got segment head_camera_infra1_frame
[INFO] [1756718962.166674127] [robot_state_publisher]: got segment head_camera_infra1_optical_frame
[INFO] [1756718962.166676040] [robot_state_publisher]: got segment head_camera_infra2_frame
[INFO] [1756718962.166678069] [robot_state_publisher]: got segment head_camera_infra2_optical_frame
[INFO] [1756718962.166679981] [robot_state_publisher]: got segment head_camera_link
[INFO] [1756718962.166681940] [robot_state_publisher]: got segment head_link
[INFO] [1756718962.166684208] [robot_state_publisher]: got segment laser_B_link
[INFO] [1756718962.166686214] [robot_state_publisher]: got segment left_base_link
[INFO] [1756718962.166688147] [robot_state_publisher]: got segment left_bracelet_link
[INFO] [1756718962.166690079] [robot_state_publisher]: got segment left_camera_accel_frame
[INFO] [1756718962.166692099] [robot_state_publisher]: got segment left_camera_accel_optical_frame
[INFO] [1756718962.166694005] [robot_state_publisher]: got segment left_camera_bottom_screw_frame
[INFO] [1756718962.166695906] [robot_state_publisher]: got segment left_camera_bracket_link
[INFO] [1756718962.166697806] [robot_state_publisher]: got segment left_camera_color_frame
[INFO] [1756718962.166699738] [robot_state_publisher]: got segment left_camera_color_optical_frame
[INFO] [1756718962.166701616] [robot_state_publisher]: got segment left_camera_depth_frame
[INFO] [1756718962.166703542] [robot_state_publisher]: got segment left_camera_depth_optical_frame
[INFO] [1756718962.166712951] [robot_state_publisher]: got segment left_camera_gyro_frame
[INFO] [1756718962.166715019] [robot_state_publisher]: got segment left_camera_gyro_optical_frame
[INFO] [1756718962.166716980] [robot_state_publisher]: got segment left_camera_infra1_frame
[INFO] [1756718962.166718944] [robot_state_publisher]: got segment left_camera_infra1_optical_frame
[INFO] [1756718962.166721240] [robot_state_publisher]: got segment left_camera_infra2_frame
[INFO] [1756718962.166723237] [robot_state_publisher]: got segment left_camera_infra2_optical_frame
[INFO] [1756718962.166725173] [robot_state_publisher]: got segment left_camera_link
[INFO] [1756718962.166727182] [robot_state_publisher]: got segment left_end_effector_link
[INFO] [1756718962.166729146] [robot_state_publisher]: got segment left_flange_1_link
[INFO] [1756718962.166732281] [robot_state_publisher]: got segment left_forearm_link
[INFO] [1756718962.166734638] [robot_state_publisher]: got segment left_half_arm_1_link
[INFO] [1756718962.166736789] [robot_state_publisher]: got segment left_half_arm_2_link
[INFO] [1756718962.166738690] [robot_state_publisher]: got segment left_shoulder_link
[INFO] [1756718962.166740598] [robot_state_publisher]: got segment left_spherical_wrist_1_link
[INFO] [1756718962.166742542] [robot_state_publisher]: got segment left_spherical_wrist_2_link
[INFO] [1756718962.166744465] [robot_state_publisher]: got segment left_tool_frame
[INFO] [1756718962.166746481] [robot_state_publisher]: got segment lidar_link
[INFO] [1756718962.166748438] [robot_state_publisher]: got segment livox_frame
[INFO] [1756718962.166750370] [robot_state_publisher]: got segment mic_link
[INFO] [1756718962.166752278] [robot_state_publisher]: got segment right_base_link
[INFO] [1756718962.166754237] [robot_state_publisher]: got segment right_bracelet_link
[INFO] [1756718962.166756260] [robot_state_publisher]: got segment right_camera_accel_frame
[INFO] [1756718962.166758237] [robot_state_publisher]: got segment right_camera_accel_optical_frame
[INFO] [1756718962.166760179] [robot_state_publisher]: got segment right_camera_bottom_screw_frame
[INFO] [1756718962.166762153] [robot_state_publisher]: got segment right_camera_bracket_link
[INFO] [1756718962.166764057] [robot_state_publisher]: got segment right_camera_color_frame
[INFO] [1756718962.166765937] [robot_state_publisher]: got segment right_camera_color_optical_frame
[INFO] [1756718962.166767899] [robot_state_publisher]: got segment right_camera_depth_frame
[INFO] [1756718962.166769811] [robot_state_publisher]: got segment right_camera_depth_optical_frame
[INFO] [1756718962.166771752] [robot_state_publisher]: got segment right_camera_gyro_frame
[INFO] [1756718962.166773641] [robot_state_publisher]: got segment right_camera_gyro_optical_frame
[INFO] [1756718962.166775555] [robot_state_publisher]: got segment right_camera_infra1_frame
[INFO] [1756718962.166777427] [robot_state_publisher]: got segment right_camera_infra1_optical_frame
[INFO] [1756718962.166779373] [robot_state_publisher]: got segment right_camera_infra2_frame
[INFO] [1756718962.166781234] [robot_state_publisher]: got segment right_camera_infra2_optical_frame
[INFO] [1756718962.166783213] [robot_state_publisher]: got segment right_camera_link
[INFO] [1756718962.166785154] [robot_state_publisher]: got segment right_end_effector_link
[INFO] [1756718962.166787068] [robot_state_publisher]: got segment right_flange_1_link
[INFO] [1756718962.166789057] [robot_state_publisher]: got segment right_forearm_link
[INFO] [1756718962.166790981] [robot_state_publisher]: got segment right_half_arm_1_link
[INFO] [1756718962.166792921] [robot_state_publisher]: got segment right_half_arm_2_link
[INFO] [1756718962.166794830] [robot_state_publisher]: got segment right_shoulder_link
[INFO] [1756718962.166796828] [robot_state_publisher]: got segment right_spherical_wrist_1_link
[INFO] [1756718962.166798697] [robot_state_publisher]: got segment right_spherical_wrist_2_link
[INFO] [1756718962.166800603] [robot_state_publisher]: got segment right_tool_frame
[INFO] [1756718962.166805418] [robot_state_publisher]: got segment trunk_1_link
[INFO] [1756718962.166807690] [robot_state_publisher]: got segment trunk_2_link
[INFO] [1756718962.166809682] [robot_state_publisher]: got segment trunk_link
[INFO] [1756718962.166812052] [robot_state_publisher]: got segment wheel_LF_link
[INFO] [1756718962.166814031] [robot_state_publisher]: got segment wheel_RF_link
[INFO] [1756735602.954177171] [rclcpp]: signal_handler(signum=2)
