[INFO] [1755507878.243508497] [robot_state_publisher]: got segment base_link
[INFO] [1755507878.243576577] [robot_state_publisher]: got segment caster_LB_link
[INFO] [1755507878.243582604] [robot_state_publisher]: got segment caster_RB_link
[INFO] [1755507878.243586805] [robot_state_publisher]: got segment connector_link
[INFO] [1755507878.243590685] [robot_state_publisher]: got segment front_camera_accel_frame
[INFO] [1755507878.243594874] [robot_state_publisher]: got segment front_camera_accel_optical_frame
[INFO] [1755507878.243599386] [robot_state_publisher]: got segment front_camera_bottom_screw_frame
[INFO] [1755507878.243603361] [robot_state_publisher]: got segment front_camera_color_frame
[INFO] [1755507878.243606978] [robot_state_publisher]: got segment front_camera_color_optical_frame
[INFO] [1755507878.243610619] [robot_state_publisher]: got segment front_camera_depth_frame
[INFO] [1755507878.243614422] [robot_state_publisher]: got segment front_camera_depth_optical_frame
[INFO] [1755507878.243618434] [robot_state_publisher]: got segment front_camera_gyro_frame
[INFO] [1755507878.243621972] [robot_state_publisher]: got segment front_camera_gyro_optical_frame
[INFO] [1755507878.243625920] [robot_state_publisher]: got segment front_camera_infra1_frame
[INFO] [1755507878.243629433] [robot_state_publisher]: got segment front_camera_infra1_optical_frame
[INFO] [1755507878.243633462] [robot_state_publisher]: got segment front_camera_infra2_frame
[INFO] [1755507878.243636875] [robot_state_publisher]: got segment front_camera_infra2_optical_frame
[INFO] [1755507878.243640294] [robot_state_publisher]: got segment front_camera_link
[INFO] [1755507878.243644488] [robot_state_publisher]: got segment head_camera_accel_frame
[INFO] [1755507878.243648248] [robot_state_publisher]: got segment head_camera_accel_optical_frame
[INFO] [1755507878.243651920] [robot_state_publisher]: got segment head_camera_bottom_screw_frame
[INFO] [1755507878.243655565] [robot_state_publisher]: got segment head_camera_color_frame
[INFO] [1755507878.243659228] [robot_state_publisher]: got segment head_camera_color_optical_frame
[INFO] [1755507878.243663184] [robot_state_publisher]: got segment head_camera_depth_frame
[INFO] [1755507878.243667019] [robot_state_publisher]: got segment head_camera_depth_optical_frame
[INFO] [1755507878.243671139] [robot_state_publisher]: got segment head_camera_gyro_frame
[INFO] [1755507878.243674899] [robot_state_publisher]: got segment head_camera_gyro_optical_frame
[INFO] [1755507878.243678685] [robot_state_publisher]: got segment head_camera_imu_optical_frame
[INFO] [1755507878.243682840] [robot_state_publisher]: got segment head_camera_infra1_frame
[INFO] [1755507878.243686645] [robot_state_publisher]: got segment head_camera_infra1_optical_frame
[INFO] [1755507878.243690782] [robot_state_publisher]: got segment head_camera_infra2_frame
[INFO] [1755507878.243694681] [robot_state_publisher]: got segment head_camera_infra2_optical_frame
[INFO] [1755507878.243698533] [robot_state_publisher]: got segment head_camera_link
[INFO] [1755507878.243702663] [robot_state_publisher]: got segment head_link
[INFO] [1755507878.243706709] [robot_state_publisher]: got segment laser_B_link
[INFO] [1755507878.243710598] [robot_state_publisher]: got segment left_base_link
[INFO] [1755507878.243714268] [robot_state_publisher]: got segment left_bracelet_link
[INFO] [1755507878.243718382] [robot_state_publisher]: got segment left_camera_accel_frame
[INFO] [1755507878.243722408] [robot_state_publisher]: got segment left_camera_accel_optical_frame
[INFO] [1755507878.243726531] [robot_state_publisher]: got segment left_camera_bottom_screw_frame
[INFO] [1755507878.243731080] [robot_state_publisher]: got segment left_camera_bracket_link
[INFO] [1755507878.243735781] [robot_state_publisher]: got segment left_camera_color_frame
[INFO] [1755507878.243739415] [robot_state_publisher]: got segment left_camera_color_optical_frame
[INFO] [1755507878.243743342] [robot_state_publisher]: got segment left_camera_depth_frame
[INFO] [1755507878.243746924] [robot_state_publisher]: got segment left_camera_depth_optical_frame
[INFO] [1755507878.243768055] [robot_state_publisher]: got segment left_camera_gyro_frame
[INFO] [1755507878.243772654] [robot_state_publisher]: got segment left_camera_gyro_optical_frame
[INFO] [1755507878.243776607] [robot_state_publisher]: got segment left_camera_infra1_frame
[INFO] [1755507878.243794539] [robot_state_publisher]: got segment left_camera_infra1_optical_frame
[INFO] [1755507878.243798689] [robot_state_publisher]: got segment left_camera_infra2_frame
[INFO] [1755507878.243802463] [robot_state_publisher]: got segment left_camera_infra2_optical_frame
[INFO] [1755507878.243806123] [robot_state_publisher]: got segment left_camera_link
[INFO] [1755507878.243810037] [robot_state_publisher]: got segment left_end_effector_link
[INFO] [1755507878.243813966] [robot_state_publisher]: got segment left_flange_1_link
[INFO] [1755507878.243817883] [robot_state_publisher]: got segment left_forearm_link
[INFO] [1755507878.243821831] [robot_state_publisher]: got segment left_half_arm_1_link
[INFO] [1755507878.243826020] [robot_state_publisher]: got segment left_half_arm_2_link
[INFO] [1755507878.243829948] [robot_state_publisher]: got segment left_shoulder_link
[INFO] [1755507878.243833641] [robot_state_publisher]: got segment left_spherical_wrist_1_link
[INFO] [1755507878.243837288] [robot_state_publisher]: got segment left_spherical_wrist_2_link
[INFO] [1755507878.243841268] [robot_state_publisher]: got segment left_tool_frame
[INFO] [1755507878.243894089] [robot_state_publisher]: got segment lidar_link
[INFO] [1755507878.243899423] [robot_state_publisher]: got segment livox_frame
[INFO] [1755507878.243903383] [robot_state_publisher]: got segment mic_link
[INFO] [1755507878.243907298] [robot_state_publisher]: got segment right_base_link
[INFO] [1755507878.243911453] [robot_state_publisher]: got segment right_bracelet_link
[INFO] [1755507878.243915511] [robot_state_publisher]: got segment right_camera_accel_frame
[INFO] [1755507878.243919506] [robot_state_publisher]: got segment right_camera_accel_optical_frame
[INFO] [1755507878.243923728] [robot_state_publisher]: got segment right_camera_bottom_screw_frame
[INFO] [1755507878.243927893] [robot_state_publisher]: got segment right_camera_bracket_link
[INFO] [1755507878.243932048] [robot_state_publisher]: got segment right_camera_color_frame
[INFO] [1755507878.243936014] [robot_state_publisher]: got segment right_camera_color_optical_frame
[INFO] [1755507878.243940444] [robot_state_publisher]: got segment right_camera_depth_frame
[INFO] [1755507878.243944941] [robot_state_publisher]: got segment right_camera_depth_optical_frame
[INFO] [1755507878.243949200] [robot_state_publisher]: got segment right_camera_gyro_frame
[INFO] [1755507878.243953584] [robot_state_publisher]: got segment right_camera_gyro_optical_frame
[INFO] [1755507878.243957874] [robot_state_publisher]: got segment right_camera_infra1_frame
[INFO] [1755507878.243962447] [robot_state_publisher]: got segment right_camera_infra1_optical_frame
[INFO] [1755507878.243967195] [robot_state_publisher]: got segment right_camera_infra2_frame
[INFO] [1755507878.243971223] [robot_state_publisher]: got segment right_camera_infra2_optical_frame
[INFO] [1755507878.243975234] [robot_state_publisher]: got segment right_camera_link
[INFO] [1755507878.243978885] [robot_state_publisher]: got segment right_end_effector_link
[INFO] [1755507878.243990391] [robot_state_publisher]: got segment right_flange_1_link
[INFO] [1755507878.243993908] [robot_state_publisher]: got segment right_forearm_link
[INFO] [1755507878.243998459] [robot_state_publisher]: got segment right_half_arm_1_link
[INFO] [1755507878.244002010] [robot_state_publisher]: got segment right_half_arm_2_link
[INFO] [1755507878.244005329] [robot_state_publisher]: got segment right_shoulder_link
[INFO] [1755507878.244008828] [robot_state_publisher]: got segment right_spherical_wrist_1_link
[INFO] [1755507878.244012197] [robot_state_publisher]: got segment right_spherical_wrist_2_link
[INFO] [1755507878