[INFO] [1756009845.254760036] [robot_state_publisher]: got segment base_link
[INFO] [1756009845.254816383] [robot_state_publisher]: got segment caster_LB_link
[INFO] [1756009845.254822254] [robot_state_publisher]: got segment caster_RB_link
[INFO] [1756009845.254828129] [robot_state_publisher]: got segment connector_link
[INFO] [1756009845.254830565] [robot_state_publisher]: got segment front_camera_accel_frame
[INFO] [1756009845.254833338] [robot_state_publisher]: got segment front_camera_accel_optical_frame
[INFO] [1756009845.254836036] [robot_state_publisher]: got segment front_camera_bottom_screw_frame
[INFO] [1756009845.254838603] [robot_state_publisher]: got segment front_camera_color_frame
[INFO] [1756009845.254840998] [robot_state_publisher]: got segment front_camera_color_optical_frame
[INFO] [1756009845.254843423] [robot_state_publisher]: got segment front_camera_depth_frame
[INFO] [1756009845.254845770] [robot_state_publisher]: got segment front_camera_depth_optical_frame
[INFO] [1756009845.254848133] [robot_state_publisher]: got segment front_camera_gyro_frame
[INFO] [1756009845.254850590] [robot_state_publisher]: got segment front_camera_gyro_optical_frame
[INFO] [1756009845.254852982] [robot_state_publisher]: got segment front_camera_infra1_frame
[INFO] [1756009845.254855309] [robot_state_publisher]: got segment front_camera_infra1_optical_frame
[INFO] [1756009845.254857644] [robot_state_publisher]: got segment front_camera_infra2_frame
[INFO] [1756009845.254859938] [robot_state_publisher]: got segment front_camera_infra2_optical_frame
[INFO] [1756009845.254862409] [robot_state_publisher]: got segment front_camera_link
[INFO] [1756009845.254864857] [robot_state_publisher]: got segment head_camera_accel_frame
[INFO] [1756009845.254867166] [robot_state_publisher]: got segment head_camera_accel_optical_frame
[INFO] [1756009845.254869500] [robot_state_publisher]: got segment head_camera_bottom_screw_frame
[INFO] [1756009845.254871755] [robot_state_publisher]: got segment head_camera_color_frame
[INFO] [1756009845.254874030] [robot_state_publisher]: got segment head_camera_color_optical_frame
[INFO] [1756009845.254876304] [robot_state_publisher]: got segment head_camera_depth_frame
[INFO] [1756009845.254878653] [robot_state_publisher]: got segment head_camera_depth_optical_frame
[INFO] [1756009845.254881027] [robot_state_publisher]: got segment head_camera_gyro_frame
[INFO] [1756009845.254883364] [robot_state_publisher]: got segment head_camera_gyro_optical_frame
[INFO] [1756009845.254885617] [robot_state_publisher]: got segment head_camera_imu_optical_frame
[INFO] [1756009845.254887902] [robot_state_publisher]: got segment head_camera_infra1_frame
[INFO] [1756009845.254890232] [robot_state_publisher]: got segment head_camera_infra1_optical_frame
[INFO] [1756009845.254892534] [robot_state_publisher]: got segment head_camera_infra2_frame
[INFO] [1756009845.254894818] [robot_state_publisher]: got segment head_camera_infra2_optical_frame
[INFO] [1756009845.254897147] [robot_state_publisher]: got segment head_camera_link
[INFO] [1756009845.254899497] [robot_state_publisher]: got segment head_link
[INFO] [1756009845.254901989] [robot_state_publisher]: got segment laser_B_link
[INFO] [1756009845.254904495] [robot_state_publisher]: got segment left_base_link
[INFO] [1756009845.254906848] [robot_state_publisher]: got segment left_bracelet_link
[INFO] [1756009845.254909256] [robot_state_publisher]: got segment left_camera_accel_frame
[INFO] [1756009845.254911647] [robot_state_publisher]: got segment left_camera_accel_optical_frame
[INFO] [1756009845.254913977] [robot_state_publisher]: got segment left_camera_bottom_screw_frame
[INFO] [1756009845.254916301] [robot_state_publisher]: got segment left_camera_bracket_link
[INFO] [1756009845.254918618] [robot_state_publisher]: got segment left_camera_color_frame
[INFO] [1756009845.254921003] [robot_state_publisher]: got segment left_camera_color_optical_frame
[INFO] [1756009845.254923309] [robot_state_publisher]: got segment left_camera_depth_frame
[INFO] [1756009845.254925631] [robot_state_publisher]: got segment left_camera_depth_optical_frame
[INFO] [1756009845.254940576] [robot_state_publisher]: got segment left_camera_gyro_frame
[INFO] [1756009845.254943485] [robot_state_publisher]: got segment left_camera_gyro_optical_frame
[INFO] [1756009845.254945794] [robot_state_publisher]: got segment left_camera_infra1_frame
[INFO] [1756009845.254948138] [robot_state_publisher]: got segment left_camera_infra1_optical_frame
[INFO] [1756009845.254950502] [robot_state_publisher]: got segment left_camera_infra2_frame
[INFO] [1756009845.254952871] [robot_state_publisher]: got segment left_camera_infra2_optical_frame
[INFO] [1756009845.254955227] [robot_state_publisher]: got segment left_camera_link
[INFO] [1756009845.254957675] [robot_state_publisher]: got segment left_end_effector_link
[INFO] [1756009845.254959997] [robot_state_publisher]: got segment left_flange_1_link
[INFO] [1756009845.254962574] [robot_state_publisher]: got segment left_forearm_link
[INFO] [1756009845.254965034] [robot_state_publisher]: got segment left_half_arm_1_link
[INFO] [1756009845.254967460] [robot_state_publisher]: got segment left_half_arm_2_link
[INFO] [1756009845.254969812] [robot_state_publisher]: got segment left_shoulder_link
[INFO] [1756009845.254972166] [robot_state_publisher]: got segment left_spherical_wrist_1_link
[INFO] [1756009845.254974636] [robot_state_publisher]: got segment left_spherical_wrist_2_link
[INFO] [1756009845.254976930] [robot_state_publisher]: got segment left_tool_frame
[INFO] [1756009845.254979322] [robot_state_publisher]: got segment lidar_link
[INFO] [1756009845.254981706] [robot_state_publisher]: got segment livox_frame
[INFO] [1756009845.254984122] [robot_state_publisher]: got segment mic_link
[INFO] [1756009845.254986453] [robot_state_publisher]: got segment right_base_link
[INFO] [1756009845.254988816] [robot_state_publisher]: got segment right_bracelet_link
[INFO] [1756009845.254991121] [robot_state_publisher]: got segment right_camera_accel_frame
[INFO] [1756009845.254993522] [robot_state_publisher]: got segment right_camera_accel_optical_frame
[INFO] [1756009845.254995884] [robot_state_publisher]: got segment right_camera_bottom_screw_frame
[INFO] [1756009845.254998297] [robot_state_publisher]: got segment right_camera_bracket_link
[INFO] [1756009845.255000691] [robot_state_publisher]: got segment right_camera_color_frame
[INFO] [1756009845.255003049] [robot_state_publisher]: got segment right_camera_color_optical_frame
[INFO] [1756009845.255005432] [robot_state_publisher]: got segment right_camera_depth_frame
[INFO] [1756009845.255007806] [robot_state_publisher]: got segment right_camera_depth_optical_frame
[INFO] [1756009845.255010159] [robot_state_publisher]: got segment right_camera_gyro_frame
[INFO] [1756009845.255012439] [robot_state_publisher]: got segment right_camera_gyro_optical_frame
[INFO] [1756009845.255014746] [robot_state_publisher]: got segment right_camera_infra1_frame
[INFO] [1756009845.255017014] [robot_state_publisher]: got segment right_camera_infra1_optical_frame
[INFO] [1756009845.255019326] [robot_state_publisher]: got segment right_camera_infra2_frame
[INFO] [1756009845.255021566] [robot_state_publisher]: got segment right_camera_infra2_optical_frame
[INFO] [1756009845.255023883] [robot_state_publisher]: got segment right_camera_link
[INFO] [1756009845.255026251] [robot_state_publisher]: got segment right_end_effector_link
[INFO] [1756009845.255028586] [robot_state_publisher]: got segment right_flange_1_link
[INFO] [1756009845.255033119] [robot_state_publisher]: got segment right_forearm_link
[INFO] [1756009845.255035473] [robot_state_publisher]: got segment right_half_arm_1_link
[INFO] [1756009845.255038971] [robot_state_publisher]: got segment right_half_arm_2_link
[INFO] [1756009845.255041002] [robot_state_publisher]: got segment right_shoulder_link
[INFO] [1756009845.255043188] [robot_state_publisher]: got segment right_spherical_wrist_1_link
[INFO] [1756009845.255045232] [robot_state_publisher]: got segment right_spherical_wrist_2_link
[INFO] [1756009845