[INFO] [1756712475.576051403] [robot_state_publisher]: got segment base_link
[INFO] [1756712475.576108191] [robot_state_publisher]: got segment caster_LB_link
[INFO] [1756712475.576112690] [robot_state_publisher]: got segment caster_RB_link
[INFO] [1756712475.576114924] [robot_state_publisher]: got segment connector_link
[INFO] [1756712475.576117033] [robot_state_publisher]: got segment front_camera_accel_frame
[INFO] [1756712475.576119476] [robot_state_publisher]: got segment front_camera_accel_optical_frame
[INFO] [1756712475.576121674] [robot_state_publisher]: got segment front_camera_bottom_screw_frame
[INFO] [1756712475.576124068] [robot_state_publisher]: got segment front_camera_color_frame
[INFO] [1756712475.576126064] [robot_state_publisher]: got segment front_camera_color_optical_frame
[INFO] [1756712475.576128078] [robot_state_publisher]: got segment front_camera_depth_frame
[INFO] [1756712475.576130189] [robot_state_publisher]: got segment front_camera_depth_optical_frame
[INFO] [1756712475.576132262] [robot_state_publisher]: got segment front_camera_gyro_frame
[INFO] [1756712475.576134293] [robot_state_publisher]: got segment front_camera_gyro_optical_frame
[INFO] [1756712475.576136341] [robot_state_publisher]: got segment front_camera_infra1_frame
[INFO] [1756712475.576138288] [robot_state_publisher]: got segment front_camera_infra1_optical_frame
[INFO] [1756712475.576140284] [robot_state_publisher]: got segment front_camera_infra2_frame
[INFO] [1756712475.576142274] [robot_state_publisher]: got segment front_camera_infra2_optical_frame
[INFO] [1756712475.576144253] [robot_state_publisher]: got segment front_camera_link
[INFO] [1756712475.576146392] [robot_state_publisher]: got segment head_camera_accel_frame
[INFO] [1756712475.576148433] [robot_state_publisher]: got segment head_camera_accel_optical_frame
[INFO] [1756712475.576150408] [robot_state_publisher]: got segment head_camera_bottom_screw_frame
[INFO] [1756712475.576152339] [robot_state_publisher]: got segment head_camera_color_frame
[INFO] [1756712475.576154297] [robot_state_publisher]: got segment head_camera_color_optical_frame
[INFO] [1756712475.576156243] [robot_state_publisher]: got segment head_camera_depth_frame
[INFO] [1756712475.576158286] [robot_state_publisher]: got segment head_camera_depth_optical_frame
[INFO] [1756712475.576160326] [robot_state_publisher]: got segment head_camera_gyro_frame
[INFO] [1756712475.576162359] [robot_state_publisher]: got segment head_camera_gyro_optical_frame
[INFO] [1756712475.576164395] [robot_state_publisher]: got segment head_camera_imu_optical_frame
[INFO] [1756712475.576166557] [robot_state_publisher]: got segment head_camera_infra1_frame
[INFO] [1756712475.576168584] [robot_state_publisher]: got segment head_camera_infra1_optical_frame
[INFO] [1756712475.576170669] [robot_state_publisher]: got segment head_camera_infra2_frame
[INFO] [1756712475.576172700] [robot_state_publisher]: got segment head_camera_infra2_optical_frame
[INFO] [1756712475.576174768] [robot_state_publisher]: got segment head_camera_link
[INFO] [1756712475.576176921] [robot_state_publisher]: got segment head_link
[INFO] [1756712475.576179247] [robot_state_publisher]: got segment laser_B_link
[INFO] [1756712475.576181477] [robot_state_publisher]: got segment left_base_link
[INFO] [1756712475.576183634] [robot_state_publisher]: got segment left_bracelet_link
[INFO] [1756712475.576185864] [robot_state_publisher]: got segment left_camera_accel_frame
[INFO] [1756712475.576187962] [robot_state_publisher]: got segment left_camera_accel_optical_frame
[INFO] [1756712475.576190036] [robot_state_publisher]: got segment left_camera_bottom_screw_frame
[INFO] [1756712475.576192098] [robot_state_publisher]: got segment left_camera_bracket_link
[INFO] [1756712475.576194160] [robot_state_publisher]: got segment left_camera_color_frame
[INFO] [1756712475.576196224] [robot_state_publisher]: got segment left_camera_color_optical_frame
[INFO] [1756712475.576198251] [robot_state_publisher]: got segment left_camera_depth_frame
[INFO] [1756712475.576200303] [robot_state_publisher]: got segment left_camera_depth_optical_frame
[INFO] [1756712475.576213141] [robot_state_publisher]: got segment left_camera_gyro_frame
[INFO] [1756712475.576215780] [robot_state_publisher]: got segment left_camera_gyro_optical_frame
[INFO] [1756712475.576217868] [robot_state_publisher]: got segment left_camera_infra1_frame
[INFO] [1756712475.576219912] [robot_state_publisher]: got segment left_camera_infra1_optical_frame
[INFO] [1756712475.576221982] [robot_state_publisher]: got segment left_camera_infra2_frame
[INFO] [1756712475.576224030] [robot_state_publisher]: got segment left_camera_infra2_optical_frame
[INFO] [1756712475.576226126] [robot_state_publisher]: got segment left_camera_link
[INFO] [1756712475.576228261] [robot_state_publisher]: got segment left_end_effector_link
[INFO] [1756712475.576230364] [robot_state_publisher]: got segment left_flange_1_link
[INFO] [1756712475.576232496] [robot_state_publisher]: got segment left_forearm_link
[INFO] [1756712475.576234649] [robot_state_publisher]: got segment left_half_arm_1_link
[INFO] [1756712475.576236905] [robot_state_publisher]: got segment left_half_arm_2_link
[INFO] [1756712475.576240623] [robot_state_publisher]: got segment left_shoulder_link
[INFO] [1756712475.576244499] [robot_state_publisher]: got segment left_spherical_wrist_1_link
[INFO] [1756712475.576247645] [robot_state_publisher]: got segment left_spherical_wrist_2_link
[INFO] [1756712475.576249641] [robot_state_publisher]: got segment left_tool_frame
[INFO] [1756712475.576251705] [robot_state_publisher]: got segment lidar_link
[INFO] [1756712475.576253780] [robot_state_publisher]: got segment livox_frame
[INFO] [1756712475.576255860] [robot_state_publisher]: got segment mic_link
[INFO] [1756712475.576257884] [robot_state_publisher]: got segment right_base_link
[INFO] [1756712475.576259924] [robot_state_publisher]: got segment right_bracelet_link
[INFO] [1756712475.576262037] [robot_state_publisher]: got segment right_camera_accel_frame
[INFO] [1756712475.576264044] [robot_state_publisher]: got segment right_camera_accel_optical_frame
[INFO] [1756712475.576266064] [robot_state_publisher]: got segment right_camera_bottom_screw_frame
[INFO] [1756712475.576268155] [robot_state_publisher]: got segment right_camera_bracket_link
[INFO] [1756712475.576270159] [robot_state_publisher]: got segment right_camera_color_frame
[INFO] [1756712475.576272316] [robot_state_publisher]: got segment right_camera_color_optical_frame
[INFO] [1756712475.576274377] [robot_state_publisher]: got segment right_camera_depth_frame
[INFO] [1756712475.576276369] [robot_state_publisher]: got segment right_camera_depth_optical_frame
[INFO] [1756712475.576278376] [robot_state_publisher]: got segment right_camera_gyro_frame
[INFO] [1756712475.576280452] [robot_state_publisher]: got segment right_camera_gyro_optical_frame
[INFO] [1756712475.576282419] [robot_state_publisher]: got segment right_camera_infra1_frame
[INFO] [1756712475.576284369] [robot_state_publisher]: got segment right_camera_infra1_optical_frame
[INFO] [1756712475.576286332] [robot_state_publisher]: got segment right_camera_infra2_frame
[INFO] [1756712475.576288298] [robot_state_publisher]: got segment right_camera_infra2_optical_frame
[INFO] [1756712475.576290301] [robot_state_publisher]: got segment right_camera_link
[INFO] [1756712475.576292377] [robot_state_publisher]: got segment right_end_effector_link
[INFO] [1756712475.576294335] [robot_state_publisher]: got segment right_flange_1_link
[INFO] [1756712475.576296440] [robot_state_publisher]: got segment right_forearm_link
[INFO] [1756712475.576298620] [robot_state_publisher]: got segment right_half_arm_1_link
[INFO] [1756712475.576300669] [robot_state_publisher]: got segment right_half_arm_2_link
[INFO] [1756712475.576302686] [robot_state_publisher]: got segment right_shoulder_link
[INFO] [1756712475.576304871] [robot_state_publisher]: got segment right_spherical_wrist_1_link
[INFO] [1756712475.576306867] [robot_state_publisher]: got segment right_spherical_wrist_2_link
[INFO] [1756712475