[INFO] [1755507758.711200847] [robot_state_publisher]: got segment base_link
[INFO] [1755507758.711257188] [robot_state_publisher]: got segment caster_LB_link
[INFO] [1755507758.711261304] [robot_state_publisher]: got segment caster_RB_link
[INFO] [1755507758.711263279] [robot_state_publisher]: got segment connector_link
[INFO] [1755507758.711265255] [robot_state_publisher]: got segment front_camera_accel_frame
[INFO] [1755507758.711267449] [robot_state_publisher]: got segment front_camera_accel_optical_frame
[INFO] [1755507758.711269536] [robot_state_publisher]: got segment front_camera_bottom_screw_frame
[INFO] [1755507758.711271620] [robot_state_publisher]: got segment front_camera_color_frame
[INFO] [1755507758.711273656] [robot_state_publisher]: got segment front_camera_color_optical_frame
[INFO] [1755507758.711275593] [robot_state_publisher]: got segment front_camera_depth_frame
[INFO] [1755507758.711277508] [robot_state_publisher]: got segment front_camera_depth_optical_frame
[INFO] [1755507758.711279558] [robot_state_publisher]: got segment front_camera_gyro_frame
[INFO] [1755507758.711281505] [robot_state_publisher]: got segment front_camera_gyro_optical_frame
[INFO] [1755507758.711283444] [robot_state_publisher]: got segment front_camera_infra1_frame
[INFO] [1755507758.711285315] [robot_state_publisher]: got segment front_camera_infra1_optical_frame
[INFO] [1755507758.711287228] [robot_state_publisher]: got segment front_camera_infra2_frame
[INFO] [1755507758.711289139] [robot_state_publisher]: got segment front_camera_infra2_optical_frame
[INFO] [1755507758.711291016] [robot_state_publisher]: got segment front_camera_link
[INFO] [1755507758.711293073] [robot_state_publisher]: got segment head_camera_accel_frame
[INFO] [1755507758.711295046] [robot_state_publisher]: got segment head_camera_accel_optical_frame
[INFO] [1755507758.711297048] [robot_state_publisher]: got segment head_camera_bottom_screw_frame
[INFO] [1755507758.711298915] [robot_state_publisher]: got segment head_camera_color_frame
[INFO] [1755507758.711300795] [robot_state_publisher]: got segment head_camera_color_optical_frame
[INFO] [1755507758.711302604] [robot_state_publisher]: got segment head_camera_depth_frame
[INFO] [1755507758.711304468] [robot_state_publisher]: got segment head_camera_depth_optical_frame
[INFO] [1755507758.711306359] [robot_state_publisher]: got segment head_camera_gyro_frame
[INFO] [1755507758.711308240] [robot_state_publisher]: got segment head_camera_gyro_optical_frame
[INFO] [1755507758.711310046] [robot_state_publisher]: got segment head_camera_imu_optical_frame
[INFO] [1755507758.711311865] [robot_state_publisher]: got segment head_camera_infra1_frame
[INFO] [1755507758.711313747] [robot_state_publisher]: got segment head_camera_infra1_optical_frame
[INFO] [1755507758.711315615] [robot_state_publisher]: got segment head_camera_infra2_frame
[INFO] [1755507758.711317456] [robot_state_publisher]: got segment head_camera_infra2_optical_frame
[INFO] [1755507758.711319334] [robot_state_publisher]: got segment head_camera_link
[INFO] [1755507758.711321349] [robot_state_publisher]: got segment head_link
[INFO] [1755507758.711323384] [robot_state_publisher]: got segment laser_B_link
[INFO] [1755507758.711325603] [robot_state_publisher]: got segment left_base_link
[INFO] [1755507758.711327578] [robot_state_publisher]: got segment left_bracelet_link
[INFO] [1755507758.711329651] [robot_state_publisher]: got segment left_camera_accel_frame
[INFO] [1755507758.711331577] [robot_state_publisher]: got segment left_camera_accel_optical_frame
[INFO] [1755507758.711333510] [robot_state_publisher]: got segment left_camera_bottom_screw_frame
[INFO] [1755507758.711335404] [robot_state_publisher]: got segment left_camera_bracket_link
[INFO] [1755507758.711337291] [robot_state_publisher]: got segment left_camera_color_frame
[INFO] [1755507758.711339168] [robot_state_publisher]: got segment left_camera_color_optical_frame
[INFO] [1755507758.711341034] [robot_state_publisher]: got segment left_camera_depth_frame
[INFO] [1755507758.711342958] [robot_state_publisher]: got segment left_camera_depth_optical_frame
[INFO] [1755507758.711351429] [robot_state_publisher]: got segment left_camera_gyro_frame
[INFO] [1755507758.711353438] [robot_state_publisher]: got segment left_camera_gyro_optical_frame
[INFO] [1755507758.711355341] [robot_state_publisher]: got segment left_camera_infra1_frame
[INFO] [1755507758.711357215] [robot_state_publisher]: got segment left_camera_infra1_optical_frame
[INFO] [1755507758.711359160] [robot_state_publisher]: got segment left_camera_infra2_frame
[INFO] [1755507758.711361094] [robot_state_publisher]: got segment left_camera_infra2_optical_frame
[INFO] [1755507758.711363014] [robot_state_publisher]: got segment left_camera_link
[INFO] [1755507758.711364947] [robot_state_publisher]: got segment left_end_effector_link
[INFO] [1755507758.711366844] [robot_state_publisher]: got segment left_flange_1_link
[INFO] [1755507758.711368787] [robot_state_publisher]: got segment left_forearm_link
[INFO] [1755507758.711370725] [robot_state_publisher]: got segment left_half_arm_1_link
[INFO] [1755507758.711372748] [robot_state_publisher]: got segment left_half_arm_2_link
[INFO] [1755507758.711374732] [robot_state_publisher]: got segment left_shoulder_link
[INFO] [1755507758.711376642] [robot_state_publisher]: got segment left_spherical_wrist_1_link
[INFO] [1755507758.711378558] [robot_state_publisher]: got segment left_spherical_wrist_2_link
[INFO] [1755507758.711380531] [robot_state_publisher]: got segment left_tool_frame
[INFO] [1755507758.711382500] [robot_state_publisher]: got segment lidar_link
[INFO] [1755507758.711384488] [robot_state_publisher]: got segment livox_frame
[INFO] [1755507758.711386480] [robot_state_publisher]: got segment mic_link
[INFO] [1755507758.711388422] [robot_state_publisher]: got segment right_base_link
[INFO] [1755507758.711390375] [robot_state_publisher]: got segment right_bracelet_link
[INFO] [1755507758.711392360] [robot_state_publisher]: got segment right_camera_accel_frame
[INFO] [1755507758.711394284] [robot_state_publisher]: got segment right_camera_accel_optical_frame
[INFO] [1755507758.711396258] [robot_state_publisher]: got segment right_camera_bottom_screw_frame
[INFO] [1755507758.711398335] [robot_state_publisher]: got segment right_camera_bracket_link
[INFO] [1755507758.711400429] [robot_state_publisher]: got segment right_camera_color_frame
[INFO] [1755507758.711402390] [robot_state_publisher]: got segment right_camera_color_optical_frame
[INFO] [1755507758.711404431] [robot_state_publisher]: got segment right_camera_depth_frame
[INFO] [1755507758.711406399] [robot_state_publisher]: got segment right_camera_depth_optical_frame
[INFO] [1755507758.711408404] [robot_state_publisher]: got segment right_camera_gyro_frame
[INFO] [1755507758.711410369] [robot_state_publisher]: got segment right_camera_gyro_optical_frame
[INFO] [1755507758.711412390] [robot_state_publisher]: got segment right_camera_infra1_frame
[INFO] [1755507758.711414383] [robot_state_publisher]: got segment right_camera_infra1_optical_frame
[INFO] [1755507758.711416769] [robot_state_publisher]: got segment right_camera_infra2_frame
[INFO] [1755507758.711418744] [robot_state_publisher]: got segment right_camera_infra2_optical_frame
[INFO] [1755507758.711420741] [robot_state_publisher]: got segment right_camera_link
[INFO] [1755507758.711422856] [robot_state_publisher]: got segment right_end_effector_link
[INFO] [1755507758.711424825] [robot_state_publisher]: got segment right_flange_1_link
[INFO] [1755507758.711426927] [robot_state_publisher]: got segment right_forearm_link
[INFO] [1755507758.711428972] [robot_state_publisher]: got segment right_half_arm_1_link
[INFO] [1755507758.711431040] [robot_state_publisher]: got segment right_half_arm_2_link
[INFO] [1755507758.711432983] [robot_state_publisher]: got segment right_shoulder_link
[INFO] [1755507758.711435052] [robot_state_publisher]: got segment right_spherical_wrist_1_link
[INFO] [1755507758.711437051] [robot_state_publisher]: got segment right_spherical_wrist_2_link
[INFO] [1755507758.711439052] [robot_state_publisher]: got segment right_tool_frame
[INFO] [1755507758.711443924] [robot_state_publisher]: got segment trunk_1_link
[INFO] [1755507758.711446067] [robot_state_publisher]: got segment trunk_2_link
[INFO] [1755507758.711448099] [robot_state_publisher]: got segment trunk_link
[INFO] [1755507758.711450147] [robot_state_publisher]: got segment wheel_LF_link
[INFO] [1755507758.711452118] [robot_state_publisher]: got segment wheel_RF_link
[INFO] [1755507840.355824397] [rclcpp]: signal_handler(signum=2)
