[INFO] [1755508319.962857921] [robot_state_publisher]: got segment base_link
[INFO] [1755508319.962935089] [robot_state_publisher]: got segment caster_LB_link
[INFO] [1755508319.962940809] [robot_state_publisher]: got segment caster_RB_link
[INFO] [1755508319.962943555] [robot_state_publisher]: got segment connector_link
[INFO] [1755508319.962946092] [robot_state_publisher]: got segment front_camera_accel_frame
[INFO] [1755508319.962948877] [robot_state_publisher]: got segment front_camera_accel_optical_frame
[INFO] [1755508319.962951620] [robot_state_publisher]: got segment front_camera_bottom_screw_frame
[INFO] [1755508319.962954234] [robot_state_publisher]: got segment front_camera_color_frame
[INFO] [1755508319.962956911] [robot_state_publisher]: got segment front_camera_color_optical_frame
[INFO] [1755508319.962959455] [robot_state_publisher]: got segment front_camera_depth_frame
[INFO] [1755508319.962961899] [robot_state_publisher]: got segment front_camera_depth_optical_frame
[INFO] [1755508319.962964398] [robot_state_publisher]: got segment front_camera_gyro_frame
[INFO] [1755508319.962968316] [robot_state_publisher]: got segment front_camera_gyro_optical_frame
[INFO] [1755508319.962972291] [robot_state_publisher]: got segment front_camera_infra1_frame
[INFO] [1755508319.962976259] [robot_state_publisher]: got segment front_camera_infra1_optical_frame
[INFO] [1755508319.962980308] [robot_state_publisher]: got segment front_camera_infra2_frame
[INFO] [1755508319.962984383] [robot_state_publisher]: got segment front_camera_infra2_optical_frame
[INFO] [1755508319.962988745] [robot_state_publisher]: got segment front_camera_link
[INFO] [1755508319.962993279] [robot_state_publisher]: got segment head_camera_accel_frame
[INFO] [1755508319.962997646] [robot_state_publisher]: got segment head_camera_accel_optical_frame
[INFO] [1755508319.963002056] [robot_state_publisher]: got segment head_camera_bottom_screw_frame
[INFO] [1755508319.963006434] [robot_state_publisher]: got segment head_camera_color_frame
[INFO] [1755508319.963010751] [robot_state_publisher]: got segment head_camera_color_optical_frame
[INFO] [1755508319.963014944] [robot_state_publisher]: got segment head_camera_depth_frame
[INFO] [1755508319.963019427] [robot_state_publisher]: got segment head_camera_depth_optical_frame
[INFO] [1755508319.963023797] [robot_state_publisher]: got segment head_camera_gyro_frame
[INFO] [1755508319.963028217] [robot_state_publisher]: got segment head_camera_gyro_optical_frame
[INFO] [1755508319.963032527] [robot_state_publisher]: got segment head_camera_imu_optical_frame
[INFO] [1755508319.963036904] [robot_state_publisher]: got segment head_camera_infra1_frame
[INFO] [1755508319.963041290] [robot_state_publisher]: got segment head_camera_infra1_optical_frame
[INFO] [1755508319.963045662] [robot_state_publisher]: got segment head_camera_infra2_frame
[INFO] [1755508319.963049989] [robot_state_publisher]: got segment head_camera_infra2_optical_frame
[INFO] [1755508319.963054355] [robot_state_publisher]: got segment head_camera_link
[INFO] [1755508319.963058760] [robot_state_publisher]: got segment head_link
[INFO] [1755508319.963063178] [robot_state_publisher]: got segment laser_B_link
[INFO] [1755508319.963067656] [robot_state_publisher]: got segment left_base_link
[INFO] [1755508319.963071889] [robot_state_publisher]: got segment left_bracelet_link
[INFO] [1755508319.963076438] [robot_state_publisher]: got segment left_camera_accel_frame
[INFO] [1755508319.963080876] [robot_state_publisher]: got segment left_camera_accel_optical_frame
[INFO] [1755508319.963085179] [robot_state_publisher]: got segment left_camera_bottom_screw_frame
[INFO] [1755508319.963089457] [robot_state_publisher]: got segment left_camera_bracket_link
[INFO] [1755508319.963093949] [robot_state_publisher]: got segment left_camera_color_frame
[INFO] [1755508319.963098209] [robot_state_publisher]: got segment left_camera_color_optical_frame
[INFO] [1755508319.963102563] [robot_state_publisher]: got segment left_camera_depth_frame
[INFO] [1755508319.963106965] [robot_state_publisher]: got segment left_camera_depth_optical_frame
[INFO] [1755508319.963146786] [robot_state_publisher]: got segment left_camera_gyro_frame
[INFO] [1755508319.963152235] [robot_state_publisher]: got segment left_camera_gyro_optical_frame
[INFO] [1755508319.963156894] [robot_state_publisher]: got segment left_camera_infra1_frame
[INFO] [1755508319.963161387] [robot_state_publisher]: got segment left_camera_infra1_optical_frame
[INFO] [1755508319.963165877] [robot_state_publisher]: got segment left_camera_infra2_frame
[INFO] [1755508319.963170319] [robot_state_publisher]: got segment left_camera_infra2_optical_frame
[INFO] [1755508319.963174931] [robot_state_publisher]: got segment left_camera_link
[INFO] [1755508319.963179508] [robot_state_publisher]: got segment left_end_effector_link
[INFO] [1755508319.963183984] [robot_state_publisher]: got segment left_flange_1_link
[INFO] [1755508319.963188539] [robot_state_publisher]: got segment left_forearm_link
[INFO] [1755508319.963193135] [robot_state_publisher]: got segment left_half_arm_1_link
[INFO] [1755508319.963197934] [robot_state_publisher]: got segment left_half_arm_2_link
[INFO] [1755508319.963202437] [robot_state_publisher]: got segment left_shoulder_link
[INFO] [1755508319.963206678] [robot_state_publisher]: got segment left_spherical_wrist_1_link
[INFO] [1755508319.963211319] [robot_state_publisher]: got segment left_spherical_wrist_2_link
[INFO] [1755508319.963215838] [robot_state_publisher]: got segment left_tool_frame
[INFO] [1755508319.963220463] [robot_state_publisher]: got segment lidar_link
[INFO] [1755508319.963224937] [robot_state_publisher]: got segment livox_frame
[INFO] [1755508319.963230229] [robot_state_publisher]: got segment mic_link
[INFO] [1755508319.963234680] [robot_state_publisher]: got segment right_base_link
[INFO] [1755508319.963239141] [robot_state_publisher]: got segment right_bracelet_link
[INFO] [1755508319.963243692] [robot_state_publisher]: got segment right_camera_accel_frame
[INFO] [1755508319.963248255] [robot_state_publisher]: got segment right_camera_accel_optical_frame
[INFO] [1755508319.963252989] [robot_state_publisher]: got segment right_camera_bottom_screw_frame
[INFO] [1755508319.963257544] [robot_state_publisher]: got segment right_camera_bracket_link
[INFO] [1755508319.963261962] [robot_state_publisher]: got segment right_camera_color_frame
[INFO] [1755508319.963266414] [robot_state_publisher]: got segment right_camera_color_optical_frame
[INFO] [1755508319.963270965] [robot_state_publisher]: got segment right_camera_depth_frame
[INFO] [1755508319.963275405] [robot_state_publisher]: got segment right_camera_depth_optical_frame
[INFO] [1755508319.963279932] [robot_state_publisher]: got segment right_camera_gyro_frame
[INFO] [1755508319.963284377] [robot_state_publisher]: got segment right_camera_gyro_optical_frame
[INFO] [1755508319.963288898] [robot_state_publisher]: got segment right_camera_infra1_frame
[INFO] [1755508319.963293363] [robot_state_publisher]: got segment right_camera_infra1_optical_frame
[INFO] [1755508319.963297977] [robot_state_publisher]: got segment right_camera_infra2_frame
[INFO] [1755508319.963302498] [robot_state_publisher]: got segment right_camera_infra2_optical_frame
[INFO] [1755508319.963307216] [robot_state_publisher]: got segment right_camera_link
[INFO] [1755508319.963311838] [robot_state_publisher]: got segment right_end_effector_link
[INFO] [1755508319.963316482] [robot_state_publisher]: got segment right_flange_1_link
[INFO] [1755508319.963321084] [robot_state_publisher]: got segment right_forearm_link
[INFO] [1755508319.963325652] [robot_state_publisher]: got segment right_half_arm_1_link
[INFO] [1755508319.963330193] [robot_state_publisher]: got segment right_half_arm_2_link
[INFO] [1755508319.963334731] [robot_state_publisher]: got segment right_shoulder_link
[INFO] [1755508319.963339409] [robot_state_publisher]: got segment right_spherical_wrist_1_link
[INFO] [1755508319.963343966] [robot_state_publisher]: got segment right_spherical_wrist_2_link
[INFO] [1755508319