[INFO] [1756483191.736960959] [robot_state_publisher]: got segment base_link
[INFO] [1756483191.737010968] [robot_state_publisher]: got segment caster_LB_link
[INFO] [1756483191.737015700] [robot_state_publisher]: got segment caster_RB_link
[INFO] [1756483191.737017758] [robot_state_publisher]: got segment connector_link
[INFO] [1756483191.737019679] [robot_state_publisher]: got segment front_camera_accel_frame
[INFO] [1756483191.737021837] [robot_state_publisher]: got segment front_camera_accel_optical_frame
[INFO] [1756483191.737024028] [robot_state_publisher]: got segment front_camera_bottom_screw_frame
[INFO] [1756483191.737026054] [robot_state_publisher]: got segment front_camera_color_frame
[INFO] [1756483191.737027948] [robot_state_publisher]: got segment front_camera_color_optical_frame
[INFO] [1756483191.737029866] [robot_state_publisher]: got segment front_camera_depth_frame
[INFO] [1756483191.737031675] [robot_state_publisher]: got segment front_camera_depth_optical_frame
[INFO] [1756483191.737033559] [robot_state_publisher]: got segment front_camera_gyro_frame
[INFO] [1756483191.737035426] [robot_state_publisher]: got segment front_camera_gyro_optical_frame
[INFO] [1756483191.737037311] [robot_state_publisher]: got segment front_camera_infra1_frame
[INFO] [1756483191.737039102] [robot_state_publisher]: got segment front_camera_infra1_optical_frame
[INFO] [1756483191.737040978] [robot_state_publisher]: got segment front_camera_infra2_frame
[INFO] [1756483191.737042792] [robot_state_publisher]: got segment front_camera_infra2_optical_frame
[INFO] [1756483191.737044728] [robot_state_publisher]: got segment front_camera_link
[INFO] [1756483191.737046675] [robot_state_publisher]: got segment head_camera_accel_frame
[INFO] [1756483191.737048527] [robot_state_publisher]: got segment head_camera_accel_optical_frame
[INFO] [1756483191.737050376] [robot_state_publisher]: got segment head_camera_bottom_screw_frame
[INFO] [1756483191.737052226] [robot_state_publisher]: got segment head_camera_color_frame
[INFO] [1756483191.737054052] [robot_state_publisher]: got segment head_camera_color_optical_frame
[INFO] [1756483191.737055844] [robot_state_publisher]: got segment head_camera_depth_frame
[INFO] [1756483191.737057761] [robot_state_publisher]: got segment head_camera_depth_optical_frame
[INFO] [1756483191.737059644] [robot_state_publisher]: got segment head_camera_gyro_frame
[INFO] [1756483191.737061577] [robot_state_publisher]: got segment head_camera_gyro_optical_frame
[INFO] [1756483191.737063408] [robot_state_publisher]: got segment head_camera_imu_optical_frame
[INFO] [1756483191.737065290] [robot_state_publisher]: got segment head_camera_infra1_frame
[INFO] [1756483191.737067111] [robot_state_publisher]: got segment head_camera_infra1_optical_frame
[INFO] [1756483191.737069095] [robot_state_publisher]: got segment head_camera_infra2_frame
[INFO] [1756483191.737070995] [robot_state_publisher]: got segment head_camera_infra2_optical_frame
[INFO] [1756483191.737072905] [robot_state_publisher]: got segment head_camera_link
[INFO] [1756483191.737074876] [robot_state_publisher]: got segment head_link
[INFO] [1756483191.737076961] [robot_state_publisher]: got segment laser_B_link
[INFO] [1756483191.737079025] [robot_state_publisher]: got segment left_base_link
[INFO] [1756483191.737081027] [robot_state_publisher]: got segment left_bracelet_link
[INFO] [1756483191.737083393] [robot_state_publisher]: got segment left_camera_accel_frame
[INFO] [1756483191.737085425] [robot_state_publisher]: got segment left_camera_accel_optical_frame
[INFO] [1756483191.737087324] [robot_state_publisher]: got segment left_camera_bottom_screw_frame
[INFO] [1756483191.737089191] [robot_state_publisher]: got segment left_camera_bracket_link
[INFO] [1756483191.737091040] [robot_state_publisher]: got segment left_camera_color_frame
[INFO] [1756483191.737093010] [robot_state_publisher]: got segment left_camera_color_optical_frame
[INFO] [1756483191.737094924] [robot_state_publisher]: got segment left_camera_depth_frame
[INFO] [1756483191.737096814] [robot_state_publisher]: got segment left_camera_depth_optical_frame
[INFO] [1756483191.737106743] [robot_state_publisher]: got segment left_camera_gyro_frame
[INFO] [1756483191.737108762] [robot_state_publisher]: got segment left_camera_gyro_optical_frame
[INFO] [1756483191.737110626] [robot_state_publisher]: got segment left_camera_infra1_frame
[INFO] [1756483191.737112474] [robot_state_publisher]: got segment left_camera_infra1_optical_frame
[INFO] [1756483191.737114407] [robot_state_publisher]: got segment left_camera_infra2_frame
[INFO] [1756483191.737116374] [robot_state_publisher]: got segment left_camera_infra2_optical_frame
[INFO] [1756483191.737118297] [robot_state_publisher]: got segment left_camera_link
[INFO] [1756483191.737120343] [robot_state_publisher]: got segment left_end_effector_link
[INFO] [1756483191.737122211] [robot_state_publisher]: got segment left_flange_1_link
[INFO] [1756483191.737124235] [robot_state_publisher]: got segment left_forearm_link
[INFO] [1756483191.737126209] [robot_state_publisher]: got segment left_half_arm_1_link
[INFO] [1756483191.737128198] [robot_state_publisher]: got segment left_half_arm_2_link
[INFO] [1756483191.737130070] [robot_state_publisher]: got segment left_shoulder_link
[INFO] [1756483191.737131934] [robot_state_publisher]: got segment left_spherical_wrist_1_link
[INFO] [1756483191.737133794] [robot_state_publisher]: got segment left_spherical_wrist_2_link
[INFO] [1756483191.737135694] [robot_state_publisher]: got segment left_tool_frame
[INFO] [1756483191.737137655] [robot_state_publisher]: got segment lidar_link
[INFO] [1756483191.737139695] [robot_state_publisher]: got segment livox_frame
[INFO] [1756483191.737141739] [robot_state_publisher]: got segment mic_link
[INFO] [1756483191.737143695] [robot_state_publisher]: got segment right_base_link
[INFO] [1756483191.737145612] [robot_state_publisher]: got segment right_bracelet_link
[INFO] [1756483191.737147569] [robot_state_publisher]: got segment right_camera_accel_frame
[INFO] [1756483191.737149538] [robot_state_publisher]: got segment right_camera_accel_optical_frame
[INFO] [1756483191.737151438] [robot_state_publisher]: got segment right_camera_bottom_screw_frame
[INFO] [1756483191.737153445] [robot_state_publisher]: got segment right_camera_bracket_link
[INFO] [1756483191.737155269] [robot_state_publisher]: got segment right_camera_color_frame
[INFO] [1756483191.737157116] [robot_state_publisher]: got segment right_camera_color_optical_frame
[INFO] [1756483191.737159076] [robot_state_publisher]: got segment right_camera_depth_frame
[INFO] [1756483191.737160953] [robot_state_publisher]: got segment right_camera_depth_optical_frame
[INFO] [1756483191.737162839] [robot_state_publisher]: got segment right_camera_gyro_frame
[INFO] [1756483191.737164676] [robot_state_publisher]: got segment right_camera_gyro_optical_frame
[INFO] [1756483191.737166518] [robot_state_publisher]: got segment right_camera_infra1_frame
[INFO] [1756483191.737168342] [robot_state_publisher]: got segment right_camera_infra1_optical_frame
[INFO] [1756483191.737170220] [robot_state_publisher]: got segment right_camera_infra2_frame
[INFO] [1756483191.737172037] [robot_state_publisher]: got segment right_camera_infra2_optical_frame
[INFO] [1756483191.737174301] [robot_state_publisher]: got segment right_camera_link
[INFO] [1756483191.737176240] [robot_state_publisher]: got segment right_end_effector_link
[INFO] [1756483191.737178101] [robot_state_publisher]: got segment right_flange_1_link
[INFO] [1756483191.737179977] [robot_state_publisher]: got segment right_forearm_link
[INFO] [1756483191.737181895] [robot_state_publisher]: got segment right_half_arm_1_link
[INFO] [1756483191.737183775] [robot_state_publisher]: got segment right_half_arm_2_link
[INFO] [1756483191.737185702] [robot_state_publisher]: got segment right_shoulder_link
[INFO] [1756483191.737187776] [robot_state_publisher]: got segment right_spherical_wrist_1_link
[INFO] [1756483191.737189623] [robot_state_publisher]: got segment right_spherical_wrist_2_link
[INFO] [1756483191