[INFO] [1755508319.895579921] [robot_state_publisher]: got segment base_link
[INFO] [1755508319.895637207] [robot_state_publisher]: got segment caster_LB_link
[INFO] [1755508319.895641655] [robot_state_publisher]: got segment caster_RB_link
[INFO] [1755508319.895643791] [robot_state_publisher]: got segment connector_link
[INFO] [1755508319.895645898] [robot_state_publisher]: got segment front_camera_accel_frame
[INFO] [1755508319.895648229] [robot_state_publisher]: got segment front_camera_accel_optical_frame
[INFO] [1755508319.895650572] [robot_state_publisher]: got segment front_camera_bottom_screw_frame
[INFO] [1755508319.895652876] [robot_state_publisher]: got segment front_camera_color_frame
[INFO] [1755508319.895655185] [robot_state_publisher]: got segment front_camera_color_optical_frame
[INFO] [1755508319.895657446] [robot_state_publisher]: got segment front_camera_depth_frame
[INFO] [1755508319.895659622] [robot_state_publisher]: got segment front_camera_depth_optical_frame
[INFO] [1755508319.895661813] [robot_state_publisher]: got segment front_camera_gyro_frame
[INFO] [1755508319.895664249] [robot_state_publisher]: got segment front_camera_gyro_optical_frame
[INFO] [1755508319.895666399] [robot_state_publisher]: got segment front_camera_infra1_frame
[INFO] [1755508319.895668531] [robot_state_publisher]: got segment front_camera_infra1_optical_frame
[INFO] [1755508319.895670696] [robot_state_publisher]: got segment front_camera_infra2_frame
[INFO] [1755508319.895672863] [robot_state_publisher]: got segment front_camera_infra2_optical_frame
[INFO] [1755508319.895674976] [robot_state_publisher]: got segment front_camera_link
[INFO] [1755508319.895677321] [robot_state_publisher]: got segment head_camera_accel_frame
[INFO] [1755508319.895679510] [robot_state_publisher]: got segment head_camera_accel_optical_frame
[INFO] [1755508319.895681635] [robot_state_publisher]: got segment head_camera_bottom_screw_frame
[INFO] [1755508319.895683744] [robot_state_publisher]: got segment head_camera_color_frame
[INFO] [1755508319.895685865] [robot_state_publisher]: got segment head_camera_color_optical_frame
[INFO] [1755508319.895687956] [robot_state_publisher]: got segment head_camera_depth_frame
[INFO] [1755508319.895690239] [robot_state_publisher]: got segment head_camera_depth_optical_frame
[INFO] [1755508319.895692334] [robot_state_publisher]: got segment head_camera_gyro_frame
[INFO] [1755508319.895694444] [robot_state_publisher]: got segment head_camera_gyro_optical_frame
[INFO] [1755508319.895696539] [robot_state_publisher]: got segment head_camera_imu_optical_frame
[INFO] [1755508319.895698647] [robot_state_publisher]: got segment head_camera_infra1_frame
[INFO] [1755508319.895700874] [robot_state_publisher]: got segment head_camera_infra1_optical_frame
[INFO] [1755508319.895702988] [robot_state_publisher]: got segment head_camera_infra2_frame
[INFO] [1755508319.895705170] [robot_state_publisher]: got segment head_camera_infra2_optical_frame
[INFO] [1755508319.895707306] [robot_state_publisher]: got segment head_camera_link
[INFO] [1755508319.895709507] [robot_state_publisher]: got segment head_link
[INFO] [1755508319.895711772] [robot_state_publisher]: got segment laser_B_link
[INFO] [1755508319.895714038] [robot_state_publisher]: got segment left_base_link
[INFO] [1755508319.895716241] [robot_state_publisher]: got segment left_bracelet_link
[INFO] [1755508319.895718508] [robot_state_publisher]: got segment left_camera_accel_frame
[INFO] [1755508319.895720718] [robot_state_publisher]: got segment left_camera_accel_optical_frame
[INFO] [1755508319.895722936] [robot_state_publisher]: got segment left_camera_bottom_screw_frame
[INFO] [1755508319.895725041] [robot_state_publisher]: got segment left_camera_bracket_link
[INFO] [1755508319.895727306] [robot_state_publisher]: got segment left_camera_color_frame
[INFO] [1755508319.895729423] [robot_state_publisher]: got segment left_camera_color_optical_frame
[INFO] [1755508319.895731578] [robot_state_publisher]: got segment left_camera_depth_frame
[INFO] [1755508319.895733736] [robot_state_publisher]: got segment left_camera_depth_optical_frame
[INFO] [1755508319.895744681] [robot_state_publisher]: got segment left_camera_gyro_frame
[INFO] [1755508319.895746977] [robot_state_publisher]: got segment left_camera_gyro_optical_frame
[INFO] [1755508319.895749120] [robot_state_publisher]: got segment left_camera_infra1_frame
[INFO] [1755508319.895751229] [robot_state_publisher]: got segment left_camera_infra1_optical_frame
[INFO] [1755508319.895753432] [robot_state_publisher]: got segment left_camera_infra2_frame
[INFO] [1755508319.895755610] [robot_state_publisher]: got segment left_camera_infra2_optical_frame
[INFO] [1755508319.895757825] [robot_state_publisher]: got segment left_camera_link
[INFO] [1755508319.895760062] [robot_state_publisher]: got segment left_end_effector_link
[INFO] [1755508319.895762220] [robot_state_publisher]: got segment left_flange_1_link
[INFO] [1755508319.895764459] [robot_state_publisher]: got segment left_forearm_link
[INFO] [1755508319.895767037] [robot_state_publisher]: got segment left_half_arm_1_link
[INFO] [1755508319.895769301] [robot_state_publisher]: got segment left_half_arm_2_link
[INFO] [1755508319.895771498] [robot_state_publisher]: got segment left_shoulder_link
[INFO] [1755508319.895773672] [robot_state_publisher]: got segment left_spherical_wrist_1_link
[INFO] [1755508319.895775836] [robot_state_publisher]: got segment left_spherical_wrist_2_link
[INFO] [1755508319.895780571] [robot_state_publisher]: got segment left_tool_frame
[INFO] [1755508319.895783004] [robot_state_publisher]: got segment lidar_link
[INFO] [1755508319.895785241] [robot_state_publisher]: got segment livox_frame
[INFO] [1755508319.895787413] [robot_state_publisher]: got segment mic_link
[INFO] [1755508319.895789537] [robot_state_publisher]: got segment right_base_link
[INFO] [1755508319.895791734] [robot_state_publisher]: got segment right_bracelet_link
[INFO] [1755508319.895794996] [robot_state_publisher]: got segment right_camera_accel_frame
[INFO] [1755508319.895797270] [robot_state_publisher]: got segment right_camera_accel_optical_frame
[INFO] [1755508319.895799379] [robot_state_publisher]: got segment right_camera_bottom_screw_frame
[INFO] [1755508319.895801542] [robot_state_publisher]: got segment right_camera_bracket_link
[INFO] [1755508319.895803522] [robot_state_publisher]: got segment right_camera_color_frame
[INFO] [1755508319.895805510] [robot_state_publisher]: got segment right_camera_color_optical_frame
[INFO] [1755508319.895807603] [robot_state_publisher]: got segment right_camera_depth_frame
[INFO] [1755508319.895809698] [robot_state_publisher]: got segment right_camera_depth_optical_frame
[INFO] [1755508319.895812350] [robot_state_publisher]: got segment right_camera_gyro_frame
[INFO] [1755508319.895814363] [robot_state_publisher]: got segment right_camera_gyro_optical_frame
[INFO] [1755508319.895816502] [robot_state_publisher]: got segment right_camera_infra1_frame
[INFO] [1755508319.895818510] [robot_state_publisher]: got segment right_camera_infra1_optical_frame
[INFO] [1755508319.895820647] [robot_state_publisher]: got segment right_camera_infra2_frame
[INFO] [1755508319.895822624] [robot_state_publisher]: got segment right_camera_infra2_optical_frame
[INFO] [1755508319.895824728] [robot_state_publisher]: got segment right_camera_link
[INFO] [1755508319.895826837] [robot_state_publisher]: got segment right_end_effector_link
[INFO] [1755508319.895828866] [robot_state_publisher]: got segment right_flange_1_link
[INFO] [1755508319.895830944] [robot_state_publisher]: got segment right_forearm_link
[INFO] [1755508319.895833013] [robot_state_publisher]: got segment right_half_arm_1_link
[INFO] [1755508319.895835999] [robot_state_publisher]: got segment right_half_arm_2_link
[INFO] [1755508319.895838145] [robot_state_publisher]: got segment right_shoulder_link
[INFO] [1755508319.895840200] [robot_state_publisher]: got segment right_spherical_wrist_1_link
[INFO] [1755508319.895842180] [robot_state_publisher]: got segment right_spherical_wrist_2_link
[INFO] [1755508319