[INFO] [1756015213.321351151] [robot_state_publisher]: got segment base_link
[INFO] [1756015213.321408036] [robot_state_publisher]: got segment caster_LB_link
[INFO] [1756015213.321412356] [robot_state_publisher]: got segment caster_RB_link
[INFO] [1756015213.321415138] [robot_state_publisher]: got segment connector_link
[INFO] [1756015213.321417175] [robot_state_publisher]: got segment front_camera_accel_frame
[INFO] [1756015213.321419462] [robot_state_publisher]: got segment front_camera_accel_optical_frame
[INFO] [1756015213.321421637] [robot_state_publisher]: got segment front_camera_bottom_screw_frame
[INFO] [1756015213.321423780] [robot_state_publisher]: got segment front_camera_color_frame
[INFO] [1756015213.321425882] [robot_state_publisher]: got segment front_camera_color_optical_frame
[INFO] [1756015213.321427858] [robot_state_publisher]: got segment front_camera_depth_frame
[INFO] [1756015213.321429841] [robot_state_publisher]: got segment front_camera_depth_optical_frame
[INFO] [1756015213.321431870] [robot_state_publisher]: got segment front_camera_gyro_frame
[INFO] [1756015213.321433852] [robot_state_publisher]: got segment front_camera_gyro_optical_frame
[INFO] [1756015213.321435762] [robot_state_publisher]: got segment front_camera_infra1_frame
[INFO] [1756015213.321437790] [robot_state_publisher]: got segment front_camera_infra1_optical_frame
[INFO] [1756015213.321439765] [robot_state_publisher]: got segment front_camera_infra2_frame
[INFO] [1756015213.321441759] [robot_state_publisher]: got segment front_camera_infra2_optical_frame
[INFO] [1756015213.321443683] [robot_state_publisher]: got segment front_camera_link
[INFO] [1756015213.321445879] [robot_state_publisher]: got segment head_camera_accel_frame
[INFO] [1756015213.321447814] [robot_state_publisher]: got segment head_camera_accel_optical_frame
[INFO] [1756015213.321449769] [robot_state_publisher]: got segment head_camera_bottom_screw_frame
[INFO] [1756015213.321451705] [robot_state_publisher]: got segment head_camera_color_frame
[INFO] [1756015213.321453634] [robot_state_publisher]: got segment head_camera_color_optical_frame
[INFO] [1756015213.321455540] [robot_state_publisher]: got segment head_camera_depth_frame
[INFO] [1756015213.321457467] [robot_state_publisher]: got segment head_camera_depth_optical_frame
[INFO] [1756015213.321459350] [robot_state_publisher]: got segment head_camera_gyro_frame
[INFO] [1756015213.321461282] [robot_state_publisher]: got segment head_camera_gyro_optical_frame
[INFO] [1756015213.321463183] [robot_state_publisher]: got segment head_camera_imu_optical_frame
[INFO] [1756015213.321465072] [robot_state_publisher]: got segment head_camera_infra1_frame
[INFO] [1756015213.321467003] [robot_state_publisher]: got segment head_camera_infra1_optical_frame
[INFO] [1756015213.321468915] [robot_state_publisher]: got segment head_camera_infra2_frame
[INFO] [1756015213.321470836] [robot_state_publisher]: got segment head_camera_infra2_optical_frame
[INFO] [1756015213.321472795] [robot_state_publisher]: got segment head_camera_link
[INFO] [1756015213.321474801] [robot_state_publisher]: got segment head_link
[INFO] [1756015213.321476837] [robot_state_publisher]: got segment laser_B_link
[INFO] [1756015213.321478860] [robot_state_publisher]: got segment left_base_link
[INFO] [1756015213.321480803] [robot_state_publisher]: got segment left_bracelet_link
[INFO] [1756015213.321482795] [robot_state_publisher]: got segment left_camera_accel_frame
[INFO] [1756015213.321484806] [robot_state_publisher]: got segment left_camera_accel_optical_frame
[INFO] [1756015213.321486731] [robot_state_publisher]: got segment left_camera_bottom_screw_frame
[INFO] [1756015213.321488653] [robot_state_publisher]: got segment left_camera_bracket_link
[INFO] [1756015213.321490756] [robot_state_publisher]: got segment left_camera_color_frame
[INFO] [1756015213.321492744] [robot_state_publisher]: got segment left_camera_color_optical_frame
[INFO] [1756015213.321494696] [robot_state_publisher]: got segment left_camera_depth_frame
[INFO] [1756015213.321496701] [robot_state_publisher]: got segment left_camera_depth_optical_frame
[INFO] [1756015213.321511658] [robot_state_publisher]: got segment left_camera_gyro_frame
[INFO] [1756015213.321513904] [robot_state_publisher]: got segment left_camera_gyro_optical_frame
[INFO] [1756015213.321515899] [robot_state_publisher]: got segment left_camera_infra1_frame
[INFO] [1756015213.321517885] [robot_state_publisher]: got segment left_camera_infra1_optical_frame
[INFO] [1756015213.321519947] [robot_state_publisher]: got segment left_camera_infra2_frame
[INFO] [1756015213.321521933] [robot_state_publisher]: got segment left_camera_infra2_optical_frame
[INFO] [1756015213.321523949] [robot_state_publisher]: got segment left_camera_link
[INFO] [1756015213.321525988] [robot_state_publisher]: got segment left_end_effector_link
[INFO] [1756015213.321528042] [robot_state_publisher]: got segment left_flange_1_link
[INFO] [1756015213.321530087] [robot_state_publisher]: got segment left_forearm_link
[INFO] [1756015213.321532146] [robot_state_publisher]: got segment left_half_arm_1_link
[INFO] [1756015213.321534319] [robot_state_publisher]: got segment left_half_arm_2_link
[INFO] [1756015213.321536285] [robot_state_publisher]: got segment left_shoulder_link
[INFO] [1756015213.321538334] [robot_state_publisher]: got segment left_spherical_wrist_1_link
[INFO] [1756015213.321540349] [robot_state_publisher]: got segment left_spherical_wrist_2_link
[INFO] [1756015213.321542974] [robot_state_publisher]: got segment left_tool_frame
[INFO] [1756015213.321545140] [robot_state_publisher]: got segment lidar_link
[INFO] [1756015213.321547257] [robot_state_publisher]: got segment livox_frame
[INFO] [1756015213.321549324] [robot_state_publisher]: got segment mic_link
[INFO] [1756015213.321551364] [robot_state_publisher]: got segment right_base_link
[INFO] [1756015213.321553338] [robot_state_publisher]: got segment right_bracelet_link
[INFO] [1756015213.321555479] [robot_state_publisher]: got segment right_camera_accel_frame
[INFO] [1756015213.321557516] [robot_state_publisher]: got segment right_camera_accel_optical_frame
[INFO] [1756015213.321559655] [robot_state_publisher]: got segment right_camera_bottom_screw_frame
[INFO] [1756015213.321561767] [robot_state_publisher]: got segment right_camera_bracket_link
[INFO] [1756015213.321563752] [robot_state_publisher]: got segment right_camera_color_frame
[INFO] [1756015213.321565723] [robot_state_publisher]: got segment right_camera_color_optical_frame
[INFO] [1756015213.321567744] [robot_state_publisher]: got segment right_camera_depth_frame
[INFO] [1756015213.321569763] [robot_state_publisher]: got segment right_camera_depth_optical_frame
[INFO] [1756015213.321573236] [robot_state_publisher]: got segment right_camera_gyro_frame
[INFO] [1756015213.321575172] [robot_state_publisher]: got segment right_camera_gyro_optical_frame
[INFO] [1756015213.321577256] [robot_state_publisher]: got segment right_camera_infra1_frame
[INFO] [1756015213.321579311] [robot_state_publisher]: got segment right_camera_infra1_optical_frame
[INFO] [1756015213.321581351] [robot_state_publisher]: got segment right_camera_infra2_frame
[INFO] [1756015213.321583378] [robot_state_publisher]: got segment right_camera_infra2_optical_frame
[INFO] [1756015213.321585371] [robot_state_publisher]: got segment right_camera_link
[INFO] [1756015213.321587442] [robot_state_publisher]: got segment right_end_effector_link
[INFO] [1756015213.321589536] [robot_state_publisher]: got segment right_flange_1_link
[INFO] [1756015213.321591716] [robot_state_publisher]: got segment right_forearm_link
[INFO] [1756015213.321593939] [robot_state_publisher]: got segment right_half_arm_1_link
[INFO] [1756015213.321596003] [robot_state_publisher]: got segment right_half_arm_2_link
[INFO] [1756015213.321598080] [robot_state_publisher]: got segment right_shoulder_link
[INFO] [1756015213.321600218] [robot_state_publisher]: got segment right_spherical_wrist_1_link
[INFO] [1756015213.321602351] [robot_state_publisher]: got segment right_spherical_wrist_2_link
[INFO] [1756015213