[INFO] [1756026857.501818861] [robot_state_publisher]: got segment base_link
[INFO] [1756026857.501887201] [robot_state_publisher]: got segment caster_LB_link
[INFO] [1756026857.501891456] [robot_state_publisher]: got segment caster_RB_link
[INFO] [1756026857.501893450] [robot_state_publisher]: got segment connector_link
[INFO] [1756026857.501895498] [robot_state_publisher]: got segment front_camera_accel_frame
[INFO] [1756026857.501897712] [robot_state_publisher]: got segment front_camera_accel_optical_frame
[INFO] [1756026857.501899909] [robot_state_publisher]: got segment front_camera_bottom_screw_frame
[INFO] [1756026857.501903140] [robot_state_publisher]: got segment front_camera_color_frame
[INFO] [1756026857.501906446] [robot_state_publisher]: got segment front_camera_color_optical_frame
[INFO] [1756026857.501909853] [robot_state_publisher]: got segment front_camera_depth_frame
[INFO] [1756026857.501913229] [robot_state_publisher]: got segment front_camera_depth_optical_frame
[INFO] [1756026857.501916542] [robot_state_publisher]: got segment front_camera_gyro_frame
[INFO] [1756026857.501919741] [robot_state_publisher]: got segment front_camera_gyro_optical_frame
[INFO] [1756026857.501921912] [robot_state_publisher]: got segment front_camera_infra1_frame
[INFO] [1756026857.501923869] [robot_state_publisher]: got segment front_camera_infra1_optical_frame
[INFO] [1756026857.501925909] [robot_state_publisher]: got segment front_camera_infra2_frame
[INFO] [1756026857.501927773] [robot_state_publisher]: got segment front_camera_infra2_optical_frame
[INFO] [1756026857.501929642] [robot_state_publisher]: got segment front_camera_link
[INFO] [1756026857.501931660] [robot_state_publisher]: got segment head_camera_accel_frame
[INFO] [1756026857.501933555] [robot_state_publisher]: got segment head_camera_accel_optical_frame
[INFO] [1756026857.501935368] [robot_state_publisher]: got segment head_camera_bottom_screw_frame
[INFO] [1756026857.501937251] [robot_state_publisher]: got segment head_camera_color_frame
[INFO] [1756026857.501939578] [robot_state_publisher]: got segment head_camera_color_optical_frame
[INFO] [1756026857.501941506] [robot_state_publisher]: got segment head_camera_depth_frame
[INFO] [1756026857.501943526] [robot_state_publisher]: got segment head_camera_depth_optical_frame
[INFO] [1756026857.501945473] [robot_state_publisher]: got segment head_camera_gyro_frame
[INFO] [1756026857.501947417] [robot_state_publisher]: got segment head_camera_gyro_optical_frame
[INFO] [1756026857.501949332] [robot_state_publisher]: got segment head_camera_imu_optical_frame
[INFO] [1756026857.501951172] [robot_state_publisher]: got segment head_camera_infra1_frame
[INFO] [1756026857.501953236] [robot_state_publisher]: got segment head_camera_infra1_optical_frame
[INFO] [1756026857.501955215] [robot_state_publisher]: got segment head_camera_infra2_frame
[INFO] [1756026857.501957086] [robot_state_publisher]: got segment head_camera_infra2_optical_frame
[INFO] [1756026857.501958943] [robot_state_publisher]: got segment head_camera_link
[INFO] [1756026857.501960911] [robot_state_publisher]: got segment head_link
[INFO] [1756026857.501962943] [robot_state_publisher]: got segment laser_B_link
[INFO] [1756026857.501964944] [robot_state_publisher]: got segment left_base_link
[INFO] [1756026857.501966819] [robot_state_publisher]: got segment left_bracelet_link
[INFO] [1756026857.501968928] [robot_state_publisher]: got segment left_camera_accel_frame
[INFO] [1756026857.501971072] [robot_state_publisher]: got segment left_camera_accel_optical_frame
[INFO] [1756026857.501972944] [robot_state_publisher]: got segment left_camera_bottom_screw_frame
[INFO] [1756026857.501974813] [robot_state_publisher]: got segment left_camera_bracket_link
[INFO] [1756026857.501976659] [robot_state_publisher]: got segment left_camera_color_frame
[INFO] [1756026857.501978522] [robot_state_publisher]: got segment left_camera_color_optical_frame
[INFO] [1756026857.501980447] [robot_state_publisher]: got segment left_camera_depth_frame
[INFO] [1756026857.501982337] [robot_state_publisher]: got segment left_camera_depth_optical_frame
[INFO] [1756026857.501994895] [robot_state_publisher]: got segment left_camera_gyro_frame
[INFO] [1756026857.501997012] [robot_state_publisher]: got segment left_camera_gyro_optical_frame
[INFO] [1756026857.501998897] [robot_state_publisher]: got segment left_camera_infra1_frame
[INFO] [1756026857.502000761] [robot_state_publisher]: got segment left_camera_infra1_optical_frame
[INFO] [1756026857.502002777] [robot_state_publisher]: got segment left_camera_infra2_frame
[INFO] [1756026857.502004820] [robot_state_publisher]: got segment left_camera_infra2_optical_frame
[INFO] [1756026857.502006770] [robot_state_publisher]: got segment left_camera_link
[INFO] [1756026857.502008737] [robot_state_publisher]: got segment left_end_effector_link
[INFO] [1756026857.502010639] [robot_state_publisher]: got segment left_flange_1_link
[INFO] [1756026857.502012672] [robot_state_publisher]: got segment left_forearm_link
[INFO] [1756026857.502014655] [robot_state_publisher]: got segment left_half_arm_1_link
[INFO] [1756026857.502016649] [robot_state_publisher]: got segment left_half_arm_2_link
[INFO] [1756026857.502018546] [robot_state_publisher]: got segment left_shoulder_link
[INFO] [1756026857.502020478] [robot_state_publisher]: got segment left_spherical_wrist_1_link
[INFO] [1756026857.502022396] [robot_state_publisher]: got segment left_spherical_wrist_2_link
[INFO] [1756026857.502024284] [robot_state_publisher]: got segment left_tool_frame
[INFO] [1756026857.502026235] [robot_state_publisher]: got segment lidar_link
[INFO] [1756026857.502028315] [robot_state_publisher]: got segment livox_frame
[INFO] [1756026857.502030242] [robot_state_publisher]: got segment mic_link
[INFO] [1756026857.502032170] [robot_state_publisher]: got segment right_base_link
[INFO] [1756026857.502034074] [robot_state_publisher]: got segment right_bracelet_link
[INFO] [1756026857.502036140] [robot_state_publisher]: got segment right_camera_accel_frame
[INFO] [1756026857.502038839] [robot_state_publisher]: got segment right_camera_accel_optical_frame
[INFO] [1756026857.502040776] [robot_state_publisher]: got segment right_camera_bottom_screw_frame
[INFO] [1756026857.502042846] [robot_state_publisher]: got segment right_camera_bracket_link
[INFO] [1756026857.502044761] [robot_state_publisher]: got segment right_camera_color_frame
[INFO] [1756026857.502046658] [robot_state_publisher]: got segment right_camera_color_optical_frame
[INFO] [1756026857.502048586] [robot_state_publisher]: got segment right_camera_depth_frame
[INFO] [1756026857.502050459] [robot_state_publisher]: got segment right_camera_depth_optical_frame
[INFO] [1756026857.502052359] [robot_state_publisher]: got segment right_camera_gyro_frame
[INFO] [1756026857.502054261] [robot_state_publisher]: got segment right_camera_gyro_optical_frame
[INFO] [1756026857.502056143] [robot_state_publisher]: got segment right_camera_infra1_frame
[INFO] [1756026857.502057962] [robot_state_publisher]: got segment right_camera_infra1_optical_frame
[INFO] [1756026857.502059870] [robot_state_publisher]: got segment right_camera_infra2_frame
[INFO] [1756026857.502061853] [robot_state_publisher]: got segment right_camera_infra2_optical_frame
[INFO] [1756026857.502063743] [robot_state_publisher]: got segment right_camera_link
[INFO] [1756026857.502065738] [robot_state_publisher]: got segment right_end_effector_link
[INFO] [1756026857.502067637] [robot_state_publisher]: got segment right_flange_1_link
[INFO] [1756026857.502069574] [robot_state_publisher]: got segment right_forearm_link
[INFO] [1756026857.502071589] [robot_state_publisher]: got segment right_half_arm_1_link
[INFO] [1756026857.502073612] [robot_state_publisher]: got segment right_half_arm_2_link
[INFO] [1756026857.502075518] [robot_state_publisher]: got segment right_shoulder_link
[INFO] [1756026857.502077486] [robot_state_publisher]: got segment right_spherical_wrist_1_link
[INFO] [1756026857.502079382] [robot_state_publisher]: got segment right_spherical_wrist_2_link
[INFO] [1756026857