[INFO] [1756713915.937851643] [robot_state_publisher]: got segment base_link
[INFO] [1756713915.937908629] [robot_state_publisher]: got segment caster_LB_link
[INFO] [1756713915.937912983] [robot_state_publisher]: got segment caster_RB_link
[INFO] [1756713915.937915043] [robot_state_publisher]: got segment connector_link
[INFO] [1756713915.937916972] [robot_state_publisher]: got segment front_camera_accel_frame
[INFO] [1756713915.937919127] [robot_state_publisher]: got segment front_camera_accel_optical_frame
[INFO] [1756713915.937921198] [robot_state_publisher]: got segment front_camera_bottom_screw_frame
[INFO] [1756713915.937923165] [robot_state_publisher]: got segment front_camera_color_frame
[INFO] [1756713915.937925162] [robot_state_publisher]: got segment front_camera_color_optical_frame
[INFO] [1756713915.937927108] [robot_state_publisher]: got segment front_camera_depth_frame
[INFO] [1756713915.937929071] [robot_state_publisher]: got segment front_camera_depth_optical_frame
[INFO] [1756713915.937931152] [robot_state_publisher]: got segment front_camera_gyro_frame
[INFO] [1756713915.937940502] [robot_state_publisher]: got segment front_camera_gyro_optical_frame
[INFO] [1756713915.937942844] [robot_state_publisher]: got segment front_camera_infra1_frame
[INFO] [1756713915.937945140] [robot_state_publisher]: got segment front_camera_infra1_optical_frame
[INFO] [1756713915.937948165] [robot_state_publisher]: got segment front_camera_infra2_frame
[INFO] [1756713915.937950499] [robot_state_publisher]: got segment front_camera_infra2_optical_frame
[INFO] [1756713915.937952826] [robot_state_publisher]: got segment front_camera_link
[INFO] [1756713915.937955349] [robot_state_publisher]: got segment head_camera_accel_frame
[INFO] [1756713915.937957718] [robot_state_publisher]: got segment head_camera_accel_optical_frame
[INFO] [1756713915.937960046] [robot_state_publisher]: got segment head_camera_bottom_screw_frame
[INFO] [1756713915.937962502] [robot_state_publisher]: got segment head_camera_color_frame
[INFO] [1756713915.937964834] [robot_state_publisher]: got segment head_camera_color_optical_frame
[INFO] [1756713915.937967114] [robot_state_publisher]: got segment head_camera_depth_frame
[INFO] [1756713915.937969424] [robot_state_publisher]: got segment head_camera_depth_optical_frame
[INFO] [1756713915.937971875] [robot_state_publisher]: got segment head_camera_gyro_frame
[INFO] [1756713915.937974182] [robot_state_publisher]: got segment head_camera_gyro_optical_frame
[INFO] [1756713915.937976463] [robot_state_publisher]: got segment head_camera_imu_optical_frame
[INFO] [1756713915.937978758] [robot_state_publisher]: got segment head_camera_infra1_frame
[INFO] [1756713915.937983198] [robot_state_publisher]: got segment head_camera_infra1_optical_frame
[INFO] [1756713915.937985600] [robot_state_publisher]: got segment head_camera_infra2_frame
[INFO] [1756713915.937987936] [robot_state_publisher]: got segment head_camera_infra2_optical_frame
[INFO] [1756713915.937990315] [robot_state_publisher]: got segment head_camera_link
[INFO] [1756713915.937993772] [robot_state_publisher]: got segment head_link
[INFO] [1756713915.937997504] [robot_state_publisher]: got segment laser_B_link
[INFO] [1756713915.938000187] [robot_state_publisher]: got segment left_base_link
[INFO] [1756713915.938002577] [robot_state_publisher]: got segment left_bracelet_link
[INFO] [1756713915.938005280] [robot_state_publisher]: got segment left_camera_accel_frame
[INFO] [1756713915.938007753] [robot_state_publisher]: got segment left_camera_accel_optical_frame
[INFO] [1756713915.938010187] [robot_state_publisher]: got segment left_camera_bottom_screw_frame
[INFO] [1756713915.938012559] [robot_state_publisher]: got segment left_camera_bracket_link
[INFO] [1756713915.938015055] [robot_state_publisher]: got segment left_camera_color_frame
[INFO] [1756713915.938017448] [robot_state_publisher]: got segment left_camera_color_optical_frame
[INFO] [1756713915.938019806] [robot_state_publisher]: got segment left_camera_depth_frame
[INFO] [1756713915.938022222] [robot_state_publisher]: got segment left_camera_depth_optical_frame
[INFO] [1756713915.938038374] [robot_state_publisher]: got segment left_camera_gyro_frame
[INFO] [1756713915.938040935] [robot_state_publisher]: got segment left_camera_gyro_optical_frame
[INFO] [1756713915.938043354] [robot_state_publisher]: got segment left_camera_infra1_frame
[INFO] [1756713915.938045719] [robot_state_publisher]: got segment left_camera_infra1_optical_frame
[INFO] [1756713915.938048163] [robot_state_publisher]: got segment left_camera_infra2_frame
[INFO] [1756713915.938050511] [robot_state_publisher]: got segment left_camera_infra2_optical_frame
[INFO] [1756713915.938052920] [robot_state_publisher]: got segment left_camera_link
[INFO] [1756713915.938055402] [robot_state_publisher]: got segment left_end_effector_link
[INFO] [1756713915.938057801] [robot_state_publisher]: got segment left_flange_1_link
[INFO] [1756713915.938060311] [robot_state_publisher]: got segment left_forearm_link
[INFO] [1756713915.938062782] [robot_state_publisher]: got segment left_half_arm_1_link
[INFO] [1756713915.938065330] [robot_state_publisher]: got segment left_half_arm_2_link
[INFO] [1756713915.938067673] [robot_state_publisher]: got segment left_shoulder_link
[INFO] [1756713915.938070091] [robot_state_publisher]: got segment left_spherical_wrist_1_link
[INFO] [1756713915.938072530] [robot_state_publisher]: got segment left_spherical_wrist_2_link
[INFO] [1756713915.938074864] [robot_state_publisher]: got segment left_tool_frame
[INFO] [1756713915.938077333] [robot_state_publisher]: got segment lidar_link
[INFO] [1756713915.938079858] [robot_state_publisher]: got segment livox_frame
[INFO] [1756713915.938082327] [robot_state_publisher]: got segment mic_link
[INFO] [1756713915.938084721] [robot_state_publisher]: got segment right_base_link
[INFO] [1756713915.938087192] [robot_state_publisher]: got segment right_bracelet_link
[INFO] [1756713915.938089636] [robot_state_publisher]: got segment right_camera_accel_frame
[INFO] [1756713915.938092045] [robot_state_publisher]: got segment right_camera_accel_optical_frame
[INFO] [1756713915.938094546] [robot_state_publisher]: got segment right_camera_bottom_screw_frame
[INFO] [1756713915.938097125] [robot_state_publisher]: got segment right_camera_bracket_link
[INFO] [1756713915.938099534] [robot_state_publisher]: got segment right_camera_color_frame
[INFO] [1756713915.938101893] [robot_state_publisher]: got segment right_camera_color_optical_frame
[INFO] [1756713915.938104331] [robot_state_publisher]: got segment right_camera_depth_frame
[INFO] [1756713915.938106694] [robot_state_publisher]: got segment right_camera_depth_optical_frame
[INFO] [1756713915.938109085] [robot_state_publisher]: got segment right_camera_gyro_frame
[INFO] [1756713915.938111470] [robot_state_publisher]: got segment right_camera_gyro_optical_frame
[INFO] [1756713915.938113860] [robot_state_publisher]: got segment right_camera_infra1_frame
[INFO] [1756713915.938116232] [robot_state_publisher]: got segment right_camera_infra1_optical_frame
[INFO] [1756713915.938118716] [robot_state_publisher]: got segment right_camera_infra2_frame
[INFO] [1756713915.938121689] [robot_state_publisher]: got segment right_camera_infra2_optical_frame
[INFO] [1756713915.938124076] [robot_state_publisher]: got segment right_camera_link
[INFO] [1756713915.938126535] [robot_state_publisher]: got segment right_end_effector_link
[INFO] [1756713915.938128902] [robot_state_publisher]: got segment right_flange_1_link
[INFO] [1756713915.938131344] [robot_state_publisher]: got segment right_forearm_link
[INFO] [1756713915.938133807] [robot_state_publisher]: got segment right_half_arm_1_link
[INFO] [1756713915.938136226] [robot_state_publisher]: got segment right_half_arm_2_link
[INFO] [1756713915.938138608] [robot_state_publisher]: got segment right_shoulder_link
[INFO] [1756713915.938141084] [robot_state_publisher]: got segment right_spherical_wrist_1_link
[INFO] [1756713915.938143517] [robot_state_publisher]: got segment right_spherical_wrist_2_link
[INFO] [1756713915