[INFO] [1755508499.259712573] [robot_state_publisher]: got segment base_link
[INFO] [1755508499.259762783] [robot_state_publisher]: got segment caster_LB_link
[INFO] [1755508499.259767510] [robot_state_publisher]: got segment caster_RB_link
[INFO] [1755508499.259769938] [robot_state_publisher]: got segment connector_link
[INFO] [1755508499.259772106] [robot_state_publisher]: got segment front_camera_accel_frame
[INFO] [1755508499.259774663] [robot_state_publisher]: got segment front_camera_accel_optical_frame
[INFO] [1755508499.259779338] [robot_state_publisher]: got segment front_camera_bottom_screw_frame
[INFO] [1755508499.259781922] [robot_state_publisher]: got segment front_camera_color_frame
[INFO] [1755508499.259784342] [robot_state_publisher]: got segment front_camera_color_optical_frame
[INFO] [1755508499.259786691] [robot_state_publisher]: got segment front_camera_depth_frame
[INFO] [1755508499.259788925] [robot_state_publisher]: got segment front_camera_depth_optical_frame
[INFO] [1755508499.259791129] [robot_state_publisher]: got segment front_camera_gyro_frame
[INFO] [1755508499.259793512] [robot_state_publisher]: got segment front_camera_gyro_optical_frame
[INFO] [1755508499.259795695] [robot_state_publisher]: got segment front_camera_infra1_frame
[INFO] [1755508499.259797827] [robot_state_publisher]: got segment front_camera_infra1_optical_frame
[INFO] [1755508499.259800138] [robot_state_publisher]: got segment front_camera_infra2_frame
[INFO] [1755508499.259802259] [robot_state_publisher]: got segment front_camera_infra2_optical_frame
[INFO] [1755508499.259804411] [robot_state_publisher]: got segment front_camera_link
[INFO] [1755508499.259806773] [robot_state_publisher]: got segment head_camera_accel_frame
[INFO] [1755508499.259808980] [robot_state_publisher]: got segment head_camera_accel_optical_frame
[INFO] [1755508499.259811115] [robot_state_publisher]: got segment head_camera_bottom_screw_frame
[INFO] [1755508499.259813225] [robot_state_publisher]: got segment head_camera_color_frame
[INFO] [1755508499.259815352] [robot_state_publisher]: got segment head_camera_color_optical_frame
[INFO] [1755508499.259817502] [robot_state_publisher]: got segment head_camera_depth_frame
[INFO] [1755508499.259819820] [robot_state_publisher]: got segment head_camera_depth_optical_frame
[INFO] [1755508499.259822870] [robot_state_publisher]: got segment head_camera_gyro_frame
[INFO] [1755508499.259825204] [robot_state_publisher]: got segment head_camera_gyro_optical_frame
[INFO] [1755508499.259827474] [robot_state_publisher]: got segment head_camera_imu_optical_frame
[INFO] [1755508499.259829745] [robot_state_publisher]: got segment head_camera_infra1_frame
[INFO] [1755508499.259832076] [robot_state_publisher]: got segment head_camera_infra1_optical_frame
[INFO] [1755508499.259834388] [robot_state_publisher]: got segment head_camera_infra2_frame
[INFO] [1755508499.259836727] [robot_state_publisher]: got segment head_camera_infra2_optical_frame
[INFO] [1755508499.259839037] [robot_state_publisher]: got segment head_camera_link
[INFO] [1755508499.259841397] [robot_state_publisher]: got segment head_link
[INFO] [1755508499.259843888] [robot_state_publisher]: got segment laser_B_link
[INFO] [1755508499.259846362] [robot_state_publisher]: got segment left_base_link
[INFO] [1755508499.259848755] [robot_state_publisher]: got segment left_bracelet_link
[INFO] [1755508499.259851234] [robot_state_publisher]: got segment left_camera_accel_frame
[INFO] [1755508499.259853618] [robot_state_publisher]: got segment left_camera_accel_optical_frame
[INFO] [1755508499.259856035] [robot_state_publisher]: got segment left_camera_bottom_screw_frame
[INFO] [1755508499.259858338] [robot_state_publisher]: got segment left_camera_bracket_link
[INFO] [1755508499.259860769] [robot_state_publisher]: got segment left_camera_color_frame
[INFO] [1755508499.259863080] [robot_state_publisher]: got segment left_camera_color_optical_frame
[INFO] [1755508499.259865382] [robot_state_publisher]: got segment left_camera_depth_frame
[INFO] [1755508499.259867711] [robot_state_publisher]: got segment left_camera_depth_optical_frame
[INFO] [1755508499.259882776] [robot_state_publisher]: got segment left_camera_gyro_frame
[INFO] [1755508499.259885812] [robot_state_publisher]: got segment left_camera_gyro_optical_frame
[INFO] [1755508499.259888216] [robot_state_publisher]: got segment left_camera_infra1_frame
[INFO] [1755508499.259890590] [robot_state_publisher]: got segment left_camera_infra1_optical_frame
[INFO] [1755508499.259892998] [robot_state_publisher]: got segment left_camera_infra2_frame
[INFO] [1755508499.259895323] [robot_state_publisher]: got segment left_camera_infra2_optical_frame
[INFO] [1755508499.259897714] [robot_state_publisher]: got segment left_camera_link
[INFO] [1755508499.259900119] [robot_state_publisher]: got segment left_end_effector_link
[INFO] [1755508499.259902429] [robot_state_publisher]: got segment left_flange_1_link
[INFO] [1755508499.259904812] [robot_state_publisher]: got segment left_forearm_link
[INFO] [1755508499.259907267] [robot_state_publisher]: got segment left_half_arm_1_link
[INFO] [1755508499.259909753] [robot_state_publisher]: got segment left_half_arm_2_link
[INFO] [1755508499.259912078] [robot_state_publisher]: got segment left_shoulder_link
[INFO] [1755508499.259914514] [robot_state_publisher]: got segment left_spherical_wrist_1_link
[INFO] [1755508499.259916891] [robot_state_publisher]: got segment left_spherical_wrist_2_link
[INFO] [1755508499.259919211] [robot_state_publisher]: got segment left_tool_frame
[INFO] [1755508499.259921765] [robot_state_publisher]: got segment lidar_link
[INFO] [1755508499.259924151] [robot_state_publisher]: got segment livox_frame
[INFO] [1755508499.259926567] [robot_state_publisher]: got segment mic_link
[INFO] [1755508499.259928878] [robot_state_publisher]: got segment right_base_link
[INFO] [1755508499.259931362] [robot_state_publisher]: got segment right_bracelet_link
[INFO] [1755508499.259933824] [robot_state_publisher]: got segment right_camera_accel_frame
[INFO] [1755508499.259936169] [robot_state_publisher]: got segment right_camera_accel_optical_frame
[INFO] [1755508499.259938678] [robot_state_publisher]: got segment right_camera_bottom_screw_frame
[INFO] [1755508499.259941162] [robot_state_publisher]: got segment right_camera_bracket_link
[INFO] [1755508499.259943520] [robot_state_publisher]: got segment right_camera_color_frame
[INFO] [1755508499.259945801] [robot_state_publisher]: got segment right_camera_color_optical_frame
[INFO] [1755508499.259948166] [robot_state_publisher]: got segment right_camera_depth_frame
[INFO] [1755508499.259950450] [robot_state_publisher]: got segment right_camera_depth_optical_frame
[INFO] [1755508499.259952830] [robot_state_publisher]: got segment right_camera_gyro_frame
[INFO] [1755508499.259955110] [robot_state_publisher]: got segment right_camera_gyro_optical_frame
[INFO] [1755508499.259957432] [robot_state_publisher]: got segment right_camera_infra1_frame
[INFO] [1755508499.259959785] [robot_state_publisher]: got segment right_camera_infra1_optical_frame
[INFO] [1755508499.259962133] [robot_state_publisher]: got segment right_camera_infra2_frame
[INFO] [1755508499.259964431] [robot_state_publisher]: got segment right_camera_infra2_optical_frame
[INFO] [1755508499.259966964] [robot_state_publisher]: got segment right_camera_link
[INFO] [1755508499.259969388] [robot_state_publisher]: got segment right_end_effector_link
[INFO] [1755508499.259971756] [robot_state_publisher]: got segment right_flange_1_link
[INFO] [1755508499.259974134] [robot_state_publisher]: got segment right_forearm_link
[INFO] [1755508499.259976540] [robot_state_publisher]: got segment right_half_arm_1_link
[INFO] [1755508499.259978836] [robot_state_publisher]: got segment right_half_arm_2_link
[INFO] [1755508499.259981169] [robot_state_publisher]: got segment right_shoulder_link
[INFO] [1755508499.259983516] [robot_state_publisher]: got segment right_spherical_wrist_1_link
[INFO] [1755508499.259985881] [robot_state_publisher]: got segment right_spherical_wrist_2_link
[INFO] [1755508499