[INFO] [1756730980.894890757] [robot_state_publisher]: got segment base_link
[INFO] [1756730980.894963336] [robot_state_publisher]: got segment caster_LB_link
[INFO] [1756730980.894968522] [robot_state_publisher]: got segment caster_RB_link
[INFO] [1756730980.894971123] [robot_state_publisher]: got segment connector_link
[INFO] [1756730980.894973604] [robot_state_publisher]: got segment front_camera_accel_frame
[INFO] [1756730980.894976198] [robot_state_publisher]: got segment front_camera_accel_optical_frame
[INFO] [1756730980.894978922] [robot_state_publisher]: got segment front_camera_bottom_screw_frame
[INFO] [1756730980.894981566] [robot_state_publisher]: got segment front_camera_color_frame
[INFO] [1756730980.894983946] [robot_state_publisher]: got segment front_camera_color_optical_frame
[INFO] [1756730980.894986491] [robot_state_publisher]: got segment front_camera_depth_frame
[INFO] [1756730980.894988833] [robot_state_publisher]: got segment front_camera_depth_optical_frame
[INFO] [1756730980.894991261] [robot_state_publisher]: got segment front_camera_gyro_frame
[INFO] [1756730980.894993631] [robot_state_publisher]: got segment front_camera_gyro_optical_frame
[INFO] [1756730980.894995978] [robot_state_publisher]: got segment front_camera_infra1_frame
[INFO] [1756730980.894998348] [robot_state_publisher]: got segment front_camera_infra1_optical_frame
[INFO] [1756730980.895000862] [robot_state_publisher]: got segment front_camera_infra2_frame
[INFO] [1756730980.895003182] [robot_state_publisher]: got segment front_camera_infra2_optical_frame
[INFO] [1756730980.895005689] [robot_state_publisher]: got segment front_camera_link
[INFO] [1756730980.895008153] [robot_state_publisher]: got segment head_camera_accel_frame
[INFO] [1756730980.895010617] [robot_state_publisher]: got segment head_camera_accel_optical_frame
[INFO] [1756730980.895013064] [robot_state_publisher]: got segment head_camera_bottom_screw_frame
[INFO] [1756730980.895015419] [robot_state_publisher]: got segment head_camera_color_frame
[INFO] [1756730980.895017835] [robot_state_publisher]: got segment head_camera_color_optical_frame
[INFO] [1756730980.895020192] [robot_state_publisher]: got segment head_camera_depth_frame
[INFO] [1756730980.895022623] [robot_state_publisher]: got segment head_camera_depth_optical_frame
[INFO] [1756730980.895025203] [robot_state_publisher]: got segment head_camera_gyro_frame
[INFO] [1756730980.895027554] [robot_state_publisher]: got segment head_camera_gyro_optical_frame
[INFO] [1756730980.895029955] [robot_state_publisher]: got segment head_camera_imu_optical_frame
[INFO] [1756730980.895034355] [robot_state_publisher]: got segment head_camera_infra1_frame
[INFO] [1756730980.895036837] [robot_state_publisher]: got segment head_camera_infra1_optical_frame
[INFO] [1756730980.895039283] [robot_state_publisher]: got segment head_camera_infra2_frame
[INFO] [1756730980.895041751] [robot_state_publisher]: got segment head_camera_infra2_optical_frame
[INFO] [1756730980.895044230] [robot_state_publisher]: got segment head_camera_link
[INFO] [1756730980.895046729] [robot_state_publisher]: got segment head_link
[INFO] [1756730980.895049291] [robot_state_publisher]: got segment laser_B_link
[INFO] [1756730980.895051850] [robot_state_publisher]: got segment left_base_link
[INFO] [1756730980.895054303] [robot_state_publisher]: got segment left_bracelet_link
[INFO] [1756730980.895056906] [robot_state_publisher]: got segment left_camera_accel_frame
[INFO] [1756730980.895059395] [robot_state_publisher]: got segment left_camera_accel_optical_frame
[INFO] [1756730980.895061936] [robot_state_publisher]: got segment left_camera_bottom_screw_frame
[INFO] [1756730980.895064352] [robot_state_publisher]: got segment left_camera_bracket_link
[INFO] [1756730980.895066842] [robot_state_publisher]: got segment left_camera_color_frame
[INFO] [1756730980.895069251] [robot_state_publisher]: got segment left_camera_color_optical_frame
[INFO] [1756730980.895071672] [robot_state_publisher]: got segment left_camera_depth_frame
[INFO] [1756730980.895074107] [robot_state_publisher]: got segment left_camera_depth_optical_frame
[INFO] [1756730980.895090259] [robot_state_publisher]: got segment left_camera_gyro_frame
[INFO] [1756730980.895092852] [robot_state_publisher]: got segment left_camera_gyro_optical_frame
[INFO] [1756730980.895095350] [robot_state_publisher]: got segment left_camera_infra1_frame
[INFO] [1756730980.895097795] [robot_state_publisher]: got segment left_camera_infra1_optical_frame
[INFO] [1756730980.895100411] [robot_state_publisher]: got segment left_camera_infra2_frame
[INFO] [1756730980.895102856] [robot_state_publisher]: got segment left_camera_infra2_optical_frame
[INFO] [1756730980.895105327] [robot_state_publisher]: got segment left_camera_link
[INFO] [1756730980.895107860] [robot_state_publisher]: got segment left_end_effector_link
[INFO] [1756730980.895110288] [robot_state_publisher]: got segment left_flange_1_link
[INFO] [1756730980.895112835] [robot_state_publisher]: got segment left_forearm_link
[INFO] [1756730980.895115322] [robot_state_publisher]: got segment left_half_arm_1_link
[INFO] [1756730980.895117977] [robot_state_publisher]: got segment left_half_arm_2_link
[INFO] [1756730980.895120343] [robot_state_publisher]: got segment left_shoulder_link
[INFO] [1756730980.895122818] [robot_state_publisher]: got segment left_spherical_wrist_1_link
[INFO] [1756730980.895125297] [robot_state_publisher]: got segment left_spherical_wrist_2_link
[INFO] [1756730980.895127831] [robot_state_publisher]: got segment left_tool_frame
[INFO] [1756730980.895130387] [robot_state_publisher]: got segment lidar_link
[INFO] [1756730980.895132889] [robot_state_publisher]: got segment livox_frame
[INFO] [1756730980.895135492] [robot_state_publisher]: got segment mic_link
[INFO] [1756730980.895137920] [robot_state_publisher]: got segment right_base_link
[INFO] [1756730980.895140377] [robot_state_publisher]: got segment right_bracelet_link
[INFO] [1756730980.895142833] [robot_state_publisher]: got segment right_camera_accel_frame
[INFO] [1756730980.895145826] [robot_state_publisher]: got segment right_camera_accel_optical_frame
[INFO] [1756730980.895148298] [robot_state_publisher]: got segment right_camera_bottom_screw_frame
[INFO] [1756730980.895150964] [robot_state_publisher]: got segment right_camera_bracket_link
[INFO] [1756730980.895153442] [robot_state_publisher]: got segment right_camera_color_frame
[INFO] [1756730980.895155895] [robot_state_publisher]: got segment right_camera_color_optical_frame
[INFO] [1756730980.895158346] [robot_state_publisher]: got segment right_camera_depth_frame
[INFO] [1756730980.895160817] [robot_state_publisher]: got segment right_camera_depth_optical_frame
[INFO] [1756730980.895163275] [robot_state_publisher]: got segment right_camera_gyro_frame
[INFO] [1756730980.895165778] [robot_state_publisher]: got segment right_camera_gyro_optical_frame
[INFO] [1756730980.895168204] [robot_state_publisher]: got segment right_camera_infra1_frame
[INFO] [1756730980.895170572] [robot_state_publisher]: got segment right_camera_infra1_optical_frame
[INFO] [1756730980.895172992] [robot_state_publisher]: got segment right_camera_infra2_frame
[INFO] [1756730980.895175429] [robot_state_publisher]: got segment right_camera_infra2_optical_frame
[INFO] [1756730980.895177835] [robot_state_publisher]: got segment right_camera_link
[INFO] [1756730980.895180324] [robot_state_publisher]: got segment right_end_effector_link
[INFO] [1756730980.895182772] [robot_state_publisher]: got segment right_flange_1_link
[INFO] [1756730980.895185276] [robot_state_publisher]: got segment right_forearm_link
[INFO] [1756730980.895187763] [robot_state_publisher]: got segment right_half_arm_1_link
[INFO] [1756730980.895190230] [robot_state_publisher]: got segment right_half_arm_2_link
[INFO] [1756730980.895192651] [robot_state_publisher]: got segment right_shoulder_link
[INFO] [1756730980.895195110] [robot_state_publisher]: got segment right_spherical_wrist_1_link
[INFO] [1756730980.895197540] [robot_state_publisher]: got segment right_spherical_wrist_2_link
[INFO] [1756730980.895199979] [robot_state_publisher]: got segment right_tool_frame
[INFO] [1756730980.895206064] [robot_state_publisher]: got segment trunk_1_link
[INFO] [1756730980.895208791] [robot_state_publisher]: got segment trunk_2_link
[INFO] [1756730980.895211294] [robot_state_publisher]: got segment trunk_link
[INFO] [1756730980.895216101] [robot_state_publisher]: got segment wheel_LF_link
[INFO] [1756730980.895218604] [robot_state_publisher]: got segment wheel_RF_link
[INFO] [1756731035.277359407] [rclcpp]: signal_handler(signum=2)
