[INFO] [1756014785.899773883] [robot_state_publisher]: got segment base_link
[INFO] [1756014785.899843348] [robot_state_publisher]: got segment caster_LB_link
[INFO] [1756014785.899847962] [robot_state_publisher]: got segment caster_RB_link
[INFO] [1756014785.899850452] [robot_state_publisher]: got segment connector_link
[INFO] [1756014785.899852857] [robot_state_publisher]: got segment front_camera_accel_frame
[INFO] [1756014785.899855424] [robot_state_publisher]: got segment front_camera_accel_optical_frame
[INFO] [1756014785.899857841] [robot_state_publisher]: got segment front_camera_bottom_screw_frame
[INFO] [1756014785.899860218] [robot_state_publisher]: got segment front_camera_color_frame
[INFO] [1756014785.899862530] [robot_state_publisher]: got segment front_camera_color_optical_frame
[INFO] [1756014785.899864822] [robot_state_publisher]: got segment front_camera_depth_frame
[INFO] [1756014785.899867156] [robot_state_publisher]: got segment front_camera_depth_optical_frame
[INFO] [1756014785.899869430] [robot_state_publisher]: got segment front_camera_gyro_frame
[INFO] [1756014785.899871666] [robot_state_publisher]: got segment front_camera_gyro_optical_frame
[INFO] [1756014785.899873825] [robot_state_publisher]: got segment front_camera_infra1_frame
[INFO] [1756014785.899876054] [robot_state_publisher]: got segment front_camera_infra1_optical_frame
[INFO] [1756014785.899878348] [robot_state_publisher]: got segment front_camera_infra2_frame
[INFO] [1756014785.899880616] [robot_state_publisher]: got segment front_camera_infra2_optical_frame
[INFO] [1756014785.899882786] [robot_state_publisher]: got segment front_camera_link
[INFO] [1756014785.899885147] [robot_state_publisher]: got segment head_camera_accel_frame
[INFO] [1756014785.899887381] [robot_state_publisher]: got segment head_camera_accel_optical_frame
[INFO] [1756014785.899889577] [robot_state_publisher]: got segment head_camera_bottom_screw_frame
[INFO] [1756014785.899891719] [robot_state_publisher]: got segment head_camera_color_frame
[INFO] [1756014785.899893882] [robot_state_publisher]: got segment head_camera_color_optical_frame
[INFO] [1756014785.899896024] [robot_state_publisher]: got segment head_camera_depth_frame
[INFO] [1756014785.899898212] [robot_state_publisher]: got segment head_camera_depth_optical_frame
[INFO] [1756014785.899900362] [robot_state_publisher]: got segment head_camera_gyro_frame
[INFO] [1756014785.899902547] [robot_state_publisher]: got segment head_camera_gyro_optical_frame
[INFO] [1756014785.899904749] [robot_state_publisher]: got segment head_camera_imu_optical_frame
[INFO] [1756014785.899907003] [robot_state_publisher]: got segment head_camera_infra1_frame
[INFO] [1756014785.899909154] [robot_state_publisher]: got segment head_camera_infra1_optical_frame
[INFO] [1756014785.899911461] [robot_state_publisher]: got segment head_camera_infra2_frame
[INFO] [1756014785.899913659] [robot_state_publisher]: got segment head_camera_infra2_optical_frame
[INFO] [1756014785.899915898] [robot_state_publisher]: got segment head_camera_link
[INFO] [1756014785.899918140] [robot_state_publisher]: got segment head_link
[INFO] [1756014785.899920500] [robot_state_publisher]: got segment laser_B_link
[INFO] [1756014785.899922844] [robot_state_publisher]: got segment left_base_link
[INFO] [1756014785.899925281] [robot_state_publisher]: got segment left_bracelet_link
[INFO] [1756014785.899927537] [robot_state_publisher]: got segment left_camera_accel_frame
[INFO] [1756014785.899929784] [robot_state_publisher]: got segment left_camera_accel_optical_frame
[INFO] [1756014785.899931997] [robot_state_publisher]: got segment left_camera_bottom_screw_frame
[INFO] [1756014785.899934160] [robot_state_publisher]: got segment left_camera_bracket_link
[INFO] [1756014785.899936394] [robot_state_publisher]: got segment left_camera_color_frame
[INFO] [1756014785.899938556] [robot_state_publisher]: got segment left_camera_color_optical_frame
[INFO] [1756014785.899940725] [robot_state_publisher]: got segment left_camera_depth_frame
[INFO] [1756014785.899942919] [robot_state_publisher]: got segment left_camera_depth_optical_frame
[INFO] [1756014785.899959499] [robot_state_publisher]: got segment left_camera_gyro_frame
[INFO] [1756014785.899962360] [robot_state_publisher]: got segment left_camera_gyro_optical_frame
[INFO] [1756014785.899964551] [robot_state_publisher]: got segment left_camera_infra1_frame
[INFO] [1756014785.899966879] [robot_state_publisher]: got segment left_camera_infra1_optical_frame
[INFO] [1756014785.899969107] [robot_state_publisher]: got segment left_camera_infra2_frame
[INFO] [1756014785.899971313] [robot_state_publisher]: got segment left_camera_infra2_optical_frame
[INFO] [1756014785.899973600] [robot_state_publisher]: got segment left_camera_link
[INFO] [1756014785.899976012] [robot_state_publisher]: got segment left_end_effector_link
[INFO] [1756014785.899978169] [robot_state_publisher]: got segment left_flange_1_link
[INFO] [1756014785.899980384] [robot_state_publisher]: got segment left_forearm_link
[INFO] [1756014785.899982617] [robot_state_publisher]: got segment left_half_arm_1_link
[INFO] [1756014785.899984936] [robot_state_publisher]: got segment left_half_arm_2_link
[INFO] [1756014785.899987126] [robot_state_publisher]: got segment left_shoulder_link
[INFO] [1756014785.899989377] [robot_state_publisher]: got segment left_spherical_wrist_1_link
[INFO] [1756014785.899991600] [robot_state_publisher]: got segment left_spherical_wrist_2_link
[INFO] [1756014785.899993804] [robot_state_publisher]: got segment left_tool_frame
[INFO] [1756014785.899996053] [robot_state_publisher]: got segment lidar_link
[INFO] [1756014785.899998362] [robot_state_publisher]: got segment livox_frame
[INFO] [1756014785.900000942] [robot_state_publisher]: got segment mic_link
[INFO] [1756014785.900003163] [robot_state_publisher]: got segment right_base_link
[INFO] [1756014785.900006441] [robot_state_publisher]: got segment right_bracelet_link
[INFO] [1756014785.900008788] [robot_state_publisher]: got segment right_camera_accel_frame
[INFO] [1756014785.900010991] [robot_state_publisher]: got segment right_camera_accel_optical_frame
[INFO] [1756014785.900013196] [robot_state_publisher]: got segment right_camera_bottom_screw_frame
[INFO] [1756014785.900015402] [robot_state_publisher]: got segment right_camera_bracket_link
[INFO] [1756014785.900017551] [robot_state_publisher]: got segment right_camera_color_frame
[INFO] [1756014785.900019648] [robot_state_publisher]: got segment right_camera_color_optical_frame
[INFO] [1756014785.900021820] [robot_state_publisher]: got segment right_camera_depth_frame
[INFO] [1756014785.900023914] [robot_state_publisher]: got segment right_camera_depth_optical_frame
[INFO] [1756014785.900026029] [robot_state_publisher]: got segment right_camera_gyro_frame
[INFO] [1756014785.900028127] [robot_state_publisher]: got segment right_camera_gyro_optical_frame
[INFO] [1756014785.900030335] [robot_state_publisher]: got segment right_camera_infra1_frame
[INFO] [1756014785.900032551] [robot_state_publisher]: got segment right_camera_infra1_optical_frame
[INFO] [1756014785.900034717] [robot_state_publisher]: got segment right_camera_infra2_frame
[INFO] [1756014785.900036836] [robot_state_publisher]: got segment right_camera_infra2_optical_frame
[INFO] [1756014785.900038995] [robot_state_publisher]: got segment right_camera_link
[INFO] [1756014785.900041261] [robot_state_publisher]: got segment right_end_effector_link
[INFO] [1756014785.900043421] [robot_state_publisher]: got segment right_flange_1_link
[INFO] [1756014785.900045708] [robot_state_publisher]: got segment right_forearm_link
[INFO] [1756014785.900048026] [robot_state_publisher]: got segment right_half_arm_1_link
[INFO] [1756014785.900050271] [robot_state_publisher]: got segment right_half_arm_2_link
[INFO] [1756014785.900052443] [robot_state_publisher]: got segment right_shoulder_link
[INFO] [1756014785.900054764] [robot_state_publisher]: got segment right_spherical_wrist_1_link
[INFO] [1756014785.900056962] [robot_state_publisher]: got segment right_spherical_wrist_2_link
[INFO] [1756014785