[INFO] [1755507877.823573783] [robot_state_publisher]: got segment base_link
[INFO] [1755507877.823635196] [robot_state_publisher]: got segment caster_LB_link
[INFO] [1755507877.823640143] [robot_state_publisher]: got segment caster_RB_link
[INFO] [1755507877.823642316] [robot_state_publisher]: got segment connector_link
[INFO] [1755507877.823644294] [robot_state_publisher]: got segment front_camera_accel_frame
[INFO] [1755507877.823646531] [robot_state_publisher]: got segment front_camera_accel_optical_frame
[INFO] [1755507877.823648850] [robot_state_publisher]: got segment front_camera_bottom_screw_frame
[INFO] [1755507877.823651041] [robot_state_publisher]: got segment front_camera_color_frame
[INFO] [1755507877.823653084] [robot_state_publisher]: got segment front_camera_color_optical_frame
[INFO] [1755507877.823655197] [robot_state_publisher]: got segment front_camera_depth_frame
[INFO] [1755507877.823657306] [robot_state_publisher]: got segment front_camera_depth_optical_frame
[INFO] [1755507877.823659364] [robot_state_publisher]: got segment front_camera_gyro_frame
[INFO] [1755507877.823661435] [robot_state_publisher]: got segment front_camera_gyro_optical_frame
[INFO] [1755507877.823663391] [robot_state_publisher]: got segment front_camera_infra1_frame
[INFO] [1755507877.823665334] [robot_state_publisher]: got segment front_camera_infra1_optical_frame
[INFO] [1755507877.823667346] [robot_state_publisher]: got segment front_camera_infra2_frame
[INFO] [1755507877.823669315] [robot_state_publisher]: got segment front_camera_infra2_optical_frame
[INFO] [1755507877.823671317] [robot_state_publisher]: got segment front_camera_link
[INFO] [1755507877.823673414] [robot_state_publisher]: got segment head_camera_accel_frame
[INFO] [1755507877.823675446] [robot_state_publisher]: got segment head_camera_accel_optical_frame
[INFO] [1755507877.823677463] [robot_state_publisher]: got segment head_camera_bottom_screw_frame
[INFO] [1755507877.823679452] [robot_state_publisher]: got segment head_camera_color_frame
[INFO] [1755507877.823681586] [robot_state_publisher]: got segment head_camera_color_optical_frame
[INFO] [1755507877.823683639] [robot_state_publisher]: got segment head_camera_depth_frame
[INFO] [1755507877.823685599] [robot_state_publisher]: got segment head_camera_depth_optical_frame
[INFO] [1755507877.823687582] [robot_state_publisher]: got segment head_camera_gyro_frame
[INFO] [1755507877.823689574] [robot_state_publisher]: got segment head_camera_gyro_optical_frame
[INFO] [1755507877.823691530] [robot_state_publisher]: got segment head_camera_imu_optical_frame
[INFO] [1755507877.823693496] [robot_state_publisher]: got segment head_camera_infra1_frame
[INFO] [1755507877.823695576] [robot_state_publisher]: got segment head_camera_infra1_optical_frame
[INFO] [1755507877.823697588] [robot_state_publisher]: got segment head_camera_infra2_frame
[INFO] [1755507877.823699778] [robot_state_publisher]: got segment head_camera_infra2_optical_frame
[INFO] [1755507877.823701811] [robot_state_publisher]: got segment head_camera_link
[INFO] [1755507877.823704014] [robot_state_publisher]: got segment head_link
[INFO] [1755507877.823706224] [robot_state_publisher]: got segment laser_B_link
[INFO] [1755507877.823708336] [robot_state_publisher]: got segment left_base_link
[INFO] [1755507877.823710405] [robot_state_publisher]: got segment left_bracelet_link
[INFO] [1755507877.823712482] [robot_state_publisher]: got segment left_camera_accel_frame
[INFO] [1755507877.823714597] [robot_state_publisher]: got segment left_camera_accel_optical_frame
[INFO] [1755507877.823716637] [robot_state_publisher]: got segment left_camera_bottom_screw_frame
[INFO] [1755507877.823718638] [robot_state_publisher]: got segment left_camera_bracket_link
[INFO] [1755507877.823720668] [robot_state_publisher]: got segment left_camera_color_frame
[INFO] [1755507877.823722655] [robot_state_publisher]: got segment left_camera_color_optical_frame
[INFO] [1755507877.823724644] [robot_state_publisher]: got segment left_camera_depth_frame
[INFO] [1755507877.823726681] [robot_state_publisher]: got segment left_camera_depth_optical_frame
[INFO] [1755507877.823739922] [robot_state_publisher]: got segment left_camera_gyro_frame
[INFO] [1755507877.823742250] [robot_state_publisher]: got segment left_camera_gyro_optical_frame
[INFO] [1755507877.823744313] [robot_state_publisher]: got segment left_camera_infra1_frame
[INFO] [1755507877.823746284] [robot_state_publisher]: got segment left_camera_infra1_optical_frame
[INFO] [1755507877.823748392] [robot_state_publisher]: got segment left_camera_infra2_frame
[INFO] [1755507877.823750390] [robot_state_publisher]: got segment left_camera_infra2_optical_frame
[INFO] [1755507877.823752471] [robot_state_publisher]: got segment left_camera_link
[INFO] [1755507877.823754514] [robot_state_publisher]: got segment left_end_effector_link
[INFO] [1755507877.823756532] [robot_state_publisher]: got segment left_flange_1_link
[INFO] [1755507877.823758599] [robot_state_publisher]: got segment left_forearm_link
[INFO] [1755507877.823760682] [robot_state_publisher]: got segment left_half_arm_1_link
[INFO] [1755507877.823762829] [robot_state_publisher]: got segment left_half_arm_2_link
[INFO] [1755507877.823764827] [robot_state_publisher]: got segment left_shoulder_link
[INFO] [1755507877.823766873] [robot_state_publisher]: got segment left_spherical_wrist_1_link
[INFO] [1755507877.823768902] [robot_state_publisher]: got segment left_spherical_wrist_2_link
[INFO] [1755507877.823770916] [robot_state_publisher]: got segment left_tool_frame
[INFO] [1755507877.823773019] [robot_state_publisher]: got segment lidar_link
[INFO] [1755507877.823775091] [robot_state_publisher]: got segment livox_frame
[INFO] [1755507877.823777097] [robot_state_publisher]: got segment mic_link
[INFO] [1755507877.823782349] [robot_state_publisher]: got segment right_base_link
[INFO] [1755507877.823784367] [robot_state_publisher]: got segment right_bracelet_link
[INFO] [1755507877.823786421] [robot_state_publisher]: got segment right_camera_accel_frame
[INFO] [1755507877.823788483] [robot_state_publisher]: got segment right_camera_accel_optical_frame
[INFO] [1755507877.823790565] [robot_state_publisher]: got segment right_camera_bottom_screw_frame
[INFO] [1755507877.823792761] [robot_state_publisher]: got segment right_camera_bracket_link
[INFO] [1755507877.823794792] [robot_state_publisher]: got segment right_camera_color_frame
[INFO] [1755507877.823796773] [robot_state_publisher]: got segment right_camera_color_optical_frame
[INFO] [1755507877.823798794] [robot_state_publisher]: got segment right_camera_depth_frame
[INFO] [1755507877.823800814] [robot_state_publisher]: got segment right_camera_depth_optical_frame
[INFO] [1755507877.823802843] [robot_state_publisher]: got segment right_camera_gyro_frame
[INFO] [1755507877.823804833] [robot_state_publisher]: got segment right_camera_gyro_optical_frame
[INFO] [1755507877.823806836] [robot_state_publisher]: got segment right_camera_infra1_frame
[INFO] [1755507877.823808815] [robot_state_publisher]: got segment right_camera_infra1_optical_frame
[INFO] [1755507877.823810859] [robot_state_publisher]: got segment right_camera_infra2_frame
[INFO] [1755507877.823812874] [robot_state_publisher]: got segment right_camera_infra2_optical_frame
[INFO] [1755507877.823814997] [robot_state_publisher]: got segment right_camera_link
[INFO] [1755507877.823817102] [robot_state_publisher]: got segment right_end_effector_link
[INFO] [1755507877.823819213] [robot_state_publisher]: got segment right_flange_1_link
[INFO] [1755507877.823821289] [robot_state_publisher]: got segment right_forearm_link
[INFO] [1755507877.823823336] [robot_state_publisher]: got segment right_half_arm_1_link
[INFO] [1755507877.823825360] [robot_state_publisher]: got segment right_half_arm_2_link
[INFO] [1755507877.823827378] [robot_state_publisher]: got segment right_shoulder_link
[INFO] [1755507877.823829456] [robot_state_publisher]: got segment right_spherical_wrist_1_link
[INFO] [1755507877.823831455] [robot_state_publisher]: got segment right_spherical_wrist_2_link
[INFO] [1755507877