[INFO] [1756027448.542153881] [robot_state_publisher]: got segment base_link
[INFO] [1756027448.542202913] [robot_state_publisher]: got segment caster_LB_link
[INFO] [1756027448.542207379] [robot_state_publisher]: got segment caster_RB_link
[INFO] [1756027448.542209505] [robot_state_publisher]: got segment connector_link
[INFO] [1756027448.542211542] [robot_state_publisher]: got segment front_camera_accel_frame
[INFO] [1756027448.542213740] [robot_state_publisher]: got segment front_camera_accel_optical_frame
[INFO] [1756027448.542216007] [robot_state_publisher]: got segment front_camera_bottom_screw_frame
[INFO] [1756027448.542218106] [robot_state_publisher]: got segment front_camera_color_frame
[INFO] [1756027448.542220170] [robot_state_publisher]: got segment front_camera_color_optical_frame
[INFO] [1756027448.542222505] [robot_state_publisher]: got segment front_camera_depth_frame
[INFO] [1756027448.542224653] [robot_state_publisher]: got segment front_camera_depth_optical_frame
[INFO] [1756027448.542226763] [robot_state_publisher]: got segment front_camera_gyro_frame
[INFO] [1756027448.542228873] [robot_state_publisher]: got segment front_camera_gyro_optical_frame
[INFO] [1756027448.542230995] [robot_state_publisher]: got segment front_camera_infra1_frame
[INFO] [1756027448.542233205] [robot_state_publisher]: got segment front_camera_infra1_optical_frame
[INFO] [1756027448.542235414] [robot_state_publisher]: got segment front_camera_infra2_frame
[INFO] [1756027448.542237527] [robot_state_publisher]: got segment front_camera_infra2_optical_frame
[INFO] [1756027448.542239724] [robot_state_publisher]: got segment front_camera_link
[INFO] [1756027448.542241905] [robot_state_publisher]: got segment head_camera_accel_frame
[INFO] [1756027448.542244024] [robot_state_publisher]: got segment head_camera_accel_optical_frame
[INFO] [1756027448.542246115] [robot_state_publisher]: got segment head_camera_bottom_screw_frame
[INFO] [1756027448.542248154] [robot_state_publisher]: got segment head_camera_color_frame
[INFO] [1756027448.542250195] [robot_state_publisher]: got segment head_camera_color_optical_frame
[INFO] [1756027448.542252198] [robot_state_publisher]: got segment head_camera_depth_frame
[INFO] [1756027448.542254218] [robot_state_publisher]: got segment head_camera_depth_optical_frame
[INFO] [1756027448.542256327] [robot_state_publisher]: got segment head_camera_gyro_frame
[INFO] [1756027448.542258474] [robot_state_publisher]: got segment head_camera_gyro_optical_frame
[INFO] [1756027448.542260515] [robot_state_publisher]: got segment head_camera_imu_optical_frame
[INFO] [1756027448.542262515] [robot_state_publisher]: got segment head_camera_infra1_frame
[INFO] [1756027448.542264558] [robot_state_publisher]: got segment head_camera_infra1_optical_frame
[INFO] [1756027448.542266617] [robot_state_publisher]: got segment head_camera_infra2_frame
[INFO] [1756027448.542268663] [robot_state_publisher]: got segment head_camera_infra2_optical_frame
[INFO] [1756027448.542270747] [robot_state_publisher]: got segment head_camera_link
[INFO] [1756027448.542272828] [robot_state_publisher]: got segment head_link
[INFO] [1756027448.542275012] [robot_state_publisher]: got segment laser_B_link
[INFO] [1756027448.542277208] [robot_state_publisher]: got segment left_base_link
[INFO] [1756027448.542279495] [robot_state_publisher]: got segment left_bracelet_link
[INFO] [1756027448.542281855] [robot_state_publisher]: got segment left_camera_accel_frame
[INFO] [1756027448.542284107] [robot_state_publisher]: got segment left_camera_accel_optical_frame
[INFO] [1756027448.542286351] [robot_state_publisher]: got segment left_camera_bottom_screw_frame
[INFO] [1756027448.542288691] [robot_state_publisher]: got segment left_camera_bracket_link
[INFO] [1756027448.542290952] [robot_state_publisher]: got segment left_camera_color_frame
[INFO] [1756027448.542293215] [robot_state_publisher]: got segment left_camera_color_optical_frame
[INFO] [1756027448.542295447] [robot_state_publisher]: got segment left_camera_depth_frame
[INFO] [1756027448.542297790] [robot_state_publisher]: got segment left_camera_depth_optical_frame
[INFO] [1756027448.542313163] [robot_state_publisher]: got segment left_camera_gyro_frame
[INFO] [1756027448.542315576] [robot_state_publisher]: got segment left_camera_gyro_optical_frame
[INFO] [1756027448.542317852] [robot_state_publisher]: got segment left_camera_infra1_frame
[INFO] [1756027448.542320081] [robot_state_publisher]: got segment left_camera_infra1_optical_frame
[INFO] [1756027448.542322457] [robot_state_publisher]: got segment left_camera_infra2_frame
[INFO] [1756027448.542324705] [robot_state_publisher]: got segment left_camera_infra2_optical_frame
[INFO] [1756027448.542327015] [robot_state_publisher]: got segment left_camera_link
[INFO] [1756027448.542332669] [robot_state_publisher]: got segment left_end_effector_link
[INFO] [1756027448.542334999] [robot_state_publisher]: got segment left_flange_1_link
[INFO] [1756027448.542337308] [robot_state_publisher]: got segment left_forearm_link
[INFO] [1756027448.542339618] [robot_state_publisher]: got segment left_half_arm_1_link
[INFO] [1756027448.542342028] [robot_state_publisher]: got segment left_half_arm_2_link
[INFO] [1756027448.542344246] [robot_state_publisher]: got segment left_shoulder_link
[INFO] [1756027448.542346470] [robot_state_publisher]: got segment left_spherical_wrist_1_link
[INFO] [1756027448.542348780] [robot_state_publisher]: got segment left_spherical_wrist_2_link
[INFO] [1756027448.542351020] [robot_state_publisher]: got segment left_tool_frame
[INFO] [1756027448.542353296] [robot_state_publisher]: got segment lidar_link
[INFO] [1756027448.542355586] [robot_state_publisher]: got segment livox_frame
[INFO] [1756027448.542357902] [robot_state_publisher]: got segment mic_link
[INFO] [1756027448.542360211] [robot_state_publisher]: got segment right_base_link
[INFO] [1756027448.542362484] [robot_state_publisher]: got segment right_bracelet_link
[INFO] [1756027448.542364794] [robot_state_publisher]: got segment right_camera_accel_frame
[INFO] [1756027448.542367096] [robot_state_publisher]: got segment right_camera_accel_optical_frame
[INFO] [1756027448.542369374] [robot_state_publisher]: got segment right_camera_bottom_screw_frame
[INFO] [1756027448.542371743] [robot_state_publisher]: got segment right_camera_bracket_link
[INFO] [1756027448.542374571] [robot_state_publisher]: got segment right_camera_color_frame
[INFO] [1756027448.542376763] [robot_state_publisher]: got segment right_camera_color_optical_frame
[INFO] [1756027448.542379044] [robot_state_publisher]: got segment right_camera_depth_frame
[INFO] [1756027448.542381271] [robot_state_publisher]: got segment right_camera_depth_optical_frame
[INFO] [1756027448.542383543] [robot_state_publisher]: got segment right_camera_gyro_frame
[INFO] [1756027448.542385755] [robot_state_publisher]: got segment right_camera_gyro_optical_frame
[INFO] [1756027448.542388129] [robot_state_publisher]: got segment right_camera_infra1_frame
[INFO] [1756027448.542392081] [robot_state_publisher]: got segment right_camera_infra1_optical_frame
[INFO] [1756027448.542394425] [robot_state_publisher]: got segment right_camera_infra2_frame
[INFO] [1756027448.542396753] [robot_state_publisher]: got segment right_camera_infra2_optical_frame
[INFO] [1756027448.542399076] [robot_state_publisher]: got segment right_camera_link
[INFO] [1756027448.542401488] [robot_state_publisher]: got segment right_end_effector_link
[INFO] [1756027448.542403835] [robot_state_publisher]: got segment right_flange_1_link
[INFO] [1756027448.542406223] [robot_state_publisher]: got segment right_forearm_link
[INFO] [1756027448.542408531] [robot_state_publisher]: got segment right_half_arm_1_link
[INFO] [1756027448.542410853] [robot_state_publisher]: got segment right_half_arm_2_link
[INFO] [1756027448.542413164] [robot_state_publisher]: got segment right_shoulder_link
[INFO] [1756027448.542415574] [robot_state_publisher]: got segment right_spherical_wrist_1_link
[INFO] [1756027448.542417878] [robot_state_publisher]: got segment right_spherical_wrist_2_link
[INFO] [1756027448.542420208] [robot_state_publisher]: got segment right_tool_frame
[INFO] [1756027448.542426217] [robot_state_publisher]: got segment trunk_1_link
[INFO] [1756027448.542428681] [robot_state_publisher]: got segment trunk_2_link
[INFO] [1756027448.542431025] [robot_state_publisher]: got segment trunk_link
[INFO] [1756027448.542433340] [robot_state_publisher]: got segment wheel_LF_link
[INFO] [1756027448.542435820] [robot_state_publisher]: got segment wheel_RF_link
[INFO] [1756051634.882069975] [rclcpp]: signal_handler(signum=2)
