[INFO] [1756261066.044815626] [robot_state_publisher]: got segment base_link
[INFO] [1756261066.044904582] [robot_state_publisher]: got segment caster_LB_link
[INFO] [1756261066.044911647] [robot_state_publisher]: got segment caster_RB_link
[INFO] [1756261066.044915461] [robot_state_publisher]: got segment connector_link
[INFO] [1756261066.044918774] [robot_state_publisher]: got segment front_camera_accel_frame
[INFO] [1756261066.044922458] [robot_state_publisher]: got segment front_camera_accel_optical_frame
[INFO] [1756261066.044926307] [robot_state_publisher]: got segment front_camera_bottom_screw_frame
[INFO] [1756261066.044929824] [robot_state_publisher]: got segment front_camera_color_frame
[INFO] [1756261066.044933620] [robot_state_publisher]: got segment front_camera_color_optical_frame
[INFO] [1756261066.044937153] [robot_state_publisher]: got segment front_camera_depth_frame
[INFO] [1756261066.044940581] [robot_state_publisher]: got segment front_camera_depth_optical_frame
[INFO] [1756261066.044944008] [robot_state_publisher]: got segment front_camera_gyro_frame
[INFO] [1756261066.044947447] [robot_state_publisher]: got segment front_camera_gyro_optical_frame
[INFO] [1756261066.044950778] [robot_state_publisher]: got segment front_camera_infra1_frame
[INFO] [1756261066.044954126] [robot_state_publisher]: got segment front_camera_infra1_optical_frame
[INFO] [1756261066.044957745] [robot_state_publisher]: got segment front_camera_infra2_frame
[INFO] [1756261066.044961059] [robot_state_publisher]: got segment front_camera_infra2_optical_frame
[INFO] [1756261066.044964430] [robot_state_publisher]: got segment front_camera_link
[INFO] [1756261066.044967917] [robot_state_publisher]: got segment head_camera_accel_frame
[INFO] [1756261066.044971179] [robot_state_publisher]: got segment head_camera_accel_optical_frame
[INFO] [1756261066.044974519] [robot_state_publisher]: got segment head_camera_bottom_screw_frame
[INFO] [1756261066.044977823] [robot_state_publisher]: got segment head_camera_color_frame
[INFO] [1756261066.044981188] [robot_state_publisher]: got segment head_camera_color_optical_frame
[INFO] [1756261066.044984412] [robot_state_publisher]: got segment head_camera_depth_frame
[INFO] [1756261066.044987683] [robot_state_publisher]: got segment head_camera_depth_optical_frame
[INFO] [1756261066.044990975] [robot_state_publisher]: got segment head_camera_gyro_frame
[INFO] [1756261066.044994304] [robot_state_publisher]: got segment head_camera_gyro_optical_frame
[INFO] [1756261066.044997589] [robot_state_publisher]: got segment head_camera_imu_optical_frame
[INFO] [1756261066.045000836] [robot_state_publisher]: got segment head_camera_infra1_frame
[INFO] [1756261066.045004073] [robot_state_publisher]: got segment head_camera_infra1_optical_frame
[INFO] [1756261066.045007428] [robot_state_publisher]: got segment head_camera_infra2_frame
[INFO] [1756261066.045010656] [robot_state_publisher]: got segment head_camera_infra2_optical_frame
[INFO] [1756261066.045013980] [robot_state_publisher]: got segment head_camera_link
[INFO] [1756261066.045017307] [robot_state_publisher]: got segment head_link
[INFO] [1756261066.045020883] [robot_state_publisher]: got segment laser_B_link
[INFO] [1756261066.045024389] [robot_state_publisher]: got segment left_base_link
[INFO] [1756261066.045027953] [robot_state_publisher]: got segment left_bracelet_link
[INFO] [1756261066.045031344] [robot_state_publisher]: got segment left_camera_accel_frame
[INFO] [1756261066.045034894] [robot_state_publisher]: got segment left_camera_accel_optical_frame
[INFO] [1756261066.045038363] [robot_state_publisher]: got segment left_camera_bottom_screw_frame
[INFO] [1756261066.045041684] [robot_state_publisher]: got segment left_camera_bracket_link
[INFO] [1756261066.045045115] [robot_state_publisher]: got segment left_camera_color_frame
[INFO] [1756261066.045048318] [robot_state_publisher]: got segment left_camera_color_optical_frame
[INFO] [1756261066.045051630] [robot_state_publisher]: got segment left_camera_depth_frame
[INFO] [1756261066.045054897] [robot_state_publisher]: got segment left_camera_depth_optical_frame
[INFO] [1756261066.045080148] [robot_state_publisher]: got segment left_camera_gyro_frame
[INFO] [1756261066.045083695] [robot_state_publisher]: got segment left_camera_gyro_optical_frame
[INFO] [1756261066.045087068] [robot_state_publisher]: got segment left_camera_infra1_frame
[INFO] [1756261066.045090350] [robot_state_publisher]: got segment left_camera_infra1_optical_frame
[INFO] [1756261066.045093794] [robot_state_publisher]: got segment left_camera_infra2_frame
[INFO] [1756261066.045097068] [robot_state_publisher]: got segment left_camera_infra2_optical_frame
[INFO] [1756261066.045100414] [robot_state_publisher]: got segment left_camera_link
[INFO] [1756261066.045103796] [robot_state_publisher]: got segment left_end_effector_link
[INFO] [1756261066.045107114] [robot_state_publisher]: got segment left_flange_1_link
[INFO] [1756261066.045110627] [robot_state_publisher]: got segment left_forearm_link
[INFO] [1756261066.045114119] [robot_state_publisher]: got segment left_half_arm_1_link
[INFO] [1756261066.045117621] [robot_state_publisher]: got segment left_half_arm_2_link
[INFO] [1756261066.045120815] [robot_state_publisher]: got segment left_shoulder_link
[INFO] [1756261066.045124158] [robot_state_publisher]: got segment left_spherical_wrist_1_link
[INFO] [1756261066.045127494] [robot_state_publisher]: got segment left_spherical_wrist_2_link
[INFO] [1756261066.045130726] [robot_state_publisher]: got segment left_tool_frame
[INFO] [1756261066.045134163] [robot_state_publisher]: got segment lidar_link
[INFO] [1756261066.045137594] [robot_state_publisher]: got segment livox_frame
[INFO] [1756261066.045140923] [robot_state_publisher]: got segment mic_link
[INFO] [1756261066.045144259] [robot_state_publisher]: got segment right_base_link
[INFO] [1756261066.045147599] [robot_state_publisher]: got segment right_bracelet_link
[INFO] [1756261066.045150948] [robot_state_publisher]: got segment right_camera_accel_frame
[INFO] [1756261066.045154311] [robot_state_publisher]: got segment right_camera_accel_optical_frame
[INFO] [1756261066.045157617] [robot_state_publisher]: got segment right_camera_bottom_screw_frame
[INFO] [1756261066.045161036] [robot_state_publisher]: got segment right_camera_bracket_link
[INFO] [1756261066.045164264] [robot_state_publisher]: got segment right_camera_color_frame
[INFO] [1756261066.045167531] [robot_state_publisher]: got segment right_camera_color_optical_frame
[INFO] [1756261066.045171102] [robot_state_publisher]: got segment right_camera_depth_frame
[INFO] [1756261066.045174366] [robot_state_publisher]: got segment right_camera_depth_optical_frame
[INFO] [1756261066.045177766] [robot_state_publisher]: got segment right_camera_gyro_frame
[INFO] [1756261066.045180984] [robot_state_publisher]: got segment right_camera_gyro_optical_frame
[INFO] [1756261066.045184247] [robot_state_publisher]: got segment right_camera_infra1_frame
[INFO] [1756261066.045187476] [robot_state_publisher]: got segment right_camera_infra1_optical_frame
[INFO] [1756261066.045190745] [robot_state_publisher]: got segment right_camera_infra2_frame
[INFO] [1756261066.045193962] [robot_state_publisher]: got segment right_camera_infra2_optical_frame
[INFO] [1756261066.045197217] [robot_state_publisher]: got segment right_camera_link
[INFO] [1756261066.045200654] [robot_state_publisher]: got segment right_end_effector_link
[INFO] [1756261066.045205061] [robot_state_publisher]: got segment right_flange_1_link
[INFO] [1756261066.045208540] [robot_state_publisher]: got segment right_forearm_link
[INFO] [1756261066.045211804] [robot_state_publisher]: got segment right_half_arm_1_link
[INFO] [1756261066.045215127] [robot_state_publisher]: got segment right_half_arm_2_link
[INFO] [1756261066.045218375] [robot_state_publisher]: got segment right_shoulder_link
[INFO] [1756261066.045221769] [robot_state_publisher]: got segment right_spherical_wrist_1_link
[INFO] [1756261066.045226317] [robot_state_publisher]: got segment right_spherical_wrist_2_link
[INFO] [1756261066.045230968] [robot_state_publisher]: got segment right_tool_frame
[INFO] [1756261066.045242633] [robot_state_publisher]: got segment trunk_1_link
[INFO] [1756261066.045246228] [robot_state_publisher]: got segment trunk_2_link
[INFO] [1756261066.045249492] [robot_state_publisher]: got segment trunk_link
[INFO] [1756261066.045252803] [robot_state_publisher]: got segment wheel_LF_link
[INFO] [1756261066.045256071] [robot_state_publisher]: got segment wheel_RF_link
[INFO] [1756261154.515329331] [rclcpp]: signal_handler(signum=2)
