[INFO] [1756483686.459605869] [robot_state_publisher]: got segment base_link
[INFO] [1756483686.459667799] [robot_state_publisher]: got segment caster_LB_link
[INFO] [1756483686.459672463] [robot_state_publisher]: got segment caster_RB_link
[INFO] [1756483686.459674640] [robot_state_publisher]: got segment connector_link
[INFO] [1756483686.459676832] [robot_state_publisher]: got segment front_camera_accel_frame
[INFO] [1756483686.459679264] [robot_state_publisher]: got segment front_camera_accel_optical_frame
[INFO] [1756483686.459681578] [robot_state_publisher]: got segment front_camera_bottom_screw_frame
[INFO] [1756483686.459683631] [robot_state_publisher]: got segment front_camera_color_frame
[INFO] [1756483686.459685776] [robot_state_publisher]: got segment front_camera_color_optical_frame
[INFO] [1756483686.459687929] [robot_state_publisher]: got segment front_camera_depth_frame
[INFO] [1756483686.459690010] [robot_state_publisher]: got segment front_camera_depth_optical_frame
[INFO] [1756483686.459692103] [robot_state_publisher]: got segment front_camera_gyro_frame
[INFO] [1756483686.459694260] [robot_state_publisher]: got segment front_camera_gyro_optical_frame
[INFO] [1756483686.459696413] [robot_state_publisher]: got segment front_camera_infra1_frame
[INFO] [1756483686.459698437] [robot_state_publisher]: got segment front_camera_infra1_optical_frame
[INFO] [1756483686.459700566] [robot_state_publisher]: got segment front_camera_infra2_frame
[INFO] [1756483686.459702788] [robot_state_publisher]: got segment front_camera_infra2_optical_frame
[INFO] [1756483686.459704811] [robot_state_publisher]: got segment front_camera_link
[INFO] [1756483686.459707000] [robot_state_publisher]: got segment head_camera_accel_frame
[INFO] [1756483686.459709034] [robot_state_publisher]: got segment head_camera_accel_optical_frame
[INFO] [1756483686.459711096] [robot_state_publisher]: got segment head_camera_bottom_screw_frame
[INFO] [1756483686.459713235] [robot_state_publisher]: got segment head_camera_color_frame
[INFO] [1756483686.459716365] [robot_state_publisher]: got segment head_camera_color_optical_frame
[INFO] [1756483686.459718406] [robot_state_publisher]: got segment head_camera_depth_frame
[INFO] [1756483686.459720387] [robot_state_publisher]: got segment head_camera_depth_optical_frame
[INFO] [1756483686.459722394] [robot_state_publisher]: got segment head_camera_gyro_frame
[INFO] [1756483686.459724403] [robot_state_publisher]: got segment head_camera_gyro_optical_frame
[INFO] [1756483686.459726421] [robot_state_publisher]: got segment head_camera_imu_optical_frame
[INFO] [1756483686.459728450] [robot_state_publisher]: got segment head_camera_infra1_frame
[INFO] [1756483686.459730474] [robot_state_publisher]: got segment head_camera_infra1_optical_frame
[INFO] [1756483686.459732475] [robot_state_publisher]: got segment head_camera_infra2_frame
[INFO] [1756483686.459734441] [robot_state_publisher]: got segment head_camera_infra2_optical_frame
[INFO] [1756483686.459736452] [robot_state_publisher]: got segment head_camera_link
[INFO] [1756483686.459738584] [robot_state_publisher]: got segment head_link
[INFO] [1756483686.459740748] [robot_state_publisher]: got segment laser_B_link
[INFO] [1756483686.459742867] [robot_state_publisher]: got segment left_base_link
[INFO] [1756483686.459744876] [robot_state_publisher]: got segment left_bracelet_link
[INFO] [1756483686.459746978] [robot_state_publisher]: got segment left_camera_accel_frame
[INFO] [1756483686.459749018] [robot_state_publisher]: got segment left_camera_accel_optical_frame
[INFO] [1756483686.459750975] [robot_state_publisher]: got segment left_camera_bottom_screw_frame
[INFO] [1756483686.459753048] [robot_state_publisher]: got segment left_camera_bracket_link
[INFO] [1756483686.459755007] [robot_state_publisher]: got segment left_camera_color_frame
[INFO] [1756483686.459756980] [robot_state_publisher]: got segment left_camera_color_optical_frame
[INFO] [1756483686.459758998] [robot_state_publisher]: got segment left_camera_depth_frame
[INFO] [1756483686.459760997] [robot_state_publisher]: got segment left_camera_depth_optical_frame
[INFO] [1756483686.459772551] [robot_state_publisher]: got segment left_camera_gyro_frame
[INFO] [1756483686.459774681] [robot_state_publisher]: got segment left_camera_gyro_optical_frame
[INFO] [1756483686.459776685] [robot_state_publisher]: got segment left_camera_infra1_frame
[INFO] [1756483686.459778672] [robot_state_publisher]: got segment left_camera_infra1_optical_frame
[INFO] [1756483686.459780663] [robot_state_publisher]: got segment left_camera_infra2_frame
[INFO] [1756483686.459782612] [robot_state_publisher]: got segment left_camera_infra2_optical_frame
[INFO] [1756483686.459784639] [robot_state_publisher]: got segment left_camera_link
[INFO] [1756483686.459786641] [robot_state_publisher]: got segment left_end_effector_link
[INFO] [1756483686.459788584] [robot_state_publisher]: got segment left_flange_1_link
[INFO] [1756483686.459790617] [robot_state_publisher]: got segment left_forearm_link
[INFO] [1756483686.459792646] [robot_state_publisher]: got segment left_half_arm_1_link
[INFO] [1756483686.459794759] [robot_state_publisher]: got segment left_half_arm_2_link
[INFO] [1756483686.459796734] [robot_state_publisher]: got segment left_shoulder_link
[INFO] [1756483686.459798731] [robot_state_publisher]: got segment left_spherical_wrist_1_link
[INFO] [1756483686.459800772] [robot_state_publisher]: got segment left_spherical_wrist_2_link
[INFO] [1756483686.459802693] [robot_state_publisher]: got segment left_tool_frame
[INFO] [1756483686.459804783] [robot_state_publisher]: got segment lidar_link
[INFO] [1756483686.459806849] [robot_state_publisher]: got segment livox_frame
[INFO] [1756483686.459808937] [robot_state_publisher]: got segment mic_link
[INFO] [1756483686.459810974] [robot_state_publisher]: got segment right_base_link
[INFO] [1756483686.459812979] [robot_state_publisher]: got segment right_bracelet_link
[INFO] [1756483686.459815787] [robot_state_publisher]: got segment right_camera_accel_frame
[INFO] [1756483686.459817798] [robot_state_publisher]: got segment right_camera_accel_optical_frame
[INFO] [1756483686.459819931] [robot_state_publisher]: got segment right_camera_bottom_screw_frame
[INFO] [1756483686.459822052] [robot_state_publisher]: got segment right_camera_bracket_link
[INFO] [1756483686.459824039] [robot_state_publisher]: got segment right_camera_color_frame
[INFO] [1756483686.459825978] [robot_state_publisher]: got segment right_camera_color_optical_frame
[INFO] [1756483686.459828045] [robot_state_publisher]: got segment right_camera_depth_frame
[INFO] [1756483686.459829986] [robot_state_publisher]: got segment right_camera_depth_optical_frame
[INFO] [1756483686.459831958] [robot_state_publisher]: got segment right_camera_gyro_frame
[INFO] [1756483686.459833898] [robot_state_publisher]: got segment right_camera_gyro_optical_frame
[INFO] [1756483686.459835859] [robot_state_publisher]: got segment right_camera_infra1_frame
[INFO] [1756483686.459837785] [robot_state_publisher]: got segment right_camera_infra1_optical_frame
[INFO] [1756483686.459839758] [robot_state_publisher]: got segment right_camera_infra2_frame
[INFO] [1756483686.459841682] [robot_state_publisher]: got segment right_camera_infra2_optical_frame
[INFO] [1756483686.459843697] [robot_state_publisher]: got segment right_camera_link
[INFO] [1756483686.459845744] [robot_state_publisher]: got segment right_end_effector_link
[INFO] [1756483686.459847727] [robot_state_publisher]: got segment right_flange_1_link
[INFO] [1756483686.459849785] [robot_state_publisher]: got segment right_forearm_link
[INFO] [1756483686.459851774] [robot_state_publisher]: got segment right_half_arm_1_link
[INFO] [1756483686.459853768] [robot_state_publisher]: got segment right_half_arm_2_link
[INFO] [1756483686.459855708] [robot_state_publisher]: got segment right_shoulder_link
[INFO] [1756483686.459857728] [robot_state_publisher]: got segment right_spherical_wrist_1_link
[INFO] [1756483686.459859816] [robot_state_publisher]: got segment right_spherical_wrist_2_link
[INFO] [1756483686