[INFO] [1756530603.933518402] [robot_state_publisher]: got segment base_link
[INFO] [1756530603.933580891] [robot_state_publisher]: got segment caster_LB_link
[INFO] [1756530603.933586146] [robot_state_publisher]: got segment caster_RB_link
[INFO] [1756530603.933588472] [robot_state_publisher]: got segment connector_link
[INFO] [1756530603.933591438] [robot_state_publisher]: got segment front_camera_accel_frame
[INFO] [1756530603.933595231] [robot_state_publisher]: got segment front_camera_accel_optical_frame
[INFO] [1756530603.933598489] [robot_state_publisher]: got segment front_camera_bottom_screw_frame
[INFO] [1756530603.933600793] [robot_state_publisher]: got segment front_camera_color_frame
[INFO] [1756530603.933603045] [robot_state_publisher]: got segment front_camera_color_optical_frame
[INFO] [1756530603.933605265] [robot_state_publisher]: got segment front_camera_depth_frame
[INFO] [1756530603.933607574] [robot_state_publisher]: got segment front_camera_depth_optical_frame
[INFO] [1756530603.933609743] [robot_state_publisher]: got segment front_camera_gyro_frame
[INFO] [1756530603.933611966] [robot_state_publisher]: got segment front_camera_gyro_optical_frame
[INFO] [1756530603.933614223] [robot_state_publisher]: got segment front_camera_infra1_frame
[INFO] [1756530603.933616368] [robot_state_publisher]: got segment front_camera_infra1_optical_frame
[INFO] [1756530603.933618596] [robot_state_publisher]: got segment front_camera_infra2_frame
[INFO] [1756530603.933620721] [robot_state_publisher]: got segment front_camera_infra2_optical_frame
[INFO] [1756530603.933622953] [robot_state_publisher]: got segment front_camera_link
[INFO] [1756530603.933625195] [robot_state_publisher]: got segment head_camera_accel_frame
[INFO] [1756530603.933627363] [robot_state_publisher]: got segment head_camera_accel_optical_frame
[INFO] [1756530603.933629525] [robot_state_publisher]: got segment head_camera_bottom_screw_frame
[INFO] [1756530603.933631629] [robot_state_publisher]: got segment head_camera_color_frame
[INFO] [1756530603.933633772] [robot_state_publisher]: got segment head_camera_color_optical_frame
[INFO] [1756530603.933635880] [robot_state_publisher]: got segment head_camera_depth_frame
[INFO] [1756530603.933638184] [robot_state_publisher]: got segment head_camera_depth_optical_frame
[INFO] [1756530603.933640283] [robot_state_publisher]: got segment head_camera_gyro_frame
[INFO] [1756530603.933642436] [robot_state_publisher]: got segment head_camera_gyro_optical_frame
[INFO] [1756530603.933644520] [robot_state_publisher]: got segment head_camera_imu_optical_frame
[INFO] [1756530603.933646630] [robot_state_publisher]: got segment head_camera_infra1_frame
[INFO] [1756530603.933648934] [robot_state_publisher]: got segment head_camera_infra1_optical_frame
[INFO] [1756530603.933651064] [robot_state_publisher]: got segment head_camera_infra2_frame
[INFO] [1756530603.933653252] [robot_state_publisher]: got segment head_camera_infra2_optical_frame
[INFO] [1756530603.933655352] [robot_state_publisher]: got segment head_camera_link
[INFO] [1756530603.933657555] [robot_state_publisher]: got segment head_link
[INFO] [1756530603.933659854] [robot_state_publisher]: got segment laser_B_link
[INFO] [1756530603.933662107] [robot_state_publisher]: got segment left_base_link
[INFO] [1756530603.933664310] [robot_state_publisher]: got segment left_bracelet_link
[INFO] [1756530603.933666610] [robot_state_publisher]: got segment left_camera_accel_frame
[INFO] [1756530603.933668785] [robot_state_publisher]: got segment left_camera_accel_optical_frame
[INFO] [1756530603.933670965] [robot_state_publisher]: got segment left_camera_bottom_screw_frame
[INFO] [1756530603.933673277] [robot_state_publisher]: got segment left_camera_bracket_link
[INFO] [1756530603.933675574] [robot_state_publisher]: got segment left_camera_color_frame
[INFO] [1756530603.933677951] [robot_state_publisher]: got segment left_camera_color_optical_frame
[INFO] [1756530603.933680192] [robot_state_publisher]: got segment left_camera_depth_frame
[INFO] [1756530603.933682458] [robot_state_publisher]: got segment left_camera_depth_optical_frame
[INFO] [1756530603.933698191] [robot_state_publisher]: got segment left_camera_gyro_frame
[INFO] [1756530603.933700635] [robot_state_publisher]: got segment left_camera_gyro_optical_frame
[INFO] [1756530603.933702873] [robot_state_publisher]: got segment left_camera_infra1_frame
[INFO] [1756530603.933705127] [robot_state_publisher]: got segment left_camera_infra1_optical_frame
[INFO] [1756530603.933707380] [robot_state_publisher]: got segment left_camera_infra2_frame
[INFO] [1756530603.933709658] [robot_state_publisher]: got segment left_camera_infra2_optical_frame
[INFO] [1756530603.933711964] [robot_state_publisher]: got segment left_camera_link
[INFO] [1756530603.933714325] [robot_state_publisher]: got segment left_end_effector_link
[INFO] [1756530603.933716559] [robot_state_publisher]: got segment left_flange_1_link
[INFO] [1756530603.933718913] [robot_state_publisher]: got segment left_forearm_link
[INFO] [1756530603.933721255] [robot_state_publisher]: got segment left_half_arm_1_link
[INFO] [1756530603.933723638] [robot_state_publisher]: got segment left_half_arm_2_link
[INFO] [1756530603.933725914] [robot_state_publisher]: got segment left_shoulder_link
[INFO] [1756530603.933728184] [robot_state_publisher]: got segment left_spherical_wrist_1_link
[INFO] [1756530603.933730433] [robot_state_publisher]: got segment left_spherical_wrist_2_link
[INFO] [1756530603.933732689] [robot_state_publisher]: got segment left_tool_frame
[INFO] [1756530603.933735030] [robot_state_publisher]: got segment lidar_link
[INFO] [1756530603.933737362] [robot_state_publisher]: got segment livox_frame
[INFO] [1756530603.933739682] [robot_state_publisher]: got segment mic_link
[INFO] [1756530603.933741967] [robot_state_publisher]: got segment right_base_link
[INFO] [1756530603.933744208] [robot_state_publisher]: got segment right_bracelet_link
[INFO] [1756530603.933746531] [robot_state_publisher]: got segment right_camera_accel_frame
[INFO] [1756530603.933748794] [robot_state_publisher]: got segment right_camera_accel_optical_frame
[INFO] [1756530603.933751070] [robot_state_publisher]: got segment right_camera_bottom_screw_frame
[INFO] [1756530603.933753417] [robot_state_publisher]: got segment right_camera_bracket_link
[INFO] [1756530603.933755638] [robot_state_publisher]: got segment right_camera_color_frame
[INFO] [1756530603.933757858] [robot_state_publisher]: got segment right_camera_color_optical_frame
[INFO] [1756530603.933760132] [robot_state_publisher]: got segment right_camera_depth_frame
[INFO] [1756530603.933762507] [robot_state_publisher]: got segment right_camera_depth_optical_frame
[INFO] [1756530603.933765372] [robot_state_publisher]: got segment right_camera_gyro_frame
[INFO] [1756530603.933767659] [robot_state_publisher]: got segment right_camera_gyro_optical_frame
[INFO] [1756530603.933769885] [robot_state_publisher]: got segment right_camera_infra1_frame
[INFO] [1756530603.933772098] [robot_state_publisher]: got segment right_camera_infra1_optical_frame
[INFO] [1756530603.933774390] [robot_state_publisher]: got segment right_camera_infra2_frame
[INFO] [1756530603.933777685] [robot_state_publisher]: got segment right_camera_infra2_optical_frame
[INFO] [1756530603.933779932] [robot_state_publisher]: got segment right_camera_link
[INFO] [1756530603.933782029] [robot_state_publisher]: got segment right_end_effector_link
[INFO] [1756530603.933784064] [robot_state_publisher]: got segment right_flange_1_link
[INFO] [1756530603.933786236] [robot_state_publisher]: got segment right_forearm_link
[INFO] [1756530603.933788313] [robot_state_publisher]: got segment right_half_arm_1_link
[INFO] [1756530603.933790395] [robot_state_publisher]: got segment right_half_arm_2_link
[INFO] [1756530603.933792426] [robot_state_publisher]: got segment right_shoulder_link
[INFO] [1756530603.933794510] [robot_state_publisher]: got segment right_spherical_wrist_1_link
[INFO] [1756530603.933796513] [robot_state_publisher]: got segment right_spherical_wrist_2_link
[INFO] [1756530603