[INFO] [1756709157.499711381] [robot_state_publisher]: got segment base_link
[INFO] [1756709157.499791681] [robot_state_publisher]: got segment caster_LB_link
[INFO] [1756709157.499797504] [robot_state_publisher]: got segment caster_RB_link
[INFO] [1756709157.499800471] [robot_state_publisher]: got segment connector_link
[INFO] [1756709157.499803099] [robot_state_publisher]: got segment front_camera_accel_frame
[INFO] [1756709157.499806047] [robot_state_publisher]: got segment front_camera_accel_optical_frame
[INFO] [1756709157.499808822] [robot_state_publisher]: got segment front_camera_bottom_screw_frame
[INFO] [1756709157.499811723] [robot_state_publisher]: got segment front_camera_color_frame
[INFO] [1756709157.499814327] [robot_state_publisher]: got segment front_camera_color_optical_frame
[INFO] [1756709157.499818798] [robot_state_publisher]: got segment front_camera_depth_frame
[INFO] [1756709157.499823284] [robot_state_publisher]: got segment front_camera_depth_optical_frame
[INFO] [1756709157.499827578] [robot_state_publisher]: got segment front_camera_gyro_frame
[INFO] [1756709157.499830370] [robot_state_publisher]: got segment front_camera_gyro_optical_frame
[INFO] [1756709157.499832884] [robot_state_publisher]: got segment front_camera_infra1_frame
[INFO] [1756709157.499835451] [robot_state_publisher]: got segment front_camera_infra1_optical_frame
[INFO] [1756709157.499838074] [robot_state_publisher]: got segment front_camera_infra2_frame
[INFO] [1756709157.499840569] [robot_state_publisher]: got segment front_camera_infra2_optical_frame
[INFO] [1756709157.499843129] [robot_state_publisher]: got segment front_camera_link
[INFO] [1756709157.499845866] [robot_state_publisher]: got segment head_camera_accel_frame
[INFO] [1756709157.499848427] [robot_state_publisher]: got segment head_camera_accel_optical_frame
[INFO] [1756709157.499850964] [robot_state_publisher]: got segment head_camera_bottom_screw_frame
[INFO] [1756709157.499853510] [robot_state_publisher]: got segment head_camera_color_frame
[INFO] [1756709157.499856024] [robot_state_publisher]: got segment head_camera_color_optical_frame
[INFO] [1756709157.499858498] [robot_state_publisher]: got segment head_camera_depth_frame
[INFO] [1756709157.499862302] [robot_state_publisher]: got segment head_camera_depth_optical_frame
[INFO] [1756709157.499866779] [robot_state_publisher]: got segment head_camera_gyro_frame
[INFO] [1756709157.499869591] [robot_state_publisher]: got segment head_camera_gyro_optical_frame
[INFO] [1756709157.499872069] [robot_state_publisher]: got segment head_camera_imu_optical_frame
[INFO] [1756709157.499874580] [robot_state_publisher]: got segment head_camera_infra1_frame
[INFO] [1756709157.499877161] [robot_state_publisher]: got segment head_camera_infra1_optical_frame
[INFO] [1756709157.499879729] [robot_state_publisher]: got segment head_camera_infra2_frame
[INFO] [1756709157.499882238] [robot_state_publisher]: got segment head_camera_infra2_optical_frame
[INFO] [1756709157.499884845] [robot_state_publisher]: got segment head_camera_link
[INFO] [1756709157.499887471] [robot_state_publisher]: got segment head_link
[INFO] [1756709157.499890246] [robot_state_publisher]: got segment laser_B_link
[INFO] [1756709157.499892877] [robot_state_publisher]: got segment left_base_link
[INFO] [1756709157.499895479] [robot_state_publisher]: got segment left_bracelet_link
[INFO] [1756709157.499898320] [robot_state_publisher]: got segment left_camera_accel_frame
[INFO] [1756709157.499901443] [robot_state_publisher]: got segment left_camera_accel_optical_frame
[INFO] [1756709157.499906138] [robot_state_publisher]: got segment left_camera_bottom_screw_frame
[INFO] [1756709157.499909529] [robot_state_publisher]: got segment left_camera_bracket_link
[INFO] [1756709157.499912119] [robot_state_publisher]: got segment left_camera_color_frame
[INFO] [1756709157.499914715] [robot_state_publisher]: got segment left_camera_color_optical_frame
[INFO] [1756709157.499917289] [robot_state_publisher]: got segment left_camera_depth_frame
[INFO] [1756709157.499919845] [robot_state_publisher]: got segment left_camera_depth_optical_frame
[INFO] [1756709157.499937279] [robot_state_publisher]: got segment left_camera_gyro_frame
[INFO] [1756709157.499940374] [robot_state_publisher]: got segment left_camera_gyro_optical_frame
[INFO] [1756709157.499945091] [robot_state_publisher]: got segment left_camera_infra1_frame
[INFO] [1756709157.499948582] [robot_state_publisher]: got segment left_camera_infra1_optical_frame
[INFO] [1756709157.499951281] [robot_state_publisher]: got segment left_camera_infra2_frame
[INFO] [1756709157.499953817] [robot_state_publisher]: got segment left_camera_infra2_optical_frame
[INFO] [1756709157.499956413] [robot_state_publisher]: got segment left_camera_link
[INFO] [1756709157.499960330] [robot_state_publisher]: got segment left_end_effector_link
[INFO] [1756709157.499962915] [robot_state_publisher]: got segment left_flange_1_link
[INFO] [1756709157.499965536] [robot_state_publisher]: got segment left_forearm_link
[INFO] [1756709157.499968202] [robot_state_publisher]: got segment left_half_arm_1_link
[INFO] [1756709157.499970975] [robot_state_publisher]: got segment left_half_arm_2_link
[INFO] [1756709157.499973486] [robot_state_publisher]: got segment left_shoulder_link
[INFO] [1756709157.499976057] [robot_state_publisher]: got segment left_spherical_wrist_1_link
[INFO] [1756709157.499978633] [robot_state_publisher]: got segment left_spherical_wrist_2_link
[INFO] [1756709157.499981139] [robot_state_publisher]: got segment left_tool_frame
[INFO] [1756709157.499983747] [robot_state_publisher]: got segment lidar_link
[INFO] [1756709157.499988335] [robot_state_publisher]: got segment livox_frame
[INFO] [1756709157.499993135] [robot_state_publisher]: got segment mic_link
[INFO] [1756709157.499997140] [robot_state_publisher]: got segment right_base_link
[INFO] [1756709157.499999790] [robot_state_publisher]: got segment right_bracelet_link
[INFO] [1756709157.500002390] [robot_state_publisher]: got segment right_camera_accel_frame
[INFO] [1756709157.500005001] [robot_state_publisher]: got segment right_camera_accel_optical_frame
[INFO] [1756709157.500007689] [robot_state_publisher]: got segment right_camera_bottom_screw_frame
[INFO] [1756709157.500010386] [robot_state_publisher]: got segment right_camera_bracket_link
[INFO] [1756709157.500012910] [robot_state_publisher]: got segment right_camera_color_frame
[INFO] [1756709157.500015424] [robot_state_publisher]: got segment right_camera_color_optical_frame
[INFO] [1756709157.500018038] [robot_state_publisher]: got segment right_camera_depth_frame
[INFO] [1756709157.500020556] [robot_state_publisher]: got segment right_camera_depth_optical_frame
[INFO] [1756709157.500023132] [robot_state_publisher]: got segment right_camera_gyro_frame
[INFO] [1756709157.500025617] [robot_state_publisher]: got segment right_camera_gyro_optical_frame
[INFO] [1756709157.500028136] [robot_state_publisher]: got segment right_camera_infra1_frame
[INFO] [1756709157.500031181] [robot_state_publisher]: got segment right_camera_infra1_optical_frame
[INFO] [1756709157.500035792] [robot_state_publisher]: got segment right_camera_infra2_frame
[INFO] [1756709157.500039603] [robot_state_publisher]: got segment right_camera_infra2_optical_frame
[INFO] [1756709157.500042299] [robot_state_publisher]: got segment right_camera_link
[INFO] [1756709157.500044985] [robot_state_publisher]: got segment right_end_effector_link
[INFO] [1756709157.500047527] [robot_state_publisher]: got segment right_flange_1_link
[INFO] [1756709157.500050177] [robot_state_publisher]: got segment right_forearm_link
[INFO] [1756709157.500052765] [robot_state_publisher]: got segment right_half_arm_1_link
[INFO] [1756709157.500055268] [robot_state_publisher]: got segment right_half_arm_2_link
[INFO] [1756709157.500057784] [robot_state_publisher]: got segment right_shoulder_link
[INFO] [1756709157.500060446] [robot_state_publisher]: got segment right_spherical_wrist_1_link
[INFO] [1756709157.500062980] [robot_state_publisher]: got segment right_spherical_wrist_2_link
[INFO] [1756709157