[INFO] [1756085363.122219893] [robot_state_publisher]: got segment base_link
[INFO] [1756085363.122290583] [robot_state_publisher]: got segment caster_LB_link
[INFO] [1756085363.122295296] [robot_state_publisher]: got segment caster_RB_link
[INFO] [1756085363.122297682] [robot_state_publisher]: got segment connector_link
[INFO] [1756085363.122300014] [robot_state_publisher]: got segment front_camera_accel_frame
[INFO] [1756085363.122302522] [robot_state_publisher]: got segment front_camera_accel_optical_frame
[INFO] [1756085363.122304965] [robot_state_publisher]: got segment front_camera_bottom_screw_frame
[INFO] [1756085363.122326715] [robot_state_publisher]: got segment front_camera_color_frame
[INFO] [1756085363.122329174] [robot_state_publisher]: got segment front_camera_color_optical_frame
[INFO] [1756085363.122331587] [robot_state_publisher]: got segment front_camera_depth_frame
[INFO] [1756085363.122333810] [robot_state_publisher]: got segment front_camera_depth_optical_frame
[INFO] [1756085363.122336004] [robot_state_publisher]: got segment front_camera_gyro_frame
[INFO] [1756085363.122338264] [robot_state_publisher]: got segment front_camera_gyro_optical_frame
[INFO] [1756085363.122340450] [robot_state_publisher]: got segment front_camera_infra1_frame
[INFO] [1756085363.122342664] [robot_state_publisher]: got segment front_camera_infra1_optical_frame
[INFO] [1756085363.122344914] [robot_state_publisher]: got segment front_camera_infra2_frame
[INFO] [1756085363.122347058] [robot_state_publisher]: got segment front_camera_infra2_optical_frame
[INFO] [1756085363.122349223] [robot_state_publisher]: got segment front_camera_link
[INFO] [1756085363.122351542] [robot_state_publisher]: got segment head_camera_accel_frame
[INFO] [1756085363.122353730] [robot_state_publisher]: got segment head_camera_accel_optical_frame
[INFO] [1756085363.122355887] [robot_state_publisher]: got segment head_camera_bottom_screw_frame
[INFO] [1756085363.122358087] [robot_state_publisher]: got segment head_camera_color_frame
[INFO] [1756085363.122360199] [robot_state_publisher]: got segment head_camera_color_optical_frame
[INFO] [1756085363.122362318] [robot_state_publisher]: got segment head_camera_depth_frame
[INFO] [1756085363.122364496] [robot_state_publisher]: got segment head_camera_depth_optical_frame
[INFO] [1756085363.122366717] [robot_state_publisher]: got segment head_camera_gyro_frame
[INFO] [1756085363.122368902] [robot_state_publisher]: got segment head_camera_gyro_optical_frame
[INFO] [1756085363.122371109] [robot_state_publisher]: got segment head_camera_imu_optical_frame
[INFO] [1756085363.122373280] [robot_state_publisher]: got segment head_camera_infra1_frame
[INFO] [1756085363.122375456] [robot_state_publisher]: got segment head_camera_infra1_optical_frame
[INFO] [1756085363.122377707] [robot_state_publisher]: got segment head_camera_infra2_frame
[INFO] [1756085363.122379892] [robot_state_publisher]: got segment head_camera_infra2_optical_frame
[INFO] [1756085363.122382043] [robot_state_publisher]: got segment head_camera_link
[INFO] [1756085363.122384437] [robot_state_publisher]: got segment head_link
[INFO] [1756085363.122386792] [robot_state_publisher]: got segment laser_B_link
[INFO] [1756085363.122389102] [robot_state_publisher]: got segment left_base_link
[INFO] [1756085363.122391619] [robot_state_publisher]: got segment left_bracelet_link
[INFO] [1756085363.122394016] [robot_state_publisher]: got segment left_camera_accel_frame
[INFO] [1756085363.122398479] [robot_state_publisher]: got segment left_camera_accel_optical_frame
[INFO] [1756085363.122400755] [robot_state_publisher]: got segment left_camera_bottom_screw_frame
[INFO] [1756085363.122403116] [robot_state_publisher]: got segment left_camera_bracket_link
[INFO] [1756085363.122405732] [robot_state_publisher]: got segment left_camera_color_frame
[INFO] [1756085363.122408132] [robot_state_publisher]: got segment left_camera_color_optical_frame
[INFO] [1756085363.122410503] [robot_state_publisher]: got segment left_camera_depth_frame
[INFO] [1756085363.122412803] [robot_state_publisher]: got segment left_camera_depth_optical_frame
[INFO] [1756085363.122426176] [robot_state_publisher]: got segment left_camera_gyro_frame
[INFO] [1756085363.122428697] [robot_state_publisher]: got segment left_camera_gyro_optical_frame
[INFO] [1756085363.122431046] [robot_state_publisher]: got segment left_camera_infra1_frame
[INFO] [1756085363.122433424] [robot_state_publisher]: got segment left_camera_infra1_optical_frame
[INFO] [1756085363.122435819] [robot_state_publisher]: got segment left_camera_infra2_frame
[INFO] [1756085363.122438122] [robot_state_publisher]: got segment left_camera_infra2_optical_frame
[INFO] [1756085363.122440473] [robot_state_publisher]: got segment left_camera_link
[INFO] [1756085363.122442862] [robot_state_publisher]: got segment left_end_effector_link
[INFO] [1756085363.122445171] [robot_state_publisher]: got segment left_flange_1_link
[INFO] [1756085363.122447642] [robot_state_publisher]: got segment left_forearm_link
[INFO] [1756085363.122450067] [robot_state_publisher]: got segment left_half_arm_1_link
[INFO] [1756085363.122452515] [robot_state_publisher]: got segment left_half_arm_2_link
[INFO] [1756085363.122454846] [robot_state_publisher]: got segment left_shoulder_link
[INFO] [1756085363.122457205] [robot_state_publisher]: got segment left_spherical_wrist_1_link
[INFO] [1756085363.122459608] [robot_state_publisher]: got segment left_spherical_wrist_2_link
[INFO] [1756085363.122461916] [robot_state_publisher]: got segment left_tool_frame
[INFO] [1756085363.122464407] [robot_state_publisher]: got segment lidar_link
[INFO] [1756085363.122466859] [robot_state_publisher]: got segment livox_frame
[INFO] [1756085363.122469281] [robot_state_publisher]: got segment mic_link
[INFO] [1756085363.122471721] [robot_state_publisher]: got segment right_base_link
[INFO] [1756085363.122474099] [robot_state_publisher]: got segment right_bracelet_link
[INFO] [1756085363.122476435] [robot_state_publisher]: got segment right_camera_accel_frame
[INFO] [1756085363.122478848] [robot_state_publisher]: got segment right_camera_accel_optical_frame
[INFO] [1756085363.122481232] [robot_state_publisher]: got segment right_camera_bottom_screw_frame
[INFO] [1756085363.122483659] [robot_state_publisher]: got segment right_camera_bracket_link
[INFO] [1756085363.122486018] [robot_state_publisher]: got segment right_camera_color_frame
[INFO] [1756085363.122488315] [robot_state_publisher]: got segment right_camera_color_optical_frame
[INFO] [1756085363.122490728] [robot_state_publisher]: got segment right_camera_depth_frame
[INFO] [1756085363.122493052] [robot_state_publisher]: got segment right_camera_depth_optical_frame
[INFO] [1756085363.122495368] [robot_state_publisher]: got segment right_camera_gyro_frame
[INFO] [1756085363.122497644] [robot_state_publisher]: got segment right_camera_gyro_optical_frame
[INFO] [1756085363.122499983] [robot_state_publisher]: got segment right_camera_infra1_frame
[INFO] [1756085363.122502263] [robot_state_publisher]: got segment right_camera_infra1_optical_frame
[INFO] [1756085363.122508285] [robot_state_publisher]: got segment right_camera_infra2_frame
[INFO] [1756085363.122510402] [robot_state_publisher]: got segment right_camera_infra2_optical_frame
[INFO] [1756085363.122512565] [robot_state_publisher]: got segment right_camera_link
[INFO] [1756085363.122514864] [robot_state_publisher]: got segment right_end_effector_link
[INFO] [1756085363.122516995] [robot_state_publisher]: got segment right_flange_1_link
[INFO] [1756085363.122519218] [robot_state_publisher]: got segment right_forearm_link
[INFO] [1756085363.122521380] [robot_state_publisher]: got segment right_half_arm_1_link
[INFO] [1756085363.122523512] [robot_state_publisher]: got segment right_half_arm_2_link
[INFO] [1756085363.122525730] [robot_state_publisher]: got segment right_shoulder_link
[INFO] [1756085363.122527971] [robot_state_publisher]: got segment right_spherical_wrist_1_link
[INFO] [1756085363.122530086] [robot_state_publisher]: got segment right_spherical_wrist_2_link
[INFO] [1756085363.122532204] [robot_state_publisher]: got segment right_tool_frame
[INFO] [1756085363.122537376] [robot_state_publisher]: got segment trunk_1_link
[INFO] [1756085363.122539739] [robot_state_publisher]: got segment trunk_2_link
[INFO] [1756085363.122541954] [robot_state_publisher]: got segment trunk_link
[INFO] [1756085363.122544269] [robot_state_publisher]: got segment wheel_LF_link
[INFO] [1756085363.122546525] [robot_state_publisher]: got segment wheel_RF_link
[INFO] [1756099628.089459698] [rclcpp]: signal_handler(signum=2)
