[INFO] [1756629942.546876417] [robot_state_publisher]: got segment base_link
[INFO] [1756629942.546935293] [robot_state_publisher]: got segment caster_LB_link
[INFO] [1756629942.546939862] [robot_state_publisher]: got segment caster_RB_link
[INFO] [1756629942.546942148] [robot_state_publisher]: got segment connector_link
[INFO] [1756629942.546944287] [robot_state_publisher]: got segment front_camera_accel_frame
[INFO] [1756629942.546946695] [robot_state_publisher]: got segment front_camera_accel_optical_frame
[INFO] [1756629942.546949196] [robot_state_publisher]: got segment front_camera_bottom_screw_frame
[INFO] [1756629942.546951468] [robot_state_publisher]: got segment front_camera_color_frame
[INFO] [1756629942.546953657] [robot_state_publisher]: got segment front_camera_color_optical_frame
[INFO] [1756629942.546955849] [robot_state_publisher]: got segment front_camera_depth_frame
[INFO] [1756629942.546958076] [robot_state_publisher]: got segment front_camera_depth_optical_frame
[INFO] [1756629942.546960285] [robot_state_publisher]: got segment front_camera_gyro_frame
[INFO] [1756629942.546962819] [robot_state_publisher]: got segment front_camera_gyro_optical_frame
[INFO] [1756629942.546965584] [robot_state_publisher]: got segment front_camera_infra1_frame
[INFO] [1756629942.546967573] [robot_state_publisher]: got segment front_camera_infra1_optical_frame
[INFO] [1756629942.546969697] [robot_state_publisher]: got segment front_camera_infra2_frame
[INFO] [1756629942.546971737] [robot_state_publisher]: got segment front_camera_infra2_optical_frame
[INFO] [1756629942.546973711] [robot_state_publisher]: got segment front_camera_link
[INFO] [1756629942.546975816] [robot_state_publisher]: got segment head_camera_accel_frame
[INFO] [1756629942.546977832] [robot_state_publisher]: got segment head_camera_accel_optical_frame
[INFO] [1756629942.546979897] [robot_state_publisher]: got segment head_camera_bottom_screw_frame
[INFO] [1756629942.546981904] [robot_state_publisher]: got segment head_camera_color_frame
[INFO] [1756629942.546983858] [robot_state_publisher]: got segment head_camera_color_optical_frame
[INFO] [1756629942.546985840] [robot_state_publisher]: got segment head_camera_depth_frame
[INFO] [1756629942.546987825] [robot_state_publisher]: got segment head_camera_depth_optical_frame
[INFO] [1756629942.546989869] [robot_state_publisher]: got segment head_camera_gyro_frame
[INFO] [1756629942.546991809] [robot_state_publisher]: got segment head_camera_gyro_optical_frame
[INFO] [1756629942.546993739] [robot_state_publisher]: got segment head_camera_imu_optical_frame
[INFO] [1756629942.546995688] [robot_state_publisher]: got segment head_camera_infra1_frame
[INFO] [1756629942.546997748] [robot_state_publisher]: got segment head_camera_infra1_optical_frame
[INFO] [1756629942.546999729] [robot_state_publisher]: got segment head_camera_infra2_frame
[INFO] [1756629942.547001708] [robot_state_publisher]: got segment head_camera_infra2_optical_frame
[INFO] [1756629942.547003707] [robot_state_publisher]: got segment head_camera_link
[INFO] [1756629942.547006883] [robot_state_publisher]: got segment head_link
[INFO] [1756629942.547008917] [robot_state_publisher]: got segment laser_B_link
[INFO] [1756629942.547010909] [robot_state_publisher]: got segment left_base_link
[INFO] [1756629942.547012807] [robot_state_publisher]: got segment left_bracelet_link
[INFO] [1756629942.547014903] [robot_state_publisher]: got segment left_camera_accel_frame
[INFO] [1756629942.547016843] [robot_state_publisher]: got segment left_camera_accel_optical_frame
[INFO] [1756629942.547018712] [robot_state_publisher]: got segment left_camera_bottom_screw_frame
[INFO] [1756629942.547020556] [robot_state_publisher]: got segment left_camera_bracket_link
[INFO] [1756629942.547022438] [robot_state_publisher]: got segment left_camera_color_frame
[INFO] [1756629942.547024307] [robot_state_publisher]: got segment left_camera_color_optical_frame
[INFO] [1756629942.547026138] [robot_state_publisher]: got segment left_camera_depth_frame
[INFO] [1756629942.547028003] [robot_state_publisher]: got segment left_camera_depth_optical_frame
[INFO] [1756629942.547038810] [robot_state_publisher]: got segment left_camera_gyro_frame
[INFO] [1756629942.547041289] [robot_state_publisher]: got segment left_camera_gyro_optical_frame
[INFO] [1756629942.547043268] [robot_state_publisher]: got segment left_camera_infra1_frame
[INFO] [1756629942.547045083] [robot_state_publisher]: got segment left_camera_infra1_optical_frame
[INFO] [1756629942.547046952] [robot_state_publisher]: got segment left_camera_infra2_frame
[INFO] [1756629942.547048815] [robot_state_publisher]: got segment left_camera_infra2_optical_frame
[INFO] [1756629942.547050711] [robot_state_publisher]: got segment left_camera_link
[INFO] [1756629942.547052660] [robot_state_publisher]: got segment left_end_effector_link
[INFO] [1756629942.547054583] [robot_state_publisher]: got segment left_flange_1_link
[INFO] [1756629942.547056644] [robot_state_publisher]: got segment left_forearm_link
[INFO] [1756629942.547058636] [robot_state_publisher]: got segment left_half_arm_1_link
[INFO] [1756629942.547060658] [robot_state_publisher]: got segment left_half_arm_2_link
[INFO] [1756629942.547062587] [robot_state_publisher]: got segment left_shoulder_link
[INFO] [1756629942.547064438] [robot_state_publisher]: got segment left_spherical_wrist_1_link
[INFO] [1756629942.547066332] [robot_state_publisher]: got segment left_spherical_wrist_2_link
[INFO] [1756629942.547068180] [robot_state_publisher]: got segment left_tool_frame
[INFO] [1756629942.547070185] [robot_state_publisher]: got segment lidar_link
[INFO] [1756629942.547072148] [robot_state_publisher]: got segment livox_frame
[INFO] [1756629942.547074079] [robot_state_publisher]: got segment mic_link
[INFO] [1756629942.547076005] [robot_state_publisher]: got segment right_base_link
[INFO] [1756629942.547077956] [robot_state_publisher]: got segment right_bracelet_link
[INFO] [1756629942.547079900] [robot_state_publisher]: got segment right_camera_accel_frame
[INFO] [1756629942.547082295] [robot_state_publisher]: got segment right_camera_accel_optical_frame
[INFO] [1756629942.547084202] [robot_state_publisher]: got segment right_camera_bottom_screw_frame
[INFO] [1756629942.547086080] [robot_state_publisher]: got segment right_camera_bracket_link
[INFO] [1756629942.547088155] [robot_state_publisher]: got segment right_camera_color_frame
[INFO] [1756629942.547090206] [robot_state_publisher]: got segment right_camera_color_optical_frame
[INFO] [1756629942.547092372] [robot_state_publisher]: got segment right_camera_depth_frame
[INFO] [1756629942.547094244] [robot_state_publisher]: got segment right_camera_depth_optical_frame
[INFO] [1756629942.547096131] [robot_state_publisher]: got segment right_camera_gyro_frame
[INFO] [1756629942.547098038] [robot_state_publisher]: got segment right_camera_gyro_optical_frame
[INFO] [1756629942.547099976] [robot_state_publisher]: got segment right_camera_infra1_frame
[INFO] [1756629942.547101933] [robot_state_publisher]: got segment right_camera_infra1_optical_frame
[INFO] [1756629942.547103889] [robot_state_publisher]: got segment right_camera_infra2_frame
[INFO] [1756629942.547105701] [robot_state_publisher]: got segment right_camera_infra2_optical_frame
[INFO] [1756629942.547107594] [robot_state_publisher]: got segment right_camera_link
[INFO] [1756629942.547109560] [robot_state_publisher]: got segment right_end_effector_link
[INFO] [1756629942.547111415] [robot_state_publisher]: got segment right_flange_1_link
[INFO] [1756629942.547113367] [robot_state_publisher]: got segment right_forearm_link
[INFO] [1756629942.547115343] [robot_state_publisher]: got segment right_half_arm_1_link
[INFO] [1756629942.547117227] [robot_state_publisher]: got segment right_half_arm_2_link
[INFO] [1756629942.547119127] [robot_state_publisher]: got segment right_shoulder_link
[INFO] [1756629942.547121077] [robot_state_publisher]: got segment right_spherical_wrist_1_link
[INFO] [1756629942.547122958] [robot_state_publisher]: got segment right_spherical_wrist_2_link
[INFO] [1756629942