[INFO] [1756377532.410091484] [robot_state_publisher]: got segment base_link
[INFO] [1756377532.410168299] [robot_state_publisher]: got segment caster_LB_link
[INFO] [1756377532.410173232] [robot_state_publisher]: got segment caster_RB_link
[INFO] [1756377532.410175643] [robot_state_publisher]: got segment connector_link
[INFO] [1756377532.410178570] [robot_state_publisher]: got segment front_camera_accel_frame
[INFO] [1756377532.410181169] [robot_state_publisher]: got segment front_camera_accel_optical_frame
[INFO] [1756377532.410183682] [robot_state_publisher]: got segment front_camera_bottom_screw_frame
[INFO] [1756377532.410186057] [robot_state_publisher]: got segment front_camera_color_frame
[INFO] [1756377532.410188583] [robot_state_publisher]: got segment front_camera_color_optical_frame
[INFO] [1756377532.410191138] [robot_state_publisher]: got segment front_camera_depth_frame
[INFO] [1756377532.410193575] [robot_state_publisher]: got segment front_camera_depth_optical_frame
[INFO] [1756377532.410196093] [robot_state_publisher]: got segment front_camera_gyro_frame
[INFO] [1756377532.410198576] [robot_state_publisher]: got segment front_camera_gyro_optical_frame
[INFO] [1756377532.410200977] [robot_state_publisher]: got segment front_camera_infra1_frame
[INFO] [1756377532.410203278] [robot_state_publisher]: got segment front_camera_infra1_optical_frame
[INFO] [1756377532.410205714] [robot_state_publisher]: got segment front_camera_infra2_frame
[INFO] [1756377532.410208173] [robot_state_publisher]: got segment front_camera_infra2_optical_frame
[INFO] [1756377532.410210430] [robot_state_publisher]: got segment front_camera_link
[INFO] [1756377532.410212847] [robot_state_publisher]: got segment head_camera_accel_frame
[INFO] [1756377532.410215175] [robot_state_publisher]: got segment head_camera_accel_optical_frame
[INFO] [1756377532.410217483] [robot_state_publisher]: got segment head_camera_bottom_screw_frame
[INFO] [1756377532.410219798] [robot_state_publisher]: got segment head_camera_color_frame
[INFO] [1756377532.410222008] [robot_state_publisher]: got segment head_camera_color_optical_frame
[INFO] [1756377532.410224305] [robot_state_publisher]: got segment head_camera_depth_frame
[INFO] [1756377532.410226554] [robot_state_publisher]: got segment head_camera_depth_optical_frame
[INFO] [1756377532.410228822] [robot_state_publisher]: got segment head_camera_gyro_frame
[INFO] [1756377532.410231352] [robot_state_publisher]: got segment head_camera_gyro_optical_frame
[INFO] [1756377532.410233651] [robot_state_publisher]: got segment head_camera_imu_optical_frame
[INFO] [1756377532.410235946] [robot_state_publisher]: got segment head_camera_infra1_frame
[INFO] [1756377532.410238227] [robot_state_publisher]: got segment head_camera_infra1_optical_frame
[INFO] [1756377532.410240534] [robot_state_publisher]: got segment head_camera_infra2_frame
[INFO] [1756377532.410242841] [robot_state_publisher]: got segment head_camera_infra2_optical_frame
[INFO] [1756377532.410245203] [robot_state_publisher]: got segment head_camera_link
[INFO] [1756377532.410247589] [robot_state_publisher]: got segment head_link
[INFO] [1756377532.410249974] [robot_state_publisher]: got segment laser_B_link
[INFO] [1756377532.410252334] [robot_state_publisher]: got segment left_base_link
[INFO] [1756377532.410254631] [robot_state_publisher]: got segment left_bracelet_link
[INFO] [1756377532.410257052] [robot_state_publisher]: got segment left_camera_accel_frame
[INFO] [1756377532.410259375] [robot_state_publisher]: got segment left_camera_accel_optical_frame
[INFO] [1756377532.410261659] [robot_state_publisher]: got segment left_camera_bottom_screw_frame
[INFO] [1756377532.410263988] [robot_state_publisher]: got segment left_camera_bracket_link
[INFO] [1756377532.410266297] [robot_state_publisher]: got segment left_camera_color_frame
[INFO] [1756377532.410268616] [robot_state_publisher]: got segment left_camera_color_optical_frame
[INFO] [1756377532.410270905] [robot_state_publisher]: got segment left_camera_depth_frame
[INFO] [1756377532.410273243] [robot_state_publisher]: got segment left_camera_depth_optical_frame
[INFO] [1756377532.410284618] [robot_state_publisher]: got segment left_camera_gyro_frame
[INFO] [1756377532.410287034] [robot_state_publisher]: got segment left_camera_gyro_optical_frame
[INFO] [1756377532.410289349] [robot_state_publisher]: got segment left_camera_infra1_frame
[INFO] [1756377532.410291614] [robot_state_publisher]: got segment left_camera_infra1_optical_frame
[INFO] [1756377532.410293912] [robot_state_publisher]: got segment left_camera_infra2_frame
[INFO] [1756377532.410297254] [robot_state_publisher]: got segment left_camera_infra2_optical_frame
[INFO] [1756377532.410299444] [robot_state_publisher]: got segment left_camera_link
[INFO] [1756377532.410301677] [robot_state_publisher]: got segment left_end_effector_link
[INFO] [1756377532.410303886] [robot_state_publisher]: got segment left_flange_1_link
[INFO] [1756377532.410306087] [robot_state_publisher]: got segment left_forearm_link
[INFO] [1756377532.410308364] [robot_state_publisher]: got segment left_half_arm_1_link
[INFO] [1756377532.410310709] [robot_state_publisher]: got segment left_half_arm_2_link
[INFO] [1756377532.410312829] [robot_state_publisher]: got segment left_shoulder_link
[INFO] [1756377532.410314978] [robot_state_publisher]: got segment left_spherical_wrist_1_link
[INFO] [1756377532.410317169] [robot_state_publisher]: got segment left_spherical_wrist_2_link
[INFO] [1756377532.410319312] [robot_state_publisher]: got segment left_tool_frame
[INFO] [1756377532.410321532] [robot_state_publisher]: got segment lidar_link
[INFO] [1756377532.410323767] [robot_state_publisher]: got segment livox_frame
[INFO] [1756377532.410325977] [robot_state_publisher]: got segment mic_link
[INFO] [1756377532.410328155] [robot_state_publisher]: got segment right_base_link
[INFO] [1756377532.410330322] [robot_state_publisher]: got segment right_bracelet_link
[INFO] [1756377532.410332538] [robot_state_publisher]: got segment right_camera_accel_frame
[INFO] [1756377532.410334739] [robot_state_publisher]: got segment right_camera_accel_optical_frame
[INFO] [1756377532.410336957] [robot_state_publisher]: got segment right_camera_bottom_screw_frame
[INFO] [1756377532.410339250] [robot_state_publisher]: got segment right_camera_bracket_link
[INFO] [1756377532.410341400] [robot_state_publisher]: got segment right_camera_color_frame
[INFO] [1756377532.410344026] [robot_state_publisher]: got segment right_camera_color_optical_frame
[INFO] [1756377532.410346237] [robot_state_publisher]: got segment right_camera_depth_frame
[INFO] [1756377532.410348373] [robot_state_publisher]: got segment right_camera_depth_optical_frame
[INFO] [1756377532.410350593] [robot_state_publisher]: got segment right_camera_gyro_frame
[INFO] [1756377532.410352711] [robot_state_publisher]: got segment right_camera_gyro_optical_frame
[INFO] [1756377532.410354899] [robot_state_publisher]: got segment right_camera_infra1_frame
[INFO] [1756377532.410357075] [robot_state_publisher]: got segment right_camera_infra1_optical_frame
[INFO] [1756377532.410359273] [robot_state_publisher]: got segment right_camera_infra2_frame
[INFO] [1756377532.410361397] [robot_state_publisher]: got segment right_camera_infra2_optical_frame
[INFO] [1756377532.410363565] [robot_state_publisher]: got segment right_camera_link
[INFO] [1756377532.410365814] [robot_state_publisher]: got segment right_end_effector_link
[INFO] [1756377532.410367989] [robot_state_publisher]: got segment right_flange_1_link
[INFO] [1756377532.410370226] [robot_state_publisher]: got segment right_forearm_link
[INFO] [1756377532.410372426] [robot_state_publisher]: got segment right_half_arm_1_link
[INFO] [1756377532.410374664] [robot_state_publisher]: got segment right_half_arm_2_link
[INFO] [1756377532.410376836] [robot_state_publisher]: got segment right_shoulder_link
[INFO] [1756377532.410379082] [robot_state_publisher]: got segment right_spherical_wrist_1_link
[INFO] [1756377532.410381243] [robot_state_publisher]: got segment right_spherical_wrist_2_link
[INFO] [1756377532