[INFO] [1756026896.961176806] [robot_state_publisher]: got segment base_link
[INFO] [1756026896.961233876] [robot_state_publisher]: got segment caster_LB_link
[INFO] [1756026896.961238423] [robot_state_publisher]: got segment caster_RB_link
[INFO] [1756026896.961240775] [robot_state_publisher]: got segment connector_link
[INFO] [1756026896.961242862] [robot_state_publisher]: got segment front_camera_accel_frame
[INFO] [1756026896.961246450] [robot_state_publisher]: got segment front_camera_accel_optical_frame
[INFO] [1756026896.961248695] [robot_state_publisher]: got segment front_camera_bottom_screw_frame
[INFO] [1756026896.961251036] [robot_state_publisher]: got segment front_camera_color_frame
[INFO] [1756026896.961253180] [robot_state_publisher]: got segment front_camera_color_optical_frame
[INFO] [1756026896.961255242] [robot_state_publisher]: got segment front_camera_depth_frame
[INFO] [1756026896.961257318] [robot_state_publisher]: got segment front_camera_depth_optical_frame
[INFO] [1756026896.961259494] [robot_state_publisher]: got segment front_camera_gyro_frame
[INFO] [1756026896.961261563] [robot_state_publisher]: got segment front_camera_gyro_optical_frame
[INFO] [1756026896.961263575] [robot_state_publisher]: got segment front_camera_infra1_frame
[INFO] [1756026896.961265618] [robot_state_publisher]: got segment front_camera_infra1_optical_frame
[INFO] [1756026896.961267729] [robot_state_publisher]: got segment front_camera_infra2_frame
[INFO] [1756026896.961269720] [robot_state_publisher]: got segment front_camera_infra2_optical_frame
[INFO] [1756026896.961271713] [robot_state_publisher]: got segment front_camera_link
[INFO] [1756026896.961273871] [robot_state_publisher]: got segment head_camera_accel_frame
[INFO] [1756026896.961275922] [robot_state_publisher]: got segment head_camera_accel_optical_frame
[INFO] [1756026896.961277999] [robot_state_publisher]: got segment head_camera_bottom_screw_frame
[INFO] [1756026896.961280037] [robot_state_publisher]: got segment head_camera_color_frame
[INFO] [1756026896.961285219] [robot_state_publisher]: got segment head_camera_color_optical_frame
[INFO] [1756026896.961287389] [robot_state_publisher]: got segment head_camera_depth_frame
[INFO] [1756026896.961289529] [robot_state_publisher]: got segment head_camera_depth_optical_frame
[INFO] [1756026896.961291869] [robot_state_publisher]: got segment head_camera_gyro_frame
[INFO] [1756026896.961294026] [robot_state_publisher]: got segment head_camera_gyro_optical_frame
[INFO] [1756026896.961296161] [robot_state_publisher]: got segment head_camera_imu_optical_frame
[INFO] [1756026896.961298312] [robot_state_publisher]: got segment head_camera_infra1_frame
[INFO] [1756026896.961300467] [robot_state_publisher]: got segment head_camera_infra1_optical_frame
[INFO] [1756026896.961302619] [robot_state_publisher]: got segment head_camera_infra2_frame
[INFO] [1756026896.961304743] [robot_state_publisher]: got segment head_camera_infra2_optical_frame
[INFO] [1756026896.961306890] [robot_state_publisher]: got segment head_camera_link
[INFO] [1756026896.961309076] [robot_state_publisher]: got segment head_link
[INFO] [1756026896.961311356] [robot_state_publisher]: got segment laser_B_link
[INFO] [1756026896.961313609] [robot_state_publisher]: got segment left_base_link
[INFO] [1756026896.961315775] [robot_state_publisher]: got segment left_bracelet_link
[INFO] [1756026896.961318153] [robot_state_publisher]: got segment left_camera_accel_frame
[INFO] [1756026896.961320371] [robot_state_publisher]: got segment left_camera_accel_optical_frame
[INFO] [1756026896.961322515] [robot_state_publisher]: got segment left_camera_bottom_screw_frame
[INFO] [1756026896.961324699] [robot_state_publisher]: got segment left_camera_bracket_link
[INFO] [1756026896.961326825] [robot_state_publisher]: got segment left_camera_color_frame
[INFO] [1756026896.961332322] [robot_state_publisher]: got segment left_camera_color_optical_frame
[INFO] [1756026896.961334623] [robot_state_publisher]: got segment left_camera_depth_frame
[INFO] [1756026896.961336832] [robot_state_publisher]: got segment left_camera_depth_optical_frame
[INFO] [1756026896.961356082] [robot_state_publisher]: got segment left_camera_gyro_frame
[INFO] [1756026896.961358618] [robot_state_publisher]: got segment left_camera_gyro_optical_frame
[INFO] [1756026896.961361093] [robot_state_publisher]: got segment left_camera_infra1_frame
[INFO] [1756026896.961363373] [robot_state_publisher]: got segment left_camera_infra1_optical_frame
[INFO] [1756026896.961365833] [robot_state_publisher]: got segment left_camera_infra2_frame
[INFO] [1756026896.961368070] [robot_state_publisher]: got segment left_camera_infra2_optical_frame
[INFO] [1756026896.961370356] [robot_state_publisher]: got segment left_camera_link
[INFO] [1756026896.961372741] [robot_state_publisher]: got segment left_end_effector_link
[INFO] [1756026896.961375038] [robot_state_publisher]: got segment left_flange_1_link
[INFO] [1756026896.961377534] [robot_state_publisher]: got segment left_forearm_link
[INFO] [1756026896.961380288] [robot_state_publisher]: got segment left_half_arm_1_link
[INFO] [1756026896.961383003] [robot_state_publisher]: got segment left_half_arm_2_link
[INFO] [1756026896.961385333] [robot_state_publisher]: got segment left_shoulder_link
[INFO] [1756026896.961387728] [robot_state_publisher]: got segment left_spherical_wrist_1_link
[INFO] [1756026896.961390168] [robot_state_publisher]: got segment left_spherical_wrist_2_link
[INFO] [1756026896.961392536] [robot_state_publisher]: got segment left_tool_frame
[INFO] [1756026896.961395017] [robot_state_publisher]: got segment lidar_link
[INFO] [1756026896.961398679] [robot_state_publisher]: got segment livox_frame
[INFO] [1756026896.961401202] [robot_state_publisher]: got segment mic_link
[INFO] [1756026896.961405447] [robot_state_publisher]: got segment right_base_link
[INFO] [1756026896.961407898] [robot_state_publisher]: got segment right_bracelet_link
[INFO] [1756026896.961410410] [robot_state_publisher]: got segment right_camera_accel_frame
[INFO] [1756026896.961412861] [robot_state_publisher]: got segment right_camera_accel_optical_frame
[INFO] [1756026896.961415398] [robot_state_publisher]: got segment right_camera_bottom_screw_frame
[INFO] [1756026896.961418035] [robot_state_publisher]: got segment right_camera_bracket_link
[INFO] [1756026896.961420471] [robot_state_publisher]: got segment right_camera_color_frame
[INFO] [1756026896.961422863] [robot_state_publisher]: got segment right_camera_color_optical_frame
[INFO] [1756026896.961425369] [robot_state_publisher]: got segment right_camera_depth_frame
[INFO] [1756026896.961427885] [robot_state_publisher]: got segment right_camera_depth_optical_frame
[INFO] [1756026896.961430442] [robot_state_publisher]: got segment right_camera_gyro_frame
[INFO] [1756026896.961432871] [robot_state_publisher]: got segment right_camera_gyro_optical_frame
[INFO] [1756026896.961435334] [robot_state_publisher]: got segment right_camera_infra1_frame
[INFO] [1756026896.961437730] [robot_state_publisher]: got segment right_camera_infra1_optical_frame
[INFO] [1756026896.961440230] [robot_state_publisher]: got segment right_camera_infra2_frame
[INFO] [1756026896.961442591] [robot_state_publisher]: got segment right_camera_infra2_optical_frame
[INFO] [1756026896.961445063] [robot_state_publisher]: got segment right_camera_link
[INFO] [1756026896.961447618] [robot_state_publisher]: got segment right_end_effector_link
[INFO] [1756026896.961450068] [robot_state_publisher]: got segment right_flange_1_link
[INFO] [1756026896.961452574] [robot_state_publisher]: got segment right_forearm_link
[INFO] [1756026896.961455048] [robot_state_publisher]: got segment right_half_arm_1_link
[INFO] [1756026896.961457504] [robot_state_publisher]: got segment right_half_arm_2_link
[INFO] [1756026896.961460157] [robot_state_publisher]: got segment right_shoulder_link
[INFO] [1756026896.961462699] [robot_state_publisher]: got segment right_spherical_wrist_1_link
[INFO] [1756026896.961465154] [robot_state_publisher]: got segment right_spherical_wrist_2_link
[INFO] [1756026896.961467544] [robot_state_publisher]: got segment right_tool_frame
[INFO] [1756026896.961473814] [robot_state_publisher]: got segment trunk_1_link
[INFO] [1756026896.961476450] [robot_state_publisher]: got segment trunk_2_link
[INFO] [1756026896.961478973] [robot_state_publisher]: got segment trunk_link
[INFO] [1756026896.961481427] [robot_state_publisher]: got segment wheel_LF_link
[INFO] [1756026896.961483961] [robot_state_publisher]: got segment wheel_RF_link
[INFO] [1756027357.881035923] [rclcpp]: signal_handler(signum=2)
