[INFO] [1754979528.819272143] [robot_state_publisher]: got segment base_link
[INFO] [1754979528.819329917] [robot_state_publisher]: got segment caster_LB_link
[INFO] [1754979528.819334815] [robot_state_publisher]: got segment caster_RB_link
[INFO] [1754979528.819337253] [robot_state_publisher]: got segment connector_link
[INFO] [1754979528.819339575] [robot_state_publisher]: got segment front_camera_accel_frame
[INFO] [1754979528.819341956] [robot_state_publisher]: got segment front_camera_accel_optical_frame
[INFO] [1754979528.819344288] [robot_state_publisher]: got segment front_camera_bottom_screw_frame
[INFO] [1754979528.819346585] [robot_state_publisher]: got segment front_camera_color_frame
[INFO] [1754979528.819348869] [robot_state_publisher]: got segment front_camera_color_optical_frame
[INFO] [1754979528.819351153] [robot_state_publisher]: got segment front_camera_depth_frame
[INFO] [1754979528.819353285] [robot_state_publisher]: got segment front_camera_depth_optical_frame
[INFO] [1754979528.819355488] [robot_state_publisher]: got segment front_camera_gyro_frame
[INFO] [1754979528.819357725] [robot_state_publisher]: got segment front_camera_gyro_optical_frame
[INFO] [1754979528.819359913] [robot_state_publisher]: got segment front_camera_infra1_frame
[INFO] [1754979528.819362124] [robot_state_publisher]: got segment front_camera_infra1_optical_frame
[INFO] [1754979528.819364314] [robot_state_publisher]: got segment front_camera_infra2_frame
[INFO] [1754979528.819366458] [robot_state_publisher]: got segment front_camera_infra2_optical_frame
[INFO] [1754979528.819368667] [robot_state_publisher]: got segment front_camera_link
[INFO] [1754979528.819371000] [robot_state_publisher]: got segment head_camera_accel_frame
[INFO] [1754979528.819373201] [robot_state_publisher]: got segment head_camera_accel_optical_frame
[INFO] [1754979528.819375437] [robot_state_publisher]: got segment head_camera_bottom_screw_frame
[INFO] [1754979528.819377619] [robot_state_publisher]: got segment head_camera_color_frame
[INFO] [1754979528.819379770] [robot_state_publisher]: got segment head_camera_color_optical_frame
[INFO] [1754979528.819381891] [robot_state_publisher]: got segment head_camera_depth_frame
[INFO] [1754979528.819384035] [robot_state_publisher]: got segment head_camera_depth_optical_frame
[INFO] [1754979528.819386180] [robot_state_publisher]: got segment head_camera_gyro_frame
[INFO] [1754979528.819388261] [robot_state_publisher]: got segment head_camera_gyro_optical_frame
[INFO] [1754979528.819390362] [robot_state_publisher]: got segment head_camera_imu_optical_frame
[INFO] [1754979528.819392474] [robot_state_publisher]: got segment head_camera_infra1_frame
[INFO] [1754979528.819394634] [robot_state_publisher]: got segment head_camera_infra1_optical_frame
[INFO] [1754979528.819396763] [robot_state_publisher]: got segment head_camera_infra2_frame
[INFO] [1754979528.819398890] [robot_state_publisher]: got segment head_camera_infra2_optical_frame
[INFO] [1754979528.819401051] [robot_state_publisher]: got segment head_camera_link
[INFO] [1754979528.819404366] [robot_state_publisher]: got segment head_link
[INFO] [1754979528.819406536] [robot_state_publisher]: got segment laser_B_link
[INFO] [1754979528.819408723] [robot_state_publisher]: got segment left_base_link
[INFO] [1754979528.819410846] [robot_state_publisher]: got segment left_bracelet_link
[INFO] [1754979528.819413196] [robot_state_publisher]: got segment left_camera_accel_frame
[INFO] [1754979528.819415299] [robot_state_publisher]: got segment left_camera_accel_optical_frame
[INFO] [1754979528.819417393] [robot_state_publisher]: got segment left_camera_bottom_screw_frame
[INFO] [1754979528.819419569] [robot_state_publisher]: got segment left_camera_bracket_link
[INFO] [1754979528.819421595] [robot_state_publisher]: got segment left_camera_color_frame
[INFO] [1754979528.819423641] [robot_state_publisher]: got segment left_camera_color_optical_frame
[INFO] [1754979528.819425683] [robot_state_publisher]: got segment left_camera_depth_frame
[INFO] [1754979528.819427791] [robot_state_publisher]: got segment left_camera_depth_optical_frame
[INFO] [1754979528.819442775] [robot_state_publisher]: got segment left_camera_gyro_frame
[INFO] [1754979528.819444970] [robot_state_publisher]: got segment left_camera_gyro_optical_frame
[INFO] [1754979528.819447064] [robot_state_publisher]: got segment left_camera_infra1_frame
[INFO] [1754979528.819449127] [robot_state_publisher]: got segment left_camera_infra1_optical_frame
[INFO] [1754979528.819451231] [robot_state_publisher]: got segment left_camera_infra2_frame
[INFO] [1754979528.819453275] [robot_state_publisher]: got segment left_camera_infra2_optical_frame
[INFO] [1754979528.819455422] [robot_state_publisher]: got segment left_camera_link
[INFO] [1754979528.819457610] [robot_state_publisher]: got segment left_end_effector_link
[INFO] [1754979528.819459650] [robot_state_publisher]: got segment left_flange_1_link
[INFO] [1754979528.819461782] [robot_state_publisher]: got segment left_forearm_link
[INFO] [1754979528.819464035] [robot_state_publisher]: got segment left_half_arm_1_link
[INFO] [1754979528.819466381] [robot_state_publisher]: got segment left_half_arm_2_link
[INFO] [1754979528.819468462] [robot_state_publisher]: got segment left_shoulder_link
[INFO] [1754979528.819470589] [robot_state_publisher]: got segment left_spherical_wrist_1_link
[INFO] [1754979528.819472687] [robot_state_publisher]: got segment left_spherical_wrist_2_link
[INFO] [1754979528.819474789] [robot_state_publisher]: got segment left_tool_frame
[INFO] [1754979528.819476919] [robot_state_publisher]: got segment lidar_link
[INFO] [1754979528.819479114] [robot_state_publisher]: got segment livox_frame
[INFO] [1754979528.819481729] [robot_state_publisher]: got segment mic_link
[INFO] [1754979528.819483898] [robot_state_publisher]: got segment right_base_link
[INFO] [1754979528.819486046] [robot_state_publisher]: got segment right_bracelet_link
[INFO] [1754979528.819488149] [robot_state_publisher]: got segment right_camera_accel_frame
[INFO] [1754979528.819490284] [robot_state_publisher]: got segment right_camera_accel_optical_frame
[INFO] [1754979528.819492502] [robot_state_publisher]: got segment right_camera_bottom_screw_frame
[INFO] [1754979528.819494723] [robot_state_publisher]: got segment right_camera_bracket_link
[INFO] [1754979528.819496756] [robot_state_publisher]: got segment right_camera_color_frame
[INFO] [1754979528.819498858] [robot_state_publisher]: got segment right_camera_color_optical_frame
[INFO] [1754979528.819500967] [robot_state_publisher]: got segment right_camera_depth_frame
[INFO] [1754979528.819503003] [robot_state_publisher]: got segment right_camera_depth_optical_frame
[INFO] [1754979528.819506108] [robot_state_publisher]: got segment right_camera_gyro_frame
[INFO] [1754979528.819508057] [robot_state_publisher]: got segment right_camera_gyro_optical_frame
[INFO] [1754979528.819510049] [robot_state_publisher]: got segment right_camera_infra1_frame
[INFO] [1754979528.819512003] [robot_state_publisher]: got segment right_camera_infra1_optical_frame
[INFO] [1754979528.819513986] [robot_state_publisher]: got segment right_camera_infra2_frame
[INFO] [1754979528.819515931] [robot_state_publisher]: got segment right_camera_infra2_optical_frame
[INFO] [1754979528.819517966] [robot_state_publisher]: got segment right_camera_link
[INFO] [1754979528.819520011] [robot_state_publisher]: got segment right_end_effector_link
[INFO] [1754979528.819522014] [robot_state_publisher]: got segment right_flange_1_link
[INFO] [1754979528.819524038] [robot_state_publisher]: got segment right_forearm_link
[INFO] [1754979528.819526133] [robot_state_publisher]: got segment right_half_arm_1_link
[INFO] [1754979528.819528103] [robot_state_publisher]: got segment right_half_arm_2_link
[INFO] [1754979528.819530075] [robot_state_publisher]: got segment right_shoulder_link
[INFO] [1754979528.819532107] [robot_state_publisher]: got segment right_spherical_wrist_1_link
[INFO] [1754979528.819534087] [robot_state_publisher]: got segment right_spherical_wrist_2_link
[INFO] [1754979528.819536070] [robot_state_publisher]: got segment right_tool_frame
[INFO] [1754979528.819541259] [robot_state_publisher]: got segment trunk_1_link
[INFO] [1754979528.819543392] [robot_state_publisher]: got segment trunk_2_link
[INFO] [1754979528.819545444] [robot_state_publisher]: got segment trunk_link
[INFO] [1754979528.819547443] [robot_state_publisher]: got segment wheel_LF_link
[INFO] [1754979528.819549523] [robot_state_publisher]: got segment wheel_RF_link
[INFO] [1754979538.445300384] [rclcpp]: signal_handler(signum=2)
