[INFO] [1756261309.689859397] [robot_state_publisher]: got segment base_link
[INFO] [1756261309.689937898] [robot_state_publisher]: got segment caster_LB_link
[INFO] [1756261309.689942835] [robot_state_publisher]: got segment caster_RB_link
[INFO] [1756261309.689945438] [robot_state_publisher]: got segment connector_link
[INFO] [1756261309.689947693] [robot_state_publisher]: got segment front_camera_accel_frame
[INFO] [1756261309.689950297] [robot_state_publisher]: got segment front_camera_accel_optical_frame
[INFO] [1756261309.689952945] [robot_state_publisher]: got segment front_camera_bottom_screw_frame
[INFO] [1756261309.689955358] [robot_state_publisher]: got segment front_camera_color_frame
[INFO] [1756261309.689957668] [robot_state_publisher]: got segment front_camera_color_optical_frame
[INFO] [1756261309.689959990] [robot_state_publisher]: got segment front_camera_depth_frame
[INFO] [1756261309.689962464] [robot_state_publisher]: got segment front_camera_depth_optical_frame
[INFO] [1756261309.689964732] [robot_state_publisher]: got segment front_camera_gyro_frame
[INFO] [1756261309.689966976] [robot_state_publisher]: got segment front_camera_gyro_optical_frame
[INFO] [1756261309.689969189] [robot_state_publisher]: got segment front_camera_infra1_frame
[INFO] [1756261309.689971351] [robot_state_publisher]: got segment front_camera_infra1_optical_frame
[INFO] [1756261309.689973625] [robot_state_publisher]: got segment front_camera_infra2_frame
[INFO] [1756261309.689975821] [robot_state_publisher]: got segment front_camera_infra2_optical_frame
[INFO] [1756261309.689978106] [robot_state_publisher]: got segment front_camera_link
[INFO] [1756261309.689980512] [robot_state_publisher]: got segment head_camera_accel_frame
[INFO] [1756261309.689982846] [robot_state_publisher]: got segment head_camera_accel_optical_frame
[INFO] [1756261309.689985150] [robot_state_publisher]: got segment head_camera_bottom_screw_frame
[INFO] [1756261309.689987515] [robot_state_publisher]: got segment head_camera_color_frame
[INFO] [1756261309.689989807] [robot_state_publisher]: got segment head_camera_color_optical_frame
[INFO] [1756261309.689992145] [robot_state_publisher]: got segment head_camera_depth_frame
[INFO] [1756261309.689994448] [robot_state_publisher]: got segment head_camera_depth_optical_frame
[INFO] [1756261309.689996759] [robot_state_publisher]: got segment head_camera_gyro_frame
[INFO] [1756261309.689999034] [robot_state_publisher]: got segment head_camera_gyro_optical_frame
[INFO] [1756261309.690001296] [robot_state_publisher]: got segment head_camera_imu_optical_frame
[INFO] [1756261309.690003533] [robot_state_publisher]: got segment head_camera_infra1_frame
[INFO] [1756261309.690005842] [robot_state_publisher]: got segment head_camera_infra1_optical_frame
[INFO] [1756261309.690008159] [robot_state_publisher]: got segment head_camera_infra2_frame
[INFO] [1756261309.690010521] [robot_state_publisher]: got segment head_camera_infra2_optical_frame
[INFO] [1756261309.690012850] [robot_state_publisher]: got segment head_camera_link
[INFO] [1756261309.690015430] [robot_state_publisher]: got segment head_link
[INFO] [1756261309.690018105] [robot_state_publisher]: got segment laser_B_link
[INFO] [1756261309.690020633] [robot_state_publisher]: got segment left_base_link
[INFO] [1756261309.690023020] [robot_state_publisher]: got segment left_bracelet_link
[INFO] [1756261309.690025436] [robot_state_publisher]: got segment left_camera_accel_frame
[INFO] [1756261309.690028839] [robot_state_publisher]: got segment left_camera_accel_optical_frame
[INFO] [1756261309.690031072] [robot_state_publisher]: got segment left_camera_bottom_screw_frame
[INFO] [1756261309.690033257] [robot_state_publisher]: got segment left_camera_bracket_link
[INFO] [1756261309.690035495] [robot_state_publisher]: got segment left_camera_color_frame
[INFO] [1756261309.690037705] [robot_state_publisher]: got segment left_camera_color_optical_frame
[INFO] [1756261309.690039894] [robot_state_publisher]: got segment left_camera_depth_frame
[INFO] [1756261309.690042163] [robot_state_publisher]: got segment left_camera_depth_optical_frame
[INFO] [1756261309.690051722] [robot_state_publisher]: got segment left_camera_gyro_frame
[INFO] [1756261309.690054075] [robot_state_publisher]: got segment left_camera_gyro_optical_frame
[INFO] [1756261309.690056336] [robot_state_publisher]: got segment left_camera_infra1_frame
[INFO] [1756261309.690058562] [robot_state_publisher]: got segment left_camera_infra1_optical_frame
[INFO] [1756261309.690060829] [robot_state_publisher]: got segment left_camera_infra2_frame
[INFO] [1756261309.690063146] [robot_state_publisher]: got segment left_camera_infra2_optical_frame
[INFO] [1756261309.690065373] [robot_state_publisher]: got segment left_camera_link
[INFO] [1756261309.690067734] [robot_state_publisher]: got segment left_end_effector_link
[INFO] [1756261309.690069934] [robot_state_publisher]: got segment left_flange_1_link
[INFO] [1756261309.690072206] [robot_state_publisher]: got segment left_forearm_link
[INFO] [1756261309.690074543] [robot_state_publisher]: got segment left_half_arm_1_link
[INFO] [1756261309.690076933] [robot_state_publisher]: got segment left_half_arm_2_link
[INFO] [1756261309.690079122] [robot_state_publisher]: got segment left_shoulder_link
[INFO] [1756261309.690081390] [robot_state_publisher]: got segment left_spherical_wrist_1_link
[INFO] [1756261309.690083620] [robot_state_publisher]: got segment left_spherical_wrist_2_link
[INFO] [1756261309.690085847] [robot_state_publisher]: got segment left_tool_frame
[INFO] [1756261309.690088114] [robot_state_publisher]: got segment lidar_link
[INFO] [1756261309.690090404] [robot_state_publisher]: got segment livox_frame
[INFO] [1756261309.690092667] [robot_state_publisher]: got segment mic_link
[INFO] [1756261309.690094896] [robot_state_publisher]: got segment right_base_link
[INFO] [1756261309.690097117] [robot_state_publisher]: got segment right_bracelet_link
[INFO] [1756261309.690099424] [robot_state_publisher]: got segment right_camera_accel_frame
[INFO] [1756261309.690101704] [robot_state_publisher]: got segment right_camera_accel_optical_frame
[INFO] [1756261309.690103999] [robot_state_publisher]: got segment right_camera_bottom_screw_frame
[INFO] [1756261309.690106309] [robot_state_publisher]: got segment right_camera_bracket_link
[INFO] [1756261309.690108543] [robot_state_publisher]: got segment right_camera_color_frame
[INFO] [1756261309.690110730] [robot_state_publisher]: got segment right_camera_color_optical_frame
[INFO] [1756261309.690112979] [robot_state_publisher]: got segment right_camera_depth_frame
[INFO] [1756261309.690115163] [robot_state_publisher]: got segment right_camera_depth_optical_frame
[INFO] [1756261309.690117400] [robot_state_publisher]: got segment right_camera_gyro_frame
[INFO] [1756261309.690119582] [robot_state_publisher]: got segment right_camera_gyro_optical_frame
[INFO] [1756261309.690121785] [robot_state_publisher]: got segment right_camera_infra1_frame
[INFO] [1756261309.690123948] [robot_state_publisher]: got segment right_camera_infra1_optical_frame
[INFO] [1756261309.690126651] [robot_state_publisher]: got segment right_camera_infra2_frame
[INFO] [1756261309.690128819] [robot_state_publisher]: got segment right_camera_infra2_optical_frame
[INFO] [1756261309.690131055] [robot_state_publisher]: got segment right_camera_link
[INFO] [1756261309.690133326] [robot_state_publisher]: got segment right_end_effector_link
[INFO] [1756261309.690135547] [robot_state_publisher]: got segment right_flange_1_link
[INFO] [1756261309.690137786] [robot_state_publisher]: got segment right_forearm_link
[INFO] [1756261309.690140048] [robot_state_publisher]: got segment right_half_arm_1_link
[INFO] [1756261309.690142300] [robot_state_publisher]: got segment right_half_arm_2_link
[INFO] [1756261309.690144533] [robot_state_publisher]: got segment right_shoulder_link
[INFO] [1756261309.690146854] [robot_state_publisher]: got segment right_spherical_wrist_1_link
[INFO] [1756261309.690149108] [robot_state_publisher]: got segment right_spherical_wrist_2_link
[INFO] [1756261309