[INFO] [1756483763.939758503] [robot_state_publisher]: got segment base_link
[INFO] [1756483763.939822661] [robot_state_publisher]: got segment caster_LB_link
[INFO] [1756483763.939827168] [robot_state_publisher]: got segment caster_RB_link
[INFO] [1756483763.939829360] [robot_state_publisher]: got segment connector_link
[INFO] [1756483763.939831702] [robot_state_publisher]: got segment front_camera_accel_frame
[INFO] [1756483763.939834078] [robot_state_publisher]: got segment front_camera_accel_optical_frame
[INFO] [1756483763.939836400] [robot_state_publisher]: got segment front_camera_bottom_screw_frame
[INFO] [1756483763.939838616] [robot_state_publisher]: got segment front_camera_color_frame
[INFO] [1756483763.939840796] [robot_state_publisher]: got segment front_camera_color_optical_frame
[INFO] [1756483763.939842876] [robot_state_publisher]: got segment front_camera_depth_frame
[INFO] [1756483763.939844956] [robot_state_publisher]: got segment front_camera_depth_optical_frame
[INFO] [1756483763.939847086] [robot_state_publisher]: got segment front_camera_gyro_frame
[INFO] [1756483763.939849213] [robot_state_publisher]: got segment front_camera_gyro_optical_frame
[INFO] [1756483763.939851159] [robot_state_publisher]: got segment front_camera_infra1_frame
[INFO] [1756483763.939853123] [robot_state_publisher]: got segment front_camera_infra1_optical_frame
[INFO] [1756483763.939855154] [robot_state_publisher]: got segment front_camera_infra2_frame
[INFO] [1756483763.939857117] [robot_state_publisher]: got segment front_camera_infra2_optical_frame
[INFO] [1756483763.939859138] [robot_state_publisher]: got segment front_camera_link
[INFO] [1756483763.939861206] [robot_state_publisher]: got segment head_camera_accel_frame
[INFO] [1756483763.939863225] [robot_state_publisher]: got segment head_camera_accel_optical_frame
[INFO] [1756483763.939865225] [robot_state_publisher]: got segment head_camera_bottom_screw_frame
[INFO] [1756483763.939867442] [robot_state_publisher]: got segment head_camera_color_frame
[INFO] [1756483763.939869384] [robot_state_publisher]: got segment head_camera_color_optical_frame
[INFO] [1756483763.939871328] [robot_state_publisher]: got segment head_camera_depth_frame
[INFO] [1756483763.939873303] [robot_state_publisher]: got segment head_camera_depth_optical_frame
[INFO] [1756483763.939875260] [robot_state_publisher]: got segment head_camera_gyro_frame
[INFO] [1756483763.939877240] [robot_state_publisher]: got segment head_camera_gyro_optical_frame
[INFO] [1756483763.939879173] [robot_state_publisher]: got segment head_camera_imu_optical_frame
[INFO] [1756483763.939881118] [robot_state_publisher]: got segment head_camera_infra1_frame
[INFO] [1756483763.939883235] [robot_state_publisher]: got segment head_camera_infra1_optical_frame
[INFO] [1756483763.939885310] [robot_state_publisher]: got segment head_camera_infra2_frame
[INFO] [1756483763.939887464] [robot_state_publisher]: got segment head_camera_infra2_optical_frame
[INFO] [1756483763.939889522] [robot_state_publisher]: got segment head_camera_link
[INFO] [1756483763.939891762] [robot_state_publisher]: got segment head_link
[INFO] [1756483763.939893965] [robot_state_publisher]: got segment laser_B_link
[INFO] [1756483763.939896156] [robot_state_publisher]: got segment left_base_link
[INFO] [1756483763.939898251] [robot_state_publisher]: got segment left_bracelet_link
[INFO] [1756483763.939900463] [robot_state_publisher]: got segment left_camera_accel_frame
[INFO] [1756483763.939902565] [robot_state_publisher]: got segment left_camera_accel_optical_frame
[INFO] [1756483763.939904620] [robot_state_publisher]: got segment left_camera_bottom_screw_frame
[INFO] [1756483763.939906717] [robot_state_publisher]: got segment left_camera_bracket_link
[INFO] [1756483763.939908803] [robot_state_publisher]: got segment left_camera_color_frame
[INFO] [1756483763.939910939] [robot_state_publisher]: got segment left_camera_color_optical_frame
[INFO] [1756483763.939913013] [robot_state_publisher]: got segment left_camera_depth_frame
[INFO] [1756483763.939915155] [robot_state_publisher]: got segment left_camera_depth_optical_frame
[INFO] [1756483763.939928515] [robot_state_publisher]: got segment left_camera_gyro_frame
[INFO] [1756483763.939931109] [robot_state_publisher]: got segment left_camera_gyro_optical_frame
[INFO] [1756483763.939933310] [robot_state_publisher]: got segment left_camera_infra1_frame
[INFO] [1756483763.939935401] [robot_state_publisher]: got segment left_camera_infra1_optical_frame
[INFO] [1756483763.939937599] [robot_state_publisher]: got segment left_camera_infra2_frame
[INFO] [1756483763.939939743] [robot_state_publisher]: got segment left_camera_infra2_optical_frame
[INFO] [1756483763.939941874] [robot_state_publisher]: got segment left_camera_link
[INFO] [1756483763.939944129] [robot_state_publisher]: got segment left_end_effector_link
[INFO] [1756483763.939946241] [robot_state_publisher]: got segment left_flange_1_link
[INFO] [1756483763.939948424] [robot_state_publisher]: got segment left_forearm_link
[INFO] [1756483763.939950713] [robot_state_publisher]: got segment left_half_arm_1_link
[INFO] [1756483763.939953004] [robot_state_publisher]: got segment left_half_arm_2_link
[INFO] [1756483763.939955123] [robot_state_publisher]: got segment left_shoulder_link
[INFO] [1756483763.939957290] [robot_state_publisher]: got segment left_spherical_wrist_1_link
[INFO] [1756483763.939959505] [robot_state_publisher]: got segment left_spherical_wrist_2_link
[INFO] [1756483763.939961705] [robot_state_publisher]: got segment left_tool_frame
[INFO] [1756483763.939963976] [robot_state_publisher]: got segment lidar_link
[INFO] [1756483763.939966152] [robot_state_publisher]: got segment livox_frame
[INFO] [1756483763.939968281] [robot_state_publisher]: got segment mic_link
[INFO] [1756483763.939970389] [robot_state_publisher]: got segment right_base_link
[INFO] [1756483763.939972589] [robot_state_publisher]: got segment right_bracelet_link
[INFO] [1756483763.939974774] [robot_state_publisher]: got segment right_camera_accel_frame
[INFO] [1756483763.939976985] [robot_state_publisher]: got segment right_camera_accel_optical_frame
[INFO] [1756483763.939979184] [robot_state_publisher]: got segment right_camera_bottom_screw_frame
[INFO] [1756483763.939981415] [robot_state_publisher]: got segment right_camera_bracket_link
[INFO] [1756483763.939983606] [robot_state_publisher]: got segment right_camera_color_frame
[INFO] [1756483763.939985661] [robot_state_publisher]: got segment right_camera_color_optical_frame
[INFO] [1756483763.939987828] [robot_state_publisher]: got segment right_camera_depth_frame
[INFO] [1756483763.939989917] [robot_state_publisher]: got segment right_camera_depth_optical_frame
[INFO] [1756483763.939992107] [robot_state_publisher]: got segment right_camera_gyro_frame
[INFO] [1756483763.939994207] [robot_state_publisher]: got segment right_camera_gyro_optical_frame
[INFO] [1756483763.939996389] [robot_state_publisher]: got segment right_camera_infra1_frame
[INFO] [1756483763.939998465] [robot_state_publisher]: got segment right_camera_infra1_optical_frame
[INFO] [1756483763.940000727] [robot_state_publisher]: got segment right_camera_infra2_frame
[INFO] [1756483763.940002784] [robot_state_publisher]: got segment right_camera_infra2_optical_frame
[INFO] [1756483763.940004907] [robot_state_publisher]: got segment right_camera_link
[INFO] [1756483763.940007086] [robot_state_publisher]: got segment right_end_effector_link
[INFO] [1756483763.940009197] [robot_state_publisher]: got segment right_flange_1_link
[INFO] [1756483763.940011334] [robot_state_publisher]: got segment right_forearm_link
[INFO] [1756483763.940013456] [robot_state_publisher]: got segment right_half_arm_1_link
[INFO] [1756483763.940015574] [robot_state_publisher]: got segment right_half_arm_2_link
[INFO] [1756483763.940018238] [robot_state_publisher]: got segment right_shoulder_link
[INFO] [1756483763.940020455] [robot_state_publisher]: got segment right_spherical_wrist_1_link
[INFO] [1756483763.940022558] [robot_state_publisher]: got segment right_spherical_wrist_2_link
[INFO] [1756483763