[INFO] [1755507914.463812228] [robot_state_publisher]: got segment base_link
[INFO] [1755507914.463866077] [robot_state_publisher]: got segment caster_LB_link
[INFO] [1755507914.463871014] [robot_state_publisher]: got segment caster_RB_link
[INFO] [1755507914.463873527] [robot_state_publisher]: got segment connector_link
[INFO] [1755507914.463875786] [robot_state_publisher]: got segment front_camera_accel_frame
[INFO] [1755507914.463878415] [robot_state_publisher]: got segment front_camera_accel_optical_frame
[INFO] [1755507914.463881096] [robot_state_publisher]: got segment front_camera_bottom_screw_frame
[INFO] [1755507914.463883383] [robot_state_publisher]: got segment front_camera_color_frame
[INFO] [1755507914.463885642] [robot_state_publisher]: got segment front_camera_color_optical_frame
[INFO] [1755507914.463887822] [robot_state_publisher]: got segment front_camera_depth_frame
[INFO] [1755507914.463890136] [robot_state_publisher]: got segment front_camera_depth_optical_frame
[INFO] [1755507914.463892446] [robot_state_publisher]: got segment front_camera_gyro_frame
[INFO] [1755507914.463894743] [robot_state_publisher]: got segment front_camera_gyro_optical_frame
[INFO] [1755507914.463896887] [robot_state_publisher]: got segment front_camera_infra1_frame
[INFO] [1755507914.463899044] [robot_state_publisher]: got segment front_camera_infra1_optical_frame
[INFO] [1755507914.463901302] [robot_state_publisher]: got segment front_camera_infra2_frame
[INFO] [1755507914.463903972] [robot_state_publisher]: got segment front_camera_infra2_optical_frame
[INFO] [1755507914.463906217] [robot_state_publisher]: got segment front_camera_link
[INFO] [1755507914.463908581] [robot_state_publisher]: got segment head_camera_accel_frame
[INFO] [1755507914.463910792] [robot_state_publisher]: got segment head_camera_accel_optical_frame
[INFO] [1755507914.463912975] [robot_state_publisher]: got segment head_camera_bottom_screw_frame
[INFO] [1755507914.463915114] [robot_state_publisher]: got segment head_camera_color_frame
[INFO] [1755507914.463917354] [robot_state_publisher]: got segment head_camera_color_optical_frame
[INFO] [1755507914.463919478] [robot_state_publisher]: got segment head_camera_depth_frame
[INFO] [1755507914.463921642] [robot_state_publisher]: got segment head_camera_depth_optical_frame
[INFO] [1755507914.463923837] [robot_state_publisher]: got segment head_camera_gyro_frame
[INFO] [1755507914.463926007] [robot_state_publisher]: got segment head_camera_gyro_optical_frame
[INFO] [1755507914.463928189] [robot_state_publisher]: got segment head_camera_imu_optical_frame
[INFO] [1755507914.463930298] [robot_state_publisher]: got segment head_camera_infra1_frame
[INFO] [1755507914.463932443] [robot_state_publisher]: got segment head_camera_infra1_optical_frame
[INFO] [1755507914.463934624] [robot_state_publisher]: got segment head_camera_infra2_frame
[INFO] [1755507914.463936830] [robot_state_publisher]: got segment head_camera_infra2_optical_frame
[INFO] [1755507914.463939028] [robot_state_publisher]: got segment head_camera_link
[INFO] [1755507914.463941412] [robot_state_publisher]: got segment head_link
[INFO] [1755507914.463943807] [robot_state_publisher]: got segment laser_B_link
[INFO] [1755507914.463946092] [robot_state_publisher]: got segment left_base_link
[INFO] [1755507914.463948301] [robot_state_publisher]: got segment left_bracelet_link
[INFO] [1755507914.463950664] [robot_state_publisher]: got segment left_camera_accel_frame
[INFO] [1755507914.463952885] [robot_state_publisher]: got segment left_camera_accel_optical_frame
[INFO] [1755507914.463955092] [robot_state_publisher]: got segment left_camera_bottom_screw_frame
[INFO] [1755507914.463957243] [robot_state_publisher]: got segment left_camera_bracket_link
[INFO] [1755507914.463959405] [robot_state_publisher]: got segment left_camera_color_frame
[INFO] [1755507914.463961507] [robot_state_publisher]: got segment left_camera_color_optical_frame
[INFO] [1755507914.463963601] [robot_state_publisher]: got segment left_camera_depth_frame
[INFO] [1755507914.463965751] [robot_state_publisher]: got segment left_camera_depth_optical_frame
[INFO] [1755507914.463980456] [robot_state_publisher]: got segment left_camera_gyro_frame
[INFO] [1755507914.463982744] [robot_state_publisher]: got segment left_camera_gyro_optical_frame
[INFO] [1755507914.463984974] [robot_state_publisher]: got segment left_camera_infra1_frame
[INFO] [1755507914.463987106] [robot_state_publisher]: got segment left_camera_infra1_optical_frame
[INFO] [1755507914.463989258] [robot_state_publisher]: got segment left_camera_infra2_frame
[INFO] [1755507914.463991370] [robot_state_publisher]: got segment left_camera_infra2_optical_frame
[INFO] [1755507914.463993551] [robot_state_publisher]: got segment left_camera_link
[INFO] [1755507914.463995753] [robot_state_publisher]: got segment left_end_effector_link
[INFO] [1755507914.463997960] [robot_state_publisher]: got segment left_flange_1_link
[INFO] [1755507914.464000158] [robot_state_publisher]: got segment left_forearm_link
[INFO] [1755507914.464002382] [robot_state_publisher]: got segment left_half_arm_1_link
[INFO] [1755507914.464004696] [robot_state_publisher]: got segment left_half_arm_2_link
[INFO] [1755507914.464006860] [robot_state_publisher]: got segment left_shoulder_link
[INFO] [1755507914.464009028] [robot_state_publisher]: got segment left_spherical_wrist_1_link
[INFO] [1755507914.464011192] [robot_state_publisher]: got segment left_spherical_wrist_2_link
[INFO] [1755507914.464013875] [robot_state_publisher]: got segment left_tool_frame
[INFO] [1755507914.464016086] [robot_state_publisher]: got segment lidar_link
[INFO] [1755507914.464018296] [robot_state_publisher]: got segment livox_frame
[INFO] [1755507914.464020505] [robot_state_publisher]: got segment mic_link
[INFO] [1755507914.464022667] [robot_state_publisher]: got segment right_base_link
[INFO] [1755507914.464024815] [robot_state_publisher]: got segment right_bracelet_link
[INFO] [1755507914.464026970] [robot_state_publisher]: got segment right_camera_accel_frame
[INFO] [1755507914.464029125] [robot_state_publisher]: got segment right_camera_accel_optical_frame
[INFO] [1755507914.464031314] [robot_state_publisher]: got segment right_camera_bottom_screw_frame
[INFO] [1755507914.464033493] [robot_state_publisher]: got segment right_camera_bracket_link
[INFO] [1755507914.464035673] [robot_state_publisher]: got segment right_camera_color_frame
[INFO] [1755507914.464037791] [robot_state_publisher]: got segment right_camera_color_optical_frame
[INFO] [1755507914.464040908] [robot_state_publisher]: got segment right_camera_depth_frame
[INFO] [1755507914.464043041] [robot_state_publisher]: got segment right_camera_depth_optical_frame
[INFO] [1755507914.464045240] [robot_state_publisher]: got segment right_camera_gyro_frame
[INFO] [1755507914.464047426] [robot_state_publisher]: got segment right_camera_gyro_optical_frame
[INFO] [1755507914.464049592] [robot_state_publisher]: got segment right_camera_infra1_frame
[INFO] [1755507914.464051683] [robot_state_publisher]: got segment right_camera_infra1_optical_frame
[INFO] [1755507914.464053815] [robot_state_publisher]: got segment right_camera_infra2_frame
[INFO] [1755507914.464055915] [robot_state_publisher]: got segment right_camera_infra2_optical_frame
[INFO] [1755507914.464058182] [robot_state_publisher]: got segment right_camera_link
[INFO] [1755507914.464060442] [robot_state_publisher]: got segment right_end_effector_link
[INFO] [1755507914.464062737] [robot_state_publisher]: got segment right_flange_1_link
[INFO] [1755507914.464064948] [robot_state_publisher]: got segment right_forearm_link
[INFO] [1755507914.464067241] [robot_state_publisher]: got segment right_half_arm_1_link
[INFO] [1755507914.464069507] [robot_state_publisher]: got segment right_half_arm_2_link
[INFO] [1755507914.464071729] [robot_state_publisher]: got segment right_shoulder_link
[INFO] [1755507914.464073935] [robot_state_publisher]: got segment right_spherical_wrist_1_link
[INFO] [1755507914.464076152] [robot_state_publisher]: got segment right_spherical_wrist_2_link
[INFO] [1755507914