[INFO] [1756530478.090580649] [robot_state_publisher]: got segment base_link
[INFO] [1756530478.090641102] [robot_state_publisher]: got segment caster_LB_link
[INFO] [1756530478.090645969] [robot_state_publisher]: got segment caster_RB_link
[INFO] [1756530478.090648666] [robot_state_publisher]: got segment connector_link
[INFO] [1756530478.090651085] [robot_state_publisher]: got segment front_camera_accel_frame
[INFO] [1756530478.090653670] [robot_state_publisher]: got segment front_camera_accel_optical_frame
[INFO] [1756530478.090656211] [robot_state_publisher]: got segment front_camera_bottom_screw_frame
[INFO] [1756530478.090658611] [robot_state_publisher]: got segment front_camera_color_frame
[INFO] [1756530478.090660962] [robot_state_publisher]: got segment front_camera_color_optical_frame
[INFO] [1756530478.090663237] [robot_state_publisher]: got segment front_camera_depth_frame
[INFO] [1756530478.090665572] [robot_state_publisher]: got segment front_camera_depth_optical_frame
[INFO] [1756530478.090667914] [robot_state_publisher]: got segment front_camera_gyro_frame
[INFO] [1756530478.090670172] [robot_state_publisher]: got segment front_camera_gyro_optical_frame
[INFO] [1756530478.090673499] [robot_state_publisher]: got segment front_camera_infra1_frame
[INFO] [1756530478.090676124] [robot_state_publisher]: got segment front_camera_infra1_optical_frame
[INFO] [1756530478.090678429] [robot_state_publisher]: got segment front_camera_infra2_frame
[INFO] [1756530478.090680697] [robot_state_publisher]: got segment front_camera_infra2_optical_frame
[INFO] [1756530478.090682953] [robot_state_publisher]: got segment front_camera_link
[INFO] [1756530478.090685475] [robot_state_publisher]: got segment head_camera_accel_frame
[INFO] [1756530478.090687685] [robot_state_publisher]: got segment head_camera_accel_optical_frame
[INFO] [1756530478.090689964] [robot_state_publisher]: got segment head_camera_bottom_screw_frame
[INFO] [1756530478.090692149] [robot_state_publisher]: got segment head_camera_color_frame
[INFO] [1756530478.090694373] [robot_state_publisher]: got segment head_camera_color_optical_frame
[INFO] [1756530478.090696563] [robot_state_publisher]: got segment head_camera_depth_frame
[INFO] [1756530478.090698800] [robot_state_publisher]: got segment head_camera_depth_optical_frame
[INFO] [1756530478.090700972] [robot_state_publisher]: got segment head_camera_gyro_frame
[INFO] [1756530478.090703187] [robot_state_publisher]: got segment head_camera_gyro_optical_frame
[INFO] [1756530478.090705339] [robot_state_publisher]: got segment head_camera_imu_optical_frame
[INFO] [1756530478.090707702] [robot_state_publisher]: got segment head_camera_infra1_frame
[INFO] [1756530478.090709841] [robot_state_publisher]: got segment head_camera_infra1_optical_frame
[INFO] [1756530478.090712014] [robot_state_publisher]: got segment head_camera_infra2_frame
[INFO] [1756530478.090714166] [robot_state_publisher]: got segment head_camera_infra2_optical_frame
[INFO] [1756530478.090716419] [robot_state_publisher]: got segment head_camera_link
[INFO] [1756530478.090718689] [robot_state_publisher]: got segment head_link
[INFO] [1756530478.090721070] [robot_state_publisher]: got segment laser_B_link
[INFO] [1756530478.090723461] [robot_state_publisher]: got segment left_base_link
[INFO] [1756530478.090725713] [robot_state_publisher]: got segment left_bracelet_link
[INFO] [1756530478.090728258] [robot_state_publisher]: got segment left_camera_accel_frame
[INFO] [1756530478.090730484] [robot_state_publisher]: got segment left_camera_accel_optical_frame
[INFO] [1756530478.090732655] [robot_state_publisher]: got segment left_camera_bottom_screw_frame
[INFO] [1756530478.090734812] [robot_state_publisher]: got segment left_camera_bracket_link
[INFO] [1756530478.090736970] [robot_state_publisher]: got segment left_camera_color_frame
[INFO] [1756530478.090739110] [robot_state_publisher]: got segment left_camera_color_optical_frame
[INFO] [1756530478.090741261] [robot_state_publisher]: got segment left_camera_depth_frame
[INFO] [1756530478.090743441] [robot_state_publisher]: got segment left_camera_depth_optical_frame
[INFO] [1756530478.090769141] [robot_state_publisher]: got segment left_camera_gyro_frame
[INFO] [1756530478.090771497] [robot_state_publisher]: got segment left_camera_gyro_optical_frame
[INFO] [1756530478.090773700] [robot_state_publisher]: got segment left_camera_infra1_frame
[INFO] [1756530478.090775831] [robot_state_publisher]: got segment left_camera_infra1_optical_frame
[INFO] [1756530478.090778241] [robot_state_publisher]: got segment left_camera_infra2_frame
[INFO] [1756530478.090780394] [robot_state_publisher]: got segment left_camera_infra2_optical_frame
[INFO] [1756530478.090782793] [robot_state_publisher]: got segment left_camera_link
[INFO] [1756530478.090785048] [robot_state_publisher]: got segment left_end_effector_link
[INFO] [1756530478.090787193] [robot_state_publisher]: got segment left_flange_1_link
[INFO] [1756530478.090790547] [robot_state_publisher]: got segment left_forearm_link
[INFO] [1756530478.090792800] [robot_state_publisher]: got segment left_half_arm_1_link
[INFO] [1756530478.090795029] [robot_state_publisher]: got segment left_half_arm_2_link
[INFO] [1756530478.090797158] [robot_state_publisher]: got segment left_shoulder_link
[INFO] [1756530478.090799856] [robot_state_publisher]: got segment left_spherical_wrist_1_link
[INFO] [1756530478.090801984] [robot_state_publisher]: got segment left_spherical_wrist_2_link
[INFO] [1756530478.090804077] [robot_state_publisher]: got segment left_tool_frame
[INFO] [1756530478.090806290] [robot_state_publisher]: got segment lidar_link
[INFO] [1756530478.090808566] [robot_state_publisher]: got segment livox_frame
[INFO] [1756530478.090810778] [robot_state_publisher]: got segment mic_link
[INFO] [1756530478.090812959] [robot_state_publisher]: got segment right_base_link
[INFO] [1756530478.090815077] [robot_state_publisher]: got segment right_bracelet_link
[INFO] [1756530478.090817229] [robot_state_publisher]: got segment right_camera_accel_frame
[INFO] [1756530478.090819383] [robot_state_publisher]: got segment right_camera_accel_optical_frame
[INFO] [1756530478.090821562] [robot_state_publisher]: got segment right_camera_bottom_screw_frame
[INFO] [1756530478.090823785] [robot_state_publisher]: got segment right_camera_bracket_link
[INFO] [1756530478.090825949] [robot_state_publisher]: got segment right_camera_color_frame
[INFO] [1756530478.090828024] [robot_state_publisher]: got segment right_camera_color_optical_frame
[INFO] [1756530478.090830164] [robot_state_publisher]: got segment right_camera_depth_frame
[INFO] [1756530478.090832255] [robot_state_publisher]: got segment right_camera_depth_optical_frame
[INFO] [1756530478.090834356] [robot_state_publisher]: got segment right_camera_gyro_frame
[INFO] [1756530478.090836519] [robot_state_publisher]: got segment right_camera_gyro_optical_frame
[INFO] [1756530478.090838642] [robot_state_publisher]: got segment right_camera_infra1_frame
[INFO] [1756530478.090840725] [robot_state_publisher]: got segment right_camera_infra1_optical_frame
[INFO] [1756530478.090843487] [robot_state_publisher]: got segment right_camera_infra2_frame
[INFO] [1756530478.090846729] [robot_state_publisher]: got segment right_camera_infra2_optical_frame
[INFO] [1756530478.090848792] [robot_state_publisher]: got segment right_camera_link
[INFO] [1756530478.090851042] [robot_state_publisher]: got segment right_end_effector_link
[INFO] [1756530478.090853132] [robot_state_publisher]: got segment right_flange_1_link
[INFO] [1756530478.090855269] [robot_state_publisher]: got segment right_forearm_link
[INFO] [1756530478.090861095] [robot_state_publisher]: got segment right_half_arm_1_link
[INFO] [1756530478.090863431] [robot_state_publisher]: got segment right_half_arm_2_link
[INFO] [1756530478.090865478] [robot_state_publisher]: got segment right_shoulder_link
[INFO] [1756530478.090867663] [robot_state_publisher]: got segment right_spherical_wrist_1_link
[INFO] [1756530478.090869850] [robot_state_publisher]: got segment right_spherical_wrist_2_link
[INFO] [1756530478