[INFO] [1756519962.527519739] [robot_state_publisher]: got segment base_link
[INFO] [1756519962.527577864] [robot_state_publisher]: got segment caster_LB_link
[INFO] [1756519962.527581832] [robot_state_publisher]: got segment caster_RB_link
[INFO] [1756519962.527584113] [robot_state_publisher]: got segment connector_link
[INFO] [1756519962.527586051] [robot_state_publisher]: got segment front_camera_accel_frame
[INFO] [1756519962.527588155] [robot_state_publisher]: got segment front_camera_accel_optical_frame
[INFO] [1756519962.527590241] [robot_state_publisher]: got segment front_camera_bottom_screw_frame
[INFO] [1756519962.527592226] [robot_state_publisher]: got segment front_camera_color_frame
[INFO] [1756519962.527594167] [robot_state_publisher]: got segment front_camera_color_optical_frame
[INFO] [1756519962.527596095] [robot_state_publisher]: got segment front_camera_depth_frame
[INFO] [1756519962.527598107] [robot_state_publisher]: got segment front_camera_depth_optical_frame
[INFO] [1756519962.527599999] [robot_state_publisher]: got segment front_camera_gyro_frame
[INFO] [1756519962.527601961] [robot_state_publisher]: got segment front_camera_gyro_optical_frame
[INFO] [1756519962.527603815] [robot_state_publisher]: got segment front_camera_infra1_frame
[INFO] [1756519962.527605718] [robot_state_publisher]: got segment front_camera_infra1_optical_frame
[INFO] [1756519962.527607665] [robot_state_publisher]: got segment front_camera_infra2_frame
[INFO] [1756519962.527609462] [robot_state_publisher]: got segment front_camera_infra2_optical_frame
[INFO] [1756519962.527611259] [robot_state_publisher]: got segment front_camera_link
[INFO] [1756519962.527613149] [robot_state_publisher]: got segment head_camera_accel_frame
[INFO] [1756519962.527615020] [robot_state_publisher]: got segment head_camera_accel_optical_frame
[INFO] [1756519962.527616841] [robot_state_publisher]: got segment head_camera_bottom_screw_frame
[INFO] [1756519962.527618817] [robot_state_publisher]: got segment head_camera_color_frame
[INFO] [1756519962.527620671] [robot_state_publisher]: got segment head_camera_color_optical_frame
[INFO] [1756519962.527622608] [robot_state_publisher]: got segment head_camera_depth_frame
[INFO] [1756519962.527624492] [robot_state_publisher]: got segment head_camera_depth_optical_frame
[INFO] [1756519962.527626408] [robot_state_publisher]: got segment head_camera_gyro_frame
[INFO] [1756519962.527628227] [robot_state_publisher]: got segment head_camera_gyro_optical_frame
[INFO] [1756519962.527630033] [robot_state_publisher]: got segment head_camera_imu_optical_frame
[INFO] [1756519962.527631911] [robot_state_publisher]: got segment head_camera_infra1_frame
[INFO] [1756519962.527633736] [robot_state_publisher]: got segment head_camera_infra1_optical_frame
[INFO] [1756519962.527635594] [robot_state_publisher]: got segment head_camera_infra2_frame
[INFO] [1756519962.527637562] [robot_state_publisher]: got segment head_camera_infra2_optical_frame
[INFO] [1756519962.527639401] [robot_state_publisher]: got segment head_camera_link
[INFO] [1756519962.527641311] [robot_state_publisher]: got segment head_link
[INFO] [1756519962.527643278] [robot_state_publisher]: got segment laser_B_link
[INFO] [1756519962.527645139] [robot_state_publisher]: got segment left_base_link
[INFO] [1756519962.527647015] [robot_state_publisher]: got segment left_bracelet_link
[INFO] [1756519962.527648989] [robot_state_publisher]: got segment left_camera_accel_frame
[INFO] [1756519962.527651037] [robot_state_publisher]: got segment left_camera_accel_optical_frame
[INFO] [1756519962.527652930] [robot_state_publisher]: got segment left_camera_bottom_screw_frame
[INFO] [1756519962.527654753] [robot_state_publisher]: got segment left_camera_bracket_link
[INFO] [1756519962.527656572] [robot_state_publisher]: got segment left_camera_color_frame
[INFO] [1756519962.527658409] [robot_state_publisher]: got segment left_camera_color_optical_frame
[INFO] [1756519962.527660314] [robot_state_publisher]: got segment left_camera_depth_frame
[INFO] [1756519962.527662162] [robot_state_publisher]: got segment left_camera_depth_optical_frame
[INFO] [1756519962.527674843] [robot_state_publisher]: got segment left_camera_gyro_frame
[INFO] [1756519962.527676781] [robot_state_publisher]: got segment left_camera_gyro_optical_frame
[INFO] [1756519962.527678631] [robot_state_publisher]: got segment left_camera_infra1_frame
[INFO] [1756519962.527680421] [robot_state_publisher]: got segment left_camera_infra1_optical_frame
[INFO] [1756519962.527682321] [robot_state_publisher]: got segment left_camera_infra2_frame
[INFO] [1756519962.527684136] [robot_state_publisher]: got segment left_camera_infra2_optical_frame
[INFO] [1756519962.527686002] [robot_state_publisher]: got segment left_camera_link
[INFO] [1756519962.527687947] [robot_state_publisher]: got segment left_end_effector_link
[INFO] [1756519962.527689754] [robot_state_publisher]: got segment left_flange_1_link
[INFO] [1756519962.527691634] [robot_state_publisher]: got segment left_forearm_link
[INFO] [1756519962.527693531] [robot_state_publisher]: got segment left_half_arm_1_link
[INFO] [1756519962.527695478] [robot_state_publisher]: got segment left_half_arm_2_link
[INFO] [1756519962.527697303] [robot_state_publisher]: got segment left_shoulder_link
[INFO] [1756519962.527699137] [robot_state_publisher]: got segment left_spherical_wrist_1_link
[INFO] [1756519962.527701015] [robot_state_publisher]: got segment left_spherical_wrist_2_link
[INFO] [1756519962.527702811] [robot_state_publisher]: got segment left_tool_frame
[INFO] [1756519962.527704783] [robot_state_publisher]: got segment lidar_link
[INFO] [1756519962.527706663] [robot_state_publisher]: got segment livox_frame
[INFO] [1756519962.527708507] [robot_state_publisher]: got segment mic_link
[INFO] [1756519962.527710379] [robot_state_publisher]: got segment right_base_link
[INFO] [1756519962.527712341] [robot_state_publisher]: got segment right_bracelet_link
[INFO] [1756519962.527714270] [robot_state_publisher]: got segment right_camera_accel_frame
[INFO] [1756519962.527716137] [robot_state_publisher]: got segment right_camera_accel_optical_frame
[INFO] [1756519962.527718563] [robot_state_publisher]: got segment right_camera_bottom_screw_frame
[INFO] [1756519962.527720568] [robot_state_publisher]: got segment right_camera_bracket_link
[INFO] [1756519962.527722421] [robot_state_publisher]: got segment right_camera_color_frame
[INFO] [1756519962.527724195] [robot_state_publisher]: got segment right_camera_color_optical_frame
[INFO] [1756519962.527726022] [robot_state_publisher]: got segment right_camera_depth_frame
[INFO] [1756519962.527727860] [robot_state_publisher]: got segment right_camera_depth_optical_frame
[INFO] [1756519962.527729704] [robot_state_publisher]: got segment right_camera_gyro_frame
[INFO] [1756519962.527731536] [robot_state_publisher]: got segment right_camera_gyro_optical_frame
[INFO] [1756519962.527733367] [robot_state_publisher]: got segment right_camera_infra1_frame
[INFO] [1756519962.527735187] [robot_state_publisher]: got segment right_camera_infra1_optical_frame
[INFO] [1756519962.527737158] [robot_state_publisher]: got segment right_camera_infra2_frame
[INFO] [1756519962.527738915] [robot_state_publisher]: got segment right_camera_infra2_optical_frame
[INFO] [1756519962.527740723] [robot_state_publisher]: got segment right_camera_link
[INFO] [1756519962.527742594] [robot_state_publisher]: got segment right_end_effector_link
[INFO] [1756519962.527744410] [robot_state_publisher]: got segment right_flange_1_link
[INFO] [1756519962.527746252] [robot_state_publisher]: got segment right_forearm_link
[INFO] [1756519962.527748115] [robot_state_publisher]: got segment right_half_arm_1_link
[INFO] [1756519962.527749979] [robot_state_publisher]: got segment right_half_arm_2_link
[INFO] [1756519962.527751801] [robot_state_publisher]: got segment right_shoulder_link
[INFO] [1756519962.527753653] [robot_state_publisher]: got segment right_spherical_wrist_1_link
[INFO] [1756519962.527755482] [robot_state_publisher]: got segment right_spherical_wrist_2_link
[INFO] [1756519962.527757301] [robot_state_publisher]: got segment right_tool_frame
[INFO] [1756519962.527761570] [robot_state_publisher]: got segment trunk_1_link
[INFO] [1756519962.527763558] [robot_state_publisher]: got segment trunk_2_link
[INFO] [1756519962.527765510] [robot_state_publisher]: got segment trunk_link
[INFO] [1756519962.527767347] [robot_state_publisher]: got segment wheel_LF_link
[INFO] [1756519962.527769238] [robot_state_publisher]: got segment wheel_RF_link
[INFO] [1756530467.064185887] [rclcpp]: signal_handler(signum=2)
