[INFO] [1756009589.146241952] [robot_state_publisher]: got segment base_link
[INFO] [1756009589.146295552] [robot_state_publisher]: got segment caster_LB_link
[INFO] [1756009589.146299877] [robot_state_publisher]: got segment caster_RB_link
[INFO] [1756009589.146301976] [robot_state_publisher]: got segment connector_link
[INFO] [1756009589.146303919] [robot_state_publisher]: got segment front_camera_accel_frame
[INFO] [1756009589.146306059] [robot_state_publisher]: got segment front_camera_accel_optical_frame
[INFO] [1756009589.146308282] [robot_state_publisher]: got segment front_camera_bottom_screw_frame
[INFO] [1756009589.146310165] [robot_state_publisher]: got segment front_camera_color_frame
[INFO] [1756009589.146312143] [robot_state_publisher]: got segment front_camera_color_optical_frame
[INFO] [1756009589.146314219] [robot_state_publisher]: got segment front_camera_depth_frame
[INFO] [1756009589.146316167] [robot_state_publisher]: got segment front_camera_depth_optical_frame
[INFO] [1756009589.146318210] [robot_state_publisher]: got segment front_camera_gyro_frame
[INFO] [1756009589.146320098] [robot_state_publisher]: got segment front_camera_gyro_optical_frame
[INFO] [1756009589.146322028] [robot_state_publisher]: got segment front_camera_infra1_frame
[INFO] [1756009589.146323922] [robot_state_publisher]: got segment front_camera_infra1_optical_frame
[INFO] [1756009589.146325874] [robot_state_publisher]: got segment front_camera_infra2_frame
[INFO] [1756009589.146327670] [robot_state_publisher]: got segment front_camera_infra2_optical_frame
[INFO] [1756009589.146329579] [robot_state_publisher]: got segment front_camera_link
[INFO] [1756009589.146331696] [robot_state_publisher]: got segment head_camera_accel_frame
[INFO] [1756009589.146333563] [robot_state_publisher]: got segment head_camera_accel_optical_frame
[INFO] [1756009589.146335575] [robot_state_publisher]: got segment head_camera_bottom_screw_frame
[INFO] [1756009589.146337467] [robot_state_publisher]: got segment head_camera_color_frame
[INFO] [1756009589.146339278] [robot_state_publisher]: got segment head_camera_color_optical_frame
[INFO] [1756009589.146341169] [robot_state_publisher]: got segment head_camera_depth_frame
[INFO] [1756009589.146343009] [robot_state_publisher]: got segment head_camera_depth_optical_frame
[INFO] [1756009589.146344914] [robot_state_publisher]: got segment head_camera_gyro_frame
[INFO] [1756009589.146346766] [robot_state_publisher]: got segment head_camera_gyro_optical_frame
[INFO] [1756009589.146348611] [robot_state_publisher]: got segment head_camera_imu_optical_frame
[INFO] [1756009589.146350506] [robot_state_publisher]: got segment head_camera_infra1_frame
[INFO] [1756009589.146352539] [robot_state_publisher]: got segment head_camera_infra1_optical_frame
[INFO] [1756009589.146354520] [robot_state_publisher]: got segment head_camera_infra2_frame
[INFO] [1756009589.146356464] [robot_state_publisher]: got segment head_camera_infra2_optical_frame
[INFO] [1756009589.146358407] [robot_state_publisher]: got segment head_camera_link
[INFO] [1756009589.146361389] [robot_state_publisher]: got segment head_link
[INFO] [1756009589.146364477] [robot_state_publisher]: got segment laser_B_link
[INFO] [1756009589.146367641] [robot_state_publisher]: got segment left_base_link
[INFO] [1756009589.146370568] [robot_state_publisher]: got segment left_bracelet_link
[INFO] [1756009589.146373867] [robot_state_publisher]: got segment left_camera_accel_frame
[INFO] [1756009589.146376862] [robot_state_publisher]: got segment left_camera_accel_optical_frame
[INFO] [1756009589.146379995] [robot_state_publisher]: got segment left_camera_bottom_screw_frame
[INFO] [1756009589.146383141] [robot_state_publisher]: got segment left_camera_bracket_link
[INFO] [1756009589.146386578] [robot_state_publisher]: got segment left_camera_color_frame
[INFO] [1756009589.146389376] [robot_state_publisher]: got segment left_camera_color_optical_frame
[INFO] [1756009589.146391268] [robot_state_publisher]: got segment left_camera_depth_frame
[INFO] [1756009589.146393194] [robot_state_publisher]: got segment left_camera_depth_optical_frame
[INFO] [1756009589.146406750] [robot_state_publisher]: got segment left_camera_gyro_frame
[INFO] [1756009589.146408974] [robot_state_publisher]: got segment left_camera_gyro_optical_frame
[INFO] [1756009589.146411056] [robot_state_publisher]: got segment left_camera_infra1_frame
[INFO] [1756009589.146413005] [robot_state_publisher]: got segment left_camera_infra1_optical_frame
[INFO] [1756009589.146414976] [robot_state_publisher]: got segment left_camera_infra2_frame
[INFO] [1756009589.146416971] [robot_state_publisher]: got segment left_camera_infra2_optical_frame
[INFO] [1756009589.146419053] [robot_state_publisher]: got segment left_camera_link
[INFO] [1756009589.146421048] [robot_state_publisher]: got segment left_end_effector_link
[INFO] [1756009589.146422969] [robot_state_publisher]: got segment left_flange_1_link
[INFO] [1756009589.146424986] [robot_state_publisher]: got segment left_forearm_link
[INFO] [1756009589.146427030] [robot_state_publisher]: got segment left_half_arm_1_link
[INFO] [1756009589.146429222] [robot_state_publisher]: got segment left_half_arm_2_link
[INFO] [1756009589.146431122] [robot_state_publisher]: got segment left_shoulder_link
[INFO] [1756009589.146433049] [robot_state_publisher]: got segment left_spherical_wrist_1_link
[INFO] [1756009589.146434950] [robot_state_publisher]: got segment left_spherical_wrist_2_link
[INFO] [1756009589.146436864] [robot_state_publisher]: got segment left_tool_frame
[INFO] [1756009589.146438864] [robot_state_publisher]: got segment lidar_link
[INFO] [1756009589.146440915] [robot_state_publisher]: got segment livox_frame
[INFO] [1756009589.146442955] [robot_state_publisher]: got segment mic_link
[INFO] [1756009589.146444971] [robot_state_publisher]: got segment right_base_link
[INFO] [1756009589.146447063] [robot_state_publisher]: got segment right_bracelet_link
[INFO] [1756009589.146449203] [robot_state_publisher]: got segment right_camera_accel_frame
[INFO] [1756009589.146451246] [robot_state_publisher]: got segment right_camera_accel_optical_frame
[INFO] [1756009589.146453336] [robot_state_publisher]: got segment right_camera_bottom_screw_frame
[INFO] [1756009589.146455448] [robot_state_publisher]: got segment right_camera_bracket_link
[INFO] [1756009589.146457489] [robot_state_publisher]: got segment right_camera_color_frame
[INFO] [1756009589.146459444] [robot_state_publisher]: got segment right_camera_color_optical_frame
[INFO] [1756009589.146461475] [robot_state_publisher]: got segment right_camera_depth_frame
[INFO] [1756009589.146463601] [robot_state_publisher]: got segment right_camera_depth_optical_frame
[INFO] [1756009589.146466283] [robot_state_publisher]: got segment right_camera_gyro_frame
[INFO] [1756009589.146468251] [robot_state_publisher]: got segment right_camera_gyro_optical_frame
[INFO] [1756009589.146470384] [robot_state_publisher]: got segment right_camera_infra1_frame
[INFO] [1756009589.146472568] [robot_state_publisher]: got segment right_camera_infra1_optical_frame
[INFO] [1756009589.146474577] [robot_state_publisher]: got segment right_camera_infra2_frame
[INFO] [1756009589.146476523] [robot_state_publisher]: got segment right_camera_infra2_optical_frame
[INFO] [1756009589.146478539] [robot_state_publisher]: got segment right_camera_link
[INFO] [1756009589.146480621] [robot_state_publisher]: got segment right_end_effector_link
[INFO] [1756009589.146482727] [robot_state_publisher]: got segment right_flange_1_link
[INFO] [1756009589.146484828] [robot_state_publisher]: got segment right_forearm_link
[INFO] [1756009589.146486904] [robot_state_publisher]: got segment right_half_arm_1_link
[INFO] [1756009589.146488920] [robot_state_publisher]: got segment right_half_arm_2_link
[INFO] [1756009589.146490881] [robot_state_publisher]: got segment right_shoulder_link
[INFO] [1756009589.146493279] [robot_state_publisher]: got segment right_spherical_wrist_1_link
[INFO] [1756009589.146495254] [robot_state_publisher]: got segment right_spherical_wrist_2_link
[INFO] [1756009589