[INFO] [1755508327.890879910] [robot_state_publisher]: got segment base_link
[INFO] [1755508327.890946924] [robot_state_publisher]: got segment caster_LB_link
[INFO] [1755508327.890951738] [robot_state_publisher]: got segment caster_RB_link
[INFO] [1755508327.890954796] [robot_state_publisher]: got segment connector_link
[INFO] [1755508327.890957306] [robot_state_publisher]: got segment front_camera_accel_frame
[INFO] [1755508327.890960088] [robot_state_publisher]: got segment front_camera_accel_optical_frame
[INFO] [1755508327.890962675] [robot_state_publisher]: got segment front_camera_bottom_screw_frame
[INFO] [1755508327.890965104] [robot_state_publisher]: got segment front_camera_color_frame
[INFO] [1755508327.890967669] [robot_state_publisher]: got segment front_camera_color_optical_frame
[INFO] [1755508327.890970093] [robot_state_publisher]: got segment front_camera_depth_frame
[INFO] [1755508327.890972491] [robot_state_publisher]: got segment front_camera_depth_optical_frame
[INFO] [1755508327.890974957] [robot_state_publisher]: got segment front_camera_gyro_frame
[INFO] [1755508327.890977352] [robot_state_publisher]: got segment front_camera_gyro_optical_frame
[INFO] [1755508327.890979694] [robot_state_publisher]: got segment front_camera_infra1_frame
[INFO] [1755508327.890981992] [robot_state_publisher]: got segment front_camera_infra1_optical_frame
[INFO] [1755508327.890984389] [robot_state_publisher]: got segment front_camera_infra2_frame
[INFO] [1755508327.890986748] [robot_state_publisher]: got segment front_camera_infra2_optical_frame
[INFO] [1755508327.890989189] [robot_state_publisher]: got segment front_camera_link
[INFO] [1755508327.890991816] [robot_state_publisher]: got segment head_camera_accel_frame
[INFO] [1755508327.890994215] [robot_state_publisher]: got segment head_camera_accel_optical_frame
[INFO] [1755508327.890996775] [robot_state_publisher]: got segment head_camera_bottom_screw_frame
[INFO] [1755508327.890999106] [robot_state_publisher]: got segment head_camera_color_frame
[INFO] [1755508327.891001414] [robot_state_publisher]: got segment head_camera_color_optical_frame
[INFO] [1755508327.891003757] [robot_state_publisher]: got segment head_camera_depth_frame
[INFO] [1755508327.891006096] [robot_state_publisher]: got segment head_camera_depth_optical_frame
[INFO] [1755508327.891008465] [robot_state_publisher]: got segment head_camera_gyro_frame
[INFO] [1755508327.891010801] [robot_state_publisher]: got segment head_camera_gyro_optical_frame
[INFO] [1755508327.891013134] [robot_state_publisher]: got segment head_camera_imu_optical_frame
[INFO] [1755508327.891015437] [robot_state_publisher]: got segment head_camera_infra1_frame
[INFO] [1755508327.891017748] [robot_state_publisher]: got segment head_camera_infra1_optical_frame
[INFO] [1755508327.891020158] [robot_state_publisher]: got segment head_camera_infra2_frame
[INFO] [1755508327.891022495] [robot_state_publisher]: got segment head_camera_infra2_optical_frame
[INFO] [1755508327.891024864] [robot_state_publisher]: got segment head_camera_link
[INFO] [1755508327.891027234] [robot_state_publisher]: got segment head_link
[INFO] [1755508327.891029666] [robot_state_publisher]: got segment laser_B_link
[INFO] [1755508327.891032114] [robot_state_publisher]: got segment left_base_link
[INFO] [1755508327.891034517] [robot_state_publisher]: got segment left_bracelet_link
[INFO] [1755508327.891037105] [robot_state_publisher]: got segment left_camera_accel_frame
[INFO] [1755508327.891039473] [robot_state_publisher]: got segment left_camera_accel_optical_frame
[INFO] [1755508327.891041823] [robot_state_publisher]: got segment left_camera_bottom_screw_frame
[INFO] [1755508327.891044306] [robot_state_publisher]: got segment left_camera_bracket_link
[INFO] [1755508327.891046736] [robot_state_publisher]: got segment left_camera_color_frame
[INFO] [1755508327.891049969] [robot_state_publisher]: got segment left_camera_color_optical_frame
[INFO] [1755508327.891052334] [robot_state_publisher]: got segment left_camera_depth_frame
[INFO] [1755508327.891054774] [robot_state_publisher]: got segment left_camera_depth_optical_frame
[INFO] [1755508327.891072751] [robot_state_publisher]: got segment left_camera_gyro_frame
[INFO] [1755508327.891075186] [robot_state_publisher]: got segment left_camera_gyro_optical_frame
[INFO] [1755508327.891077700] [robot_state_publisher]: got segment left_camera_infra1_frame
[INFO] [1755508327.891080057] [robot_state_publisher]: got segment left_camera_infra1_optical_frame
[INFO] [1755508327.891082505] [robot_state_publisher]: got segment left_camera_infra2_frame
[INFO] [1755508327.891084894] [robot_state_publisher]: got segment left_camera_infra2_optical_frame
[INFO] [1755508327.891087291] [robot_state_publisher]: got segment left_camera_link
[INFO] [1755508327.891089806] [robot_state_publisher]: got segment left_end_effector_link
[INFO] [1755508327.891092175] [robot_state_publisher]: got segment left_flange_1_link
[INFO] [1755508327.891094668] [robot_state_publisher]: got segment left_forearm_link
[INFO] [1755508327.891097131] [robot_state_publisher]: got segment left_half_arm_1_link
[INFO] [1755508327.891099827] [robot_state_publisher]: got segment left_half_arm_2_link
[INFO] [1755508327.891102296] [robot_state_publisher]: got segment left_shoulder_link
[INFO] [1755508327.891104866] [robot_state_publisher]: got segment left_spherical_wrist_1_link
[INFO] [1755508327.891107285] [robot_state_publisher]: got segment left_spherical_wrist_2_link
[INFO] [1755508327.891109716] [robot_state_publisher]: got segment left_tool_frame
[INFO] [1755508327.891112688] [robot_state_publisher]: got segment lidar_link
[INFO] [1755508327.891115130] [robot_state_publisher]: got segment livox_frame
[INFO] [1755508327.891117588] [robot_state_publisher]: got segment mic_link
[INFO] [1755508327.891119999] [robot_state_publisher]: got segment right_base_link
[INFO] [1755508327.891122422] [robot_state_publisher]: got segment right_bracelet_link
[INFO] [1755508327.891124856] [robot_state_publisher]: got segment right_camera_accel_frame
[INFO] [1755508327.891127281] [robot_state_publisher]: got segment right_camera_accel_optical_frame
[INFO] [1755508327.891129735] [robot_state_publisher]: got segment right_camera_bottom_screw_frame
[INFO] [1755508327.891132198] [robot_state_publisher]: got segment right_camera_bracket_link
[INFO] [1755508327.891134568] [robot_state_publisher]: got segment right_camera_color_frame
[INFO] [1755508327.891136937] [robot_state_publisher]: got segment right_camera_color_optical_frame
[INFO] [1755508327.891139356] [robot_state_publisher]: got segment right_camera_depth_frame
[INFO] [1755508327.891141715] [robot_state_publisher]: got segment right_camera_depth_optical_frame
[INFO] [1755508327.891144117] [robot_state_publisher]: got segment right_camera_gyro_frame
[INFO] [1755508327.891146461] [robot_state_publisher]: got segment right_camera_gyro_optical_frame
[INFO] [1755508327.891148886] [robot_state_publisher]: got segment right_camera_infra1_frame
[INFO] [1755508327.891151307] [robot_state_publisher]: got segment right_camera_infra1_optical_frame
[INFO] [1755508327.891153731] [robot_state_publisher]: got segment right_camera_infra2_frame
[INFO] [1755508327.891156093] [robot_state_publisher]: got segment right_camera_infra2_optical_frame
[INFO] [1755508327.891158552] [robot_state_publisher]: got segment right_camera_link
[INFO] [1755508327.891161036] [robot_state_publisher]: got segment right_end_effector_link
[INFO] [1755508327.891163406] [robot_state_publisher]: got segment right_flange_1_link
[INFO] [1755508327.891165947] [robot_state_publisher]: got segment right_forearm_link
[INFO] [1755508327.891168369] [robot_state_publisher]: got segment right_half_arm_1_link
[INFO] [1755508327.891170760] [robot_state_publisher]: got segment right_half_arm_2_link
[INFO] [1755508327.891174240] [robot_state_publisher]: got segment right_shoulder_link
[INFO] [1755508327.891177101] [robot_state_publisher]: got segment right_spherical_wrist_1_link
[INFO] [1755508327.891179516] [robot_state_publisher]: got segment right_spherical_wrist_2_link
[INFO] [1755508327