[INFO] [1756434397.888278079] [robot_state_publisher]: got segment base_link
[INFO] [1756434397.888335156] [robot_state_publisher]: got segment caster_LB_link
[INFO] [1756434397.888339742] [robot_state_publisher]: got segment caster_RB_link
[INFO] [1756434397.888341825] [robot_state_publisher]: got segment connector_link
[INFO] [1756434397.888343735] [robot_state_publisher]: got segment front_camera_accel_frame
[INFO] [1756434397.888345886] [robot_state_publisher]: got segment front_camera_accel_optical_frame
[INFO] [1756434397.888347900] [robot_state_publisher]: got segment front_camera_bottom_screw_frame
[INFO] [1756434397.888350371] [robot_state_publisher]: got segment front_camera_color_frame
[INFO] [1756434397.888352350] [robot_state_publisher]: got segment front_camera_color_optical_frame
[INFO] [1756434397.888354278] [robot_state_publisher]: got segment front_camera_depth_frame
[INFO] [1756434397.888356189] [robot_state_publisher]: got segment front_camera_depth_optical_frame
[INFO] [1756434397.888358106] [robot_state_publisher]: got segment front_camera_gyro_frame
[INFO] [1756434397.888360005] [robot_state_publisher]: got segment front_camera_gyro_optical_frame
[INFO] [1756434397.888361848] [robot_state_publisher]: got segment front_camera_infra1_frame
[INFO] [1756434397.888363857] [robot_state_publisher]: got segment front_camera_infra1_optical_frame
[INFO] [1756434397.888365799] [robot_state_publisher]: got segment front_camera_infra2_frame
[INFO] [1756434397.888367684] [robot_state_publisher]: got segment front_camera_infra2_optical_frame
[INFO] [1756434397.888369512] [robot_state_publisher]: got segment front_camera_link
[INFO] [1756434397.888371466] [robot_state_publisher]: got segment head_camera_accel_frame
[INFO] [1756434397.888373340] [robot_state_publisher]: got segment head_camera_accel_optical_frame
[INFO] [1756434397.888375255] [robot_state_publisher]: got segment head_camera_bottom_screw_frame
[INFO] [1756434397.888377107] [robot_state_publisher]: got segment head_camera_color_frame
[INFO] [1756434397.888378928] [robot_state_publisher]: got segment head_camera_color_optical_frame
[INFO] [1756434397.888380752] [robot_state_publisher]: got segment head_camera_depth_frame
[INFO] [1756434397.888382576] [robot_state_publisher]: got segment head_camera_depth_optical_frame
[INFO] [1756434397.888384541] [robot_state_publisher]: got segment head_camera_gyro_frame
[INFO] [1756434397.888386425] [robot_state_publisher]: got segment head_camera_gyro_optical_frame
[INFO] [1756434397.888388274] [robot_state_publisher]: got segment head_camera_imu_optical_frame
[INFO] [1756434397.888390311] [robot_state_publisher]: got segment head_camera_infra1_frame
[INFO] [1756434397.888392285] [robot_state_publisher]: got segment head_camera_infra1_optical_frame
[INFO] [1756434397.888394203] [robot_state_publisher]: got segment head_camera_infra2_frame
[INFO] [1756434397.888396195] [robot_state_publisher]: got segment head_camera_infra2_optical_frame
[INFO] [1756434397.888398205] [robot_state_publisher]: got segment head_camera_link
[INFO] [1756434397.888400177] [robot_state_publisher]: got segment head_link
[INFO] [1756434397.888402363] [robot_state_publisher]: got segment laser_B_link
[INFO] [1756434397.888404423] [robot_state_publisher]: got segment left_base_link
[INFO] [1756434397.888406330] [robot_state_publisher]: got segment left_bracelet_link
[INFO] [1756434397.888408335] [robot_state_publisher]: got segment left_camera_accel_frame
[INFO] [1756434397.888410266] [robot_state_publisher]: got segment left_camera_accel_optical_frame
[INFO] [1756434397.888412234] [robot_state_publisher]: got segment left_camera_bottom_screw_frame
[INFO] [1756434397.888414130] [robot_state_publisher]: got segment left_camera_bracket_link
[INFO] [1756434397.888416011] [robot_state_publisher]: got segment left_camera_color_frame
[INFO] [1756434397.888417885] [robot_state_publisher]: got segment left_camera_color_optical_frame
[INFO] [1756434397.888419757] [robot_state_publisher]: got segment left_camera_depth_frame
[INFO] [1756434397.888421653] [robot_state_publisher]: got segment left_camera_depth_optical_frame
[INFO] [1756434397.888435051] [robot_state_publisher]: got segment left_camera_gyro_frame
[INFO] [1756434397.888437176] [robot_state_publisher]: got segment left_camera_gyro_optical_frame
[INFO] [1756434397.888439069] [robot_state_publisher]: got segment left_camera_infra1_frame
[INFO] [1756434397.888440932] [robot_state_publisher]: got segment left_camera_infra1_optical_frame
[INFO] [1756434397.888442813] [robot_state_publisher]: got segment left_camera_infra2_frame
[INFO] [1756434397.888444669] [robot_state_publisher]: got segment left_camera_infra2_optical_frame
[INFO] [1756434397.888446586] [robot_state_publisher]: got segment left_camera_link
[INFO] [1756434397.888448525] [robot_state_publisher]: got segment left_end_effector_link
[INFO] [1756434397.888450473] [robot_state_publisher]: got segment left_flange_1_link
[INFO] [1756434397.888452457] [robot_state_publisher]: got segment left_forearm_link
[INFO] [1756434397.888454375] [robot_state_publisher]: got segment left_half_arm_1_link
[INFO] [1756434397.888456364] [robot_state_publisher]: got segment left_half_arm_2_link
[INFO] [1756434397.888458232] [robot_state_publisher]: got segment left_shoulder_link
[INFO] [1756434397.888460160] [robot_state_publisher]: got segment left_spherical_wrist_1_link
[INFO] [1756434397.888462052] [robot_state_publisher]: got segment left_spherical_wrist_2_link
[INFO] [1756434397.888463957] [robot_state_publisher]: got segment left_tool_frame
[INFO] [1756434397.888465868] [robot_state_publisher]: got segment lidar_link
[INFO] [1756434397.888467865] [robot_state_publisher]: got segment livox_frame
[INFO] [1756434397.888469788] [robot_state_publisher]: got segment mic_link
[INFO] [1756434397.888471704] [robot_state_publisher]: got segment right_base_link
[INFO] [1756434397.888473636] [robot_state_publisher]: got segment right_bracelet_link
[INFO] [1756434397.888475539] [robot_state_publisher]: got segment right_camera_accel_frame
[INFO] [1756434397.888477457] [robot_state_publisher]: got segment right_camera_accel_optical_frame
[INFO] [1756434397.888479385] [robot_state_publisher]: got segment right_camera_bottom_screw_frame
[INFO] [1756434397.888481289] [robot_state_publisher]: got segment right_camera_bracket_link
[INFO] [1756434397.888483183] [robot_state_publisher]: got segment right_camera_color_frame
[INFO] [1756434397.888485100] [robot_state_publisher]: got segment right_camera_color_optical_frame
[INFO] [1756434397.888487018] [robot_state_publisher]: got segment right_camera_depth_frame
[INFO] [1756434397.888489374] [robot_state_publisher]: got segment right_camera_depth_optical_frame
[INFO] [1756434397.888491347] [robot_state_publisher]: got segment right_camera_gyro_frame
[INFO] [1756434397.888493206] [robot_state_publisher]: got segment right_camera_gyro_optical_frame
[INFO] [1756434397.888495112] [robot_state_publisher]: got segment right_camera_infra1_frame
[INFO] [1756434397.888497023] [robot_state_publisher]: got segment right_camera_infra1_optical_frame
[INFO] [1756434397.888498925] [robot_state_publisher]: got segment right_camera_infra2_frame
[INFO] [1756434397.888500856] [robot_state_publisher]: got segment right_camera_infra2_optical_frame
[INFO] [1756434397.888502783] [robot_state_publisher]: got segment right_camera_link
[INFO] [1756434397.888504736] [robot_state_publisher]: got segment right_end_effector_link
[INFO] [1756434397.888506644] [robot_state_publisher]: got segment right_flange_1_link
[INFO] [1756434397.888508563] [robot_state_publisher]: got segment right_forearm_link
[INFO] [1756434397.888510483] [robot_state_publisher]: got segment right_half_arm_1_link
[INFO] [1756434397.888512410] [robot_state_publisher]: got segment right_half_arm_2_link
[INFO] [1756434397.888514437] [robot_state_publisher]: got segment right_shoulder_link
[INFO] [1756434397.888516490] [robot_state_publisher]: got segment right_spherical_wrist_1_link
[INFO] [1756434397.888518494] [robot_state_publisher]: got segment right_spherical_wrist_2_link
[INFO] [1756434397