[INFO] [1755508086.794904889] [robot_state_publisher]: got segment base_link
[INFO] [1755508086.794979272] [robot_state_publisher]: got segment caster_LB_link
[INFO] [1755508086.794987021] [robot_state_publisher]: got segment caster_RB_link
[INFO] [1755508086.794991020] [robot_state_publisher]: got segment connector_link
[INFO] [1755508086.794994897] [robot_state_publisher]: got segment front_camera_accel_frame
[INFO] [1755508086.794998567] [robot_state_publisher]: got segment front_camera_accel_optical_frame
[INFO] [1755508086.795002526] [robot_state_publisher]: got segment front_camera_bottom_screw_frame
[INFO] [1755508086.795006234] [robot_state_publisher]: got segment front_camera_color_frame
[INFO] [1755508086.795010040] [robot_state_publisher]: got segment front_camera_color_optical_frame
[INFO] [1755508086.795013917] [robot_state_publisher]: got segment front_camera_depth_frame
[INFO] [1755508086.795017658] [robot_state_publisher]: got segment front_camera_depth_optical_frame
[INFO] [1755508086.795021271] [robot_state_publisher]: got segment front_camera_gyro_frame
[INFO] [1755508086.795025125] [robot_state_publisher]: got segment front_camera_gyro_optical_frame
[INFO] [1755508086.795028823] [robot_state_publisher]: got segment front_camera_infra1_frame
[INFO] [1755508086.795032832] [robot_state_publisher]: got segment front_camera_infra1_optical_frame
[INFO] [1755508086.795037398] [robot_state_publisher]: got segment front_camera_infra2_frame
[INFO] [1755508086.795041471] [robot_state_publisher]: got segment front_camera_infra2_optical_frame
[INFO] [1755508086.795045401] [robot_state_publisher]: got segment front_camera_link
[INFO] [1755508086.795049385] [robot_state_publisher]: got segment head_camera_accel_frame
[INFO] [1755508086.795053405] [robot_state_publisher]: got segment head_camera_accel_optical_frame
[INFO] [1755508086.795057413] [robot_state_publisher]: got segment head_camera_bottom_screw_frame
[INFO] [1755508086.795061616] [robot_state_publisher]: got segment head_camera_color_frame
[INFO] [1755508086.795065487] [robot_state_publisher]: got segment head_camera_color_optical_frame
[INFO] [1755508086.795069304] [robot_state_publisher]: got segment head_camera_depth_frame
[INFO] [1755508086.795073440] [robot_state_publisher]: got segment head_camera_depth_optical_frame
[INFO] [1755508086.795077319] [robot_state_publisher]: got segment head_camera_gyro_frame
[INFO] [1755508086.795081243] [robot_state_publisher]: got segment head_camera_gyro_optical_frame
[INFO] [1755508086.795084924] [robot_state_publisher]: got segment head_camera_imu_optical_frame
[INFO] [1755508086.795088291] [robot_state_publisher]: got segment head_camera_infra1_frame
[INFO] [1755508086.795092272] [robot_state_publisher]: got segment head_camera_infra1_optical_frame
[INFO] [1755508086.795096409] [robot_state_publisher]: got segment head_camera_infra2_frame
[INFO] [1755508086.795100874] [robot_state_publisher]: got segment head_camera_infra2_optical_frame
[INFO] [1755508086.795105105] [robot_state_publisher]: got segment head_camera_link
[INFO] [1755508086.795109055] [robot_state_publisher]: got segment head_link
[INFO] [1755508086.795112913] [robot_state_publisher]: got segment laser_B_link
[INFO] [1755508086.795116478] [robot_state_publisher]: got segment left_base_link
[INFO] [1755508086.795120748] [robot_state_publisher]: got segment left_bracelet_link
[INFO] [1755508086.795124908] [robot_state_publisher]: got segment left_camera_accel_frame
[INFO] [1755508086.795128724] [robot_state_publisher]: got segment left_camera_accel_optical_frame
[INFO] [1755508086.795132512] [robot_state_publisher]: got segment left_camera_bottom_screw_frame
[INFO] [1755508086.795136566] [robot_state_publisher]: got segment left_camera_bracket_link
[INFO] [1755508086.795140618] [robot_state_publisher]: got segment left_camera_color_frame
[INFO] [1755508086.795144860] [robot_state_publisher]: got segment left_camera_color_optical_frame
[INFO] [1755508086.795149008] [robot_state_publisher]: got segment left_camera_depth_frame
[INFO] [1755508086.795153188] [robot_state_publisher]: got segment left_camera_depth_optical_frame
[INFO] [1755508086.795173483] [robot_state_publisher]: got segment left_camera_gyro_frame
[INFO] [1755508086.795177765] [robot_state_publisher]: got segment left_camera_gyro_optical_frame
[INFO] [1755508086.795181834] [robot_state_publisher]: got segment left_camera_infra1_frame
[INFO] [1755508086.795185727] [robot_state_publisher]: got segment left_camera_infra1_optical_frame
[INFO] [1755508086.795189485] [robot_state_publisher]: got segment left_camera_infra2_frame
[INFO] [1755508086.795193106] [robot_state_publisher]: got segment left_camera_infra2_optical_frame
[INFO] [1755508086.795196808] [robot_state_publisher]: got segment left_camera_link
[INFO] [1755508086.795200631] [robot_state_publisher]: got segment left_end_effector_link
[INFO] [1755508086.795204410] [robot_state_publisher]: got segment left_flange_1_link
[INFO] [1755508086.795208291] [robot_state_publisher]: got segment left_forearm_link
[INFO] [1755508086.795212393] [robot_state_publisher]: got segment left_half_arm_1_link
[INFO] [1755508086.795216506] [robot_state_publisher]: got segment left_half_arm_2_link
[INFO] [1755508086.795220659] [robot_state_publisher]: got segment left_shoulder_link
[INFO] [1755508086.795224279] [robot_state_publisher]: got segment left_spherical_wrist_1_link
[INFO] [1755508086.795228221] [robot_state_publisher]: got segment left_spherical_wrist_2_link
[INFO] [1755508086.795232431] [robot_state_publisher]: got segment left_tool_frame
[INFO] [1755508086.795236191] [robot_state_publisher]: got segment lidar_link
[INFO] [1755508086.795240004] [robot_state_publisher]: got segment livox_frame
[INFO] [1755508086.795243858] [robot_state_publisher]: got segment mic_link
[INFO] [1755508086.795247994] [robot_state_publisher]: got segment right_base_link
[INFO] [1755508086.795251669] [robot_state_publisher]: got segment right_bracelet_link
[INFO] [1755508086.795255219] [robot_state_publisher]: got segment right_camera_accel_frame
[INFO] [1755508086.795259164] [robot_state_publisher]: got segment right_camera_accel_optical_frame
[INFO] [1755508086.795262718] [robot_state_publisher]: got segment right_camera_bottom_screw_frame
[INFO] [1755508086.795266535] [robot_state_publisher]: got segment right_camera_bracket_link
[INFO] [1755508086.795270559] [robot_state_publisher]: got segment right_camera_color_frame
[INFO] [1755508086.795274487] [robot_state_publisher]: got segment right_camera_color_optical_frame
[INFO] [1755508086.795278653] [robot_state_publisher]: got segment right_camera_depth_frame
[INFO] [1755508086.795282907] [robot_state_publisher]: got segment right_camera_depth_optical_frame
[INFO] [1755508086.795287228] [robot_state_publisher]: got segment right_camera_gyro_frame
[INFO] [1755508086.795291779] [robot_state_publisher]: got segment right_camera_gyro_optical_frame
[INFO] [1755508086.795297007] [robot_state_publisher]: got segment right_camera_infra1_frame
[INFO] [1755508086.795301507] [robot_state_publisher]: got segment right_camera_infra1_optical_frame
[INFO] [1755508086.795305948] [robot_state_publisher]: got segment right_camera_infra2_frame
[INFO] [1755508086.795310353] [robot_state_publisher]: got segment right_camera_infra2_optical_frame
[INFO] [1755508086.795314742] [robot_state_publisher]: got segment right_camera_link
[INFO] [1755508086.795319326] [robot_state_publisher]: got segment right_end_effector_link
[INFO] [1755508086.795323889] [robot_state_publisher]: got segment right_flange_1_link
[INFO] [1755508086.795328401] [robot_state_publisher]: got segment right_forearm_link
[INFO] [1755508086.795332503] [robot_state_publisher]: got segment right_half_arm_1_link
[INFO] [1755508086.795337073] [robot_state_publisher]: got segment right_half_arm_2_link
[INFO] [1755508086.795341354] [robot_state_publisher]: got segment right_shoulder_link
[INFO] [1755508086.795346049] [robot_state_publisher]: got segment right_spherical_wrist_1_link
[INFO] [1755508086.795350594] [robot_state_publisher]: got segment right_spherical_wrist_2_link
[INFO] [1755508086