[INFO] [1755507758.793660362] [robot_state_publisher]: got segment base_link
[INFO] [1755507758.793724497] [robot_state_publisher]: got segment caster_LB_link
[INFO] [1755507758.793729060] [robot_state_publisher]: got segment caster_RB_link
[INFO] [1755507758.793731649] [robot_state_publisher]: got segment connector_link
[INFO] [1755507758.793734163] [robot_state_publisher]: got segment front_camera_accel_frame
[INFO] [1755507758.793736770] [robot_state_publisher]: got segment front_camera_accel_optical_frame
[INFO] [1755507758.793739382] [robot_state_publisher]: got segment front_camera_bottom_screw_frame
[INFO] [1755507758.793741824] [robot_state_publisher]: got segment front_camera_color_frame
[INFO] [1755507758.793744310] [robot_state_publisher]: got segment front_camera_color_optical_frame
[INFO] [1755507758.793746819] [robot_state_publisher]: got segment front_camera_depth_frame
[INFO] [1755507758.793749237] [robot_state_publisher]: got segment front_camera_depth_optical_frame
[INFO] [1755507758.793751562] [robot_state_publisher]: got segment front_camera_gyro_frame
[INFO] [1755507758.793753969] [robot_state_publisher]: got segment front_camera_gyro_optical_frame
[INFO] [1755507758.793756403] [robot_state_publisher]: got segment front_camera_infra1_frame
[INFO] [1755507758.793758751] [robot_state_publisher]: got segment front_camera_infra1_optical_frame
[INFO] [1755507758.793761156] [robot_state_publisher]: got segment front_camera_infra2_frame
[INFO] [1755507758.793763433] [robot_state_publisher]: got segment front_camera_infra2_optical_frame
[INFO] [1755507758.793765745] [robot_state_publisher]: got segment front_camera_link
[INFO] [1755507758.793768230] [robot_state_publisher]: got segment head_camera_accel_frame
[INFO] [1755507758.793770541] [robot_state_publisher]: got segment head_camera_accel_optical_frame
[INFO] [1755507758.793772868] [robot_state_publisher]: got segment head_camera_bottom_screw_frame
[INFO] [1755507758.793775165] [robot_state_publisher]: got segment head_camera_color_frame
[INFO] [1755507758.793780550] [robot_state_publisher]: got segment head_camera_color_optical_frame
[INFO] [1755507758.793783440] [robot_state_publisher]: got segment head_camera_depth_frame
[INFO] [1755507758.793785739] [robot_state_publisher]: got segment head_camera_depth_optical_frame
[INFO] [1755507758.793788095] [robot_state_publisher]: got segment head_camera_gyro_frame
[INFO] [1755507758.793790371] [robot_state_publisher]: got segment head_camera_gyro_optical_frame
[INFO] [1755507758.793792623] [robot_state_publisher]: got segment head_camera_imu_optical_frame
[INFO] [1755507758.793794913] [robot_state_publisher]: got segment head_camera_infra1_frame
[INFO] [1755507758.793797227] [robot_state_publisher]: got segment head_camera_infra1_optical_frame
[INFO] [1755507758.793799542] [robot_state_publisher]: got segment head_camera_infra2_frame
[INFO] [1755507758.793801868] [robot_state_publisher]: got segment head_camera_infra2_optical_frame
[INFO] [1755507758.793804167] [robot_state_publisher]: got segment head_camera_link
[INFO] [1755507758.793806503] [robot_state_publisher]: got segment head_link
[INFO] [1755507758.793808928] [robot_state_publisher]: got segment laser_B_link
[INFO] [1755507758.793811393] [robot_state_publisher]: got segment left_base_link
[INFO] [1755507758.793813729] [robot_state_publisher]: got segment left_bracelet_link
[INFO] [1755507758.793816196] [robot_state_publisher]: got segment left_camera_accel_frame
[INFO] [1755507758.793818584] [robot_state_publisher]: got segment left_camera_accel_optical_frame
[INFO] [1755507758.793820884] [robot_state_publisher]: got segment left_camera_bottom_screw_frame
[INFO] [1755507758.793823178] [robot_state_publisher]: got segment left_camera_bracket_link
[INFO] [1755507758.793826467] [robot_state_publisher]: got segment left_camera_color_frame
[INFO] [1755507758.793830461] [robot_state_publisher]: got segment left_camera_color_optical_frame
[INFO] [1755507758.793834646] [robot_state_publisher]: got segment left_camera_depth_frame
[INFO] [1755507758.793838982] [robot_state_publisher]: got segment left_camera_depth_optical_frame
[INFO] [1755507758.793864627] [robot_state_publisher]: got segment left_camera_gyro_frame
[INFO] [1755507758.793894152] [robot_state_publisher]: got segment left_camera_gyro_optical_frame
[INFO] [1755507758.793923809] [robot_state_publisher]: got segment left_camera_infra1_frame
[INFO] [1755507758.793948036] [robot_state_publisher]: got segment left_camera_infra1_optical_frame
[INFO] [1755507758.793972478] [robot_state_publisher]: got segment left_camera_infra2_frame
[INFO] [1755507758.793986639] [robot_state_publisher]: got segment left_camera_infra2_optical_frame
[INFO] [1755507758.793990749] [robot_state_publisher]: got segment left_camera_link
[INFO] [1755507758.793995131] [robot_state_publisher]: got segment left_end_effector_link
[INFO] [1755507758.793998874] [robot_state_publisher]: got segment left_flange_1_link
[INFO] [1755507758.794002765] [robot_state_publisher]: got segment left_forearm_link
[INFO] [1755507758.794006492] [robot_state_publisher]: got segment left_half_arm_1_link
[INFO] [1755507758.794010753] [robot_state_publisher]: got segment left_half_arm_2_link
[INFO] [1755507758.794014823] [robot_state_publisher]: got segment left_shoulder_link
[INFO] [1755507758.794018635] [robot_state_publisher]: got segment left_spherical_wrist_1_link
[INFO] [1755507758.794027797] [robot_state_publisher]: got segment left_spherical_wrist_2_link
[INFO] [1755507758.794036576] [robot_state_publisher]: got segment left_tool_frame
[INFO] [1755507758.794051186] [robot_state_publisher]: got segment lidar_link
[INFO] [1755507758.794060511] [robot_state_publisher]: got segment livox_frame
[INFO] [1755507758.794075446] [robot_state_publisher]: got segment mic_link
[INFO] [1755507758.794084867] [robot_state_publisher]: got segment right_base_link
[INFO] [1755507758.794094065] [robot_state_publisher]: got segment right_bracelet_link
[INFO] [1755507758.794098236] [robot_state_publisher]: got segment right_camera_accel_frame
[INFO] [1755507758.794102149] [robot_state_publisher]: got segment right_camera_accel_optical_frame
[INFO] [1755507758.794105475] [robot_state_publisher]: got segment right_camera_bottom_screw_frame
[INFO] [1755507758.794109176] [robot_state_publisher]: got segment right_camera_bracket_link
[INFO] [1755507758.794112783] [robot_state_publisher]: got segment right_camera_color_frame
[INFO] [1755507758.794116367] [robot_state_publisher]: got segment right_camera_color_optical_frame
[INFO] [1755507758.794120141] [robot_state_publisher]: got segment right_camera_depth_frame
[INFO] [1755507758.794123869] [robot_state_publisher]: got segment right_camera_depth_optical_frame
[INFO] [1755507758.794129666] [robot_state_publisher]: got segment right_camera_gyro_frame
[INFO] [1755507758.794133504] [robot_state_publisher]: got segment right_camera_gyro_optical_frame
[INFO] [1755507758.794137279] [robot_state_publisher]: got segment right_camera_infra1_frame
[INFO] [1755507758.794141037] [robot_state_publisher]: got segment right_camera_infra1_optical_frame
[INFO] [1755507758.794145375] [robot_state_publisher]: got segment right_camera_infra2_frame
[INFO] [1755507758.794149077] [robot_state_publisher]: got segment right_camera_infra2_optical_frame
[INFO] [1755507758.794153126] [robot_state_publisher]: got segment right_camera_link
[INFO] [1755507758.794157303] [robot_state_publisher]: got segment right_end_effector_link
[INFO] [1755507758.794161306] [robot_state_publisher]: got segment right_flange_1_link
[INFO] [1755507758.794165193] [robot_state_publisher]: got segment right_forearm_link
[INFO] [1755507758.794169275] [robot_state_publisher]: got segment right_half_arm_1_link
[INFO] [1755507758.794173792] [robot_state_publisher]: got segment right_half_arm_2_link
[INFO] [1755507758.794178092] [robot_state_publisher]: got segment right_shoulder_link
[INFO] [1755507758.794182152] [robot_state_publisher]: got segment right_spherical_wrist_1_link
[INFO] [1755507758.794186227] [robot_state_publisher]: got segment right_spherical_wrist_2_link
[INFO] [1755507758.794190036] [robot_state_publisher]: got segment right_tool_frame
[INFO] [1755507758.794200603] [robot_state_publisher]: got segment trunk_1_link
[INFO] [1755507758.794205277] [robot_state_publisher]: got segment trunk_2_link
[INFO] [1755507758.794209262] [robot_state_publisher]: got segment trunk_link
[INFO] [1755507758.794213387] [robot_state_publisher]: got segment wheel_LF_link
[INFO] [1755507758.794217502] [robot_state_publisher]: got segment wheel_RF_link
[INFO] [1755507836.331975198] [rclcpp]: signal_handler(signum=2)
