[INFO] [1755507858.842086187] [robot_state_publisher]: got segment base_link
[INFO] [1755507858.842182209] [robot_state_publisher]: got segment caster_LB_link
[INFO] [1755507858.842193753] [robot_state_publisher]: got segment caster_RB_link
[INFO] [1755507858.842201684] [robot_state_publisher]: got segment connector_link
[INFO] [1755507858.842208474] [robot_state_publisher]: got segment front_camera_accel_frame
[INFO] [1755507858.842216026] [robot_state_publisher]: got segment front_camera_accel_optical_frame
[INFO] [1755507858.842223218] [robot_state_publisher]: got segment front_camera_bottom_screw_frame
[INFO] [1755507858.842230138] [robot_state_publisher]: got segment front_camera_color_frame
[INFO] [1755507858.842236942] [robot_state_publisher]: got segment front_camera_color_optical_frame
[INFO] [1755507858.842243664] [robot_state_publisher]: got segment front_camera_depth_frame
[INFO] [1755507858.842250379] [robot_state_publisher]: got segment front_camera_depth_optical_frame
[INFO] [1755507858.842257010] [robot_state_publisher]: got segment front_camera_gyro_frame
[INFO] [1755507858.842263659] [robot_state_publisher]: got segment front_camera_gyro_optical_frame
[INFO] [1755507858.842270188] [robot_state_publisher]: got segment front_camera_infra1_frame
[INFO] [1755507858.842276763] [robot_state_publisher]: got segment front_camera_infra1_optical_frame
[INFO] [1755507858.842283562] [robot_state_publisher]: got segment front_camera_infra2_frame
[INFO] [1755507858.842290371] [robot_state_publisher]: got segment front_camera_infra2_optical_frame
[INFO] [1755507858.842297201] [robot_state_publisher]: got segment front_camera_link
[INFO] [1755507858.842304063] [robot_state_publisher]: got segment head_camera_accel_frame
[INFO] [1755507858.842310689] [robot_state_publisher]: got segment head_camera_accel_optical_frame
[INFO] [1755507858.842317307] [robot_state_publisher]: got segment head_camera_bottom_screw_frame
[INFO] [1755507858.842323927] [robot_state_publisher]: got segment head_camera_color_frame
[INFO] [1755507858.842330582] [robot_state_publisher]: got segment head_camera_color_optical_frame
[INFO] [1755507858.842337085] [robot_state_publisher]: got segment head_camera_depth_frame
[INFO] [1755507858.842343600] [robot_state_publisher]: got segment head_camera_depth_optical_frame
[INFO] [1755507858.842350289] [robot_state_publisher]: got segment head_camera_gyro_frame
[INFO] [1755507858.842356970] [robot_state_publisher]: got segment head_camera_gyro_optical_frame
[INFO] [1755507858.842363437] [robot_state_publisher]: got segment head_camera_imu_optical_frame
[INFO] [1755507858.842369990] [robot_state_publisher]: got segment head_camera_infra1_frame
[INFO] [1755507858.842376407] [robot_state_publisher]: got segment head_camera_infra1_optical_frame
[INFO] [1755507858.842382985] [robot_state_publisher]: got segment head_camera_infra2_frame
[INFO] [1755507858.842389507] [robot_state_publisher]: got segment head_camera_infra2_optical_frame
[INFO] [1755507858.842396180] [robot_state_publisher]: got segment head_camera_link
[INFO] [1755507858.842402772] [robot_state_publisher]: got segment head_link
[INFO] [1755507858.842409504] [robot_state_publisher]: got segment laser_B_link
[INFO] [1755507858.842416259] [robot_state_publisher]: got segment left_base_link
[INFO] [1755507858.842422979] [robot_state_publisher]: got segment left_bracelet_link
[INFO] [1755507858.842429712] [robot_state_publisher]: got segment left_camera_accel_frame
[INFO] [1755507858.842436406] [robot_state_publisher]: got segment left_camera_accel_optical_frame
[INFO] [1755507858.842443102] [robot_state_publisher]: got segment left_camera_bottom_screw_frame
[INFO] [1755507858.842449706] [robot_state_publisher]: got segment left_camera_bracket_link
[INFO] [1755507858.842456339] [robot_state_publisher]: got segment left_camera_color_frame
[INFO] [1755507858.842462900] [robot_state_publisher]: got segment left_camera_color_optical_frame
[INFO] [1755507858.842469426] [robot_state_publisher]: got segment left_camera_depth_frame
[INFO] [1755507858.842476194] [robot_state_publisher]: got segment left_camera_depth_optical_frame
[INFO] [1755507858.842503391] [robot_state_publisher]: got segment left_camera_gyro_frame
[INFO] [1755507858.842512738] [robot_state_publisher]: got segment left_camera_gyro_optical_frame
[INFO] [1755507858.842519792] [robot_state_publisher]: got segment left_camera_infra1_frame
[INFO] [1755507858.842526497] [robot_state_publisher]: got segment left_camera_infra1_optical_frame
[INFO] [1755507858.842533220] [robot_state_publisher]: got segment left_camera_infra2_frame
[INFO] [1755507858.842539776] [robot_state_publisher]: got segment left_camera_infra2_optical_frame
[INFO] [1755507858.842546380] [robot_state_publisher]: got segment left_camera_link
[INFO] [1755507858.842553062] [robot_state_publisher]: got segment left_end_effector_link
[INFO] [1755507858.842559900] [robot_state_publisher]: got segment left_flange_1_link
[INFO] [1755507858.842566571] [robot_state_publisher]: got segment left_forearm_link
[INFO] [1755507858.842573288] [robot_state_publisher]: got segment left_half_arm_1_link
[INFO] [1755507858.842580151] [robot_state_publisher]: got segment left_half_arm_2_link
[INFO] [1755507858.842586903] [robot_state_publisher]: got segment left_shoulder_link
[INFO] [1755507858.842593516] [robot_state_publisher]: got segment left_spherical_wrist_1_link
[INFO] [1755507858.842600174] [robot_state_publisher]: got segment left_spherical_wrist_2_link
[INFO] [1755507858.842606846] [robot_state_publisher]: got segment left_tool_frame
[INFO] [1755507858.842613473] [robot_state_publisher]: got segment lidar_link
[INFO] [1755507858.842620008] [robot_state_publisher]: got segment livox_frame
[INFO] [1755507858.842626633] [robot_state_publisher]: got segment mic_link
[INFO] [1755507858.842633270] [robot_state_publisher]: got segment right_base_link
[INFO] [1755507858.842639921] [robot_state_publisher]: got segment right_bracelet_link
[INFO] [1755507858.842646640] [robot_state_publisher]: got segment right_camera_accel_frame
[INFO] [1755507858.842653304] [robot_state_publisher]: got segment right_camera_accel_optical_frame
[INFO] [1755507858.842659910] [robot_state_publisher]: got segment right_camera_bottom_screw_frame
[INFO] [1755507858.842666591] [robot_state_publisher]: got segment right_camera_bracket_link
[INFO] [1755507858.842673206] [robot_state_publisher]: got segment right_camera_color_frame
[INFO] [1755507858.842679737] [robot_state_publisher]: got segment right_camera_color_optical_frame
[INFO] [1755507858.842686310] [robot_state_publisher]: got segment right_camera_depth_frame
[INFO] [1755507858.842692937] [robot_state_publisher]: got segment right_camera_depth_optical_frame
[INFO] [1755507858.842699451] [robot_state_publisher]: got segment right_camera_gyro_frame
[INFO] [1755507858.842706070] [robot_state_publisher]: got segment right_camera_gyro_optical_frame
[INFO] [1755507858.842712508] [robot_state_publisher]: got segment right_camera_infra1_frame
[INFO] [1755507858.842719210] [robot_state_publisher]: got segment right_camera_infra1_optical_frame
[INFO] [1755507858.842725807] [robot_state_publisher]: got segment right_camera_infra2_frame
[INFO] [1755507858.842732323] [robot_state_publisher]: got segment right_camera_infra2_optical_frame
[INFO] [1755507858.842738873] [robot_state_publisher]: got segment right_camera_link
[INFO] [1755507858.842745414] [robot_state_publisher]: got segment right_end_effector_link
[INFO] [1755507858.842751870] [robot_state_publisher]: got segment right_flange_1_link
[INFO] [1755507858.842759175] [robot_state_publisher]: got segment right_forearm_link
[INFO] [1755507858.842765886] [robot_state_publisher]: got segment right_half_arm_1_link
[INFO] [1755507858.842772421] [robot_state_publisher]: got segment right_half_arm_2_link
[INFO] [1755507858.842783934] [robot_state_publisher]: got segment right_shoulder_link
[INFO] [1755507858.842791586] [robot_state_publisher]: got segment right_spherical_wrist_1_link
[INFO] [1755507858.842798267] [robot_state_publisher]: got segment right_spherical_wrist_2_link
[INFO] [1755507858