[INFO] [1756483654.214379067] [robot_state_publisher]: got segment base_link
[INFO] [1756483654.214446765] [robot_state_publisher]: got segment caster_LB_link
[INFO] [1756483654.214451632] [robot_state_publisher]: got segment caster_RB_link
[INFO] [1756483654.214454217] [robot_state_publisher]: got segment connector_link
[INFO] [1756483654.214456505] [robot_state_publisher]: got segment front_camera_accel_frame
[INFO] [1756483654.214468807] [robot_state_publisher]: got segment front_camera_accel_optical_frame
[INFO] [1756483654.214471555] [robot_state_publisher]: got segment front_camera_bottom_screw_frame
[INFO] [1756483654.214474069] [robot_state_publisher]: got segment front_camera_color_frame
[INFO] [1756483654.214476662] [robot_state_publisher]: got segment front_camera_color_optical_frame
[INFO] [1756483654.214479297] [robot_state_publisher]: got segment front_camera_depth_frame
[INFO] [1756483654.214481847] [robot_state_publisher]: got segment front_camera_depth_optical_frame
[INFO] [1756483654.214484542] [robot_state_publisher]: got segment front_camera_gyro_frame
[INFO] [1756483654.214487046] [robot_state_publisher]: got segment front_camera_gyro_optical_frame
[INFO] [1756483654.214489529] [robot_state_publisher]: got segment front_camera_infra1_frame
[INFO] [1756483654.214492033] [robot_state_publisher]: got segment front_camera_infra1_optical_frame
[INFO] [1756483654.214494646] [robot_state_publisher]: got segment front_camera_infra2_frame
[INFO] [1756483654.214497233] [robot_state_publisher]: got segment front_camera_infra2_optical_frame
[INFO] [1756483654.214499743] [robot_state_publisher]: got segment front_camera_link
[INFO] [1756483654.214502268] [robot_state_publisher]: got segment head_camera_accel_frame
[INFO] [1756483654.214504745] [robot_state_publisher]: got segment head_camera_accel_optical_frame
[INFO] [1756483654.214507259] [robot_state_publisher]: got segment head_camera_bottom_screw_frame
[INFO] [1756483654.214509727] [robot_state_publisher]: got segment head_camera_color_frame
[INFO] [1756483654.214512146] [robot_state_publisher]: got segment head_camera_color_optical_frame
[INFO] [1756483654.214514578] [robot_state_publisher]: got segment head_camera_depth_frame
[INFO] [1756483654.214517055] [robot_state_publisher]: got segment head_camera_depth_optical_frame
[INFO] [1756483654.214519467] [robot_state_publisher]: got segment head_camera_gyro_frame
[INFO] [1756483654.214521917] [robot_state_publisher]: got segment head_camera_gyro_optical_frame
[INFO] [1756483654.214524309] [robot_state_publisher]: got segment head_camera_imu_optical_frame
[INFO] [1756483654.214526787] [robot_state_publisher]: got segment head_camera_infra1_frame
[INFO] [1756483654.214529251] [robot_state_publisher]: got segment head_camera_infra1_optical_frame
[INFO] [1756483654.214531677] [robot_state_publisher]: got segment head_camera_infra2_frame
[INFO] [1756483654.214534132] [robot_state_publisher]: got segment head_camera_infra2_optical_frame
[INFO] [1756483654.214536576] [robot_state_publisher]: got segment head_camera_link
[INFO] [1756483654.214539065] [robot_state_publisher]: got segment head_link
[INFO] [1756483654.214541627] [robot_state_publisher]: got segment laser_B_link
[INFO] [1756483654.214544141] [robot_state_publisher]: got segment left_base_link
[INFO] [1756483654.214546578] [robot_state_publisher]: got segment left_bracelet_link
[INFO] [1756483654.214549175] [robot_state_publisher]: got segment left_camera_accel_frame
[INFO] [1756483654.214551726] [robot_state_publisher]: got segment left_camera_accel_optical_frame
[INFO] [1756483654.214554168] [robot_state_publisher]: got segment left_camera_bottom_screw_frame
[INFO] [1756483654.214556651] [robot_state_publisher]: got segment left_camera_bracket_link
[INFO] [1756483654.214559056] [robot_state_publisher]: got segment left_camera_color_frame
[INFO] [1756483654.214561416] [robot_state_publisher]: got segment left_camera_color_optical_frame
[INFO] [1756483654.214563786] [robot_state_publisher]: got segment left_camera_depth_frame
[INFO] [1756483654.214566202] [robot_state_publisher]: got segment left_camera_depth_optical_frame
[INFO] [1756483654.214581486] [robot_state_publisher]: got segment left_camera_gyro_frame
[INFO] [1756483654.214583964] [robot_state_publisher]: got segment left_camera_gyro_optical_frame
[INFO] [1756483654.214586423] [robot_state_publisher]: got segment left_camera_infra1_frame
[INFO] [1756483654.214588842] [robot_state_publisher]: got segment left_camera_infra1_optical_frame
[INFO] [1756483654.214591271] [robot_state_publisher]: got segment left_camera_infra2_frame
[INFO] [1756483654.214593672] [robot_state_publisher]: got segment left_camera_infra2_optical_frame
[INFO] [1756483654.214596134] [robot_state_publisher]: got segment left_camera_link
[INFO] [1756483654.214598655] [robot_state_publisher]: got segment left_end_effector_link
[INFO] [1756483654.214601060] [robot_state_publisher]: got segment left_flange_1_link
[INFO] [1756483654.214603624] [robot_state_publisher]: got segment left_forearm_link
[INFO] [1756483654.214606134] [robot_state_publisher]: got segment left_half_arm_1_link
[INFO] [1756483654.214608721] [robot_state_publisher]: got segment left_half_arm_2_link
[INFO] [1756483654.214611108] [robot_state_publisher]: got segment left_shoulder_link
[INFO] [1756483654.214613550] [robot_state_publisher]: got segment left_spherical_wrist_1_link
[INFO] [1756483654.214616493] [robot_state_publisher]: got segment left_spherical_wrist_2_link
[INFO] [1756483654.214618974] [robot_state_publisher]: got segment left_tool_frame
[INFO] [1756483654.214621538] [robot_state_publisher]: got segment lidar_link
[INFO] [1756483654.214624108] [robot_state_publisher]: got segment livox_frame
[INFO] [1756483654.214626579] [robot_state_publisher]: got segment mic_link
[INFO] [1756483654.214629009] [robot_state_publisher]: got segment right_base_link
[INFO] [1756483654.214631450] [robot_state_publisher]: got segment right_bracelet_link
[INFO] [1756483654.214633905] [robot_state_publisher]: got segment right_camera_accel_frame
[INFO] [1756483654.214636390] [robot_state_publisher]: got segment right_camera_accel_optical_frame
[INFO] [1756483654.214638849] [robot_state_publisher]: got segment right_camera_bottom_screw_frame
[INFO] [1756483654.214641344] [robot_state_publisher]: got segment right_camera_bracket_link
[INFO] [1756483654.214643768] [robot_state_publisher]: got segment right_camera_color_frame
[INFO] [1756483654.214646130] [robot_state_publisher]: got segment right_camera_color_optical_frame
[INFO] [1756483654.214648555] [robot_state_publisher]: got segment right_camera_depth_frame
[INFO] [1756483654.214650950] [robot_state_publisher]: got segment right_camera_depth_optical_frame
[INFO] [1756483654.214653424] [robot_state_publisher]: got segment right_camera_gyro_frame
[INFO] [1756483654.214655798] [robot_state_publisher]: got segment right_camera_gyro_optical_frame
[INFO] [1756483654.214658203] [robot_state_publisher]: got segment right_camera_infra1_frame
[INFO] [1756483654.214660579] [robot_state_publisher]: got segment right_camera_infra1_optical_frame
[INFO] [1756483654.214662994] [robot_state_publisher]: got segment right_camera_infra2_frame
[INFO] [1756483654.214665329] [robot_state_publisher]: got segment right_camera_infra2_optical_frame
[INFO] [1756483654.214667779] [robot_state_publisher]: got segment right_camera_link
[INFO] [1756483654.214670255] [robot_state_publisher]: got segment right_end_effector_link
[INFO] [1756483654.214672680] [robot_state_publisher]: got segment right_flange_1_link
[INFO] [1756483654.214675864] [robot_state_publisher]: got segment right_forearm_link
[INFO] [1756483654.214678321] [robot_state_publisher]: got segment right_half_arm_1_link
[INFO] [1756483654.214681207] [robot_state_publisher]: got segment right_half_arm_2_link
[INFO] [1756483654.214683717] [robot_state_publisher]: got segment right_shoulder_link
[INFO] [1756483654.214687624] [robot_state_publisher]: got segment right_spherical_wrist_1_link
[INFO] [1756483654.214691089] [robot_state_publisher]: got segment right_spherical_wrist_2_link
[INFO] [1756483654