[INFO] [1756015689.701427906] [robot_state_publisher]: got segment base_link
[INFO] [1756015689.701492434] [robot_state_publisher]: got segment caster_LB_link
[INFO] [1756015689.701498395] [robot_state_publisher]: got segment caster_RB_link
[INFO] [1756015689.701500733] [robot_state_publisher]: got segment connector_link
[INFO] [1756015689.701503078] [robot_state_publisher]: got segment front_camera_accel_frame
[INFO] [1756015689.701505637] [robot_state_publisher]: got segment front_camera_accel_optical_frame
[INFO] [1756015689.701508132] [robot_state_publisher]: got segment front_camera_bottom_screw_frame
[INFO] [1756015689.701510523] [robot_state_publisher]: got segment front_camera_color_frame
[INFO] [1756015689.701512795] [robot_state_publisher]: got segment front_camera_color_optical_frame
[INFO] [1756015689.701515164] [robot_state_publisher]: got segment front_camera_depth_frame
[INFO] [1756015689.701520327] [robot_state_publisher]: got segment front_camera_depth_optical_frame
[INFO] [1756015689.701522888] [robot_state_publisher]: got segment front_camera_gyro_frame
[INFO] [1756015689.701525451] [robot_state_publisher]: got segment front_camera_gyro_optical_frame
[INFO] [1756015689.701528152] [robot_state_publisher]: got segment front_camera_infra1_frame
[INFO] [1756015689.701530656] [robot_state_publisher]: got segment front_camera_infra1_optical_frame
[INFO] [1756015689.701533222] [robot_state_publisher]: got segment front_camera_infra2_frame
[INFO] [1756015689.701535787] [robot_state_publisher]: got segment front_camera_infra2_optical_frame
[INFO] [1756015689.701538378] [robot_state_publisher]: got segment front_camera_link
[INFO] [1756015689.701541006] [robot_state_publisher]: got segment head_camera_accel_frame
[INFO] [1756015689.701543625] [robot_state_publisher]: got segment head_camera_accel_optical_frame
[INFO] [1756015689.701546147] [robot_state_publisher]: got segment head_camera_bottom_screw_frame
[INFO] [1756015689.701548558] [robot_state_publisher]: got segment head_camera_color_frame
[INFO] [1756015689.701550964] [robot_state_publisher]: got segment head_camera_color_optical_frame
[INFO] [1756015689.701553401] [robot_state_publisher]: got segment head_camera_depth_frame
[INFO] [1756015689.701555847] [robot_state_publisher]: got segment head_camera_depth_optical_frame
[INFO] [1756015689.701558230] [robot_state_publisher]: got segment head_camera_gyro_frame
[INFO] [1756015689.701560683] [robot_state_publisher]: got segment head_camera_gyro_optical_frame
[INFO] [1756015689.701563260] [robot_state_publisher]: got segment head_camera_imu_optical_frame
[INFO] [1756015689.701573337] [robot_state_publisher]: got segment head_camera_infra1_frame
[INFO] [1756015689.701575856] [robot_state_publisher]: got segment head_camera_infra1_optical_frame
[INFO] [1756015689.701578319] [robot_state_publisher]: got segment head_camera_infra2_frame
[INFO] [1756015689.701580893] [robot_state_publisher]: got segment head_camera_infra2_optical_frame
[INFO] [1756015689.701583318] [robot_state_publisher]: got segment head_camera_link
[INFO] [1756015689.701585928] [robot_state_publisher]: got segment head_link
[INFO] [1756015689.701588791] [robot_state_publisher]: got segment laser_B_link
[INFO] [1756015689.701591509] [robot_state_publisher]: got segment left_base_link
[INFO] [1756015689.701594124] [robot_state_publisher]: got segment left_bracelet_link
[INFO] [1756015689.701596680] [robot_state_publisher]: got segment left_camera_accel_frame
[INFO] [1756015689.701599225] [robot_state_publisher]: got segment left_camera_accel_optical_frame
[INFO] [1756015689.701601723] [robot_state_publisher]: got segment left_camera_bottom_screw_frame
[INFO] [1756015689.701604213] [robot_state_publisher]: got segment left_camera_bracket_link
[INFO] [1756015689.701606675] [robot_state_publisher]: got segment left_camera_color_frame
[INFO] [1756015689.701609112] [robot_state_publisher]: got segment left_camera_color_optical_frame
[INFO] [1756015689.701611548] [robot_state_publisher]: got segment left_camera_depth_frame
[INFO] [1756015689.701614056] [robot_state_publisher]: got segment left_camera_depth_optical_frame
[INFO] [1756015689.701644326] [robot_state_publisher]: got segment left_camera_gyro_frame
[INFO] [1756015689.701647126] [robot_state_publisher]: got segment left_camera_gyro_optical_frame
[INFO] [1756015689.701649615] [robot_state_publisher]: got segment left_camera_infra1_frame
[INFO] [1756015689.701652089] [robot_state_publisher]: got segment left_camera_infra1_optical_frame
[INFO] [1756015689.701654673] [robot_state_publisher]: got segment left_camera_infra2_frame
[INFO] [1756015689.701657116] [robot_state_publisher]: got segment left_camera_infra2_optical_frame
[INFO] [1756015689.701659697] [robot_state_publisher]: got segment left_camera_link
[INFO] [1756015689.701662490] [robot_state_publisher]: got segment left_end_effector_link
[INFO] [1756015689.701669011] [robot_state_publisher]: got segment left_flange_1_link
[INFO] [1756015689.701677014] [robot_state_publisher]: got segment left_forearm_link
[INFO] [1756015689.701679753] [robot_state_publisher]: got segment left_half_arm_1_link
[INFO] [1756015689.701682258] [robot_state_publisher]: got segment left_half_arm_2_link
[INFO] [1756015689.701684688] [robot_state_publisher]: got segment left_shoulder_link
[INFO] [1756015689.701687100] [robot_state_publisher]: got segment left_spherical_wrist_1_link
[INFO] [1756015689.701689582] [robot_state_publisher]: got segment left_spherical_wrist_2_link
[INFO] [1756015689.701691933] [robot_state_publisher]: got segment left_tool_frame
[INFO] [1756015689.701694410] [robot_state_publisher]: got segment lidar_link
[INFO] [1756015689.701696955] [robot_state_publisher]: got segment livox_frame
[INFO] [1756015689.701699495] [robot_state_publisher]: got segment mic_link
[INFO] [1756015689.701701977] [robot_state_publisher]: got segment right_base_link
[INFO] [1756015689.701704387] [robot_state_publisher]: got segment right_bracelet_link
[INFO] [1756015689.701706886] [robot_state_publisher]: got segment right_camera_accel_frame
[INFO] [1756015689.701709341] [robot_state_publisher]: got segment right_camera_accel_optical_frame
[INFO] [1756015689.701711772] [robot_state_publisher]: got segment right_camera_bottom_screw_frame
[INFO] [1756015689.701714434] [robot_state_publisher]: got segment right_camera_bracket_link
[INFO] [1756015689.701716826] [robot_state_publisher]: got segment right_camera_color_frame
[INFO] [1756015689.701719227] [robot_state_publisher]: got segment right_camera_color_optical_frame
[INFO] [1756015689.701721763] [robot_state_publisher]: got segment right_camera_depth_frame
[INFO] [1756015689.701724317] [robot_state_publisher]: got segment right_camera_depth_optical_frame
[INFO] [1756015689.701726838] [robot_state_publisher]: got segment right_camera_gyro_frame
[INFO] [1756015689.701729305] [robot_state_publisher]: got segment right_camera_gyro_optical_frame
[INFO] [1756015689.701733651] [robot_state_publisher]: got segment right_camera_infra1_frame
[INFO] [1756015689.701736148] [robot_state_publisher]: got segment right_camera_infra1_optical_frame
[INFO] [1756015689.701738598] [robot_state_publisher]: got segment right_camera_infra2_frame
[INFO] [1756015689.701741734] [robot_state_publisher]: got segment right_camera_infra2_optical_frame
[INFO] [1756015689.701744170] [robot_state_publisher]: got segment right_camera_link
[INFO] [1756015689.701746771] [robot_state_publisher]: got segment right_end_effector_link
[INFO] [1756015689.701749239] [robot_state_publisher]: got segment right_flange_1_link
[INFO] [1756015689.701751772] [robot_state_publisher]: got segment right_forearm_link
[INFO] [1756015689.701754298] [robot_state_publisher]: got segment right_half_arm_1_link
[INFO] [1756015689.701756737] [robot_state_publisher]: got segment right_half_arm_2_link
[INFO] [1756015689.701759185] [robot_state_publisher]: got segment right_shoulder_link
[INFO] [1756015689.701761703] [robot_state_publisher]: got segment right_spherical_wrist_1_link
[INFO] [1756015689.701764151] [robot_state_publisher]: got segment right_spherical_wrist_2_link
[INFO] [1756015689