[INFO] [1756261065.754270857] [robot_state_publisher]: got segment base_link
[INFO] [1756261065.754351974] [robot_state_publisher]: got segment caster_LB_link
[INFO] [1756261065.754357769] [robot_state_publisher]: got segment caster_RB_link
[INFO] [1756261065.754360877] [robot_state_publisher]: got segment connector_link
[INFO] [1756261065.754363558] [robot_state_publisher]: got segment front_camera_accel_frame
[INFO] [1756261065.754366631] [robot_state_publisher]: got segment front_camera_accel_optical_frame
[INFO] [1756261065.754369757] [robot_state_publisher]: got segment front_camera_bottom_screw_frame
[INFO] [1756261065.754372645] [robot_state_publisher]: got segment front_camera_color_frame
[INFO] [1756261065.754375666] [robot_state_publisher]: got segment front_camera_color_optical_frame
[INFO] [1756261065.754378380] [robot_state_publisher]: got segment front_camera_depth_frame
[INFO] [1756261065.754381371] [robot_state_publisher]: got segment front_camera_depth_optical_frame
[INFO] [1756261065.754384211] [robot_state_publisher]: got segment front_camera_gyro_frame
[INFO] [1756261065.754386844] [robot_state_publisher]: got segment front_camera_gyro_optical_frame
[INFO] [1756261065.754389442] [robot_state_publisher]: got segment front_camera_infra1_frame
[INFO] [1756261065.754392119] [robot_state_publisher]: got segment front_camera_infra1_optical_frame
[INFO] [1756261065.754394815] [robot_state_publisher]: got segment front_camera_infra2_frame
[INFO] [1756261065.754397436] [robot_state_publisher]: got segment front_camera_infra2_optical_frame
[INFO] [1756261065.754400081] [robot_state_publisher]: got segment front_camera_link
[INFO] [1756261065.754402881] [robot_state_publisher]: got segment head_camera_accel_frame
[INFO] [1756261065.754405497] [robot_state_publisher]: got segment head_camera_accel_optical_frame
[INFO] [1756261065.754408159] [robot_state_publisher]: got segment head_camera_bottom_screw_frame
[INFO] [1756261065.754410713] [robot_state_publisher]: got segment head_camera_color_frame
[INFO] [1756261065.754413315] [robot_state_publisher]: got segment head_camera_color_optical_frame
[INFO] [1756261065.754415863] [robot_state_publisher]: got segment head_camera_depth_frame
[INFO] [1756261065.754418480] [robot_state_publisher]: got segment head_camera_depth_optical_frame
[INFO] [1756261065.754421075] [robot_state_publisher]: got segment head_camera_gyro_frame
[INFO] [1756261065.754423690] [robot_state_publisher]: got segment head_camera_gyro_optical_frame
[INFO] [1756261065.754426248] [robot_state_publisher]: got segment head_camera_imu_optical_frame
[INFO] [1756261065.754428823] [robot_state_publisher]: got segment head_camera_infra1_frame
[INFO] [1756261065.754431409] [robot_state_publisher]: got segment head_camera_infra1_optical_frame
[INFO] [1756261065.754434025] [robot_state_publisher]: got segment head_camera_infra2_frame
[INFO] [1756261065.754436624] [robot_state_publisher]: got segment head_camera_infra2_optical_frame
[INFO] [1756261065.754439220] [robot_state_publisher]: got segment head_camera_link
[INFO] [1756261065.754441875] [robot_state_publisher]: got segment head_link
[INFO] [1756261065.754444671] [robot_state_publisher]: got segment laser_B_link
[INFO] [1756261065.754447336] [robot_state_publisher]: got segment left_base_link
[INFO] [1756261065.754449941] [robot_state_publisher]: got segment left_bracelet_link
[INFO] [1756261065.754452706] [robot_state_publisher]: got segment left_camera_accel_frame
[INFO] [1756261065.754455465] [robot_state_publisher]: got segment left_camera_accel_optical_frame
[INFO] [1756261065.754458054] [robot_state_publisher]: got segment left_camera_bottom_screw_frame
[INFO] [1756261065.754460693] [robot_state_publisher]: got segment left_camera_bracket_link
[INFO] [1756261065.754463307] [robot_state_publisher]: got segment left_camera_color_frame
[INFO] [1756261065.754465872] [robot_state_publisher]: got segment left_camera_color_optical_frame
[INFO] [1756261065.754468401] [robot_state_publisher]: got segment left_camera_depth_frame
[INFO] [1756261065.754471104] [robot_state_publisher]: got segment left_camera_depth_optical_frame
[INFO] [1756261065.754491904] [robot_state_publisher]: got segment left_camera_gyro_frame
[INFO] [1756261065.754495755] [robot_state_publisher]: got segment left_camera_gyro_optical_frame
[INFO] [1756261065.754498422] [robot_state_publisher]: got segment left_camera_infra1_frame
[INFO] [1756261065.754501048] [robot_state_publisher]: got segment left_camera_infra1_optical_frame
[INFO] [1756261065.754503794] [robot_state_publisher]: got segment left_camera_infra2_frame
[INFO] [1756261065.754506420] [robot_state_publisher]: got segment left_camera_infra2_optical_frame
[INFO] [1756261065.754509076] [robot_state_publisher]: got segment left_camera_link
[INFO] [1756261065.754511904] [robot_state_publisher]: got segment left_end_effector_link
[INFO] [1756261065.754514573] [robot_state_publisher]: got segment left_flange_1_link
[INFO] [1756261065.754517250] [robot_state_publisher]: got segment left_forearm_link
[INFO] [1756261065.754519989] [robot_state_publisher]: got segment left_half_arm_1_link
[INFO] [1756261065.754522888] [robot_state_publisher]: got segment left_half_arm_2_link
[INFO] [1756261065.754525447] [robot_state_publisher]: got segment left_shoulder_link
[INFO] [1756261065.754528026] [robot_state_publisher]: got segment left_spherical_wrist_1_link
[INFO] [1756261065.754530758] [robot_state_publisher]: got segment left_spherical_wrist_2_link
[INFO] [1756261065.754533369] [robot_state_publisher]: got segment left_tool_frame
[INFO] [1756261065.754536136] [robot_state_publisher]: got segment lidar_link
[INFO] [1756261065.754538842] [robot_state_publisher]: got segment livox_frame
[INFO] [1756261065.754541480] [robot_state_publisher]: got segment mic_link
[INFO] [1756261065.754544114] [robot_state_publisher]: got segment right_base_link
[INFO] [1756261065.754546790] [robot_state_publisher]: got segment right_bracelet_link
[INFO] [1756261065.754549472] [robot_state_publisher]: got segment right_camera_accel_frame
[INFO] [1756261065.754552162] [robot_state_publisher]: got segment right_camera_accel_optical_frame
[INFO] [1756261065.754554899] [robot_state_publisher]: got segment right_camera_bottom_screw_frame
[INFO] [1756261065.754557668] [robot_state_publisher]: got segment right_camera_bracket_link
[INFO] [1756261065.754560323] [robot_state_publisher]: got segment right_camera_color_frame
[INFO] [1756261065.754562877] [robot_state_publisher]: got segment right_camera_color_optical_frame
[INFO] [1756261065.754565506] [robot_state_publisher]: got segment right_camera_depth_frame
[INFO] [1756261065.754568106] [robot_state_publisher]: got segment right_camera_depth_optical_frame
[INFO] [1756261065.754570721] [robot_state_publisher]: got segment right_camera_gyro_frame
[INFO] [1756261065.754573290] [robot_state_publisher]: got segment right_camera_gyro_optical_frame
[INFO] [1756261065.754575970] [robot_state_publisher]: got segment right_camera_infra1_frame
[INFO] [1756261065.754578528] [robot_state_publisher]: got segment right_camera_infra1_optical_frame
[INFO] [1756261065.754581233] [robot_state_publisher]: got segment right_camera_infra2_frame
[INFO] [1756261065.754583880] [robot_state_publisher]: got segment right_camera_infra2_optical_frame
[INFO] [1756261065.754586506] [robot_state_publisher]: got segment right_camera_link
[INFO] [1756261065.754589226] [robot_state_publisher]: got segment right_end_effector_link
[INFO] [1756261065.754594307] [robot_state_publisher]: got segment right_flange_1_link
[INFO] [1756261065.754597101] [robot_state_publisher]: got segment right_forearm_link
[INFO] [1756261065.754599731] [robot_state_publisher]: got segment right_half_arm_1_link
[INFO] [1756261065.754602537] [robot_state_publisher]: got segment right_half_arm_2_link
[INFO] [1756261065.754605204] [robot_state_publisher]: got segment right_shoulder_link
[INFO] [1756261065.754607838] [robot_state_publisher]: got segment right_spherical_wrist_1_link
[INFO] [1756261065.754610569] [robot_state_publisher]: got segment right_spherical_wrist_2_link
[INFO] [1756261065.754613187] [robot_state_publisher]: got segment right_tool_frame
[INFO] [1756261065.754621872] [robot_state_publisher]: got segment trunk_1_link
[INFO] [1756261065.754624698] [robot_state_publisher]: got segment trunk_2_link
[INFO] [1756261065.754627335] [robot_state_publisher]: got segment trunk_link
[INFO] [1756261065.754629988] [robot_state_publisher]: got segment wheel_LF_link
[INFO] [1756261065.754632776] [robot_state_publisher]: got segment wheel_RF_link
[INFO] [1756261152.362789692] [rclcpp]: signal_handler(signum=2)
