[INFO] [1756262034.692543115] [controller_manager]: Subscribing to '~/robot_description' topic for robot description file.
[INFO] [1756262034.693377165] [controller_manager]: update rate is 100 Hz
[INFO] [1756262034.693413314] [controller_manager]: Spawning controller_manager RT thread with scheduler priority: 50
[WARN] [1756262034.693596522] [controller_manager]: No real-time kernel detected on this system. See [https://control.ros.org/master/doc/ros2_control/controller_manager/doc/userdoc.html] for details on how to enable realtime scheduling.
[INFO] [1756262034.703825396] [controller_manager]: Received robot description file.
[INFO] [1756262034.704786515] [resource_manager]: Loading hardware 'left_KortexMultiInterfaceHardware' 
[INFO] [1756262034.710315393] [KortexMultiInterfaceHardware]: Setting severity threshold to DEBUG
[INFO] [1756262034.710356041] [resource_manager]: Initialize hardware 'left_KortexMultiInterfaceHardware' 
[INFO] [1756262034.710363683] [KortexMultiInterfaceHardware]: Configuring Hardware Interface
[INFO] [1756262034.710558347] [KortexMultiInterfaceHardware]: Robot ip is '192.168.11.60'
[INFO] [1756262034.710562351] [KortexMultiInterfaceHardware]: Username is 'admin'
[INFO] [1756262034.710569201] [KortexMultiInterfaceHardware]: Port used '10000'
[INFO] [1756262034.710571962] [KortexMultiInterfaceHardware]: Realtime port used '10001'
[INFO] [1756262034.710574486] [KortexMultiInterfaceHardware]: Session inactivity timeout is '60000'
[INFO] [1756262034.710577121] [KortexMultiInterfaceHardware]: Connection inactivity timeout is '2000'
[ERROR] [1756262034.710579533] [KortexMultiInterfaceHardware]: Gripper joint name is empty!
[INFO] [1756262034.710592295] [KortexMultiInterfaceHardware]: Connecting to robot at 192.168.11.60
[INFO] [1756262034.711231786] [KortexMultiInterfaceHardware]: Creating session for communication
[INFO] [1756262034.984537824] [KortexMultiInterfaceHardware]: Session created
[INFO] [1756262035.569741711] [KortexMultiInterfaceHardware]: Actuator count reported by robot is '7'
[INFO] [1756262035.569881623] [KortexMultiInterfaceHardware]: Hardware Interface successfully configured
[INFO] [1756262035.569895123] [resource_manager]: Successful initialization of hardware 'left_KortexMultiInterfaceHardware'
[DEBUG] [1756262035.569911024] [KortexMultiInterfaceHardware]: export_state_interfaces for joint: left_joint_1
[DEBUG] [1756262035.569940936] [KortexMultiInterfaceHardware]: export_state_interfaces for joint: left_joint_2
[DEBUG] [1756262035.569953499] [KortexMultiInterfaceHardware]: export_state_interfaces for joint: left_joint_3
[DEBUG] [1756262035.569955903] [KortexMultiInterfaceHardware]: export_state_interfaces for joint: left_joint_4
[DEBUG] [1756262035.569957653] [KortexMultiInterfaceHardware]: export_state_interfaces for joint: left_joint_5
[DEBUG] [1756262035.569959790] [KortexMultiInterfaceHardware]: export_state_interfaces for joint: left_joint_6
[DEBUG] [1756262035.569961524] [KortexMultiInterfaceHardware]: export_state_interfaces for joint: left_joint_7
[INFO] [1756262035.570080921] [resource_manager]: Loading hardware 'right_KortexMultiInterfaceHardware' 
[INFO] [1756262035.570129003] [KortexMultiInterfaceHardware]: Setting severity threshold to DEBUG
[INFO] [1756262035.570135694] [resource_manager]: Initialize hardware 'right_KortexMultiInterfaceHardware' 
[INFO] [1756262035.570137947] [KortexMultiInterfaceHardware]: Configuring Hardware Interface
[INFO] [1756262035.570203560] [KortexMultiInterfaceHardware]: Robot ip is '192.168.11.61'
[INFO] [1756262035.570212413] [KortexMultiInterfaceHardware]: Username is 'admin'
[INFO] [1756262035.570221248] [KortexMultiInterfaceHardware]: Port used '10000'
[INFO] [1756262035.570235387] [KortexMultiInterfaceHardware]: Realtime port used '10001'
[INFO] [1756262035.570243904] [KortexMultiInterfaceHardware]: Session inactivity timeout is '60000'
[INFO] [1756262035.570247964] [KortexMultiInterfaceHardware]: Connection inactivity timeout is '2000'
[ERROR] [1756262035.570250441] [KortexMultiInterfaceHardware]: Gripper joint name is empty!
[INFO] [1756262035.570258108] [KortexMultiInterfaceHardware]: Connecting to robot at 192.168.11.61
[INFO] [1756262035.570836392] [KortexMultiInterfaceHardware]: Creating session for communication
[INFO] [1756262036.006822082] [KortexMultiInterfaceHardware]: Session created
[INFO] [1756262036.594646090] [KortexMultiInterfaceHardware]: Actuator count reported by robot is '7'
[INFO] [1756262036.594695308] [KortexMultiInterfaceHardware]: Hardware Interface successfully configured
[INFO] [1756262036.594704782] [resource_manager]: Successful initialization of hardware 'right_KortexMultiInterfaceHardware'
[DEBUG] [1756262036.594709537] [KortexMultiInterfaceHardware]: export_state_interfaces for joint: right_joint_1
[DEBUG] [1756262036.594713905] [KortexMultiInterfaceHardware]: export_state_interfaces for joint: right_joint_2
[DEBUG] [1756262036.594716602] [KortexMultiInterfaceHardware]: export_state_interfaces for joint: right_joint_3
[DEBUG] [1756262036.594718643] [KortexMultiInterfaceHardware]: export_state_interfaces for joint: right_joint_4
[DEBUG] [1756262036.594720216] [KortexMultiInterfaceHardware]: export_state_interfaces for joint: right_joint_5
[DEBUG] [1756262036.594722196] [KortexMultiInterfaceHardware]: export_state_interfaces for joint: right_joint_6
[DEBUG] [1756262036.594723775] [KortexMultiInterfaceHardware]: export_state_interfaces for joint: right_joint_7
[INFO] [1756262036.594816436] [resource_manager]: 'configure' hardware 'right_KortexMultiInterfaceHardware' 
[INFO] [1756262036.594821860] [resource_manager]: Successful 'configure' of hardware 'right_KortexMultiInterfaceHardware'
[INFO] [1756262036.594829720] [resource_manager]: 'activate' hardware 'right_KortexMultiInterfaceHardware' 
[INFO] [1756262036.594832356] [KortexMultiInterfaceHardware]: Activating KortexMultiInterfaceHardware...
[INFO] [1756262036.595383516] [KortexMultiInterfaceHardware]: Gripper initial position is '0.000000'.
[INFO] [1756262036.595801442] [KortexMultiInterfaceHardware]: KortexMultiInterfaceHardware successfully activated!
[INFO] [1756262036.595806308] [resource_manager]: Successful 'activate' of hardware 'right_KortexMultiInterfaceHardware'
[INFO] [1756262036.595810218] [resource_manager]: 'configure' hardware 'left_KortexMultiInterfaceHardware' 
[INFO] [1756262036.595812867] [resource_manager]: Successful 'configure' of hardware 'left_KortexMultiInterfaceHardware'
[WARN] [1756262036.595817558] [resource_manager]: (hardware 'left_KortexMultiInterfaceHardware'): 'reset_fault/internal_fault' state interface already in available list. This can happen due to multiple calls to 'configure'
[WARN] [1756262036.595822701] [resource_manager]: (hardware 'left_KortexMultiInterfaceHardware'): 'tcp/twist.linear.x' command interface already in available list. This can happen due to multiple calls to 'configure'
[WARN] [1756262036.595824515] [resource_manager]: (hardware 'left_KortexMultiInterfaceHardware'): 'tcp/twist.linear.y' command interface already in available list. This can happen due to multiple calls to 'configure'
[WARN] [1756262036.595826121] [resource_manager]: (hardware 'left_KortexMultiInterfaceHardware'): 'tcp/twist.linear.z' command interface already in available list. This can happen due to multiple calls to 'configure'
[WARN] [1756262036.595827737] [resource_manager]: (hardware 'left_KortexMultiInterfaceHardware'): 'tcp/twist.angular.x' command interface already in available list. This can happen due to multiple calls to 'configure'
[WARN] [1756262036.595829403] [resource_manager]: (hardware 'left_KortexMultiInterfaceHardware'): 'tcp/twist.angular.y' command interface already in available list. This can happen due to multiple calls to 'configure'
[WARN] [1756262036.595831216] [resource_manager]: (hardware 'left_KortexMultiInterfaceHardware'): 'tcp/twist.angular.z' command interface already in available list. This can happen due to multiple calls to 'configure'
[WARN] [1756262036.595832773] [resource_manager]: (hardware 'left_KortexMultiInterfaceHardware'): 'reset_fault/command' command interface already in available list. This can happen due to multiple calls to 'configure'
[WARN] [1756262036.595845976] [resource_manager]: (hardware 'left_KortexMultiInterfaceHardware'): 'reset_fault/async_success' command interface already in available list. This can happen due to multiple calls to 'configure'
[INFO] [1756262036.595847775] [resource_manager]: 'activate' hardware 'left_KortexMultiInterfaceHardware' 
[INFO] [1756262036.595849848] [KortexMultiInterfaceHardware]: Activating KortexMultiInterfaceHardware...
[INFO] [1756262036.596354265] [KortexMultiInterfaceHardware]: Gripper initial position is '0.000000'.
[INFO] [1756262036.596614615] [KortexMultiInterfaceHardware]: KortexMultiInterfaceHardware successfully activated!
[INFO] [1756262036.596618322] [resource_manager]: Successful 'activate' of hardware 'left_KortexMultiInterfaceHardware'
[DEBUG] [1756262036.597715368] [KortexMultiInterfaceHardware]: No controller active in LOW_LEVEL_SERVOING mode !
[DEBUG] [1756262036.598035421] [KortexMultiInterfaceHardware]: No controller active in LOW_LEVEL_SERVOING mode !
[DEBUG] [1756262036.598367158] [KortexMultiInterfaceHardware]: No controller active in LOW_LEVEL_SERVOING mode !
[DEBUG] [1756262036.598667618] [KortexMultiInterfaceHardware]: No controller active in LOW_LEVEL_SERVOING mode !
[DEBUG] [1756262036.598963364] [KortexMultiInterfaceHardware]: No controller active in LOW_LEVEL_SERVOING mode !
[DEBUG] [1756262036.599377507] [KortexMultiInterfaceHardware]: No controller active in LOW_LEVEL_SERVOING mode !
[DEBUG] [1756262036.599619984] [KortexMultiInterfaceHardware]: No controller active in LOW_LEVEL_SERVOING mode !
[DEBUG] [1756262036.599856063] [KortexMultiInterfaceHardware]: No controller active in LOW_LEVEL_SERVOING mode !
[DEBUG] [1756262036.600356470] [KortexMultiInterfaceHardware]: No controller active in LOW_LEVEL_SERVOING mode !
[DEBUG] [1756262036.600651570] [KortexMultiInterfaceHardware]: No controller active in LOW_LEVEL_SERVOING mode !
[DEBUG] [1756262036.600949386] [KortexMultiInterfaceHardware]: No controller active in LOW_LEVEL_SERVOING mode !
[DEBUG] [1756262036.601368009] [KortexMultiInterfaceHardware]: No controller active in LOW_LEVEL_SERVOING mode !
[DEBUG] [1756262036.601585982] [KortexMultiInterfaceHardware]: No controller active in LOW_LEVEL_SERVOING mode !
[DEBUG] [1756262036.601874984] [KortexMultiInterfaceHardware]: No controller active in LOW_LEVEL_SERVOING mode !
[DEBUG] [1756262036.602351869] [KortexMultiInterfaceHardware]: No controller active in LOW_LEVEL_SERVOING mode !
[DEBUG] [1756262036.602554419] [KortexMultiInterfaceHardware]: No controller active in LOW_LEVEL_SERVOING mode !
[DEBUG] [1756262036.602794445] [KortexMultiInterfaceHardware]: No controller active in LOW_LEVEL_SERVOING mode !
[DEBUG] [1756262036.603283720] [KortexMultiInterfaceHardware]: No controller active in LOW_LEVEL_SERVOING mode !
[DEBUG] [1756262036.603523613] [KortexMultiInterfaceHardware]: No controller active in LOW_LEVEL_SERVOING mode !
[DEBUG] [1756262036.603779627] [KortexMultiInterfaceHardware]: No controller active in LOW_LEVEL_SERVOING mode !
[DEBUG] [1756262036.603984317] [KortexMultiInterfaceHardware]: No controller active in LOW_LEVEL_SERVOING mode !
[DEBUG] [1756262036.604361050] [KortexMultiInterfaceHardware]: No controller active in LOW_LEVEL_SERVOING mode !
[DEBUG] [1756262036.604619031] [KortexMultiInterfaceHardware]: No controller active in LOW_LEVEL_SERVOING mode !
[DEBUG] [1756262036.604901183] [KortexMultiInterfaceHardware]: No controller active in LOW_LEVEL_SERVOING mode !
[DEBUG] [1756262036.605348517] [KortexMultiInterfaceHardware]: No controller active in LOW_LEVEL_SERVOING mode !
[DEBUG] [1756262036.605565534] [KortexMultiInterfaceHardware]: No controller active in LOW_LEVEL_SERVOING mode !
[DEBUG] [1756262036.605820776] [KortexMultiInterfaceHardware]: No controller active in LOW_LEVEL_SERVOING mode !
[DEBUG] [1756262036.606352159] [KortexMultiInterfaceHardware]: No controller active in LOW_LEVEL_SERVOING mode !
[DEBUG] [1756262036.606574114] [KortexMultiInterfaceHardware]: No controller active in LOW_LEVEL_SERVOING mode !
[DEBUG] [1756262036.606828692] [KortexMultiInterfaceHardware]: No controller active in LOW_LEVEL_SERVOING mode !
[DEBUG] [1756262036.607371454] [KortexMultiInterfaceHardware]: No controller active in LOW_LEVEL_SERVOING mode !
[DEBUG] [1756262036.607596177] [KortexMultiInterfaceHardware]: No controller active in LOW_LEVEL_SERVOING mode !
[DEBUG] [1756262036.607864642] [KortexMultiInterfaceHardware]: No controller active in LOW_LEVEL_SERVOING mode !
[DEBUG] [1756262036.608330478] [KortexMultiInterfaceHardware]: No controller active in LOW_LEVEL_SERVOING mode !
[DEBUG] [1756262036.608530440] [KortexMultiInterfaceHardware]: No controller active in LOW_LEVEL_SERVOING mode !
[DEBUG] [1756262036.608770840] [KortexMultiInterfaceHardware]: No controller active in LOW_LEVEL_SERVOING mode !
[DEBUG] [1756262036.608942064] [KortexMultiInterfaceHardware]: No controller active in LOW_LEVEL_SERVOING mode !
[DEBUG] [1756262036.609346715] [KortexMultiInterfaceHardware]: No controller active in LOW_LEVEL_SERVOING mode !
[DEBUG] [1756262036.609545347] [KortexMultiInterfaceHardware]: No controller active in LOW_LEVEL_SERVOING mode !
[DEBUG] [1756262036.609787756] [KortexMultiInterfaceHardware]: No controller active in LOW_LEVEL_SERVOING mode !
[DEBUG] [1756262036.610311126] [KortexMultiInterfaceHardware]: No controller active in LOW_LEVEL_SERVOING mode !
[DEBUG] [1756262036.610505639] [KortexMultiInterfaceHardware]: No controller active in LOW_LEVEL_SERVOING mode !
[DEBUG] [1756262036.610752594] [KortexMultiInterfaceHardware]: No controller active in LOW_LEVEL_SERVOING mode !
[DEBUG] [1756262036.610958513] [KortexMultiInterfaceHardware]: No controller active in LOW_LEVEL_SERVOING mode !
[DEBUG] [1756262036.611318515] [KortexMultiInterfaceHardware]: No controller active in LOW_LEVEL_SERVOING mode !
[DEBUG] [1756262036.611557024] [KortexMultiInterfaceHardware]: No controller active in LOW_LEVEL_SERVOING mode !
[DEBUG] [1756262036.611810611] [KortexMultiInterfaceHardware]: No controller active in LOW_LEVEL_SERVOING mode !
[DEBUG] [1756262036.612289728] [KortexMultiInterfaceHardware]: No controller active in LOW_LEVEL_SERVOING mode !
[DEBUG] [1756262036.612508073] [KortexMultiInterfaceHardware]: No controller active in LOW_LEVEL_SERVOING mode !
[DEBUG] [1756262036.612740615] [KortexMultiInterfaceHardware]: No controller active in LOW_LEVEL_SERVOING mode !
[DEBUG] [1756262036.612928216] [KortexMultiInterfaceHardware]: No controller active in LOW_LEVEL_SERVOING mode !
[DEBUG] [1756262036.613374360] [KortexMultiInterfaceHardware]: No controller active in LOW_LEVEL_SERVOING mode !
[DEBUG] [1756262036.613601847] [KortexMultiInterfaceHardware]: No controller active in LOW_LEVEL_SERVOING mode !
[DEBUG] [1756262036.613844463] [KortexMultiInterfaceHardware]: No controller active in LOW_LEVEL_SERVOING mode !
[DEBUG] [1756262036.614338306] [KortexMultiInterfaceHardware]: No controller active in LOW_LEVEL_SERVOING mode !
[DEBUG] [1756262036.614556512] [KortexMultiInterfaceHardware]: No controller active in LOW_LEVEL_SERVOING mode !
[DEBUG] [1756262036.614833383] [KortexMultiInterfaceHardware]: No controller active in LOW_LEVEL_SERVOING mode !
[DEBUG] [1756262036.615059934] [KortexMultiInterfaceHardware]: No controller active in LOW_LEVEL_SERVOING mode !
[DEBUG] [1756262036.615316360] [KortexMultiInterfaceHardware]: No controller active in LOW_LEVEL_SERVOING mode !
[DEBUG] [1756262036.615512258] [KortexMultiInterfaceHardware]: No controller active in LOW_LEVEL_SERVOING mode !
[DEBUG] [1756262036.615766879] [KortexMultiInterfaceHardware]: No controller active in LOW_LEVEL_SERVOING mode !
[DEBUG] [1756262036.615981773] [KortexMultiInterfaceHardware]: No controller active in LOW_LEVEL_SERVOING mode !
[DEBUG] [1756262036.616300842] [KortexMultiInterfaceHardware]: No controller active in LOW_LEVEL_SERVOING mode !
[DEBUG] [1756262036.616532266] [KortexMultiInterfaceHardware]: No controller active in LOW_LEVEL_SERVOING mode !
[DEBUG] [1756262036.616778847] [KortexMultiInterfaceHardware]: No controller active in LOW_LEVEL_SERVOING mode !
[DEBUG] [1756262036.617350649] [KortexMultiInterfaceHardware]: No controller active in LOW_LEVEL_SERVOING mode !
[DEBUG] [1756262036.617593127] [KortexMultiInterfaceHardware]: No controller active in LOW_LEVEL_SERVOING mode !
[DEBUG] [1756262036.617894600] [KortexMultiInterfaceHardware]: No controller active in LOW_LEVEL_SERVOING mode !
[DEBUG] [1756262036.618145852] [KortexMultiInterfaceHardware]: No controller active in LOW_LEVEL_SERVOING mode !
[DEBUG] [1756262036.618402003] [KortexMultiInterfaceHardware]: No controller active in LOW_LEVEL_SERVOING mode !
[DEBUG] [1756262036.618619986] [KortexMultiInterfaceHardware]: No controller active in LOW_LEVEL_SERVOING mode !
[DEBUG] [1756262036.618895863] [KortexMultiInterfaceHardware]: No controller active in LOW_LEVEL_SERVOING mode !
[DEBUG] [1756262036.619134171] [KortexMultiInterfaceHardware]: No controller active in LOW_LEVEL_SERVOING mode !
[DEBUG] [1756262036.619364637] [KortexMultiInterfaceHardware]: No controller active in LOW_LEVEL_SERVOING mode !
[DEBUG] [1756262036.619543843] [KortexMultiInterfaceHardware]: No controller active in LOW_LEVEL_SERVOING mode !
[DEBUG] [1756262036.619791073] [KortexMultiInterfaceHardware]: No controller active in LOW_LEVEL_SERVOING mode !
[DEBUG] [1756262036.620009141] [KortexMultiInterfaceHardware]: No controller active in LOW_LEVEL_SERVOING mode !
[DEBUG] [1756262036.620334792] [KortexMultiInterfaceHardware]: No controller active in LOW_LEVEL_SERVOING mode !
[DEBUG] [1756262036.620556183] [KortexMultiInterfaceHardware]: No controller active in LOW_LEVEL_SERVOING mode !
[DEBUG] [1756262036.620802736] [KortexMultiInterfaceHardware]: No controller active in LOW_LEVEL_SERVOING mode !
[DEBUG] [1756262036.621020590] [KortexMultiInterfaceHardware]: No controller active in LOW_LEVEL_SERVOING mode !
[DEBUG] [1756262036.621368607] [KortexMultiInterfaceHardware]: No controller active in LOW_LEVEL_SERVOING mode !
[DEBUG] [1756262036.621630027] [KortexMultiInterfaceHardware]: No controller active in LOW_LEVEL_SERVOING mode !
[DEBUG] [1756262036.621895471] [KortexMultiInterfaceHardware]: No controller active in LOW_LEVEL_SERVOING mode !
[DEBUG] [1756262036.622305331] [KortexMultiInterfaceHardware]: No controller active in LOW_LEVEL_SERVOING mode !
[DEBUG] [1756262036.622502394] [KortexMultiInterfaceHardware]: No controller active in LOW_LEVEL_SERVOING mode !
[DEBUG] [1756262036.622785808] [KortexMultiInterfaceHardware]: No controller active in LOW_LEVEL_SERVOING mode !
[DEBUG] [1756262036.623281215] [KortexMultiInterfaceHardware]: No controller active in LOW_LEVEL_SERVOING mode !
[DEBUG] [1756262036.623541189] [KortexMultiInterfaceHardware]: No controller active in LOW_LEVEL_SERVOING mode !
[DEBUG] [1756262036.623793298] [KortexMultiInterfaceHardware]: No controller active in LOW_LEVEL_SERVOING mode !
[DEBUG] [1756262036.624067992] [KortexMultiInterfaceHardware]: No controller active in LOW_LEVEL_SERVOING mode !
[DEBUG] [1756262036.624343288] [KortexMultiInterfaceHardware]: No controller active in LOW_LEVEL_SERVOING mode !
[DEBUG] [1756262036.624599592] [KortexMultiInterfaceHardware]: No controller active in LOW_LEVEL_SERVOING mode !
[DEBUG] [1756262036.624854190] [KortexMultiInterfaceHardware]: No controller active in LOW_LEVEL_SERVOING mode !
[DEBUG] [1756262036.625279033] [KortexMultiInterfaceHardware]: No controller active in LOW_LEVEL_SERVOING mode !
[DEBUG] [1756262036.625527710] [KortexMultiInterfaceHardware]: No controller active in LOW_LEVEL_SERVOING mode !
[DEBUG] [1756262036.625835441] [KortexMultiInterfaceHardware]: No controller active in LOW_LEVEL_SERVOING mode !
[DEBUG] [1756262036.626336804] [KortexMultiInterfaceHardware]: No controller active in LOW_LEVEL_SERVOING mode !
[DEBUG] [1756262036.626576919] [KortexMultiInterfaceHardware]: No controller active in LOW_LEVEL_SERVOING mode !
[DEBUG] [1756262036.626835789] [KortexMultiInterfaceHardware]: No controller active in LOW_LEVEL_SERVOING mode !
[DEBUG] [1756262036.627253400] [KortexMultiInterfaceHardware]: No controller active in LOW_LEVEL_SERVOING mode !
[DEBUG] [1756262036.627477249] [KortexMultiInterfaceHardware]: No controller active in LOW_LEVEL_SERVOING mode !
[DEBUG] [1756262036.627784395] [KortexMultiInterfaceHardware]: No controller active in LOW_LEVEL_SERVOING mode !
[DEBUG] [1756262036.628326546] [KortexMultiInterfaceHardware]: No controller active in LOW_LEVEL_SERVOING mode !
[DEBUG] [1756262036.628559207] [KortexMultiInterfaceHardware]: No controller active in LOW_LEVEL_SERVOING mode !
[DEBUG] [1756262036.628814073] [KortexMultiInterfaceHardware]: No controller active in LOW_LEVEL_SERVOING mode !
[DEBUG] [1756262036.629066508] [KortexMultiInterfaceHardware]: No controller active in LOW_LEVEL_SERVOING mode !
[DEBUG] [1756262036.629360649] [KortexMultiInterfaceHardware]: No controller active in LOW_LEVEL_SERVOING mode !
[DEBUG] [1756262036.629575546] [KortexMultiInterfaceHardware]: No controller active in LOW_LEVEL_SERVOING mode !
[DEBUG] [1756262036.629843239] [KortexMultiInterfaceHardware]: No controller active in LOW_LEVEL_SERVOING mode !
[DEBUG] [1756262036.630250768] [KortexMultiInterfaceHardware]: No controller active in LOW_LEVEL_SERVOING mode !
[DEBUG] [1756262036.630476751] [KortexMultiInterfaceHardware]: No controller active in LOW_LEVEL_SERVOING mode !
[DEBUG] [1756262036.630718284] [KortexMultiInterfaceHardware]: No controller active in LOW_LEVEL_SERVOING mode !
[DEBUG] [1756262036.630979920] [KortexMultiInterfaceHardware]: No controller active in LOW_LEVEL_SERVOING mode !
[DEBUG] [1756262036.631332588] [KortexMultiInterfaceHardware]: No controller active in LOW_LEVEL_SERVOING mode !
[DEBUG] [1756262036.631526952] [KortexMultiInterfaceHardware]: No controller active in LOW_LEVEL_SERVOING mode !
[DEBUG] [1756262036.631765823] [KortexMultiInterfaceHardware]: No controller active in LOW_LEVEL_SERVOING mode !
[DEBUG] [1756262036.631982186] [KortexMultiInterfaceHardware]: No controller active in LOW_LEVEL_SERVOING mode !
[DEBUG] [1756262036.632337832] [KortexMultiInterfaceHardware]: No controller active in LOW_LEVEL_SERVOING mode !
[DEBUG] [1756262036.632563038] [KortexMultiInterfaceHardware]: No controller active in LOW_LEVEL_SERVOING mode !
[DEBUG] [1756262036.632802726] [KortexMultiInterfaceHardware]: No controller active in LOW_LEVEL_SERVOING mode !
[DEBUG] [1756262036.633005916] [KortexMultiInterfaceHardware]: No controller active in LOW_LEVEL_SERVOING mode !
[DEBUG] [1756262036.633349246] [KortexMultiInterfaceHardware]: No controller active in LOW_LEVEL_SERVOING mode !
[DEBUG] [1756262036.633572330] [KortexMultiInterfaceHardware]: No controller active in LOW_LEVEL_SERVOING mode !
[DEBUG] [1756262036.633842300] [KortexMultiInterfaceHardware]: No controller active in LOW_LEVEL_SERVOING mode !
[DEBUG] [1756262036.634376904] [KortexMultiInterfaceHardware]: No controller active in LOW_LEVEL_SERVOING mode !
[DEBUG] [1756262036.634612966] [KortexMultiInterfaceHardware]: No controller active in LOW_LEVEL_SERVOING mode !
[DEBUG] [1756262036.634899345] [KortexMultiInterfaceHardware]: No controller active in LOW_LEVEL_SERVOING mode !
[DEBUG] [1756262036.635349305] [KortexMultiInterfaceHardware]: No controller active in LOW_LEVEL_SERVOING mode !
[DEBUG] [1756262036.635572817] [KortexMultiInterfaceHardware]: No controller active in LOW_LEVEL_SERVOING mode !
[DEBUG] [1756262036.635837833] [KortexMultiInterfaceHardware]: No controller active in LOW_LEVEL_SERVOING mode !
[DEBUG] [1756262036.636328058] [KortexMultiInterfaceHardware]: No controller active in LOW_LEVEL_SERVOING mode !
[DEBUG] [1756262036.636526268] [KortexMultiInterfaceHardware]: No controller active in LOW_LEVEL_SERVOING mode !
[DEBUG] [1756262036.636778497] [KortexMultiInterfaceHardware]: No controller active in LOW_LEVEL_SERVOING mode !
[DEBUG] [1756262036.636999838] [KortexMultiInterfaceHardware]: No controller active in LOW_LEVEL_SERVOING mode !
[DEBUG] [1756262036.637349364] [KortexMultiInterfaceHardware]: No controller active in LOW_LEVEL_SERVOING mode !
[DEBUG] [1756262036.637564673] [KortexMultiInterfaceHardware]: No controller active in LOW_LEVEL_SERVOING mode !
[DEBUG] [1756262036.637799927] [KortexMultiInterfaceHardware]: No controller active in LOW_LEVEL_SERVOING mode !
[DEBUG] [1756262036.638284873] [KortexMultiInterfaceHardware]: No controller active in LOW_LEVEL_SERVOING mode !
[DEBUG] [1756262036.638519057] [KortexMultiInterfaceHardware]: No controller active in LOW_LEVEL_SERVOING mode !
[DEBUG] [1756262036.638760919] [KortexMultiInterfaceHardware]: No controller active in LOW_LEVEL_SERVOING mode !
[DEBUG] [1756262036.638973348] [KortexMultiInterfaceHardware]: No controller active in LOW_LEVEL_SERVOING mode !
[DEBUG] [1756262036.639345784] [KortexMultiInterfaceHardware]: No controller active in LOW_LEVEL_SERVOING mode !
[DEBUG] [1756262036.639556963] [KortexMultiInterfaceHardware]: No controller active in LOW_LEVEL_SERVOING mode !
[DEBUG] [1756262036.639820260] [KortexMultiInterfaceHardware]: No controller active in LOW_LEVEL_SERVOING mode !
[DEBUG] [1756262036.640344199] [KortexMultiInterfaceHardware]: No controller active in LOW_LEVEL_SERVOING mode !
[DEBUG] [1756262036.640586213] [KortexMultiInterfaceHardware]: No controller active in LOW_LEVEL_SERVOING mode !
[DEBUG] [1756262036.640853625] [KortexMultiInterfaceHardware]: No controller active in LOW_LEVEL_SERVOING mode !
[DEBUG] [1756262036.641355311] [KortexMultiInterfaceHardware]: No controller active in LOW_LEVEL_SERVOING mode !
[DEBUG] [1756262036.641615462] [KortexMultiInterfaceHardware]: No controller active in LOW_LEVEL_SERVOING mode !
[DEBUG] [1756262036.641899038] [KortexMultiInterfaceHardware]: No controller active in LOW_LEVEL_SERVOING mode !
[DEBUG] [1756262036.642381702] [KortexMultiInterfaceHardware]: No controller active in LOW_LEVEL_SERVOING mode !
[DEBUG] [1756262036.642611433] [KortexMultiInterfaceHardware]: No controller active in LOW_LEVEL_SERVOING mode !
[DEBUG] [1756262036.642875497] [KortexMultiInterfaceHardware]: No controller active in LOW_LEVEL_SERVOING mode !
[DEBUG] [1756262036.643359309] [KortexMultiInterfaceHardware]: No controller active in LOW_LEVEL_SERVOING mode !
[DEBUG] [1756262036.643583685] [KortexMultiInterfaceHardware]: No controller active in LOW_LEVEL_SERVOING mode !
[DEBUG] [1756262036.643852008] [KortexMultiInterfaceHardware]: No controller active in LOW_LEVEL_SERVOING mode !
[DEBUG] [1756262036.644377493] [KortexMultiInterfaceHardware]: No controller active in LOW_LEVEL_SERVOING mode !
[DEBUG] [1756262036.644659627] [KortexMultiInterfaceHardware]: No controller active in LOW_LEVEL_SERVOING mode !
[DEBUG] [1756262036.644925891] [KortexMultiInterfaceHardware]: No controller active in LOW_LEVEL_SERVOING mode !
[DEBUG] [1756262036.645352605] [KortexMultiInterfaceHardware]: No controller active in LOW_LEVEL_SERVOING mode !
[DEBUG] [1756262036.645592451] [KortexMultiInterfaceHardware]: No controller active in LOW_LEVEL_SERVOING mode !
[DEBUG] [1756262036.645904560] [KortexMultiInterfaceHardware]: No controller active in LOW_LEVEL_SERVOING mode !
[DEBUG] [1756262036.646368073] [KortexMultiInterfaceHardware]: No controller active in LOW_LEVEL_SERVOING mode !
[DEBUG] [1756262036.646626995] [KortexMultiInterfaceHardware]: No controller active in LOW_LEVEL_SERVOING mode !
[DEBUG] [1756262036.646906269] [KortexMultiInterfaceHardware]: No controller active in LOW_LEVEL_SERVOING mode !
[DEBUG] [1756262036.647359560] [KortexMultiInterfaceHardware]: No controller active in LOW_LEVEL_SERVOING mode !
[DEBUG] [1756262036.647541235] [KortexMultiInterfaceHardware]: No controller active in LOW_LEVEL_SERVOING mode !
[DEBUG] [1756262036.647809748] [KortexMultiInterfaceHardware]: No controller active in LOW_LEVEL_SERVOING mode !
[DEBUG] [1756262036.648043736] [KortexMultiInterfaceHardware]: No controller active in LOW_LEVEL_SERVOING mode !
[DEBUG] [1756262036.648333357] [KortexMultiInterfaceHardware]: No controller active in LOW_LEVEL_SERVOING mode !
[DEBUG] [1756262036.648557531] [KortexMultiInterfaceHardware]: No controller active in LOW_LEVEL_SERVOING mode !
[DEBUG] [1756262036.648812838] [KortexMultiInterfaceHardware]: No controller active in LOW_LEVEL_SERVOING mode !
[DEBUG] [1756262036.649023668] [KortexMultiInterfaceHardware]: No controller active in LOW_LEVEL_SERVOING mode !
[DEBUG] [1756262036.649328876] [KortexMultiInterfaceHardware]: No controller active in LOW_LEVEL_SERVOING mode !
[DEBUG] [1756262036.649548495] [KortexMultiInterfaceHardware]: No controller active in LOW_LEVEL_SERVOING mode !
[DEBUG] [1756262036.649798816] [KortexMultiInterfaceHardware]: No controller active in LOW_LEVEL_SERVOING mode !
[DEBUG] [1756262036.650287574] [KortexMultiInterfaceHardware]: No controller active in LOW_LEVEL_SERVOING mode !
[DEBUG] [1756262036.650516449] [KortexMultiInterfaceHardware]: No controller active in LOW_LEVEL_SERVOING mode !
[DEBUG] [1756262036.650783623] [KortexMultiInterfaceHardware]: No controller active in LOW_LEVEL_SERVOING mode !
[DEBUG] [1756262036.651297618] [KortexMultiInterfaceHardware]: No controller active in LOW_LEVEL_SERVOING mode !
[DEBUG] [1756262036.651503343] [KortexMultiInterfaceHardware]: No controller active in LOW_LEVEL_SERVOING mode !
[DEBUG] [1756262036.651769876] [KortexMultiInterfaceHardware]: No controller active in LOW_LEVEL_SERVOING mode !
[DEBUG] [1756262036.651985475] [KortexMultiInterfaceHardware]: No controller active in LOW_LEVEL_SERVOING mode !
[DEBUG] [1756262036.652338509] [KortexMultiInterfaceHardware]: No controller active in LOW_LEVEL_SERVOING mode !
[DEBUG] [1756262036.652544597] [KortexMultiInterfaceHardware]: No controller active in LOW_LEVEL_SERVOING mode !
[DEBUG] [1756262036.652811399] [KortexMultiInterfaceHardware]: No controller active in LOW_LEVEL_SERVOING mode !
[DEBUG] [1756262036.653057415] [KortexMultiInterfaceHardware]: No controller active in LOW_LEVEL_SERVOING mode !
[DEBUG] [1756262036.653338581] [KortexMultiInterfaceHardware]: No controller active in LOW_LEVEL_SERVOING mode !
[DEBUG] [1756262036.653564980] [KortexMultiInterfaceHardware]: No controller active in LOW_LEVEL_SERVOING mode !
[DEBUG] [1756262036.653824682] [KortexMultiInterfaceHardware]: No controller active in LOW_LEVEL_SERVOING mode !
[DEBUG] [1756262036.654069211] [KortexMultiInterfaceHardware]: No controller active in LOW_LEVEL_SERVOING mode !
[DEBUG] [1756262036.654324312] [KortexMultiInterfaceHardware]: No controller active in LOW_LEVEL_SERVOING mode !
[DEBUG] [1756262036.654541053] [KortexMultiInterfaceHardware]: No controller active in LOW_LEVEL_SERVOING mode !
[DEBUG] [1756262036.654792976] [KortexMultiInterfaceHardware]: No controller active in LOW_LEVEL_SERVOING mode !
[DEBUG] [1756262036.655339143] [KortexMultiInterfaceHardware]: No controller active in LOW_LEVEL_SERVOING mode !
[DEBUG] [1756262036.655553372] [KortexMultiInterfaceHardware]: No controller active in LOW_LEVEL_SERVOING mode !
[DEBUG] [1756262036.655801176] [KortexMultiInterfaceHardware]: No controller active in LOW_LEVEL_SERVOING mode !
[DEBUG] [1756262036.656033445] [KortexMultiInterfaceHardware]: No controller active in LOW_LEVEL_SERVOING mode !
[DEBUG] [1756262036.656367702] [KortexMultiInterfaceHardware]: No controller active in LOW_LEVEL_SERVOING mode !
[DEBUG] [1756262036.656560725] [KortexMultiInterfaceHardware]: No controller active in LOW_LEVEL_SERVOING mode !
[DEBUG] [1756262036.656801039] [KortexMultiInterfaceHardware]: No controller active in LOW_LEVEL_SERVOING mode !
[DEBUG] [1756262036.657035359] [KortexMultiInterfaceHardware]: No controller active in LOW_LEVEL_SERVOING mode !
[DEBUG] [1756262036.657369479] [KortexMultiInterfaceHardware]: No controller active in LOW_LEVEL_SERVOING mode !
[DEBUG] [1756262036.657576414] [KortexMultiInterfaceHardware]: No controller active in LOW_LEVEL_SERVOING mode !
[DEBUG] [1756262036.657832495] [KortexMultiInterfaceHardware]: No controller active in LOW_LEVEL_SERVOING mode !
[DEBUG] [1756262036.658109508] [KortexMultiInterfaceHardware]: No controller active in LOW_LEVEL_SERVOING mode !
[DEBUG] [1756262036.658365791] [KortexMultiInterfaceHardware]: No controller active in LOW_LEVEL_SERVOING mode !
[DEBUG] [1756262036.658577562] [KortexMultiInterfaceHardware]: No controller active in LOW_LEVEL_SERVOING mode !
[DEBUG] [1756262036.658829975] [KortexMultiInterfaceHardware]: No controller active in LOW_LEVEL_SERVOING mode !
[DEBUG] [1756262036.659078745] [KortexMultiInterfaceHardware]: No controller active in LOW_LEVEL_SERVOING mode !
[DEBUG] [1756262036.659372840] [KortexMultiInterfaceHardware]: No controller active in LOW_LEVEL_SERVOING mode !
[DEBUG] [1756262036.659562837] [KortexMultiInterfaceHardware]: No controller active in LOW_LEVEL_SERVOING mode !
[DEBUG] [1756262036.659806945] [KortexMultiInterfaceHardware]: No controller active in LOW_LEVEL_SERVOING mode !
[DEBUG] [1756262036.660061905] [KortexMultiInterfaceHardware]: No controller active in LOW_LEVEL_SERVOING mode !
[DEBUG] [1756262036.660358876] [KortexMultiInterfaceHardware]: No controller active in LOW_LEVEL_SERVOING mode !
[DEBUG] [1756262036.660583050] [KortexMultiInterfaceHardware]: No controller active in LOW_LEVEL_SERVOING mode !
[DEBUG] [1756262036.660843967] [KortexMultiInterfaceHardware]: No controller active in LOW_LEVEL_SERVOING mode !
[DEBUG] [1756262036.661094258] [KortexMultiInterfaceHardware]: No controller active in LOW_LEVEL_SERVOING mode !
[DEBUG] [1756262036.661363861] [KortexMultiInterfaceHardware]: No controller active in LOW_LEVEL_SERVOING mode !
[DEBUG] [1756262036.661557595] [KortexMultiInterfaceHardware]: No controller active in LOW_LEVEL_SERVOING mode !
[DEBUG] [1756262036.661798996] [KortexMultiInterfaceHardware]: No controller active in LOW_LEVEL_SERVOING mode !
[DEBUG] [1756262036.662040965] [KortexMultiInterfaceHardware]: No controller active in LOW_LEVEL_SERVOING mode !
[DEBUG] [1756262036.662370864] [KortexMultiInterfaceHardware]: No controller active in LOW_LEVEL_SERVOING mode !
[DEBUG] [1756262036.662581114] [KortexMultiInterfaceHardware]: No controller active in LOW_LEVEL_SERVOING mode !
[DEBUG] [1756262036.662825521] [KortexMultiInterfaceHardware]: No controller active in LOW_LEVEL_SERVOING mode !
[DEBUG] [1756262036.663073379] [KortexMultiInterfaceHardware]: No controller active in LOW_LEVEL_SERVOING mode !
[DEBUG] [1756262036.663357775] [KortexMultiInterfaceHardware]: No controller active in LOW_LEVEL_SERVOING mode !
[DEBUG] [1756262036.663580481] [KortexMultiInterfaceHardware]: No controller active in LOW_LEVEL_SERVOING mode !
[DEBUG] [1756262036.663829925] [KortexMultiInterfaceHardware]: No controller active in LOW_LEVEL_SERVOING mode !
[DEBUG] [1756262036.664058853] [KortexMultiInterfaceHardware]: No controller active in LOW_LEVEL_SERVOING mode !
[DEBUG] [1756262036.664374926] [KortexMultiInterfaceHardware]: No controller active in LOW_LEVEL_SERVOING mode !
[DEBUG] [1756262036.664562845] [KortexMultiInterfaceHardware]: No controller active in LOW_LEVEL_SERVOING mode !
[DEBUG] [1756262036.664810029] [KortexMultiInterfaceHardware]: No controller active in LOW_LEVEL_SERVOING mode !
[DEBUG] [1756262036.665052840] [KortexMultiInterfaceHardware]: No controller active in LOW_LEVEL_SERVOING mode !
[DEBUG] [1756262036.665381650] [KortexMultiInterfaceHardware]: No controller active in LOW_LEVEL_SERVOING mode !
[DEBUG] [1756262036.665589011] [KortexMultiInterfaceHardware]: No controller active in LOW_LEVEL_SERVOING mode !
[DEBUG] [1756262036.665874515] [KortexMultiInterfaceHardware]: No controller active in LOW_LEVEL_SERVOING mode !
[DEBUG] [1756262036.666258633] [KortexMultiInterfaceHardware]: No controller active in LOW_LEVEL_SERVOING mode !
[DEBUG] [1756262036.666465823] [KortexMultiInterfaceHardware]: No controller active in LOW_LEVEL_SERVOING mode !
[DEBUG] [1756262036.666706095] [KortexMultiInterfaceHardware]: No controller active in LOW_LEVEL_SERVOING mode !
[DEBUG] [1756262036.667294973] [KortexMultiInterfaceHardware]: No controller active in LOW_LEVEL_SERVOING mode !
[DEBUG] [1756262036.667514485] [KortexMultiInterfaceHardware]: No controller active in LOW_LEVEL_SERVOING mode !
[DEBUG] [1756262036.667805219] [KortexMultiInterfaceHardware]: No controller active in LOW_LEVEL_SERVOING mode !
[DEBUG] [1756262036.667994073] [KortexMultiInterfaceHardware]: No controller active in LOW_LEVEL_SERVOING mode !
[DEBUG] [1756262036.668367205] [KortexMultiInterfaceHardware]: No controller active in LOW_LEVEL_SERVOING mode !
[DEBUG] [1756262036.668567527] [KortexMultiInterfaceHardware]: No controller active in LOW_LEVEL_SERVOING mode !
[DEBUG] [1756262036.668827294] [KortexMultiInterfaceHardware]: No controller active in LOW_LEVEL_SERVOING mode !
[DEBUG] [1756262036.669056365] [KortexMultiInterfaceHardware]: No controller active in LOW_LEVEL_SERVOING mode !
[DEBUG] [1756262036.669364002] [KortexMultiInterfaceHardware]: No controller active in LOW_LEVEL_SERVOING mode !
[DEBUG] [1756262036.669562305] [KortexMultiInterfaceHardware]: No controller active in LOW_LEVEL_SERVOING mode !
[DEBUG] [1756262036.669797886] [KortexMultiInterfaceHardware]: No controller active in LOW_LEVEL_SERVOING mode !
[DEBUG] [1756262036.669993680] [KortexMultiInterfaceHardware]: No controller active in LOW_LEVEL_SERVOING mode !
[DEBUG] [1756262036.670378172] [KortexMultiInterfaceHardware]: No controller active in LOW_LEVEL_SERVOING mode !
[DEBUG] [1756262036.670608103] [KortexMultiInterfaceHardware]: No controller active in LOW_LEVEL_SERVOING mode !
[DEBUG] [1756262036.670869193] [KortexMultiInterfaceHardware]: No controller active in LOW_LEVEL_SERVOING mode !
[DEBUG] [1756262036.671328385] [KortexMultiInterfaceHardware]: No controller active in LOW_LEVEL_SERVOING mode !
[DEBUG] [1756262036.671557301] [KortexMultiInterfaceHardware]: No controller active in LOW_LEVEL_SERVOING mode !
[DEBUG] [1756262036.671874404] [KortexMultiInterfaceHardware]: No controller active in LOW_LEVEL_SERVOING mode !
[DEBUG] [1756262036.672382994] [KortexMultiInterfaceHardware]: No controller active in LOW_LEVEL_SERVOING mode !
[DEBUG] [1756262036.672612626] [KortexMultiInterfaceHardware]: No controller active in LOW_LEVEL_SERVOING mode !
[DEBUG] [1756262036.672868438] [KortexMultiInterfaceHardware]: No controller active in LOW_LEVEL_SERVOING mode !
[DEBUG] [1756262036.673342990] [KortexMultiInterfaceHardware]: No controller active in LOW_LEVEL_SERVOING mode !
[DEBUG] [1756262036.673563126] [KortexMultiInterfaceHardware]: No controller active in LOW_LEVEL_SERVOING mode !
[DEBUG] [1756262036.673816381] [KortexMultiInterfaceHardware]: No controller active in LOW_LEVEL_SERVOING mode !
[DEBUG] [1756262036.674004193] [KortexMultiInterfaceHardware]: No controller active in LOW_LEVEL_SERVOING mode !
[DEBUG] [1756262036.674348885] [KortexMultiInterfaceHardware]: No controller active in LOW_LEVEL_SERVOING mode !
[DEBUG] [1756262036.674570211] [KortexMultiInterfaceHardware]: No controller active in LOW_LEVEL_SERVOING mode !
[DEBUG] [1756262036.674820842] [KortexMultiInterfaceHardware]: No controller active in LOW_LEVEL_SERVOING mode !
[DEBUG] [1756262036.675056111] [KortexMultiInterfaceHardware]: No controller active in LOW_LEVEL_SERVOING mode !
[DEBUG] [1756262036.675341719] [KortexMultiInterfaceHardware]: No controller active in LOW_LEVEL_SERVOING mode !
[DEBUG] [1756262036.675631372] [KortexMultiInterfaceHardware]: No controller active in LOW_LEVEL_SERVOING mode !
[DEBUG] [1756262036.675905362] [KortexMultiInterfaceHardware]: No controller active in LOW_LEVEL_SERVOING mode !
[DEBUG] [1756262036.676320316] [KortexMultiInterfaceHardware]: No controller active in LOW_LEVEL_SERVOING mode !
[DEBUG] [1756262036.676542514] [KortexMultiInterfaceHardware]: No controller active in LOW_LEVEL_SERVOING mode !
[DEBUG] [1756262036.676789672] [KortexMultiInterfaceHardware]: No controller active in LOW_LEVEL_SERVOING mode !
[DEBUG] [1756262036.676988552] [KortexMultiInterfaceHardware]: No controller active in LOW_LEVEL_SERVOING mode !
[DEBUG] [1756262036.677362730] [KortexMultiInterfaceHardware]: No controller active in LOW_LEVEL_SERVOING mode !
[DEBUG] [1756262036.677591003] [KortexMultiInterfaceHardware]: No controller active in LOW_LEVEL_SERVOING mode !
[DEBUG] [1756262036.677833721] [KortexMultiInterfaceHardware]: No controller active in LOW_LEVEL_SERVOING mode !
[DEBUG] [1756262036.678363465] [KortexMultiInterfaceHardware]: No controller active in LOW_LEVEL_SERVOING mode !
[DEBUG] [1756262036.678585395] [KortexMultiInterfaceHardware]: No controller active in LOW_LEVEL_SERVOING mode !
[DEBUG] [1756262036.678859980] [KortexMultiInterfaceHardware]: No controller active in LOW_LEVEL_SERVOING mode !
[DEBUG] [1756262036.679372723] [KortexMultiInterfaceHardware]: No controller active in LOW_LEVEL_SERVOING mode !
[DEBUG] [1756262036.679592035] [KortexMultiInterfaceHardware]: No controller active in LOW_LEVEL_SERVOING mode !
[DEBUG] [1756262036.679836700] [KortexMultiInterfaceHardware]: No controller active in LOW_LEVEL_SERVOING mode !
[DEBUG] [1756262036.680359673] [KortexMultiInterfaceHardware]: No controller active in LOW_LEVEL_SERVOING mode !
[DEBUG] [1756262036.680557383] [KortexMultiInterfaceHardware]: No controller active in LOW_LEVEL_SERVOING mode !
[DEBUG] [1756262036.680843199] [KortexMultiInterfaceHardware]: No controller active in LOW_LEVEL_SERVOING mode !
[DEBUG] [1756262036.681083092] [KortexMultiInterfaceHardware]: No controller active in LOW_LEVEL_SERVOING mode !
[DEBUG] [1756262036.681357090] [KortexMultiInterfaceHardware]: No controller active in LOW_LEVEL_SERVOING mode !
[DEBUG] [1756262036.681589521] [KortexMultiInterfaceHardware]: No controller active in LOW_LEVEL_SERVOING mode !
[DEBUG] [1756262036.681852612] [KortexMultiInterfaceHardware]: No controller active in LOW_LEVEL_SERVOING mode !
[DEBUG] [1756262036.682380239] [KortexMultiInterfaceHardware]: No controller active in LOW_LEVEL_SERVOING mode !
[DEBUG] [1756262036.682597216] [KortexMultiInterfaceHardware]: No controller active in LOW_LEVEL_SERVOING mode !
[DEBUG] [1756262036.682838605] [KortexMultiInterfaceHardware]: No controller active in LOW_LEVEL_SERVOING mode !
[DEBUG] [1756262036.683342927] [KortexMultiInterfaceHardware]: No controller active in LOW_LEVEL_SERVOING mode !
[DEBUG] [1756262036.683553333] [KortexMultiInterfaceHardware]: No controller active in LOW_LEVEL_SERVOING mode !
[DEBUG] [1756262036.683814880] [KortexMultiInterfaceHardware]: No controller active in LOW_LEVEL_SERVOING mode !
[DEBUG] [1756262036.684332268] [KortexMultiInterfaceHardware]: No controller active in LOW_LEVEL_SERVOING mode !
[DEBUG] [1756262036.684537439] [KortexMultiInterfaceHardware]: No controller active in LOW_LEVEL_SERVOING mode !
[DEBUG] [1756262036.684787848] [KortexMultiInterfaceHardware]: No controller active in LOW_LEVEL_SERVOING mode !
[DEBUG] [1756262036.685260165] [KortexMultiInterfaceHardware]: No controller active in LOW_LEVEL_SERVOING mode !
[DEBUG] [1756262036.685471195] [KortexMultiInterfaceHardware]: No controller active in LOW_LEVEL_SERVOING mode !
[DEBUG] [1756262036.685716592] [KortexMultiInterfaceHardware]: No controller active in LOW_LEVEL_SERVOING mode !
[DEBUG] [1756262036.685979855] [KortexMultiInterfaceHardware]: No controller active in LOW_LEVEL_SERVOING mode !
[DEBUG] [1756262036.686338780] [KortexMultiInterfaceHardware]: No controller active in LOW_LEVEL_SERVOING mode !
[DEBUG] [1756262036.686542097] [KortexMultiInterfaceHardware]: No controller active in LOW_LEVEL_SERVOING mode !
[DEBUG] [1756262036.686790982] [KortexMultiInterfaceHardware]: No controller active in LOW_LEVEL_SERVOING mode !
[DEBUG] [1756262036.686988290] [KortexMultiInterfaceHardware]: No controller active in LOW_LEVEL_SERVOING mode !
[DEBUG] [1756262036.687327832] [KortexMultiInterfaceHardware]: No controller active in LOW_LEVEL_SERVOING mode !
[DEBUG] [1756262036.687541471] [KortexMultiInterfaceHardware]: No controller active in LOW_LEVEL_SERVOING mode !
[DEBUG] [1756262036.687811685] [KortexMultiInterfaceHardware]: No controller active in LOW_LEVEL_SERVOING mode !
[DEBUG] [1756262036.688307019] [KortexMultiInterfaceHardware]: No controller active in LOW_LEVEL_SERVOING mode !
[DEBUG] [1756262036.688522804] [KortexMultiInterfaceHardware]: No controller active in LOW_LEVEL_SERVOING mode !
[DEBUG] [1756262036.688774470] [KortexMultiInterfaceHardware]: No controller active in LOW_LEVEL_SERVOING mode !
[DEBUG] [1756262036.689301515] [KortexMultiInterfaceHardware]: No controller active in LOW_LEVEL_SERVOING mode !
[DEBUG] [1756262036.689505848] [KortexMultiInterfaceHardware]: No controller active in LOW_LEVEL_SERVOING mode !
[DEBUG] [1756262036.689773999] [KortexMultiInterfaceHardware]: No controller active in LOW_LEVEL_SERVOING mode !
[DEBUG] [1756262036.689980589] [KortexMultiInterfaceHardware]: No controller active in LOW_LEVEL_SERVOING mode !
[DEBUG] [1756262036.690334551] [KortexMultiInterfaceHardware]: No controller active in LOW_LEVEL_SERVOING mode !
[DEBUG] [1756262036.690526677] [KortexMultiInterfaceHardware]: No controller active in LOW_LEVEL_SERVOING mode !
[DEBUG] [1756262036.690774187] [KortexMultiInterfaceHardware]: No controller active in LOW_LEVEL_SERVOING mode !
[DEBUG] [1756262036.691043009] [KortexMultiInterfaceHardware]: No controller active in LOW_LEVEL_SERVOING mode !
[DEBUG] [1756262036.691338386] [KortexMultiInterfaceHardware]: No controller active in LOW_LEVEL_SERVOING mode !
[DEBUG] [1756262036.691612311] [KortexMultiInterfaceHardware]: No controller active in LOW_LEVEL_SERVOING mode !
[DEBUG] [1756262036.691863328] [KortexMultiInterfaceHardware]: No controller active in LOW_LEVEL_SERVOING mode !
[DEBUG] [1756262036.692343718] [KortexMultiInterfaceHardware]: No controller active in LOW_LEVEL_SERVOING mode !
[DEBUG] [1756262036.692559516] [KortexMultiInterfaceHardware]: No controller active in LOW_LEVEL_SERVOING mode !
[DEBUG] [1756262036.692859641] [KortexMultiInterfaceHardware]: No controller active in LOW_LEVEL_SERVOING mode !
[DEBUG] [1756262036.693108154] [KortexMultiInterfaceHardware]: No controller active in LOW_LEVEL_SERVOING mode !
[DEBUG] [1756262036.693384656] [KortexMultiInterfaceHardware]: No controller active in LOW_LEVEL_SERVOING mode !
[DEBUG] [1756262036.693612707] [KortexMultiInterfaceHardware]: No controller active in LOW_LEVEL_SERVOING mode !
[DEBUG] [1756262036.693892112] [KortexMultiInterfaceHardware]: No controller active in LOW_LEVEL_SERVOING mode !
[DEBUG] [1756262036.694119425] [KortexMultiInterfaceHardware]: No controller active in LOW_LEVEL_SERVOING mode !
[DEBUG] [1756262036.694380196] [KortexMultiInterfaceHardware]: No controller active in LOW_LEVEL_SERVOING mode !
[DEBUG] [1756262036.694600124] [KortexMultiInterfaceHardware]: No controller active in LOW_LEVEL_SERVOING mode !
[DEBUG] [1756262036.694856332] [KortexMultiInterfaceHardware]: No controller active in LOW_LEVEL_SERVOING mode !
[DEBUG] [1756262036.695129196] [KortexMultiInterfaceHardware]: No controller active in LOW_LEVEL_SERVOING mode !
[DEBUG] [1756262036.695386003] [KortexMultiInterfaceHardware]: No controller active in LOW_LEVEL_SERVOING mode !
[DEBUG] [1756262036.695620518] [KortexMultiInterfaceHardware]: No controller active in LOW_LEVEL_SERVOING mode !
[DEBUG] [1756262036.695887328] [KortexMultiInterfaceHardware]: No controller active in LOW_LEVEL_SERVOING mode !
[DEBUG] [1756262036.696280463] [KortexMultiInterfaceHardware]: No controller active in LOW_LEVEL_SERVOING mode !
[DEBUG] [1756262036.696488151] [KortexMultiInterfaceHardware]: No controller active in LOW_LEVEL_SERVOING mode !
[DEBUG] [1756262036.696796526] [KortexMultiInterfaceHardware]: No controller active in LOW_LEVEL_SERVOING mode !
[DEBUG] [1756262036.697055883] [KortexMultiInterfaceHardware]: No controller active in LOW_LEVEL_SERVOING mode !
[DEBUG] [1756262036.697352559] [KortexMultiInterfaceHardware]: No controller active in LOW_LEVEL_SERVOING mode !
[DEBUG] [1756262036.697613693] [KortexMultiInterfaceHardware]: No controller active in LOW_LEVEL_SERVOING mode !
[DEBUG] [1756262036.697868232] [KortexMultiInterfaceHardware]: No controller active in LOW_LEVEL_SERVOING mode !
[DEBUG] [1756262036.698111013] [KortexMultiInterfaceHardware]: No controller active in LOW_LEVEL_SERVOING mode !
[DEBUG] [1756262036.698363605] [KortexMultiInterfaceHardware]: No controller active in LOW_LEVEL_SERVOING mode !
[DEBUG] [1756262036.698565251] [KortexMultiInterfaceHardware]: No controller active in LOW_LEVEL_SERVOING mode !
[DEBUG] [1756262036.698814509] [KortexMultiInterfaceHardware]: No controller active in LOW_LEVEL_SERVOING mode !
[DEBUG] [1756262036.699317021] [KortexMultiInterfaceHardware]: No controller active in LOW_LEVEL_SERVOING mode !
[DEBUG] [1756262036.699539615] [KortexMultiInterfaceHardware]: No controller active in LOW_LEVEL_SERVOING mode !
[DEBUG] [1756262036.699789464] [KortexMultiInterfaceHardware]: No controller active in LOW_LEVEL_SERVOING mode !
[DEBUG] [1756262036.700060951] [KortexMultiInterfaceHardware]: No controller active in LOW_LEVEL_SERVOING mode !
[DEBUG] [1756262036.700366001] [KortexMultiInterfaceHardware]: No controller active in LOW_LEVEL_SERVOING mode !
[DEBUG] [1756262036.700579494] [KortexMultiInterfaceHardware]: No controller active in LOW_LEVEL_SERVOING mode !
[DEBUG] [1756262036.700839316] [KortexMultiInterfaceHardware]: No controller active in LOW_LEVEL_SERVOING mode !
[DEBUG] [1756262036.701082083] [KortexMultiInterfaceHardware]: No controller active in LOW_LEVEL_SERVOING mode !
[DEBUG] [1756262036.701371277] [KortexMultiInterfaceHardware]: No controller active in LOW_LEVEL_SERVOING mode !
[DEBUG] [1756262036.701569983] [KortexMultiInterfaceHardware]: No controller active in LOW_LEVEL_SERVOING mode !
[DEBUG] [1756262036.701832775] [KortexMultiInterfaceHardware]: No controller active in LOW_LEVEL_SERVOING mode !
[DEBUG] [1756262036.702061041] [KortexMultiInterfaceHardware]: No controller active in LOW_LEVEL_SERVOING mode !
[DEBUG] [1756262036.702368694] [KortexMultiInterfaceHardware]: No controller active in LOW_LEVEL_SERVOING mode !
[DEBUG] [1756262036.702568502] [KortexMultiInterfaceHardware]: No controller active in LOW_LEVEL_SERVOING mode !
[DEBUG] [1756262036.702814249] [KortexMultiInterfaceHardware]: No controller active in LOW_LEVEL_SERVOING mode !
[DEBUG] [1756262036.703055409] [KortexMultiInterfaceHardware]: No controller active in LOW_LEVEL_SERVOING mode !
[DEBUG] [1756262036.703375117] [KortexMultiInterfaceHardware]: No controller active in LOW_LEVEL_SERVOING mode !
[DEBUG] [1756262036.703575371] [KortexMultiInterfaceHardware]: No controller active in LOW_LEVEL_SERVOING mode !
[DEBUG] [1756262036.703821804] [KortexMultiInterfaceHardware]: No controller active in LOW_LEVEL_SERVOING mode !
[DEBUG] [1756262036.704044185] [KortexMultiInterfaceHardware]: No controller active in LOW_LEVEL_SERVOING mode !
[DEBUG] [1756262036.704381513] [KortexMultiInterfaceHardware]: No controller active in LOW_LEVEL_SERVOING mode !
[DEBUG] [1756262036.704566776] [KortexMultiInterfaceHardware]: No controller active in LOW_LEVEL_SERVOING mode !
[DEBUG] [1756262036.704788894] [KortexMultiInterfaceHardware]: No controller active in LOW_LEVEL_SERVOING mode !
[DEBUG] [1756262036.704974716] [KortexMultiInterfaceHardware]: No controller active in LOW_LEVEL_SERVOING mode !
[DEBUG] [1756262036.705383214] [KortexMultiInterfaceHardware]: No controller active in LOW_LEVEL_SERVOING mode !
[DEBUG] [1756262036.705616373] [KortexMultiInterfaceHardware]: No controller active in LOW_LEVEL_SERVOING mode !
[DEBUG] [1756262036.705862656] [KortexMultiInterfaceHardware]: No controller active in LOW_LEVEL_SERVOING mode !
[DEBUG] [1756262036.706281610] [KortexMultiInterfaceHardware]: No controller active in LOW_LEVEL_SERVOING mode !
[DEBUG] [1756262036.706512228] [KortexMultiInterfaceHardware]: No controller active in LOW_LEVEL_SERVOING mode !
[DEBUG] [1756262036.706748914] [KortexMultiInterfaceHardware]: No controller active in LOW_LEVEL_SERVOING mode !
[DEBUG] [1756262036.706998282] [KortexMultiInterfaceHardware]: No controller active in LOW_LEVEL_SERVOING mode !
[DEBUG] [1756262036.707363817] [KortexMultiInterfaceHardware]: No controller active in LOW_LEVEL_SERVOING mode !
[DEBUG] [1756262036.707565419] [KortexMultiInterfaceHardware]: No controller active in LOW_LEVEL_SERVOING mode !
[DEBUG] [1756262036.714014052] [KortexMultiInterfaceHardware]: No controller active in LOW_LEVEL_SERVOING mode !
[DEBUG] [1756262036.714438971] [KortexMultiInterfaceHardware]: No controller active in LOW_LEVEL_SERVOING mode !
[DEBUG] [1756262036.724360261] [KortexMultiInterfaceHardware]: No controller active in LOW_LEVEL_SERVOING mode !
[DEBUG] [1756262036.724634273] [KortexMultiInterfaceHardware]: No controller active in LOW_LEVEL_SERVOING mode !
[DEBUG] [1756262036.734030982] [KortexMultiInterfaceHardware]: No controller active in LOW_LEVEL_SERVOING mode !
[DEBUG] [1756262036.734406012] [KortexMultiInterfaceHardware]: No controller active in LOW_LEVEL_SERVOING mode !
[DEBUG] [1756262036.743999242] [KortexMultiInterfaceHardware]: No controller active in LOW_LEVEL_SERVOING mode !
[DEBUG] [1756262036.744430604] [KortexMultiInterfaceHardware]: No controller active in LOW_LEVEL_SERVOING mode !
[DEBUG] [1756262036.754035145] [KortexMultiInterfaceHardware]: No controller active in LOW_LEVEL_SERVOING mode !
[DEBUG] [1756262036.754433458] [KortexMultiInterfaceHardware]: No controller active in LOW_LEVEL_SERVOING mode !
[INFO] [1756262036.761660930] [controller_manager]: Loading controller 'left_joint_trajectory_controller'
[DEBUG] [1756262036.764327434] [KortexMultiInterfaceHardware]: No controller active in LOW_LEVEL_SERVOING mode !
[DEBUG] [1756262036.764559554] [KortexMultiInterfaceHardware]: No controller active in LOW_LEVEL_SERVOING mode !
[WARN] [1756262036.774074683] [left_joint_trajectory_controller]: [Deprecated]: "allow_nonzero_velocity_at_trajectory_end" is set to true. The default behavior will change to false.
[DEBUG] [1756262036.774096809] [KortexMultiInterfaceHardware]: No controller active in LOW_LEVEL_SERVOING mode !
[DEBUG] [1756262036.774444032] [KortexMultiInterfaceHardware]: No controller active in LOW_LEVEL_SERVOING mode !
[DEBUG] [1756262036.784027397] [KortexMultiInterfaceHardware]: No controller active in LOW_LEVEL_SERVOING mode !
[DEBUG] [1756262036.784446349] [KortexMultiInterfaceHardware]: No controller active in LOW_LEVEL_SERVOING mode !
[INFO] [1756262036.785102833] [controller_manager]: Configuring controller 'left_joint_trajectory_controller'
[INFO] [1756262036.785226897] [left_joint_trajectory_controller]: No specific joint names are used for command interfaces. Using 'joints' parameter.
[INFO] [1756262036.785239251] [left_joint_trajectory_controller]: Command interfaces are [position] and state interfaces are [position velocity].
[INFO] [1756262036.785252907] [left_joint_trajectory_controller]: Using 'splines' interpolation method.
[INFO] [1756262036.786177752] [left_joint_trajectory_controller]: Controller state will be published at 100.00 Hz.
[INFO] [1756262036.789434225] [left_joint_trajectory_controller]: Action status changes will be monitored at 20.00 Hz.
[INFO] [1756262036.793971309] [controller_manager]: Loading controller 'fault_controller'
[DEBUG] [1756262036.794028943] [KortexMultiInterfaceHardware]: No controller active in LOW_LEVEL_SERVOING mode !
[DEBUG] [1756262036.794442965] [KortexMultiInterfaceHardware]: No controller active in LOW_LEVEL_SERVOING mode !
[INFO] [1756262036.803954503] [controller_manager]: Loading controller 'joint_state_broadcaster'
[DEBUG] [1756262036.804060159] [KortexMultiInterfaceHardware]: No controller active in LOW_LEVEL_SERVOING mode !
[DEBUG] [1756262036.804442869] [KortexMultiInterfaceHardware]: No controller active in LOW_LEVEL_SERVOING mode !
[INFO] [1756262036.813937864] [controller_manager]: Loading controller 'right_joint_trajectory_controller'
[DEBUG] [1756262036.814011485] [KortexMultiInterfaceHardware]: No controller active in LOW_LEVEL_SERVOING mode !
[DEBUG] [1756262036.814591295] [KortexMultiInterfaceHardware]: No controller active in LOW_LEVEL_SERVOING mode !
[WARN] [1756262036.819254371] [right_joint_trajectory_controller]: [Deprecated]: "allow_nonzero_velocity_at_trajectory_end" is set to true. The default behavior will change to false.
[INFO] [1756262036.823891113] [controller_manager]: Configuring controller 'fault_controller'
[DEBUG] [1756262036.824031388] [KortexMultiInterfaceHardware]: No controller active in LOW_LEVEL_SERVOING mode !
[DEBUG] [1756262036.824463854] [KortexMultiInterfaceHardware]: No controller active in LOW_LEVEL_SERVOING mode !
[INFO] [1756262036.834126382] [controller_manager]: Configuring controller 'joint_state_broadcaster'
[INFO] [1756262036.834208399] [joint_state_broadcaster]: 'joints' or 'interfaces' parameter is empty. All available state interfaces will be published
[DEBUG] [1756262036.834354127] [KortexMultiInterfaceHardware]: No controller active in LOW_LEVEL_SERVOING mode !
[DEBUG] [1756262036.834610970] [KortexMultiInterfaceHardware]: No controller active in LOW_LEVEL_SERVOING mode !
[DEBUG] [1756262036.844026730] [KortexMultiInterfaceHardware]: No controller active in LOW_LEVEL_SERVOING mode !
[INFO] [1756262036.844044547] [controller_manager]: Configuring controller 'right_joint_trajectory_controller'
[INFO] [1756262036.844204394] [right_joint_trajectory_controller]: No specific joint names are used for command interfaces. Using 'joints' parameter.
[INFO] [1756262036.844221901] [right_joint_trajectory_controller]: Command interfaces are [position] and state interfaces are [position velocity].
[INFO] [1756262036.844235135] [right_joint_trajectory_controller]: Using 'splines' interpolation method.
[DEBUG] [1756262036.844446107] [KortexMultiInterfaceHardware]: No controller active in LOW_LEVEL_SERVOING mode !
[INFO] [1756262036.844618718] [right_joint_trajectory_controller]: Controller state will be published at 100.00 Hz.
[INFO] [1756262036.845663996] [right_joint_trajectory_controller]: Action status changes will be monitored at 20.00 Hz.
[DEBUG] [1756262036.854045515] [KortexMultiInterfaceHardware]: No controller active in LOW_LEVEL_SERVOING mode !
[DEBUG] [1756262036.854452673] [KortexMultiInterfaceHardware]: No controller active in LOW_LEVEL_SERVOING mode !
[DEBUG] [1756262036.864492288] [KortexMultiInterfaceHardware]: No controller active in LOW_LEVEL_SERVOING mode !
[DEBUG] [1756262036.874741002] [KortexMultiInterfaceHardware]: No controller active in LOW_LEVEL_SERVOING mode !
[DEBUG] [1756262036.884475153] [KortexMultiInterfaceHardware]: No controller active in LOW_LEVEL_SERVOING mode !
[DEBUG] [1756262036.894462747] [KortexMultiInterfaceHardware]: No controller active in LOW_LEVEL_SERVOING mode !
[DEBUG] [1756262036.904504064] [KortexMultiInterfaceHardware]: No controller active in LOW_LEVEL_SERVOING mode !
[DEBUG] [1756262036.914613918] [KortexMultiInterfaceHardware]: No controller active in LOW_LEVEL_SERVOING mode !
[DEBUG] [1756262036.924475011] [KortexMultiInterfaceHardware]: No controller active in LOW_LEVEL_SERVOING mode !
[DEBUG] [1756262036.934498645] [KortexMultiInterfaceHardware]: No controller active in LOW_LEVEL_SERVOING mode !
[DEBUG] [1756262036.944497370] [KortexMultiInterfaceHardware]: No controller active in LOW_LEVEL_SERVOING mode !
[DEBUG] [1756262036.954490042] [KortexMultiInterfaceHardware]: No controller active in LOW_LEVEL_SERVOING mode !
[DEBUG] [1756262036.964483367] [KortexMultiInterfaceHardware]: No controller active in LOW_LEVEL_SERVOING mode !
[DEBUG] [1756262036.974479123] [KortexMultiInterfaceHardware]: No controller active in LOW_LEVEL_SERVOING mode !
[DEBUG] [1756262036.984482619] [KortexMultiInterfaceHardware]: No controller active in LOW_LEVEL_SERVOING mode !
[DEBUG] [1756262036.994486226] [KortexMultiInterfaceHardware]: No controller active in LOW_LEVEL_SERVOING mode !
[DEBUG] [1756262037.004491282] [KortexMultiInterfaceHardware]: No controller active in LOW_LEVEL_SERVOING mode !
[DEBUG] [1756262037.014474139] [KortexMultiInterfaceHardware]: No controller active in LOW_LEVEL_SERVOING mode !
[DEBUG] [1756262037.024622824] [KortexMultiInterfaceHardware]: No controller active in LOW_LEVEL_SERVOING mode !
[DEBUG] [1756262037.034495234] [KortexMultiInterfaceHardware]: No controller active in LOW_LEVEL_SERVOING mode !
[DEBUG] [1756262037.044508567] [KortexMultiInterfaceHardware]: No controller active in LOW_LEVEL_SERVOING mode !
[DEBUG] [1756262037.054505906] [KortexMultiInterfaceHardware]: No controller active in LOW_LEVEL_SERVOING mode !
[DEBUG] [1756262037.296543974] [KortexMultiInterfaceHardware]: No controller active in LOW_LEVEL_SERVOING mode !
[DEBUG] [1756262037.297425707] [KortexMultiInterfaceHardware]: No controller active in LOW_LEVEL_SERVOING mode !
[DEBUG] [1756262037.298087274] [KortexMultiInterfaceHardware]: No controller active in LOW_LEVEL_SERVOING mode !
[DEBUG] [1756262037.298699965] [KortexMultiInterfaceHardware]: No controller active in LOW_LEVEL_SERVOING mode !
[DEBUG] [1756262037.304515236] [KortexMultiInterfaceHardware]: No controller active in LOW_LEVEL_SERVOING mode !
[DEBUG] [1756262037.314536063] [KortexMultiInterfaceHardware]: No controller active in LOW_LEVEL_SERVOING mode !
[DEBUG] [1756262037.324579771] [KortexMultiInterfaceHardware]: No controller active in LOW_LEVEL_SERVOING mode !
[DEBUG] [1756262037.334561167] [KortexMultiInterfaceHardware]: No controller active in LOW_LEVEL_SERVOING mode !
[DEBUG] [1756262037.344544074] [KortexMultiInterfaceHardware]: No controller active in LOW_LEVEL_SERVOING mode !
[DEBUG] [1756262037.354538914] [KortexMultiInterfaceHardware]: No controller active in LOW_LEVEL_SERVOING mode !
[DEBUG] [1756262037.364786372] [KortexMultiInterfaceHardware]: No controller active in LOW_LEVEL_SERVOING mode !
[DEBUG] [1756262037.374563505] [KortexMultiInterfaceHardware]: No controller active in LOW_LEVEL_SERVOING mode !
[DEBUG] [1756262037.384558567] [KortexMultiInterfaceHardware]: No controller active in LOW_LEVEL_SERVOING mode !
[DEBUG] [1756262037.394560372] [KortexMultiInterfaceHardware]: No controller active in LOW_LEVEL_SERVOING mode !
[DEBUG] [1756262037.404551880] [KortexMultiInterfaceHardware]: No controller active in LOW_LEVEL_SERVOING mode !
[DEBUG] [1756262037.414541102] [KortexMultiInterfaceHardware]: No controller active in LOW_LEVEL_SERVOING mode !
[DEBUG] [1756262037.424572323] [KortexMultiInterfaceHardware]: No controller active in LOW_LEVEL_SERVOING mode !
[DEBUG] [1756262037.434560970] [KortexMultiInterfaceHardware]: No controller active in LOW_LEVEL_SERVOING mode !
[DEBUG] [1756262037.444564786] [KortexMultiInterfaceHardware]: No controller active in LOW_LEVEL_SERVOING mode !
[DEBUG] [1756262037.454499841] [KortexMultiInterfaceHardware]: No controller active in LOW_LEVEL_SERVOING mode !
[DEBUG] [1756262037.464554898] [KortexMultiInterfaceHardware]: No controller active in LOW_LEVEL_SERVOING mode !
[DEBUG] [1756262037.474790036] [KortexMultiInterfaceHardware]: No controller active in LOW_LEVEL_SERVOING mode !
[DEBUG] [1756262037.484574716] [KortexMultiInterfaceHardware]: No controller active in LOW_LEVEL_SERVOING mode !
[DEBUG] [1756262037.494531781] [KortexMultiInterfaceHardware]: No controller active in LOW_LEVEL_SERVOING mode !
[DEBUG] [1756262037.821971273] [KortexMultiInterfaceHardware]: No controller active in LOW_LEVEL_SERVOING mode !
[DEBUG] [1756262037.822761118] [KortexMultiInterfaceHardware]: No controller active in LOW_LEVEL_SERVOING mode !
[DEBUG] [1756262037.823614736] [KortexMultiInterfaceHardware]: No controller active in LOW_LEVEL_SERVOING mode !
[DEBUG] [1756262037.824218160] [KortexMultiInterfaceHardware]: No controller active in LOW_LEVEL_SERVOING mode !
[DEBUG] [1756262037.824759430] [KortexMultiInterfaceHardware]: No controller active in LOW_LEVEL_SERVOING mode !
[DEBUG] [1756262037.825545258] [KortexMultiInterfaceHardware]: No controller active in LOW_LEVEL_SERVOING mode !
[DEBUG] [1756262037.826501566] [KortexMultiInterfaceHardware]: No controller active in LOW_LEVEL_SERVOING mode !
[DEBUG] [1756262037.827098859] [KortexMultiInterfaceHardware]: No controller active in LOW_LEVEL_SERVOING mode !
[DEBUG] [1756262037.827758659] [KortexMultiInterfaceHardware]: No controller active in LOW_LEVEL_SERVOING mode !
[DEBUG] [1756262037.828562257] [KortexMultiInterfaceHardware]: No controller active in LOW_LEVEL_SERVOING mode !
[DEBUG] [1756262037.829086515] [KortexMultiInterfaceHardware]: No controller active in LOW_LEVEL_SERVOING mode !
[DEBUG] [1756262037.829756183] [KortexMultiInterfaceHardware]: No controller active in LOW_LEVEL_SERVOING mode !
[DEBUG] [1756262037.830259271] [KortexMultiInterfaceHardware]: No controller active in LOW_LEVEL_SERVOING mode !
[DEBUG] [1756262037.834614222] [KortexMultiInterfaceHardware]: No controller active in LOW_LEVEL_SERVOING mode !
[DEBUG] [1756262037.844693516] [KortexMultiInterfaceHardware]: No controller active in LOW_LEVEL_SERVOING mode !
[DEBUG] [1756262037.854767420] [KortexMultiInterfaceHardware]: No controller active in LOW_LEVEL_SERVOING mode !
[DEBUG] [1756262037.864641931] [KortexMultiInterfaceHardware]: No controller active in LOW_LEVEL_SERVOING mode !
[DEBUG] [1756262037.874541737] [KortexMultiInterfaceHardware]: No controller active in LOW_LEVEL_SERVOING mode !
[DEBUG] [1756262037.884521034] [KortexMultiInterfaceHardware]: No controller active in LOW_LEVEL_SERVOING mode !
[DEBUG] [1756262037.894268728] [KortexMultiInterfaceHardware]: No controller active in LOW_LEVEL_SERVOING mode !
[DEBUG] [1756262037.904572630] [KortexMultiInterfaceHardware]: No controller active in LOW_LEVEL_SERVOING mode !
[DEBUG] [1756262037.914673766] [KortexMultiInterfaceHardware]: No controller active in LOW_LEVEL_SERVOING mode !
[DEBUG] [1756262037.924665613] [KortexMultiInterfaceHardware]: No controller active in LOW_LEVEL_SERVOING mode !
[DEBUG] [1756262037.934684330] [KortexMultiInterfaceHardware]: No controller active in LOW_LEVEL_SERVOING mode !
[DEBUG] [1756262037.944570249] [KortexMultiInterfaceHardware]: No controller active in LOW_LEVEL_SERVOING mode !
[DEBUG] [1756262037.954667745] [KortexMultiInterfaceHardware]: No controller active in LOW_LEVEL_SERVOING mode !
[DEBUG] [1756262037.964585902] [KortexMultiInterfaceHardware]: No controller active in LOW_LEVEL_SERVOING mode !
[DEBUG] [1756262037.974627644] [KortexMultiInterfaceHardware]: No controller active in LOW_LEVEL_SERVOING mode !
[DEBUG] [1756262037.984648092] [KortexMultiInterfaceHardware]: No controller active in LOW_LEVEL_SERVOING mode !
[DEBUG] [1756262037.994667025] [KortexMultiInterfaceHardware]: No controller active in LOW_LEVEL_SERVOING mode !
[DEBUG] [1756262038.004285498] [KortexMultiInterfaceHardware]: No controller active in LOW_LEVEL_SERVOING mode !
[DEBUG] [1756262038.014262915] [KortexMultiInterfaceHardware]: No controller active in LOW_LEVEL_SERVOING mode !
[INFO] [1756262102.628438771] [left_joint_trajectory_controller]: Received new action goal
[INFO] [1756262102.628485423] [left_joint_trajectory_controller]: Accepted new action goal
[INFO] [1756262102.628848085] [right_joint_trajectory_controller]: Received new action goal
[INFO] [1756262102.628876870] [right_joint_trajectory_controller]: Accepted new action goal
[INFO] [1756262115.253696426] [left_joint_trajectory_controller]: Goal reached, success!
[INFO] [1756262115.253761562] [right_joint_trajectory_controller]: Goal reached, success!
[INFO] [1756262137.174845344] [left_joint_trajectory_controller]: Received new action goal
[INFO] [1756262137.174907465] [left_joint_trajectory_controller]: Accepted new action goal
[INFO] [1756262137.175776155] [right_joint_trajectory_controller]: Received new action goal
[INFO] [1756262137.175827088] [right_joint_trajectory_controller]: Accepted new action goal
[INFO] [1756262192.233730049] [left_joint_trajectory_controller]: Goal reached, success!
[INFO] [1756262192.233787494] [right_joint_trajectory_controller]: Goal reached, success!
[INFO] [1756277782.874252717] [right_joint_trajectory_controller]: Received new action goal
[INFO] [1756277782.874307762] [right_joint_trajectory_controller]: Accepted new action goal
[INFO] [1756277783.373742769] [right_joint_trajectory_controller]: Goal reached, success!
[INFO] [1756277783.574232355] [right_joint_trajectory_controller]: Received new action goal
[INFO] [1756277783.574260517] [right_joint_trajectory_controller]: Accepted new action goal
[INFO] [1756277785.243725138] [right_joint_trajectory_controller]: Goal reached, success!
[INFO] [1756277785.474269584] [right_joint_trajectory_controller]: Received new action goal
[INFO] [1756277785.474314620] [right_joint_trajectory_controller]: Accepted new action goal
[INFO] [1756277787.133748081] [right_joint_trajectory_controller]: Goal reached, success!
[INFO] [1756277787.374275476] [right_joint_trajectory_controller]: Received new action goal
[INFO] [1756277787.374305238] [right_joint_trajectory_controller]: Accepted new action goal
[INFO] [1756277789.033741762] [right_joint_trajectory_controller]: Goal reached, success!
[INFO] [1756277885.264457725] [left_joint_trajectory_controller]: Received new action goal
[INFO] [1756277885.264510959] [left_joint_trajectory_controller]: Accepted new action goal
[INFO] [1756277885.265090679] [right_joint_traject