[INFO] [1756085427.324214079] [controller_manager]: Subscribing to '~/robot_description' topic for robot description file.
[INFO] [1756085427.325038546] [controller_manager]: update rate is 100 Hz
[INFO] [1756085427.325066901] [controller_manager]: Spawning controller_manager RT thread with scheduler priority: 50
[WARN] [1756085427.325202016] [controller_manager]: No real-time kernel detected on this system. See [https://control.ros.org/master/doc/ros2_control/controller_manager/doc/userdoc.html] for details on how to enable realtime scheduling.
[INFO] [1756085427.335359612] [controller_manager]: Received robot description file.
[INFO] [1756085427.336168089] [resource_manager]: Loading hardware 'left_KortexMultiInterfaceHardware' 
[INFO] [1756085427.343344462] [KortexMultiInterfaceHardware]: Setting severity threshold to DEBUG
[INFO] [1756085427.343403339] [resource_manager]: Initialize hardware 'left_KortexMultiInterfaceHardware' 
[INFO] [1756085427.343415003] [KortexMultiInterfaceHardware]: Configuring Hardware Interface
[INFO] [1756085427.343739677] [KortexMultiInterfaceHardware]: Robot ip is '192.168.11.60'
[INFO] [1756085427.343748507] [KortexMultiInterfaceHardware]: Username is 'admin'
[INFO] [1756085427.343760175] [KortexMultiInterfaceHardware]: Port used '10000'
[INFO] [1756085427.343765611] [KortexMultiInterfaceHardware]: Realtime port used '10001'
[INFO] [1756085427.343770735] [KortexMultiInterfaceHardware]: Session inactivity timeout is '60000'
[INFO] [1756085427.343775583] [KortexMultiInterfaceHardware]: Connection inactivity timeout is '2000'
[ERROR] [1756085427.343780189] [KortexMultiInterfaceHardware]: Gripper joint name is empty!
[INFO] [1756085427.343799190] [KortexMultiInterfaceHardware]: Connecting to robot at 192.168.11.60
[INFO] [1756085427.344504115] [KortexMultiInterfaceHardware]: Creating session for communication
[INFO] [1756085427.815083613] [KortexMultiInterfaceHardware]: Session created
[INFO] [1756085428.399584981] [KortexMultiInterfaceHardware]: Actuator count reported by robot is '7'
[INFO] [1756085428.399698736] [KortexMultiInterfaceHardware]: Hardware Interface successfully configured
[INFO] [1756085428.399710377] [resource_manager]: Successful initialization of hardware 'left_KortexMultiInterfaceHardware'
[DEBUG] [1756085428.399723374] [KortexMultiInterfaceHardware]: export_state_interfaces for joint: left_joint_1
[DEBUG] [1756085428.399747091] [KortexMultiInterfaceHardware]: export_state_interfaces for joint: left_joint_2
[DEBUG] [1756085428.399757841] [KortexMultiInterfaceHardware]: export_state_interfaces for joint: left_joint_3
[DEBUG] [1756085428.399759542] [KortexMultiInterfaceHardware]: export_state_interfaces for joint: left_joint_4
[DEBUG] [1756085428.399760859] [KortexMultiInterfaceHardware]: export_state_interfaces for joint: left_joint_5
[DEBUG] [1756085428.399762413] [KortexMultiInterfaceHardware]: export_state_interfaces for joint: left_joint_6
[DEBUG] [1756085428.399763716] [KortexMultiInterfaceHardware]: export_state_interfaces for joint: left_joint_7
[INFO] [1756085428.399865728] [resource_manager]: Loading hardware 'right_KortexMultiInterfaceHardware' 
[INFO] [1756085428.399902772] [KortexMultiInterfaceHardware]: Setting severity threshold to DEBUG
[INFO] [1756085428.399908195] [resource_manager]: Initialize hardware 'right_KortexMultiInterfaceHardware' 
[INFO] [1756085428.399910064] [KortexMultiInterfaceHardware]: Configuring Hardware Interface
[INFO] [1756085428.399948270] [KortexMultiInterfaceHardware]: Robot ip is '192.168.11.61'
[INFO] [1756085428.399950006] [KortexMultiInterfaceHardware]: Username is 'admin'
[INFO] [1756085428.399952203] [KortexMultiInterfaceHardware]: Port used '10000'
[INFO] [1756085428.399953955] [KortexMultiInterfaceHardware]: Realtime port used '10001'
[INFO] [1756085428.399956766] [KortexMultiInterfaceHardware]: Session inactivity timeout is '60000'
[INFO] [1756085428.399958384] [KortexMultiInterfaceHardware]: Connection inactivity timeout is '2000'
[ERROR] [1756085428.399960058] [KortexMultiInterfaceHardware]: Gripper joint name is empty!
[INFO] [1756085428.399966740] [KortexMultiInterfaceHardware]: Connecting to robot at 192.168.11.61
[INFO] [1756085428.400472079] [KortexMultiInterfaceHardware]: Creating session for communication
[INFO] [1756085428.772312341] [KortexMultiInterfaceHardware]: Session created
[INFO] [1756085429.357185366] [KortexMultiInterfaceHardware]: Actuator count reported by robot is '7'
[INFO] [1756085429.357225660] [KortexMultiInterfaceHardware]: Hardware Interface successfully configured
[INFO] [1756085429.357233821] [resource_manager]: Successful initialization of hardware 'right_KortexMultiInterfaceHardware'
[DEBUG] [1756085429.357238390] [KortexMultiInterfaceHardware]: export_state_interfaces for joint: right_joint_1
[DEBUG] [1756085429.357241941] [KortexMultiInterfaceHardware]: export_state_interfaces for joint: right_joint_2
[DEBUG] [1756085429.357244420] [KortexMultiInterfaceHardware]: export_state_interfaces for joint: right_joint_3
[DEBUG] [1756085429.357245993] [KortexMultiInterfaceHardware]: export_state_interfaces for joint: right_joint_4
[DEBUG] [1756085429.357247322] [KortexMultiInterfaceHardware]: export_state_interfaces for joint: right_joint_5
[DEBUG] [1756085429.357248951] [KortexMultiInterfaceHardware]: export_state_interfaces for joint: right_joint_6
[DEBUG] [1756085429.357250256] [KortexMultiInterfaceHardware]: export_state_interfaces for joint: right_joint_7
[INFO] [1756085429.357323861] [resource_manager]: 'configure' hardware 'right_KortexMultiInterfaceHardware' 
[INFO] [1756085429.357329138] [resource_manager]: Successful 'configure' of hardware 'right_KortexMultiInterfaceHardware'
[INFO] [1756085429.357336370] [resource_manager]: 'activate' hardware 'right_KortexMultiInterfaceHardware' 
[INFO] [1756085429.357338499] [KortexMultiInterfaceHardware]: Activating KortexMultiInterfaceHardware...
[INFO] [1756085429.357768495] [KortexMultiInterfaceHardware]: Gripper initial position is '0.000000'.
[INFO] [1756085429.358240669] [KortexMultiInterfaceHardware]: KortexMultiInterfaceHardware successfully activated!
[INFO] [1756085429.358244608] [resource_manager]: Successful 'activate' of hardware 'right_KortexMultiInterfaceHardware'
[INFO] [1756085429.358247821] [resource_manager]: 'configure' hardware 'left_KortexMultiInterfaceHardware' 
[INFO] [1756085429.358249992] [resource_manager]: Successful 'configure' of hardware 'left_KortexMultiInterfaceHardware'
[WARN] [1756085429.358253691] [resource_manager]: (hardware 'left_KortexMultiInterfaceHardware'): 'reset_fault/internal_fault' state interface already in available list. This can happen due to multiple calls to 'configure'
[WARN] [1756085429.358257472] [resource_manager]: (hardware 'left_KortexMultiInterfaceHardware'): 'tcp/twist.linear.x' command interface already in available list. This can happen due to multiple calls to 'configure'
[WARN] [1756085429.358258868] [resource_manager]: (hardware 'left_KortexMultiInterfaceHardware'): 'tcp/twist.linear.y' command interface already in available list. This can happen due to multiple calls to 'configure'
[WARN] [1756085429.358260147] [resource_manager]: (hardware 'left_KortexMultiInterfaceHardware'): 'tcp/twist.linear.z' command interface already in available list. This can happen due to multiple calls to 'configure'
[WARN] [1756085429.358261520] [resource_manager]: (hardware 'left_KortexMultiInterfaceHardware'): 'tcp/twist.angular.x' command interface already in available list. This can happen due to multiple calls to 'configure'
[WARN] [1756085429.358262838] [resource_manager]: (hardware 'left_KortexMultiInterfaceHardware'): 'tcp/twist.angular.y' command interface already in available list. This can happen due to multiple calls to 'configure'
[WARN] [1756085429.358264085] [resource_manager]: (hardware 'left_KortexMultiInterfaceHardware'): 'tcp/twist.angular.z' command interface already in available list. This can happen due to multiple calls to 'configure'
[WARN] [1756085429.358265308] [resource_manager]: (hardware 'left_KortexMultiInterfaceHardware'): 'reset_fault/command' command interface already in available list. This can happen due to multiple calls to 'configure'
[WARN] [1756085429.358274124] [resource_manager]: (hardware 'left_KortexMultiInterfaceHardware'): 'reset_fault/async_success' command interface already in available list. This can happen due to multiple calls to 'configure'
[INFO] [1756085429.358275509] [resource_manager]: 'activate' hardware 'left_KortexMultiInterfaceHardware' 
[INFO] [1756085429.358277099] [KortexMultiInterfaceHardware]: Activating KortexMultiInterfaceHardware...
[INFO] [1756085429.358626746] [KortexMultiInterfaceHardware]: Gripper initial position is '0.000000'.
[INFO] [1756085429.359157377] [KortexMultiInterfaceHardware]: KortexMultiInterfaceHardware successfully activated!
[INFO] [1756085429.359160335] [resource_manager]: Successful 'activate' of hardware 'left_KortexMultiInterfaceHardware'
[DEBUG] [1756085429.360635238] [KortexMultiInterfaceHardware]: No controller active in LOW_LEVEL_SERVOING mode !
[DEBUG] [1756085429.361015061] [KortexMultiInterfaceHardware]: No controller active in LOW_LEVEL_SERVOING mode !
[DEBUG] [1756085429.361314246] [KortexMultiInterfaceHardware]: No controller active in LOW_LEVEL_SERVOING mode !
[DEBUG] [1756085429.361605333] [KortexMultiInterfaceHardware]: No controller active in LOW_LEVEL_SERVOING mode !
[DEBUG] [1756085429.362154962] [KortexMultiInterfaceHardware]: No controller active in LOW_LEVEL_SERVOING mode !
[DEBUG] [1756085429.362686807] [KortexMultiInterfaceHardware]: No controller active in LOW_LEVEL_SERVOING mode !
[DEBUG] [1756085429.363076588] [KortexMultiInterfaceHardware]: No controller active in LOW_LEVEL_SERVOING mode !
[DEBUG] [1756085429.363520696] [KortexMultiInterfaceHardware]: No controller active in LOW_LEVEL_SERVOING mode !
[DEBUG] [1756085429.363770887] [KortexMultiInterfaceHardware]: No controller active in LOW_LEVEL_SERVOING mode !
[DEBUG] [1756085429.364025418] [KortexMultiInterfaceHardware]: No controller active in LOW_LEVEL_SERVOING mode !
[DEBUG] [1756085429.364231762] [KortexMultiInterfaceHardware]: No controller active in LOW_LEVEL_SERVOING mode !
[DEBUG] [1756085429.364630466] [KortexMultiInterfaceHardware]: No controller active in LOW_LEVEL_SERVOING mode !
[DEBUG] [1756085429.365067610] [KortexMultiInterfaceHardware]: No controller active in LOW_LEVEL_SERVOING mode !
[DEBUG] [1756085429.365560118] [KortexMultiInterfaceHardware]: No controller active in LOW_LEVEL_SERVOING mode !
[DEBUG] [1756085429.366177968] [KortexMultiInterfaceHardware]: No controller active in LOW_LEVEL_SERVOING mode !
[DEBUG] [1756085429.366575002] [KortexMultiInterfaceHardware]: No controller active in LOW_LEVEL_SERVOING mode !
[DEBUG] [1756085429.367056483] [KortexMultiInterfaceHardware]: No controller active in LOW_LEVEL_SERVOING mode !
[DEBUG] [1756085429.367548165] [KortexMultiInterfaceHardware]: No controller active in LOW_LEVEL_SERVOING mode !
[DEBUG] [1756085429.367932861] [KortexMultiInterfaceHardware]: No controller active in LOW_LEVEL_SERVOING mode !
[DEBUG] [1756085429.368183382] [KortexMultiInterfaceHardware]: No controller active in LOW_LEVEL_SERVOING mode !
[DEBUG] [1756085429.368431441] [KortexMultiInterfaceHardware]: No controller active in LOW_LEVEL_SERVOING mode !
[DEBUG] [1756085429.368623752] [KortexMultiInterfaceHardware]: No controller active in LOW_LEVEL_SERVOING mode !
[DEBUG] [1756085429.369064043] [KortexMultiInterfaceHardware]: No controller active in LOW_LEVEL_SERVOING mode !
[DEBUG] [1756085429.369582041] [KortexMultiInterfaceHardware]: No controller active in LOW_LEVEL_SERVOING mode !
[DEBUG] [1756085429.370139821] [KortexMultiInterfaceHardware]: No controller active in LOW_LEVEL_SERVOING mode !
[DEBUG] [1756085429.370578039] [KortexMultiInterfaceHardware]: No controller active in LOW_LEVEL_SERVOING mode !
[DEBUG] [1756085429.371084072] [KortexMultiInterfaceHardware]: No controller active in LOW_LEVEL_SERVOING mode !
[DEBUG] [1756085429.371599279] [KortexMultiInterfaceHardware]: No controller active in LOW_LEVEL_SERVOING mode !
[DEBUG] [1756085429.372207999] [KortexMultiInterfaceHardware]: No controller active in LOW_LEVEL_SERVOING mode !
[DEBUG] [1756085429.372588301] [KortexMultiInterfaceHardware]: No controller active in LOW_LEVEL_SERVOING mode !
[DEBUG] [1756085429.373038258] [KortexMultiInterfaceHardware]: No controller active in LOW_LEVEL_SERVOING mode !
[DEBUG] [1756085429.373282131] [KortexMultiInterfaceHardware]: No controller active in LOW_LEVEL_SERVOING mode !
[DEBUG] [1756085429.373506425] [KortexMultiInterfaceHardware]: No controller active in LOW_LEVEL_SERVOING mode !
[DEBUG] [1756085429.373704618] [KortexMultiInterfaceHardware]: No controller active in LOW_LEVEL_SERVOING mode !
[DEBUG] [1756085429.374037246] [KortexMultiInterfaceHardware]: No controller active in LOW_LEVEL_SERVOING mode !
[DEBUG] [1756085429.374229106] [KortexMultiInterfaceHardware]: No controller active in LOW_LEVEL_SERVOING mode !
[DEBUG] [1756085429.374493818] [KortexMultiInterfaceHardware]: No controller active in LOW_LEVEL_SERVOING mode !
[DEBUG] [1756085429.374703989] [KortexMultiInterfaceHardware]: No controller active in LOW_LEVEL_SERVOING mode !
[DEBUG] [1756085429.375070067] [KortexMultiInterfaceHardware]: No controller active in LOW_LEVEL_SERVOING mode !
[DEBUG] [1756085429.375502599] [KortexMultiInterfaceHardware]: No controller active in LOW_LEVEL_SERVOING mode !
[DEBUG] [1756085429.376076420] [KortexMultiInterfaceHardware]: No controller active in LOW_LEVEL_SERVOING mode !
[DEBUG] [1756085429.376540715] [KortexMultiInterfaceHardware]: No controller active in LOW_LEVEL_SERVOING mode !
[DEBUG] [1756085429.377017006] [KortexMultiInterfaceHardware]: No controller active in LOW_LEVEL_SERVOING mode !
[DEBUG] [1756085429.377265023] [KortexMultiInterfaceHardware]: No controller active in LOW_LEVEL_SERVOING mode !
[DEBUG] [1756085429.377551744] [KortexMultiInterfaceHardware]: No controller active in LOW_LEVEL_SERVOING mode !
[DEBUG] [1756085429.377761629] [KortexMultiInterfaceHardware]: No controller active in LOW_LEVEL_SERVOING mode !
[DEBUG] [1756085429.378053002] [KortexMultiInterfaceHardware]: No controller active in LOW_LEVEL_SERVOING mode !
[DEBUG] [1756085429.378524614] [KortexMultiInterfaceHardware]: No controller active in LOW_LEVEL_SERVOING mode !
[DEBUG] [1756085429.379067741] [KortexMultiInterfaceHardware]: No controller active in LOW_LEVEL_SERVOING mode !
[DEBUG] [1756085429.379546259] [KortexMultiInterfaceHardware]: No controller active in LOW_LEVEL_SERVOING mode !
[DEBUG] [1756085429.380103404] [KortexMultiInterfaceHardware]: No controller active in LOW_LEVEL_SERVOING mode !
[DEBUG] [1756085429.380580120] [KortexMultiInterfaceHardware]: No controller active in LOW_LEVEL_SERVOING mode !
[DEBUG] [1756085429.381011516] [KortexMultiInterfaceHardware]: No controller active in LOW_LEVEL_SERVOING mode !
[DEBUG] [1756085429.381216838] [KortexMultiInterfaceHardware]: No controller active in LOW_LEVEL_SERVOING mode !
[DEBUG] [1756085429.381474762] [KortexMultiInterfaceHardware]: No controller active in LOW_LEVEL_SERVOING mode !
[DEBUG] [1756085429.381722620] [KortexMultiInterfaceHardware]: No controller active in LOW_LEVEL_SERVOING mode !
[DEBUG] [1756085429.382224887] [KortexMultiInterfaceHardware]: No controller active in LOW_LEVEL_SERVOING mode !
[DEBUG] [1756085429.382587772] [KortexMultiInterfaceHardware]: No controller active in LOW_LEVEL_SERVOING mode !
[DEBUG] [1756085429.383084011] [KortexMultiInterfaceHardware]: No controller active in LOW_LEVEL_SERVOING mode !
[DEBUG] [1756085429.383603590] [KortexMultiInterfaceHardware]: No controller active in LOW_LEVEL_SERVOING mode !
[DEBUG] [1756085429.384077737] [KortexMultiInterfaceHardware]: No controller active in LOW_LEVEL_SERVOING mode !
[DEBUG] [1756085429.384625385] [KortexMultiInterfaceHardware]: No controller active in LOW_LEVEL_SERVOING mode !
[DEBUG] [1756085429.385061508] [KortexMultiInterfaceHardware]: No controller active in LOW_LEVEL_SERVOING mode !
[DEBUG] [1756085429.385595041] [KortexMultiInterfaceHardware]: No controller active in LOW_LEVEL_SERVOING mode !
[DEBUG] [1756085429.386038589] [KortexMultiInterfaceHardware]: No controller active in LOW_LEVEL_SERVOING mode !
[DEBUG] [1756085429.386322246] [KortexMultiInterfaceHardware]: No controller active in LOW_LEVEL_SERVOING mode !
[INFO] [1756085429.386327070] [controller_manager]: Loading controller 'fault_controller'
[DEBUG] [1756085429.386626471] [KortexMultiInterfaceHardware]: No controller active in LOW_LEVEL_SERVOING mode !
[DEBUG] [1756085429.386874365] [KortexMultiInterfaceHardware]: No controller active in LOW_LEVEL_SERVOING mode !
[DEBUG] [1756085429.387137256] [KortexMultiInterfaceHardware]: No controller active in LOW_LEVEL_SERVOING mode !
[DEBUG] [1756085429.387529845] [KortexMultiInterfaceHardware]: No controller active in LOW_LEVEL_SERVOING mode !
[DEBUG] [1756085429.388061978] [KortexMultiInterfaceHardware]: No controller active in LOW_LEVEL_SERVOING mode !
[DEBUG] [1756085429.388289843] [KortexMultiInterfaceHardware]: No controller active in LOW_LEVEL_SERVOING mode !
[DEBUG] [1756085429.388595261] [KortexMultiInterfaceHardware]: No controller active in LOW_LEVEL_SERVOING mode !
[DEBUG] [1756085429.388793742] [KortexMultiInterfaceHardware]: No controller active in LOW_LEVEL_SERVOING mode !
[DEBUG] [1756085429.389059270] [KortexMultiInterfaceHardware]: No controller active in LOW_LEVEL_SERVOING mode !
[DEBUG] [1756085429.389299735] [KortexMultiInterfaceHardware]: No controller active in LOW_LEVEL_SERVOING mode !
[DEBUG] [1756085429.389575300] [KortexMultiInterfaceHardware]: No controller active in LOW_LEVEL_SERVOING mode !
[DEBUG] [1756085429.389806870] [KortexMultiInterfaceHardware]: No controller active in LOW_LEVEL_SERVOING mode !
[DEBUG] [1756085429.390120537] [KortexMultiInterfaceHardware]: No controller active in LOW_LEVEL_SERVOING mode !
[DEBUG] [1756085429.390548618] [KortexMultiInterfaceHardware]: No controller active in LOW_LEVEL_SERVOING mode !
[DEBUG] [1756085429.391019539] [KortexMultiInterfaceHardware]: No controller active in LOW_LEVEL_SERVOING mode !
[DEBUG] [1756085429.391248785] [KortexMultiInterfaceHardware]: No controller active in LOW_LEVEL_SERVOING mode !
[DEBUG] [1756085429.391500462] [KortexMultiInterfaceHardware]: No controller active in LOW_LEVEL_SERVOING mode !
[DEBUG] [1756085429.391736915] [KortexMultiInterfaceHardware]: No controller active in LOW_LEVEL_SERVOING mode !
[DEBUG] [1756085429.392175490] [KortexMultiInterfaceHardware]: No controller active in LOW_LEVEL_SERVOING mode !
[DEBUG] [1756085429.392572397] [KortexMultiInterfaceHardware]: No controller active in LOW_LEVEL_SERVOING mode !
[DEBUG] [1756085429.392810067] [KortexMultiInterfaceHardware]: No controller active in LOW_LEVEL_SERVOING mode !
[DEBUG] [1756085429.393045936] [KortexMultiInterfaceHardware]: No controller active in LOW_LEVEL_SERVOING mode !
[DEBUG] [1756085429.393254726] [KortexMultiInterfaceHardware]: No controller active in LOW_LEVEL_SERVOING mode !
[DEBUG] [1756085429.393556454] [KortexMultiInterfaceHardware]: No controller active in LOW_LEVEL_SERVOING mode !
[INFO] [1756085429.393883530] [controller_manager]: Loading controller 'right_joint_trajectory_controller'
[DEBUG] [1756085429.393905647] [KortexMultiInterfaceHardware]: No controller active in LOW_LEVEL_SERVOING mode !
[DEBUG] [1756085429.394143805] [KortexMultiInterfaceHardware]: No controller active in LOW_LEVEL_SERVOING mode !
[DEBUG] [1756085429.394366220] [KortexMultiInterfaceHardware]: No controller active in LOW_LEVEL_SERVOING mode !
[DEBUG] [1756085429.394622045] [KortexMultiInterfaceHardware]: No controller active in LOW_LEVEL_SERVOING mode !
[DEBUG] [1756085429.395055915] [KortexMultiInterfaceHardware]: No controller active in LOW_LEVEL_SERVOING mode !
[DEBUG] [1756085429.395562983] [KortexMultiInterfaceHardware]: No controller active in LOW_LEVEL_SERVOING mode !
[DEBUG] [1756085429.396091337] [KortexMultiInterfaceHardware]: No controller active in LOW_LEVEL_SERVOING mode !
[DEBUG] [1756085429.396563579] [KortexMultiInterfaceHardware]: No controller active in LOW_LEVEL_SERVOING mode !
[DEBUG] [1756085429.397084728] [KortexMultiInterfaceHardware]: No controller active in LOW_LEVEL_SERVOING mode !
[DEBUG] [1756085429.397575245] [KortexMultiInterfaceHardware]: No controller active in LOW_LEVEL_SERVOING mode !
[DEBUG] [1756085429.398027997] [KortexMultiInterfaceHardware]: No controller active in LOW_LEVEL_SERVOING mode !
[DEBUG] [1756085429.398555766] [KortexMultiInterfaceHardware]: No controller active in LOW_LEVEL_SERVOING mode !
[DEBUG] [1756085429.399030422] [KortexMultiInterfaceHardware]: No controller active in LOW_LEVEL_SERVOING mode !
[DEBUG] [1756085429.399586553] [KortexMultiInterfaceHardware]: No controller active in LOW_LEVEL_SERVOING mode !
[DEBUG] [1756085429.400068170] [KortexMultiInterfaceHardware]: No controller active in LOW_LEVEL_SERVOING mode !
[DEBUG] [1756085429.400600932] [KortexMultiInterfaceHardware]: No controller active in LOW_LEVEL_SERVOING mode !
[DEBUG] [1756085429.401111858] [KortexMultiInterfaceHardware]: No controller active in LOW_LEVEL_SERVOING mode !
[DEBUG] [1756085429.401507139] [KortexMultiInterfaceHardware]: No controller active in LOW_LEVEL_SERVOING mode !
[DEBUG] [1756085429.401737539] [KortexMultiInterfaceHardware]: No controller active in LOW_LEVEL_SERVOING mode !
[DEBUG] [1756085429.401999413] [KortexMultiInterfaceHardware]: No controller active in LOW_LEVEL_SERVOING mode !
[DEBUG] [1756085429.402358367] [KortexMultiInterfaceHardware]: No controller active in LOW_LEVEL_SERVOING mode !
[DEBUG] [1756085429.402611108] [KortexMultiInterfaceHardware]: No controller active in LOW_LEVEL_SERVOING mode !
[DEBUG] [1756085429.403060832] [KortexMultiInterfaceHardware]: No controller active in LOW_LEVEL_SERVOING mode !
[DEBUG] [1756085429.403300170] [KortexMultiInterfaceHardware]: No controller active in LOW_LEVEL_SERVOING mode !
[DEBUG] [1756085429.403610436] [KortexMultiInterfaceHardware]: No controller active in LOW_LEVEL_SERVOING mode !
[DEBUG] [1756085429.403819640] [KortexMultiInterfaceHardware]: No controller active in LOW_LEVEL_SERVOING mode !
[DEBUG] [1756085429.404082461] [KortexMultiInterfaceHardware]: No controller active in LOW_LEVEL_SERVOING mode !
[DEBUG] [1756085429.404523996] [KortexMultiInterfaceHardware]: No controller active in LOW_LEVEL_SERVOING mode !
[DEBUG] [1756085429.405082466] [KortexMultiInterfaceHardware]: No controller active in LOW_LEVEL_SERVOING mode !
[DEBUG] [1756085429.405553529] [KortexMultiInterfaceHardware]: No controller active in LOW_LEVEL_SERVOING mode !
[DEBUG] [1756085429.405993782] [KortexMultiInterfaceHardware]: No controller active in LOW_LEVEL_SERVOING mode !
[WARN] [1756085429.406100259] [right_joint_trajectory_controller]: [Deprecated]: "allow_nonzero_velocity_at_trajectory_end" is set to true. The default behavior will change to false.
[DEBUG] [1756085429.406225554] [KortexMultiInterfaceHardware]: No controller active in LOW_LEVEL_SERVOING mode !
[INFO] [1756085429.406473345] [controller_manager]: Loading controller 'left_joint_trajectory_controller'
[DEBUG] [1756085429.406606294] [KortexMultiInterfaceHardware]: No controller active in LOW_LEVEL_SERVOING mode !
[DEBUG] [1756085429.407245665] [KortexMultiInterfaceHardware]: No controller active in LOW_LEVEL_SERVOING mode !
[DEBUG] [1756085429.407561833] [KortexMultiInterfaceHardware]: No controller active in LOW_LEVEL_SERVOING mode !
[DEBUG] [1756085429.407810599] [KortexMultiInterfaceHardware]: No controller active in LOW_LEVEL_SERVOING mode !
[DEBUG] [1756085429.408072276] [KortexMultiInterfaceHardware]: No controller active in LOW_LEVEL_SERVOING mode !
[DEBUG] [1756085429.408560358] [KortexMultiInterfaceHardware]: No controller active in LOW_LEVEL_SERVOING mode !
[DEBUG] [1756085429.409053166] [KortexMultiInterfaceHardware]: No controller active in LOW_LEVEL_SERVOING mode !
[DEBUG] [1756085429.409583349] [KortexMultiInterfaceHardware]: No controller active in LOW_LEVEL_SERVOING mode !
[DEBUG] [1756085429.410001494] [KortexMultiInterfaceHardware]: No controller active in LOW_LEVEL_SERVOING mode !
[DEBUG] [1756085429.410214506] [KortexMultiInterfaceHardware]: No controller active in LOW_LEVEL_SERVOING mode !
[DEBUG] [1756085429.410497611] [KortexMultiInterfaceHardware]: No controller active in LOW_LEVEL_SERVOING mode !
[DEBUG] [1756085429.410708074] [KortexMultiInterfaceHardware]: No controller active in LOW_LEVEL_SERVOING mode !
[DEBUG] [1756085429.411053255] [KortexMultiInterfaceHardware]: No controller active in LOW_LEVEL_SERVOING mode !
[WARN] [1756085429.411215806] [left_joint_trajectory_controller]: [Deprecated]: "allow_nonzero_velocity_at_trajectory_end" is set to true. The default behavior will change to false.
[DEBUG] [1756085429.411563646] [KortexMultiInterfaceHardware]: No controller active in LOW_LEVEL_SERVOING mode !
[INFO] [1756085429.411823479] [controller_manager]: Loading controller 'joint_state_broadcaster'
[DEBUG] [1756085429.412054910] [KortexMultiInterfaceHardware]: No controller active in LOW_LEVEL_SERVOING mode !
[DEBUG] [1756085429.412581091] [KortexMultiInterfaceHardware]: No controller active in LOW_LEVEL_SERVOING mode !
[DEBUG] [1756085429.413105632] [KortexMultiInterfaceHardware]: No controller active in LOW_LEVEL_SERVOING mode !
[DEBUG] [1756085429.413573309] [KortexMultiInterfaceHardware]: No controller active in LOW_LEVEL_SERVOING mode !
[DEBUG] [1756085429.414016046] [KortexMultiInterfaceHardware]: No controller active in LOW_LEVEL_SERVOING mode !
[DEBUG] [1756085429.414239948] [KortexMultiInterfaceHardware]: No controller active in LOW_LEVEL_SERVOING mode !
[DEBUG] [1756085429.414531171] [KortexMultiInterfaceHardware]: No controller active in LOW_LEVEL_SERVOING mode !
[DEBUG] [1756085429.415024065] [KortexMultiInterfaceHardware]: No controller active in LOW_LEVEL_SERVOING mode !
[DEBUG] [1756085429.415251526] [KortexMultiInterfaceHardware]: No controller active in LOW_LEVEL_SERVOING mode !
[DEBUG] [1756085429.415565732] [KortexMultiInterfaceHardware]: No controller active in LOW_LEVEL_SERVOING mode !
[DEBUG] [1756085429.416185865] [KortexMultiInterfaceHardware]: No controller active in LOW_LEVEL_SERVOING mode !
[DEBUG] [1756085429.416572302] [KortexMultiInterfaceHardware]: No controller active in LOW_LEVEL_SERVOING mode !
[DEBUG] [1756085429.417059261] [KortexMultiInterfaceHardware]: No controller active in LOW_LEVEL_SERVOING mode !
[DEBUG] [1756085429.417327179] [KortexMultiInterfaceHardware]: No controller active in LOW_LEVEL_SERVOING mode !
[DEBUG] [1756085429.417603598] [KortexMultiInterfaceHardware]: No controller active in LOW_LEVEL_SERVOING mode !
[DEBUG] [1756085429.417819848] [KortexMultiInterfaceHardware]: No controller active in LOW_LEVEL_SERVOING mode !
[INFO] [1756085429.418058542] [controller_manager]: Configuring controller 'fault_controller'
[DEBUG] [1756085429.418089412] [KortexMultiInterfaceHardware]: No controller active in LOW_LEVEL_SERVOING mode !
[DEBUG] [1756085429.418516208] [KortexMultiInterfaceHardware]: No controller active in LOW_LEVEL_SERVOING mode !
[DEBUG] [1756085429.418770046] [KortexMultiInterfaceHardware]: No controller active in LOW_LEVEL_SERVOING mode !
[INFO] [1756085429.418784733] [controller_manager]: Configuring controller 'right_joint_trajectory_controller'
[INFO] [1756085429.418987835] [right_joint_trajectory_controller]: No specific joint names are used for command interfaces. Using 'joints' parameter.
[DEBUG] [1756085429.419020335] [KortexMultiInterfaceHardware]: No controller active in LOW_LEVEL_SERVOING mode !
[INFO] [1756085429.419023097] [right_joint_trajectory_controller]: Command interfaces are [position] and state interfaces are [position velocity].
[INFO] [1756085429.419059020] [right_joint_trajectory_controller]: Using 'splines' interpolation method.
[DEBUG] [1756085429.419241397] [KortexMultiInterfaceHardware]: No controller active in LOW_LEVEL_SERVOING mode !
[DEBUG] [1756085429.419588363] [KortexMultiInterfaceHardware]: No controller active in LOW_LEVEL_SERVOING mode !
[DEBUG] [1756085429.420045413] [KortexMultiInterfaceHardware]: No controller active in LOW_LEVEL_SERVOING mode !
[DEBUG] [1756085429.420499090] [KortexMultiInterfaceHardware]: No controller active in LOW_LEVEL_SERVOING mode !
[DEBUG] [1756085429.420699798] [KortexMultiInterfaceHardware]: No controller active in LOW_LEVEL_SERVOING mode !
[DEBUG] [1756085429.420950127] [KortexMultiInterfaceHardware]: No controller active in LOW_LEVEL_SERVOING mode !
[DEBUG] [1756085429.421195982] [KortexMultiInterfaceHardware]: No controller active in LOW_LEVEL_SERVOING mode !
[DEBUG] [1756085429.421557158] [KortexMultiInterfaceHardware]: No controller active in LOW_LEVEL_SERVOING mode !
[INFO] [1756085429.421652277] [right_joint_trajectory_controller]: Controller state will be published at 100.00 Hz.
[DEBUG] [1756085429.422168654] [KortexMultiInterfaceHardware]: No controller active in LOW_LEVEL_SERVOING mode !
[DEBUG] [1756085429.422579928] [KortexMultiInterfaceHardware]: No controller active in LOW_LEVEL_SERVOING mode !
[DEBUG] [1756085429.423003379] [KortexMultiInterfaceHardware]: No controller active in LOW_LEVEL_SERVOING mode !
[DEBUG] [1756085429.423218518] [KortexMultiInterfaceHardware]: No controller active in LOW_LEVEL_SERVOING mode !
[DEBUG] [1756085429.423469219] [KortexMultiInterfaceHardware]: No controller active in LOW_LEVEL_SERVOING mode !
[DEBUG] [1756085429.423676996] [KortexMultiInterfaceHardware]: No controller active in LOW_LEVEL_SERVOING mode !
[DEBUG] [1756085429.424037072] [KortexMultiInterfaceHardware]: No controller active in LOW_LEVEL_SERVOING mode !
[DEBUG] [1756085429.424535921] [KortexMultiInterfaceHardware]: No controller active in LOW_LEVEL_SERVOING mode !
[DEBUG] [1756085429.425094824] [KortexMultiInterfaceHardware]: No controller active in LOW_LEVEL_SERVOING mode !
[DEBUG] [1756085429.425567529] [KortexMultiInterfaceHardware]: No controller active in LOW_LEVEL_SERVOING mode !
[DEBUG] [1756085429.426142519] [KortexMultiInterfaceHardware]: No controller active in LOW_LEVEL_SERVOING mode !
[DEBUG] [1756085429.426570724] [KortexMultiInterfaceHardware]: No controller active in LOW_LEVEL_SERVOING mode !
[DEBUG] [1756085429.427026586] [KortexMultiInterfaceHardware]: No controller active in LOW_LEVEL_SERVOING mode !
[INFO] [1756085429.427030806] [right_joint_trajectory_controller]: Action status changes will be monitored at 20.00 Hz.
[DEBUG] [1756085429.427590466] [KortexMultiInterfaceHardware]: No controller active in LOW_LEVEL_SERVOING mode !
[DEBUG] [1756085429.428143946] [KortexMultiInterfaceHardware]: No controller active in LOW_LEVEL_SERVOING mode !
[DEBUG] [1756085429.428583806] [KortexMultiInterfaceHardware]: No controller active in LOW_LEVEL_SERVOING mode !
[DEBUG] [1756085429.429056667] [KortexMultiInterfaceHardware]: No controller active in LOW_LEVEL_SERVOING mode !
[DEBUG] [1756085429.429276211] [KortexMultiInterfaceHardware]: No controller active in LOW_LEVEL_SERVOING mode !
[DEBUG] [1756085429.429593262] [KortexMultiInterfaceHardware]: No controller active in LOW_LEVEL_SERVOING mode !
[DEBUG] [1756085429.429809511] [KortexMultiInterfaceHardware]: No controller active in LOW_LEVEL_SERVOING mode !
[DEBUG] [1756085429.430049287] [KortexMultiInterfaceHardware]: No controller active in LOW_LEVEL_SERVOING mode !
[DEBUG] [1756085429.430267823] [KortexMultiInterfaceHardware]: No controller active in LOW_LEVEL_SERVOING mode !
[INFO] [1756085429.430456595] [controller_manager]: Configuring controller 'left_joint_trajectory_controller'
[DEBUG] [1756085429.430528572] [KortexMultiInterfaceHardware]: No controller active in LOW_LEVEL_SERVOING mode !
[INFO] [1756085429.430557178] [left_joint_trajectory_controller]: No specific joint names are used for command interfaces. Using 'joints' parameter.
[INFO] [1756085429.430567495] [left_joint_trajectory_controller]: Command interfaces are [position] and state interfaces are [position velocity].
[INFO] [1756085429.430575662] [left_joint_trajectory_controller]: Using 'splines' interpolation method.
[DEBUG] [1756085429.430760578] [KortexMultiInterfaceHardware]: No controller active in LOW_LEVEL_SERVOING mode !
[INFO] [1756085429.430791587] [left_joint_trajectory_controller]: Controller state will be published at 100.00 Hz.
[DEBUG] [1756085429.431058745] [KortexMultiInterfaceHardware]: No controller active in LOW_LEVEL_SERVOING mode !
[DEBUG] [1756085429.431311810] [KortexMultiInterfaceHardware]: No controller active in LOW_LEVEL_SERVOING mode !
[DEBUG] [1756085429.431597901] [KortexMultiInterfaceHardware]: No controller active in LOW_LEVEL_SERVOING mode !
[INFO] [1756085429.431767760] [left_joint_trajectory_controller]: Action status changes will be monitored at 20.00 Hz.
[DEBUG] [1756085429.431853764] [KortexMultiInterfaceHardware]: No controller active in LOW_LEVEL_SERVOING mode !
[DEBUG] [1756085429.432102141] [KortexMultiInterfaceHardware]: No controller active in LOW_LEVEL_SERVOING mode !
[DEBUG] [1756085429.432540151] [KortexMultiInterfaceHardware]: No controller active in LOW_LEVEL_SERVOING mode !
[DEBUG] [1756085429.433029163] [KortexMultiInterfaceHardware]: No controller active in LOW_LEVEL_SERVOING mode !
[DEBUG] [1756085429.433243140] [KortexMultiInterfaceHardware]: No controller active in LOW_LEVEL_SERVOING mode !
[DEBUG] [1756085429.433505592] [KortexMultiInterfaceHardware]: No controller active in LOW_LEVEL_SERVOING mode !
[DEBUG] [1756085429.433754370] [KortexMultiInterfaceHardware]: No controller active in LOW_LEVEL_SERVOING mode !
[INFO] [1756085429.433862603] [controller_manager]: Configuring controller 'joint_state_broadcaster'
[INFO] [1756085429.433896894] [joint_state_broadcaster]: 'joints' or 'interfaces' parameter is empty. All available state interfaces will be published
[DEBUG] [1756085429.434029751] [KortexMultiInterfaceHardware]: No controller active in LOW_LEVEL_SERVOING mode !
[DEBUG] [1756085429.434214504] [KortexMultiInterfaceHardware]: No controller active in LOW_LEVEL_SERVOING mode !
[DEBUG] [1756085429.434510846] [KortexMultiInterfaceHardware]: No controller active in LOW_LEVEL_SERVOING mode !
[DEBUG] [1756085429.434728920] [KortexMultiInterfaceHardware]: No controller active in LOW_LEVEL_SERVOING mode !
[DEBUG] [1756085429.435059118] [KortexMultiInterfaceHardware]: No controller active in LOW_LEVEL_SERVOING mode !
[DEBUG] [1756085429.435516530] [KortexMultiInterfaceHardware]: No controller active in LOW_LEVEL_SERVOING mode !
[DEBUG] [1756085429.435914230] [KortexMultiInterfaceHardware]: No controller active in LOW_LEVEL_SERVOING mode !
[DEBUG] [1756085429.436184843] [KortexMultiInterfaceHardware]: No controller active in LOW_LEVEL_SERVOING mode !
[DEBUG] [1756085429.436619434] [KortexMultiInterfaceHardware]: No controller active in LOW_LEVEL_SERVOING mode !
[DEBUG] [1756085429.437559301] [KortexMultiInterfaceHardware]: No controller active in LOW_LEVEL_SERVOING mode !
[DEBUG] [1756085429.438565797] [KortexMultiInterfaceHardware]: No controller active in LOW_LEVEL_SERVOING mode !
[DEBUG] [1756085429.439032104] [KortexMultiInterfaceHardware]: No controller active in LOW_LEVEL_SERVOING mode !
[DEBUG] [1756085429.439562142] [KortexMultiInterfaceHardware]: No controller active in LOW_LEVEL_SERVOING mode !
[DEBUG] [1756085429.440561389] [KortexMultiInterfaceHardware]: No controller active in LOW_LEVEL_SERVOING mode !
[DEBUG] [1756085429.441573591] [KortexMultiInterfaceHardware]: No controller active in LOW_LEVEL_SERVOING mode !
[DEBUG] [1756085429.442310672] [KortexMultiInterfaceHardware]: No controller active in LOW_LEVEL_SERVOING mode !
[DEBUG] [1756085429.442741039] [KortexMultiInterfaceHardware]: No controller active in LOW_LEVEL_SERVOING mode !
[DEBUG] [1756085429.443273708] [KortexMultiInterfaceHardware]: No controller active in LOW_LEVEL_SERVOING mode !
[DEBUG] [1756085429.443675414] [KortexMultiInterfaceHardware]: No controller active in LOW_LEVEL_SERVOING mode !
[DEBUG] [1756085429.444266243] [KortexMultiInterfaceHardware]: No controller active in LOW_LEVEL_SERVOING mode !
[DEBUG] [1756085429.444701216] [KortexMultiInterfaceHardware]: No controller active in LOW_LEVEL_SERVOING mode !
[DEBUG] [1756085429.445225318] [KortexMultiInterfaceHardware]: No controller active in LOW_LEVEL_SERVOING mode !
[DEBUG] [1756085429.445641779] [KortexMultiInterfaceHardware]: No controller active in LOW_LEVEL_SERVOING mode !
[DEBUG] [1756085429.446313854] [KortexMultiInterfaceHardware]: No controller active in LOW_LEVEL_SERVOING mode !
[DEBUG] [1756085429.446750136] [KortexMultiInterfaceHardware]: No controller active in LOW_LEVEL_SERVOING mode !
[DEBUG] [1756085429.447268613] [KortexMultiInterfaceHardware]: No controller active in LOW_LEVEL_SERVOING mode !
[DEBUG] [1756085429.447717959] [KortexMultiInterfaceHardware]: No controller active in LOW_LEVEL_SERVOING mode !
[DEBUG] [1756085429.448263440] [KortexMultiInterfaceHardware]: No controller active in LOW_LEVEL_SERVOING mode !
[DEBUG] [1756085429.448711387] [KortexMultiInterfaceHardware]: No controller active in LOW_LEVEL_SERVOING mode !
[DEBUG] [1756085429.449523002] [KortexMultiInterfaceHardware]: No controller active in LOW_LEVEL_SERVOING mode !
[DEBUG] [1756085429.450558835] [KortexMultiInterfaceHardware]: No controller active in LOW_LEVEL_SERVOING mode !
[DEBUG] [1756085429.451636577] [KortexMultiInterfaceHardware]: No controller active in LOW_LEVEL_SERVOING mode !
[DEBUG] [1756085429.452564892] [KortexMultiInterfaceHardware]: No controller active in LOW_LEVEL_SERVOING mode !
[DEBUG] [1756085429.453591756] [KortexMultiInterfaceHardware]: No controller active in LOW_LEVEL_SERVOING mode !
[DEBUG] [1756085429.454554906] [KortexMultiInterfaceHardware]: No controller active in LOW_LEVEL_SERVOING mode !
[DEBUG] [1756085429.455565160] [KortexMultiInterfaceHardware]: No controller active in LOW_LEVEL_SERVOING mode !
[DEBUG] [1756085429.456168056] [KortexMultiInterfaceHardware]: No controller active in LOW_LEVEL_SERVOING mode !
[DEBUG] [1756085429.456683483] [KortexMultiInterfaceHardware]: No controller active in LOW_LEVEL_SERVOING mode !
[DEBUG] [1756085429.457250066] [KortexMultiInterfaceHardware]: No controller active in LOW_LEVEL_SERVOING mode !
[DEBUG] [1756085429.457722826] [KortexMultiInterfaceHardware]: No controller active in LOW_LEVEL_SERVOING mode !
[DEBUG] [1756085429.458264441] [KortexMultiInterfaceHardware]: No controller active in LOW_LEVEL_SERVOING mode !
[DEBUG] [1756085429.458697932] [KortexMultiInterfaceHardware]: No controller active in LOW_LEVEL_SERVOING mode !
[DEBUG] [1756085429.459485399] [KortexMultiInterfaceHardware]: No controller active in LOW_LEVEL_SERVOING mode !
[DEBUG] [1756085429.459999086] [KortexMultiInterfaceHardware]: No controller active in LOW_LEVEL_SERVOING mode !
[DEBUG] [1756085429.460702222] [KortexMultiInterfaceHardware]: No controller active in LOW_LEVEL_SERVOING mode !
[DEBUG] [1756085429.461708811] [KortexMultiInterfaceHardware]: No controller active in LOW_LEVEL_SERVOING mode !
[DEBUG] [1756085429.462498291] [KortexMultiInterfaceHardware]: No controller active in LOW_LEVEL_SERVOING mode !
[DEBUG] [1756085429.463238505] [KortexMultiInterfaceHardware]: No controller active in LOW_LEVEL_SERVOING mode !
[DEBUG] [1756085429.463812888] [KortexMultiInterfaceHardware]: No controller active in LOW_LEVEL_SERVOING mode !
[DEBUG] [1756085429.464519182] [KortexMultiInterfaceHardware]: No controller active in LOW_LEVEL_SERVOING mode !
[DEBUG] [1756085429.464957360] [KortexMultiInterfaceHardware]: No controller active in LOW_LEVEL_SERVOING mode !
[DEBUG] [1756085429.465559050] [KortexMultiInterfaceHardware]: No controller active in LOW_LEVEL_SERVOING mode !
[DEBUG] [1756085429.466550249] [KortexMultiInterfaceHardware]: No controller active in LOW_LEVEL_SERVOING mode !
[DEBUG] [1756085429.467578259] [KortexMultiInterfaceHardware]: No controller active in LOW_LEVEL_SERVOING mode !
[DEBUG] [1756085429.468126680] [KortexMultiInterfaceHardware]: No controller active in LOW_LEVEL_SERVOING mode !
[DEBUG] [1756085429.468557597] [KortexMultiInterfaceHardware]: No controller active in LOW_LEVEL_SERVOING mode !
[DEBUG] [1756085429.469474959] [KortexMultiInterfaceHardware]: No controller active in LOW_LEVEL_SERVOING mode !
[DEBUG] [1756085429.469913437] [KortexMultiInterfaceHardware]: No controller active in LOW_LEVEL_SERVOING mode !
[DEBUG] [1756085429.470591245] [KortexMultiInterfaceHardware]: No controller active in LOW_LEVEL_SERVOING mode !
[DEBUG] [1756085429.471294112] [KortexMultiInterfaceHardware]: No controller active in LOW_LEVEL_SERVOING mode !
[DEBUG] [1756085429.471808341] [KortexMultiInterfaceHardware]: No controller active in LOW_LEVEL_SERVOING mode !
[DEBUG] [1756085429.472299333] [KortexMultiInterfaceHardware]: No controller active in LOW_LEVEL_SERVOING mode !
[DEBUG] [1756085429.472787627] [KortexMultiInterfaceHardware]: No controller active in LOW_LEVEL_SERVOING mode !
[DEBUG] [1756085429.473288381] [KortexMultiInterfaceHardware]: No controller active in LOW_LEVEL_SERVOING mode !
[DEBUG] [1756085429.473751775] [KortexMultiInterfaceHardware]: No controller active in LOW_LEVEL_SERVOING mode !
[DEBUG] [1756085429.474248288] [KortexMultiInterfaceHardware]: No controller active in LOW_LEVEL_SERVOING mode !
[DEBUG] [1756085429.474737591] [KortexMultiInterfaceHardware]: No controller active in LOW_LEVEL_SERVOING mode !
[DEBUG] [1756085429.475253239] [KortexMultiInterfaceHardware]: No controller active in LOW_LEVEL_SERVOING mode !
[DEBUG] [1756085429.475732654] [KortexMultiInterfaceHardware]: No controller active in LOW_LEVEL_SERVOING mode !
[DEBUG] [1756085429.476251323] [KortexMultiInterfaceHardware]: No controller active in LOW_LEVEL_SERVOING mode !
[DEBUG] [1756085429.476753859] [KortexMultiInterfaceHardware]: No controller active in LOW_LEVEL_SERVOING mode !
[DEBUG] [1756085429.477520160] [KortexMultiInterfaceHardware]: No controller active in LOW_LEVEL_SERVOING mode !
[DEBUG] [1756085429.478553311] [KortexMultiInterfaceHardware]: No controller active in LOW_LEVEL_SERVOING mode !
[DEBUG] [1756085429.479566102] [KortexMultiInterfaceHardware]: No controller active in LOW_LEVEL_SERVOING mode !
[DEBUG] [1756085429.480553910] [KortexMultiInterfaceHardware]: No controller active in LOW_LEVEL_SERVOING mode !
[DEBUG] [1756085429.481172146] [KortexMultiInterfaceHardware]: No controller active in LOW_LEVEL_SERVOING mode !
[DEBUG] [1756085429.481623074] [KortexMultiInterfaceHardware]: No controller active in LOW_LEVEL_SERVOING mode !
[DEBUG] [1756085429.482577552] [KortexMultiInterfaceHardware]: No controller active in LOW_LEVEL_SERVOING mode !
[DEBUG] [1756085429.483590456] [KortexMultiInterfaceHardware]: No controller active in LOW_LEVEL_SERVOING mode !
[DEBUG] [1756085429.484322036] [KortexMultiInterfaceHardware]: No controller active in LOW_LEVEL_SERVOING mode !
[DEBUG] [1756085429.484839028] [KortexMultiInterfaceHardware]: No controller active in LOW_LEVEL_SERVOING mode !
[DEBUG] [1756085429.485310678] [KortexMultiInterfaceHardware]: No controller active in LOW_LEVEL_SERVOING mode !
[DEBUG] [1756085429.485782479] [KortexMultiInterfaceHardware]: No controller active in LOW_LEVEL_SERVOING mode !
[DEBUG] [1756085429.486236513] [KortexMultiInterfaceHardware]: No controller active in LOW_LEVEL_SERVOING mode !
[DEBUG] [1756085429.486731355] [KortexMultiInterfaceHardware]: No controller active in LOW_LEVEL_SERVOING mode !
[DEBUG] [1756085429.487298653] [KortexMultiInterfaceHardware]: No controller active in LOW_LEVEL_SERVOING mode !
[DEBUG] [1756085429.487736941] [KortexMultiInterfaceHardware]: No controller active in LOW_LEVEL_SERVOING mode !
[DEBUG] [1756085429.488260130] [KortexMultiInterfaceHardware]: No controller active in LOW_LEVEL_SERVOING mode !
[DEBUG] [1756085429.488744823] [KortexMultiInterfaceHardware]: No controller active in LOW_LEVEL_SERVOING mode !
[DEBUG] [1756085429.489525559] [KortexMultiInterfaceHardware]: No controller active in LOW_LEVEL_SERVOING mode !
[DEBUG] [1756085429.490536372] [KortexMultiInterfaceHardware]: No controller active in LOW_LEVEL_SERVOING mode !
[DEBUG] [1756085429.491213439] [KortexMultiInterfaceHardware]: No controller active in LOW_LEVEL_SERVOING mode !
[DEBUG] [1756085429.491600135] [KortexMultiInterfaceHardware]: No controller active in LOW_LEVEL_SERVOING mode !
[DEBUG] [1756085429.492556512] [KortexMultiInterfaceHardware]: No controller active in LOW_LEVEL_SERVOING mode !
[DEBUG] [1756085429.493064787] [KortexMultiInterfaceHardware]: No controller active in LOW_LEVEL_SERVOING mode !
[DEBUG] [1756085429.493547887] [KortexMultiInterfaceHardware]: No controller active in LOW_LEVEL_SERVOING mode !
[DEBUG] [1756085429.494153743] [KortexMultiInterfaceHardware]: No controller active in LOW_LEVEL_SERVOING mode !
[DEBUG] [1756085429.494679056] [KortexMultiInterfaceHardware]: No controller active in LOW_LEVEL_SERVOING mode !
[DEBUG] [1756085429.495551754] [KortexMultiInterfaceHardware]: No controller active in LOW_LEVEL_SERVOING mode !
[DEBUG] [1756085429.496542884] [KortexMultiInterfaceHardware]: No controller active in LOW_LEVEL_SERVOING mode !
[DEBUG] [1756085429.497059259] [KortexMultiInterfaceHardware]: No controller active in LOW_LEVEL_SERVOING mode !
[DEBUG] [1756085429.497568737] [KortexMultiInterfaceHardware]: No controller active in LOW_LEVEL_SERVOING mode !
[DEBUG] [1756085429.498478179] [KortexMultiInterfaceHardware]: No controller active in LOW_LEVEL_SERVOING mode !
[DEBUG] [1756085429.498900215] [KortexMultiInterfaceHardware]: No controller active in LOW_LEVEL_SERVOING mode !
[DEBUG] [1756085429.499520446] [KortexMultiInterfaceHardware]: No controller active in LOW_LEVEL_SERVOING mode !
[DEBUG] [1756085429.500486263] [KortexMultiInterfaceHardware]: No controller active in LOW_LEVEL_SERVOING mode !
[DEBUG] [1756085429.501179777] [KortexMultiInterfaceHardware]: No controller active in LOW_LEVEL_SERVOING mode !
[DEBUG] [1756085429.501627386] [KortexMultiInterfaceHardware]: No controller active in LOW_LEVEL_SERVOING mode !
[DEBUG] [1756085429.502553603] [KortexMultiInterfaceHardware]: No controller active in LOW_LEVEL_SERVOING mode !
[DEBUG] [1756085429.503499722] [KortexMultiInterfaceHardware]: No controller active in LOW_LEVEL_SERVOING mode !
[DEBUG] [1756085429.503894317] [KortexMultiInterfaceHardware]: No controller active in LOW_LEVEL_SERVOING mode !
[DEBUG] [1756085429.504586855] [KortexMultiInterfaceHardware]: No controller active in LOW_LEVEL_SERVOING mode !
[DEBUG] [1756085429.505544637] [KortexMultiInterfaceHardware]: No controller active in LOW_LEVEL_SERVOING mode !
[DEBUG] [1756085429.505988311] [KortexMultiInterfaceHardware]: No controller active in LOW_LEVEL_SERVOING mode !
[DEBUG] [1756085429.506540013] [KortexMultiInterfaceHardware]: No controller active in LOW_LEVEL_SERVOING mode !
[DEBUG] [1756085429.507515233] [KortexMultiInterfaceHardware]: No controller active in LOW_LEVEL_SERVOING mode !
[DEBUG] [1756085429.508587787] [KortexMultiInterfaceHardware]: No controller active in LOW_LEVEL_SERVOING mode !
[DEBUG] [1756085429.509564958] [KortexMultiInterfaceHardware]: No controller active in LOW_LEVEL_SERVOING mode !
[DEBUG] [1756085429.510471179] [KortexMultiInterfaceHardware]: No controller active in LOW_LEVEL_SERVOING mode !
[DEBUG] [1756085429.510969227] [KortexMultiInterfaceHardware]: No controller active in LOW_LEVEL_SERVOING mode !
[DEBUG] [1756085429.511575191] [KortexMultiInterfaceHardware]: No controller active in LOW_LEVEL_SERVOING mode !
[DEBUG] [1756085429.512301307] [KortexMultiInterfaceHardware]: No controller active in LOW_LEVEL_SERVOING mode !
[DEBUG] [1756085429.516042332] [KortexMultiInterfaceHardware]: No controller active in LOW_LEVEL_SERVOING mode !
[DEBUG] [1756085429.526314914] [KortexMultiInterfaceHardware]: No controller active in LOW_LEVEL_SERVOING mode !
[DEBUG] [1756085429.536144614] [KortexMultiInterfaceHardware]: No controller active in LOW_LEVEL_SERVOING mode !
[DEBUG] [1756085429.545852995] [KortexMultiInterfaceHardware]: No controller active in LOW_LEVEL_SERVOING mode !
[DEBUG] [1756085429.556127864] [KortexMultiInterfaceHardware]: No controller active in LOW_LEVEL_SERVOING mode !
[DEBUG] [1756085429.565916171] [KortexMultiInterfaceHardware]: No controller active in LOW_LEVEL_SERVOING mode !
[DEBUG] [1756085429.576056644] [KortexMultiInterfaceHardware]: No controller active in LOW_LEVEL_SERVOING mode !
[DEBUG] [1756085429.585909167] [KortexMultiInterfaceHardware]: No controller active in LOW_LEVEL_SERVOING mode !
[DEBUG] [1756085429.596047684] [KortexMultiInterfaceHardware]: No controller active in LOW_LEVEL_SERVOING mode !
[DEBUG] [1756085429.605962727] [KortexMultiInterfaceHardware]: No controller active in LOW_LEVEL_SERVOING mode !
[DEBUG] [1756085429.615906782] [KortexMultiInterfaceHardware]: No controller active in LOW_LEVEL_SERVOING mode !
[DEBUG] [1756085429.625991432] [KortexMultiInterfaceHardware]: No controller active in LOW_LEVEL_SERVOING mode !
[DEBUG] [1756085429.636145029] [KortexMultiInterfaceHardware]: No controller active in LOW_LEVEL_SERVOING mode !
[DEBUG] [1756085429.849135962] [KortexMultiInterfaceHardware]: No controller active in LOW_LEVEL_SERVOING mode !
[DEBUG] [1756085429.965166592] [KortexMultiInterfaceHardware]: No controller active in LOW_LEVEL_SERVOING mode !
[DEBUG] [1756085429.965533059] [KortexMultiInterfaceHardware]: No controller active in LOW_LEVEL_SERVOING mode !
[DEBUG] [1756085429.965979344] [KortexMultiInterfaceHardware]: No controller active in LOW_LEVEL_SERVOING mode !
[DEBUG] [1756085429.966557104] [KortexMultiInterfaceHardware]: No controller active in LOW_LEVEL_SERVOING mode !
[DEBUG] [1756085429.967678138] [KortexMultiInterfaceHardware]: No controller active in LOW_LEVEL_SERVOING mode !
[DEBUG] [1756085429.968540140] [KortexMultiInterfaceHardware]: No controller active in LOW_LEVEL_SERVOING mode !
[DEBUG] [1756085429.969518831] [KortexMultiInterfaceHardware]: No controller active in LOW_LEVEL_SERVOING mode !
[DEBUG] [1756085429.970558841] [KortexMultiInterfaceHardware]: No controller active in LOW_LEVEL_SERVOING mode !
[DEBUG] [1756085429.971536685] [KortexMultiInterfaceHardware]: No controller active in LOW_LEVEL_SERVOING mode !
[DEBUG] [1756085429.972543041] [KortexMultiInterfaceHardware]: No controller active in LOW_LEVEL_SERVOING mode !
[DEBUG] [1756085429.973561427] [KortexMultiInterfaceHardware]: No controller active in LOW_LEVEL_SERVOING mode !
[DEBUG] [1756085429.974570836] [KortexMultiInterfaceHardware]: No controller active in LOW_LEVEL_SERVOING mode !
[DEBUG] [1756085429.975256972] [KortexMultiInterfaceHardware]: No controller active in LOW_LEVEL_SERVOING mode !
[DEBUG] [1756085429.975781311] [KortexMultiInterfaceHardware]: No controller active in LOW_LEVEL_SERVOING mode !
[DEBUG] [1756085429.976256721] [KortexMultiInterfaceHardware]: No controller active in LOW_LEVEL_SERVOING mode !
[DEBUG] [1756085429.986009864] [KortexMultiInterfaceHardware]: No controller active in LOW_LEVEL_SERVOING mode !
[DEBUG] [1756085429.996468140] [KortexMultiInterfaceHardware]: No controller active in LOW_LEVEL_SERVOING mode !
[DEBUG] [1756085430.006013114] [KortexMultiInterfaceHardware]: No controller active in LOW_LEVEL_SERVOING mode !
[DEBUG] [1756085430.015905285] [KortexMultiInterfaceHardware]: No controller active in LOW_LEVEL_SERVOING mode !
[DEBUG] [1756085430.025980544] [KortexMultiInterfaceHardware]: No controller active in LOW_LEVEL_SERVOING mode !
[DEBUG] [1756085430.036199806] [KortexMultiInterfaceHardware]: No controller active in LOW_LEVEL_SERVOING mode !
[DEBUG] [1756085430.046469890] [KortexMultiInterfaceHardware]: No controller active in LOW_LEVEL_SERVOING mode !
[DEBUG] [1756085430.055996431] [KortexMultiInterfaceHardware]: No controller active in LOW_LEVEL_SERVOING mode !
[DEBUG] [1756085430.066036561] [KortexMultiInterfaceHardware]: No controller active in LOW_LEVEL_SERVOING mode !
[DEBUG] [1756085430.076197664] [KortexMultiInterfaceHardware]: No controller active in LOW_LEVEL_SERVOING mode !
[DEBUG] [1756085430.086516696] [KortexMultiInterfaceHardware]: No controller active in LOW_LEVEL_SERVOING mode !
[DEBUG] [1756085430.096024723] [KortexMultiInterfaceHardware]: No controller active in LOW_LEVEL_SERVOING mode !
[DEBUG] [1756085430.106154028] [KortexMultiInterfaceHardware]: No controller active in LOW_LEVEL_SERVOING mode !
[DEBUG] [1756085430.116284152] [KortexMultiInterfaceHardware]: No controller active in LOW_LEVEL_SERVOING mode !
[DEBUG] [1756085430.126015842] [KortexMultiInterfaceHardware]: No controller active in LOW_LEVEL_SERVOING mode !
[DEBUG] [1756085430.136187775] [KortexMultiInterfaceHardware]: No controller active in LOW_LEVEL_SERVOING mode !
[DEBUG] [1756085430.146057758] [KortexMultiInterfaceHardware]: No controller active in LOW_LEVEL_SERVOING mode !
[DEBUG] [1756085430.156015337] [KortexMultiInterfaceHardware]: No controller active in LOW_LEVEL_SERVOING mode !
[DEBUG] [1756085430.383144135] [KortexMultiInterfaceHardware]: No controller active in LOW_LEVEL_SERVOING mode !
[DEBUG] [1756085430.385789566] [KortexMultiInterfaceHardware]: No controller active in LOW_LEVEL_SERVOING mode !
[INFO] [1756085477.016489524] [left_joint_trajectory_controller]: Received new action goal
[INFO] [1756085477.016529101] [left_joint_trajectory_controller]: Accepted new action goal
[INFO] [1756085477.017150817] [right_joint_trajectory_controller]: Received new action goal
[INFO] [1756085477.017165694] [right_joint_trajectory_controller]: Accepted new action goal
[INFO] [1756085486.395291348] [right_joint_trajectory_controller]: Goal reached, success!
[INFO] [1756085486.395395056] [left_joint_trajectory_controller]: Goal reached, success!
[INFO] [1756099622.889397961] [rclcpp]: signal_handler(signum=2)
[INFO] [1756099622.889609759] [controller_manager]: Shutdown request received....
[INFO] [1756099622.889660448] [controller_manager]: Shutting down all controllers in the controller manager.
[INFO] [1756099622.889681834] [controller_manager]: Deactivating controller 'fault_controller'
[INFO] [1756099622.891493123] [controller_manager]: Shutting down controller 'fault_controller'
[INFO] [1756099622.891517848] [controller_manager]: Deactivating controller 'right_joint_trajectory_controller'
[INFO] [1756099622.891529636] [controller_manager]: Shutting down controller 'right_joint_trajectory_controller'
[INFO] [1756099622.891535978] [controller_manager]: Deactivating controller 'left_joint_trajectory_controller'
[INFO] [1756099622.891543158] [controller_manager]: Shutting down controller 'left_joint_trajectory_controller'
[INFO] [1756099622.891549212] [controller_manager]: Deactivating controller 'joint_state_broadcaster'
[INFO] [1756099622.891557219] [controller_manager]: Shutting down controller 'joint_state_broadcaster'
[INFO] [1756099622.891568095] [resource_manager]: 'deactivate' hardware 'right_KortexMultiInterfaceHardware' 
[INFO] [1756099622.891572652] [KortexMultiInterfaceHardware]: Deactivating KortexMultiInterfaceHardware...
[INFO] [1756099623.439547379] [KortexMultiInterfaceHardware]: KortexMultiInterfaceHardware successfully deactivated!
[INFO] [1756099623.439573344] [resource_manager]: Successful 'deactivate' of hardware 'right_KortexMultiInterfaceHardware'
[INFO] [1756099623.439578061] [resource_manager]: 'shutdown' hardware 'right_KortexMultiInterfaceHardware' 
[INFO] [1756099623.439581361] [resource_manager]: Successful 'shutdown' of hardware 'right_KortexMultiInterfaceHardware'
[INFO] [1756099623.439588072] [resource_manager]: 'deactivate' hardware 'left_KortexMultiInterfaceHardware' 
[INFO] [1756099623.439590230] [KortexMultiInterfaceHardware]: Deactivating KortexMultiInterfaceHardware...
[INFO] [1756099623.979186889] [KortexMultiInterfaceHardware]: KortexMultiInterfaceHardware successfully deactivated!
[INFO] [1756099623.979204766] [resource_manager]: Successful 'deactivate' of hardware 'left_KortexMultiInterfaceHardware'
[INFO] [1756099623.979209541] [resource_manager]: 'shutdown' hardware 'left_KortexMultiInterfaceHardware' 
[INFO] [1756099623.979213009] [resource_manager]: Successful 'shutdown' of hardware 'left_KortexMultiInterfaceHardware'
[INFO] [1756099623.979217660] [controller_manager]: Shutting down the controller manager.
