[INFO] [1756718967.942005079] [controller_manager]: Subscribing to '~/robot_description' topic for robot description file.
[INFO] [1756718967.942670606] [controller_manager]: update rate is 100 Hz
[INFO] [1756718967.942686184] [controller_manager]: Spawning controller_manager RT thread with scheduler priority: 50
[WARN] [1756718967.942786434] [controller_manager]: No real-time kernel detected on this system. See [https://control.ros.org/master/doc/ros2_control/controller_manager/doc/userdoc.html] for details on how to enable realtime scheduling.
[INFO] [1756718967.953095862] [controller_manager]: Received robot description file.
[INFO] [1756718967.953907589] [resource_manager]: Loading hardware 'left_KortexMultiInterfaceHardware' 
[INFO] [1756718967.981645766] [KortexMultiInterfaceHardware]: Setting severity threshold to DEBUG
[INFO] [1756718967.981685156] [resource_manager]: Initialize hardware 'left_KortexMultiInterfaceHardware' 
[INFO] [1756718967.981691362] [KortexMultiInterfaceHardware]: Configuring Hardware Interface
[INFO] [1756718967.981846921] [KortexMultiInterfaceHardware]: Robot ip is '192.168.11.60'
[INFO] [1756718967.981850059] [KortexMultiInterfaceHardware]: Username is 'admin'
[INFO] [1756718967.981856004] [KortexMultiInterfaceHardware]: Port used '10000'
[INFO] [1756718967.981858193] [KortexMultiInterfaceHardware]: Realtime port used '10001'
[INFO] [1756718967.981860145] [KortexMultiInterfaceHardware]: Session inactivity timeout is '60000'
[INFO] [1756718967.981862118] [KortexMultiInterfaceHardware]: Connection inactivity timeout is '2000'
[ERROR] [1756718967.981864136] [KortexMultiInterfaceHardware]: Gripper joint name is empty!
[INFO] [1756718967.981878459] [KortexMultiInterfaceHardware]: Connecting to robot at 192.168.11.60
[INFO] [1756718967.982510311] [KortexMultiInterfaceHardware]: Creating session for communication
[INFO] [1756718968.251703756] [KortexMultiInterfaceHardware]: Session created
[INFO] [1756718968.837071147] [KortexMultiInterfaceHardware]: Actuator count reported by robot is '7'
[INFO] [1756718968.837229745] [KortexMultiInterfaceHardware]: Hardware Interface successfully configured
[INFO] [1756718968.837241445] [resource_manager]: Successful initialization of hardware 'left_KortexMultiInterfaceHardware'
[DEBUG] [1756718968.837255970] [KortexMultiInterfaceHardware]: export_state_interfaces for joint: left_joint_1
[DEBUG] [1756718968.837305629] [KortexMultiInterfaceHardware]: export_state_interfaces for joint: left_joint_2
[DEBUG] [1756718968.837316062] [KortexMultiInterfaceHardware]: export_state_interfaces for joint: left_joint_3
[DEBUG] [1756718968.837317818] [KortexMultiInterfaceHardware]: export_state_interfaces for joint: left_joint_4
[DEBUG] [1756718968.837319130] [KortexMultiInterfaceHardware]: export_state_interfaces for joint: left_joint_5
[DEBUG] [1756718968.837320826] [KortexMultiInterfaceHardware]: export_state_interfaces for joint: left_joint_6
[DEBUG] [1756718968.837322141] [KortexMultiInterfaceHardware]: export_state_interfaces for joint: left_joint_7
[INFO] [1756718968.837427749] [resource_manager]: Loading hardware 'right_KortexMultiInterfaceHardware' 
[INFO] [1756718968.837467720] [KortexMultiInterfaceHardware]: Setting severity threshold to DEBUG
[INFO] [1756718968.837473319] [resource_manager]: Initialize hardware 'right_KortexMultiInterfaceHardware' 
[INFO] [1756718968.837475232] [KortexMultiInterfaceHardware]: Configuring Hardware Interface
[INFO] [1756718968.837514610] [KortexMultiInterfaceHardware]: Robot ip is '192.168.11.61'
[INFO] [1756718968.837516602] [KortexMultiInterfaceHardware]: Username is 'admin'
[INFO] [1756718968.837519008] [KortexMultiInterfaceHardware]: Port used '10000'
[INFO] [1756718968.837520645] [KortexMultiInterfaceHardware]: Realtime port used '10001'
[INFO] [1756718968.837522473] [KortexMultiInterfaceHardware]: Session inactivity timeout is '60000'
[INFO] [1756718968.837524148] [KortexMultiInterfaceHardware]: Connection inactivity timeout is '2000'
[ERROR] [1756718968.837525815] [KortexMultiInterfaceHardware]: Gripper joint name is empty!
[INFO] [1756718968.837532511] [KortexMultiInterfaceHardware]: Connecting to robot at 192.168.11.61
[INFO] [1756718968.838011765] [KortexMultiInterfaceHardware]: Creating session for communication
[INFO] [1756718969.199359650] [KortexMultiInterfaceHardware]: Session created
[INFO] [1756718969.783518349] [KortexMultiInterfaceHardware]: Actuator count reported by robot is '7'
[INFO] [1756718969.783564116] [KortexMultiInterfaceHardware]: Hardware Interface successfully configured
[INFO] [1756718969.783571949] [resource_manager]: Successful initialization of hardware 'right_KortexMultiInterfaceHardware'
[DEBUG] [1756718969.783576121] [KortexMultiInterfaceHardware]: export_state_interfaces for joint: right_joint_1
[DEBUG] [1756718969.783580029] [KortexMultiInterfaceHardware]: export_state_interfaces for joint: right_joint_2
[DEBUG] [1756718969.783582255] [KortexMultiInterfaceHardware]: export_state_interfaces for joint: right_joint_3
[DEBUG] [1756718969.783583824] [KortexMultiInterfaceHardware]: export_state_interfaces for joint: right_joint_4
[DEBUG] [1756718969.783585110] [KortexMultiInterfaceHardware]: export_state_interfaces for joint: right_joint_5
[DEBUG] [1756718969.783586699] [KortexMultiInterfaceHardware]: export_state_interfaces for joint: right_joint_6
[DEBUG] [1756718969.783587968] [KortexMultiInterfaceHardware]: export_state_interfaces for joint: right_joint_7
[INFO] [1756718969.783656538] [resource_manager]: 'configure' hardware 'right_KortexMultiInterfaceHardware' 
[INFO] [1756718969.783661447] [resource_manager]: Successful 'configure' of hardware 'right_KortexMultiInterfaceHardware'
[INFO] [1756718969.783692681] [resource_manager]: 'activate' hardware 'right_KortexMultiInterfaceHardware' 
[INFO] [1756718969.783694689] [KortexMultiInterfaceHardware]: Activating KortexMultiInterfaceHardware...
[INFO] [1756718969.784336321] [KortexMultiInterfaceHardware]: Gripper initial position is '0.000000'.
[INFO] [1756718969.785237407] [KortexMultiInterfaceHardware]: KortexMultiInterfaceHardware successfully activated!
[INFO] [1756718969.785248575] [resource_manager]: Successful 'activate' of hardware 'right_KortexMultiInterfaceHardware'
[INFO] [1756718969.785253254] [resource_manager]: 'configure' hardware 'left_KortexMultiInterfaceHardware' 
[INFO] [1756718969.785255877] [resource_manager]: Successful 'configure' of hardware 'left_KortexMultiInterfaceHardware'
[WARN] [1756718969.785259998] [resource_manager]: (hardware 'left_KortexMultiInterfaceHardware'): 'reset_fault/internal_fault' state interface already in available list. This can happen due to multiple calls to 'configure'
[WARN] [1756718969.785263932] [resource_manager]: (hardware 'left_KortexMultiInterfaceHardware'): 'tcp/twist.linear.x' command interface already in available list. This can happen due to multiple calls to 'configure'
[WARN] [1756718969.785265362] [resource_manager]: (hardware 'left_KortexMultiInterfaceHardware'): 'tcp/twist.linear.y' command interface already in available list. This can happen due to multiple calls to 'configure'
[WARN] [1756718969.785266602] [resource_manager]: (hardware 'left_KortexMultiInterfaceHardware'): 'tcp/twist.linear.z' command interface already in available list. This can happen due to multiple calls to 'configure'
[WARN] [1756718969.785267868] [resource_manager]: (hardware 'left_KortexMultiInterfaceHardware'): 'tcp/twist.angular.x' command interface already in available list. This can happen due to multiple calls to 'configure'
[WARN] [1756718969.785269147] [resource_manager]: (hardware 'left_KortexMultiInterfaceHardware'): 'tcp/twist.angular.y' command interface already in available list. This can happen due to multiple calls to 'configure'
[WARN] [1756718969.785270359] [resource_manager]: (hardware 'left_KortexMultiInterfaceHardware'): 'tcp/twist.angular.z' command interface already in available list. This can happen due to multiple calls to 'configure'
[WARN] [1756718969.785271577] [resource_manager]: (hardware 'left_KortexMultiInterfaceHardware'): 'reset_fault/command' command interface already in available list. This can happen due to multiple calls to 'configure'
[WARN] [1756718969.785309211] [resource_manager]: (hardware 'left_KortexMultiInterfaceHardware'): 'reset_fault/async_success' command interface already in available list. This can happen due to multiple calls to 'configure'
[INFO] [1756718969.785311017] [resource_manager]: 'activate' hardware 'left_KortexMultiInterfaceHardware' 
[INFO] [1756718969.785312728] [KortexMultiInterfaceHardware]: Activating KortexMultiInterfaceHardware...
[INFO] [1756718969.785757929] [KortexMultiInterfaceHardware]: Gripper initial position is '0.000000'.
[INFO] [1756718969.786436221] [KortexMultiInterfaceHardware]: KortexMultiInterfaceHardware successfully activated!
[INFO] [1756718969.786447486] [resource_manager]: Successful 'activate' of hardware 'left_KortexMultiInterfaceHardware'
[DEBUG] [1756718969.788128339] [KortexMultiInterfaceHardware]: No controller active in LOW_LEVEL_SERVOING mode !
[DEBUG] [1756718969.788456523] [KortexMultiInterfaceHardware]: No controller active in LOW_LEVEL_SERVOING mode !
[DEBUG] [1756718969.788922068] [KortexMultiInterfaceHardware]: No controller active in LOW_LEVEL_SERVOING mode !
[DEBUG] [1756718969.789239094] [KortexMultiInterfaceHardware]: No controller active in LOW_LEVEL_SERVOING mode !
[DEBUG] [1756718969.789474725] [KortexMultiInterfaceHardware]: No controller active in LOW_LEVEL_SERVOING mode !
[DEBUG] [1756718969.789656411] [KortexMultiInterfaceHardware]: No controller active in LOW_LEVEL_SERVOING mode !
[DEBUG] [1756718969.789909945] [KortexMultiInterfaceHardware]: No controller active in LOW_LEVEL_SERVOING mode !
[DEBUG] [1756718969.790109763] [KortexMultiInterfaceHardware]: No controller active in LOW_LEVEL_SERVOING mode !
[DEBUG] [1756718969.790437312] [KortexMultiInterfaceHardware]: No controller active in LOW_LEVEL_SERVOING mode !
[DEBUG] [1756718969.790956136] [KortexMultiInterfaceHardware]: No controller active in LOW_LEVEL_SERVOING mode !
[DEBUG] [1756718969.791483877] [KortexMultiInterfaceHardware]: No controller active in LOW_LEVEL_SERVOING mode !
[DEBUG] [1756718969.791939984] [KortexMultiInterfaceHardware]: No controller active in LOW_LEVEL_SERVOING mode !
[DEBUG] [1756718969.792289546] [KortexMultiInterfaceHardware]: No controller active in LOW_LEVEL_SERVOING mode !
[DEBUG] [1756718969.792551115] [KortexMultiInterfaceHardware]: No controller active in LOW_LEVEL_SERVOING mode !
[DEBUG] [1756718969.792832625] [KortexMultiInterfaceHardware]: No controller active in LOW_LEVEL_SERVOING mode !
[DEBUG] [1756718969.793167521] [KortexMultiInterfaceHardware]: No controller active in LOW_LEVEL_SERVOING mode !
[DEBUG] [1756718969.793378907] [KortexMultiInterfaceHardware]: No controller active in LOW_LEVEL_SERVOING mode !
[DEBUG] [1756718969.793618080] [KortexMultiInterfaceHardware]: No controller active in LOW_LEVEL_SERVOING mode !
[DEBUG] [1756718969.794226875] [KortexMultiInterfaceHardware]: No controller active in LOW_LEVEL_SERVOING mode !
[DEBUG] [1756718969.794510178] [KortexMultiInterfaceHardware]: No controller active in LOW_LEVEL_SERVOING mode !
[DEBUG] [1756718969.794797600] [KortexMultiInterfaceHardware]: No controller active in LOW_LEVEL_SERVOING mode !
[DEBUG] [1756718969.795042395] [KortexMultiInterfaceHardware]: No controller active in LOW_LEVEL_SERVOING mode !
[DEBUG] [1756718969.795292257] [KortexMultiInterfaceHardware]: No controller active in LOW_LEVEL_SERVOING mode !
[DEBUG] [1756718969.795558682] [KortexMultiInterfaceHardware]: No controller active in LOW_LEVEL_SERVOING mode !
[DEBUG] [1756718969.795842759] [KortexMultiInterfaceHardware]: No controller active in LOW_LEVEL_SERVOING mode !
[DEBUG] [1756718969.796158600] [KortexMultiInterfaceHardware]: No controller active in LOW_LEVEL_SERVOING mode !
[DEBUG] [1756718969.796376920] [KortexMultiInterfaceHardware]: No controller active in LOW_LEVEL_SERVOING mode !
[DEBUG] [1756718969.796622016] [KortexMultiInterfaceHardware]: No controller active in LOW_LEVEL_SERVOING mode !
[DEBUG] [1756718969.796896298] [KortexMultiInterfaceHardware]: No controller active in LOW_LEVEL_SERVOING mode !
[DEBUG] [1756718969.797120130] [KortexMultiInterfaceHardware]: No controller active in LOW_LEVEL_SERVOING mode !
[DEBUG] [1756718969.797330107] [KortexMultiInterfaceHardware]: No controller active in LOW_LEVEL_SERVOING mode !
[DEBUG] [1756718969.797604980] [KortexMultiInterfaceHardware]: No controller active in LOW_LEVEL_SERVOING mode !
[DEBUG] [1756718969.797872162] [KortexMultiInterfaceHardware]: No controller active in LOW_LEVEL_SERVOING mode !
[DEBUG] [1756718969.798056003] [KortexMultiInterfaceHardware]: No controller active in LOW_LEVEL_SERVOING mode !
[DEBUG] [1756718969.798284823] [KortexMultiInterfaceHardware]: No controller active in LOW_LEVEL_SERVOING mode !
[DEBUG] [1756718969.798550778] [KortexMultiInterfaceHardware]: No controller active in LOW_LEVEL_SERVOING mode !
[DEBUG] [1756718969.798822993] [KortexMultiInterfaceHardware]: No controller active in LOW_LEVEL_SERVOING mode !
[DEBUG] [1756718969.799078980] [KortexMultiInterfaceHardware]: No controller active in LOW_LEVEL_SERVOING mode !
[DEBUG] [1756718969.799313397] [KortexMultiInterfaceHardware]: No controller active in LOW_LEVEL_SERVOING mode !
[DEBUG] [1756718969.799583025] [KortexMultiInterfaceHardware]: No controller active in LOW_LEVEL_SERVOING mode !
[DEBUG] [1756718969.799892537] [KortexMultiInterfaceHardware]: No controller active in LOW_LEVEL_SERVOING mode !
[DEBUG] [1756718969.800069968] [KortexMultiInterfaceHardware]: No controller active in LOW_LEVEL_SERVOING mode !
[DEBUG] [1756718969.800303082] [KortexMultiInterfaceHardware]: No controller active in LOW_LEVEL_SERVOING mode !
[DEBUG] [1756718969.800561019] [KortexMultiInterfaceHardware]: No controller active in LOW_LEVEL_SERVOING mode !
[DEBUG] [1756718969.800827971] [KortexMultiInterfaceHardware]: No controller active in LOW_LEVEL_SERVOING mode !
[DEBUG] [1756718969.801076261] [KortexMultiInterfaceHardware]: No controller active in LOW_LEVEL_SERVOING mode !
[DEBUG] [1756718969.801342014] [KortexMultiInterfaceHardware]: No controller active in LOW_LEVEL_SERVOING mode !
[DEBUG] [1756718969.801948639] [KortexMultiInterfaceHardware]: No controller active in LOW_LEVEL_SERVOING mode !
[DEBUG] [1756718969.802395217] [KortexMultiInterfaceHardware]: No controller active in LOW_LEVEL_SERVOING mode !
[DEBUG] [1756718969.802655225] [KortexMultiInterfaceHardware]: No controller active in LOW_LEVEL_SERVOING mode !
[DEBUG] [1756718969.803232990] [KortexMultiInterfaceHardware]: No controller active in LOW_LEVEL_SERVOING mode !
[DEBUG] [1756718969.803570114] [KortexMultiInterfaceHardware]: No controller active in LOW_LEVEL_SERVOING mode !
[DEBUG] [1756718969.803863712] [KortexMultiInterfaceHardware]: No controller active in LOW_LEVEL_SERVOING mode !
[DEBUG] [1756718969.804080570] [KortexMultiInterfaceHardware]: No controller active in LOW_LEVEL_SERVOING mode !
[DEBUG] [1756718969.804332583] [KortexMultiInterfaceHardware]: No controller active in LOW_LEVEL_SERVOING mode !
[DEBUG] [1756718969.804586112] [KortexMultiInterfaceHardware]: No controller active in LOW_LEVEL_SERVOING mode !
[DEBUG] [1756718969.804837962] [KortexMultiInterfaceHardware]: No controller active in LOW_LEVEL_SERVOING mode !
[DEBUG] [1756718969.805082392] [KortexMultiInterfaceHardware]: No controller active in LOW_LEVEL_SERVOING mode !
[DEBUG] [1756718969.805320128] [KortexMultiInterfaceHardware]: No controller active in LOW_LEVEL_SERVOING mode !
[DEBUG] [1756718969.805584199] [KortexMultiInterfaceHardware]: No controller active in LOW_LEVEL_SERVOING mode !
[DEBUG] [1756718969.805890410] [KortexMultiInterfaceHardware]: No controller active in LOW_LEVEL_SERVOING mode !
[DEBUG] [1756718969.806239661] [KortexMultiInterfaceHardware]: No controller active in LOW_LEVEL_SERVOING mode !
[DEBUG] [1756718969.806443502] [KortexMultiInterfaceHardware]: No controller active in LOW_LEVEL_SERVOING mode !
[DEBUG] [1756718969.806652741] [KortexMultiInterfaceHardware]: No controller active in LOW_LEVEL_SERVOING mode !
[DEBUG] [1756718969.806875200] [KortexMultiInterfaceHardware]: No controller active in LOW_LEVEL_SERVOING mode !
[DEBUG] [1756718969.807079558] [KortexMultiInterfaceHardware]: No controller active in LOW_LEVEL_SERVOING mode !
[DEBUG] [1756718969.807345493] [KortexMultiInterfaceHardware]: No controller active in LOW_LEVEL_SERVOING mode !
[DEBUG] [1756718969.807609781] [KortexMultiInterfaceHardware]: No controller active in LOW_LEVEL_SERVOING mode !
[DEBUG] [1756718969.807882627] [KortexMultiInterfaceHardware]: No controller active in LOW_LEVEL_SERVOING mode !
[DEBUG] [1756718969.808176709] [KortexMultiInterfaceHardware]: No controller active in LOW_LEVEL_SERVOING mode !
[DEBUG] [1756718969.808360278] [KortexMultiInterfaceHardware]: No controller active in LOW_LEVEL_SERVOING mode !
[DEBUG] [1756718969.808661440] [KortexMultiInterfaceHardware]: No controller active in LOW_LEVEL_SERVOING mode !
[DEBUG] [1756718969.808862269] [KortexMultiInterfaceHardware]: No controller active in LOW_LEVEL_SERVOING mode !
[DEBUG] [1756718969.809090287] [KortexMultiInterfaceHardware]: No controller active in LOW_LEVEL_SERVOING mode !
[DEBUG] [1756718969.809354866] [KortexMultiInterfaceHardware]: No controller active in LOW_LEVEL_SERVOING mode !
[DEBUG] [1756718969.809939993] [KortexMultiInterfaceHardware]: No controller active in LOW_LEVEL_SERVOING mode !
[DEBUG] [1756718969.810275876] [KortexMultiInterfaceHardware]: No controller active in LOW_LEVEL_SERVOING mode !
[DEBUG] [1756718969.810590434] [KortexMultiInterfaceHardware]: No controller active in LOW_LEVEL_SERVOING mode !
[DEBUG] [1756718969.810879760] [KortexMultiInterfaceHardware]: No controller active in LOW_LEVEL_SERVOING mode !
[DEBUG] [1756718969.811091208] [KortexMultiInterfaceHardware]: No controller active in LOW_LEVEL_SERVOING mode !
[DEBUG] [1756718969.811349738] [KortexMultiInterfaceHardware]: No controller active in LOW_LEVEL_SERVOING mode !
[DEBUG] [1756718969.811625452] [KortexMultiInterfaceHardware]: No controller active in LOW_LEVEL_SERVOING mode !
[DEBUG] [1756718969.812212566] [KortexMultiInterfaceHardware]: No controller active in LOW_LEVEL_SERVOING mode !
[DEBUG] [1756718969.812469789] [KortexMultiInterfaceHardware]: No controller active in LOW_LEVEL_SERVOING mode !
[DEBUG] [1756718969.812741338] [KortexMultiInterfaceHardware]: No controller active in LOW_LEVEL_SERVOING mode !
[DEBUG] [1756718969.813067918] [KortexMultiInterfaceHardware]: No controller active in LOW_LEVEL_SERVOING mode !
[DEBUG] [1756718969.813342100] [KortexMultiInterfaceHardware]: No controller active in LOW_LEVEL_SERVOING mode !
[DEBUG] [1756718969.813754959] [KortexMultiInterfaceHardware]: No controller active in LOW_LEVEL_SERVOING mode !
[DEBUG] [1756718969.814276956] [KortexMultiInterfaceHardware]: No controller active in LOW_LEVEL_SERVOING mode !
[DEBUG] [1756718969.814557873] [KortexMultiInterfaceHardware]: No controller active in LOW_LEVEL_SERVOING mode !
[DEBUG] [1756718969.814856924] [KortexMultiInterfaceHardware]: No controller active in LOW_LEVEL_SERVOING mode !
[DEBUG] [1756718969.815072574] [KortexMultiInterfaceHardware]: No controller active in LOW_LEVEL_SERVOING mode !
[DEBUG] [1756718969.815355786] [KortexMultiInterfaceHardware]: No controller active in LOW_LEVEL_SERVOING mode !
[DEBUG] [1756718969.815579390] [KortexMultiInterfaceHardware]: No controller active in LOW_LEVEL_SERVOING mode !
[DEBUG] [1756718969.815893118] [KortexMultiInterfaceHardware]: No controller active in LOW_LEVEL_SERVOING mode !
[DEBUG] [1756718969.816179481] [KortexMultiInterfaceHardware]: No controller active in LOW_LEVEL_SERVOING mode !
[DEBUG] [1756718969.816401289] [KortexMultiInterfaceHardware]: No controller active in LOW_LEVEL_SERVOING mode !
[DEBUG] [1756718969.816612338] [KortexMultiInterfaceHardware]: No controller active in LOW_LEVEL_SERVOING mode !
[DEBUG] [1756718969.816925970] [KortexMultiInterfaceHardware]: No controller active in LOW_LEVEL_SERVOING mode !
[DEBUG] [1756718969.817181055] [KortexMultiInterfaceHardware]: No controller active in LOW_LEVEL_SERVOING mode !
[DEBUG] [1756718969.817396335] [KortexMultiInterfaceHardware]: No controller active in LOW_LEVEL_SERVOING mode !
[DEBUG] [1756718969.817617861] [KortexMultiInterfaceHardware]: No controller active in LOW_LEVEL_SERVOING mode !
[DEBUG] [1756718969.817901430] [KortexMultiInterfaceHardware]: No controller active in LOW_LEVEL_SERVOING mode !
[DEBUG] [1756718969.818097502] [KortexMultiInterfaceHardware]: No controller active in LOW_LEVEL_SERVOING mode !
[DEBUG] [1756718969.818363737] [KortexMultiInterfaceHardware]: No controller active in LOW_LEVEL_SERVOING mode !
[DEBUG] [1756718969.818621265] [KortexMultiInterfaceHardware]: No controller active in LOW_LEVEL_SERVOING mode !
[DEBUG] [1756718969.818922799] [KortexMultiInterfaceHardware]: No controller active in LOW_LEVEL_SERVOING mode !
[DEBUG] [1756718969.819218804] [KortexMultiInterfaceHardware]: No controller active in LOW_LEVEL_SERVOING mode !
[DEBUG] [1756718969.819431387] [KortexMultiInterfaceHardware]: No controller active in LOW_LEVEL_SERVOING mode !
[DEBUG] [1756718969.819634005] [KortexMultiInterfaceHardware]: No controller active in LOW_LEVEL_SERVOING mode !
[DEBUG] [1756718969.820215084] [KortexMultiInterfaceHardware]: No controller active in LOW_LEVEL_SERVOING mode !
[DEBUG] [1756718969.820508171] [KortexMultiInterfaceHardware]: No controller active in LOW_LEVEL_SERVOING mode !
[DEBUG] [1756718969.820787188] [KortexMultiInterfaceHardware]: No controller active in LOW_LEVEL_SERVOING mode !
[DEBUG] [1756718969.821053212] [KortexMultiInterfaceHardware]: No controller active in LOW_LEVEL_SERVOING mode !
[DEBUG] [1756718969.821311484] [KortexMultiInterfaceHardware]: No controller active in LOW_LEVEL_SERVOING mode !
[DEBUG] [1756718969.821596447] [KortexMultiInterfaceHardware]: No controller active in LOW_LEVEL_SERVOING mode !
[DEBUG] [1756718969.821888694] [KortexMultiInterfaceHardware]: No controller active in LOW_LEVEL_SERVOING mode !
[DEBUG] [1756718969.822201649] [KortexMultiInterfaceHardware]: No controller active in LOW_LEVEL_SERVOING mode !
[DEBUG] [1756718969.822416760] [KortexMultiInterfaceHardware]: No controller active in LOW_LEVEL_SERVOING mode !
[DEBUG] [1756718969.822606587] [KortexMultiInterfaceHardware]: No controller active in LOW_LEVEL_SERVOING mode !
[DEBUG] [1756718969.822896292] [KortexMultiInterfaceHardware]: No controller active in LOW_LEVEL_SERVOING mode !
[DEBUG] [1756718969.823219998] [KortexMultiInterfaceHardware]: No controller active in LOW_LEVEL_SERVOING mode !
[DEBUG] [1756718969.823408881] [KortexMultiInterfaceHardware]: No controller active in LOW_LEVEL_SERVOING mode !
[DEBUG] [1756718969.823596946] [KortexMultiInterfaceHardware]: No controller active in LOW_LEVEL_SERVOING mode !
[DEBUG] [1756718969.823887288] [KortexMultiInterfaceHardware]: No controller active in LOW_LEVEL_SERVOING mode !
[DEBUG] [1756718969.824122916] [KortexMultiInterfaceHardware]: No controller active in LOW_LEVEL_SERVOING mode !
[DEBUG] [1756718969.824338554] [KortexMultiInterfaceHardware]: No controller active in LOW_LEVEL_SERVOING mode !
[DEBUG] [1756718969.824619247] [KortexMultiInterfaceHardware]: No controller active in LOW_LEVEL_SERVOING mode !
[DEBUG] [1756718969.824877570] [KortexMultiInterfaceHardware]: No controller active in LOW_LEVEL_SERVOING mode !
[DEBUG] [1756718969.825098714] [KortexMultiInterfaceHardware]: No controller active in LOW_LEVEL_SERVOING mode !
[DEBUG] [1756718969.825349303] [KortexMultiInterfaceHardware]: No controller active in LOW_LEVEL_SERVOING mode !
[DEBUG] [1756718969.825589701] [KortexMultiInterfaceHardware]: No controller active in LOW_LEVEL_SERVOING mode !
[DEBUG] [1756718969.825862229] [KortexMultiInterfaceHardware]: No controller active in LOW_LEVEL_SERVOING mode !
[DEBUG] [1756718969.826080912] [KortexMultiInterfaceHardware]: No controller active in LOW_LEVEL_SERVOING mode !
[DEBUG] [1756718969.826298705] [KortexMultiInterfaceHardware]: No controller active in LOW_LEVEL_SERVOING mode !
[DEBUG] [1756718969.826545107] [KortexMultiInterfaceHardware]: No controller active in LOW_LEVEL_SERVOING mode !
[DEBUG] [1756718969.826799278] [KortexMultiInterfaceHardware]: No controller active in LOW_LEVEL_SERVOING mode !
[DEBUG] [1756718969.827040047] [KortexMultiInterfaceHardware]: No controller active in LOW_LEVEL_SERVOING mode !
[DEBUG] [1756718969.827276479] [KortexMultiInterfaceHardware]: No controller active in LOW_LEVEL_SERVOING mode !
[DEBUG] [1756718969.827518868] [KortexMultiInterfaceHardware]: No controller active in LOW_LEVEL_SERVOING mode !
[DEBUG] [1756718969.827790932] [KortexMultiInterfaceHardware]: No controller active in LOW_LEVEL_SERVOING mode !
[DEBUG] [1756718969.828015616] [KortexMultiInterfaceHardware]: No controller active in LOW_LEVEL_SERVOING mode !
[DEBUG] [1756718969.828273244] [KortexMultiInterfaceHardware]: No controller active in LOW_LEVEL_SERVOING mode !
[DEBUG] [1756718969.828541255] [KortexMultiInterfaceHardware]: No controller active in LOW_LEVEL_SERVOING mode !
[DEBUG] [1756718969.828784828] [KortexMultiInterfaceHardware]: No controller active in LOW_LEVEL_SERVOING mode !
[DEBUG] [1756718969.829013244] [KortexMultiInterfaceHardware]: No controller active in LOW_LEVEL_SERVOING mode !
[DEBUG] [1756718969.829258030] [KortexMultiInterfaceHardware]: No controller active in LOW_LEVEL_SERVOING mode !
[DEBUG] [1756718969.829518330] [KortexMultiInterfaceHardware]: No controller active in LOW_LEVEL_SERVOING mode !
[DEBUG] [1756718969.829782774] [KortexMultiInterfaceHardware]: No controller active in LOW_LEVEL_SERVOING mode !
[DEBUG] [1756718969.830128145] [KortexMultiInterfaceHardware]: No controller active in LOW_LEVEL_SERVOING mode !
[DEBUG] [1756718969.830338174] [KortexMultiInterfaceHardware]: No controller active in LOW_LEVEL_SERVOING mode !
[DEBUG] [1756718969.830594992] [KortexMultiInterfaceHardware]: No controller active in LOW_LEVEL_SERVOING mode !
[DEBUG] [1756718969.831179378] [KortexMultiInterfaceHardware]: No controller active in LOW_LEVEL_SERVOING mode !
[DEBUG] [1756718969.831425119] [KortexMultiInterfaceHardware]: No controller active in LOW_LEVEL_SERVOING mode !
[DEBUG] [1756718969.831689664] [KortexMultiInterfaceHardware]: No controller active in LOW_LEVEL_SERVOING mode !
[DEBUG] [1756718969.832000262] [KortexMultiInterfaceHardware]: No controller active in LOW_LEVEL_SERVOING mode !
[DEBUG] [1756718969.832280681] [KortexMultiInterfaceHardware]: No controller active in LOW_LEVEL_SERVOING mode !
[DEBUG] [1756718969.832521563] [KortexMultiInterfaceHardware]: No controller active in LOW_LEVEL_SERVOING mode !
[DEBUG] [1756718969.832777037] [KortexMultiInterfaceHardware]: No controller active in LOW_LEVEL_SERVOING mode !
[DEBUG] [1756718969.833051590] [KortexMultiInterfaceHardware]: No controller active in LOW_LEVEL_SERVOING mode !
[DEBUG] [1756718969.833278798] [KortexMultiInterfaceHardware]: No controller active in LOW_LEVEL_SERVOING mode !
[DEBUG] [1756718969.833571772] [KortexMultiInterfaceHardware]: No controller active in LOW_LEVEL_SERVOING mode !
[DEBUG] [1756718969.833826706] [KortexMultiInterfaceHardware]: No controller active in LOW_LEVEL_SERVOING mode !
[DEBUG] [1756718969.834084445] [KortexMultiInterfaceHardware]: No controller active in LOW_LEVEL_SERVOING mode !
[DEBUG] [1756718969.834323907] [KortexMultiInterfaceHardware]: No controller active in LOW_LEVEL_SERVOING mode !
[DEBUG] [1756718969.834584281] [KortexMultiInterfaceHardware]: No controller active in LOW_LEVEL_SERVOING mode !
[DEBUG] [1756718969.834868225] [KortexMultiInterfaceHardware]: No controller active in LOW_LEVEL_SERVOING mode !
[DEBUG] [1756718969.835141042] [KortexMultiInterfaceHardware]: No controller active in LOW_LEVEL_SERVOING mode !
[DEBUG] [1756718969.835334378] [KortexMultiInterfaceHardware]: No controller active in LOW_LEVEL_SERVOING mode !
[DEBUG] [1756718969.835651333] [KortexMultiInterfaceHardware]: No controller active in LOW_LEVEL_SERVOING mode !
[DEBUG] [1756718969.835864972] [KortexMultiInterfaceHardware]: No controller active in LOW_LEVEL_SERVOING mode !
[DEBUG] [1756718969.836095622] [KortexMultiInterfaceHardware]: No controller active in LOW_LEVEL_SERVOING mode !
[DEBUG] [1756718969.836313260] [KortexMultiInterfaceHardware]: No controller active in LOW_LEVEL_SERVOING mode !
[DEBUG] [1756718969.836585263] [KortexMultiInterfaceHardware]: No controller active in LOW_LEVEL_SERVOING mode !
[DEBUG] [1756718969.836903090] [KortexMultiInterfaceHardware]: No controller active in LOW_LEVEL_SERVOING mode !
[DEBUG] [1756718969.837252444] [KortexMultiInterfaceHardware]: No controller active in LOW_LEVEL_SERVOING mode !
[DEBUG] [1756718969.837466006] [KortexMultiInterfaceHardware]: No controller active in LOW_LEVEL_SERVOING mode !
[DEBUG] [1756718969.837713858] [KortexMultiInterfaceHardware]: No controller active in LOW_LEVEL_SERVOING mode !
[DEBUG] [1756718969.838236695] [KortexMultiInterfaceHardware]: No controller active in LOW_LEVEL_SERVOING mode !
[DEBUG] [1756718969.838570371] [KortexMultiInterfaceHardware]: No controller active in LOW_LEVEL_SERVOING mode !
[DEBUG] [1756718969.839194815] [KortexMultiInterfaceHardware]: No controller active in LOW_LEVEL_SERVOING mode !
[DEBUG] [1756718969.839435759] [KortexMultiInterfaceHardware]: No controller active in LOW_LEVEL_SERVOING mode !
[DEBUG] [1756718969.839703237] [KortexMultiInterfaceHardware]: No controller active in LOW_LEVEL_SERVOING mode !
[DEBUG] [1756718969.840004315] [KortexMultiInterfaceHardware]: No controller active in LOW_LEVEL_SERVOING mode !
[DEBUG] [1756718969.840274379] [KortexMultiInterfaceHardware]: No controller active in LOW_LEVEL_SERVOING mode !
[DEBUG] [1756718969.840512823] [KortexMultiInterfaceHardware]: No controller active in LOW_LEVEL_SERVOING mode !
[DEBUG] [1756718969.840770314] [KortexMultiInterfaceHardware]: No controller active in LOW_LEVEL_SERVOING mode !
[DEBUG] [1756718969.841012511] [KortexMultiInterfaceHardware]: No controller active in LOW_LEVEL_SERVOING mode !
[DEBUG] [1756718969.841267579] [KortexMultiInterfaceHardware]: No controller active in LOW_LEVEL_SERVOING mode !
[DEBUG] [1756718969.841543643] [KortexMultiInterfaceHardware]: No controller active in LOW_LEVEL_SERVOING mode !
[DEBUG] [1756718969.841834627] [KortexMultiInterfaceHardware]: No controller active in LOW_LEVEL_SERVOING mode !
[DEBUG] [1756718969.842147136] [KortexMultiInterfaceHardware]: No controller active in LOW_LEVEL_SERVOING mode !
[DEBUG] [1756718969.842338408] [KortexMultiInterfaceHardware]: No controller active in LOW_LEVEL_SERVOING mode !
[DEBUG] [1756718969.842609423] [KortexMultiInterfaceHardware]: No controller active in LOW_LEVEL_SERVOING mode !
[DEBUG] [1756718969.842900049] [KortexMultiInterfaceHardware]: No controller active in LOW_LEVEL_SERVOING mode !
[DEBUG] [1756718969.843094976] [KortexMultiInterfaceHardware]: No controller active in LOW_LEVEL_SERVOING mode !
[DEBUG] [1756718969.843321947] [KortexMultiInterfaceHardware]: No controller active in LOW_LEVEL_SERVOING mode !
[DEBUG] [1756718969.843605552] [KortexMultiInterfaceHardware]: No controller active in LOW_LEVEL_SERVOING mode !
[DEBUG] [1756718969.843871651] [KortexMultiInterfaceHardware]: No controller active in LOW_LEVEL_SERVOING mode !
[DEBUG] [1756718969.844124023] [KortexMultiInterfaceHardware]: No controller active in LOW_LEVEL_SERVOING mode !
[DEBUG] [1756718969.844352754] [KortexMultiInterfaceHardware]: No controller active in LOW_LEVEL_SERVOING mode !
[DEBUG] [1756718969.844612999] [KortexMultiInterfaceHardware]: No controller active in LOW_LEVEL_SERVOING mode !
[DEBUG] [1756718969.844898512] [KortexMultiInterfaceHardware]: No controller active in LOW_LEVEL_SERVOING mode !
[DEBUG] [1756718969.845114463] [KortexMultiInterfaceHardware]: No controller active in LOW_LEVEL_SERVOING mode !
[DEBUG] [1756718969.845328900] [KortexMultiInterfaceHardware]: No controller active in LOW_LEVEL_SERVOING mode !
[DEBUG] [1756718969.845796018] [KortexMultiInterfaceHardware]: No controller active in LOW_LEVEL_SERVOING mode !
[DEBUG] [1756718969.846263115] [KortexMultiInterfaceHardware]: No controller active in LOW_LEVEL_SERVOING mode !
[DEBUG] [1756718969.846541427] [KortexMultiInterfaceHardware]: No controller active in LOW_LEVEL_SERVOING mode !
[DEBUG] [1756718969.846859423] [KortexMultiInterfaceHardware]: No controller active in LOW_LEVEL_SERVOING mode !
[DEBUG] [1756718969.847287773] [KortexMultiInterfaceHardware]: No controller active in LOW_LEVEL_SERVOING mode !
[DEBUG] [1756718969.847524356] [KortexMultiInterfaceHardware]: No controller active in LOW_LEVEL_SERVOING mode !
[DEBUG] [1756718969.848029132] [KortexMultiInterfaceHardware]: No controller active in LOW_LEVEL_SERVOING mode !
[DEBUG] [1756718969.848299025] [KortexMultiInterfaceHardware]: No controller active in LOW_LEVEL_SERVOING mode !
[DEBUG] [1756718969.848538644] [KortexMultiInterfaceHardware]: No controller active in LOW_LEVEL_SERVOING mode !
[DEBUG] [1756718969.848790847] [KortexMultiInterfaceHardware]: No controller active in LOW_LEVEL_SERVOING mode !
[DEBUG] [1756718969.849040778] [KortexMultiInterfaceHardware]: No controller active in LOW_LEVEL_SERVOING mode !
[DEBUG] [1756718969.849287428] [KortexMultiInterfaceHardware]: No controller active in LOW_LEVEL_SERVOING mode !
[DEBUG] [1756718969.849557294] [KortexMultiInterfaceHardware]: No controller active in LOW_LEVEL_SERVOING mode !
[DEBUG] [1756718969.849826814] [KortexMultiInterfaceHardware]: No controller active in LOW_LEVEL_SERVOING mode !
[DEBUG] [1756718969.850082392] [KortexMultiInterfaceHardware]: No controller active in LOW_LEVEL_SERVOING mode !
[DEBUG] [1756718969.850323217] [KortexMultiInterfaceHardware]: No controller active in LOW_LEVEL_SERVOING mode !
[DEBUG] [1756718969.850596106] [KortexMultiInterfaceHardware]: No controller active in LOW_LEVEL_SERVOING mode !
[DEBUG] [1756718969.850900225] [KortexMultiInterfaceHardware]: No controller active in LOW_LEVEL_SERVOING mode !
[DEBUG] [1756718969.851115057] [KortexMultiInterfaceHardware]: No controller active in LOW_LEVEL_SERVOING mode !
[DEBUG] [1756718969.851334850] [KortexMultiInterfaceHardware]: No controller active in LOW_LEVEL_SERVOING mode !
[DEBUG] [1756718969.851609129] [KortexMultiInterfaceHardware]: No controller active in LOW_LEVEL_SERVOING mode !
[DEBUG] [1756718969.851882338] [KortexMultiInterfaceHardware]: No controller active in LOW_LEVEL_SERVOING mode !
[DEBUG] [1756718969.852171265] [KortexMultiInterfaceHardware]: No controller active in LOW_LEVEL_SERVOING mode !
[DEBUG] [1756718969.852380713] [KortexMultiInterfaceHardware]: No controller active in LOW_LEVEL_SERVOING mode !
[DEBUG] [1756718969.852596420] [KortexMultiInterfaceHardware]: No controller active in LOW_LEVEL_SERVOING mode !
[DEBUG] [1756718969.852876263] [KortexMultiInterfaceHardware]: No controller active in LOW_LEVEL_SERVOING mode !
[DEBUG] [1756718969.853086939] [KortexMultiInterfaceHardware]: No controller active in LOW_LEVEL_SERVOING mode !
[DEBUG] [1756718969.853325077] [KortexMultiInterfaceHardware]: No controller active in LOW_LEVEL_SERVOING mode !
[DEBUG] [1756718969.853583330] [KortexMultiInterfaceHardware]: No controller active in LOW_LEVEL_SERVOING mode !
[DEBUG] [1756718969.853834872] [KortexMultiInterfaceHardware]: No controller active in LOW_LEVEL_SERVOING mode !
[DEBUG] [1756718969.854122110] [KortexMultiInterfaceHardware]: No controller active in LOW_LEVEL_SERVOING mode !
[DEBUG] [1756718969.854338057] [KortexMultiInterfaceHardware]: No controller active in LOW_LEVEL_SERVOING mode !
[DEBUG] [1756718969.854621445] [KortexMultiInterfaceHardware]: No controller active in LOW_LEVEL_SERVOING mode !
[DEBUG] [1756718969.854862910] [KortexMultiInterfaceHardware]: No controller active in LOW_LEVEL_SERVOING mode !
[DEBUG] [1756718969.855075079] [KortexMultiInterfaceHardware]: No controller active in LOW_LEVEL_SERVOING mode !
[DEBUG] [1756718969.855322418] [KortexMultiInterfaceHardware]: No controller active in LOW_LEVEL_SERVOING mode !
[DEBUG] [1756718969.855579564] [KortexMultiInterfaceHardware]: No controller active in LOW_LEVEL_SERVOING mode !
[DEBUG] [1756718969.855869578] [KortexMultiInterfaceHardware]: No controller active in LOW_LEVEL_SERVOING mode !
[DEBUG] [1756718969.856111869] [KortexMultiInterfaceHardware]: No controller active in LOW_LEVEL_SERVOING mode !
[DEBUG] [1756718969.856342678] [KortexMultiInterfaceHardware]: No controller active in LOW_LEVEL_SERVOING mode !
[DEBUG] [1756718969.856609861] [KortexMultiInterfaceHardware]: No controller active in LOW_LEVEL_SERVOING mode !
[DEBUG] [1756718969.856863228] [KortexMultiInterfaceHardware]: No controller active in LOW_LEVEL_SERVOING mode !
[DEBUG] [1756718969.857113976] [KortexMultiInterfaceHardware]: No controller active in LOW_LEVEL_SERVOING mode !
[DEBUG] [1756718969.857339484] [KortexMultiInterfaceHardware]: No controller active in LOW_LEVEL_SERVOING mode !
[DEBUG] [1756718969.857620441] [KortexMultiInterfaceHardware]: No controller active in LOW_LEVEL_SERVOING mode !
[DEBUG] [1756718969.858234073] [KortexMultiInterfaceHardware]: No controller active in LOW_LEVEL_SERVOING mode !
[DEBUG] [1756718969.858588018] [KortexMultiInterfaceHardware]: No controller active in LOW_LEVEL_SERVOING mode !
[DEBUG] [1756718969.858888251] [KortexMultiInterfaceHardware]: No controller active in LOW_LEVEL_SERVOING mode !
[DEBUG] [1756718969.859184351] [KortexMultiInterfaceHardware]: No controller active in LOW_LEVEL_SERVOING mode !
[DEBUG] [1756718969.859381127] [KortexMultiInterfaceHardware]: No controller active in LOW_LEVEL_SERVOING mode !
[DEBUG] [1756718969.860061519] [KortexMultiInterfaceHardware]: No controller active in LOW_LEVEL_SERVOING mode !
[DEBUG] [1756718969.860323354] [KortexMultiInterfaceHardware]: No controller active in LOW_LEVEL_SERVOING mode !
[DEBUG] [1756718969.860655040] [KortexMultiInterfaceHardware]: No controller active in LOW_LEVEL_SERVOING mode !
[DEBUG] [1756718969.860874245] [KortexMultiInterfaceHardware]: No controller active in LOW_LEVEL_SERVOING mode !
[DEBUG] [1756718969.861110273] [KortexMultiInterfaceHardware]: No controller active in LOW_LEVEL_SERVOING mode !
[DEBUG] [1756718969.861339675] [KortexMultiInterfaceHardware]: No controller active in LOW_LEVEL_SERVOING mode !
[DEBUG] [1756718969.861939416] [KortexMultiInterfaceHardware]: No controller active in LOW_LEVEL_SERVOING mode !
[DEBUG] [1756718969.862288235] [KortexMultiInterfaceHardware]: No controller active in LOW_LEVEL_SERVOING mode !
[DEBUG] [1756718969.862582392] [KortexMultiInterfaceHardware]: No controller active in LOW_LEVEL_SERVOING mode !
[DEBUG] [1756718969.862908764] [KortexMultiInterfaceHardware]: No controller active in LOW_LEVEL_SERVOING mode !
[DEBUG] [1756718969.863106529] [KortexMultiInterfaceHardware]: No controller active in LOW_LEVEL_SERVOING mode !
[DEBUG] [1756718969.863355270] [KortexMultiInterfaceHardware]: No controller active in LOW_LEVEL_SERVOING mode !
[DEBUG] [1756718969.863821800] [KortexMultiInterfaceHardware]: No controller active in LOW_LEVEL_SERVOING mode !
[DEBUG] [1756718969.864324816] [KortexMultiInterfaceHardware]: No controller active in LOW_LEVEL_SERVOING mode !
[DEBUG] [1756718969.865008972] [KortexMultiInterfaceHardware]: No controller active in LOW_LEVEL_SERVOING mode !
[DEBUG] [1756718969.865280525] [KortexMultiInterfaceHardware]: No controller active in LOW_LEVEL_SERVOING mode !
[DEBUG] [1756718969.865540952] [KortexMultiInterfaceHardware]: No controller active in LOW_LEVEL_SERVOING mode !
[DEBUG] [1756718969.865840775] [KortexMultiInterfaceHardware]: No controller active in LOW_LEVEL_SERVOING mode !
[DEBUG] [1756718969.866184931] [KortexMultiInterfaceHardware]: No controller active in LOW_LEVEL_SERVOING mode !
[DEBUG] [1756718969.866413709] [KortexMultiInterfaceHardware]: No controller active in LOW_LEVEL_SERVOING mode !
[DEBUG] [1756718969.866618786] [KortexMultiInterfaceHardware]: No controller active in LOW_LEVEL_SERVOING mode !
[DEBUG] [1756718969.866913691] [KortexMultiInterfaceHardware]: No controller active in LOW_LEVEL_SERVOING mode !
[DEBUG] [1756718969.867113571] [KortexMultiInterfaceHardware]: No controller active in LOW_LEVEL_SERVOING mode !
[DEBUG] [1756718969.867338474] [KortexMultiInterfaceHardware]: No controller active in LOW_LEVEL_SERVOING mode !
[DEBUG] [1756718969.867616131] [KortexMultiInterfaceHardware]: No controller active in LOW_LEVEL_SERVOING mode !
[DEBUG] [1756718969.868235360] [KortexMultiInterfaceHardware]: No controller active in LOW_LEVEL_SERVOING mode !
[DEBUG] [1756718969.868528483] [KortexMultiInterfaceHardware]: No controller active in LOW_LEVEL_SERVOING mode !
[DEBUG] [1756718969.868809947] [KortexMultiInterfaceHardware]: No controller active in LOW_LEVEL_SERVOING mode !
[DEBUG] [1756718969.869119529] [KortexMultiInterfaceHardware]: No controller active in LOW_LEVEL_SERVOING mode !
[DEBUG] [1756718969.869348151] [KortexMultiInterfaceHardware]: No controller active in LOW_LEVEL_SERVOING mode !
[DEBUG] [1756718969.869628858] [KortexMultiInterfaceHardware]: No controller active in LOW_LEVEL_SERVOING mode !
[DEBUG] [1756718969.869881965] [KortexMultiInterfaceHardware]: No controller active in LOW_LEVEL_SERVOING mode !
[DEBUG] [1756718969.870105465] [KortexMultiInterfaceHardware]: No controller active in LOW_LEVEL_SERVOING mode !
[DEBUG] [1756718969.870337560] [KortexMultiInterfaceHardware]: No controller active in LOW_LEVEL_SERVOING mode !
[DEBUG] [1756718969.870581580] [KortexMultiInterfaceHardware]: No controller active in LOW_LEVEL_SERVOING mode !
[DEBUG] [1756718969.870841332] [KortexMultiInterfaceHardware]: No controller active in LOW_LEVEL_SERVOING mode !
[DEBUG] [1756718969.871081476] [KortexMultiInterfaceHardware]: No controller active in LOW_LEVEL_SERVOING mode !
[DEBUG] [1756718969.871317713] [KortexMultiInterfaceHardware]: No controller active in LOW_LEVEL_SERVOING mode !
[DEBUG] [1756718969.871610504] [KortexMultiInterfaceHardware]: No controller active in LOW_LEVEL_SERVOING mode !
[DEBUG] [1756718969.871880574] [KortexMultiInterfaceHardware]: No controller active in LOW_LEVEL_SERVOING mode !
[DEBUG] [1756718969.872110771] [KortexMultiInterfaceHardware]: No controller active in LOW_LEVEL_SERVOING mode !
[DEBUG] [1756718969.872328557] [KortexMultiInterfaceHardware]: No controller active in LOW_LEVEL_SERVOING mode !
[DEBUG] [1756718969.872615481] [KortexMultiInterfaceHardware]: No controller active in LOW_LEVEL_SERVOING mode !
[DEBUG] [1756718969.872872707] [KortexMultiInterfaceHardware]: No controller active in LOW_LEVEL_SERVOING mode !
[DEBUG] [1756718969.873248893] [KortexMultiInterfaceHardware]: No controller active in LOW_LEVEL_SERVOING mode !
[DEBUG] [1756718969.873469697] [KortexMultiInterfaceHardware]: No controller active in LOW_LEVEL_SERVOING mode !
[DEBUG] [1756718969.873713379] [KortexMultiInterfaceHardware]: No controller active in LOW_LEVEL_SERVOING mode !
[DEBUG] [1756718969.873882719] [KortexMultiInterfaceHardware]: No controller active in LOW_LEVEL_SERVOING mode !
[DEBUG] [1756718969.874208206] [KortexMultiInterfaceHardware]: No controller active in LOW_LEVEL_SERVOING mode !
[DEBUG] [1756718969.874405433] [KortexMultiInterfaceHardware]: No controller active in LOW_LEVEL_SERVOING mode !
[DEBUG] [1756718969.874610609] [KortexMultiInterfaceHardware]: No controller active in LOW_LEVEL_SERVOING mode !
[DEBUG] [1756718969.874894797] [KortexMultiInterfaceHardware]: No controller active in LOW_LEVEL_SERVOING mode !
[DEBUG] [1756718969.875112912] [KortexMultiInterfaceHardware]: No controller active in LOW_LEVEL_SERVOING mode !
[DEBUG] [1756718969.875337902] [KortexMultiInterfaceHardware]: No controller active in LOW_LEVEL_SERVOING mode !
[DEBUG] [1756718969.875583545] [KortexMultiInterfaceHardware]: No controller active in LOW_LEVEL_SERVOING mode !
[DEBUG] [1756718969.875841689] [KortexMultiInterfaceHardware]: No controller active in LOW_LEVEL_SERVOING mode !
[DEBUG] [1756718969.876203119] [KortexMultiInterfaceHardware]: No controller active in LOW_LEVEL_SERVOING mode !
[DEBUG] [1756718969.876398901] [KortexMultiInterfaceHardware]: No controller active in LOW_LEVEL_SERVOING mode !
[DEBUG] [1756718969.876611212] [KortexMultiInterfaceHardware]: No controller active in LOW_LEVEL_SERVOING mode !
[DEBUG] [1756718969.876846300] [KortexMultiInterfaceHardware]: No controller active in LOW_LEVEL_SERVOING mode !
[DEBUG] [1756718969.877116163] [KortexMultiInterfaceHardware]: No controller active in LOW_LEVEL_SERVOING mode !
[DEBUG] [1756718969.877356153] [KortexMultiInterfaceHardware]: No controller active in LOW_LEVEL_SERVOING mode !
[DEBUG] [1756718969.877616921] [KortexMultiInterfaceHardware]: No controller active in LOW_LEVEL_SERVOING mode !
[DEBUG] [1756718969.877895710] [KortexMultiInterfaceHardware]: No controller active in LOW_LEVEL_SERVOING mode !
[DEBUG] [1756718969.878178995] [KortexMultiInterfaceHardware]: No controller active in LOW_LEVEL_SERVOING mode !
[DEBUG] [1756718969.878386255] [KortexMultiInterfaceHardware]: No controller active in LOW_LEVEL_SERVOING mode !
[DEBUG] [1756718969.878974605] [KortexMultiInterfaceHardware]: No controller active in LOW_LEVEL_SERVOING mode !
[DEBUG] [1756718969.879291503] [KortexMultiInterfaceHardware]: No controller active in LOW_LEVEL_SERVOING mode !
[DEBUG] [1756718969.879642929] [KortexMultiInterfaceHardware]: No controller active in LOW_LEVEL_SERVOING mode !
[DEBUG] [1756718969.879897537] [KortexMultiInterfaceHardware]: No controller active in LOW_LEVEL_SERVOING mode !
[DEBUG] [1756718969.880103032] [KortexMultiInterfaceHardware]: No controller active in LOW_LEVEL_SERVOING mode !
[DEBUG] [1756718969.880347518] [KortexMultiInterfaceHardware]: No controller active in LOW_LEVEL_SERVOING mode !
[DEBUG] [1756718969.880587284] [KortexMultiInterfaceHardware]: No controller active in LOW_LEVEL_SERVOING mode !
[DEBUG] [1756718969.880853081] [KortexMultiInterfaceHardware]: No controller active in LOW_LEVEL_SERVOING mode !
[DEBUG] [1756718969.881083468] [KortexMultiInterfaceHardware]: No controller active in LOW_LEVEL_SERVOING mode !
[DEBUG] [1756718969.881327404] [KortexMultiInterfaceHardware]: No controller active in LOW_LEVEL_SERVOING mode !
[DEBUG] [1756718969.881602663] [KortexMultiInterfaceHardware]: No controller active in LOW_LEVEL_SERVOING mode !
[DEBUG] [1756718969.881916637] [KortexMultiInterfaceHardware]: No controller active in LOW_LEVEL_SERVOING mode !
[DEBUG] [1756718969.882110418] [KortexMultiInterfaceHardware]: No controller active in LOW_LEVEL_SERVOING mode !
[DEBUG] [1756718969.882473159] [KortexMultiInterfaceHardware]: No controller active in LOW_LEVEL_SERVOING mode !
[DEBUG] [1756718969.882644376] [KortexMultiInterfaceHardware]: No controller active in LOW_LEVEL_SERVOING mode !
[DEBUG] [1756718969.883030312] [KortexMultiInterfaceHardware]: No controller active in LOW_LEVEL_SERVOING mode !
[DEBUG] [1756718969.883245816] [KortexMultiInterfaceHardware]: No controller active in LOW_LEVEL_SERVOING mode !
[DEBUG] [1756718969.883560668] [KortexMultiInterfaceHardware]: No controller active in LOW_LEVEL_SERVOING mode !
[DEBUG] [1756718969.884055670] [KortexMultiInterfaceHardware]: No controller active in LOW_LEVEL_SERVOING mode !
[DEBUG] [1756718969.884363757] [KortexMultiInterfaceHardware]: No controller active in LOW_LEVEL_SERVOING mode !
[DEBUG] [1756718969.884658753] [KortexMultiInterfaceHardware]: No controller active in LOW_LEVEL_SERVOING mode !
[DEBUG] [1756718969.884901358] [KortexMultiInterfaceHardware]: No controller active in LOW_LEVEL_SERVOING mode !
[DEBUG] [1756718969.885137667] [KortexMultiInterfaceHardware]: No controller active in LOW_LEVEL_SERVOING mode !
[DEBUG] [1756718969.885342901] [KortexMultiInterfaceHardware]: No controller active in LOW_LEVEL_SERVOING mode !
[DEBUG] [1756718969.885607297] [KortexMultiInterfaceHardware]: No controller active in LOW_LEVEL_SERVOING mode !
[DEBUG] [1756718969.885876759] [KortexMultiInterfaceHardware]: No controller active in LOW_LEVEL_SERVOING mode !
[DEBUG] [1756718969.886113801] [KortexMultiInterfaceHardware]: No controller active in LOW_LEVEL_SERVOING mode !
[DEBUG] [1756718969.886353940] [KortexMultiInterfaceHardware]: No controller active in LOW_LEVEL_SERVOING mode !
[DEBUG] [1756718969.886618138] [KortexMultiInterfaceHardware]: No controller active in LOW_LEVEL_SERVOING mode !
[DEBUG] [1756718969.886912031] [KortexMultiInterfaceHardware]: No controller active in LOW_LEVEL_SERVOING mode !
[DEBUG] [1756718969.887115362] [KortexMultiInterfaceHardware]: No controller active in LOW_LEVEL_SERVOING mode !
[DEBUG] [1756718969.887368655] [KortexMultiInterfaceHardware]: No controller active in LOW_LEVEL_SERVOING mode !
[DEBUG] [1756718969.887627364] [KortexMultiInterfaceHardware]: No controller active in LOW_LEVEL_SERVOING mode !
[DEBUG] [1756718969.887914328] [KortexMultiInterfaceHardware]: No controller active in LOW_LEVEL_SERVOING mode !
[DEBUG] [1756718969.888192532] [KortexMultiInterfaceHardware]: No controller active in LOW_LEVEL_SERVOING mode !
[DEBUG] [1756718969.888450886] [KortexMultiInterfaceHardware]: No controller active in LOW_LEVEL_SERVOING mode !
[DEBUG] [1756718969.888654045] [KortexMultiInterfaceHardware]: No controller active in LOW_LEVEL_SERVOING mode !
[DEBUG] [1756718969.888907784] [KortexMultiInterfaceHardware]: No controller active in LOW_LEVEL_SERVOING mode !
[DEBUG] [1756718969.889115634] [KortexMultiInterfaceHardware]: No controller active in LOW_LEVEL_SERVOING mode !
[DEBUG] [1756718969.889357775] [KortexMultiInterfaceHardware]: No controller active in LOW_LEVEL_SERVOING mode !
[DEBUG] [1756718969.889609092] [KortexMultiInterfaceHardware]: No controller active in LOW_LEVEL_SERVOING mode !
[DEBUG] [1756718969.889884399] [KortexMultiInterfaceHardware]: No controller active in LOW_LEVEL_SERVOING mode !
[DEBUG] [1756718969.890148131] [KortexMultiInterfaceHardware]: No controller active in LOW_LEVEL_SERVOING mode !
[DEBUG] [1756718969.890335683] [KortexMultiInterfaceHardware]: No controller active in LOW_LEVEL_SERVOING mode !
[DEBUG] [1756718969.890599011] [KortexMultiInterfaceHardware]: No controller active in LOW_LEVEL_SERVOING mode !
[DEBUG] [1756718969.890864013] [KortexMultiInterfaceHardware]: No controller active in LOW_LEVEL_SERVOING mode !
[DEBUG] [1756718969.891085109] [KortexMultiInterfaceHardware]: No controller active in LOW_LEVEL_SERVOING mode !
[DEBUG] [1756718969.891329818] [KortexMultiInterfaceHardware]: No controller active in LOW_LEVEL_SERVOING mode !
[DEBUG] [1756718969.891595896] [KortexMultiInterfaceHardware]: No controller active in LOW_LEVEL_SERVOING mode !
[DEBUG] [1756718969.891872322] [KortexMultiInterfaceHardware]: No controller active in LOW_LEVEL_SERVOING mode !
[DEBUG] [1756718969.892078202] [KortexMultiInterfaceHardware]: No controller active in LOW_LEVEL_SERVOING mode !
[DEBUG] [1756718969.892300016] [KortexMultiInterfaceHardware]: No controller active in LOW_LEVEL_SERVOING mode !
[DEBUG] [1756718969.892516516] [KortexMultiInterfaceHardware]: No controller active in LOW_LEVEL_SERVOING mode !
[DEBUG] [1756718969.892759265] [KortexMultiInterfaceHardware]: No controller active in LOW_LEVEL_SERVOING mode !
[DEBUG] [1756718969.893034594] [KortexMultiInterfaceHardware]: No controller active in LOW_LEVEL_SERVOING mode !
[DEBUG] [1756718969.893258237] [KortexMultiInterfaceHardware]: No controller active in LOW_LEVEL_SERVOING mode !
[DEBUG] [1756718969.893514167] [KortexMultiInterfaceHardware]: No controller active in LOW_LEVEL_SERVOING mode !
[DEBUG] [1756718969.893760584] [KortexMultiInterfaceHardware]: No controller active in LOW_LEVEL_SERVOING mode !
[DEBUG] [1756718969.894057393] [KortexMultiInterfaceHardware]: No controller active in LOW_LEVEL_SERVOING mode !
[DEBUG] [1756718969.894286460] [KortexMultiInterfaceHardware]: No controller active in LOW_LEVEL_SERVOING mode !
[DEBUG] [1756718969.894539989] [KortexMultiInterfaceHardware]: No controller active in LOW_LEVEL_SERVOING mode !
[DEBUG] [1756718969.894801511] [KortexMultiInterfaceHardware]: No controller active in LOW_LEVEL_SERVOING mode !
[DEBUG] [1756718969.895031415] [KortexMultiInterfaceHardware]: No controller active in LOW_LEVEL_SERVOING mode !
[DEBUG] [1756718969.895282032] [KortexMultiInterfaceHardware]: No controller active in LOW_LEVEL_SERVOING mode !
[DEBUG] [1756718969.895537668] [KortexMultiInterfaceHardware]: No controller active in LOW_LEVEL_SERVOING mode !
[DEBUG] [1756718969.895790476] [KortexMultiInterfaceHardware]: No controller active in LOW_LEVEL_SERVOING mode !
[DEBUG] [1756718969.896087384] [KortexMultiInterfaceHardware]: No controller active in LOW_LEVEL_SERVOING mode !
[DEBUG] [1756718969.903343619] [KortexMultiInterfaceHardware]: No controller active in LOW_LEVEL_SERVOING mode !
[DEBUG] [1756718969.904113815] [KortexMultiInterfaceHardware]: No controller active in LOW_LEVEL_SERVOING mode !
[DEBUG] [1756718969.913332657] [KortexMultiInterfaceHardware]: No controller active in LOW_LEVEL_SERVOING mode !
[DEBUG] [1756718969.913702125] [KortexMultiInterfaceHardware]: No controller active in LOW_LEVEL_SERVOING mode !
[DEBUG] [1756718969.923340363] [KortexMultiInterfaceHardware]: No controller active in LOW_LEVEL_SERVOING mode !
[DEBUG] [1756718969.923687742] [KortexMultiInterfaceHardware]: No controller active in LOW_LEVEL_SERVOING mode !
[DEBUG] [1756718969.933311201] [KortexMultiInterfaceHardware]: No controller active in LOW_LEVEL_SERVOING mode !
[DEBUG] [1756718969.933947409] [KortexMultiInterfaceHardware]: No controller active in LOW_LEVEL_SERVOING mode !
[DEBUG] [1756718969.943338244] [KortexMultiInterfaceHardware]: No controller active in LOW_LEVEL_SERVOING mode !
[DEBUG] [1756718969.943715486] [KortexMultiInterfaceHardware]: No controller active in LOW_LEVEL_SERVOING mode !
[DEBUG] [1756718969.953329768] [KortexMultiInterfaceHardware]: No controller active in LOW_LEVEL_SERVOING mode !
[DEBUG] [1756718969.953691940] [KortexMultiInterfaceHardware]: No controller active in LOW_LEVEL_SERVOING mode !
[DEBUG] [1756718969.963374831] [KortexMultiInterfaceHardware]: No controller active in LOW_LEVEL_SERVOING mode !
[DEBUG] [1756718969.964112206] [KortexMultiInterfaceHardware]: No controller active in LOW_LEVEL_SERVOING mode !
[DEBUG] [1756718969.973426008] [KortexMultiInterfaceHardware]: No controller active in LOW_LEVEL_SERVOING mode !
[DEBUG] [1756718969.974173077] [KortexMultiInterfaceHardware]: No controller active in LOW_LEVEL_SERVOING mode !
[DEBUG] [1756718969.983476769] [KortexMultiInterfaceHardware]: No controller active in LOW_LEVEL_SERVOING mode !
[DEBUG] [1756718969.984258040] [KortexMultiInterfaceHardware]: No controller active in LOW_LEVEL_SERVOING mode !
[DEBUG] [1756718969.993435052] [KortexMultiInterfaceHardware]: No controller active in LOW_LEVEL_SERVOING mode !
[DEBUG] [1756718969.994039889] [KortexMultiInterfaceHardware]: No controller active in LOW_LEVEL_SERVOING mode !
[DEBUG] [1756718970.003427718] [KortexMultiInterfaceHardware]: No controller active in LOW_LEVEL_SERVOING mode !
[DEBUG] [1756718970.003704206] [KortexMultiInterfaceHardware]: No controller active in LOW_LEVEL_SERVOING mode !
[DEBUG] [1756718970.013451852] [KortexMultiInterfaceHardware]: No controller active in LOW_LEVEL_SERVOING mode !
[DEBUG] [1756718970.014122249] [KortexMultiInterfaceHardware]: No controller active in LOW_LEVEL_SERVOING mode !
[INFO] [1756718970.018119502] [controller_manager]: Loading controller 'joint_state_broadcaster'
[DEBUG] [1756718970.023381972] [KortexMultiInterfaceHardware]: No controller active in LOW_LEVEL_SERVOING mode !
[DEBUG] [1756718970.024154955] [KortexMultiInterfaceHardware]: No controller active in LOW_LEVEL_SERVOING mode !
[INFO] [1756718970.033206576] [controller_manager]: Loading controller 'right_joint_trajectory_controller'
[DEBUG] [1756718970.033338901] [KortexMultiInterfaceHardware]: No controller active in LOW_LEVEL_SERVOING mode !
[DEBUG] [1756718970.033719725] [KortexMultiInterfaceHardware]: No controller active in LOW_LEVEL_SERVOING mode !
[DEBUG] [1756718970.043338996] [KortexMultiInterfaceHardware]: No controller active in LOW_LEVEL_SERVOING mode !
[DEBUG] [1756718970.044036596] [KortexMultiInterfaceHardware]: No controller active in LOW_LEVEL_SERVOING mode !
[WARN] [1756718970.044550449] [right_joint_trajectory_controller]: [Deprecated]: "allow_nonzero_velocity_at_trajectory_end" is set to true. The default behavior will change to false.
[INFO] [1756718970.053251920] [controller_manager]: Loading controller 'fault_controller'
[DEBUG] [1756718970.053321044] [KortexMultiInterfaceHardware]: No controller active in LOW_LEVEL_SERVOING mode !
[DEBUG] [1756718970.053770318] [KortexMultiInterfaceHardware]: No controller active in LOW_LEVEL_SERVOING mode !
[INFO] [1756718970.063256489] [controller_manager]: Loading controller 'left_joint_trajectory_controller'
[DEBUG] [1756718970.063361681] [KortexMultiInterfaceHardware]: No controller active in LOW_LEVEL_SERVOING mode !
[DEBUG] [1756718970.064078456] [KortexMultiInterfaceHardware]: No controller active in LOW_LEVEL_SERVOING mode !
[WARN] [1756718970.069804078] [left_joint_trajectory_controller]: [Deprecated]: "allow_nonzero_velocity_at_trajectory_end" is set to true. The default behavior will change to false.
[INFO] [1756718970.073213695] [controller_manager]: Configuring controller 'joint_state_broadcaster'
[INFO] [1756718970.073321309] [joint_state_broadcaster]: 'joints' or 'interfaces' parameter is empty. All available state interfaces will be published
[DEBUG] [1756718970.073344170] [KortexMultiInterfaceHardware]: No controller active in LOW_LEVEL_SERVOING mode !
[DEBUG] [1756718970.073665851] [KortexMultiInterfaceHardware]: No controller active in LOW_LEVEL_SERVOING mode !
[INFO] [1756718970.083203967] [controller_manager]: Configuring controller 'right_joint_trajectory_controller'
[INFO] [1756718970.083323796] [right_joint_trajectory_controller]: No specific joint names are used for command interfaces. Using 'joints' parameter.
[INFO] [1756718970.083335826] [right_joint_trajectory_controller]: Command interfaces are [position] and state interfaces are [position velocity].
[DEBUG] [1756718970.083338089] [KortexMultiInterfaceHardware]: No controller active in LOW_LEVEL_SERVOING mode !
[INFO] [1756718970.083348440] [right_joint_trajectory_controller]: Using 'splines' interpolation method.
[DEBUG] [1756718970.083658322] [KortexMultiInterfaceHardware]: No controller active in LOW_LEVEL_SERVOING mode !
[INFO] [1756718970.083862604] [right_joint_trajectory_controller]: Controller state will be published at 100.00 Hz.
[INFO] [1756718970.084970677] [right_joint_trajectory_controller]: Action status changes will be monitored at 20.00 Hz.
[INFO] [1756718970.093184098] [controller_manager]: Configuring controller 'fault_controller'
[DEBUG] [1756718970.093361421] [KortexMultiInterfaceHardware]: No controller active in LOW_LEVEL_SERVOING mode !
[DEBUG] [1756718970.093952439] [KortexMultiInterfaceHardware]: No controller active in LOW_LEVEL_SERVOING mode !
[DEBUG] [1756718970.103327808] [KortexMultiInterfaceHardware]: No controller active in LOW_LEVEL_SERVOING mode !
[INFO] [1756718970.103363852] [controller_manager]: Configuring controller 'left_joint_trajectory_controller'
[INFO] [1756718970.103456542] [left_joint_trajectory_controller]: No specific joint names are used for command interfaces. Using 'joints' parameter.
[INFO] [1756718970.103465643] [left_joint_trajectory_controller]: Command interfaces are [position] and state interfaces are [position velocity].
[INFO] [1756718970.103473025] [left_joint_trajectory_controller]: Using 'splines' interpolation method.
[INFO] [1756718970.103658035] [left_joint_trajectory_controller]: Controller state will be published at 100.00 Hz.
[DEBUG] [1756718970.103762085] [KortexMultiInterfaceHardware]: No controller active in LOW_LEVEL_SERVOING mode !
[INFO] [1756718970.104459253] [left_joint_trajectory_controller]: Action status changes will be monitored at 20.00 Hz.
[DEBUG] [1756718970.113346181] [KortexMultiInterfaceHardware]: No controller active in LOW_LEVEL_SERVOING mode !
[DEBUG] [1756718970.114003095] [KortexMultiInterfaceHardware]: No controller active in LOW_LEVEL_SERVOING mode !
[DEBUG] [1756718970.123366600] [KortexMultiInterfaceHardware]: No controller active in LOW_LEVEL_SERVOING mode !
[DEBUG] [1756718970.123788521] [KortexMultiInterfaceHardware]: No controller active in LOW_LEVEL_SERVOING mode !
[DEBUG] [1756718970.133337122] [KortexMultiInterfaceHardware]: No controller active in LOW_LEVEL_SERVOING mode !
[DEBUG] [1756718970.133678287] [KortexMultiInterfaceHardware]: No controller active in LOW_LEVEL_SERVOING mode !
[DEBUG] [1756718970.144076528] [KortexMultiInterfaceHardware]: No controller active in LOW_LEVEL_SERVOING mode !
[DEBUG] [1756718970.153684522] [KortexMultiInterfaceHardware]: No controller active in LOW_LEVEL_SERVOING mode !
[DEBUG] [1756718970.163725766] [KortexMultiInterfaceHardware]: No controller active in LOW_LEVEL_SERVOING mode !
[DEBUG] [1756718970.174038054] [KortexMultiInterfaceHardware]: No controller active in LOW_LEVEL_SERVOING mode !
[DEBUG] [1756718970.183791013] [KortexMultiInterfaceHardware]: No controller active in LOW_LEVEL_SERVOING mode !
[DEBUG] [1756718970.194041321] [KortexMultiInterfaceHardware]: No controller active in LOW_LEVEL_SERVOING mode !
[DEBUG] [1756718970.203650401] [KortexMultiInterfaceHardware]: No controller active in LOW_LEVEL_SERVOING mode !
[DEBUG] [1756718970.214187896] [KortexMultiInterfaceHardware]: No controller active in LOW_LEVEL_SERVOING mode !
[DEBUG] [1756718970.224308135] [KortexMultiInterfaceHardware]: No controller active in LOW_LEVEL_SERVOING mode !
[DEBUG] [1756718970.234123925] [KortexMultiInterfaceHardware]: No controller active in LOW_LEVEL_SERVOING mode !
[DEBUG] [1756718970.243815628] [KortexMultiInterfaceHardware]: No controller active in LOW_LEVEL_SERVOING mode !
[DEBUG] [1756718970.254082837] [KortexMultiInterfaceHardware]: No controller active in LOW_LEVEL_SERVOING mode !
[DEBUG] [1756718970.263782141] [KortexMultiInterfaceHardware]: No controller active in LOW_LEVEL_SERVOING mode !
[DEBUG] [1756718970.274122312] [KortexMultiInterfaceHardware]: No controller active in LOW_LEVEL_SERVOING mode !
[DEBUG] [1756718970.283828878] [KortexMultiInterfaceHardware]: No controller active in LOW_LEVEL_SERVOING mode !
[DEBUG] [1756718970.293694492] [KortexMultiInterfaceHardware]: No controller active in LOW_LEVEL_SERVOING mode !
[DEBUG] [1756718970.304016004] [KortexMultiInterfaceHardware]: No controller active in LOW_LEVEL_SERVOING mode !
[DEBUG] [1756718970.313732724] [KortexMultiInterfaceHardware]: No controller active in LOW_LEVEL_SERVOING mode !
[DEBUG] [1756718970.323677375] [KortexMultiInterfaceHardware]: No controller active in LOW_LEVEL_SERVOING mode !
[DEBUG] [1756718970.334119010] [KortexMultiInterfaceHardware]: No controller active in LOW_LEVEL_SERVOING mode !
[DEBUG] [1756718970.559343224] [KortexMultiInterfaceHardware]: No controller active in LOW_LEVEL_SERVOING mode !
[DEBUG] [1756718970.560382114] [KortexMultiInterfaceHardware]: No controller active in LOW_LEVEL_SERVOING mode !
[DEBUG] [1756718970.966536463] [KortexMultiInterfaceHardware]: No controller active in LOW_LEVEL_SERVOING mode !
[DEBUG] [1756718971.090577407] [KortexMultiInterfaceHardware]: No controller active in LOW_LEVEL_SERVOING mode !
[INFO] [1756730981.791419638] [controller_manager]: Received robot description file.
[WARN] [1756730981.791464144] [controller_manager]: ResourceManager has already loaded an urdf file. Ignoring attempt to reload a robot description file.
[ERROR] [1756731013.203948428] [controller_manager]: The 'type' param was not defined for 'body_controller'.
[ERROR] [1756731013.204566764] [controller_manager]: The 'type' param was not defined for 'diff_drive_base_controller'.
[INFO] [1756731013.204855675] [controller_manager]: Configuring controller 'joint_state_broadcaster'
[ERROR] [1756731013.204913144] [controller_manager]: Controller 'joint_state_broadcaster' can not be configured from 'active' state.
[ERROR] [1756731013.214214205] [controller_manager]: The 'type' param was not defined for 'joint_position_controller'.
[INFO] [1756731079.371013611] [controller_manager]: Received robot description file.
[WARN] [1756731079.371041888] [controller_manager]: ResourceManager has already loaded an urdf file. Ignoring attempt to reload a robot description file.
[INFO] [1756731109.445695001] [controller_manager]: Configuring controller 'joint_state_broadcaster'
[ERROR] [1756731109.445741410] [controller_manager]: Controller 'joint_state_broadcaster' can not be configured from 'active' state.
[ERROR] [1756731109.746038214] [controller_manager]: The 'type' param was not defined for 'joint_position_controller'.
[ERROR] [1756731110.211682593] [controller_manager]: The 'type' param was not defined for 'diff_drive_base_controller'.
[ERROR] [1756731110.219476548] [controller_manager]: The 'type' param was not defined for 'body_controller'.
[INFO] [1756731295.190741998] [left_joint_trajectory_controller]: Received new action goal
[INFO] [1756731295.190779789] [left_joint_trajectory_controller]: Accepted new action goal
[INFO] [1756731295.191100196] [right_joint_trajectory_controller]: Received new action goal
[INFO] [1756731295.191131407] [right_joint_trajectory_controller]: Accepted new action goal
[INFO] [1756731300.272926297] [right_joint_trajectory_controller]: Goal reached, success!
[INFO] [1756731300.272967097] [left_joint_trajectory_controller]: Goal reached, success!
[INFO] [1756731305.710882604] [left_joint_trajectory_controller]: Received new action goal
[INFO] [1756731305.710921455] [left_joint_trajectory_controller]: Accepted new action goal
[INFO] [1756731305.711231416] [right_joint_trajectory_controller]: Received new action goal
[INFO] [1756731305.711265411] [right_joint_trajectory_controller]: Accepted new action goal
[INFO] [1756731310.512901142] [right_joint_trajectory_controller]: Goal reached, success!
[INFO] [1756731310.512943574] [left_joint_trajectory_controller]: Goal reached, success!
[INFO] [1756731352.147355582] [left_joint_trajectory_controller]: Received new action goal
[INFO] [1756731352.147402170] [left_joint_trajectory_controller]: Accepted new action goal
[INFO] [1756731352.148080980] [right_joint_trajectory_controller]: Received new action goal
[INFO] [1756731352.148121729] [right_joint_trajectory_controller]: Accepted new action goal
[INFO] [1756731396.992943183] [right_joint_trajectory_controller]: Goal reached, success!
[INFO] [1756731396.992979991] [left_joint_trajectory_controller]: Goal reached, success!
[INFO] [1756735606.049983538] [rclcpp]: signal_handler(signum=2)
[INFO] [1756735606.050173210] [controller_manager]: Shutdown request received....
[INFO] [1756735606.050239072] [controller_manager]: Shutting down all controllers in the controller manager.
[INFO] [1756735606.050271813] [controller_manager]: Deactivating controller 'joint_state_broadcaster'
[INFO] [1756735606.050320771] [controller_manager]: Shutting down controller 'joint_state_broadcaster'
[INFO] [1756735606.050350689] [controller_manager]: Deactivating controller 'right_joint_trajectory_controller'
[INFO] [1756735606.050394680] [controller_manager]: Shutting down controller 'right_joint_trajectory_controller'
[INFO] [1756735606.050417303] [controller_manager]: Deactivating controller 'fault_controller'
[INFO] [1756735606.051827934] [controller_manager]: Shutting down controller 'fault_controller'
[INFO] [1756735606.051860876] [controller_manager]: Deactivating controller 'left_joint_trajectory_controller'
[INFO] [1756735606.051890136] [controller_manager]: Shutting down controller 'left_joint_trajectory_controller'
[INFO] [1756735606.051915571] [resource_manager]: 'deactivate' hardware 'right_KortexMultiInterfaceHardware' 
[INFO] [1756735606.051924962] [KortexMultiInterfaceHardware]: Deactivating KortexMultiInterfaceHardware...
[INFO] [1756735606.609026821] [KortexMultiInterfaceHardware]: KortexMultiInterfaceHardware successfully deactivated!
[INFO] [1756735606.609060985] [resource_manager]: Successful 'deactivate' of hardware 'right_KortexMultiInterfaceHardware'
[INFO] [1756735606.609070201] [resource_manager]: 'shutdown' hardware 'right_KortexMultiInterfaceHardware' 
[INFO] [1756735606.609076326] [resource_manager]: Successful 'shutdown' of hardware 'right_KortexMultiInterfaceHardware'
[INFO] [1756735606.609086271] [resource_manager]: 'deactivate' hardware 'left_KortexMultiInterfaceHardware' 
[INFO] [1756735606.609091160] [KortexMultiInterfaceHardware]: Deactivating KortexMultiInterfaceHardware...
[INFO] [1756735607.155094137] [KortexMultiInterfaceHardware]: KortexMultiInterfaceHardware successfully deactivated!
[INFO] [1756735607.155129617] [resource_manager]: Successful 'deactivate' of hardware 'left_KortexMultiInterfaceHardware'
[INFO] [1756735607.155137622] [resource_manager]: 'shutdown' hardware 'left_KortexMultiInterfaceHardware' 
[INFO] [1756735607.155143682] [resource_manager]: Successful 'shutdown' of hardware 'left_KortexMultiInterfaceHardware'
[INFO] [1756735607.155152840] [controller_manager]: Shutting down the controller manager.
