[INFO] [1756708887.737630902] [controller_manager]: Subscribing to '~/robot_description' topic for robot description file.
[INFO] [1756708887.739703786] [controller_manager]: update rate is 100 Hz
[INFO] [1756708887.739735457] [controller_manager]: Spawning controller_manager RT thread with scheduler priority: 50
[WARN] [1756708887.739887641] [controller_manager]: No real-time kernel detected on this system. See [https://control.ros.org/master/doc/ros2_control/controller_manager/doc/userdoc.html] for details on how to enable realtime scheduling.
[INFO] [1756708887.749700142] [controller_manager]: Received robot description file.
[INFO] [1756708887.750557045] [resource_manager]: Loading hardware 'left_KortexMultiInterfaceHardware' 
[INFO] [1756708887.757446094] [KortexMultiInterfaceHardware]: Setting severity threshold to DEBUG
[INFO] [1756708887.757506814] [resource_manager]: Initialize hardware 'left_KortexMultiInterfaceHardware' 
[INFO] [1756708887.757518783] [KortexMultiInterfaceHardware]: Configuring Hardware Interface
[INFO] [1756708887.757799880] [KortexMultiInterfaceHardware]: Robot ip is '192.168.11.60'
[INFO] [1756708887.757809187] [KortexMultiInterfaceHardware]: Username is 'admin'
[INFO] [1756708887.757818607] [KortexMultiInterfaceHardware]: Port used '10000'
[INFO] [1756708887.757822161] [KortexMultiInterfaceHardware]: Realtime port used '10001'
[INFO] [1756708887.757825263] [KortexMultiInterfaceHardware]: Session inactivity timeout is '60000'
[INFO] [1756708887.757828998] [KortexMultiInterfaceHardware]: Connection inactivity timeout is '2000'
[ERROR] [1756708887.757833830] [KortexMultiInterfaceHardware]: Gripper joint name is empty!
[INFO] [1756708887.757851790] [KortexMultiInterfaceHardware]: Connecting to robot at 192.168.11.60
[INFO] [1756708887.758490857] [KortexMultiInterfaceHardware]: Creating session for communication
[INFO] [1756708888.237231742] [KortexMultiInterfaceHardware]: Session created
[INFO] [1756708888.818161523] [KortexMultiInterfaceHardware]: Actuator count reported by robot is '7'
[INFO] [1756708888.818286134] [KortexMultiInterfaceHardware]: Hardware Interface successfully configured
[INFO] [1756708888.818298978] [resource_manager]: Successful initialization of hardware 'left_KortexMultiInterfaceHardware'
[DEBUG] [1756708888.818313822] [KortexMultiInterfaceHardware]: export_state_interfaces for joint: left_joint_1
[DEBUG] [1756708888.818339554] [KortexMultiInterfaceHardware]: export_state_interfaces for joint: left_joint_2
[DEBUG] [1756708888.818350287] [KortexMultiInterfaceHardware]: export_state_interfaces for joint: left_joint_3
[DEBUG] [1756708888.818352156] [KortexMultiInterfaceHardware]: export_state_interfaces for joint: left_joint_4
[DEBUG] [1756708888.818353579] [KortexMultiInterfaceHardware]: export_state_interfaces for joint: left_joint_5
[DEBUG] [1756708888.818355302] [KortexMultiInterfaceHardware]: export_state_interfaces for joint: left_joint_6
[DEBUG] [1756708888.818356676] [KortexMultiInterfaceHardware]: export_state_interfaces for joint: left_joint_7
[INFO] [1756708888.818462089] [resource_manager]: Loading hardware 'right_KortexMultiInterfaceHardware' 
[INFO] [1756708888.818500414] [KortexMultiInterfaceHardware]: Setting severity threshold to DEBUG
[INFO] [1756708888.818508204] [resource_manager]: Initialize hardware 'right_KortexMultiInterfaceHardware' 
[INFO] [1756708888.818510227] [KortexMultiInterfaceHardware]: Configuring Hardware Interface
[INFO] [1756708888.818550355] [KortexMultiInterfaceHardware]: Robot ip is '192.168.11.61'
[INFO] [1756708888.818552345] [KortexMultiInterfaceHardware]: Username is 'admin'
[INFO] [1756708888.818554802] [KortexMultiInterfaceHardware]: Port used '10000'
[INFO] [1756708888.818556598] [KortexMultiInterfaceHardware]: Realtime port used '10001'
[INFO] [1756708888.818558389] [KortexMultiInterfaceHardware]: Session inactivity timeout is '60000'
[INFO] [1756708888.818567229] [KortexMultiInterfaceHardware]: Connection inactivity timeout is '2000'
[ERROR] [1756708888.818569019] [KortexMultiInterfaceHardware]: Gripper joint name is empty!
[INFO] [1756708888.818577111] [KortexMultiInterfaceHardware]: Connecting to robot at 192.168.11.61
[INFO] [1756708888.819150051] [KortexMultiInterfaceHardware]: Creating session for communication
[INFO] [1756708889.237697531] [KortexMultiInterfaceHardware]: Session created
[INFO] [1756708889.822696940] [KortexMultiInterfaceHardware]: Actuator count reported by robot is '7'
[INFO] [1756708889.822733486] [KortexMultiInterfaceHardware]: Hardware Interface successfully configured
[INFO] [1756708889.822741805] [resource_manager]: Successful initialization of hardware 'right_KortexMultiInterfaceHardware'
[DEBUG] [1756708889.822746348] [KortexMultiInterfaceHardware]: export_state_interfaces for joint: right_joint_1
[DEBUG] [1756708889.822749933] [KortexMultiInterfaceHardware]: export_state_interfaces for joint: right_joint_2
[DEBUG] [1756708889.822752724] [KortexMultiInterfaceHardware]: export_state_interfaces for joint: right_joint_3
[DEBUG] [1756708889.822754464] [KortexMultiInterfaceHardware]: export_state_interfaces for joint: right_joint_4
[DEBUG] [1756708889.822755880] [KortexMultiInterfaceHardware]: export_state_interfaces for joint: right_joint_5
[DEBUG] [1756708889.822757562] [KortexMultiInterfaceHardware]: export_state_interfaces for joint: right_joint_6
[DEBUG] [1756708889.822758981] [KortexMultiInterfaceHardware]: export_state_interfaces for joint: right_joint_7
[INFO] [1756708889.822832752] [resource_manager]: 'configure' hardware 'right_KortexMultiInterfaceHardware' 
[INFO] [1756708889.822837023] [resource_manager]: Successful 'configure' of hardware 'right_KortexMultiInterfaceHardware'
[INFO] [1756708889.822844169] [resource_manager]: 'activate' hardware 'right_KortexMultiInterfaceHardware' 
[INFO] [1756708889.822846418] [KortexMultiInterfaceHardware]: Activating KortexMultiInterfaceHardware...
[INFO] [1756708889.823299349] [KortexMultiInterfaceHardware]: Gripper initial position is '0.000000'.
[INFO] [1756708889.823791130] [KortexMultiInterfaceHardware]: KortexMultiInterfaceHardware successfully activated!
[INFO] [1756708889.823811904] [resource_manager]: Successful 'activate' of hardware 'right_KortexMultiInterfaceHardware'
[INFO] [1756708889.823817696] [resource_manager]: 'configure' hardware 'left_KortexMultiInterfaceHardware' 
[INFO] [1756708889.823821502] [resource_manager]: Successful 'configure' of hardware 'left_KortexMultiInterfaceHardware'
[WARN] [1756708889.823825889] [resource_manager]: (hardware 'left_KortexMultiInterfaceHardware'): 'reset_fault/internal_fault' state interface already in available list. This can happen due to multiple calls to 'configure'
[WARN] [1756708889.823830102] [resource_manager]: (hardware 'left_KortexMultiInterfaceHardware'): 'tcp/twist.linear.x' command interface already in available list. This can happen due to multiple calls to 'configure'
[WARN] [1756708889.823831672] [resource_manager]: (hardware 'left_KortexMultiInterfaceHardware'): 'tcp/twist.linear.y' command interface already in available list. This can happen due to multiple calls to 'configure'
[WARN] [1756708889.823833102] [resource_manager]: (hardware 'left_KortexMultiInterfaceHardware'): 'tcp/twist.linear.z' command interface already in available list. This can happen due to multiple calls to 'configure'
[WARN] [1756708889.823834425] [resource_manager]: (hardware 'left_KortexMultiInterfaceHardware'): 'tcp/twist.angular.x' command interface already in available list. This can happen due to multiple calls to 'configure'
[WARN] [1756708889.823835788] [resource_manager]: (hardware 'left_KortexMultiInterfaceHardware'): 'tcp/twist.angular.y' command interface already in available list. This can happen due to multiple calls to 'configure'
[WARN] [1756708889.823837098] [resource_manager]: (hardware 'left_KortexMultiInterfaceHardware'): 'tcp/twist.angular.z' command interface already in available list. This can happen due to multiple calls to 'configure'
[WARN] [1756708889.823838389] [resource_manager]: (hardware 'left_KortexMultiInterfaceHardware'): 'reset_fault/command' command interface already in available list. This can happen due to multiple calls to 'configure'
[WARN] [1756708889.823849642] [resource_manager]: (hardware 'left_KortexMultiInterfaceHardware'): 'reset_fault/async_success' command interface already in available list. This can happen due to multiple calls to 'configure'
[INFO] [1756708889.823851224] [resource_manager]: 'activate' hardware 'left_KortexMultiInterfaceHardware' 
[INFO] [1756708889.823852974] [KortexMultiInterfaceHardware]: Activating KortexMultiInterfaceHardware...
[INFO] [1756708889.824170366] [KortexMultiInterfaceHardware]: Gripper initial position is '0.000000'.
[INFO] [1756708889.824421906] [KortexMultiInterfaceHardware]: KortexMultiInterfaceHardware successfully activated!
[INFO] [1756708889.824424919] [resource_manager]: Successful 'activate' of hardware 'left_KortexMultiInterfaceHardware'
[DEBUG] [1756708889.825801701] [KortexMultiInterfaceHardware]: No controller active in LOW_LEVEL_SERVOING mode !
[DEBUG] [1756708889.826152920] [KortexMultiInterfaceHardware]: No controller active in LOW_LEVEL_SERVOING mode !
[DEBUG] [1756708889.826365574] [KortexMultiInterfaceHardware]: No controller active in LOW_LEVEL_SERVOING mode !
[DEBUG] [1756708889.826718596] [KortexMultiInterfaceHardware]: No controller active in LOW_LEVEL_SERVOING mode !
[DEBUG] [1756708889.827001223] [KortexMultiInterfaceHardware]: No controller active in LOW_LEVEL_SERVOING mode !
[DEBUG] [1756708889.827288340] [KortexMultiInterfaceHardware]: No controller active in LOW_LEVEL_SERVOING mode !
[DEBUG] [1756708889.827730854] [KortexMultiInterfaceHardware]: No controller active in LOW_LEVEL_SERVOING mode !
[DEBUG] [1756708889.828114181] [KortexMultiInterfaceHardware]: No controller active in LOW_LEVEL_SERVOING mode !
[DEBUG] [1756708889.828377302] [KortexMultiInterfaceHardware]: No controller active in LOW_LEVEL_SERVOING mode !
[DEBUG] [1756708889.828648669] [KortexMultiInterfaceHardware]: No controller active in LOW_LEVEL_SERVOING mode !
[DEBUG] [1756708889.828926498] [KortexMultiInterfaceHardware]: No controller active in LOW_LEVEL_SERVOING mode !
[DEBUG] [1756708889.829184893] [KortexMultiInterfaceHardware]: No controller active in LOW_LEVEL_SERVOING mode !
[DEBUG] [1756708889.829716462] [KortexMultiInterfaceHardware]: No controller active in LOW_LEVEL_SERVOING mode !
[DEBUG] [1756708889.830136234] [KortexMultiInterfaceHardware]: No controller active in LOW_LEVEL_SERVOING mode !
[DEBUG] [1756708889.830412293] [KortexMultiInterfaceHardware]: No controller active in LOW_LEVEL_SERVOING mode !
[DEBUG] [1756708889.830721643] [KortexMultiInterfaceHardware]: No controller active in LOW_LEVEL_SERVOING mode !
[DEBUG] [1756708889.831052629] [KortexMultiInterfaceHardware]: No controller active in LOW_LEVEL_SERVOING mode !
[DEBUG] [1756708889.831270206] [KortexMultiInterfaceHardware]: No controller active in LOW_LEVEL_SERVOING mode !
[DEBUG] [1756708889.831711422] [KortexMultiInterfaceHardware]: No controller active in LOW_LEVEL_SERVOING mode !
[DEBUG] [1756708889.832091728] [KortexMultiInterfaceHardware]: No controller active in LOW_LEVEL_SERVOING mode !
[DEBUG] [1756708889.832305738] [KortexMultiInterfaceHardware]: No controller active in LOW_LEVEL_SERVOING mode !
[DEBUG] [1756708889.832563619] [KortexMultiInterfaceHardware]: No controller active in LOW_LEVEL_SERVOING mode !
[DEBUG] [1756708889.832814469] [KortexMultiInterfaceHardware]: No controller active in LOW_LEVEL_SERVOING mode !
[DEBUG] [1756708889.833123571] [KortexMultiInterfaceHardware]: No controller active in LOW_LEVEL_SERVOING mode !
[DEBUG] [1756708889.833414550] [KortexMultiInterfaceHardware]: No controller active in LOW_LEVEL_SERVOING mode !
[DEBUG] [1756708889.833678392] [KortexMultiInterfaceHardware]: No controller active in LOW_LEVEL_SERVOING mode !
[DEBUG] [1756708889.833992230] [KortexMultiInterfaceHardware]: No controller active in LOW_LEVEL_SERVOING mode !
[DEBUG] [1756708889.834150205] [KortexMultiInterfaceHardware]: No controller active in LOW_LEVEL_SERVOING mode !
[DEBUG] [1756708889.834384753] [KortexMultiInterfaceHardware]: No controller active in LOW_LEVEL_SERVOING mode !
[DEBUG] [1756708889.834655548] [KortexMultiInterfaceHardware]: No controller active in LOW_LEVEL_SERVOING mode !
[DEBUG] [1756708889.835015938] [KortexMultiInterfaceHardware]: No controller active in LOW_LEVEL_SERVOING mode !
[DEBUG] [1756708889.835234227] [KortexMultiInterfaceHardware]: No controller active in LOW_LEVEL_SERVOING mode !
[DEBUG] [1756708889.835721216] [KortexMultiInterfaceHardware]: No controller active in LOW_LEVEL_SERVOING mode !
[DEBUG] [1756708889.836105191] [KortexMultiInterfaceHardware]: No controller active in LOW_LEVEL_SERVOING mode !
[DEBUG] [1756708889.836342551] [KortexMultiInterfaceHardware]: No controller active in LOW_LEVEL_SERVOING mode !
[DEBUG] [1756708889.836596494] [KortexMultiInterfaceHardware]: No controller active in LOW_LEVEL_SERVOING mode !
[DEBUG] [1756708889.836804883] [KortexMultiInterfaceHardware]: No controller active in LOW_LEVEL_SERVOING mode !
[DEBUG] [1756708889.837112012] [KortexMultiInterfaceHardware]: No controller active in LOW_LEVEL_SERVOING mode !
[DEBUG] [1756708889.837355244] [KortexMultiInterfaceHardware]: No controller active in LOW_LEVEL_SERVOING mode !
[DEBUG] [1756708889.837637359] [KortexMultiInterfaceHardware]: No controller active in LOW_LEVEL_SERVOING mode !
[DEBUG] [1756708889.837887929] [KortexMultiInterfaceHardware]: No controller active in LOW_LEVEL_SERVOING mode !
[DEBUG] [1756708889.838134464] [KortexMultiInterfaceHardware]: No controller active in LOW_LEVEL_SERVOING mode !
[DEBUG] [1756708889.838340220] [KortexMultiInterfaceHardware]: No controller active in LOW_LEVEL_SERVOING mode !
[DEBUG] [1756708889.838625245] [KortexMultiInterfaceHardware]: No controller active in LOW_LEVEL_SERVOING mode !
[DEBUG] [1756708889.838851287] [KortexMultiInterfaceHardware]: No controller active in LOW_LEVEL_SERVOING mode !
[DEBUG] [1756708889.839123927] [KortexMultiInterfaceHardware]: No controller active in LOW_LEVEL_SERVOING mode !
[DEBUG] [1756708889.839326413] [KortexMultiInterfaceHardware]: No controller active in LOW_LEVEL_SERVOING mode !
[DEBUG] [1756708889.839581203] [KortexMultiInterfaceHardware]: No controller active in LOW_LEVEL_SERVOING mode !
[DEBUG] [1756708889.839775030] [KortexMultiInterfaceHardware]: No controller active in LOW_LEVEL_SERVOING mode !
[DEBUG] [1756708889.840115579] [KortexMultiInterfaceHardware]: No controller active in LOW_LEVEL_SERVOING mode !
[DEBUG] [1756708889.840319016] [KortexMultiInterfaceHardware]: No controller active in LOW_LEVEL_SERVOING mode !
[DEBUG] [1756708889.840555327] [KortexMultiInterfaceHardware]: No controller active in LOW_LEVEL_SERVOING mode !
[DEBUG] [1756708889.841004250] [KortexMultiInterfaceHardware]: No controller active in LOW_LEVEL_SERVOING mode !
[DEBUG] [1756708889.841218716] [KortexMultiInterfaceHardware]: No controller active in LOW_LEVEL_SERVOING mode !
[DEBUG] [1756708889.841764065] [KortexMultiInterfaceHardware]: No controller active in LOW_LEVEL_SERVOING mode !
[DEBUG] [1756708889.842116551] [KortexMultiInterfaceHardware]: No controller active in LOW_LEVEL_SERVOING mode !
[DEBUG] [1756708889.842353959] [KortexMultiInterfaceHardware]: No controller active in LOW_LEVEL_SERVOING mode !
[DEBUG] [1756708889.842606431] [KortexMultiInterfaceHardware]: No controller active in LOW_LEVEL_SERVOING mode !
[DEBUG] [1756708889.842833775] [KortexMultiInterfaceHardware]: No controller active in LOW_LEVEL_SERVOING mode !
[DEBUG] [1756708889.843111580] [KortexMultiInterfaceHardware]: No controller active in LOW_LEVEL_SERVOING mode !
[DEBUG] [1756708889.843385363] [KortexMultiInterfaceHardware]: No controller active in LOW_LEVEL_SERVOING mode !
[DEBUG] [1756708889.843660058] [KortexMultiInterfaceHardware]: No controller active in LOW_LEVEL_SERVOING mode !
[DEBUG] [1756708889.843866535] [KortexMultiInterfaceHardware]: No controller active in LOW_LEVEL_SERVOING mode !
[DEBUG] [1756708889.844113601] [KortexMultiInterfaceHardware]: No controller active in LOW_LEVEL_SERVOING mode !
[DEBUG] [1756708889.844684539] [KortexMultiInterfaceHardware]: No controller active in LOW_LEVEL_SERVOING mode !
[DEBUG] [1756708889.844914212] [KortexMultiInterfaceHardware]: No controller active in LOW_LEVEL_SERVOING mode !
[DEBUG] [1756708889.845210476] [KortexMultiInterfaceHardware]: No controller active in LOW_LEVEL_SERVOING mode !
[DEBUG] [1756708889.845412358] [KortexMultiInterfaceHardware]: No controller active in LOW_LEVEL_SERVOING mode !
[DEBUG] [1756708889.845725591] [KortexMultiInterfaceHardware]: No controller active in LOW_LEVEL_SERVOING mode !
[DEBUG] [1756708889.846155727] [KortexMultiInterfaceHardware]: No controller active in LOW_LEVEL_SERVOING mode !
[DEBUG] [1756708889.846760386] [KortexMultiInterfaceHardware]: No controller active in LOW_LEVEL_SERVOING mode !
[DEBUG] [1756708889.847098466] [KortexMultiInterfaceHardware]: No controller active in LOW_LEVEL_SERVOING mode !
[DEBUG] [1756708889.847359746] [KortexMultiInterfaceHardware]: No controller active in LOW_LEVEL_SERVOING mode !
[DEBUG] [1756708889.847644812] [KortexMultiInterfaceHardware]: No controller active in LOW_LEVEL_SERVOING mode !
[DEBUG] [1756708889.847922622] [KortexMultiInterfaceHardware]: No controller active in LOW_LEVEL_SERVOING mode !
[DEBUG] [1756708889.848201958] [KortexMultiInterfaceHardware]: No controller active in LOW_LEVEL_SERVOING mode !
[DEBUG] [1756708889.848744612] [KortexMultiInterfaceHardware]: No controller active in LOW_LEVEL_SERVOING mode !
[DEBUG] [1756708889.849140969] [KortexMultiInterfaceHardware]: No controller active in LOW_LEVEL_SERVOING mode !
[DEBUG] [1756708889.849376268] [KortexMultiInterfaceHardware]: No controller active in LOW_LEVEL_SERVOING mode !
[DEBUG] [1756708889.849649859] [KortexMultiInterfaceHardware]: No controller active in LOW_LEVEL_SERVOING mode !
[DEBUG] [1756708889.849833354] [KortexMultiInterfaceHardware]: No controller active in LOW_LEVEL_SERVOING mode !
[DEBUG] [1756708889.850100628] [KortexMultiInterfaceHardware]: No controller active in LOW_LEVEL_SERVOING mode !
[DEBUG] [1756708889.850350800] [KortexMultiInterfaceHardware]: No controller active in LOW_LEVEL_SERVOING mode !
[DEBUG] [1756708889.850606308] [KortexMultiInterfaceHardware]: No controller active in LOW_LEVEL_SERVOING mode !
[DEBUG] [1756708889.850794192] [KortexMultiInterfaceHardware]: No controller active in LOW_LEVEL_SERVOING mode !
[DEBUG] [1756708889.851116420] [KortexMultiInterfaceHardware]: No controller active in LOW_LEVEL_SERVOING mode !
[DEBUG] [1756708889.851329327] [KortexMultiInterfaceHardware]: No controller active in LOW_LEVEL_SERVOING mode !
[DEBUG] [1756708889.851569087] [KortexMultiInterfaceHardware]: No controller active in LOW_LEVEL_SERVOING mode !
[DEBUG] [1756708889.851800079] [KortexMultiInterfaceHardware]: No controller active in LOW_LEVEL_SERVOING mode !
[DEBUG] [1756708889.852102360] [KortexMultiInterfaceHardware]: No controller active in LOW_LEVEL_SERVOING mode !
[DEBUG] [1756708889.852323502] [KortexMultiInterfaceHardware]: No controller active in LOW_LEVEL_SERVOING mode !
[DEBUG] [1756708889.852554311] [KortexMultiInterfaceHardware]: No controller active in LOW_LEVEL_SERVOING mode !
[DEBUG] [1756708889.852774918] [KortexMultiInterfaceHardware]: No controller active in LOW_LEVEL_SERVOING mode !
[DEBUG] [1756708889.853095163] [KortexMultiInterfaceHardware]: No controller active in LOW_LEVEL_SERVOING mode !
[DEBUG] [1756708889.853364016] [KortexMultiInterfaceHardware]: No controller active in LOW_LEVEL_SERVOING mode !
[DEBUG] [1756708889.853626127] [KortexMultiInterfaceHardware]: No controller active in LOW_LEVEL_SERVOING mode !
[DEBUG] [1756708889.853835967] [KortexMultiInterfaceHardware]: No controller active in LOW_LEVEL_SERVOING mode !
[DEBUG] [1756708889.854124148] [KortexMultiInterfaceHardware]: No controller active in LOW_LEVEL_SERVOING mode !
[DEBUG] [1756708889.854313399] [KortexMultiInterfaceHardware]: No controller active in LOW_LEVEL_SERVOING mode !
[DEBUG] [1756708889.854532688] [KortexMultiInterfaceHardware]: No controller active in LOW_LEVEL_SERVOING mode !
[DEBUG] [1756708889.854937159] [KortexMultiInterfaceHardware]: No controller active in LOW_LEVEL_SERVOING mode !
[DEBUG] [1756708889.855175685] [KortexMultiInterfaceHardware]: No controller active in LOW_LEVEL_SERVOING mode !
[DEBUG] [1756708889.855400639] [KortexMultiInterfaceHardware]: No controller active in LOW_LEVEL_SERVOING mode !
[DEBUG] [1756708889.855689450] [KortexMultiInterfaceHardware]: No controller active in LOW_LEVEL_SERVOING mode !
[DEBUG] [1756708889.855863873] [KortexMultiInterfaceHardware]: No controller active in LOW_LEVEL_SERVOING mode !
[DEBUG] [1756708889.856093355] [KortexMultiInterfaceHardware]: No controller active in LOW_LEVEL_SERVOING mode !
[DEBUG] [1756708889.856320553] [KortexMultiInterfaceHardware]: No controller active in LOW_LEVEL_SERVOING mode !
[DEBUG] [1756708889.856536832] [KortexMultiInterfaceHardware]: No controller active in LOW_LEVEL_SERVOING mode !
[DEBUG] [1756708889.856914920] [KortexMultiInterfaceHardware]: No controller active in LOW_LEVEL_SERVOING mode !
[DEBUG] [1756708889.857165532] [KortexMultiInterfaceHardware]: No controller active in LOW_LEVEL_SERVOING mode !
[DEBUG] [1756708889.857368414] [KortexMultiInterfaceHardware]: No controller active in LOW_LEVEL_SERVOING mode !
[DEBUG] [1756708889.857635776] [KortexMultiInterfaceHardware]: No controller active in LOW_LEVEL_SERVOING mode !
[DEBUG] [1756708889.857910265] [KortexMultiInterfaceHardware]: No controller active in LOW_LEVEL_SERVOING mode !
[DEBUG] [1756708889.858136625] [KortexMultiInterfaceHardware]: No controller active in LOW_LEVEL_SERVOING mode !
[DEBUG] [1756708889.858315315] [KortexMultiInterfaceHardware]: No controller active in LOW_LEVEL_SERVOING mode !
[DEBUG] [1756708889.858554306] [KortexMultiInterfaceHardware]: No controller active in LOW_LEVEL_SERVOING mode !
[DEBUG] [1756708889.858838113] [KortexMultiInterfaceHardware]: No controller active in LOW_LEVEL_SERVOING mode !
[DEBUG] [1756708889.859095378] [KortexMultiInterfaceHardware]: No controller active in LOW_LEVEL_SERVOING mode !
[DEBUG] [1756708889.859342702] [KortexMultiInterfaceHardware]: No controller active in LOW_LEVEL_SERVOING mode !
[DEBUG] [1756708889.859592932] [KortexMultiInterfaceHardware]: No controller active in LOW_LEVEL_SERVOING mode !
[DEBUG] [1756708889.859871693] [KortexMultiInterfaceHardware]: No controller active in LOW_LEVEL_SERVOING mode !
[DEBUG] [1756708889.860124706] [KortexMultiInterfaceHardware]: No controller active in LOW_LEVEL_SERVOING mode !
[DEBUG] [1756708889.860338608] [KortexMultiInterfaceHardware]: No controller active in LOW_LEVEL_SERVOING mode !
[DEBUG] [1756708889.860576912] [KortexMultiInterfaceHardware]: No controller active in LOW_LEVEL_SERVOING mode !
[DEBUG] [1756708889.860796408] [KortexMultiInterfaceHardware]: No controller active in LOW_LEVEL_SERVOING mode !
[DEBUG] [1756708889.861088633] [KortexMultiInterfaceHardware]: No controller active in LOW_LEVEL_SERVOING mode !
[DEBUG] [1756708889.861332180] [KortexMultiInterfaceHardware]: No controller active in LOW_LEVEL_SERVOING mode !
[DEBUG] [1756708889.861551361] [KortexMultiInterfaceHardware]: No controller active in LOW_LEVEL_SERVOING mode !
[DEBUG] [1756708889.861799945] [KortexMultiInterfaceHardware]: No controller active in LOW_LEVEL_SERVOING mode !
[DEBUG] [1756708889.862086785] [KortexMultiInterfaceHardware]: No controller active in LOW_LEVEL_SERVOING mode !
[DEBUG] [1756708889.862319144] [KortexMultiInterfaceHardware]: No controller active in LOW_LEVEL_SERVOING mode !
[DEBUG] [1756708889.862557045] [KortexMultiInterfaceHardware]: No controller active in LOW_LEVEL_SERVOING mode !
[DEBUG] [1756708889.862781089] [KortexMultiInterfaceHardware]: No controller active in LOW_LEVEL_SERVOING mode !
[DEBUG] [1756708889.863094683] [KortexMultiInterfaceHardware]: No controller active in LOW_LEVEL_SERVOING mode !
[DEBUG] [1756708889.863374376] [KortexMultiInterfaceHardware]: No controller active in LOW_LEVEL_SERVOING mode !
[DEBUG] [1756708889.863635506] [KortexMultiInterfaceHardware]: No controller active in LOW_LEVEL_SERVOING mode !
[DEBUG] [1756708889.863836589] [KortexMultiInterfaceHardware]: No controller active in LOW_LEVEL_SERVOING mode !
[DEBUG] [1756708889.864120611] [KortexMultiInterfaceHardware]: No controller active in LOW_LEVEL_SERVOING mode !
[DEBUG] [1756708889.864346938] [KortexMultiInterfaceHardware]: No controller active in LOW_LEVEL_SERVOING mode !
[DEBUG] [1756708889.864607051] [KortexMultiInterfaceHardware]: No controller active in LOW_LEVEL_SERVOING mode !
[DEBUG] [1756708889.864776727] [KortexMultiInterfaceHardware]: No controller active in LOW_LEVEL_SERVOING mode !
[DEBUG] [1756708889.865137323] [KortexMultiInterfaceHardware]: No controller active in LOW_LEVEL_SERVOING mode !
[DEBUG] [1756708889.865656233] [KortexMultiInterfaceHardware]: No controller active in LOW_LEVEL_SERVOING mode !
[DEBUG] [1756708889.866110557] [KortexMultiInterfaceHardware]: No controller active in LOW_LEVEL_SERVOING mode !
[DEBUG] [1756708889.866351038] [KortexMultiInterfaceHardware]: No controller active in LOW_LEVEL_SERVOING mode !
[DEBUG] [1756708889.866639676] [KortexMultiInterfaceHardware]: No controller active in LOW_LEVEL_SERVOING mode !
[DEBUG] [1756708889.866999363] [KortexMultiInterfaceHardware]: No controller active in LOW_LEVEL_SERVOING mode !
[DEBUG] [1756708889.867204446] [KortexMultiInterfaceHardware]: No controller active in LOW_LEVEL_SERVOING mode !
[DEBUG] [1756708889.867709546] [KortexMultiInterfaceHardware]: No controller active in LOW_LEVEL_SERVOING mode !
[DEBUG] [1756708889.868127298] [KortexMultiInterfaceHardware]: No controller active in LOW_LEVEL_SERVOING mode !
[DEBUG] [1756708889.868330024] [KortexMultiInterfaceHardware]: No controller active in LOW_LEVEL_SERVOING mode !
[DEBUG] [1756708889.868554485] [KortexMultiInterfaceHardware]: No controller active in LOW_LEVEL_SERVOING mode !
[DEBUG] [1756708889.868938019] [KortexMultiInterfaceHardware]: No controller active in LOW_LEVEL_SERVOING mode !
[DEBUG] [1756708889.869155908] [KortexMultiInterfaceHardware]: No controller active in LOW_LEVEL_SERVOING mode !
[DEBUG] [1756708889.869653200] [KortexMultiInterfaceHardware]: No controller active in LOW_LEVEL_SERVOING mode !
[DEBUG] [1756708889.870049161] [KortexMultiInterfaceHardware]: No controller active in LOW_LEVEL_SERVOING mode !
[DEBUG] [1756708889.870368026] [KortexMultiInterfaceHardware]: No controller active in LOW_LEVEL_SERVOING mode !
[DEBUG] [1756708889.870610308] [KortexMultiInterfaceHardware]: No controller active in LOW_LEVEL_SERVOING mode !
[DEBUG] [1756708889.870889201] [KortexMultiInterfaceHardware]: No controller active in LOW_LEVEL_SERVOING mode !
[DEBUG] [1756708889.871128965] [KortexMultiInterfaceHardware]: No controller active in LOW_LEVEL_SERVOING mode !
[DEBUG] [1756708889.871405809] [KortexMultiInterfaceHardware]: No controller active in LOW_LEVEL_SERVOING mode !
[DEBUG] [1756708889.871668968] [KortexMultiInterfaceHardware]: No controller active in LOW_LEVEL_SERVOING mode !
[DEBUG] [1756708889.871858856] [KortexMultiInterfaceHardware]: No controller active in LOW_LEVEL_SERVOING mode !
[DEBUG] [1756708889.872102933] [KortexMultiInterfaceHardware]: No controller active in LOW_LEVEL_SERVOING mode !
[DEBUG] [1756708889.872337715] [KortexMultiInterfaceHardware]: No controller active in LOW_LEVEL_SERVOING mode !
[DEBUG] [1756708889.872647452] [KortexMultiInterfaceHardware]: No controller active in LOW_LEVEL_SERVOING mode !
[DEBUG] [1756708889.872831838] [KortexMultiInterfaceHardware]: No controller active in LOW_LEVEL_SERVOING mode !
[DEBUG] [1756708889.873148308] [KortexMultiInterfaceHardware]: No controller active in LOW_LEVEL_SERVOING mode !
[DEBUG] [1756708889.873393010] [KortexMultiInterfaceHardware]: No controller active in LOW_LEVEL_SERVOING mode !
[DEBUG] [1756708889.873719107] [KortexMultiInterfaceHardware]: No controller active in LOW_LEVEL_SERVOING mode !
[DEBUG] [1756708889.873936766] [KortexMultiInterfaceHardware]: No controller active in LOW_LEVEL_SERVOING mode !
[DEBUG] [1756708889.874193286] [KortexMultiInterfaceHardware]: No controller active in LOW_LEVEL_SERVOING mode !
[DEBUG] [1756708889.874427306] [KortexMultiInterfaceHardware]: No controller active in LOW_LEVEL_SERVOING mode !
[DEBUG] [1756708889.874722495] [KortexMultiInterfaceHardware]: No controller active in LOW_LEVEL_SERVOING mode !
[DEBUG] [1756708889.875077463] [KortexMultiInterfaceHardware]: No controller active in LOW_LEVEL_SERVOING mode !
[DEBUG] [1756708889.875336054] [KortexMultiInterfaceHardware]: No controller active in LOW_LEVEL_SERVOING mode !
[DEBUG] [1756708889.875829003] [KortexMultiInterfaceHardware]: No controller active in LOW_LEVEL_SERVOING mode !
[DEBUG] [1756708889.876161356] [KortexMultiInterfaceHardware]: No controller active in LOW_LEVEL_SERVOING mode !
[DEBUG] [1756708889.876437535] [KortexMultiInterfaceHardware]: No controller active in LOW_LEVEL_SERVOING mode !
[DEBUG] [1756708889.876719211] [KortexMultiInterfaceHardware]: No controller active in LOW_LEVEL_SERVOING mode !
[DEBUG] [1756708889.876984201] [KortexMultiInterfaceHardware]: No controller active in LOW_LEVEL_SERVOING mode !
[DEBUG] [1756708889.877214084] [KortexMultiInterfaceHardware]: No controller active in LOW_LEVEL_SERVOING mode !
[DEBUG] [1756708889.877730888] [KortexMultiInterfaceHardware]: No controller active in LOW_LEVEL_SERVOING mode !
[DEBUG] [1756708889.878101933] [KortexMultiInterfaceHardware]: No controller active in LOW_LEVEL_SERVOING mode !
[DEBUG] [1756708889.878351679] [KortexMultiInterfaceHardware]: No controller active in LOW_LEVEL_SERVOING mode !
[DEBUG] [1756708889.878628978] [KortexMultiInterfaceHardware]: No controller active in LOW_LEVEL_SERVOING mode !
[DEBUG] [1756708889.878954773] [KortexMultiInterfaceHardware]: No controller active in LOW_LEVEL_SERVOING mode !
[DEBUG] [1756708889.879190066] [KortexMultiInterfaceHardware]: No controller active in LOW_LEVEL_SERVOING mode !
[DEBUG] [1756708889.879715797] [KortexMultiInterfaceHardware]: No controller active in LOW_LEVEL_SERVOING mode !
[DEBUG] [1756708889.880144676] [KortexMultiInterfaceHardware]: No controller active in LOW_LEVEL_SERVOING mode !
[DEBUG] [1756708889.880378027] [KortexMultiInterfaceHardware]: No controller active in LOW_LEVEL_SERVOING mode !
[DEBUG] [1756708889.880633252] [KortexMultiInterfaceHardware]: No controller active in LOW_LEVEL_SERVOING mode !
[DEBUG] [1756708889.880917139] [KortexMultiInterfaceHardware]: No controller active in LOW_LEVEL_SERVOING mode !
[DEBUG] [1756708889.881159023] [KortexMultiInterfaceHardware]: No controller active in LOW_LEVEL_SERVOING mode !
[DEBUG] [1756708889.881337822] [KortexMultiInterfaceHardware]: No controller active in LOW_LEVEL_SERVOING mode !
[DEBUG] [1756708889.881587281] [KortexMultiInterfaceHardware]: No controller active in LOW_LEVEL_SERVOING mode !
[DEBUG] [1756708889.881796578] [KortexMultiInterfaceHardware]: No controller active in LOW_LEVEL_SERVOING mode !
[DEBUG] [1756708889.882108884] [KortexMultiInterfaceHardware]: No controller active in LOW_LEVEL_SERVOING mode !
[DEBUG] [1756708889.882318712] [KortexMultiInterfaceHardware]: No controller active in LOW_LEVEL_SERVOING mode !
[DEBUG] [1756708889.882581493] [KortexMultiInterfaceHardware]: No controller active in LOW_LEVEL_SERVOING mode !
[DEBUG] [1756708889.882793233] [KortexMultiInterfaceHardware]: No controller active in LOW_LEVEL_SERVOING mode !
[DEBUG] [1756708889.883098936] [KortexMultiInterfaceHardware]: No controller active in LOW_LEVEL_SERVOING mode !
[DEBUG] [1756708889.883482780] [KortexMultiInterfaceHardware]: No controller active in LOW_LEVEL_SERVOING mode !
[DEBUG] [1756708889.883706524] [KortexMultiInterfaceHardware]: No controller active in LOW_LEVEL_SERVOING mode !
[DEBUG] [1756708889.883906025] [KortexMultiInterfaceHardware]: No controller active in LOW_LEVEL_SERVOING mode !
[DEBUG] [1756708889.884166813] [KortexMultiInterfaceHardware]: No controller active in LOW_LEVEL_SERVOING mode !
[DEBUG] [1756708889.884372094] [KortexMultiInterfaceHardware]: No controller active in LOW_LEVEL_SERVOING mode !
[DEBUG] [1756708889.884605262] [KortexMultiInterfaceHardware]: No controller active in LOW_LEVEL_SERVOING mode !
[DEBUG] [1756708889.884903776] [KortexMultiInterfaceHardware]: No controller active in LOW_LEVEL_SERVOING mode !
[DEBUG] [1756708889.885141418] [KortexMultiInterfaceHardware]: No controller active in LOW_LEVEL_SERVOING mode !
[DEBUG] [1756708889.885407393] [KortexMultiInterfaceHardware]: No controller active in LOW_LEVEL_SERVOING mode !
[DEBUG] [1756708889.885664109] [KortexMultiInterfaceHardware]: No controller active in LOW_LEVEL_SERVOING mode !
[DEBUG] [1756708889.885861408] [KortexMultiInterfaceHardware]: No controller active in LOW_LEVEL_SERVOING mode !
[DEBUG] [1756708889.886115421] [KortexMultiInterfaceHardware]: No controller active in LOW_LEVEL_SERVOING mode !
[DEBUG] [1756708889.886325017] [KortexMultiInterfaceHardware]: No controller active in LOW_LEVEL_SERVOING mode !
[DEBUG] [1756708889.886564376] [KortexMultiInterfaceHardware]: No controller active in LOW_LEVEL_SERVOING mode !
[DEBUG] [1756708889.886901844] [KortexMultiInterfaceHardware]: No controller active in LOW_LEVEL_SERVOING mode !
[DEBUG] [1756708889.887134796] [KortexMultiInterfaceHardware]: No controller active in LOW_LEVEL_SERVOING mode !
[DEBUG] [1756708889.887395717] [KortexMultiInterfaceHardware]: No controller active in LOW_LEVEL_SERVOING mode !
[DEBUG] [1756708889.887678957] [KortexMultiInterfaceHardware]: No controller active in LOW_LEVEL_SERVOING mode !
[DEBUG] [1756708889.887908113] [KortexMultiInterfaceHardware]: No controller active in LOW_LEVEL_SERVOING mode !
[DEBUG] [1756708889.888137992] [KortexMultiInterfaceHardware]: No controller active in LOW_LEVEL_SERVOING mode !
[DEBUG] [1756708889.888329248] [KortexMultiInterfaceHardware]: No controller active in LOW_LEVEL_SERVOING mode !
[DEBUG] [1756708889.888599444] [KortexMultiInterfaceHardware]: No controller active in LOW_LEVEL_SERVOING mode !
[DEBUG] [1756708889.888811183] [KortexMultiInterfaceHardware]: No controller active in LOW_LEVEL_SERVOING mode !
[DEBUG] [1756708889.889098867] [KortexMultiInterfaceHardware]: No controller active in LOW_LEVEL_SERVOING mode !
[DEBUG] [1756708889.889346401] [KortexMultiInterfaceHardware]: No controller active in LOW_LEVEL_SERVOING mode !
[DEBUG] [1756708889.889571447] [KortexMultiInterfaceHardware]: No controller active in LOW_LEVEL_SERVOING mode !
[DEBUG] [1756708889.889792086] [KortexMultiInterfaceHardware]: No controller active in LOW_LEVEL_SERVOING mode !
[DEBUG] [1756708889.890109174] [KortexMultiInterfaceHardware]: No controller active in LOW_LEVEL_SERVOING mode !
[DEBUG] [1756708889.890318137] [KortexMultiInterfaceHardware]: No controller active in LOW_LEVEL_SERVOING mode !
[DEBUG] [1756708889.890569783] [KortexMultiInterfaceHardware]: No controller active in LOW_LEVEL_SERVOING mode !
[DEBUG] [1756708889.890781660] [KortexMultiInterfaceHardware]: No controller active in LOW_LEVEL_SERVOING mode !
[DEBUG] [1756708889.891098384] [KortexMultiInterfaceHardware]: No controller active in LOW_LEVEL_SERVOING mode !
[DEBUG] [1756708889.891317373] [KortexMultiInterfaceHardware]: No controller active in LOW_LEVEL_SERVOING mode !
[DEBUG] [1756708889.891586772] [KortexMultiInterfaceHardware]: No controller active in LOW_LEVEL_SERVOING mode !
[DEBUG] [1756708889.891818428] [KortexMultiInterfaceHardware]: No controller active in LOW_LEVEL_SERVOING mode !
[DEBUG] [1756708889.892090215] [KortexMultiInterfaceHardware]: No controller active in LOW_LEVEL_SERVOING mode !
[DEBUG] [1756708889.892313794] [KortexMultiInterfaceHardware]: No controller active in LOW_LEVEL_SERVOING mode !
[DEBUG] [1756708889.892592779] [KortexMultiInterfaceHardware]: No controller active in LOW_LEVEL_SERVOING mode !
[DEBUG] [1756708889.892775725] [KortexMultiInterfaceHardware]: No controller active in LOW_LEVEL_SERVOING mode !
[DEBUG] [1756708889.893110638] [KortexMultiInterfaceHardware]: No controller active in LOW_LEVEL_SERVOING mode !
[DEBUG] [1756708889.893370350] [KortexMultiInterfaceHardware]: No controller active in LOW_LEVEL_SERVOING mode !
[DEBUG] [1756708889.893629434] [KortexMultiInterfaceHardware]: No controller active in LOW_LEVEL_SERVOING mode !
[DEBUG] [1756708889.893862320] [KortexMultiInterfaceHardware]: No controller active in LOW_LEVEL_SERVOING mode !
[DEBUG] [1756708889.894091351] [KortexMultiInterfaceHardware]: No controller active in LOW_LEVEL_SERVOING mode !
[DEBUG] [1756708889.894650037] [KortexMultiInterfaceHardware]: No controller active in LOW_LEVEL_SERVOING mode !
[DEBUG] [1756708889.895098457] [KortexMultiInterfaceHardware]: No controller active in LOW_LEVEL_SERVOING mode !
[DEBUG] [1756708889.895415615] [KortexMultiInterfaceHardware]: No controller active in LOW_LEVEL_SERVOING mode !
[DEBUG] [1756708889.895708731] [KortexMultiInterfaceHardware]: No controller active in LOW_LEVEL_SERVOING mode !
[DEBUG] [1756708889.895919856] [KortexMultiInterfaceHardware]: No controller active in LOW_LEVEL_SERVOING mode !
[DEBUG] [1756708889.896175402] [KortexMultiInterfaceHardware]: No controller active in LOW_LEVEL_SERVOING mode !
[DEBUG] [1756708889.896650333] [KortexMultiInterfaceHardware]: No controller active in LOW_LEVEL_SERVOING mode !
[DEBUG] [1756708889.896876193] [KortexMultiInterfaceHardware]: No controller active in LOW_LEVEL_SERVOING mode !
[DEBUG] [1756708889.897288426] [KortexMultiInterfaceHardware]: No controller active in LOW_LEVEL_SERVOING mode !
[DEBUG] [1756708889.897549683] [KortexMultiInterfaceHardware]: No controller active in LOW_LEVEL_SERVOING mode !
[DEBUG] [1756708889.897812840] [KortexMultiInterfaceHardware]: No controller active in LOW_LEVEL_SERVOING mode !
[DEBUG] [1756708889.898137310] [KortexMultiInterfaceHardware]: No controller active in LOW_LEVEL_SERVOING mode !
[DEBUG] [1756708889.898328296] [KortexMultiInterfaceHardware]: No controller active in LOW_LEVEL_SERVOING mode !
[DEBUG] [1756708889.898588462] [KortexMultiInterfaceHardware]: No controller active in LOW_LEVEL_SERVOING mode !
[DEBUG] [1756708889.898785765] [KortexMultiInterfaceHardware]: No controller active in LOW_LEVEL_SERVOING mode !
[DEBUG] [1756708889.899107332] [KortexMultiInterfaceHardware]: No controller active in LOW_LEVEL_SERVOING mode !
[DEBUG] [1756708889.899340584] [KortexMultiInterfaceHardware]: No controller active in LOW_LEVEL_SERVOING mode !
[DEBUG] [1756708889.899616237] [KortexMultiInterfaceHardware]: No controller active in LOW_LEVEL_SERVOING mode !
[DEBUG] [1756708889.899822192] [KortexMultiInterfaceHardware]: No controller active in LOW_LEVEL_SERVOING mode !
[DEBUG] [1756708889.900118142] [KortexMultiInterfaceHardware]: No controller active in LOW_LEVEL_SERVOING mode !
[DEBUG] [1756708889.900310013] [KortexMultiInterfaceHardware]: No controller active in LOW_LEVEL_SERVOING mode !
[DEBUG] [1756708889.900555195] [KortexMultiInterfaceHardware]: No controller active in LOW_LEVEL_SERVOING mode !
[DEBUG] [1756708889.900962065] [KortexMultiInterfaceHardware]: No controller active in LOW_LEVEL_SERVOING mode !
[DEBUG] [1756708889.901198032] [KortexMultiInterfaceHardware]: No controller active in LOW_LEVEL_SERVOING mode !
[DEBUG] [1756708889.901432810] [KortexMultiInterfaceHardware]: No controller active in LOW_LEVEL_SERVOING mode !
[DEBUG] [1756708889.902083457] [KortexMultiInterfaceHardware]: No controller active in LOW_LEVEL_SERVOING mode !
[DEBUG] [1756708889.902327029] [KortexMultiInterfaceHardware]: No controller active in LOW_LEVEL_SERVOING mode !
[DEBUG] [1756708889.902588351] [KortexMultiInterfaceHardware]: No controller active in LOW_LEVEL_SERVOING mode !
[DEBUG] [1756708889.902791816] [KortexMultiInterfaceHardware]: No controller active in LOW_LEVEL_SERVOING mode !
[DEBUG] [1756708889.903121035] [KortexMultiInterfaceHardware]: No controller active in LOW_LEVEL_SERVOING mode !
[DEBUG] [1756708889.903370935] [KortexMultiInterfaceHardware]: No controller active in LOW_LEVEL_SERVOING mode !
[DEBUG] [1756708889.903665735] [KortexMultiInterfaceHardware]: No controller active in LOW_LEVEL_SERVOING mode !
[DEBUG] [1756708889.903870259] [KortexMultiInterfaceHardware]: No controller active in LOW_LEVEL_SERVOING mode !
[DEBUG] [1756708889.904115360] [KortexMultiInterfaceHardware]: No controller active in LOW_LEVEL_SERVOING mode !
[DEBUG] [1756708889.904334238] [KortexMultiInterfaceHardware]: No controller active in LOW_LEVEL_SERVOING mode !
[DEBUG] [1756708889.904594000] [KortexMultiInterfaceHardware]: No controller active in LOW_LEVEL_SERVOING mode !
[DEBUG] [1756708889.904923413] [KortexMultiInterfaceHardware]: No controller active in LOW_LEVEL_SERVOING mode !
[DEBUG] [1756708889.905193697] [KortexMultiInterfaceHardware]: No controller active in LOW_LEVEL_SERVOING mode !
[DEBUG] [1756708889.905433866] [KortexMultiInterfaceHardware]: No controller active in LOW_LEVEL_SERVOING mode !
[DEBUG] [1756708889.905667611] [KortexMultiInterfaceHardware]: No controller active in LOW_LEVEL_SERVOING mode !
[DEBUG] [1756708889.905869275] [KortexMultiInterfaceHardware]: No controller active in LOW_LEVEL_SERVOING mode !
[DEBUG] [1756708889.906099711] [KortexMultiInterfaceHardware]: No controller active in LOW_LEVEL_SERVOING mode !
[DEBUG] [1756708889.906330525] [KortexMultiInterfaceHardware]: No controller active in LOW_LEVEL_SERVOING mode !
[DEBUG] [1756708889.906604427] [KortexMultiInterfaceHardware]: No controller active in LOW_LEVEL_SERVOING mode !
[DEBUG] [1756708889.906895927] [KortexMultiInterfaceHardware]: No controller active in LOW_LEVEL_SERVOING mode !
[DEBUG] [1756708889.907117657] [KortexMultiInterfaceHardware]: No controller active in LOW_LEVEL_SERVOING mode !
[DEBUG] [1756708889.907639684] [KortexMultiInterfaceHardware]: No controller active in LOW_LEVEL_SERVOING mode !
[DEBUG] [1756708889.907864210] [KortexMultiInterfaceHardware]: No controller active in LOW_LEVEL_SERVOING mode !
[DEBUG] [1756708889.908131084] [KortexMultiInterfaceHardware]: No controller active in LOW_LEVEL_SERVOING mode !
[DEBUG] [1756708889.908347713] [KortexMultiInterfaceHardware]: No controller active in LOW_LEVEL_SERVOING mode !
[DEBUG] [1756708889.908728457] [KortexMultiInterfaceHardware]: No controller active in LOW_LEVEL_SERVOING mode !
[DEBUG] [1756708889.909124881] [KortexMultiInterfaceHardware]: No controller active in LOW_LEVEL_SERVOING mode !
[DEBUG] [1756708889.909334578] [KortexMultiInterfaceHardware]: No controller active in LOW_LEVEL_SERVOING mode !
[DEBUG] [1756708889.909580212] [KortexMultiInterfaceHardware]: No controller active in LOW_LEVEL_SERVOING mode !
[DEBUG] [1756708889.909848289] [KortexMultiInterfaceHardware]: No controller active in LOW_LEVEL_SERVOING mode !
[DEBUG] [1756708889.910097303] [KortexMultiInterfaceHardware]: No controller active in LOW_LEVEL_SERVOING mode !
[DEBUG] [1756708889.910337973] [KortexMultiInterfaceHardware]: No controller active in LOW_LEVEL_SERVOING mode !
[DEBUG] [1756708889.910571041] [KortexMultiInterfaceHardware]: No controller active in LOW_LEVEL_SERVOING mode !
[DEBUG] [1756708889.910810060] [KortexMultiInterfaceHardware]: No controller active in LOW_LEVEL_SERVOING mode !
[DEBUG] [1756708889.911103731] [KortexMultiInterfaceHardware]: No controller active in LOW_LEVEL_SERVOING mode !
[DEBUG] [1756708889.911341516] [KortexMultiInterfaceHardware]: No controller active in LOW_LEVEL_SERVOING mode !
[DEBUG] [1756708889.911608240] [KortexMultiInterfaceHardware]: No controller active in LOW_LEVEL_SERVOING mode !
[DEBUG] [1756708889.911781793] [KortexMultiInterfaceHardware]: No controller active in LOW_LEVEL_SERVOING mode !
[DEBUG] [1756708889.912120324] [KortexMultiInterfaceHardware]: No controller active in LOW_LEVEL_SERVOING mode !
[DEBUG] [1756708889.912317128] [KortexMultiInterfaceHardware]: No controller active in LOW_LEVEL_SERVOING mode !
[DEBUG] [1756708889.912581193] [KortexMultiInterfaceHardware]: No controller active in LOW_LEVEL_SERVOING mode !
[DEBUG] [1756708889.912804882] [KortexMultiInterfaceHardware]: No controller active in LOW_LEVEL_SERVOING mode !
[DEBUG] [1756708889.913095671] [KortexMultiInterfaceHardware]: No controller active in LOW_LEVEL_SERVOING mode !
[DEBUG] [1756708889.913525611] [KortexMultiInterfaceHardware]: No controller active in LOW_LEVEL_SERVOING mode !
[DEBUG] [1756708889.913717880] [KortexMultiInterfaceHardware]: No controller active in LOW_LEVEL_SERVOING mode !
[DEBUG] [1756708889.913927751] [KortexMultiInterfaceHardware]: No controller active in LOW_LEVEL_SERVOING mode !
[DEBUG] [1756708889.914159553] [KortexMultiInterfaceHardware]: No controller active in LOW_LEVEL_SERVOING mode !
[DEBUG] [1756708889.914355015] [KortexMultiInterfaceHardware]: No controller active in LOW_LEVEL_SERVOING mode !
[DEBUG] [1756708889.914601521] [KortexMultiInterfaceHardware]: No controller active in LOW_LEVEL_SERVOING mode !
[DEBUG] [1756708889.914917366] [KortexMultiInterfaceHardware]: No controller active in LOW_LEVEL_SERVOING mode !
[DEBUG] [1756708889.915149185] [KortexMultiInterfaceHardware]: No controller active in LOW_LEVEL_SERVOING mode !
[DEBUG] [1756708889.915337687] [KortexMultiInterfaceHardware]: No controller active in LOW_LEVEL_SERVOING mode !
[DEBUG] [1756708889.915586075] [KortexMultiInterfaceHardware]: No controller active in LOW_LEVEL_SERVOING mode !
[DEBUG] [1756708889.915786884] [KortexMultiInterfaceHardware]: No controller active in LOW_LEVEL_SERVOING mode !
[DEBUG] [1756708889.916097720] [KortexMultiInterfaceHardware]: No controller active in LOW_LEVEL_SERVOING mode !
[DEBUG] [1756708889.916321871] [KortexMultiInterfaceHardware]: No controller active in LOW_LEVEL_SERVOING mode !
[DEBUG] [1756708889.916547416] [KortexMultiInterfaceHardware]: No controller active in LOW_LEVEL_SERVOING mode !
[DEBUG] [1756708889.916902761] [KortexMultiInterfaceHardware]: No controller active in LOW_LEVEL_SERVOING mode !
[DEBUG] [1756708889.917136196] [KortexMultiInterfaceHardware]: No controller active in LOW_LEVEL_SERVOING mode !
[DEBUG] [1756708889.917321001] [KortexMultiInterfaceHardware]: No controller active in LOW_LEVEL_SERVOING mode !
[DEBUG] [1756708889.917553885] [KortexMultiInterfaceHardware]: No controller active in LOW_LEVEL_SERVOING mode !
[DEBUG] [1756708889.917828138] [KortexMultiInterfaceHardware]: No controller active in LOW_LEVEL_SERVOING mode !
[DEBUG] [1756708889.918098721] [KortexMultiInterfaceHardware]: No controller active in LOW_LEVEL_SERVOING mode !
[DEBUG] [1756708889.918340633] [KortexMultiInterfaceHardware]: No controller active in LOW_LEVEL_SERVOING mode !
[DEBUG] [1756708889.918581512] [KortexMultiInterfaceHardware]: No controller active in LOW_LEVEL_SERVOING mode !
[DEBUG] [1756708889.918891321] [KortexMultiInterfaceHardware]: No controller active in LOW_LEVEL_SERVOING mode !
[DEBUG] [1756708889.919138457] [KortexMultiInterfaceHardware]: No controller active in LOW_LEVEL_SERVOING mode !
[DEBUG] [1756708889.919369715] [KortexMultiInterfaceHardware]: No controller active in LOW_LEVEL_SERVOING mode !
[DEBUG] [1756708889.919635524] [KortexMultiInterfaceHardware]: No controller active in LOW_LEVEL_SERVOING mode !
[DEBUG] [1756708889.919838562] [KortexMultiInterfaceHardware]: No controller active in LOW_LEVEL_SERVOING mode !
[DEBUG] [1756708889.920150198] [KortexMultiInterfaceHardware]: No controller active in LOW_LEVEL_SERVOING mode !
[DEBUG] [1756708889.920367734] [KortexMultiInterfaceHardware]: No controller active in LOW_LEVEL_SERVOING mode !
[DEBUG] [1756708889.920615339] [KortexMultiInterfaceHardware]: No controller active in LOW_LEVEL_SERVOING mode !
[DEBUG] [1756708889.920897370] [KortexMultiInterfaceHardware]: No controller active in LOW_LEVEL_SERVOING mode !
[DEBUG] [1756708889.921140368] [KortexMultiInterfaceHardware]: No controller active in LOW_LEVEL_SERVOING mode !
[DEBUG] [1756708889.921396645] [KortexMultiInterfaceHardware]: No controller active in LOW_LEVEL_SERVOING mode !
[DEBUG] [1756708889.921665310] [KortexMultiInterfaceHardware]: No controller active in LOW_LEVEL_SERVOING mode !
[DEBUG] [1756708889.921825739] [KortexMultiInterfaceHardware]: No controller active in LOW_LEVEL_SERVOING mode !
[DEBUG] [1756708889.922121201] [KortexMultiInterfaceHardware]: No controller active in LOW_LEVEL_SERVOING mode !
[DEBUG] [1756708889.922348664] [KortexMultiInterfaceHardware]: No controller active in LOW_LEVEL_SERVOING mode !
[DEBUG] [1756708889.922626649] [KortexMultiInterfaceHardware]: No controller active in LOW_LEVEL_SERVOING mode !
[DEBUG] [1756708889.922830607] [KortexMultiInterfaceHardware]: No controller active in LOW_LEVEL_SERVOING mode !
[DEBUG] [1756708889.923120125] [KortexMultiInterfaceHardware]: No controller active in LOW_LEVEL_SERVOING mode !
[DEBUG] [1756708889.923335907] [KortexMultiInterfaceHardware]: No controller active in LOW_LEVEL_SERVOING mode !
[DEBUG] [1756708889.923598888] [KortexMultiInterfaceHardware]: No controller active in LOW_LEVEL_SERVOING mode !
[DEBUG] [1756708889.923792763] [KortexMultiInterfaceHardware]: No controller active in LOW_LEVEL_SERVOING mode !
[DEBUG] [1756708889.924136551] [KortexMultiInterfaceHardware]: No controller active in LOW_LEVEL_SERVOING mode !
[DEBUG] [1756708889.924368362] [KortexMultiInterfaceHardware]: No controller active in LOW_LEVEL_SERVOING mode !
[DEBUG] [1756708889.924645643] [KortexMultiInterfaceHardware]: No controller active in LOW_LEVEL_SERVOING mode !
[DEBUG] [1756708889.924825958] [KortexMultiInterfaceHardware]: No controller active in LOW_LEVEL_SERVOING mode !
[DEBUG] [1756708889.925132712] [KortexMultiInterfaceHardware]: No controller active in LOW_LEVEL_SERVOING mode !
[DEBUG] [1756708889.925337997] [KortexMultiInterfaceHardware]: No controller active in LOW_LEVEL_SERVOING mode !
[DEBUG] [1756708889.925584054] [KortexMultiInterfaceHardware]: No controller active in LOW_LEVEL_SERVOING mode !
[DEBUG] [1756708889.925805373] [KortexMultiInterfaceHardware]: No controller active in LOW_LEVEL_SERVOING mode !
[DEBUG] [1756708889.926099503] [KortexMultiInterfaceHardware]: No controller active in LOW_LEVEL_SERVOING mode !
[DEBUG] [1756708889.926651921] [KortexMultiInterfaceHardware]: No controller active in LOW_LEVEL_SERVOING mode !
[DEBUG] [1756708889.926877054] [KortexMultiInterfaceHardware]: No controller active in LOW_LEVEL_SERVOING mode !
[DEBUG] [1756708889.927215590] [KortexMultiInterfaceHardware]: No controller active in LOW_LEVEL_SERVOING mode !
[DEBUG] [1756708889.927477172] [KortexMultiInterfaceHardware]: No controller active in LOW_LEVEL_SERVOING mode !
[DEBUG] [1756708889.927733330] [KortexMultiInterfaceHardware]: No controller active in LOW_LEVEL_SERVOING mode !
[DEBUG] [1756708889.928108619] [KortexMultiInterfaceHardware]: No controller active in LOW_LEVEL_SERVOING mode !
[DEBUG] [1756708889.928670605] [KortexMultiInterfaceHardware]: No controller active in LOW_LEVEL_SERVOING mode !
[DEBUG] [1756708889.929104918] [KortexMultiInterfaceHardware]: No controller active in LOW_LEVEL_SERVOING mode !
[DEBUG] [1756708889.929337284] [KortexMultiInterfaceHardware]: No controller active in LOW_LEVEL_SERVOING mode !
[DEBUG] [1756708889.929575836] [KortexMultiInterfaceHardware]: No controller active in LOW_LEVEL_SERVOING mode !
[DEBUG] [1756708889.929792553] [KortexMultiInterfaceHardware]: No controller active in LOW_LEVEL_SERVOING mode !
[DEBUG] [1756708889.930119516] [KortexMultiInterfaceHardware]: No controller active in LOW_LEVEL_SERVOING mode !
[DEBUG] [1756708889.930306302] [KortexMultiInterfaceHardware]: No controller active in LOW_LEVEL_SERVOING mode !
[DEBUG] [1756708889.930523126] [KortexMultiInterfaceHardware]: No controller active in LOW_LEVEL_SERVOING mode !
[DEBUG] [1756708889.930744584] [KortexMultiInterfaceHardware]: No controller active in LOW_LEVEL_SERVOING mode !
[DEBUG] [1756708889.931101397] [KortexMultiInterfaceHardware]: No controller active in LOW_LEVEL_SERVOING mode !
[DEBUG] [1756708889.931395409] [KortexMultiInterfaceHardware]: No controller active in LOW_LEVEL_SERVOING mode !
[DEBUG] [1756708889.931663140] [KortexMultiInterfaceHardware]: No controller active in LOW_LEVEL_SERVOING mode !
[DEBUG] [1756708889.931871812] [KortexMultiInterfaceHardware]: No controller active in LOW_LEVEL_SERVOING mode !
[DEBUG] [1756708889.932109577] [KortexMultiInterfaceHardware]: No controller active in LOW_LEVEL_SERVOING mode !
[DEBUG] [1756708889.932328893] [KortexMultiInterfaceHardware]: No controller active in LOW_LEVEL_SERVOING mode !
[DEBUG] [1756708889.932589176] [KortexMultiInterfaceHardware]: No controller active in LOW_LEVEL_SERVOING mode !
[DEBUG] [1756708889.932776579] [KortexMultiInterfaceHardware]: No controller active in LOW_LEVEL_SERVOING mode !
[DEBUG] [1756708889.933117583] [KortexMultiInterfaceHardware]: No controller active in LOW_LEVEL_SERVOING mode !
[DEBUG] [1756708889.933324271] [KortexMultiInterfaceHardware]: No controller active in LOW_LEVEL_SERVOING mode !
[DEBUG] [1756708889.933595989] [KortexMultiInterfaceHardware]: No controller active in LOW_LEVEL_SERVOING mode !
[DEBUG] [1756708889.933808775] [KortexMultiInterfaceHardware]: No controller active in LOW_LEVEL_SERVOING mode !
[DEBUG] [1756708889.934116646] [KortexMultiInterfaceHardware]: No controller active in LOW_LEVEL_SERVOING mode !
[DEBUG] [1756708889.934339831] [KortexMultiInterfaceHardware]: No controller active in LOW_LEVEL_SERVOING mode !
[DEBUG] [1756708889.934583170] [KortexMultiInterfaceHardware]: No controller active in LOW_LEVEL_SERVOING mode !
[DEBUG] [1756708889.934779074] [KortexMultiInterfaceHardware]: No controller active in LOW_LEVEL_SERVOING mode !
[DEBUG] [1756708889.935102920] [KortexMultiInterfaceHardware]: No controller active in LOW_LEVEL_SERVOING mode !
[DEBUG] [1756708889.935317974] [KortexMultiInterfaceHardware]: No controller active in LOW_LEVEL_SERVOING mode !
[DEBUG] [1756708889.935584708] [KortexMultiInterfaceHardware]: No controller active in LOW_LEVEL_SERVOING mode !
[DEBUG] [1756708889.935852596] [KortexMultiInterfaceHardware]: No controller active in LOW_LEVEL_SERVOING mode !
[DEBUG] [1756708889.936124141] [KortexMultiInterfaceHardware]: No controller active in LOW_LEVEL_SERVOING mode !
[DEBUG] [1756708889.936343936] [KortexMultiInterfaceHardware]: No controller active in LOW_LEVEL_SERVOING mode !
[DEBUG] [1756708889.936608978] [KortexMultiInterfaceHardware]: No controller active in LOW_LEVEL_SERVOING mode !
[DEBUG] [1756708889.936786825] [KortexMultiInterfaceHardware]: No controller active in LOW_LEVEL_SERVOING mode !
[DEBUG] [1756708889.937092616] [KortexMultiInterfaceHardware]: No controller active in LOW_LEVEL_SERVOING mode !
[DEBUG] [1756708889.937315701] [KortexMultiInterfaceHardware]: No controller active in LOW_LEVEL_SERVOING mode !
[DEBUG] [1756708889.937588890] [KortexMultiInterfaceHardware]: No controller active in LOW_LEVEL_SERVOING mode !
[DEBUG] [1756708889.937855749] [KortexMultiInterfaceHardware]: No controller active in LOW_LEVEL_SERVOING mode !
[DEBUG] [1756708889.938114742] [KortexMultiInterfaceHardware]: No controller active in LOW_LEVEL_SERVOING mode !
[DEBUG] [1756708889.938332781] [KortexMultiInterfaceHardware]: No controller active in LOW_LEVEL_SERVOING mode !
[DEBUG] [1756708889.938579873] [KortexMultiInterfaceHardware]: No controller active in LOW_LEVEL_SERVOING mode !
[DEBUG] [1756708889.938937774] [KortexMultiInterfaceHardware]: No controller active in LOW_LEVEL_SERVOING mode !
[DEBUG] [1756708889.939177299] [KortexMultiInterfaceHardware]: No controller active in LOW_LEVEL_SERVOING mode !
[DEBUG] [1756708889.939358369] [KortexMultiInterfaceHardware]: No controller active in LOW_LEVEL_SERVOING mode !
[DEBUG] [1756708889.939602320] [KortexMultiInterfaceHardware]: No controller active in LOW_LEVEL_SERVOING mode !
[DEBUG] [1756708889.939789157] [KortexMultiInterfaceHardware]: No controller active in LOW_LEVEL_SERVOING mode !
[DEBUG] [1756708889.940118064] [KortexMultiInterfaceHardware]: No controller active in LOW_LEVEL_SERVOING mode !
[DEBUG] [1756708889.940360164] [KortexMultiInterfaceHardware]: No controller active in LOW_LEVEL_SERVOING mode !
[DEBUG] [1756708889.940617816] [KortexMultiInterfaceHardware]: No controller active in LOW_LEVEL_SERVOING mode !
[DEBUG] [1756708889.940929258] [KortexMultiInterfaceHardware]: No controller active in LOW_LEVEL_SERVOING mode !
[DEBUG] [1756708889.941162026] [KortexMultiInterfaceHardware]: No controller active in LOW_LEVEL_SERVOING mode !
[DEBUG] [1756708889.941369692] [KortexMultiInterfaceHardware]: No controller active in LOW_LEVEL_SERVOING mode !
[DEBUG] [1756708889.941610689] [KortexMultiInterfaceHardware]: No controller active in LOW_LEVEL_SERVOING mode !
[DEBUG] [1756708889.941894190] [KortexMultiInterfaceHardware]: No controller active in LOW_LEVEL_SERVOING mode !
[DEBUG] [1756708889.942143183] [KortexMultiInterfaceHardware]: No controller active in LOW_LEVEL_SERVOING mode !
[DEBUG] [1756708889.942387378] [KortexMultiInterfaceHardware]: No controller active in LOW_LEVEL_SERVOING mode !
[DEBUG] [1756708889.942663100] [KortexMultiInterfaceHardware]: No controller active in LOW_LEVEL_SERVOING mode !
[DEBUG] [1756708889.942865392] [KortexMultiInterfaceHardware]: No controller active in LOW_LEVEL_SERVOING mode !
[DEBUG] [1756708889.943098874] [KortexMultiInterfaceHardware]: No controller active in LOW_LEVEL_SERVOING mode !
[DEBUG] [1756708889.943419792] [KortexMultiInterfaceHardware]: No controller active in LOW_LEVEL_SERVOING mode !
[DEBUG] [1756708889.943676778] [KortexMultiInterfaceHardware]: No controller active in LOW_LEVEL_SERVOING mode !
[DEBUG] [1756708889.943907011] [KortexMultiInterfaceHardware]: No controller active in LOW_LEVEL_SERVOING mode !
[DEBUG] [1756708889.944132872] [KortexMultiInterfaceHardware]: No controller active in LOW_LEVEL_SERVOING mode !
[DEBUG] [1756708889.944410282] [KortexMultiInterfaceHardware]: No controller active in LOW_LEVEL_SERVOING mode !
[DEBUG] [1756708889.944675841] [KortexMultiInterfaceHardware]: No controller active in LOW_LEVEL_SERVOING mode !
[DEBUG] [1756708889.944956200] [KortexMultiInterfaceHardware]: No controller active in LOW_LEVEL_SERVOING mode !
[DEBUG] [1756708889.945181247] [KortexMultiInterfaceHardware]: No controller active in LOW_LEVEL_SERVOING mode !
[DEBUG] [1756708889.950401792] [KortexMultiInterfaceHardware]: No controller active in LOW_LEVEL_SERVOING mode !
[DEBUG] [1756708889.951075899] [KortexMultiInterfaceHardware]: No controller active in LOW_LEVEL_SERVOING mode !
[DEBUG] [1756708889.960344048] [KortexMultiInterfaceHardware]: No controller active in LOW_LEVEL_SERVOING mode !
[DEBUG] [1756708889.960655389] [KortexMultiInterfaceHardware]: No controller active in LOW_LEVEL_SERVOING mode !
[INFO] [1756708889.967878404] [controller_manager]: Loading controller 'left_joint_trajectory_controller'
[DEBUG] [1756708889.970386562] [KortexMultiInterfaceHardware]: No controller active in LOW_LEVEL_SERVOING mode !
[DEBUG] [1756708889.970740154] [KortexMultiInterfaceHardware]: No controller active in LOW_LEVEL_SERVOING mode !
[DEBUG] [1756708889.980397818] [KortexMultiInterfaceHardware]: No controller active in LOW_LEVEL_SERVOING mode !
[DEBUG] [1756708889.981081974] [KortexMultiInterfaceHardware]: No controller active in LOW_LEVEL_SERVOING mode !
[WARN] [1756708889.983618301] [left_joint_trajectory_controller]: [Deprecated]: "allow_nonzero_velocity_at_trajectory_end" is set to true. The default behavior will change to false.
[DEBUG] [1756708889.990342792] [KortexMultiInterfaceHardware]: No controller active in LOW_LEVEL_SERVOING mode !
[DEBUG] [1756708889.990678794] [KortexMultiInterfaceHardware]: No controller active in LOW_LEVEL_SERVOING mode !
[INFO] [1756708889.991574740] [controller_manager]: Loading controller 'right_joint_trajectory_controller'
[DEBUG] [1756708890.000354992] [KortexMultiInterfaceHardware]: No controller active in LOW_LEVEL_SERVOING mode !
[WARN] [1756708890.000409404] [right_joint_trajectory_controller]: [Deprecated]: "allow_nonzero_velocity_at_trajectory_end" is set to true. The default behavior will change to false.
[DEBUG] [1756708890.000711836] [KortexMultiInterfaceHardware]: No controller active in LOW_LEVEL_SERVOING mode !
[INFO] [1756708890.010220554] [controller_manager]: Loading controller 'joint_state_broadcaster'
[DEBUG] [1756708890.010758158] [KortexMultiInterfaceHardware]: No controller active in LOW_LEVEL_SERVOING mode !
[DEBUG] [1756708890.011214059] [KortexMultiInterfaceHardware]: No controller active in LOW_LEVEL_SERVOING mode !
[DEBUG] [1756708890.020387301] [KortexMultiInterfaceHardware]: No controller active in LOW_LEVEL_SERVOING mode !
[INFO] [1756708890.020410123] [controller_manager]: Loading controller 'fault_controller'
[DEBUG] [1756708890.020736257] [KortexMultiInterfaceHardware]: No controller active in LOW_LEVEL_SERVOING mode !
[DEBUG] [1756708890.030369279] [KortexMultiInterfaceHardware]: No controller active in LOW_LEVEL_SERVOING mode !
[INFO] [1756708890.030375353] [controller_manager]: Configuring controller 'left_joint_trajectory_controller'
[INFO] [1756708890.030546522] [left_joint_trajectory_controller]: No specific joint names are used for command interfaces. Using 'joints' parameter.
[INFO] [1756708890.030579847] [left_joint_trajectory_controller]: Command interfaces are [position] and state interfaces are [position velocity].
[INFO] [1756708890.030598681] [left_joint_trajectory_controller]: Using 'splines' interpolation method.
[DEBUG] [1756708890.030743335] [KortexMultiInterfaceHardware]: No controller active in LOW_LEVEL_SERVOING mode !
[INFO] [1756708890.031686808] [left_joint_trajectory_controller]: Controller state will be published at 100.00 Hz.
[INFO] [1756708890.034228023] [left_joint_trajectory_controller]: Action status changes will be monitored at 20.00 Hz.
[DEBUG] [1756708890.040370330] [KortexMultiInterfaceHardware]: No controller active in LOW_LEVEL_SERVOING mode !
[INFO] [1756708890.040464488] [controller_manager]: Configuring controller 'right_joint_trajectory_controller'
[INFO] [1756708890.040581673] [right_joint_trajectory_controller]: No specific joint names are used for command interfaces. Using 'joints' parameter.
[INFO] [1756708890.040593507] [right_joint_trajectory_controller]: Command interfaces are [position] and state interfaces are [position velocity].
[INFO] [1756708890.040602085] [right_joint_trajectory_controller]: Using 'splines' interpolation method.
[DEBUG] [1756708890.040753768] [KortexMultiInterfaceHardware]: No controller active in LOW_LEVEL_SERVOING mode !
[INFO] [1756708890.040950179] [right_joint_trajectory_controller]: Controller state will be published at 100.00 Hz.
[INFO] [1756708890.042278934] [right_joint_trajectory_controller]: Action status changes will be monitored at 20.00 Hz.
[DEBUG] [1756708890.050407890] [KortexMultiInterfaceHardware]: No controller active in LOW_LEVEL_SERVOING mode !
[INFO] [1756708890.050567169] [controller_manager]: Configuring controller 'joint_state_broadcaster'
[INFO] [1756708890.050611833] [joint_state_broadcaster]: 'joints' or 'interfaces' parameter is empty. All available state interfaces will be published
[DEBUG] [1756708890.051098852] [KortexMultiInterfaceHardware]: No controller active in LOW_LEVEL_SERVOING mode !
[INFO] [1756708890.060424145] [controller_manager]: Configuring controller 'fault_controller'
[DEBUG] [1756708890.060425121] [KortexMultiInterfaceHardware]: No controller active in LOW_LEVEL_SERVOING mode !
[DEBUG] [1756708890.060787645] [KortexMultiInterfaceHardware]: No controller active in LOW_LEVEL_SERVOING mode !
[INFO] [1756708890.070244166] [controller_manager]: Configuring controller 'right_joint_trajectory_controller'
[INFO] [1756708890.070375881] [right_joint_trajectory_controller]: No specific joint names are used for command interfaces. Using 'joints' parameter.
[INFO] [1756708890.070387106] [right_joint_trajectory_controller]: Command interfaces are [position] and state interfaces are [position velocity].
[INFO] [1756708890.070397502] [right_joint_trajectory_controller]: Using 'splines' interpolation method.
[DEBUG] [1756708890.070416862] [KortexMultiInterfaceHardware]: No controller active in LOW_LEVEL_SERVOING mode !
[INFO] [1756708890.070831919] [right_joint_trajectory_controller]: Controller state will be published at 100.00 Hz.
[DEBUG] [1756708890.070862447] [KortexMultiInterfaceHardware]: No controller active in LOW_LEVEL_SERVOING mode !
[INFO] [1756708890.072428696] [right_joint_trajectory_controller]: Action status changes will be monitored at 20.00 Hz.
[INFO] [1756708890.080153342] [controller_manager]: Configuring controller 'fault_controller'
[DEBUG] [1756708890.080417874] [KortexMultiInterfaceHardware]: No controller active in LOW_LEVEL_SERVOING mode !
[DEBUG] [1756708890.081069902] [KortexMultiInterfaceHardware]: No controller active in LOW_LEVEL_SERVOING mode !
[INFO] [1756708890.090267886] [controller_manager]: Configuring controller 'left_joint_trajectory_controller'
[INFO] [1756708890.090417670] [left_joint_trajectory_controller]: No specific joint names are used for command interfaces. Using 'joints' parameter.
[INFO] [1756708890.090431566] [left_joint_trajectory_controller]: Command interfaces are [position] and state interfaces are [position velocity].
[DEBUG] [1756708890.090424044] [KortexMultiInterfaceHardware]: No controller active in LOW_LEVEL_SERVOING mode !
[INFO] [1756708890.090440978] [left_joint_trajectory_controller]: Using 'splines' interpolation method.
[DEBUG] [1756708890.090795884] [KortexMultiInterfaceHardware]: No controller active in LOW_LEVEL_SERVOING mode !
[INFO] [1756708890.091021652] [left_joint_trajectory_controller]: Controller state will be published at 100.00 Hz.
[INFO] [1756708890.092570524] [left_joint_trajectory_controller]: Action status changes will be monitored at 20.00 Hz.
[INFO] [1756708890.100360166] [controller_manager]: Configuring controller 'joint_state_broadcaster'
[DEBUG] [1756708890.100401924] [KortexMultiInterfaceHardware]: No controller active in LOW_LEVEL_SERVOING mode !
[INFO] [1756708890.100430457] [joint_state_broadcaster]: 'joints' or 'interfaces' parameter is empty. All available state interfaces will be published
[DEBUG] [1756708890.100777079] [KortexMultiInterfaceHardware]: No controller active in LOW_LEVEL_SERVOING mode !
[DEBUG] [1756708890.110337501] [KortexMultiInterfaceHardware]: No controller active in LOW_LEVEL_SERVOING mode !
[DEBUG] [1756708890.110707105] [KortexMultiInterfaceHardware]: No controller active in LOW_LEVEL_SERVOING mode !
[DEBUG] [1756708890.120648780] [KortexMultiInterfaceHardware]: No controller active in LOW_LEVEL_SERVOING mode !
[DEBUG] [1756708890.130699797] [KortexMultiInterfaceHardware]: No controller active in LOW_LEVEL_SERVOING mode !
[DEBUG] [1756708890.140616481] [KortexMultiInterfaceHardware]: No controller active in LOW_LEVEL_SERVOING mode !
[DEBUG] [1756708890.150647914] [KortexMultiInterfaceHardware]: No controller active in LOW_LEVEL_SERVOING mode !
[DEBUG] [1756708890.160663307] [KortexMultiInterfaceHardware]: No controller active in LOW_LEVEL_SERVOING mode !
[DEBUG] [1756708890.170624994] [KortexMultiInterfaceHardware]: No controller active in LOW_LEVEL_SERVOING mode !
[DEBUG] [1756708890.180620844] [KortexMultiInterfaceHardware]: No controller active in LOW_LEVEL_SERVOING mode !
[DEBUG] [1756708890.190644444] [KortexMultiInterfaceHardware]: No controller active in LOW_LEVEL_SERVOING mode !
[DEBUG] [1756708890.200716411] [KortexMultiInterfaceHardware]: No controller active in LOW_LEVEL_SERVOING mode !
[DEBUG] [1756708890.210599255] [KortexMultiInterfaceHardware]: No controller active in LOW_LEVEL_SERVOING mode !
[DEBUG] [1756708890.220656243] [KortexMultiInterfaceHardware]: No controller active in LOW_LEVEL_SERVOING mode !
[DEBUG] [1756708890.230647122] [KortexMultiInterfaceHardware]: No controller active in LOW_LEVEL_SERVOING mode !
[DEBUG] [1756708890.240539297] [KortexMultiInterfaceHardware]: No controller active in LOW_LEVEL_SERVOING mode !
[DEBUG] [1756708890.250573933] [KortexMultiInterfaceHardware]: No controller active in LOW_LEVEL_SERVOING mode !
[DEBUG] [1756708890.260626649] [KortexMultiInterfaceHardware]: No controller active in LOW_LEVEL_SERVOING mode !
[DEBUG] [1756708890.270575593] [KortexMultiInterfaceHardware]: No controller active in LOW_LEVEL_SERVOING mode !
[DEBUG] [1756708890.280639340] [KortexMultiInterfaceHardware]: No controller active in LOW_LEVEL_SERVOING mode !
[DEBUG] [1756708890.290575408] [KortexMultiInterfaceHardware]: No controller active in LOW_LEVEL_SERVOING mode !
[DEBUG] [1756708890.300633293] [KortexMultiInterfaceHardware]: No controller active in LOW_LEVEL_SERVOING mode !
[DEBUG] [1756708890.310595755] [KortexMultiInterfaceHardware]: No controller active in LOW_LEVEL_SERVOING mode !
[DEBUG] [1756708890.544641454] [KortexMultiInterfaceHardware]: No controller active in LOW_LEVEL_SERVOING mode !
[DEBUG] [1756708890.545266775] [KortexMultiInterfaceHardware]: No controller active in LOW_LEVEL_SERVOING mode !
[DEBUG] [1756708890.546183489] [KortexMultiInterfaceHardware]: No controller active in LOW_LEVEL_SERVOING mode !
[DEBUG] [1756708890.550618611] [KortexMultiInterfaceHardware]: No controller active in LOW_LEVEL_SERVOING mode !
[DEBUG] [1756708890.560771897] [KortexMultiInterfaceHardware]: No controller active in LOW_LEVEL_SERVOING mode !
[DEBUG] [1756708890.570663180] [KortexMultiInterfaceHardware]: No controller active in LOW_LEVEL_SERVOING mode !
[DEBUG] [1756708890.580657014] [KortexMultiInterfaceHardware]: No controller active in LOW_LEVEL_SERVOING mode !
[DEBUG] [1756708890.590582694] [KortexMultiInterfaceHardware]: No controller active in LOW_LEVEL_SERVOING mode !
[DEBUG] [1756708890.600721602] [KortexMultiInterfaceHardware]: No controller active in LOW_LEVEL_SERVOING mode !
[DEBUG] [1756708890.610532227] [KortexMultiInterfaceHardware]: No controller active in LOW_LEVEL_SERVOING mode !
[DEBUG] [1756708890.620590987] [KortexMultiInterfaceHardware]: No controller active in LOW_LEVEL_SERVOING mode !
[DEBUG] [1756708890.630606532] [KortexMultiInterfaceHardware]: No controller active in LOW_LEVEL_SERVOING mode !
[DEBUG] [1756708890.640626798] [KortexMultiInterfaceHardware]: No controller active in LOW_LEVEL_SERVOING mode !
[DEBUG] [1756708890.650603286] [KortexMultiInterfaceHardware]: No controller active in LOW_LEVEL_SERVOING mode !
[DEBUG] [1756708890.660721440] [KortexMultiInterfaceHardware]: No controller active in LOW_LEVEL_SERVOING mode !
[DEBUG] [1756708890.670696525] [KortexMultiInterfaceHardware]: No controller active in LOW_LEVEL_SERVOING mode !
[DEBUG] [1756708890.680680869] [KortexMultiInterfaceHardware]: No controller active in LOW_LEVEL_SERVOING mode !
[DEBUG] [1756708890.690624601] [KortexMultiInterfaceHardware]: No controller active in LOW_LEVEL_SERVOING mode !
[DEBUG] [1756708890.700710455] [KortexMultiInterfaceHardware]: No controller active in LOW_LEVEL_SERVOING mode !
[DEBUG] [1756708890.710618498] [KortexMultiInterfaceHardware]: No controller active in LOW_LEVEL_SERVOING mode !
[DEBUG] [1756708890.720704426] [KortexMultiInterfaceHardware]: No controller active in LOW_LEVEL_SERVOING mode !
[DEBUG] [1756708890.730741626] [KortexMultiInterfaceHardware]: No controller active in LOW_LEVEL_SERVOING mode !
[DEBUG] [1756708890.740642252] [KortexMultiInterfaceHardware]: No controller active in LOW_LEVEL_SERVOING mode !
[WARN] [1756708891.509034604] [controller_manager]: Controller with name 'right_joint_trajectory_controller' is not inactive so its following controllers do not have to be checked, because it cannot be activated.
[WARN] [1756708891.509071894] [controller_manager]: Could not activate controller with name 'right_joint_trajectory_controller'. Check above warnings for more details. Check the state of the controllers and their required interfaces using `ros2 control list_controllers -v` CLI to get more information.
[ERROR] [1756708891.509076987] [controller_manager]: Aborting, no controller is switched! (::STRICT switch)
[WARN] [1756708891.509166333] [controller_manager]: Controller with name 'fault_controller' is not inactive so its following controllers do not have to be checked, because it cannot be activated.
[WARN] [1756708891.509172141] [controller_manager]: Could not activate controller with name 'fault_controller'. Check above warnings for more details. Check the state of the controllers and their required interfaces using `ros2 control list_controllers -v` CLI to get more information.
[ERROR] [1756708891.509175814] [controller_manager]: Aborting, no controller is switched! (::STRICT switch)
[WARN] [1756708891.509322548] [controller_manager]: Controller with name 'left_joint_trajectory_controller' is not inactive so its following controllers do not have to be checked, because it cannot be activated.
[WARN] [1756708891.509383180] [controller_manager]: Could not activate controller with name 'left_joint_trajectory_controller'. Check above warnings for more details. Check the state of the controllers and their required interfaces using `ros2 control list_controllers -v` CLI to get more information.
[ERROR] [1756708891.509413076] [controller_manager]: Aborting, no controller is switched! (::STRICT switch)
[WARN] [1756708891.509786489] [controller_manager]: Controller with name 'joint_state_broadcaster' is not inactive so its following controllers do not have to be checked, because it cannot be activated.
[WARN] [1756708891.509818388] [controller_manager]: Could not activate controller with name 'joint_state_broadcaster'. Check above warnings for more details. Check the state of the controllers and their required interfaces using `ros2 control list_controllers -v` CLI to get more information.
[ERROR] [1756708891.509846749] [controller_manager]: Aborting, no controller is switched! (::STRICT switch)
[INFO] [1756709157.608207006] [controller_manager]: Received robot description file.
[WARN] [1756709157.608260893] [controller_manager]: ResourceManager has already loaded an urdf file. Ignoring attempt to reload a robot description file.
[INFO] [1756709203.287596016] [rclcpp]: signal_handler(signum=2)
[INFO] [1756709203.287773179] [controller_manager]: Shutdown request received....
[INFO] [1756709203.287828287] [controller_manager]: Shutting down all controllers in the controller manager.
[INFO] [1756709203.287850168] [controller_manager]: Deactivating controller 'left_joint_trajectory_controller'
[INFO] [1756709203.287886883] [controller_manager]: Shutting down controller 'left_joint_trajectory_controller'
[INFO] [1756709203.287912081] [controller_manager]: Deactivating controller 'right_joint_trajectory_controller'
[INFO] [1756709203.287931499] [controller_manager]: Shutting down controller 'right_joint_trajectory_controller'
[INFO] [1756709203.287946365] [controller_manager]: Deactivating controller 'joint_state_broadcaster'
[INFO] [1756709203.287966642] [controller_manager]: Shutting down controller 'joint_state_broadcaster'
[INFO] [1756709203.287981810] [controller_manager]: Deactivating controller 'fault_controller'
[INFO] [1756709203.290565721] [controller_manager]: Shutting down controller 'fault_controller'
[INFO] [1756709203.290814635] [resource_manager]: 'deactivate' hardware 'right_KortexMultiInterfaceHardware' 
[INFO] [1756709203.290830007] [KortexMultiInterfaceHardware]: Deactivating KortexMultiInterfaceHardware...
[INFO] [1756709203.836584319] [KortexMultiInterfaceHardware]: KortexMultiInterfaceHardware successfully deactivated!
[INFO] [1756709203.836616229] [resource_manager]: Successful 'deactivate' of hardware 'right_KortexMultiInterfaceHardware'
[INFO] [1756709203.836624749] [resource_manager]: 'shutdown' hardware 'right_KortexMultiInterfaceHardware' 
[INFO] [1756709203.836631129] [resource_manager]: Successful 'shutdown' of hardware 'right_KortexMultiInterfaceHardware'
[INFO] [1756709203.836641380] [resource_manager]: 'deactivate' hardware 'left_KortexMultiInterfaceHardware' 
[INFO] [1756709203.836646573] [KortexMultiInterfaceHardware]: Deactivating KortexMultiInterfaceHardware...
[INFO] [1756709204.374874354] [KortexMultiInterfaceHardware]: KortexMultiInterfaceHardware successfully deactivated!
[INFO] [1756709204.374905402] [resource_manager]: Successful 'deactivate' of hardware 'left_KortexMultiInterfaceHardware'
[INFO] [1756709204.374912541] [resource_manager]: 'shutdown' hardware 'left_KortexMultiInterfaceHardware' 
[INFO] [1756709204.374917918] [resource_manager]: Successful 'shutdown' of hardware 'left_KortexMultiInterfaceHardware'
[INFO] [1756709204.374926297] [controller_manager]: Shutting down the controller manager.
