[INFO] [1756731279.913519036] [rviz2]: Stereo is NOT SUPPORTED
[INFO] [1756731279.913586313] [rviz2]: OpenGl version: 4.6 (GLSL 4.6)
[INFO] [1756731279.954421455] [rviz2]: Stereo is NOT SUPPORTED
[ERROR] [1756731283.105327541] [moveit_ros_visualization.motion_planning_frame]: Action server: /recognize_objects not available
[INFO] [1756731283.117695739] [moveit_ros_visualization.motion_planning_frame]: MoveGroup namespace changed: / -> . Reloading params.
[INFO] [1756731283.196773872] [rviz2]: Stereo is NOT SUPPORTED
[INFO] [1756731283.219817334] [moveit_rdf_loader.rdf_loader]: Loaded robot model in 0.0201754 seconds
[INFO] [1756731283.219844906] [moveit_robot_model.robot_model]: Loading robot model 'ea200'...
[INFO] [1756731283.219851928] [moveit_robot_model.robot_model]: No root/virtual joint specified in SRDF. Assuming fixed joint
[ERROR] [1756731283.584720630] [moveit_kinematics_base.kinematics_base]: Group 'dual_arm' is not a chain
[ERROR] [1756731283.584737312] [kinematics_plugin_loader]: Kinematics solver of type 'kdl_kinematics_plugin/KDLKinematicsPlugin' could not be initialized for group 'dual_arm'
[ERROR] [1756731283.584746563] [moveit_ros.robot_model_loader]: Kinematics solver could not be instantiated for joint group dual_arm.
[INFO] [1756731284.540315505] [moveit_ros.planning_scene_monitor.planning_scene_monitor]: Starting planning scene monitor
[INFO] [1756731284.540758282] [moveit_ros.planning_scene_monitor.planning_scene_monitor]: Listening to '/monitored_planning_scene'
[INFO] [1756731285.641841898] [interactive_marker_display_103955578848736]: Connected on namespace: /rviz_moveit_motion_planning_display/robot_interaction_interactive_marker_topic
[INFO] [1756731285.677147550] [moveit_ros_visualization.motion_planning_frame]: group dual_arm
[INFO] [1756731285.677166014] [moveit_ros_visualization.motion_planning_frame]: Constructing new MoveGroup connection for group 'dual_arm' in namespace ''
[INFO] [1756731285.682660137] [move_group_interface]: Ready to take commands for planning group dual_arm.
[INFO] [1756731285.817134957] [interactive_marker_display_103955578848736]: Sending request for interactive markers
[INFO] [1756731285.935961384] [interactive_marker_display_103955578848736]: Service response received for initialization
[INFO] [1756731293.479349144] [move_group_interface]: MoveGroup action client/server ready
[INFO] [1756731293.480015965] [move_group_interface]: Planning request accepted
[INFO] [1756731293.508118285] [move_group_interface]: Planning request complete!
[INFO] [1756731293.509159571] [move_group_interface]: time taken to generate plan: 0.0218833 seconds
[INFO] [1756731295.190050549] [move_group_interface]: Execute request accepted
[INFO] [1756731300.292063963] [move_group_interface]: Execute request success!
[INFO] [1756731303.071845231] [move_group_interface]: MoveGroup action client/server ready
[INFO] [1756731303.072172738] [move_group_interface]: Planning request accepted
[INFO] [1756731303.096580806] [move_group_interface]: Planning request complete!
[INFO] [1756731303.097198160] [move_group_interface]: time taken to generate plan: 0.0194295 seconds
[INFO] [1756731305.710527265] [move_group_interface]: Execute request accepted
[INFO] [1756731310.562187380] [move_group_interface]: Execute request success!
[INFO] [1756731322.689073300] [move_group_interface]: MoveGroup action client/server ready
[INFO] [1756731322.689435159] [move_group_interface]: Planning request accepted
[INFO] [1756731322.738863840] [move_group_interface]: Planning request complete!
[INFO] [1756731322.739921906] [move_group_interface]: time taken to generate plan: 0.00922111 seconds
[INFO] [1756731352.146151991] [move_group_interface]: Execute request accepted
[INFO] [1756731397.001509308] [move_group_interface]: Execute request success!
