[INFO] [1756015045.945531987] [rviz2]: Stereo is NOT SUPPORTED
[INFO] [1756015045.945584634] [rviz2]: OpenGl version: 4.6 (GLSL 4.6)
[INFO] [1756015046.091229950] [rviz2]: Stereo is NOT SUPPORTED
[ERROR] [1756015049.164694339] [moveit_ros_visualization.motion_planning_frame]: Action server: /recognize_objects not available
[INFO] [1756015049.186658887] [moveit_ros_visualization.motion_planning_frame]: MoveGroup namespace changed: / -> . Reloading params.
[INFO] [1756015049.252705570] [rviz2]: Stereo is NOT SUPPORTED
[INFO] [1756015049.274655670] [moveit_rdf_loader.rdf_loader]: Loaded robot model in 0.0183172 seconds
[INFO] [1756015049.274686917] [moveit_robot_model.robot_model]: Loading robot model 'ea200'...
[INFO] [1756015049.274693663] [moveit_robot_model.robot_model]: No root/virtual joint specified in SRDF. Assuming fixed joint
[ERROR] [1756015049.590233893] [moveit_kinematics_base.kinematics_base]: Group 'dual_arm' is not a chain
[ERROR] [1756015049.590247426] [kinematics_plugin_loader]: Kinematics solver of type 'kdl_kinematics_plugin/KDLKinematicsPlugin' could not be initialized for group 'dual_arm'
[ERROR] [1756015049.590255651] [moveit_ros.robot_model_loader]: Kinematics solver could not be instantiated for joint group dual_arm.
[INFO] [1756015050.351699289] [moveit_ros.planning_scene_monitor.planning_scene_monitor]: Starting planning scene monitor
[INFO] [1756015050.352353470] [moveit_ros.planning_scene_monitor.planning_scene_monitor]: Listening to '/monitored_planning_scene'
[INFO] [1756015051.237602677] [interactive_marker_display_96904546231568]: Connected on namespace: /rviz_moveit_motion_planning_display/robot_interaction_interactive_marker_topic
[INFO] [1756015051.268178857] [moveit_ros_visualization.motion_planning_frame]: group dual_arm
[INFO] [1756015051.268189695] [moveit_ros_visualization.motion_planning_frame]: Constructing new MoveGroup connection for group 'dual_arm' in namespace ''
[INFO] [1756015051.277388038] [move_group_interface]: Ready to take commands for planning group dual_arm.
[INFO] [1756015051.511067754] [interactive_marker_display_96904546231568]: Sending request for interactive markers
[INFO] [1756015051.592699230] [interactive_marker_display_96904546231568]: Service response received for initialization
