[INFO] [1756008262.989677895] [rviz2]: Stereo is NOT SUPPORTED
[INFO] [1756008262.989731423] [rviz2]: OpenGl version: 4.6 (GLSL 4.6)
[INFO] [1756008263.015165567] [rviz2]: Stereo is NOT SUPPORTED
[ERROR] [1756008266.158329869] [moveit_ros_visualization.motion_planning_frame]: Action server: /recognize_objects not available
[INFO] [1756008266.177434051] [moveit_ros_visualization.motion_planning_frame]: MoveGroup namespace changed: / -> . Reloading params.
[INFO] [1756008266.213043541] [rviz2]: Stereo is NOT SUPPORTED
[INFO] [1756008266.245912209] [moveit_rdf_loader.rdf_loader]: Loaded robot model in 0.0191744 seconds
[INFO] [1756008266.245940621] [moveit_robot_model.robot_model]: Loading robot model 'ea200'...
[INFO] [1756008266.245947659] [moveit_robot_model.robot_model]: No root/virtual joint specified in SRDF. Assuming fixed joint
[ERROR] [1756008266.555940004] [moveit_kinematics_base.kinematics_base]: Group 'dual_arm' is not a chain
[ERROR] [1756008266.555959917] [kinematics_plugin_loader]: Kinematics solver of type 'kdl_kinematics_plugin/KDLKinematicsPlugin' could not be initialized for group 'dual_arm'
[ERROR] [1756008266.555972439] [moveit_ros.robot_model_loader]: Kinematics solver could not be instantiated for joint group dual_arm.
[INFO] [1756008267.335986031] [moveit_ros.planning_scene_monitor.planning_scene_monitor]: Starting planning scene monitor
[INFO] [1756008267.336290993] [moveit_ros.planning_scene_monitor.planning_scene_monitor]: Listening to '/monitored_planning_scene'
[INFO] [1756008268.290587075] [interactive_marker_display_103652690816592]: Connected on namespace: /rviz_moveit_motion_planning_display/robot_interaction_interactive_marker_topic
[INFO] [1756008268.320005010] [moveit_ros_visualization.motion_planning_frame]: group dual_arm
[INFO] [1756008268.320016950] [moveit_ros_visualization.motion_planning_frame]: Constructing new MoveGroup connection for group 'dual_arm' in namespace ''
[INFO] [1756008268.324164609] [move_group_interface]: Ready to take commands for planning group dual_arm.
[INFO] [1756008268.460324189] [interactive_marker_display_103652690816592]: Sending request for interactive markers
[INFO] [1756008268.603108440] [interactive_marker_display_103652690816592]: Service response received for initialization
[INFO] [1756008306.263576418] [move_group_interface]: Plan and Execute request accepted
[INFO] [1756008324.777616482] [move_group_interface]: Plan and Execute request aborted
[ERROR] [1756008324.778109987] [move_group_interface]: MoveGroupInterface::move() failed or timeout reached
[INFO] [1756008642.532788368] [moveit_ros_visualization.motion_planning_frame]: group left_arm
[INFO] [1756008642.532840126] [moveit_ros_visualization.motion_planning_frame]: Constructing new MoveGroup connection for group 'left_arm' in namespace ''
[INFO] [1756008642.543959403] [move_group_interface]: Ready to take commands for planning group left_arm.
[INFO] [1756008659.770056698] [moveit_ros_visualization.motion_planning_frame]: group dual_arm
[INFO] [1756008659.770098211] [moveit_ros_visualization.motion_planning_frame]: Constructing new MoveGroup connection for group 'dual_arm' in namespace ''
[INFO] [1756008659.779862447] [move_group_interface]: Ready to take commands for planning group dual_arm.
[INFO] [1756008708.954720961] [move_group_interface]: MoveGroup action client/server ready
[INFO] [1756008708.955285883] [move_group_interface]: Planning request accepted
[INFO] [1756008709.113594252] [move_group_interface]: Planning request aborted
[ERROR] [1756008709.114191004] [move_group_interface]: MoveGroupInterface::plan() failed or timeout reached
[INFO] [1756008716.021812587] [move_group_interface]: MoveGroup action client/server ready
[INFO] [1756008716.022274254] [move_group_interface]: Planning request accepted
[INFO] [1756008716.109206366] [move_group_interface]: Planning request aborted
[ERROR] [1756008716.109620025] [move_group_interface]: MoveGroupInterface::plan() failed or timeout reached
[INFO] [1756008749.987261586] [move_group_interface]: MoveGroup action client/server ready
[INFO] [1756008749.987846991] [move_group_interface]: Planning request accepted
[INFO] [1756008750.119226467] [move_group_interface]: Planning request aborted
[ERROR] [1756008750.119306553] [move_group_interface]: MoveGroupInterface::plan() failed or timeout reached
[INFO] [1756008769.010942261] [move_group_interface]: Plan and Execute request accepted
[INFO] [1756008769.132478631] [move_group_interface]: Plan and Execute request aborted
[ERROR] [1756008769.132962675] [move_group_interface]: MoveGroupInterface::move() failed or timeout reached
[INFO] [1756008774.466003457] [move_group_interface]: Plan and Execute request accepted
[INFO] [1756008774.573082509] [move_group_interface]: Plan and Execute request aborted
[ERROR] [1756008774.573224704] [move_group_interface]: MoveGroupInterface::move() failed or timeout reached
[INFO] [1756008784.480027884] [move_group_interface]: Plan and Execute request accepted
[INFO] [1756008784.591502626] [move_group_interface]: Plan and Execute request aborted
[ERROR] [1756008784.591861383] [move_group_interface]: MoveGroupInterface::move() failed or timeout reached
[WARN] [1756008792.695963818] [moveit_ros_visualization.motion_planning_frame_planning]: Unable to find a random collision free configuration after 100 attempts
[INFO] [1756008803.492041431] [move_group_interface]: MoveGroup action client/server ready
[INFO] [1756008803.492456637] [move_group_interface]: Planning request accepted
[INFO] [1756008803.641613279] [move_group_interface]: Planning request aborted
[ERROR] [1756008803.641994342] [move_group_interface]: MoveGroupInterface::plan() failed or timeout reached
[INFO] [1756008812.415618237] [move_group_interface]: Plan and Execute request accepted
[INFO] [1756008812.554290386] [move_group_interface]: Plan and Execute request aborted
[ERROR] [1756008812.554375034] [move_group_interface]: MoveGroupInterface::move() failed or timeout reached
[INFO] [1756008815.626791842] [move_group_interface]: Plan and Execute request accepted
[INFO] [1756008815.779866472] [move_group_interface]: Plan and Execute request aborted
[ERROR] [1756008815.780426496] [move_group_interface]: MoveGroupInterface::move() failed or timeout reached
[INFO] [1756008815.947330232] [move_group_interface]: Plan and Execute request accepted
[INFO] [1756008816.077103561] [move_group_interface]: Plan and Execute request aborted
[ERROR] [1756008816.077314982] [move_group_interface]: MoveGroupInterface::move() failed or timeout reached
[INFO] [1756008834.523439986] [moveit_ros_visualization.motion_planning_frame]: group left_arm
[INFO] [1756008834.523479805] [moveit_ros_visualization.motion_planning_frame]: Constructing new MoveGroup connection for group 'left_arm' in namespace ''
[INFO] [1756008834.534566423] [move_group_interface]: Ready to take commands for planning group left_arm.
[INFO] [1756008838.655307296] [move_group_interface]: Plan and Execute request accepted
[INFO] [1756008884.536297025] [move_group_interface]: Plan and Execute request complete!
[INFO] [1756009156.763576177] [moveit_ros_visualization.motion_planning_frame]: group dual_arm
[INFO] [1756009156.763618859] [moveit_ros_visualization.motion_planning_frame]: Constructing new MoveGroup connection for group 'dual_arm' in namespace ''
[INFO] [1756009156.771932012] [move_group_interface]: Ready to take commands for planning group dual_arm.
[INFO] [1756009205.172453824] [move_group_interface]: Plan and Execute request accepted
[INFO] [1756009205.294657395] [move_group_interface]: Plan and Execute request aborted
[ERROR] [1756009205.294960148] [move_group_interface]: MoveGroupInterface::move() failed or timeout reached
[INFO] [1756009261.013860219] [moveit_ros_visualization.motion_planning_frame]: group right_arm
[INFO] [1756009261.013907218] [moveit_ros_visualization.motion_planning_frame]: Constructing new MoveGroup connection for group 'right_arm' in namespace ''
[INFO] [1756009261.023945677] [move_group_interface]: Ready to take commands for planning group right_arm.
[INFO] [1756009263.388128565] [move_group_interface]: Plan and Execute request accepted
[I