[INFO] [1756009875.886284897] [rviz2]: Stereo is NOT SUPPORTED
[INFO] [1756009875.886350981] [rviz2]: OpenGl version: 4.6 (GLSL 4.6)
[INFO] [1756009875.919642411] [rviz2]: Stereo is NOT SUPPORTED
[ERROR] [1756009879.025028693] [moveit_ros_visualization.motion_planning_frame]: Action server: /recognize_objects not available
[INFO] [1756009879.046057357] [moveit_ros_visualization.motion_planning_frame]: MoveGroup namespace changed: / -> . Reloading params.
[INFO] [1756009879.085892855] [rviz2]: Stereo is NOT SUPPORTED
[INFO] [1756009879.121990753] [moveit_rdf_loader.rdf_loader]: Loaded robot model in 0.0204847 seconds
[INFO] [1756009879.122016963] [moveit_robot_model.robot_model]: Loading robot model 'ea200'...
[INFO] [1756009879.122023051] [moveit_robot_model.robot_model]: No root/virtual joint specified in SRDF. Assuming fixed joint
[ERROR] [1756009879.420462770] [moveit_kinematics_base.kinematics_base]: Group 'dual_arm' is not a chain
[ERROR] [1756009879.420479311] [kinematics_plugin_loader]: Kinematics solver of type 'kdl_kinematics_plugin/KDLKinematicsPlugin' could not be initialized for group 'dual_arm'
[ERROR] [1756009879.420487664] [moveit_ros.robot_model_loader]: Kinematics solver could not be instantiated for joint group dual_arm.
[INFO] [1756009880.180586432] [moveit_ros.planning_scene_monitor.planning_scene_monitor]: Starting planning scene monitor
[INFO] [1756009880.181187844] [moveit_ros.planning_scene_monitor.planning_scene_monitor]: Listening to '/monitored_planning_scene'
[INFO] [1756009881.053387153] [interactive_marker_display_96486273757648]: Connected on namespace: /rviz_moveit_motion_planning_display/robot_interaction_interactive_marker_topic
[INFO] [1756009881.082171718] [moveit_ros_visualization.motion_planning_frame]: group dual_arm
[INFO] [1756009881.082183631] [moveit_ros_visualization.motion_planning_frame]: Constructing new MoveGroup connection for group 'dual_arm' in namespace ''
[INFO] [1756009881.087742920] [move_group_interface]: Ready to take commands for planning group dual_arm.
[INFO] [1756009881.224591280] [interactive_marker_display_96486273757648]: Sending request for interactive markers
[INFO] [1756009881.355547723] [interactive_marker_display_96486273757648]: Service response received for initialization
