[INFO] [1756530500.256141819] [rviz2]: Stereo is NOT SUPPORTED
[INFO] [1756530500.256201741] [rviz2]: OpenGl version: 4.6 (GLSL 4.6)
[INFO] [1756530500.274690140] [rviz2]: Stereo is NOT SUPPORTED
[ERROR] [1756530503.381881684] [moveit_ros_visualization.motion_planning_frame]: Action server: /recognize_objects not available
[INFO] [1756530503.390768756] [moveit_ros_visualization.motion_planning_frame]: MoveGroup namespace changed: / -> . Reloading params.
[INFO] [1756530503.419850207] [rviz2]: Stereo is NOT SUPPORTED
[INFO] [1756530503.453880294] [moveit_rdf_loader.rdf_loader]: Loaded robot model in 0.0194445 seconds
[INFO] [1756530503.453906347] [moveit_robot_model.robot_model]: Loading robot model 'ea200'...
[INFO] [1756530503.453912394] [moveit_robot_model.robot_model]: No root/virtual joint specified in SRDF. Assuming fixed joint
[ERROR] [1756530503.780582892] [moveit_kinematics_base.kinematics_base]: Group 'dual_arm' is not a chain
[ERROR] [1756530503.780601266] [kinematics_plugin_loader]: Kinematics solver of type 'kdl_kinematics_plugin/KDLKinematicsPlugin' could not be initialized for group 'dual_arm'
[ERROR] [1756530503.780613763] [moveit_ros.robot_model_loader]: Kinematics solver could not be instantiated for joint group dual_arm.
[INFO] [1756530504.644409760] [moveit_ros.planning_scene_monitor.planning_scene_monitor]: Starting planning scene monitor
[INFO] [1756530504.644729810] [moveit_ros.planning_scene_monitor.planning_scene_monitor]: Listening to '/monitored_planning_scene'
[INFO] [1756530505.625405032] [interactive_marker_display_105676773109040]: Connected on namespace: /rviz_moveit_motion_planning_display/robot_interaction_interactive_marker_topic
[INFO] [1756530505.656685600] [moveit_ros_visualization.motion_planning_frame]: group dual_arm
[INFO] [1756530505.656699358] [moveit_ros_visualization.motion_planning_frame]: Constructing new MoveGroup connection for group 'dual_arm' in namespace ''
[INFO] [1756530505.661038147] [move_group_interface]: Ready to take commands for planning group dual_arm.
[INFO] [1756530505.791863569] [interactive_marker_display_105676773109040]: Sending request for interactive markers
[INFO] [1756530505.908782734] [interactive_marker_display_105676773109040]: Service response received for initialization
[INFO] [1756530575.304828032] [moveit_ros_visualization.motion_planning_frame_context]: Connect to database: {host: 127.0.0.1, port: 33829}
[ERROR] [1756530575.305515378] [warehouse_ros.database_loader]: Exception while loading database plugin 'warehouse_ros_mongo::MongoDatabaseConnection': According to the loaded plugin descriptions the class warehouse_ros_mongo::MongoDatabaseConnection with base class type warehouse_ros::DatabaseConnection does not exist. Declared types are 

[INFO] [1756530575.772527246] [moveit_ros_visualization.motion_planning_frame_context]: Connect to database: {host: 127.0.0.1, port: 33829}
[ERROR] [1756530575.772591977] [warehouse_ros.database_loader]: Exception while loading database plugin 'warehouse_ros_mongo::MongoDatabaseConnection': According to the loaded plugin descriptions the class warehouse_ros_mongo::MongoDatabaseConnection with base class type warehouse_ros::DatabaseConnection does not exist. Declared types are 

[INFO] [1756530576.112245505] [moveit_ros_visualization.motion_planning_frame_context]: Connect to database: {host: 127.0.0.1, port: 33829}
[ERROR] [1756530576.112298648] [warehouse_ros.database_loader]: Exception while loading database plugin 'warehouse_ros_mongo::MongoDatabaseConnection': According to the loaded plugin descriptions the class warehouse_ros_mongo::MongoDatabaseConnection with base class type warehouse_ros::DatabaseConnection does not exist. Declared types are 

[INFO] [1756530576.402160996] [moveit_ros_visualization.motion_planning_frame_context]: Connect to database: {host: 127.0.0.1, port: 33829}
[ERROR] [1756530576.402210775] [warehouse_ros.database_loader]: Exception while loading database plugin 'warehouse_ros_mongo::MongoDatabaseConnection': According to the loaded plugin descriptions the class warehouse_ros_mongo::MongoDatabaseConnection with base class type warehouse_ros::DatabaseConnection does not exist. Declared types are 

[INFO] [1756530576.573012143] [moveit_ros_visualization.motion_planning_frame_context]: Connect to database: {host: 127.0.0.1, port: 33829}
[ERROR] [1756530576.573054270] [warehouse_ros.database_loader]: Exception while loading database plugin 'warehouse_ros_mongo::MongoDatabaseConnection': According to the loaded plugin descriptions the class warehouse_ros_mongo::MongoDatabaseConnection with base class type warehouse_ros::DatabaseConnection does not exist. Declared types are 

