[INFO] [1756014949.892734733] [rviz2]: Stereo is NOT SUPPORTED
[INFO] [1756014949.892799180] [rviz2]: OpenGl version: 4.6 (GLSL 4.6)
[INFO] [1756014949.961792063] [rviz2]: Stereo is NOT SUPPORTED
[ERROR] [1756014953.099075192] [moveit_ros_visualization.motion_planning_frame]: Action server: /recognize_objects not available
[INFO] [1756014953.122625153] [moveit_ros_visualization.motion_planning_frame]: MoveGroup namespace changed: / -> . Reloading params.
[INFO] [1756014953.191761280] [rviz2]: Stereo is NOT SUPPORTED
[INFO] [1756014953.216218988] [moveit_rdf_loader.rdf_loader]: Loaded robot model in 0.0202843 seconds
[INFO] [1756014953.216244153] [moveit_robot_model.robot_model]: Loading robot model 'ea200'...
[INFO] [1756014953.216250809] [moveit_robot_model.robot_model]: No root/virtual joint specified in SRDF. Assuming fixed joint
[ERROR] [1756014953.518631637] [moveit_kinematics_base.kinematics_base]: Group 'dual_arm' is not a chain
[ERROR] [1756014953.518646056] [kinematics_plugin_loader]: Kinematics solver of type 'kdl_kinematics_plugin/KDLKinematicsPlugin' could not be initialized for group 'dual_arm'
[ERROR] [1756014953.518653737] [moveit_ros.robot_model_loader]: Kinematics solver could not be instantiated for joint group dual_arm.
[INFO] [1756014954.291284246] [moveit_ros.planning_scene_monitor.planning_scene_monitor]: Starting planning scene monitor
[INFO] [1756014954.291776123] [moveit_ros.planning_scene_monitor.planning_scene_monitor]: Listening to '/monitored_planning_scene'
[INFO] [1756014955.251228098] [interactive_marker_display_96936594252864]: Connected on namespace: /rviz_moveit_motion_planning_display/robot_interaction_interactive_marker_topic
[INFO] [1756014955.281948317] [moveit_ros_visualization.motion_planning_frame]: group dual_arm
[INFO] [1756014955.281959161] [moveit_ros_visualization.motion_planning_frame]: Constructing new MoveGroup connection for group 'dual_arm' in namespace ''
[INFO] [1756014955.287141541] [move_group_interface]: Ready to take commands for planning group dual_arm.
[INFO] [1756014955.418442657] [interactive_marker_display_96936594252864]: Sending request for interactive markers
[INFO] [1756014955.537238266] [interactive_marker_display_96936594252864]: Service response received for initialization
