running egg_info
writing build/bt_task_manager_ros2/bt_task_manager_ros2.egg-info/PKG-INFO
writing dependency_links to build/bt_task_manager_ros2/bt_task_manager_ros2.egg-info/dependency_links.txt
writing entry points to build/bt_task_manager_ros2/bt_task_manager_ros2.egg-info/entry_points.txt
writing requirements to build/bt_task_manager_ros2/bt_task_manager_ros2.egg-info/requires.txt
writing top-level names to build/bt_task_manager_ros2/bt_task_manager_ros2.egg-info/top_level.txt
reading manifest file 'build/bt_task_manager_ros2/bt_task_manager_ros2.egg-info/SOURCES.txt'
writing manifest file 'build/bt_task_manager_ros2/bt_task_manager_ros2.egg-info/SOURCES.txt'
running build
running build_py
running install
running install_lib
running install_data
running install_egg_info
removing '/home/rpp/rpp_ws/src/application/bt_task_manager_ros2/install/bt_task_manager_ros2/lib/python3.10/site-packages/bt_task_manager_ros2-0.0.0-py3.10.egg-info' (and everything under it)
Copying build/bt_task_manager_ros2/bt_task_manager_ros2.egg-info to /home/rpp/rpp_ws/src/application/bt_task_manager_ros2/install/bt_task_manager_ros2/lib/python3.10/site-packages/bt_task_manager_ros2-0.0.0-py3.10.egg-info
running install_scripts
Installing aruco_detector_node script to /home/rpp/rpp_ws/src/application/bt_task_manager_ros2/install/bt_task_manager_ros2/lib/bt_task_manager_ros2
Installing chassis script to /home/rpp/rpp_ws/src/application/bt_task_manager_ros2/install/bt_task_manager_ros2/lib/bt_task_manager_ros2
Installing controller_node script to /home/rpp/rpp_ws/src/application/bt_task_manager_ros2/install/bt_task_manager_ros2/lib/bt_task_manager_ros2
Installing grasp_node script to /home/rpp/rpp_ws/src/application/bt_task_manager_ros2/install/bt_task_manager_ros2/lib/bt_task_manager_ros2
Installing gripper script to /home/rpp/rpp_ws/src/application/bt_task_manager_ros2/install/bt_task_manager_ros2/lib/bt_task_manager_ros2
Installing moveit_arm script to /home/rpp/rpp_ws/src/application/bt_task_manager_ros2/install/bt_task_manager_ros2/lib/bt_task_manager_ros2
Installing navigation script to /home/rpp/rpp_ws/src/application/bt_task_manager_ros2/install/bt_task_manager_ros2/lib/bt_task_manager_ros2
Installing test script to /home/rpp/rpp_ws/src/application/bt_task_manager_ros2/install/bt_task_manager_ros2/lib/bt_task_manager_ros2
writing list of installed files to '/home/rpp/rpp_ws/src/application/bt_task_manager_ros2/build/bt_task_manager_ros2/install.log'
