[0.561s] Invoking command in '/home/rpp/rpp_ws/src/application/bt_task_manager_ros2': PYTHONPATH=/home/rpp/rpp_ws/src/application/bt_task_manager_ros2/build/bt_task_manager_ros2/prefix_override:/usr/lib/python3/dist-packages/colcon_core/task/python/colcon_distutils_commands:/home/rpp/rpp_ws/src/application/bt_task_manager_ros2/install/bt_task_manager_ros2/lib/python3.10/site-packages:${PYTHONPATH} /usr/bin/python3 -W ignore:setup.py install is deprecated -W ignore:easy_install command is deprecated setup.py egg_info --egg-base build/bt_task_manager_ros2 build --build-base /home/rpp/rpp_ws/src/application/bt_task_manager_ros2/build/bt_task_manager_ros2/build install --record /home/rpp/rpp_ws/src/application/bt_task_manager_ros2/build/bt_task_manager_ros2/install.log --single-version-externally-managed install_data
[0.755s] running egg_info
[0.755s] writing build/bt_task_manager_ros2/bt_task_manager_ros2.egg-info/PKG-INFO
[0.755s] writing dependency_links to build/bt_task_manager_ros2/bt_task_manager_ros2.egg-info/dependency_links.txt
[0.755s] writing entry points to build/bt_task_manager_ros2/bt_task_manager_ros2.egg-info/entry_points.txt
[0.755s] writing requirements to build/bt_task_manager_ros2/bt_task_manager_ros2.egg-info/requires.txt
[0.755s] writing top-level names to build/bt_task_manager_ros2/bt_task_manager_ros2.egg-info/top_level.txt
[0.757s] reading manifest file 'build/bt_task_manager_ros2/bt_task_manager_ros2.egg-info/SOURCES.txt'
[0.758s] writing manifest file 'build/bt_task_manager_ros2/bt_task_manager_ros2.egg-info/SOURCES.txt'
[0.758s] running build
[0.758s] running build_py
[0.758s] running install
[0.758s] running install_lib
[0.759s] running install_data
[0.760s] running install_egg_info
[0.761s] removing '/home/rpp/rpp_ws/src/application/bt_task_manager_ros2/install/bt_task_manager_ros2/lib/python3.10/site-packages/bt_task_manager_ros2-0.0.0-py3.10.egg-info' (and everything under it)
[0.761s] Copying build/bt_task_manager_ros2/bt_task_manager_ros2.egg-info to /home/rpp/rpp_ws/src/application/bt_task_manager_ros2/install/bt_task_manager_ros2/lib/python3.10/site-packages/bt_task_manager_ros2-0.0.0-py3.10.egg-info
[0.762s] running install_scripts
[0.778s] Installing aruco_detector_node script to /home/rpp/rpp_ws/src/application/bt_task_manager_ros2/install/bt_task_manager_ros2/lib/bt_task_manager_ros2
[0.778s] Installing chassis script to /home/rpp/rpp_ws/src/application/bt_task_manager_ros2/install/bt_task_manager_ros2/lib/bt_task_manager_ros2
[0.778s] Installing controller_node script to /home/rpp/rpp_ws/src/application/bt_task_manager_ros2/install/bt_task_manager_ros2/lib/bt_task_manager_ros2
[0.778s] Installing grasp_node script to /home/rpp/rpp_ws/src/application/bt_task_manager_ros2/install/bt_task_manager_ros2/lib/bt_task_manager_ros2
[0.778s] Installing gripper script to /home/rpp/rpp_ws/src/application/bt_task_manager_ros2/install/bt_task_manager_ros2/lib/bt_task_manager_ros2
[0.778s] Installing moveit_arm script to /home/rpp/rpp_ws/src/application/bt_task_manager_ros2/install/bt_task_manager_ros2/lib/bt_task_manager_ros2
[0.778s] Installing navigation script to /home/rpp/rpp_ws/src/application/bt_task_manager_ros2/install/bt_task_manager_ros2/lib/bt_task_manager_ros2
[0.778s] Installing test script to /home/rpp/rpp_ws/src/application/bt_task_manager_ros2/install/bt_task_manager_ros2/lib/bt_task_manager_ros2
[0.778s] writing list of installed files to '/home/rpp/rpp_ws/src/application/bt_task_manager_ros2/build/bt_task_manager_ros2/install.log'
[0.795s] Invoked command in '/home/rpp/rpp_ws/src/application/bt_task_manager_ros2' returned '0': PYTHONPATH=/home/rpp/rpp_ws/src/application/bt_task_manager_ros2/build/bt_task_manager_ros2/prefix_override:/usr/lib/python3/dist-packages/colcon_core/task/python/colcon_distutils_commands:/home/rpp/rpp_ws/src/application/bt_task_manager_ros2/install/bt_task_manager_ros2/lib/python3.10/site-packages:${PYTHONPATH} /usr/bin/python3 -W ignore:setup.py install is deprecated -W ignore:easy_install command is deprecated setup.py egg_info --egg-base build/bt_task_manager_ros2 build --build-base /home/rpp/rpp_ws/src/application/bt_task_manager_ros2/build/bt_task_manager_ros2/build install --record /home/rpp/rpp_ws/src/application/bt_task_manager_ros2/build/bt_task_manager_ros2/install.log --single-version-externally-managed install_data
