1756027317.4422989 [INFO] [launch]: All log files can be found below /home/rpp/rpp_logs/2025-08-24-17-21-57-441689-rpp-Default-string-22250
1756027317.4423883 [INFO] [launch]: Default logging verbosity is set to INFO
1756027317.9288039 [INFO] [move_group-1]: process started with pid [22261]
1756027317.9289138 [INFO] [rviz2-2]: process started with pid [22263]
1756027318.4522209 [rviz2-2] [INFO] [1756027318.452020910] [rviz2]: Stereo is NOT SUPPORTED
1756027318.4523187 [rviz2-2] [INFO] [1756027318.452083971] [rviz2]: OpenGl version: 4.6 (GLSL 4.6)
1756027318.4934626 [rviz2-2] [INFO] [1756027318.493275228] [rviz2]: Stereo is NOT SUPPORTED
1756027318.5733609 [rviz2-2] Warning: class_loader.impl: SEVERE WARNING!!! A namespace collision has occurred with plugin factory for class rviz_default_plugins::displays::InteractiveMarkerDisplay. New factory will OVERWRITE existing one. This situation occurs when libraries containing plugins are directly linked against an executable (the one running right now generating this message). Please separate plugins out into their own library or just don't link against the library and use either class_loader::ClassLoader/MultiLibraryClassLoader to open.
1756027318.5734644 [rviz2-2]          at line 253 in /opt/ros/humble/include/class_loader/class_loader/class_loader_core.hpp
1756027321.5904493 [rviz2-2] [ERROR] [1756027321.590228905] [moveit_ros_visualization.motion_planning_frame]: Action server: /recognize_objects not available
1756027321.5996981 [rviz2-2] [INFO] [1756027321.599543276] [moveit_ros_visualization.motion_planning_frame]: MoveGroup namespace changed: / -> . Reloading params.
1756027321.6513858 [rviz2-2] [INFO] [1756027321.651231120] [rviz2]: Stereo is NOT SUPPORTED
1756027321.6766601 [rviz2-2] [INFO] [1756027321.676505110] [moveit_rdf_loader.rdf_loader]: Loaded robot model in 0.0201261 seconds
1756027321.6767571 [rviz2-2] [INFO] [1756027321.676535042] [moveit_robot_model.robot_model]: Loading robot model 'ea200'...
1756027321.6767917 [rviz2-2] [INFO] [1756027321.676541402] [moveit_robot_model.robot_model]: No root/virtual joint specified in SRDF. Assuming fixed joint
1756027322.0242064 [rviz2-2] [ERROR] [1756027322.024008888] [moveit_kinematics_base.kinematics_base]: Group 'dual_arm' is not a chain
1756027322.0243475 [rviz2-2] [ERROR] [1756027322.024028319] [kinematics_plugin_loader]: Kinematics solver of type 'kdl_kinematics_plugin/KDLKinematicsPlugin' could not be initialized for group 'dual_arm'
1756027322.0244038 [rviz2-2] [ERROR] [1756027322.024041134] [moveit_ros.robot_model_loader]: Kinematics solver could not be instantiated for joint group dual_arm.
1756027322.8874617 [rviz2-2] [INFO] [1756027322.887305748] [moveit_ros.planning_scene_monitor.planning_scene_monitor]: Starting planning scene monitor
1756027322.8877296 [rviz2-2] [INFO] [1756027322.887647776] [moveit_ros.planning_scene_monitor.planning_scene_monitor]: Listening to '/monitored_planning_scene'
1756027323.8789136 [rviz2-2] [INFO] [1756027323.878749880] [interactive_marker_display_102104988562368]: Connected on namespace: /rviz_moveit_motion_planning_display/robot_interaction_interactive_marker_topic
1756027323.9125767 [rviz2-2] [INFO] [1756027323.912500969] [moveit_ros_visualization.motion_planning_frame]: group dual_arm
1756027323.9126437 [rviz2-2] [INFO] [1756027323.912513554] [moveit_ros_visualization.motion_planning_frame]: Constructing new MoveGroup connection for group 'dual_arm' in namespace ''
1756027323.9180422 [rviz2-2] [INFO] [1756027323.917815098] [move_group_interface]: Ready to take commands for planning group dual_arm.
1756027324.1728921 [rviz2-2] [INFO] [1756027324.172678888] [interactive_marker_display_102104988562368]: Sending request for interactive markers
1756027324.3267024 [rviz2-2] [INFO] [1756027324.326450379] [interactive_marker_display_102104988562368]: Service response received for initialization
1756027330.4431853 [rviz2-2] [INFO] [1756027330.443000572] [move_group_interface]: Plan and Execute request accepted
1756027330.4436176 [rviz2-2] [ERROR] [1756027330.443307512] [rviz2_moveit.rclcpp_action]: unknown goal response, ignoring...
1756027330.4484379 [rviz2-2] [INFO] [1756027330.448392048] [move_group_interface]: Plan and Execute request complete!
1756027330.4485586 [rviz2-2] [ERROR] [1756027330.448520686] [rviz2_moveit.rclcpp_action]: unknown result response, ignoring...
1756027333.1030307 [rviz2-2] [INFO] [1756027333.102767143] [move_group_interface]: Plan and Execute request accepted
1756027333.1030846 [rviz2-2] [ERROR] [1756027333.102800953] [rviz2_moveit.rclcpp_action]: unknown goal response, ignoring...
1756027333.1085079 [rviz2-2] [INFO] [1756027333.108388690] [move_group_interface]: Plan and Execute request complete!
1756027333.1085539 [rviz2-2] [ERROR] [1756027333.108450179] [rviz2_moveit.rclcpp_action]: unknown result response, ignoring...
1756027342.6531637 [rviz2-2] [INFO] [1756027342.652975208] [moveit_ros.planning_scene_monitor.planning_scene_monitor]: Stopping planning scene monitor
1756027343.7704730 [ERROR] [rviz2-2]: process has died [pid 22263, exit code -11, cmd '/opt/ros/humble/lib/rviz2/rviz2 -d /home/rpp/rpp_ws/install/ea200_moveit_config/share/ea200_moveit_config/config/moveit.rviz --ros-args -r __node:=rviz2_moveit --params-file /tmp/launch_params_uq3z9km2 --params-file /tmp/launch_params_7cob9vqr --params-file /tmp/launch_params_r_6459cf --params-file /tmp/launch_params_jfgjvc0m --params-file /tmp/launch_params_8zdoctdl'].
1756027345.8085926 [WARNING] [launch]: user interrupted with ctrl-c (SIGINT)
