[0.142s] Invoking command in '/home/rpp/rpp_ws/build/nav_2d_msgs': CMAKE_PREFIX_PATH=${CMAKE_PREFIX_PATH}:/home/rpp/rpp_ws/install/setting_info:/home/rpp/rpp_ws/install/nav2_simple_commander:/home/rpp/rpp_ws/install/gui_control:/home/rpp/rpp_ws/install/graphic_display:/home/rpp/rpp_ws/install/linker_hand_ros2_sdk:/home/rpp/rpp_ws/install/bt_task_manager_ros2:/opt/ros/humble /usr/bin/cmake --build /home/rpp/rpp_ws/build/nav_2d_msgs -- -j24 -l24
[1.300s] [35m[1mConsolidate compiler generated dependencies of target nav_2d_msgs__rosidl_generator_c[0m
[1.301s] [  1%] Built target nav_2d_msgs__cpp
[1.302s] [ 12%] Built target nav_2d_msgs__rosidl_generator_c
[1.303s] [ 12%] Built target ament_cmake_python_symlink_nav_2d_msgs
[1.304s] [35m[1mConsolidate compiler generated dependencies of target nav_2d_msgs__rosidl_typesupport_cpp[0m
[1.304s] [35m[1mConsolidate compiler generated dependencies of target nav_2d_msgs__rosidl_typesupport_introspection_cpp[0m
[1.304s] [35m[1mConsolidate compiler generated dependencies of target nav_2d_msgs__rosidl_typesupport_fastrtps_cpp[0m
[1.305s] [35m[1mConsolidate compiler generated dependencies of target nav_2d_msgs__rosidl_typesupport_fastrtps_c[0m
[1.305s] [35m[1mConsolidate compiler generated dependencies of target nav_2d_msgs__rosidl_typesupport_introspection_c[0m
[1.305s] [35m[1mConsolidate compiler generated dependencies of target nav_2d_msgs__rosidl_typesupport_c[0m
[1.305s] [ 23%] Built target nav_2d_msgs__rosidl_typesupport_cpp
[1.305s] [ 35%] Built target nav_2d_msgs__rosidl_typesupport_introspection_cpp
[1.305s] [ 46%] Built target nav_2d_msgs__rosidl_typesupport_fastrtps_cpp
[1.305s] [ 57%] Built target nav_2d_msgs__rosidl_typesupport_c
[1.305s] [ 69%] Built target nav_2d_msgs__rosidl_typesupport_fastrtps_c
[1.305s] [ 80%] Built target nav_2d_msgs__rosidl_typesupport_introspection_c
[1.306s] [ 80%] Built target nav_2d_msgs
[1.306s] [ 81%] Built target nav_2d_msgs__py
[1.306s] [35m[1mConsolidate compiler generated dependencies of target nav_2d_msgs__rosidl_generator_py[0m
[1.306s] [ 91%] Built target nav_2d_msgs__rosidl_generator_py
[1.306s] [35m[1mConsolidate compiler generated dependencies of target nav_2d_msgs__rosidl_typesupport_fastrtps_c__pyext[0m
[1.306s] [35m[1mConsolidate compiler generated dependencies of target nav_2d_msgs__rosidl_typesupport_c__pyext[0m
[1.306s] [35m[1mConsolidate compiler generated dependencies of target nav_2d_msgs__rosidl_typesupport_introspection_c__pyext[0m
[1.306s] [ 94%] Built target nav_2d_msgs__rosidl_typesupport_fastrtps_c__pyext
[1.306s] [ 97%] Built target nav_2d_msgs__rosidl_typesupport_c__pyext
[1.306s] [100%] Built target nav_2d_msgs__rosidl_typesupport_introspection_c__pyext
[1.306s] running egg_info
[1.306s] writing nav_2d_msgs.egg-info/PKG-INFO
[1.307s] writing dependency_links to nav_2d_msgs.egg-info/dependency_links.txt
[1.307s] writing top-level names to nav_2d_msgs.egg-info/top_level.txt
[1.307s] reading manifest file 'nav_2d_msgs.egg-info/SOURCES.txt'
[1.307s] writing manifest file 'nav_2d_msgs.egg-info/SOURCES.txt'
[1.307s] [100%] Built target ament_cmake_python_build_nav_2d_msgs_egg
[1.369s] Invoked command in '/home/rpp/rpp_ws/build/nav_2d_msgs' returned '0': CMAKE_PREFIX_PATH=${CMAKE_PREFIX_PATH}:/home/rpp/rpp_ws/install/setting_info:/home/rpp/rpp_ws/install/nav2_simple_commander:/home/rpp/rpp_ws/install/gui_control:/home/rpp/rpp_ws/install/graphic_display:/home/rpp/rpp_ws/install/linker_hand_ros2_sdk:/home/rpp/rpp_ws/install/bt_task_manager_ros2:/opt/ros/humble /usr/bin/cmake --build /home/rpp/rpp_ws/build/nav_2d_msgs -- -j24 -l24
[1.370s] Invoking command in '/home/rpp/rpp_ws/build/nav_2d_msgs': CMAKE_PREFIX_PATH=${CMAKE_PREFIX_PATH}:/home/rpp/rpp_ws/install/setting_info:/home/rpp/rpp_ws/install/nav2_simple_commander:/home/rpp/rpp_ws/install/gui_control:/home/rpp/rpp_ws/install/graphic_display:/home/rpp/rpp_ws/install/linker_hand_ros2_sdk:/home/rpp/rpp_ws/install/bt_task_manager_ros2:/opt/ros/humble /usr/bin/cmake --install /home/rpp/rpp_ws/build/nav_2d_msgs
[1.479s] -- Install configuration: ""
[1.480s] -- Execute custom install script
[1.480s] -- Up-to-date symlink: /home/rpp/rpp_ws/install/nav_2d_msgs/share/ament_index/resource_index/rosidl_interfaces/nav_2d_msgs
[1.480s] -- Up-to-date symlink: /home/rpp/rpp_ws/install/nav_2d_msgs/include/nav_2d_msgs/nav_2d_msgs/msg/detail/path2_d__functions.h
[1.480s] -- Up-to-date symlink: /home/rpp/rpp_ws/install/nav_2d_msgs/include/nav_2d_msgs/nav_2d_msgs/msg/detail/path2_d__struct.h
[1.480s] -- Up-to-date symlink: /home/rpp/rpp_ws/install/nav_2d_msgs/include/nav_2d_msgs/nav_2d_msgs/msg/detail/path2_d__type_support.h
[1.480s] -- Up-to-date symlink: /home/rpp/rpp_ws/install/nav_2d_msgs/include/nav_2d_msgs/nav_2d_msgs/msg/detail/pose2_d32__functions.h
[1.480s] -- Up-to-date symlink: /home/rpp/rpp_ws/install/nav_2d_msgs/include/nav_2d_msgs/nav_2d_msgs/msg/detail/pose2_d32__struct.h
[1.480s] -- Up-to-date symlink: /home/rpp/rpp_ws/install/nav_2d_msgs/include/nav_2d_msgs/nav_2d_msgs/msg/detail/pose2_d32__type_support.h
[1.480s] -- Up-to-date symlink: /home/rpp/rpp_ws/install/nav_2d_msgs/include/nav_2d_msgs/nav_2d_msgs/msg/detail/pose2_d_stamped__functions.h
[1.480s] -- Up-to-date symlink: /home/rpp/rpp_ws/install/nav_2d_msgs/include/nav_2d_msgs/nav_2d_msgs/msg/detail/pose2_d_stamped__struct.h
[1.480s] -- Up-to-date symlink: /home/rpp/rpp_ws/install/nav_2d_msgs/include/nav_2d_msgs/nav_2d_msgs/msg/detail/pose2_d_stamped__type_support.h
[1.482s] -- Up-to-date symlink: /home/rpp/rpp_ws/install/nav_2d_msgs/include/nav_2d_msgs/nav_2d_msgs/msg/detail/twist2_d32__functions.h
[1.483s] -- Up-to-date symlink: /home/rpp/rpp_ws/install/nav_2d_msgs/include/nav_2d_msgs/nav_2d_msgs/msg/detail/twist2_d32__struct.h
[1.484s] -- Up-to-date symlink: /home/rpp/rpp_ws/install/nav_2d_msgs/include/nav_2d_msgs/nav_2d_msgs/msg/detail/twist2_d32__type_support.h
[1.484s] -- Up-to-date symlink: /home/rpp/rpp_ws/install/nav_2d_msgs/include/nav_2d_msgs/nav_2d_msgs/msg/detail/twist2_d__functions.h
[1.485s] -- Up-to-date symlink: /home/rpp/rpp_ws/install/nav_2d_msgs/include/nav_2d_msgs/nav_2d_msgs/msg/detail/twist2_d__struct.h
[1.486s] -- Up-to-date symlink: /home/rpp/rpp_ws/install/nav_2d_msgs/include/nav_2d_msgs/nav_2d_msgs/msg/detail/twist2_d__type_support.h
[1.487s] -- Up-to-date symlink: /home/rpp/rpp_ws/install/nav_2d_msgs/include/nav_2d_msgs/nav_2d_msgs/msg/detail/twist2_d_stamped__functions.h
[1.487s] -- Up-to-date symlink: /home/rpp/rpp_ws/install/nav_2d_msgs/include/nav_2d_msgs/nav_2d_msgs/msg/detail/twist2_d_stamped__struct.h
[1.488s] -- Up-to-date symlink: /home/rpp/rpp_ws/install/nav_2d_msgs/include/nav_2d_msgs/nav_2d_msgs/msg/detail/twist2_d_stamped__type_support.h
[1.489s] -- Up-to-date symlink: /home/rpp/rpp_ws/install/nav_2d_msgs/include/nav_2d_msgs/nav_2d_msgs/msg/path2_d.h
[1.490s] -- Up-to-date symlink: /home/rpp/rpp_ws/install/nav_2d_msgs/include/nav_2d_msgs/nav_2d_msgs/msg/pose2_d32.h
[1.490s] -- Up-to-date symlink: /home/rpp/rpp_ws/install/nav_2d_msgs/include/nav_2d_msgs/nav_2d_msgs/msg/pose2_d_stamped.h
[1.490s] -- Up-to-date symlink: /home/rpp/rpp_ws/install/nav_2d_msgs/include/nav_2d_msgs/nav_2d_msgs/msg/rosidl_generator_c__visibility_control.h
[1.490s] -- Up-to-date symlink: /home/rpp/rpp_ws/install/nav_2d_msgs/include/nav_2d_msgs/nav_2d_msgs/msg/twist2_d.h
[1.490s] -- Up-to-date symlink: /home/rpp/rpp_ws/install/nav_2d_msgs/include/nav_2d_msgs/nav_2d_msgs/msg/twist2_d32.h
[1.490s] -- Up-to-date symlink: /home/rpp/rpp_ws/install/nav_2d_msgs/include/nav_2d_msgs/nav_2d_msgs/msg/twist2_d_stamped.h
[1.490s] -- Up-to-date symlink: /home/rpp/rpp_ws/install/nav_2d_msgs/share/nav_2d_msgs/environment/library_path.sh
[1.491s] -- Up-to-date symlink: /home/rpp/rpp_ws/install/nav_2d_msgs/share/nav_2d_msgs/environment/library_path.dsv
[1.491s] -- Up-to-date symlink: /home/rpp/rpp_ws/install/nav_2d_msgs/include/nav_2d_msgs/nav_2d_msgs/msg/detail/path2_d__rosidl_typesupport_fastrtps_c.h
[1.491s] -- Up-to-date symlink: /home/rpp/rpp_ws/install/nav_2d_msgs/include/nav_2d_msgs/nav_2d_msgs/msg/detail/pose2_d32__rosidl_typesupport_fastrtps_c.h
[1.491s] -- Up-to-date symlink: /home/rpp/rpp_ws/install/nav_2d_msgs/include/nav_2d_msgs/nav_2d_msgs/msg/detail/pose2_d_stamped__rosidl_typesupport_fastrtps_c.h
[1.507s] -- Up-to-date symlink: /home/rpp/rpp_ws/install/nav_2d_msgs/include/nav_2d_msgs/nav_2d_msgs/msg/detail/twist2_d32__rosidl_typesupport_fastrtps_c.h
[1.507s] -- Up-to-date symlink: /home/rpp/rpp_ws/install/nav_2d_msgs/include/nav_2d_msgs/nav_2d_msgs/msg/detail/twist2_d__rosidl_typesupport_fastrtps_c.h
[1.507s] -- Up-to-date symlink: /home/rpp/rpp_ws/install/nav_2d_msgs/include/nav_2d_msgs/nav_2d_msgs/msg/detail/twist2_d_stamped__rosidl_typesupport_fastrtps_c.h
[1.507s] -- Up-to-date symlink: /home/rpp/rpp_ws/install/nav_2d_msgs/include/nav_2d_msgs/nav_2d_msgs/msg/rosidl_typesupport_fastrtps_c__visibility_control.h
[1.508s] -- Up-to-date symlink: /home/rpp/rpp_ws/install/nav_2d_msgs/include/nav_2d_msgs/nav_2d_msgs/msg/detail/path2_d__builder.hpp
[1.508s] -- Up-to-date symlink: /home/rpp/rpp_ws/install/nav_2d_msgs/include/nav_2d_msgs/nav_2d_msgs/msg/detail/path2_d__struct.hpp
[1.508s] -- Up-to-date symlink: /home/rpp/rpp_ws/install/nav_2d_msgs/include/nav_2d_msgs/nav_2d_msgs/msg/detail/path2_d__traits.hpp
[1.508s] -- Up-to-date symlink: /home/rpp/rpp_ws/install/nav_2d_msgs/include/nav_2d_msgs/nav_2d_msgs/msg/detail/path2_d__type_support.hpp
[1.508s] -- Up-to-date symlink: /home/rpp/rpp_ws/install/nav_2d_msgs/include/nav_2d_msgs/nav_2d_msgs/msg/detail/pose2_d32__builder.hpp
[1.509s] -- Up-to-date symlink: /home/rpp/rpp_ws/install/nav_2d_msgs/include/nav_2d_msgs/nav_2d_msgs/msg/detail/pose2_d32__struct.hpp
[1.509s] -- Up-to-date symlink: /home/rpp/rpp_ws/install/nav_2d_msgs/include/nav_2d_msgs/nav_2d_msgs/msg/detail/pose2_d32__traits.hpp
[1.509s] -- Up-to-date symlink: /home/rpp/rpp_ws/install/nav_2d_msgs/include/nav_2d_msgs/nav_2d_msgs/msg/detail/pose2_d32__type_support.hpp
[1.509s] -- Up-to-date symlink: /home/rpp/rpp_ws/install/nav_2d_msgs/include/nav_2d_msgs/nav_2d_msgs/msg/detail/pose2_d_stamped__builder.hpp
[1.510s] -- Up-to-date symlink: /home/rpp/rpp_ws/install/nav_2d_msgs/include/nav_2d_msgs/nav_2d_msgs/msg/detail/pose2_d_stamped__struct.hpp
[1.511s] -- Up-to-date symlink: /home/rpp/rpp_ws/install/nav_2d_msgs/include/nav_2d_msgs/nav_2d_msgs/msg/detail/pose2_d_stamped__traits.hpp
[1.511s] -- Up-to-date symlink: /home/rpp/rpp_ws/install/nav_2d_msgs/include/nav_2d_msgs/nav_2d_msgs/msg/detail/pose2_d_stamped__type_support.hpp
[1.511s] -- Up-to-date symlink: /home/rpp/rpp_ws/install/nav_2d_msgs/include/nav_2d_msgs/nav_2d_msgs/msg/detail/twist2_d32__builder.hpp
[1.512s] -- Up-to-date symlink: /home/rpp/rpp_ws/install/nav_2d_msgs/include/nav_2d_msgs/nav_2d_msgs/msg/detail/twist2_d32__struct.hpp
[1.512s] -- Up-to-date symlink: /home/rpp/rpp_ws/install/nav_2d_msgs/include/nav_2d_msgs/nav_2d_msgs/msg/detail/twist2_d32__traits.hpp
[1.512s] -- Up-to-date symlink: /home/rpp/rpp_ws/install/nav_2d_msgs/include/nav_2d_msgs/nav_2d_msgs/msg/detail/twist2_d32__type_support.hpp
[1.513s] -- Up-to-date symlink: /home/rpp/rpp_ws/install/nav_2d_msgs/include/nav_2d_msgs/nav_2d_msgs/msg/detail/twist2_d__builder.hpp
[1.513s] -- Up-to-date symlink: /home/rpp/rpp_ws/install/nav_2d_msgs/include/nav_2d_msgs/nav_2d_msgs/msg/detail/twist2_d__struct.hpp
[1.513s] -- Up-to-date symlink: /home/rpp/rpp_ws/install/nav_2d_msgs/include/nav_2d_msgs/nav_2d_msgs/msg/detail/twist2_d__traits.hpp
[1.514s] -- Up-to-date symlink: /home/rpp/rpp_ws/install/nav_2d_msgs/include/nav_2d_msgs/nav_2d_msgs/msg/detail/twist2_d__type_support.hpp
[1.514s] -- Up-to-date symlink: /home/rpp/rpp_ws/install/nav_2d_msgs/include/nav_2d_msgs/nav_2d_msgs/msg/detail/twist2_d_stamped__builder.hpp
[1.515s] -- Up-to-date symlink: /home/rpp/rpp_ws/install/nav_2d_msgs/include/nav_2d_msgs/nav_2d_msgs/msg/detail/twist2_d_stamped__struct.hpp
[1.515s] -- Up-to-date symlink: /home/rpp/rpp_ws/install/nav_2d_msgs/include/nav_2d_msgs/nav_2d_msgs/msg/detail/twist2_d_stamped__traits.hpp
[1.515s] -- Up-to-date symlink: /home/rpp/rpp_ws/install/nav_2d_msgs/include/nav_2d_msgs/nav_2d_msgs/msg/detail/twist2_d_stamped__type_support.hpp
[1.516s] -- Up-to-date symlink: /home/rpp/rpp_ws/install/nav_2d_msgs/include/nav_2d_msgs/nav_2d_msgs/msg/path2_d.hpp
[1.516s] -- Up-to-date symlink: /home/rpp/rpp_ws/install/nav_2d_msgs/include/nav_2d_msgs/nav_2d_msgs/msg/pose2_d32.hpp
[1.516s] -- Up-to-date symlink: /home/rpp/rpp_ws/install/nav_2d_msgs/include/nav_2d_msgs/nav_2d_msgs/msg/pose2_d_stamped.hpp
[1.516s] -- Up-to-date symlink: /home/rpp/rpp_ws/install/nav_2d_msgs/include/nav_2d_msgs/nav_2d_msgs/msg/rosidl_generator_cpp__visibility_control.hpp
[1.522s] -- Up-to-date symlink: /home/rpp/rpp_ws/install/nav_2d_msgs/include/nav_2d_msgs/nav_2d_msgs/msg/twist2_d.hpp
[1.522s] -- Up-to-date symlink: /home/rpp/rpp_ws/install/nav_2d_msgs/include/nav_2d_msgs/nav_2d_msgs/msg/twist2_d32.hpp
[1.522s] -- Up-to-date symlink: /home/rpp/rpp_ws/install/nav_2d_msgs/include/nav_2d_msgs/nav_2d_msgs/msg/twist2_d_stamped.hpp
[1.522s] -- Up-to-date symlink: /home/rpp/rpp_ws/install/nav_2d_msgs/include/nav_2d_msgs/nav_2d_msgs/msg/detail/path2_d__rosidl_typesupport_fastrtps_cpp.hpp
[1.522s] -- Up-to-date symlink: /home/rpp/rpp_ws/install/nav_2d_msgs/include/nav_2d_msgs/nav_2d_msgs/msg/detail/pose2_d32__rosidl_typesupport_fastrtps_cpp.hpp
[1.522s] -- Up-to-date symlink: /home/rpp/rpp_ws/install/nav_2d_msgs/include/nav_2d_msgs/nav_2d_msgs/msg/detail/pose2_d_stamped__rosidl_typesupport_fastrtps_cpp.hpp
[1.522s] -- Up-to-date symlink: /home/rpp/rpp_ws/install/nav_2d_msgs/include/nav_2d_msgs/nav_2d_msgs/msg/detail/twist2_d32__rosidl_typesupport_fastrtps_cpp.hpp
[1.522s] -- Up-to-date symlink: /home/rpp/rpp_ws/install/nav_2d_msgs/include/nav_2d_msgs/nav_2d_msgs/msg/detail/twist2_d__rosidl_typesupport_fastrtps_cpp.hpp
[1.522s] -- Up-to-date symlink: /home/rpp/rpp_ws/install/nav_2d_msgs/include/nav_2d_msgs/nav_2d_msgs/msg/detail/twist2_d_stamped__rosidl_typesupport_fastrtps_cpp.hpp
[1.522s] -- Up-to-date symlink: /home/rpp/rpp_ws/install/nav_2d_msgs/include/nav_2d_msgs/nav_2d_msgs/msg/rosidl_typesupport_fastrtps_cpp__visibility_control.h
[1.523s] -- Up-to-date symlink: /home/rpp/rpp_ws/install/nav_2d_msgs/include/nav_2d_msgs/nav_2d_msgs/msg/detail/path2_d__rosidl_typesupport_introspection_c.h
[1.523s] -- Up-to-date symlink: /home/rpp/rpp_ws/install/nav_2d_msgs/include/nav_2d_msgs/nav_2d_msgs/msg/detail/pose2_d32__rosidl_typesupport_introspection_c.h
[1.523s] -- Up-to-date symlink: /home/rpp/rpp_ws/install/nav_2d_msgs/include/nav_2d_msgs/nav_2d_msgs/msg/detail/pose2_d_stamped__rosidl_typesupport_introspection_c.h
[1.523s] -- Up-to-date symlink: /home/rpp/rpp_ws/install/nav_2d_msgs/include/nav_2d_msgs/nav_2d_msgs/msg/detail/twist2_d32__rosidl_typesupport_introspection_c.h
[1.523s] -- Up-to-date symlink: /home/rpp/rpp_ws/install/nav_2d_msgs/include/nav_2d_msgs/nav_2d_msgs/msg/detail/twist2_d__rosidl_typesupport_introspection_c.h
[1.523s] -- Up-to-date symlink: /home/rpp/rpp_ws/install/nav_2d_msgs/include/nav_2d_msgs/nav_2d_msgs/msg/detail/twist2_d_stamped__rosidl_typesupport_introspection_c.h
[1.523s] -- Up-to-date symlink: /home/rpp/rpp_ws/install/nav_2d_msgs/include/nav_2d_msgs/nav_2d_msgs/msg/rosidl_typesupport_introspection_c__visibility_control.h
[1.524s] -- Up-to-date symlink: /home/rpp/rpp_ws/install/nav_2d_msgs/include/nav_2d_msgs/nav_2d_msgs/msg/detail/path2_d__rosidl_typesupport_introspection_cpp.hpp
[1.525s] -- Up-to-date symlink: /home/rpp/rpp_ws/install/nav_2d_msgs/include/nav_2d_msgs/nav_2d_msgs/msg/detail/pose2_d32__rosidl_typesupport_introspection_cpp.hpp
[1.526s] -- Up-to-date symlink: /home/rpp/rpp_ws/install/nav_2d_msgs/include/nav_2d_msgs/nav_2d_msgs/msg/detail/pose2_d_stamped__rosidl_typesupport_introspection_cpp.hpp
[1.526s] -- Up-to-date symlink: /home/rpp/rpp_ws/install/nav_2d_msgs/include/nav_2d_msgs/nav_2d_msgs/msg/detail/twist2_d32__rosidl_typesupport_introspection_cpp.hpp
[1.526s] -- Up-to-date symlink: /home/rpp/rpp_ws/install/nav_2d_msgs/include/nav_2d_msgs/nav_2d_msgs/msg/detail/twist2_d__rosidl_typesupport_introspection_cpp.hpp
[1.527s] -- Up-to-date symlink: /home/rpp/rpp_ws/install/nav_2d_msgs/include/nav_2d_msgs/nav_2d_msgs/msg/detail/twist2_d_stamped__rosidl_typesupport_introspection_cpp.hpp
[1.527s] -- Up-to-date symlink: /home/rpp/rpp_ws/install/nav_2d_msgs/share/nav_2d_msgs/environment/pythonpath.sh
[1.527s] -- Up-to-date symlink: /home/rpp/rpp_ws/install/nav_2d_msgs/share/nav_2d_msgs/environment/pythonpath.dsv
[1.528s] -- Up-to-date symlink: /home/rpp/rpp_ws/install/nav_2d_msgs/local/lib/python3.10/dist-packages/nav_2d_msgs-1.1.17-py3.10.egg-info/PKG-INFO
[1.528s] -- Up-to-date symlink: /home/rpp/rpp_ws/install/nav_2d_msgs/local/lib/python3.10/dist-packages/nav_2d_msgs-1.1.17-py3.10.egg-info/SOURCES.txt
[1.529s] -- Up-to-date symlink: /home/rpp/rpp_ws/install/nav_2d_msgs/local/lib/python3.10/dist-packages/nav_2d_msgs-1.1.17-py3.10.egg-info/dependency_links.txt
[1.530s] -- Up-to-date symlink: /home/rpp/rpp_ws/install/nav_2d_msgs/local/lib/python3.10/dist-packages/nav_2d_msgs-1.1.17-py3.10.egg-info/top_level.txt
[1.530s] -- Up-to-date symlink: /home/rpp/rpp_ws/install/nav_2d_msgs/local/lib/python3.10/dist-packages/nav_2d_msgs/__init__.py
[1.530s] -- Up-to-date symlink: /home/rpp/rpp_ws/install/nav_2d_msgs/local/lib/python3.10/dist-packages/nav_2d_msgs/_nav_2d_msgs_s.ep.rosidl_typesupport_c.c
[1.530s] -- Up-to-date symlink: /home/rpp/rpp_ws/install/nav_2d_msgs/local/lib/python3.10/dist-packages/nav_2d_msgs/_nav_2d_msgs_s.ep.rosidl_typesupport_fastrtps_c.c
[1.530s] -- Up-to-date symlink: /home/rpp/rpp_ws/install/nav_2d_msgs/local/lib/python3.10/dist-packages/nav_2d_msgs/_nav_2d_msgs_s.ep.rosidl_typesupport_introspection_c.c
[1.530s] -- Up-to-date symlink: /home/rpp/rpp_ws/install/nav_2d_msgs/local/lib/python3.10/dist-packages/nav_2d_msgs/libnav_2d_msgs__rosidl_generator_py.so
[1.530s] -- Up-to-date symlink: /home/rpp/rpp_ws/install/nav_2d_msgs/local/lib/python3.10/dist-packages/nav_2d_msgs/msg/__init__.py
[1.531s] -- Up-to-date symlink: /home/rpp/rpp_ws/install/nav_2d_msgs/local/lib/python3.10/dist-packages/nav_2d_msgs/msg/_path2_d.py
[1.531s] -- Up-to-date symlink: /home/rpp/rpp_ws/install/nav_2d_msgs/local/lib/python3.10/dist-packages/nav_2d_msgs/msg/_path2_d_s.c
[1.531s] -- Up-to-date symlink: /home/rpp/rpp_ws/install/nav_2d_msgs/local/lib/python3.10/dist-packages/nav_2d_msgs/msg/_pose2_d32.py
[1.531s] -- Up-to-date symlink: /home/rpp/rpp_ws/install/nav_2d_msgs/local/lib/python3.10/dist-packages/nav_2d_msgs/msg/_pose2_d32_s.c
[1.531s] -- Up-to-date symlink: /home/rpp/rpp_ws/install/nav_2d_msgs/local/lib/python3.10/dist-packages/nav_2d_msgs/msg/_pose2_d_stamped.py
[1.531s] -- Up-to-date symlink: /home/rpp/rpp_ws/install/nav_2d_msgs/local/lib/python3.10/dist-packages/nav_2d_msgs/msg/_pose2_d_stamped_s.c
[1.531s] -- Up-to-date symlink: /home/rpp/rpp_ws/install/nav_2d_msgs/local/lib/python3.10/dist-packages/nav_2d_msgs/msg/_twist2_d.py
[1.531s] -- Up-to-date symlink: /home/rpp/rpp_ws/install/nav_2d_msgs/local/lib/python3.10/dist-packages/nav_2d_msgs/msg/_twist2_d32.py
[1.531s] -- Up-to-date symlink: /home/rpp/rpp_ws/install/nav_2d_msgs/local/lib/python3.10/dist-packages/nav_2d_msgs/msg/_twist2_d32_s.c
[1.531s] -- Up-to-date symlink: /home/rpp/rpp_ws/install/nav_2d_msgs/local/lib/python3.10/dist-packages/nav_2d_msgs/msg/_twist2_d_s.c
[1.531s] -- Up-to-date symlink: /home/rpp/rpp_ws/install/nav_2d_msgs/local/lib/python3.10/dist-packages/nav_2d_msgs/msg/_twist2_d_stamped.py
[1.531s] -- Up-to-date symlink: /home/rpp/rpp_ws/install/nav_2d_msgs/local/lib/python3.10/dist-packages/nav_2d_msgs/msg/_twist2_d_stamped_s.c
[1.532s] -- Up-to-date symlink: /home/rpp/rpp_ws/install/nav_2d_msgs/local/lib/python3.10/dist-packages/nav_2d_msgs/nav_2d_msgs_s__rosidl_typesupport_c.cpython-310-x86_64-linux-gnu.so
[1.532s] -- Up-to-date symlink: /home/rpp/rpp_ws/install/nav_2d_msgs/local/lib/python3.10/dist-packages/nav_2d_msgs/nav_2d_msgs_s__rosidl_typesupport_fastrtps_c.cpython-310-x86_64-linux-gnu.so
[1.532s] -- Up-to-date symlink: /home/rpp/rpp_ws/install/nav_2d_msgs/local/lib/python3.10/dist-packages/nav_2d_msgs/nav_2d_msgs_s__rosidl_typesupport_introspection_c.cpython-310-x86_64-linux-gnu.so
[1.532s] -- Up-to-date symlink: /home/rpp/rpp_ws/install/nav_2d_msgs/local/lib/python3.10/dist-packages/nav_2d_msgs/nav_2d_msgs_s__rosidl_typesupport_fastrtps_c.cpython-310-x86_64-linux-gnu.so
[1.533s] -- Up-to-date symlink: /home/rpp/rpp_ws/install/nav_2d_msgs/local/lib/python3.10/dist-packages/nav_2d_msgs/nav_2d_msgs_s__rosidl_typesupport_introspection_c.cpython-310-x86_64-linux-gnu.so
[1.533s] -- Up-to-date symlink: /home/rpp/rpp_ws/install/nav_2d_msgs/local/lib/python3.10/dist-packages/nav_2d_msgs/nav_2d_msgs_s__rosidl_typesupport_c.cpython-310-x86_64-linux-gnu.so
[1.533s] -- Up-to-date symlink: /home/rpp/rpp_ws/install/nav_2d_msgs/share/nav_2d_msgs/msg/Path2D.idl
[1.533s] -- Up-to-date symlink: /home/rpp/rpp_ws/install/nav_2d_msgs/share/nav_2d_msgs/msg/Pose2D32.idl
[1.533s] -- Up-to-date symlink: /home/rpp/rpp_ws/install/nav_2d_msgs/share/nav_2d_msgs/msg/Pose2DStamped.idl
[1.533s] -- Up-to-date symlink: /home/rpp/rpp_ws/install/nav_2d_msgs/share/nav_2d_msgs/msg/Twist2D.idl
[1.534s] -- Up-to-date symlink: /home/rpp/rpp_ws/install/nav_2d_msgs/share/nav_2d_msgs/msg/Twist2D32.idl
[1.537s] -- Up-to-date symlink: /home/rpp/rpp_ws/install/nav_2d_msgs/share/nav_2d_msgs/msg/Twist2DStamped.idl
[1.537s] -- Up-to-date symlink: /home/rpp/rpp_ws/install/nav_2d_msgs/share/nav_2d_msgs/msg/Path2D.msg
[1.537s] -- Up-to-date symlink: /home/rpp/rpp_ws/install/nav_2d_msgs/share/nav_2d_msgs/msg/Pose2D32.msg
[1.538s] -- Up-to-date symlink: /home/rpp/rpp_ws/install/nav_2d_msgs/share/nav_2d_msgs/msg/Pose2DStamped.msg
[1.538s] -- Up-to-date symlink: /home/rpp/rpp_ws/install/nav_2d_msgs/share/nav_2d_msgs/msg/Twist2D.msg
[1.538s] -- Up-to-date symlink: /home/rpp/rpp_ws/install/nav_2d_msgs/share/nav_2d_msgs/msg/Twist2D32.msg
[1.538s] -- Up-to-date symlink: /home/rpp/rpp_ws/install/nav_2d_msgs/share/nav_2d_msgs/msg/Twist2DStamped.msg
[1.538s] -- Up-to-date symlink: /home/rpp/rpp_ws/install/nav_2d_msgs/share/ament_index/resource_index/package_run_dependencies/nav_2d_msgs
[1.538s] -- Up-to-date symlink: /home/rpp/rpp_ws/install/nav_2d_msgs/share/ament_index/resource_index/parent_prefix_path/nav_2d_msgs
[1.538s] -- Up-to-date symlink: /home/rpp/rpp_ws/install/nav_2d_msgs/share/nav_2d_msgs/environment/ament_prefix_path.sh
[1.538s] -- Up-to-date symlink: /home/rpp/rpp_ws/install/nav_2d_msgs/share/nav_2d_msgs/environment/ament_prefix_path.dsv
[1.539s] -- Up-to-date symlink: /home/rpp/rpp_ws/install/nav_2d_msgs/share/nav_2d_msgs/environment/path.sh
[1.539s] -- Up-to-date symlink: /home/rpp/rpp_ws/install/nav_2d_msgs/share/nav_2d_msgs/environment/path.dsv
[1.539s] -- Up-to-date symlink: /home/rpp/rpp_ws/install/nav_2d_msgs/share/nav_2d_msgs/local_setup.bash
[1.539s] -- Up-to-date symlink: /home/rpp/rpp_ws/install/nav_2d_msgs/share/nav_2d_msgs/local_setup.sh
[1.539s] -- Up-to-date symlink: /home/rpp/rpp_ws/install/nav_2d_msgs/share/nav_2d_msgs/local_setup.zsh
[1.539s] -- Up-to-date symlink: /home/rpp/rpp_ws/install/nav_2d_msgs/share/nav_2d_msgs/local_setup.dsv
[1.539s] -- Symlinking: /home/rpp/rpp_ws/install/nav_2d_msgs/share/nav_2d_msgs/package.dsv
[1.592s] -- Up-to-date symlink: /home/rpp/rpp_ws/install/nav_2d_msgs/share/ament_index/resource_index/packages/nav_2d_msgs
[1.594s] -- Up-to-date symlink: /home/rpp/rpp_ws/install/nav_2d_msgs/share/nav_2d_msgs/cmake/rosidl_cmake-extras.cmake
[1.594s] -- Up-to-date symlink: /home/rpp/rpp_ws/install/nav_2d_msgs/share/nav_2d_msgs/cmake/ament_cmake_export_dependencies-extras.cmake
[1.595s] -- Up-to-date symlink: /home/rpp/rpp_ws/install/nav_2d_msgs/share/nav_2d_msgs/cmake/ament_cmake_export_include_directories-extras.cmake
[1.597s] -- Up-to-date symlink: /home/rpp/rpp_ws/install/nav_2d_msgs/share/nav_2d_msgs/cmake/ament_cmake_export_libraries-extras.cmake
[1.598s] -- Up-to-date symlink: /home/rpp/rpp_ws/install/nav_2d_msgs/share/nav_2d_msgs/cmake/ament_cmake_export_targets-extras.cmake
[1.598s] -- Up-to-date symlink: /home/rpp/rpp_ws/install/nav_2d_msgs/share/nav_2d_msgs/cmake/rosidl_cmake_export_typesupport_targets-extras.cmake
[1.598s] -- Up-to-date symlink: /home/rpp/rpp_ws/install/nav_2d_msgs/share/nav_2d_msgs/cmake/rosidl_cmake_export_typesupport_libraries-extras.cmake
[1.598s] -- Up-to-date symlink: /home/rpp/rpp_ws/install/nav_2d_msgs/share/nav_2d_msgs/cmake/nav_2d_msgsConfig.cmake
[1.598s] -- Up-to-date symlink: /home/rpp/rpp_ws/install/nav_2d_msgs/share/nav_2d_msgs/cmake/nav_2d_msgsConfig-version.cmake
[1.598s] -- Up-to-date symlink: /home/rpp/rpp_ws/install/nav_2d_msgs/share/nav_2d_msgs/package.xml
[1.598s] -- Up-to-date: /home/rpp/rpp_ws/install/nav_2d_msgs/lib/libnav_2d_msgs__rosidl_generator_c.so
[1.599s] -- Up-to-date: /home/rpp/rpp_ws/install/nav_2d_msgs/lib/libnav_2d_msgs__rosidl_typesupport_fastrtps_c.so
[1.599s] -- Up-to-date: /home/rpp/rpp_ws/install/nav_2d_msgs/lib/libnav_2d_msgs__rosidl_typesupport_fastrtps_cpp.so
[1.599s] -- Up-to-date: /home/rpp/rpp_ws/install/nav_2d_msgs/lib/libnav_2d_msgs__rosidl_typesupport_introspection_c.so
[1.599s] -- Up-to-date: /home/rpp/rpp_ws/install/nav_2d_msgs/lib/libnav_2d_msgs__rosidl_typesupport_c.so
[1.599s] -- Up-to-date: /home/rpp/rpp_ws/install/nav_2d_msgs/lib/libnav_2d_msgs__rosidl_typesupport_introspection_cpp.so
[1.599s] -- Up-to-date: /home/rpp/rpp_ws/install/nav_2d_msgs/lib/libnav_2d_msgs__rosidl_typesupport_cpp.so
[1.631s] Listing '/home/rpp/rpp_ws/install/nav_2d_msgs/local/lib/python3.10/dist-packages/nav_2d_msgs'...
[1.632s] Listing '/home/rpp/rpp_ws/install/nav_2d_msgs/local/lib/python3.10/dist-packages/nav_2d_msgs/msg'...
[1.632s] -- Up-to-date: /home/rpp/rpp_ws/install/nav_2d_msgs/lib/libnav_2d_msgs__rosidl_generator_py.so
[1.632s] -- Up-to-date: /home/rpp/rpp_ws/install/nav_2d_msgs/share/nav_2d_msgs/cmake/export_nav_2d_msgs__rosidl_generator_cExport.cmake
[1.632s] -- Up-to-date: /home/rpp/rpp_ws/install/nav_2d_msgs/share/nav_2d_msgs/cmake/export_nav_2d_msgs__rosidl_generator_cExport-noconfig.cmake
[1.632s] -- Up-to-date: /home/rpp/rpp_ws/install/nav_2d_msgs/share/nav_2d_msgs/cmake/export_nav_2d_msgs__rosidl_typesupport_fastrtps_cExport.cmake
[1.632s] -- Up-to-date: /home/rpp/rpp_ws/install/nav_2d_msgs/share/nav_2d_msgs/cmake/export_nav_2d_msgs__rosidl_typesupport_fastrtps_cExport-noconfig.cmake
[1.632s] -- Up-to-date: /home/rpp/rpp_ws/install/nav_2d_msgs/share/nav_2d_msgs/cmake/export_nav_2d_msgs__rosidl_generator_cppExport.cmake
[1.632s] -- Up-to-date: /home/rpp/rpp_ws/install/nav_2d_msgs/share/nav_2d_msgs/cmake/export_nav_2d_msgs__rosidl_typesupport_fastrtps_cppExport.cmake
[1.633s] -- Up-to-date: /home/rpp/rpp_ws/install/nav_2d_msgs/share/nav_2d_msgs/cmake/export_nav_2d_msgs__rosidl_typesupport_fastrtps_cppExport-noconfig.cmake
[1.633s] -- Up-to-date: /home/rpp/rpp_ws/install/nav_2d_msgs/share/nav_2d_msgs/cmake/nav_2d_msgs__rosidl_typesupport_introspection_cExport.cmake
[1.633s] -- Up-to-date: /home/rpp/rpp_ws/install/nav_2d_msgs/share/nav_2d_msgs/cmake/nav_2d_msgs__rosidl_typesupport_introspection_cExport-noconfig.cmake
[1.633s] -- Up-to-date: /home/rpp/rpp_ws/install/nav_2d_msgs/share/nav_2d_msgs/cmake/nav_2d_msgs__rosidl_typesupport_cExport.cmake
[1.633s] -- Up-to-date: /home/rpp/rpp_ws/install/nav_2d_msgs/share/nav_2d_msgs/cmake/nav_2d_msgs__rosidl_typesupport_cExport-noconfig.cmake
[1.633s] -- Up-to-date: /home/rpp/rpp_ws/install/nav_2d_msgs/share/nav_2d_msgs/cmake/nav_2d_msgs__rosidl_typesupport_introspection_cppExport.cmake
[1.633s] -- Up-to-date: /home/rpp/rpp_ws/install/nav_2d_msgs/share/nav_2d_msgs/cmake/nav_2d_msgs__rosidl_typesupport_introspection_cppExport-noconfig.cmake
[1.633s] -- Up-to-date: /home/rpp/rpp_ws/install/nav_2d_msgs/share/nav_2d_msgs/cmake/nav_2d_msgs__rosidl_typesupport_cppExport.cmake
[1.633s] -- Up-to-date: /home/rpp/rpp_ws/install/nav_2d_msgs/share/nav_2d_msgs/cmake/nav_2d_msgs__rosidl_typesupport_cppExport-noconfig.cmake
[1.633s] -- Up-to-date: /home/rpp/rpp_ws/install/nav_2d_msgs/share/nav_2d_msgs/cmake/export_nav_2d_msgs__rosidl_generator_pyExport.cmake
[1.633s] -- Up-to-date: /home/rpp/rpp_ws/install/nav_2d_msgs/share/nav_2d_msgs/cmake/export_nav_2d_msgs__rosidl_generator_pyExport-noconfig.cmake
[1.853s] Invoked command in '/home/rpp/rpp_ws/build/nav_2d_msgs' returned '0': CMAKE_PREFIX_PATH=${CMAKE_PREFIX_PATH}:/home/rpp/rpp_ws/install/setting_info:/home/rpp/rpp_ws/install/nav2_simple_commander:/home/rpp/rpp_ws/install/gui_control:/home/rpp/rpp_ws/install/graphic_display:/home/rpp/rpp_ws/install/linker_hand_ros2_sdk:/home/rpp/rpp_ws/install/bt_task_manager_ros2:/opt/ros/humble /usr/bin/cmake --install /home/rpp/rpp_ws/build/nav_2d_msgs
