-- Install configuration: ""
-- Execute custom install script
-- Up-to-date symlink: /home/rpp/rpp_ws/install/cr100_description/share/cr100_description/config/.gitkeep
-- Up-to-date symlink: /home/rpp/rpp_ws/install/cr100_description/share/cr100_description/config/ros2_controllers.yaml
-- Up-to-date symlink: /home/rpp/rpp_ws/install/cr100_description/share/cr100_description/launch/gazebo.launch.py
-- Up-to-date symlink: /home/rpp/rpp_ws/install/cr100_description/share/cr100_description/launch/view_robot.launch.py
-- Up-to-date symlink: /home/rpp/rpp_ws/install/cr100_description/share/cr100_description/meshes/arm_attach_link.STL
-- Up-to-date symlink: /home/rpp/rpp_ws/install/cr100_description/share/cr100_description/meshes/caster_LB_link.STL
-- Up-to-date symlink: /home/rpp/rpp_ws/install/cr100_description/share/cr100_description/meshes/caster_RB_link.STL
-- Up-to-date symlink: /home/rpp/rpp_ws/install/cr100_description/share/cr100_description/meshes/laser_B_link.STL
-- Up-to-date symlink: /home/rpp/rpp_ws/install/cr100_description/share/cr100_description/meshes/laser_F_link.STL
-- Up-to-date symlink: /home/rpp/rpp_ws/install/cr100_description/share/cr100_description/meshes/lidar_link.STL
-- Up-to-date symlink: /home/rpp/rpp_ws/install/cr100_description/share/cr100_description/meshes/trunk_link.STL
-- Up-to-date symlink: /home/rpp/rpp_ws/install/cr100_description/share/cr100_description/meshes/trunk_link_old.STL
-- Up-to-date symlink: /home/rpp/rpp_ws/install/cr100_description/share/cr100_description/meshes/wheel_LF_link.STL
-- Up-to-date symlink: /home/rpp/rpp_ws/install/cr100_description/share/cr100_description/meshes/wheel_RF_link.STL
-- Up-to-date symlink: /home/rpp/rpp_ws/install/cr100_description/share/cr100_description/xacro/arm_attach.xacro
-- Up-to-date symlink: /home/rpp/rpp_ws/install/cr100_description/share/cr100_description/xacro/const.xacro
-- Up-to-date symlink: /home/rpp/rpp_ws/install/cr100_description/share/cr100_description/xacro/cr100.xacro
-- Up-to-date symlink: /home/rpp/rpp_ws/install/cr100_description/share/cr100_description/xacro/cr100_macro.xacro
-- Up-to-date symlink: /home/rpp/rpp_ws/install/cr100_description/share/cr100_description/xacro/front_wheel.xacro
-- Up-to-date symlink: /home/rpp/rpp_ws/install/cr100_description/share/cr100_description/xacro/inertial_matrix.xacro
-- Up-to-date symlink: /home/rpp/rpp_ws/install/cr100_description/share/cr100_description/xacro/laser.xacro
-- Up-to-date symlink: /home/rpp/rpp_ws/install/cr100_description/share/cr100_description/xacro/lidar.xacro
-- Up-to-date symlink: /home/rpp/rpp_ws/install/cr100_description/share/cr100_description/xacro/rear_caster.xacro
-- Up-to-date symlink: /home/rpp/rpp_ws/install/cr100_description/share/cr100_description/xacro/trunk.xacro
-- Up-to-date symlink: /home/rpp/rpp_ws/install/cr100_description/share/cr100_description/rviz/view_robot.rviz
-- Up-to-date symlink: /home/rpp/rpp_ws/install/cr100_description/share/ament_index/resource_index/package_run_dependencies/cr100_description
-- Up-to-date symlink: /home/rpp/rpp_ws/install/cr100_description/share/ament_index/resource_index/parent_prefix_path/cr100_description
-- Up-to-date symlink: /home/rpp/rpp_ws/install/cr100_description/share/cr100_description/environment/ament_prefix_path.sh
-- Up-to-date symlink: /home/rpp/rpp_ws/install/cr100_description/share/cr100_description/environment/ament_prefix_path.dsv
-- Up-to-date symlink: /home/rpp/rpp_ws/install/cr100_description/share/cr100_description/environment/path.sh
-- Up-to-date symlink: /home/rpp/rpp_ws/install/cr100_description/share/cr100_description/environment/path.dsv
-- Up-to-date symlink: /home/rpp/rpp_ws/install/cr100_description/share/cr100_description/local_setup.bash
-- Up-to-date symlink: /home/rpp/rpp_ws/install/cr100_description/share/cr100_description/local_setup.sh
-- Up-to-date symlink: /home/rpp/rpp_ws/install/cr100_description/share/cr100_description/local_setup.zsh
-- Up-to-date symlink: /home/rpp/rpp_ws/install/cr100_description/share/cr100_description/local_setup.dsv
-- Symlinking: /home/rpp/rpp_ws/install/cr100_description/share/cr100_description/package.dsv
-- Up-to-date symlink: /home/rpp/rpp_ws/install/cr100_description/share/ament_index/resource_index/packages/cr100_description
-- Up-to-date symlink: /home/rpp/rpp_ws/install/cr100_description/share/cr100_description/cmake/cr100_descriptionConfig.cmake
-- Up-to-date symlink: /home/rpp/rpp_ws/install/cr100_description/share/cr100_description/cmake/cr100_descriptionConfig-version.cmake
-- Up-to-date symlink: /home/rpp/rpp_ws/install/cr100_description/share/cr100_description/package.xml
