[0.129s] Invoking command in '/home/rpp/rpp_ws/build/cr100_description': CMAKE_PREFIX_PATH=${CMAKE_PREFIX_PATH}:/home/rpp/rpp_ws/install/setting_info:/home/rpp/rpp_ws/install/nav2_simple_commander:/home/rpp/rpp_ws/install/gui_control:/home/rpp/rpp_ws/install/graphic_display:/home/rpp/rpp_ws/install/linker_hand_ros2_sdk:/home/rpp/rpp_ws/install/bt_task_manager_ros2:/opt/ros/humble /usr/bin/cmake --build /home/rpp/rpp_ws/build/cr100_description -- -j24 -l24
[1.343s] Invoked command in '/home/rpp/rpp_ws/build/cr100_description' returned '0': CMAKE_PREFIX_PATH=${CMAKE_PREFIX_PATH}:/home/rpp/rpp_ws/install/setting_info:/home/rpp/rpp_ws/install/nav2_simple_commander:/home/rpp/rpp_ws/install/gui_control:/home/rpp/rpp_ws/install/graphic_display:/home/rpp/rpp_ws/install/linker_hand_ros2_sdk:/home/rpp/rpp_ws/install/bt_task_manager_ros2:/opt/ros/humble /usr/bin/cmake --build /home/rpp/rpp_ws/build/cr100_description -- -j24 -l24
[1.345s] Invoking command in '/home/rpp/rpp_ws/build/cr100_description': CMAKE_PREFIX_PATH=${CMAKE_PREFIX_PATH}:/home/rpp/rpp_ws/install/setting_info:/home/rpp/rpp_ws/install/nav2_simple_commander:/home/rpp/rpp_ws/install/gui_control:/home/rpp/rpp_ws/install/graphic_display:/home/rpp/rpp_ws/install/linker_hand_ros2_sdk:/home/rpp/rpp_ws/install/bt_task_manager_ros2:/opt/ros/humble /usr/bin/cmake --install /home/rpp/rpp_ws/build/cr100_description
[1.433s] -- Install configuration: ""
[1.433s] -- Execute custom install script
[1.433s] -- Up-to-date symlink: /home/rpp/rpp_ws/install/cr100_description/share/cr100_description/config/.gitkeep
[1.433s] -- Up-to-date symlink: /home/rpp/rpp_ws/install/cr100_description/share/cr100_description/config/ros2_controllers.yaml
[1.434s] -- Up-to-date symlink: /home/rpp/rpp_ws/install/cr100_description/share/cr100_description/launch/gazebo.launch.py
[1.434s] -- Up-to-date symlink: /home/rpp/rpp_ws/install/cr100_description/share/cr100_description/launch/view_robot.launch.py
[1.435s] -- Up-to-date symlink: /home/rpp/rpp_ws/install/cr100_description/share/cr100_description/meshes/arm_attach_link.STL
[1.435s] -- Up-to-date symlink: /home/rpp/rpp_ws/install/cr100_description/share/cr100_description/meshes/caster_LB_link.STL
[1.435s] -- Up-to-date symlink: /home/rpp/rpp_ws/install/cr100_description/share/cr100_description/meshes/caster_RB_link.STL
[1.435s] -- Up-to-date symlink: /home/rpp/rpp_ws/install/cr100_description/share/cr100_description/meshes/laser_B_link.STL
[1.436s] -- Up-to-date symlink: /home/rpp/rpp_ws/install/cr100_description/share/cr100_description/meshes/laser_F_link.STL
[1.436s] -- Up-to-date symlink: /home/rpp/rpp_ws/install/cr100_description/share/cr100_description/meshes/lidar_link.STL
[1.437s] -- Up-to-date symlink: /home/rpp/rpp_ws/install/cr100_description/share/cr100_description/meshes/trunk_link.STL
[1.437s] -- Up-to-date symlink: /home/rpp/rpp_ws/install/cr100_description/share/cr100_description/meshes/trunk_link_old.STL
[1.438s] -- Up-to-date symlink: /home/rpp/rpp_ws/install/cr100_description/share/cr100_description/meshes/wheel_LF_link.STL
[1.438s] -- Up-to-date symlink: /home/rpp/rpp_ws/install/cr100_description/share/cr100_description/meshes/wheel_RF_link.STL
[1.439s] -- Up-to-date symlink: /home/rpp/rpp_ws/install/cr100_description/share/cr100_description/xacro/arm_attach.xacro
[1.439s] -- Up-to-date symlink: /home/rpp/rpp_ws/install/cr100_description/share/cr100_description/xacro/const.xacro
[1.439s] -- Up-to-date symlink: /home/rpp/rpp_ws/install/cr100_description/share/cr100_description/xacro/cr100.xacro
[1.440s] -- Up-to-date symlink: /home/rpp/rpp_ws/install/cr100_description/share/cr100_description/xacro/cr100_macro.xacro
[1.440s] -- Up-to-date symlink: /home/rpp/rpp_ws/install/cr100_description/share/cr100_description/xacro/front_wheel.xacro
[1.440s] -- Up-to-date symlink: /home/rpp/rpp_ws/install/cr100_description/share/cr100_description/xacro/inertial_matrix.xacro
[1.440s] -- Up-to-date symlink: /home/rpp/rpp_ws/install/cr100_description/share/cr100_description/xacro/laser.xacro
[1.440s] -- Up-to-date symlink: /home/rpp/rpp_ws/install/cr100_description/share/cr100_description/xacro/lidar.xacro
[1.441s] -- Up-to-date symlink: /home/rpp/rpp_ws/install/cr100_description/share/cr100_description/xacro/rear_caster.xacro
[1.441s] -- Up-to-date symlink: /home/rpp/rpp_ws/install/cr100_description/share/cr100_description/xacro/trunk.xacro
[1.441s] -- Up-to-date symlink: /home/rpp/rpp_ws/install/cr100_description/share/cr100_description/rviz/view_robot.rviz
[1.441s] -- Up-to-date symlink: /home/rpp/rpp_ws/install/cr100_description/share/ament_index/resource_index/package_run_dependencies/cr100_description
[1.441s] -- Up-to-date symlink: /home/rpp/rpp_ws/install/cr100_description/share/ament_index/resource_index/parent_prefix_path/cr100_description
[1.441s] -- Up-to-date symlink: /home/rpp/rpp_ws/install/cr100_description/share/cr100_description/environment/ament_prefix_path.sh
[1.442s] -- Up-to-date symlink: /home/rpp/rpp_ws/install/cr100_description/share/cr100_description/environment/ament_prefix_path.dsv
[1.442s] -- Up-to-date symlink: /home/rpp/rpp_ws/install/cr100_description/share/cr100_description/environment/path.sh
[1.442s] -- Up-to-date symlink: /home/rpp/rpp_ws/install/cr100_description/share/cr100_description/environment/path.dsv
[1.442s] -- Up-to-date symlink: /home/rpp/rpp_ws/install/cr100_description/share/cr100_description/local_setup.bash
[1.442s] -- Up-to-date symlink: /home/rpp/rpp_ws/install/cr100_description/share/cr100_description/local_setup.sh
[1.442s] -- Up-to-date symlink: /home/rpp/rpp_ws/install/cr100_description/share/cr100_description/local_setup.zsh
[1.442s] -- Up-to-date symlink: /home/rpp/rpp_ws/install/cr100_description/share/cr100_description/local_setup.dsv
[1.442s] -- Symlinking: /home/rpp/rpp_ws/install/cr100_description/share/cr100_description/package.dsv
[1.443s] -- Up-to-date symlink: /home/rpp/rpp_ws/install/cr100_description/share/ament_index/resource_index/packages/cr100_description
[1.443s] -- Up-to-date symlink: /home/rpp/rpp_ws/install/cr100_description/share/cr100_description/cmake/cr100_descriptionConfig.cmake
[1.443s] -- Up-to-date symlink: /home/rpp/rpp_ws/install/cr100_description/share/cr100_description/cmake/cr100_descriptionConfig-version.cmake
[1.443s] -- Up-to-date symlink: /home/rpp/rpp_ws/install/cr100_description/share/cr100_description/package.xml
[1.626s] Invoked command in '/home/rpp/rpp_ws/build/cr100_description' returned '0': CMAKE_PREFIX_PATH=${CMAKE_PREFIX_PATH}:/home/rpp/rpp_ws/install/setting_info:/home/rpp/rpp_ws/install/nav2_simple_commander:/home/rpp/rpp_ws/install/gui_control:/home/rpp/rpp_ws/install/graphic_display:/home/rpp/rpp_ws/install/linker_hand_ros2_sdk:/home/rpp/rpp_ws/install/bt_task_manager_ros2:/opt/ros/humble /usr/bin/cmake --install /home/rpp/rpp_ws/build/cr100_description
