[0.041s] Invoking command in '/home/rpp/rpp_ws/build/slam_toolbox': CMAKE_PREFIX_PATH=/home/rpp/rpp_ws/install/nav2_map_server:/home/rpp/rpp_ws/install/nav2_util:/home/rpp/rpp_ws/install/nav2_msgs:/home/rpp/rpp_ws/install/nav2_common:/home/rpp/rpp_ws/install/xf_voice:/home/rpp/rpp_ws/install/xf_voice_msgs:/home/rpp/rpp_ws/install/wheeltec_mic_ros2:/home/rpp/rpp_ws/install/wheeltec_mic_msg:/home/rpp/rpp_ws/install/ti5cra_servo_ros:/home/rpp/rpp_ws/install/ti5cra_servo_sdk:/home/rpp/rpp_ws/install/syntron_servo_ros:/home/rpp/rpp_ws/install/syntron_servo_sdk:/home/rpp/rpp_ws/install/nav2_system_tests:/home/rpp/rpp_ws/install/nav2_bringup:/home/rpp/rpp_ws/install/slam_toolbox:/home/rpp/rpp_ws/install/slam_3d:/home/rpp/rpp_ws/install/slam_2d:/home/rpp/rpp_ws/install/serial:/home/rpp/rpp_ws/install/rpp_ros_driver:/home/rpp/rpp_ws/install/rpp_msgs:/home/rpp/rpp_ws/install/rpp_driver:/home/rpp/rpp_ws/install/robot_bringup:/home/rpp/rpp_ws/install/pymoveit2:/home/rpp/rpp_ws/install/pgo:/home/rpp/rpp_ws/install/navigation_2d:/home/rpp/rpp_ws/install/navigation2:/home/rpp/rpp_ws/install/nav2_smoother:/home/rpp/rpp_ws/install/nav2_graceful_controller:/home/rpp/rpp_ws/install/nav2_dwb_controller:/home/rpp/rpp_ws/install/nav2_controller:/home/rpp/rpp_ws/install/dwb_plugins:/home/rpp/rpp_ws/install/dwb_critics:/home/rpp/rpp_ws/install/dwb_core:/home/rpp/rpp_ws/install/nav_2d_utils:/home/rpp/rpp_ws/install/dwb_msgs:/home/rpp/rpp_ws/install/nav_2d_msgs:/home/rpp/rpp_ws/install/nav2_waypoint_follower:/home/rpp/rpp_ws/install/nav2_theta_star_planner:/home/rpp/rpp_ws/install/nav2_smac_planner:/home/rpp/rpp_ws/install/nav2_rotation_shim_controller:/home/rpp/rpp_ws/install/nav2_regulated_pure_pursuit_controller:/home/rpp/rpp_ws/install/nav2_planner:/home/rpp/rpp_ws/install/nav2_navfn_planner:/home/rpp/rpp_ws/install/nav2_mppi_controller:/home/rpp/rpp_ws/install/nav2_constrained_smoother:/home/rpp/rpp_ws/install/nav2_bt_navigator:/home/rpp/rpp_ws/install/nav2_behaviors:/home/rpp/rpp_ws/install/nav2_core:/home/rpp/rpp_ws/install/nav2_collision_monitor:/home/rpp/rpp_ws/install/costmap_queue:/home/rpp/rpp_ws/install/nav2_costmap_2d:/home/rpp/rpp_ws/install/nav2_voxel_grid:/home/rpp/rpp_ws/install/nav2_velocity_smoother:/home/rpp/rpp_ws/install/nav2_rviz_plugins:/home/rpp/rpp_ws/install/nav2_lifecycle_manager:/home/rpp/rpp_ws/install/nav2_behavior_tree:/home/rpp/rpp_ws/install/nav2_amcl:/home/rpp/rpp_ws/install/motor_pitch_ros:/home/rpp/rpp_ws/install/motor_pitch_sdk:/home/rpp/rpp_ws/install/motor_lift_ros:/home/rpp/rpp_ws/install/motor_lift_sdk:/home/rpp/rpp_ws/install/localizer:/home/rpp/rpp_ws/install/lidar_clipping:/home/rpp/rpp_ws/install/fastlio2:/home/rpp/rpp_ws/install/livox_ros_driver2:/home/rpp/rpp_ws/install/lakibeam1:/home/rpp/rpp_ws/install/kortex_bringup:/home/rpp/rpp_ws/install/kortex_driver:/home/rpp/rpp_ws/install/kinova_gen3_lite_moveit_config:/home/rpp/rpp_ws/install/kinova_gen3_7dof_robotiq_2f_85_moveit_config:/home/rpp/rpp_ws/install/kinova_gen3_6dof_robotiq_2f_85_moveit_config:/home/rpp/rpp_ws/install/kortex_description:/home/rpp/rpp_ws/install/kortex_api:/home/rpp/rpp_ws/install/ira_laser_tools:/home/rpp/rpp_ws/install/hba:/home/rpp/rpp_ws/install/interface:/home/rpp/rpp_ws/install/ea200_moveit_config:/home/rpp/rpp_ws/install/ea200_description:/home/rpp/rpp_ws/install/cr100_description:/home/rpp/rpp_ws/install/setting_info:/home/rpp/rpp_ws/install/nav2_simple_commander:/home/rpp/rpp_ws/install/gui_control:/home/rpp/rpp_ws/install/graphic_display:/home/rpp/rpp_ws/install/linker_hand_ros2_sdk:/home/rpp/rpp_ws/install/bt_task_manager_ros2:/opt/ros/humble LD_LIBRARY_PATH=/home/rpp/rpp_ws/install/nav2_map_server/lib:/home/rpp/rpp_ws/install/nav2_util/lib:/home/rpp/rpp_ws/install/nav2_msgs/lib:/home/rpp/3rdparty//TensorRT-10.9.0.34/lib:/usr/local/cuda-12.8/lib64:/usr/local/lib/:/home/rpp/3rdparty//TensorRT-10.9.0.34/lib:/usr/local/cuda-12.8/lib64:/home/rpp/rpp_ws/install/xf_voice/lib:/home/rpp/rpp_ws/install/xf_voice_msgs/lib:/home/rpp/rpp_ws/install/wheeltec_mic_ros2/lib:/home/rpp/rpp_ws/install/wheeltec_mic_msg/lib:/home/rpp/rpp_ws/install/ti5cra_servo_sdk/lib:/home/rpp/rpp_ws/install/syntron_servo_sdk/lib:/home/rpp/rpp_ws/install/slam_toolbox/lib:/home/rpp/rpp_ws/install/serial/lib:/home/rpp/rpp_ws/install/rpp_msgs/lib:/home/rpp/rpp_ws/install/rpp_driver/lib:/home/rpp/rpp_ws/install/nav2_smoother/lib:/home/rpp/rpp_ws/install/nav2_graceful_controller/lib:/home/rpp/rpp_ws/install/nav2_controller/lib:/home/rpp/rpp_ws/install/dwb_plugins/lib:/home/rpp/rpp_ws/install/dwb_critics/lib:/home/rpp/rpp_ws/install/dwb_core/lib:/home/rpp/rpp_ws/install/nav_2d_utils/lib:/home/rpp/rpp_ws/install/dwb_msgs/lib:/home/rpp/rpp_ws/install/nav_2d_msgs/lib:/home/rpp/rpp_ws/install/nav2_waypoint_follower/lib:/home/rpp/rpp_ws/install/nav2_theta_star_planner/lib:/home/rpp/rpp_ws/install/nav2_smac_planner/lib:/home/rpp/rpp_ws/install/nav2_rotation_shim_controller/lib:/home/rpp/rpp_ws/install/nav2_regulated_pure_pursuit_controller/lib:/home/rpp/rpp_ws/install/nav2_planner/lib:/home/rpp/rpp_ws/install/nav2_navfn_planner/lib:/home/rpp/rpp_ws/install/nav2_mppi_controller/lib:/home/rpp/rpp_ws/install/nav2_constrained_smoother/lib:/home/rpp/rpp_ws/install/nav2_bt_navigator/lib:/home/rpp/rpp_ws/install/nav2_behaviors/lib:/home/rpp/rpp_ws/install/nav2_collision_monitor/lib:/home/rpp/rpp_ws/install/costmap_queue/lib:/home/rpp/rpp_ws/install/nav2_costmap_2d/lib:/home/rpp/rpp_ws/install/nav2_voxel_grid/lib:/home/rpp/rpp_ws/install/nav2_velocity_smoother/lib:/home/rpp/rpp_ws/install/nav2_rviz_plugins/lib:/home/rpp/rpp_ws/install/nav2_lifecycle_manager/lib:/home/rpp/rpp_ws/install/nav2_behavior_tree/lib:/home/rpp/rpp_ws/install/nav2_amcl/lib:/home/rpp/rpp_ws/install/motor_pitch_sdk/lib:/home/rpp/rpp_ws/install/motor_lift_sdk/lib:/home/rpp/rpp_ws/install/livox_ros_driver2/lib:/home/rpp/rpp_ws/install/kortex_driver/lib:/home/rpp/rpp_ws/install/ira_laser_tools/lib:/home/rpp/rpp_ws/install/interface/lib:/usr/lib/x86_64-linux-gnu/gazebo-11/plugins:/opt/ros/humble/opt/rviz_ogre_vendor/lib:/opt/ros/humble/lib/x86_64-linux-gnu:/opt/ros/humble/opt/openvdb_vendor/lib:/opt/ros/humble/lib:/usr/local/lib/ /usr/bin/cmake --build /home/rpp/rpp_ws/build/slam_toolbox -- -j24 -l24
[0.118s] [35m[1mConsolidate compiler generated dependencies of target kartoSlamToolbox[0m
[0.118s] [35m[1mConsolidate compiler generated dependencies of target slam_toolbox__rosidl_generator_c[0m
[0.132s] [  1%] Built target slam_toolbox__cpp
[0.148s] [ 10%] Built target slam_toolbox__rosidl_generator_c
[0.157s] [35m[1mConsolidate compiler generated dependencies of target slam_toolbox__rosidl_typesupport_cpp[0m
[0.158s] [ 10%] Built target ament_cmake_python_symlink_slam_toolbox
[0.158s] [35m[1mConsolidate compiler generated dependencies of target slam_toolbox__rosidl_typesupport_introspection_cpp[0m
[0.159s] [35m[1mConsolidate compiler generated dependencies of target slam_toolbox__rosidl_typesupport_fastrtps_cpp[0m
[0.167s] [35m[1mConsolidate compiler generated dependencies of target slam_toolbox__rosidl_typesupport_fastrtps_c[0m
[0.171s] [35m[1mConsolidate compiler generated dependencies of target slam_toolbox__rosidl_typesupport_introspection_c[0m
[0.173s] [35m[1mConsolidate compiler generated dependencies of target slam_toolbox__rosidl_typesupport_c[0m
[0.183s] [ 12%] Built target kartoSlamToolbox
[0.190s] [ 20%] Built target slam_toolbox__rosidl_typesupport_introspection_cpp
[0.191s] [ 28%] Built target slam_toolbox__rosidl_typesupport_introspection_c
[0.192s] [ 36%] Built target slam_toolbox__rosidl_typesupport_cpp
[0.193s] [ 44%] Built target slam_toolbox__rosidl_typesupport_c
[0.200s] [ 53%] Built target slam_toolbox__rosidl_typesupport_fastrtps_cpp
[0.211s] [ 62%] Built target slam_toolbox__rosidl_typesupport_fastrtps_c
[0.222s] [35m[1mConsolidate compiler generated dependencies of target ceres_solver_plugin[0m
[0.232s] [35m[1mConsolidate compiler generated dependencies of target SlamToolboxPlugin[0m
[0.254s] [35m[1mConsolidate compiler generated dependencies of target toolbox_common[0m
[0.274s] [ 62%] Built target slam_toolbox
[0.322s] [ 62%] Built target slam_toolbox__py
[0.325s] [ 64%] Built target SlamToolboxPlugin
[0.332s] [ 66%] Built target ceres_solver_plugin
[0.340s] [35m[1mConsolidate compiler generated dependencies of target slam_toolbox__rosidl_generator_py[0m
[0.381s] [ 74%] Built target slam_toolbox__rosidl_generator_py
[0.399s] [35m[1mConsolidate compiler generated dependencies of target slam_toolbox__rosidl_typesupport_introspection_c__pyext[0m
[0.400s] [35m[1mConsolidate compiler generated dependencies of target slam_toolbox__rosidl_typesupport_fastrtps_c__pyext[0m
[0.406s] [35m[1mConsolidate compiler generated dependencies of target slam_toolbox__rosidl_typesupport_c__pyext[0m
[0.416s] [ 79%] Built target toolbox_common
[0.431s] [ 81%] Built target slam_toolbox__rosidl_typesupport_introspection_c__pyext
[0.431s] [ 82%] Built target slam_toolbox__rosidl_typesupport_fastrtps_c__pyext
[0.434s] [ 84%] Built target slam_toolbox__rosidl_typesupport_c__pyext
[0.437s] [35m[1mConsolidate compiler generated dependencies of target sync_slam_toolbox[0m
[0.439s] [35m[1mConsolidate compiler generated dependencies of target async_slam_toolbox[0m
[0.440s] [35m[1mConsolidate compiler generated dependencies of target merge_maps_kinematic[0m
[0.440s] [35m[1mConsolidate compiler generated dependencies of target localization_slam_toolbox[0m
[0.442s] [35m[1mConsolidate compiler generated dependencies of target lifelong_slam_toolbox[0m
[0.509s] [ 86%] Built target merge_maps_kinematic
[0.516s] [ 88%] Built target sync_slam_toolbox
[0.517s] [ 90%] Built target async_slam_toolbox
[0.520s] [ 91%] Built target lifelong_slam_toolbox
[0.523s] [ 92%] Built target localization_slam_toolbox
[0.537s] [35m[1mConsolidate compiler generated dependencies of target async_slam_toolbox_node[0m
[0.537s] [35m[1mConsolidate compiler generated dependencies of target sync_slam_toolbox_node[0m
[0.539s] [35m[1mConsolidate compiler generated dependencies of target lifelong_slam_toolbox_node[0m
[0.543s] [35m[1mConsolidate compiler generated dependencies of target localization_slam_toolbox_node[0m
[0.550s] [35m[1mConsolidate compiler generated dependencies of target map_and_localization_slam_toolbox[0m
[0.601s] [ 93%] Built target async_slam_toolbox_node
[0.603s] [ 94%] Built target sync_slam_toolbox_node
[0.604s] [ 96%] Built target lifelong_slam_toolbox_node
[0.609s] [ 98%] Built target localization_slam_toolbox_node
[0.625s] [ 99%] Built target map_and_localization_slam_toolbox
[0.647s] [35m[1mConsolidate compiler generated dependencies of target map_and_localization_slam_toolbox_node[0m
[0.686s] running egg_info
[0.687s] writing slam_toolbox.egg-info/PKG-INFO
[0.689s] writing dependency_links to slam_toolbox.egg-info/dependency_links.txt
[0.689s] writing top-level names to slam_toolbox.egg-info/top_level.txt
[0.694s] reading manifest file 'slam_toolbox.egg-info/SOURCES.txt'
[0.695s] writing manifest file 'slam_toolbox.egg-info/SOURCES.txt'
[0.717s] [100%] Built target map_and_localization_slam_toolbox_node
[0.738s] [100%] Built target ament_cmake_python_build_slam_toolbox_egg
[0.886s] Invoked command in '/home/rpp/rpp_ws/build/slam_toolbox' returned '0': CMAKE_PREFIX_PATH=/home/rpp/rpp_ws/install/nav2_map_server:/home/rpp/rpp_ws/install/nav2_util:/home/rpp/rpp_ws/install/nav2_msgs:/home/rpp/rpp_ws/install/nav2_common:/home/rpp/rpp_ws/install/xf_voice:/home/rpp/rpp_ws/install/xf_voice_msgs:/home/rpp/rpp_ws/install/wheeltec_mic_ros2:/home/rpp/rpp_ws/install/wheeltec_mic_msg:/home/rpp/rpp_ws/install/ti5cra_servo_ros:/home/rpp/rpp_ws/install/ti5cra_servo_sdk:/home/rpp/rpp_ws/install/syntron_servo_ros:/home/rpp/rpp_ws/install/syntron_servo_sdk:/home/rpp/rpp_ws/install/nav2_system_tests:/home/rpp/rpp_ws/install/nav2_bringup:/home/rpp/rpp_ws/install/slam_toolbox:/home/rpp/rpp_ws/install/slam_3d:/home/rpp/rpp_ws/install/slam_2d:/home/rpp/rpp_ws/install/serial:/home/rpp/rpp_ws/install/rpp_ros_driver:/home/rpp/rpp_ws/install/rpp_msgs:/home/rpp/rpp_ws/install/rpp_driver:/home/rpp/rpp_ws/install/robot_bringup:/home/rpp/rpp_ws/install/pymoveit2:/home/rpp/rpp_ws/install/pgo:/home/rpp/rpp_ws/install/navigation_2d:/home/rpp/rpp_ws/install/navigation2:/home/rpp/rpp_ws/install/nav2_smoother:/home/rpp/rpp_ws/install/nav2_graceful_controller:/home/rpp/rpp_ws/install/nav2_dwb_controller:/home/rpp/rpp_ws/install/nav2_controller:/home/rpp/rpp_ws/install/dwb_plugins:/home/rpp/rpp_ws/install/dwb_critics:/home/rpp/rpp_ws/install/dwb_core:/home/rpp/rpp_ws/install/nav_2d_utils:/home/rpp/rpp_ws/install/dwb_msgs:/home/rpp/rpp_ws/install/nav_2d_msgs:/home/rpp/rpp_ws/install/nav2_waypoint_follower:/home/rpp/rpp_ws/install/nav2_theta_star_planner:/home/rpp/rpp_ws/install/nav2_smac_planner:/home/rpp/rpp_ws/install/nav2_rotation_shim_controller:/home/rpp/rpp_ws/install/nav2_regulated_pure_pursuit_controller:/home/rpp/rpp_ws/install/nav2_planner:/home/rpp/rpp_ws/install/nav2_navfn_planner:/home/rpp/rpp_ws/install/nav2_mppi_controller:/home/rpp/rpp_ws/install/nav2_constrained_smoother:/home/rpp/rpp_ws/install/nav2_bt_navigator:/home/rpp/rpp_ws/install/nav2_behaviors:/home/rpp/rpp_ws/install/nav2_core:/home/rpp/rpp_ws/install/nav2_collision_monitor:/home/rpp/rpp_ws/install/costmap_queue:/home/rpp/rpp_ws/install/nav2_costmap_2d:/home/rpp/rpp_ws/install/nav2_voxel_grid:/home/rpp/rpp_ws/install/nav2_velocity_smoother:/home/rpp/rpp_ws/install/nav2_rviz_plugins:/home/rpp/rpp_ws/install/nav2_lifecycle_manager:/home/rpp/rpp_ws/install/nav2_behavior_tree:/home/rpp/rpp_ws/install/nav2_amcl:/home/rpp/rpp_ws/install/motor_pitch_ros:/home/rpp/rpp_ws/install/motor_pitch_sdk:/home/rpp/rpp_ws/install/motor_lift_ros:/home/rpp/rpp_ws/install/motor_lift_sdk:/home/rpp/rpp_ws/install/localizer:/home/rpp/rpp_ws/install/lidar_clipping:/home/rpp/rpp_ws/install/fastlio2:/home/rpp/rpp_ws/install/livox_ros_driver2:/home/rpp/rpp_ws/install/lakibeam1:/home/rpp/rpp_ws/install/kortex_bringup:/home/rpp/rpp_ws/install/kortex_driver:/home/rpp/rpp_ws/install/kinova_gen3_lite_moveit_config:/home/rpp/rpp_ws/install/kinova_gen3_7dof_robotiq_2f_85_moveit_config:/home/rpp/rpp_ws/install/kinova_gen3_6dof_robotiq_2f_85_moveit_config:/home/rpp/rpp_ws/install/kortex_description:/home/rpp/rpp_ws/install/kortex_api:/home/rpp/rpp_ws/install/ira_laser_tools:/home/rpp/rpp_ws/install/hba:/home/rpp/rpp_ws/install/interface:/home/rpp/rpp_ws/install/ea200_moveit_config:/home/rpp/rpp_ws/install/ea200_description:/home/rpp/rpp_ws/install/cr100_description:/home/rpp/rpp_ws/install/setting_info:/home/rpp/rpp_ws/install/nav2_simple_commander:/home/rpp/rpp_ws/install/gui_control:/home/rpp/rpp_ws/install/graphic_display:/home/rpp/rpp_ws/install/linker_hand_ros2_sdk:/home/rpp/rpp_ws/install/bt_task_manager_ros2:/opt/ros/humble LD_LIBRARY_PATH=/home/rpp/rpp_ws/install/nav2_map_server/lib:/home/rpp/rpp_ws/install/nav2_util/lib:/home/rpp/rpp_ws/install/nav2_msgs/lib:/home/rpp/3rdparty//TensorRT-10.9.0.34/lib:/usr/local/cuda-12.8/lib64:/usr/local/lib/:/home/rpp/3rdparty//TensorRT-10.9.0.34/lib:/usr/local/cuda-12.8/lib64:/home/rpp/rpp_ws/install/xf_voice/lib:/home/rpp/rpp_ws/install/xf_voice_msgs/lib:/home/rpp/rpp_ws/install/wheeltec_mic_ros2/lib:/home/rpp/rpp_ws/install/wheeltec_mic_msg/lib:/home/rpp/rpp_ws/install/ti5cra_servo_sdk/lib:/home/rpp/rpp_ws/install/syntron_servo_sdk/lib:/home/rpp/rpp_ws/install/slam_toolbox/lib:/home/rpp/rpp_ws/install/serial/lib:/home/rpp/rpp_ws/install/rpp_msgs/lib:/home/rpp/rpp_ws/install/rpp_driver/lib:/home/rpp/rpp_ws/install/nav2_smoother/lib:/home/rpp/rpp_ws/install/nav2_graceful_controller/lib:/home/rpp/rpp_ws/install/nav2_controller/lib:/home/rpp/rpp_ws/install/dwb_plugins/lib:/home/rpp/rpp_ws/install/dwb_critics/lib:/home/rpp/rpp_ws/install/dwb_core/lib:/home/rpp/rpp_ws/install/nav_2d_utils/lib:/home/rpp/rpp_ws/install/dwb_msgs/lib:/home/rpp/rpp_ws/install/nav_2d_msgs/lib:/home/rpp/rpp_ws/install/nav2_waypoint_follower/lib:/home/rpp/rpp_ws/install/nav2_theta_star_planner/lib:/home/rpp/rpp_ws/install/nav2_smac_planner/lib:/home/rpp/rpp_ws/install/nav2_rotation_shim_controller/lib:/home/rpp/rpp_ws/install/nav2_regulated_pure_pursuit_controller/lib:/home/rpp/rpp_ws/install/nav2_planner/lib:/home/rpp/rpp_ws/install/nav2_navfn_planner/lib:/home/rpp/rpp_ws/install/nav2_mppi_controller/lib:/home/rpp/rpp_ws/install/nav2_constrained_smoother/lib:/home/rpp/rpp_ws/install/nav2_bt_navigator/lib:/home/rpp/rpp_ws/install/nav2_behaviors/lib:/home/rpp/rpp_ws/install/nav2_collision_monitor/lib:/home/rpp/rpp_ws/install/costmap_queue/lib:/home/rpp/rpp_ws/install/nav2_costmap_2d/lib:/home/rpp/rpp_ws/install/nav2_voxel_grid/lib:/home/rpp/rpp_ws/install/nav2_velocity_smoother/lib:/home/rpp/rpp_ws/install/nav2_rviz_plugins/lib:/home/rpp/rpp_ws/install/nav2_lifecycle_manager/lib:/home/rpp/rpp_ws/install/nav2_behavior_tree/lib:/home/rpp/rpp_ws/install/nav2_amcl/lib:/home/rpp/rpp_ws/install/motor_pitch_sdk/lib:/home/rpp/rpp_ws/install/motor_lift_sdk/lib:/home/rpp/rpp_ws/install/livox_ros_driver2/lib:/home/rpp/rpp_ws/install/kortex_driver/lib:/home/rpp/rpp_ws/install/ira_laser_tools/lib:/home/rpp/rpp_ws/install/interface/lib:/usr/lib/x86_64-linux-gnu/gazebo-11/plugins:/opt/ros/humble/opt/rviz_ogre_vendor/lib:/opt/ros/humble/lib/x86_64-linux-gnu:/opt/ros/humble/opt/openvdb_vendor/lib:/opt/ros/humble/lib:/usr/local/lib/ /usr/bin/cmake --build /home/rpp/rpp_ws/build/slam_toolbox -- -j24 -l24
[0.888s] Invoking command in '/home/rpp/rpp_ws/build/slam_toolbox': CMAKE_PREFIX_PATH=/home/rpp/rpp_ws/install/nav2_map_server:/home/rpp/rpp_ws/install/nav2_util:/home/rpp/rpp_ws/install/nav2_msgs:/home/rpp/rpp_ws/install/nav2_common:/home/rpp/rpp_ws/install/xf_voice:/home/rpp/rpp_ws/install/xf_voice_msgs:/home/rpp/rpp_ws/install/wheeltec_mic_ros2:/home/rpp/rpp_ws/install/wheeltec_mic_msg:/home/rpp/rpp_ws/install/ti5cra_servo_ros:/home/rpp/rpp_ws/install/ti5cra_servo_sdk:/home/rpp/rpp_ws/install/syntron_servo_ros:/home/rpp/rpp_ws/install/syntron_servo_sdk:/home/rpp/rpp_ws/install/nav2_system_tests:/home/rpp/rpp_ws/install/nav2_bringup:/home/rpp/rpp_ws/install/slam_toolbox:/home/rpp/rpp_ws/install/slam_3d:/home/rpp/rpp_ws/install/slam_2d:/home/rpp/rpp_ws/install/serial:/home/rpp/rpp_ws/install/rpp_ros_driver:/home/rpp/rpp_ws/install/rpp_msgs:/home/rpp/rpp_ws/install/rpp_driver:/home/rpp/rpp_ws/install/robot_bringup:/home/rpp/rpp_ws/install/pymoveit2:/home/rpp/rpp_ws/install/pgo:/home/rpp/rpp_ws/install/navigation_2d:/home/rpp/rpp_ws/install/navigation2:/home/rpp/rpp_ws/install/nav2_smoother:/home/rpp/rpp_ws/install/nav2_graceful_controller:/home/rpp/rpp_ws/install/nav2_dwb_controller:/home/rpp/rpp_ws/install/nav2_controller:/home/rpp/rpp_ws/install/dwb_plugins:/home/rpp/rpp_ws/install/dwb_critics:/home/rpp/rpp_ws/install/dwb_core:/home/rpp/rpp_ws/install/nav_2d_utils:/home/rpp/rpp_ws/install/dwb_msgs:/home/rpp/rpp_ws/install/nav_2d_msgs:/home/rpp/rpp_ws/install/nav2_waypoint_follower:/home/rpp/rpp_ws/install/nav2_theta_star_planner:/home/rpp/rpp_ws/install/nav2_smac_planner:/home/rpp/rpp_ws/install/nav2_rotation_shim_controller:/home/rpp/rpp_ws/install/nav2_regulated_pure_pursuit_controller:/home/rpp/rpp_ws/install/nav2_planner:/home/rpp/rpp_ws/install/nav2_navfn_planner:/home/rpp/rpp_ws/install/nav2_mppi_controller:/home/rpp/rpp_ws/install/nav2_constrained_smoother:/home/rpp/rpp_ws/install/nav2_bt_navigator:/home/rpp/rpp_ws/install/nav2_behaviors:/home/rpp/rpp_ws/install/nav2_core:/home/rpp/rpp_ws/install/nav2_collision_monitor:/home/rpp/rpp_ws/install/costmap_queue:/home/rpp/rpp_ws/install/nav2_costmap_2d:/home/rpp/rpp_ws/install/nav2_voxel_grid:/home/rpp/rpp_ws/install/nav2_velocity_smoother:/home/rpp/rpp_ws/install/nav2_rviz_plugins:/home/rpp/rpp_ws/install/nav2_lifecycle_manager:/home/rpp/rpp_ws/install/nav2_behavior_tree:/home/rpp/rpp_ws/install/nav2_amcl:/home/rpp/rpp_ws/install/motor_pitch_ros:/home/rpp/rpp_ws/install/motor_pitch_sdk:/home/rpp/rpp_ws/install/motor_lift_ros:/home/rpp/rpp_ws/install/motor_lift_sdk:/home/rpp/rpp_ws/install/localizer:/home/rpp/rpp_ws/install/lidar_clipping:/home/rpp/rpp_ws/install/fastlio2:/home/rpp/rpp_ws/install/livox_ros_driver2:/home/rpp/rpp_ws/install/lakibeam1:/home/rpp/rpp_ws/install/kortex_bringup:/home/rpp/rpp_ws/install/kortex_driver:/home/rpp/rpp_ws/install/kinova_gen3_lite_moveit_config:/home/rpp/rpp_ws/install/kinova_gen3_7dof_robotiq_2f_85_moveit_config:/home/rpp/rpp_ws/install/kinova_gen3_6dof_robotiq_2f_85_moveit_config:/home/rpp/rpp_ws/install/kortex_description:/home/rpp/rpp_ws/install/kortex_api:/home/rpp/rpp_ws/install/ira_laser_tools:/home/rpp/rpp_ws/install/hba:/home/rpp/rpp_ws/install/interface:/home/rpp/rpp_ws/install/ea200_moveit_config:/home/rpp/rpp_ws/install/ea200_description:/home/rpp/rpp_ws/install/cr100_description:/home/rpp/rpp_ws/install/setting_info:/home/rpp/rpp_ws/install/nav2_simple_commander:/home/rpp/rpp_ws/install/gui_control:/home/rpp/rpp_ws/install/graphic_display:/home/rpp/rpp_ws/install/linker_hand_ros2_sdk:/home/rpp/rpp_ws/install/bt_task_manager_ros2:/opt/ros/humble LD_LIBRARY_PATH=/home/rpp/rpp_ws/install/nav2_map_server/lib:/home/rpp/rpp_ws/install/nav2_util/lib:/home/rpp/rpp_ws/install/nav2_msgs/lib:/home/rpp/3rdparty//TensorRT-10.9.0.34/lib:/usr/local/cuda-12.8/lib64:/usr/local/lib/:/home/rpp/3rdparty//TensorRT-10.9.0.34/lib:/usr/local/cuda-12.8/lib64:/home/rpp/rpp_ws/install/xf_voice/lib:/home/rpp/rpp_ws/install/xf_voice_msgs/lib:/home/rpp/rpp_ws/install/wheeltec_mic_ros2/lib:/home/rpp/rpp_ws/install/wheeltec_mic_msg/lib:/home/rpp/rpp_ws/install/ti5cra_servo_sdk/lib:/home/rpp/rpp_ws/install/syntron_servo_sdk/lib:/home/rpp/rpp_ws/install/slam_toolbox/lib:/home/rpp/rpp_ws/install/serial/lib:/home/rpp/rpp_ws/install/rpp_msgs/lib:/home/rpp/rpp_ws/install/rpp_driver/lib:/home/rpp/rpp_ws/install/nav2_smoother/lib:/home/rpp/rpp_ws/install/nav2_graceful_controller/lib:/home/rpp/rpp_ws/install/nav2_controller/lib:/home/rpp/rpp_ws/install/dwb_plugins/lib:/home/rpp/rpp_ws/install/dwb_critics/lib:/home/rpp/rpp_ws/install/dwb_core/lib:/home/rpp/rpp_ws/install/nav_2d_utils/lib:/home/rpp/rpp_ws/install/dwb_msgs/lib:/home/rpp/rpp_ws/install/nav_2d_msgs/lib:/home/rpp/rpp_ws/install/nav2_waypoint_follower/lib:/home/rpp/rpp_ws/install/nav2_theta_star_planner/lib:/home/rpp/rpp_ws/install/nav2_smac_planner/lib:/home/rpp/rpp_ws/install/nav2_rotation_shim_controller/lib:/home/rpp/rpp_ws/install/nav2_regulated_pure_pursuit_controller/lib:/home/rpp/rpp_ws/install/nav2_planner/lib:/home/rpp/rpp_ws/install/nav2_navfn_planner/lib:/home/rpp/rpp_ws/install/nav2_mppi_controller/lib:/home/rpp/rpp_ws/install/nav2_constrained_smoother/lib:/home/rpp/rpp_ws/install/nav2_bt_navigator/lib:/home/rpp/rpp_ws/install/nav2_behaviors/lib:/home/rpp/rpp_ws/install/nav2_collision_monitor/lib:/home/rpp/rpp_ws/install/costmap_queue/lib:/home/rpp/rpp_ws/install/nav2_costmap_2d/lib:/home/rpp/rpp_ws/install/nav2_voxel_grid/lib:/home/rpp/rpp_ws/install/nav2_velocity_smoother/lib:/home/rpp/rpp_ws/install/nav2_rviz_plugins/lib:/home/rpp/rpp_ws/install/nav2_lifecycle_manager/lib:/home/rpp/rpp_ws/install/nav2_behavior_tree/lib:/home/rpp/rpp_ws/install/nav2_amcl/lib:/home/rpp/rpp_ws/install/motor_pitch_sdk/lib:/home/rpp/rpp_ws/install/motor_lift_sdk/lib:/home/rpp/rpp_ws/install/livox_ros_driver2/lib:/home/rpp/rpp_ws/install/kortex_driver/lib:/home/rpp/rpp_ws/install/ira_laser_tools/lib:/home/rpp/rpp_ws/install/interface/lib:/usr/lib/x86_64-linux-gnu/gazebo-11/plugins:/opt/ros/humble/opt/rviz_ogre_vendor/lib:/opt/ros/humble/lib/x86_64-linux-gnu:/opt/ros/humble/opt/openvdb_vendor/lib:/opt/ros/humble/lib:/usr/local/lib/ /usr/bin/cmake --install /home/rpp/rpp_ws/build/slam_toolbox
[0.900s] -- Install configuration: "Release"
[0.900s] -- Execute custom install script
[0.901s] -- Up-to-date symlink: /home/rpp/rpp_ws/install/slam_toolbox/include//karto_sdk/Karto.h
[0.901s] -- Up-to-date symlink: /home/rpp/rpp_ws/install/slam_toolbox/include//karto_sdk/Macros.h
[0.901s] -- Up-to-date symlink: /home/rpp/rpp_ws/install/slam_toolbox/include//karto_sdk/Mapper.h
[0.901s] -- Up-to-date symlink: /home/rpp/rpp_ws/install/slam_toolbox/include//karto_sdk/Math.h
[0.901s] -- Up-to-date symlink: /home/rpp/rpp_ws/install/slam_toolbox/include//karto_sdk/Types.h
[0.901s] -- Up-to-date symlink: /home/rpp/rpp_ws/install/slam_toolbox/include//karto_sdk/nanoflann.hpp
[0.901s] -- Up-to-date symlink: /home/rpp/rpp_ws/install/slam_toolbox/include//karto_sdk/nanoflann_adaptors.h
[0.901s] -- Up-to-date symlink: /home/rpp/rpp_ws/install/slam_toolbox/share/ament_index/resource_index/rosidl_interfaces/slam_toolbox
[0.902s] -- Up-to-date symlink: /home/rpp/rpp_ws/install/slam_toolbox/include/slam_toolbox/slam_toolbox/msg/rosidl_generator_c__visibility_control.h
[0.903s] -- Up-to-date symlink: /home/rpp/rpp_ws/install/slam_toolbox/include/slam_toolbox/slam_toolbox/srv/add_submap.h
[0.903s] -- Up-to-date symlink: /home/rpp/rpp_ws/install/slam_toolbox/include/slam_toolbox/slam_toolbox/srv/clear.h
[0.903s] -- Up-to-date symlink: /home/rpp/rpp_ws/install/slam_toolbox/include/slam_toolbox/slam_toolbox/srv/clear_queue.h
[0.903s] -- Up-to-date symlink: /home/rpp/rpp_ws/install/slam_toolbox/include/slam_toolbox/slam_toolbox/srv/deserialize_pose_graph.h
[0.903s] -- Up-to-date symlink: /home/rpp/rpp_ws/install/slam_toolbox/include/slam_toolbox/slam_toolbox/srv/detail/add_submap__functions.h
[0.903s] -- Up-to-date symlink: /home/rpp/rpp_ws/install/slam_toolbox/include/slam_toolbox/slam_toolbox/srv/detail/add_submap__struct.h
[0.903s] -- Up-to-date symlink: /home/rpp/rpp_ws/install/slam_toolbox/include/slam_toolbox/slam_toolbox/srv/detail/add_submap__type_support.h
[0.903s] -- Up-to-date symlink: /home/rpp/rpp_ws/install/slam_toolbox/include/slam_toolbox/slam_toolbox/srv/detail/clear__functions.h
[0.903s] -- Up-to-date symlink: /home/rpp/rpp_ws/install/slam_toolbox/include/slam_toolbox/slam_toolbox/srv/detail/clear__struct.h
[0.903s] -- Up-to-date symlink: /home/rpp/rpp_ws/install/slam_toolbox/include/slam_toolbox/slam_toolbox/srv/detail/clear__type_support.h
[0.903s] -- Up-to-date symlink: /home/rpp/rpp_ws/install/slam_toolbox/include/slam_toolbox/slam_toolbox/srv/detail/clear_queue__functions.h
[0.903s] -- Up-to-date symlink: /home/rpp/rpp_ws/install/slam_toolbox/include/slam_toolbox/slam_toolbox/srv/detail/clear_queue__struct.h
[0.904s] -- Up-to-date symlink: /home/rpp/rpp_ws/install/slam_toolbox/include/slam_toolbox/slam_toolbox/srv/detail/clear_queue__type_support.h
[0.904s] -- Up-to-date symlink: /home/rpp/rpp_ws/install/slam_toolbox/include/slam_toolbox/slam_toolbox/srv/detail/deserialize_pose_graph__functions.h
[0.904s] -- Up-to-date symlink: /home/rpp/rpp_ws/install/slam_toolbox/include/slam_toolbox/slam_toolbox/srv/detail/deserialize_pose_graph__struct.h
[0.904s] -- Up-to-date symlink: /home/rpp/rpp_ws/install/slam_toolbox/include/slam_toolbox/slam_toolbox/srv/detail/deserialize_pose_graph__type_support.h
[0.904s] -- Up-to-date symlink: /home/rpp/rpp_ws/install/slam_toolbox/include/slam_toolbox/slam_toolbox/srv/detail/loop_closure__functions.h
[0.904s] -- Up-to-date symlink: /home/rpp/rpp_ws/install/slam_toolbox/include/slam_toolbox/slam_toolbox/srv/detail/loop_closure__struct.h
[0.904s] -- Up-to-date symlink: /home/rpp/rpp_ws/install/slam_toolbox/include/slam_toolbox/slam_toolbox/srv/detail/loop_closure__type_support.h
[0.904s] -- Up-to-date symlink: /home/rpp/rpp_ws/install/slam_toolbox/include/slam_toolbox/slam_toolbox/srv/detail/merge_maps__functions.h
[0.904s] -- Up-to-date symlink: /home/rpp/rpp_ws/install/slam_toolbox/include/slam_toolbox/slam_toolbox/srv/detail/merge_maps__struct.h
[0.904s] -- Up-to-date symlink: /home/rpp/rpp_ws/install/slam_toolbox/include/slam_toolbox/slam_toolbox/srv/detail/merge_maps__type_support.h
[0.906s] -- Up-to-date symlink: /home/rpp/rpp_ws/install/slam_toolbox/include/slam_toolbox/slam_toolbox/srv/detail/pause__functions.h
[0.906s] -- Up-to-date symlink: /home/rpp/rpp_ws/install/slam_toolbox/include/slam_toolbox/slam_toolbox/srv/detail/pause__struct.h
[0.906s] -- Up-to-date symlink: /home/rpp/rpp_ws/install/slam_toolbox/include/slam_toolbox/slam_toolbox/srv/detail/pause__type_support.h
[0.908s] -- Up-to-date symlink: /home/rpp/rpp_ws/install/slam_toolbox/include/slam_toolbox/slam_toolbox/srv/detail/save_map__functions.h
[0.909s] -- Up-to-date symlink: /home/rpp/rpp_ws/install/slam_toolbox/include/slam_toolbox/slam_toolbox/srv/detail/save_map__struct.h
[0.910s] -- Up-to-date symlink: /home/rpp/rpp_ws/install/slam_toolbox/include/slam_toolbox/slam_toolbox/srv/detail/save_map__type_support.h
[0.910s] -- Up-to-date symlink: /home/rpp/rpp_ws/install/slam_toolbox/include/slam_toolbox/slam_toolbox/srv/detail/serialize_pose_graph__functions.h
[0.910s] -- Up-to-date symlink: /home/rpp/rpp_ws/install/slam_toolbox/include/slam_toolbox/slam_toolbox/srv/detail/serialize_pose_graph__struct.h
[0.910s] -- Up-to-date symlink: /home/rpp/rpp_ws/install/slam_toolbox/include/slam_toolbox/slam_toolbox/srv/detail/serialize_pose_graph__type_support.h
[0.910s] -- Up-to-date symlink: /home/rpp/rpp_ws/install/slam_toolbox/include/slam_toolbox/slam_toolbox/srv/detail/toggle_interactive__functions.h
[0.910s] -- Up-to-date symlink: /home/rpp/rpp_ws/install/slam_toolbox/include/slam_toolbox/slam_toolbox/srv/detail/toggle_interactive__struct.h
[0.911s] -- Up-to-date symlink: /home/rpp/rpp_ws/install/slam_toolbox/include/slam_toolbox/slam_toolbox/srv/detail/toggle_interactive__type_support.h
[0.911s] -- Up-to-date symlink: /home/rpp/rpp_ws/install/slam_toolbox/include/slam_toolbox/slam_toolbox/srv/loop_closure.h
[0.911s] -- Up-to-date symlink: /home/rpp/rpp_ws/install/slam_toolbox/include/slam_toolbox/slam_toolbox/srv/merge_maps.h
[0.911s] -- Up-to-date symlink: /home/rpp/rpp_ws/install/slam_toolbox/include/slam_toolbox/slam_toolbox/srv/pause.h
[0.911s] -- Up-to-date symlink: /home/rpp/rpp_ws/install/slam_toolbox/include/slam_toolbox/slam_toolbox/srv/save_map.h
[0.911s] -- Up-to-date symlink: /home/rpp/rpp_ws/install/slam_toolbox/include/slam_toolbox/slam_toolbox/srv/serialize_pose_graph.h
[0.911s] -- Up-to-date symlink: /home/rpp/rpp_ws/install/slam_toolbox/include/slam_toolbox/slam_toolbox/srv/toggle_interactive.h
[0.911s] -- Up-to-date symlink: /home/rpp/rpp_ws/install/slam_toolbox/share/slam_toolbox/environment/library_path.sh
[0.911s] -- Up-to-date symlink: /home/rpp/rpp_ws/install/slam_toolbox/share/slam_toolbox/environment/library_path.dsv
[0.914s] -- Up-to-date symlink: /home/rpp/rpp_ws/install/slam_toolbox/include/slam_toolbox/slam_toolbox/msg/rosidl_typesupport_fastrtps_c__visibility_control.h
[0.914s] -- Up-to-date symlink: /home/rpp/rpp_ws/install/slam_toolbox/include/slam_toolbox/slam_toolbox/srv/detail/add_submap__rosidl_typesupport_fastrtps_c.h
[0.914s] -- Up-to-date symlink: /home/rpp/rpp_ws/install/slam_toolbox/include/slam_toolbox/slam_toolbox/srv/detail/clear__rosidl_typesupport_fastrtps_c.h
[0.914s] -- Up-to-date symlink: /home/rpp/rpp_ws/install/slam_toolbox/include/slam_toolbox/slam_toolbox/srv/detail/clear_queue__rosidl_typesupport_fastrtps_c.h
[0.914s] -- Up-to-date symlink: /home/rpp/rpp_ws/install/slam_toolbox/include/slam_toolbox/slam_toolbox/srv/detail/deserialize_pose_graph__rosidl_typesupport_fastrtps_c.h
[0.915s] -- Up-to-date symlink: /home/rpp/rpp_ws/install/slam_toolbox/include/slam_toolbox/slam_toolbox/srv/detail/loop_closure__rosidl_typesupport_fastrtps_c.h
[0.915s] -- Up-to-date symlink: /home/rpp/rpp_ws/install/slam_toolbox/include/slam_toolbox/slam_toolbox/srv/detail/merge_maps__rosidl_typesupport_fastrtps_c.h
[0.915s] -- Up-to-date symlink: /home/rpp/rpp_ws/install/slam_toolbox/include/slam_toolbox/slam_toolbox/srv/detail/pause__rosidl_typesupport_fastrtps_c.h
[0.915s] -- Up-to-date symlink: /home/rpp/rpp_ws/install/slam_toolbox/include/slam_toolbox/slam_toolbox/srv/detail/save_map__rosidl_typesupport_fastrtps_c.h
[0.916s] -- Up-to-date symlink: /home/rpp/rpp_ws/install/slam_toolbox/include/slam_toolbox/slam_toolbox/srv/detail/serialize_pose_graph__rosidl_typesupport_fastrtps_c.h
[0.916s] -- Up-to-date symlink: /home/rpp/rpp_ws/install/slam_toolbox/include/slam_toolbox/slam_toolbox/srv/detail/toggle_interactive__rosidl_typesupport_fastrtps_c.h
[0.916s] -- Up-to-date symlink: /home/rpp/rpp_ws/install/slam_toolbox/include/slam_toolbox/slam_toolbox/msg/rosidl_generator_cpp__visibility_control.hpp
[0.916s] -- Up-to-date symlink: /home/rpp/rpp_ws/install/slam_toolbox/include/slam_toolbox/slam_toolbox/srv/add_submap.hpp
[0.916s] -- Up-to-date symlink: /home/rpp/rpp_ws/install/slam_toolbox/include/slam_toolbox/slam_toolbox/srv/clear.hpp
[0.916s] -- Up-to-date symlink: /home/rpp/rpp_ws/install/slam_toolbox/include/slam_toolbox/slam_toolbox/srv/clear_queue.hpp
[0.916s] -- Up-to-date symlink: /home/rpp/rpp_ws/install/slam_toolbox/include/slam_toolbox/slam_toolbox/srv/deserialize_pose_graph.hpp
[0.916s] -- Up-to-date symlink: /home/rpp/rpp_ws/install/slam_toolbox/include/slam_toolbox/slam_toolbox/srv/detail/add_submap__builder.hpp
[0.916s] -- Up-to-date symlink: /home/rpp/rpp_ws/install/slam_toolbox/include/slam_toolbox/slam_toolbox/srv/detail/add_submap__struct.hpp
[0.916s] -- Up-to-date symlink: /home/rpp/rpp_ws/install/slam_toolbox/include/slam_toolbox/slam_toolbox/srv/detail/add_submap__traits.hpp
[0.916s] -- Up-to-date symlink: /home/rpp/rpp_ws/install/slam_toolbox/include/slam_toolbox/slam_toolbox/srv/detail/add_submap__type_support.hpp
[0.916s] -- Up-to-date symlink: /home/rpp/rpp_ws/install/slam_toolbox/include/slam_toolbox/slam_toolbox/srv/detail/clear__builder.hpp
[0.916s] -- Up-to-date symlink: /home/rpp/rpp_ws/install/slam_toolbox/include/slam_toolbox/slam_toolbox/srv/detail/clear__struct.hpp
[0.917s] -- Up-to-date symlink: /home/rpp/rpp_ws/install/slam_toolbox/include/slam_toolbox/slam_toolbox/srv/detail/clear__traits.hpp
[0.917s] -- Up-to-date symlink: /home/rpp/rpp_ws/install/slam_toolbox/include/slam_toolbox/slam_toolbox/srv/detail/clear__type_support.hpp
[0.917s] -- Up-to-date symlink: /home/rpp/rpp_ws/install/slam_toolbox/include/slam_toolbox/slam_toolbox/srv/detail/clear_queue__builder.hpp
[0.917s] -- Up-to-date symlink: /home/rpp/rpp_ws/install/slam_toolbox/include/slam_toolbox/slam_toolbox/srv/detail/clear_queue__struct.hpp
[0.921s] -- Up-to-date symlink: /home/rpp/rpp_ws/install/slam_toolbox/include/slam_toolbox/slam_toolbox/srv/detail/clear_queue__traits.hpp
[0.922s] -- Up-to-date symlink: /home/rpp/rpp_ws/install/slam_toolbox/include/slam_toolbox/slam_toolbox/srv/detail/clear_queue__type_support.hpp
[0.922s] -- Up-to-date symlink: /home/rpp/rpp_ws/install/slam_toolbox/include/slam_toolbox/slam_toolbox/srv/detail/deserialize_pose_graph__builder.hpp
[0.923s] -- Up-to-date symlink: /home/rpp/rpp_ws/install/slam_toolbox/include/slam_toolbox/slam_toolbox/srv/detail/deserialize_pose_graph__struct.hpp
[0.925s] -- Up-to-date symlink: /home/rpp/rpp_ws/install/slam_toolbox/include/slam_toolbox/slam_toolbox/srv/detail/deserialize_pose_graph__traits.hpp
[0.925s] -- Up-to-date symlink: /home/rpp/rpp_ws/install/slam_toolbox/include/slam_toolbox/slam_toolbox/srv/detail/deserialize_pose_graph__type_support.hpp
[0.925s] -- Up-to-date symlink: /home/rpp/rpp_ws/install/slam_toolbox/include/slam_toolbox/slam_toolbox/srv/detail/loop_closure__builder.hpp
[0.926s] -- Up-to-date symlink: /home/rpp/rpp_ws/install/slam_toolbox/include/slam_toolbox/slam_toolbox/srv/detail/loop_closure__struct.hpp
[0.927s] -- Up-to-date symlink: /home/rpp/rpp_ws/install/slam_toolbox/include/slam_toolbox/slam_toolbox/srv/detail/loop_closure__traits.hpp
[0.927s] -- Up-to-date symlink: /home/rpp/rpp_ws/install/slam_toolbox/include/slam_toolbox/slam_toolbox/srv/detail/loop_closure__type_support.hpp
[0.927s] -- Up-to-date symlink: /home/rpp/rpp_ws/install/slam_toolbox/include/slam_toolbox/slam_toolbox/srv/detail/merge_maps__builder.hpp
[0.928s] -- Up-to-date symlink: /home/rpp/rpp_ws/install/slam_toolbox/include/slam_toolbox/slam_toolbox/srv/detail/merge_maps__struct.hpp
[0.928s] -- Up-to-date symlink: /home/rpp/rpp_ws/install/slam_toolbox/include/slam_toolbox/slam_toolbox/srv/detail/merge_maps__traits.hpp
[0.928s] -- Up-to-date symlink: /home/rpp/rpp_ws/install/slam_toolbox/include/slam_toolbox/slam_toolbox/srv/detail/merge_maps__type_support.hpp
[0.928s] -- Up-to-date symlink: /home/rpp/rpp_ws/install/slam_toolbox/include/slam_toolbox/slam_toolbox/srv/detail/pause__builder.hpp
[0.929s] -- Up-to-date symlink: /home/rpp/rpp_ws/install/slam_toolbox/include/slam_toolbox/slam_toolbox/srv/detail/pause__struct.hpp
[0.930s] -- Up-to-date symlink: /home/rpp/rpp_ws/install/slam_toolbox/include/slam_toolbox/slam_toolbox/srv/detail/pause__traits.hpp
[0.931s] -- Up-to-date symlink: /home/rpp/rpp_ws/install/slam_toolbox/include/slam_toolbox/slam_toolbox/srv/detail/pause__type_support.hpp
[0.932s] -- Up-to-date symlink: /home/rpp/rpp_ws/install/slam_toolbox/include/slam_toolbox/slam_toolbox/srv/detail/save_map__builder.hpp
[0.933s] -- Up-to-date symlink: /home/rpp/rpp_ws/install/slam_toolbox/include/slam_toolbox/slam_toolbox/srv/detail/save_map__struct.hpp
[0.933s] -- Up-to-date symlink: /home/rpp/rpp_ws/install/slam_toolbox/include/slam_toolbox/slam_toolbox/srv/detail/save_map__traits.hpp
[0.934s] -- Up-to-date symlink: /home/rpp/rpp_ws/install/slam_toolbox/include/slam_toolbox/slam_toolbox/srv/detail/save_map__type_support.hpp
[0.934s] -- Up-to-date symlink: /home/rpp/rpp_ws/install/slam_toolbox/include/slam_toolbox/slam_toolbox/srv/detail/serialize_pose_graph__builder.hpp
[0.936s] -- Up-to-date symlink: /home/rpp/rpp_ws/install/slam_toolbox/include/slam_toolbox/slam_toolbox/srv/detail/serialize_pose_graph__struct.hpp
[0.937s] -- Up-to-date symlink: /home/rpp/rpp_ws/install/slam_toolbox/include/slam_toolbox/slam_toolbox/srv/detail/serialize_pose_graph__traits.hpp
[0.937s] -- Up-to-date symlink: /home/rpp/rpp_ws/install/slam_toolbox/include/slam_toolbox/slam_toolbox/srv/detail/serialize_pose_graph__type_support.hpp
[0.937s] -- Up-to-date symlink: /home/rpp/rpp_ws/install/slam_toolbox/include/slam_toolbox/slam_toolbox/srv/detail/toggle_interactive__builder.hpp
[0.938s] -- Up-to-date symlink: /home/rpp/rpp_ws/install/slam_toolbox/include/slam_toolbox/slam_toolbox/srv/detail/toggle_interactive__struct.hpp
[0.938s] -- Up-to-date symlink: /home/rpp/rpp_ws/install/slam_toolbox/include/slam_toolbox/slam_toolbox/srv/detail/toggle_interactive__traits.hpp
[0.938s] -- Up-to-date symlink: /home/rpp/rpp_ws/install/slam_toolbox/include/slam_toolbox/slam_toolbox/srv/detail/toggle_interactive__type_support.hpp
[0.938s] -- Up-to-date symlink: /home/rpp/rpp_ws/install/slam_toolbox/include/slam_toolbox/slam_toolbox/srv/loop_closure.hpp
[0.938s] -- Up-to-date symlink: /home/rpp/rpp_ws/install/slam_toolbox/include/slam_toolbox/slam_toolbox/srv/merge_maps.hpp
[0.938s] -- Up-to-date symlink: /home/rpp/rpp_ws/install/slam_toolbox/include/slam_toolbox/slam_toolbox/srv/pause.hpp
[0.938s] -- Up-to-date symlink: /home/rpp/rpp_ws/install/slam_toolbox/include/slam_toolbox/slam_toolbox/srv/save_map.hpp
[0.938s] -- Up-to-date symlink: /home/rpp/rpp_ws/install/slam_toolbox/include/slam_toolbox/slam_toolbox/srv/serialize_pose_graph.hpp
[0.938s] -- Up-to-date symlink: /home/rpp/rpp_ws/install/slam_toolbox/include/slam_toolbox/slam_toolbox/srv/toggle_interactive.hpp
[0.938s] -- Up-to-date symlink: /home/rpp/rpp_ws/install/slam_toolbox/include/slam_toolbox/slam_toolbox/msg/rosidl_typesupport_fastrtps_cpp__visibility_control.h
[0.938s] -- Up-to-date symlink: /home/rpp/rpp_ws/install/slam_toolbox/include/slam_toolbox/slam_toolbox/srv/detail/add_submap__rosidl_typesupport_fastrtps_cpp.hpp
[0.938s] -- Up-to-date symlink: /home/rpp/rpp_ws/install/slam_toolbox/include/slam_toolbox/slam_toolbox/srv/detail/clear__rosidl_typesupport_fastrtps_cpp.hpp
[0.938s] -- Up-to-date symlink: /home/rpp/rpp_ws/install/slam_toolbox/include/slam_toolbox/slam_toolbox/srv/detail/clear_queue__rosidl_typesupport_fastrtps_cpp.hpp
[0.939s] -- Up-to-date symlink: /home/rpp/rpp_ws/install/slam_toolbox/include/slam_toolbox/slam_toolbox/srv/detail/deserialize_pose_graph__rosidl_typesupport_fastrtps_cpp.hpp
[0.940s] -- Up-to-date symlink: /home/rpp/rpp_ws/install/slam_toolbox/include/slam_toolbox/slam_toolbox/srv/detail/loop_closure__rosidl_typesupport_fastrtps_cpp.hpp
[0.940s] -- Up-to-date symlink: /home/rpp/rpp_ws/install/slam_toolbox/include/slam_toolbox/slam_toolbox/srv/detail/merge_maps__rosidl_typesupport_fastrtps_cpp.hpp
[0.940s] -- Up-to-date symlink: /home/rpp/rpp_ws/install/slam_toolbox/include/slam_toolbox/slam_toolbox/srv/detail/pause__rosidl_typesupport_fastrtps_cpp.hpp
[0.941s] -- Up-to-date symlink: /home/rpp/rpp_ws/install/slam_toolbox/include/slam_toolbox/slam_toolbox/srv/detail/save_map__rosidl_typesupport_fastrtps_cpp.hpp
[0.943s] -- Up-to-date symlink: /home/rpp/rpp_ws/install/slam_toolbox/include/slam_toolbox/slam_toolbox/srv/detail/serialize_pose_graph__rosidl_typesupport_fastrtps_cpp.hpp
[0.943s] -- Up-to-date symlink: /home/rpp/rpp_ws/install/slam_toolbox/include/slam_toolbox/slam_toolbox/srv/detail/toggle_interactive__rosidl_typesupport_fastrtps_cpp.hpp
[0.943s] -- Up-to-date symlink: /home/rpp/rpp_ws/install/slam_toolbox/include/slam_toolbox/slam_toolbox/msg/rosidl_typesupport_introspection_c__visibility_control.h
[0.944s] -- Up-to-date symlink: /home/rpp/rpp_ws/install/slam_toolbox/include/slam_toolbox/slam_toolbox/srv/detail/add_submap__rosidl_typesupport_introspection_c.h
[0.944s] -- Up-to-date symlink: /home/rpp/rpp_ws/install/slam_toolbox/include/slam_toolbox/slam_toolbox/srv/detail/clear__rosidl_typesupport_introspection_c.h
[0.944s] -- Up-to-date symlink: /home/rpp/rpp_ws/install/slam_toolbox/include/slam_toolbox/slam_toolbox/srv/detail/clear_queue__rosidl_typesupport_introspection_c.h
[0.944s] -- Up-to-date symlink: /home/rpp/rpp_ws/install/slam_toolbox/include/slam_toolbox/slam_toolbox/srv/detail/deserialize_pose_graph__rosidl_typesupport_introspection_c.h
[0.944s] -- Up-to-date symlink: /home/rpp/rpp_ws/install/slam_toolbox/include/slam_toolbox/slam_toolbox/srv/detail/loop_closure__rosidl_typesupport_introspection_c.h
[0.944s] -- Up-to-date symlink: /home/rpp/rpp_ws/install/slam_toolbox/include/slam_toolbox/slam_toolbox/srv/detail/merge_maps__rosidl_typesupport_introspection_c.h
[0.944s] -- Up-to-date symlink: /home/rpp/rpp_ws/install/slam_toolbox/include/slam_toolbox/slam_toolbox/srv/detail/pause__rosidl_typesupport_introspection_c.h
[0.944s] -- Up-to-date symlink: /home/rpp/rpp_ws/install/slam_toolbox/include/slam_toolbox/slam_toolbox/srv/detail/save_map__rosidl_typesupport_introspection_c.h
[0.944s] -- Up-to-date symlink: /home/rpp/rpp_ws/install/slam_toolbox/include/slam_toolbox/slam_toolbox/srv/detail/serialize_pose_graph__rosidl_typesupport_introspection_c.h
[0.945s] -- Up-to-date symlink: /home/rpp/rpp_ws/install/slam_toolbox/include/slam_toolbox/slam_toolbox/srv/detail/toggle_interactive__rosidl_typesupport_introspection_c.h
[0.945s] -- Up-to-date symlink: /home/rpp/rpp_ws/install/slam_toolbox/include/slam_toolbox/slam_toolbox/srv/detail/add_submap__rosidl_typesupport_introspection_cpp.hpp
[0.946s] -- Up-to-date symlink: /home/rpp/rpp_ws/install/slam_toolbox/include/slam_toolbox/slam_toolbox/srv/detail/clear__rosidl_typesupport_introspection_cpp.hpp
[0.946s] -- Up-to-date symlink: /home/rpp/rpp_ws/install/slam_toolbox/include/slam_toolbox/slam_toolbox/srv/detail/clear_queue__rosidl_typesupport_introspection_cpp.hpp
[0.948s] -- Up-to-date symlink: /home/rpp/rpp_ws/install/slam_toolbox/include/slam_toolbox/slam_toolbox/srv/detail/deserialize_pose_graph__rosidl_typesupport_introspection_cpp.hpp
[0.950s] -- Up-to-date symlink: /home/rpp/rpp_ws/install/slam_toolbox/include/slam_toolbox/slam_toolbox/srv/detail/loop_closure__rosidl_typesupport_introspection_cpp.hpp
[0.950s] -- Up-to-date symlink: /home/rpp/rpp_ws/install/slam_toolbox/include/slam_toolbox/slam_toolbox/srv/detail/merge_maps__rosidl_typesupport_introspection_cpp.hpp
[0.950s] -- Up-to-date symlink: /home/rpp/rpp_ws/install/slam_toolbox/include/slam_toolbox/slam_toolbox/srv/detail/pause__rosidl_typesupport_introspection_cpp.hpp
[0.951s] -- Up-to-date symlink: /home/rpp/rpp_ws/install/slam_toolbox/include/slam_toolbox/slam_toolbox/srv/detail/save_map__rosidl_typesupport_introspection_cpp.hpp
[0.951s] -- Up-to-date symlink: /home/rpp/rpp_ws/install/slam_toolbox/include/slam_toolbox/slam_toolbox/srv/detail/serialize_pose_graph__rosidl_typesupport_introspection_cpp.hpp
[0.951s] -- Up-to-date symlink: /home/rpp/rpp_ws/install/slam_toolbox/include/slam_toolbox/slam_toolbox/srv/detail/toggle_interactive__rosidl_typesupport_introspection_cpp.hpp
[0.951s] -- Up-to-date symlink: /home/rpp/rpp_ws/install/slam_toolbox/share/slam_toolbox/environment/pythonpath.sh
[0.951s] -- Up-to-date symlink: /home/rpp/rpp_ws/install/slam_toolbox/share/slam_toolbox/environment/pythonpath.dsv
[0.951s] -- Up-to-date symlink: /home/rpp/rpp_ws/install/slam_toolbox/local/lib/python3.10/dist-packages/slam_toolbox-2.6.8-py3.10.egg-info/PKG-INFO
[0.951s] -- Up-to-date symlink: /home/rpp/rpp_ws/install/slam_toolbox/local/lib/python3.10/dist-packages/slam_toolbox-2.6.8-py3.10.egg-info/SOURCES.txt
[0.951s] -- Up-to-date symlink: /home/rpp/rpp_ws/install/slam_toolbox/local/lib/python3.10/dist-packages/slam_toolbox-2.6.8-py3.10.egg-info/dependency_links.txt
[0.952s] -- Up-to-date symlink: /home/rpp/rpp_ws/install/slam_toolbox/local/lib/python3.10/dist-packages/slam_toolbox-2.6.8-py3.10.egg-info/top_level.txt
[0.952s] -- Up-to-date symlink: /home/rpp/rpp_ws/install/slam_toolbox/local/lib/python3.10/dist-packages/slam_toolbox/__init__.py
[0.957s] -- Up-to-date symlink: /home/rpp/rpp_ws/install/slam_toolbox/local/lib/python3.10/dist-packages/slam_toolbox/_slam_toolbox_s.ep.rosidl_typesupport_c.c
[0.958s] -- Up-to-date symlink: /home/rpp/rpp_ws/install/slam_toolbox/local/lib/python3.10/dist-packages/slam_toolbox/_slam_toolbox_s.ep.rosidl_typesupport_fastrtps_c.c
[0.959s] -- Up-to-date symlink: /home/rpp/rpp_ws/install/slam_toolbox/local/lib/python3.10/dist-packages/slam_toolbox/_slam_toolbox_s.ep.rosidl_typesupport_introspection_c.c
[0.959s] -- Up-to-date symlink: /home/rpp/rpp_ws/install/slam_toolbox/local/lib/python3.10/dist-packages/slam_toolbox/libslam_toolbox__rosidl_generator_py.so
[0.959s] -- Up-to-date symlink: /home/rpp/rpp_ws/install/slam_toolbox/local/lib/python3.10/dist-packages/slam_toolbox/slam_toolbox_s__rosidl_typesupport_c.cpython-310-x86_64-linux-gnu.so
[0.959s] -- Up-to-date symlink: /home/rpp/rpp_ws/install/slam_toolbox/local/lib/python3.10/dist-packages/slam_toolbox/slam_toolbox_s__rosidl_typesupport_fastrtps_c.cpython-310-x86_64-linux-gnu.so
[0.960s] -- Up-to-date symlink: /home/rpp/rpp_ws/install/slam_toolbox/local/lib/python3.10/dist-packages/slam_toolbox/slam_toolbox_s__rosidl_typesupport_introspection_c.cpython-310-x86_64-linux-gnu.so
[0.960s] -- Up-to-date symlink: /home/rpp/rpp_ws/install/slam_toolbox/local/lib/python3.10/dist-packages/slam_toolbox/srv/__init__.py
[0.960s] -- Up-to-date symlink: /home/rpp/rpp_ws/install/slam_toolbox/local/lib/python3.10/dist-packages/slam_toolbox/srv/_add_submap.py
[0.961s] -- Up-to-date symlink: /home/rpp/rpp_ws/install/slam_toolbox/local/lib/python3.10/dist-packages/slam_toolbox/srv/_add_submap_s.c
[0.961s] -- Up-to-date symlink: /home/rpp/rpp_ws/install/slam_toolbox/local/lib/python3.10/dist-packages/slam_toolbox/srv/_clear.py
[0.962s] -- Up-to-date symlink: /home/rpp/rpp_ws/install/slam_toolbox/local/lib/python3.10/dist-packages/slam_toolbox/srv/_clear_queue.py
[0.962s] -- Up-to-date symlink: /home/rpp/rpp_ws/install/slam_toolbox/local/lib/python3.10/dist-packages/slam_toolbox/srv/_clear_queue_s.c
[0.965s] -- Up-to-date symlink: /home/rpp/rpp_ws/install/slam_toolbox/local/lib/python3.10/dist-packages/slam_toolbox/srv/_clear_s.c
[0.965s] -- Up-to-date symlink: /home/rpp/rpp_ws/install/slam_toolbox/local/lib/python3.10/dist-packages/slam_toolbox/srv/_deserialize_pose_graph.py
[0.965s] -- Up-to-date symlink: /home/rpp/rpp_ws/install/slam_toolbox/local/lib/python3.10/dist-packages/slam_toolbox/srv/_deserialize_pose_graph_s.c
[0.965s] -- Up-to-date symlink: /home/rpp/rpp_ws/install/slam_toolbox/local/lib/python3.10/dist-packages/slam_toolbox/srv/_loop_closure.py
[0.965s] -- Up-to-date symlink: /home/rpp/rpp_ws/install/slam_toolbox/local/lib/python3.10/dist-packages/slam_toolbox/srv/_loop_closure_s.c
[0.966s] -- Up-to-date symlink: /home/rpp/rpp_ws/install/slam_toolbox/local/lib/python3.10/dist-packages/slam_toolbox/srv/_merge_maps.py
[0.966s] -- Up-to-date symlink: /home/rpp/rpp_ws/install/slam_toolbox/local/lib/python3.10/dist-packages/slam_toolbox/srv/_merge_maps_s.c
[0.966s] -- Up-to-date symlink: /home/rpp/rpp_ws/install/slam_toolbox/local/lib/python3.10/dist-packages/slam_toolbox/srv/_pause.py
[0.966s] -- Up-to-date symlink: /home/rpp/rpp_ws/install/slam_toolbox/local/lib/python3.10/dist-packages/slam_toolbox/srv/_pause_s.c
[0.967s] -- Up-to-date symlink: /home/rpp/rpp_ws/install/slam_toolbox/local/lib/python3.10/dist-packages/slam_toolbox/srv/_save_map.py
[0.967s] -- Up-to-date symlink: /home/rpp/rpp_ws/install/slam_toolbox/local/lib/python3.10/dist-packages/slam_toolbox/srv/_save_map_s.c
[0.967s] -- Up-to-date symlink: /home/rpp/rpp_ws/install/slam_toolbox/local/lib/python3.10/dist-packages/slam_toolbox/srv/_serialize_pose_graph.py
[0.967s] -- Up-to-date symlink: /home/rpp/rpp_ws/install/slam_toolbox/local/lib/python3.10/dist-packages/slam_toolbox/srv/_serialize_pose_graph_s.c
[0.967s] -- Up-to-date symlink: /home/rpp/rpp_ws/install/slam_toolbox/local/lib/python3.10/dist-packages/slam_toolbox/srv/_toggle_interactive.py
[0.967s] -- Up-to-date symlink: /home/rpp/rpp_ws/install/slam_toolbox/local/lib/python3.10/dist-packages/slam_toolbox/srv/_toggle_interactive_s.c
[0.967s] -- Up-to-date symlink: /home/rpp/rpp_ws/install/slam_toolbox/local/lib/python3.10/dist-packages/slam_toolbox/slam_toolbox_s__rosidl_typesupport_fastrtps_c.cpython-310-x86_64-linux-gnu.so
[0.967s] -- Up-to-date symlink: /home/rpp/rpp_ws/install/slam_toolbox/local/lib/python3.10/dist-packages/slam_toolbox/slam_toolbox_s__rosidl_typesupport_introspection_c.cpython-310-x86_64-linux-gnu.so
[0.973s] -- Up-to-date symlink: /home/rpp/rpp_ws/install/slam_toolbox/local/lib/python3.10/dist-packages/slam_toolbox/slam_toolbox_s__rosidl_typesupport_c.cpython-310-x86_64-linux-gnu.so
[0.978s] -- Up-to-date symlink: /home/rpp/rpp_ws/install/slam_toolbox/share/slam_toolbox/srv/Pause.idl
[0.985s] -- Up-to-date symlink: /home/rpp/rpp_ws/install/slam_toolbox/share/slam_toolbox/srv/ClearQueue.idl
[0.985s] -- Up-to-date symlink: /home/rpp/rpp_ws/install/slam_toolbox/share/slam_toolbox/srv/ToggleInteractive.idl
[0.985s] -- Up-to-date symlink: /home/rpp/rpp_ws/install/slam_toolbox/share/slam_toolbox/srv/Clear.idl
[0.985s] -- Up-to-date symlink: /home/rpp/rpp_ws/install/slam_toolbox/share/slam_toolbox/srv/SaveMap.idl
[0.985s] -- Up-to-date symlink: /home/rpp/rpp_ws/install/slam_toolbox/share/slam_toolbox/srv/LoopClosure.idl
[0.986s] -- Up-to-date symlink: /home/rpp/rpp_ws/install/slam_toolbox/share/slam_toolbox/srv/MergeMaps.idl
[0.986s] -- Up-to-date symlink: /home/rpp/rpp_ws/install/slam_toolbox/share/slam_toolbox/srv/AddSubmap.idl
[0.986s] -- Up-to-date symlink: /home/rpp/rpp_ws/install/slam_toolbox/share/slam_toolbox/srv/DeserializePoseGraph.idl
[0.986s] -- Up-to-date symlink: /home/rpp/rpp_ws/install/slam_toolbox/share/slam_toolbox/srv/SerializePoseGraph.idl
[0.986s] -- Up-to-date symlink: /home/rpp/rpp_ws/install/slam_toolbox/share/slam_toolbox/srvs/Pause.srv
[0.986s] -- Up-to-date symlink: /home/rpp/rpp_ws/install/slam_toolbox/share/slam_toolbox/srvs/Pause_Request.msg
[0.991s] -- Up-to-date symlink: /home/rpp/rpp_ws/install/slam_toolbox/share/slam_toolbox/srvs/Pause_Response.msg
[0.992s] -- Up-to-date symlink: /home/rpp/rpp_ws/install/slam_toolbox/share/slam_toolbox/srvs/ClearQueue.srv
[0.992s] -- Up-to-date symlink: /home/rpp/rpp_ws/install/slam_toolbox/share/slam_toolbox/srvs/ClearQueue_Request.msg
[0.992s] -- Up-to-date symlink: /home/rpp/rpp_ws/install/slam_toolbox/share/slam_toolbox/srvs/ClearQueue_Response.msg
[0.992s] -- Up-to-date symlink: /home/rpp/rpp_ws/install/slam_toolbox/share/slam_toolbox/srvs/ToggleInteractive.srv
[0.992s] -- Up-to-date symlink: /home/rpp/rpp_ws/install/slam_toolbox/share/slam_toolbox/srvs/ToggleInteractive_Request.msg
[0.992s] -- Up-to-date symlink: /home/rpp/rpp_ws/install/slam_toolbox/share/slam_toolbox/srvs/ToggleInteractive_Response.msg
[0.992s] -- Up-to-date symlink: /home/rpp/rpp_ws/install/slam_toolbox/share/slam_toolbox/srvs/Clear.srv
[0.992s] -- Up-to-date symlink: /home/rpp/rpp_ws/install/slam_toolbox/share/slam_toolbox/srvs/Clear_Request.msg
[0.993s] -- Up-to-date symlink: /home/rpp/rpp_ws/install/slam_toolbox/share/slam_toolbox/srvs/Clear_Response.msg
[0.993s] -- Up-to-date symlink: /home/rpp/rpp_ws/install/slam_toolbox/share/slam_toolbox/srvs/SaveMap.srv
[0.993s] -- Up-to-date symlink: /home/rpp/rpp_ws/install/slam_toolbox/share/slam_toolbox/srvs/SaveMap_Request.msg
[0.993s] -- Up-to-date symlink: /home/rpp/rpp_ws/install/slam_toolbox/share/slam_toolbox/srvs/SaveMap_Response.msg
[0.993s] -- Up-to-date symlink: /home/rpp/rpp_ws/install/slam_toolbox/share/slam_toolbox/srvs/LoopClosure.srv
[0.993s] -- Up-to-date symlink: /home/rpp/rpp_ws/install/slam_toolbox/share/slam_toolbox/srvs/LoopClosure_Request.msg
[0.994s] -- Up-to-date symlink: /home/rpp/rpp_ws/install/slam_toolbox/share/slam_toolbox/srvs/LoopClosure_Response.msg
[0.994s] -- Up-to-date symlink: /home/rpp/rpp_ws/install/slam_toolbox/share/slam_toolbox/srvs/MergeMaps.srv
[0.995s] -- Up-to-date symlink: /home/rpp/rpp_ws/install/slam_toolbox/share/slam_toolbox/srvs/MergeMaps_Request.msg
[0.995s] -- Up-to-date symlink: /home/rpp/rpp_ws/install/slam_toolbox/share/slam_toolbox/srvs/MergeMaps_Response.msg
[0.995s] -- Up-to-date symlink: /home/rpp/rpp_ws/install/slam_toolbox/share/slam_toolbox/srvs/AddSubmap.srv
[0.995s] -- Up-to-date symlink: /home/rpp/rpp_ws/install/slam_toolbox/share/slam_toolbox/srvs/AddSubmap_Request.msg
[0.995s] -- Up-to-date symlink: /home/rpp/rpp_ws/install/slam_toolbox/share/slam_toolbox/srvs/AddSubmap_Response.msg
[0.995s] -- Up-to-date symlink: /home/rpp/rpp_ws/install/slam_toolbox/share/slam_toolbox/srvs/DeserializePoseGraph.srv
[0.997s] -- Up-to-date symlink: /home/rpp/rpp_ws/install/slam_toolbox/share/slam_toolbox/srvs/DeserializePoseGraph_Request.msg
[0.997s] -- Up-to-date symlink: /home/rpp/rpp_ws/install/slam_toolbox/share/slam_toolbox/srvs/DeserializePoseGraph_Response.msg
[0.997s] -- Up-to-date symlink: /home/rpp/rpp_ws/install/slam_toolbox/share/slam_toolbox/srvs/SerializePoseGraph.srv
[0.997s] -- Up-to-date symlink: /home/rpp/rpp_ws/install/slam_toolbox/share/slam_toolbox/srvs/SerializePoseGraph_Request.msg
[0.997s] -- Up-to-date symlink: /home/rpp/rpp_ws/install/slam_toolbox/share/slam_toolbox/srvs/SerializePoseGraph_Response.msg
[0.997s] -- Up-to-date symlink: /home/rpp/rpp_ws/install/slam_toolbox/share/slam_toolbox//rviz_plugins.xml
[0.997s] -- Up-to-date symlink: /home/rpp/rpp_ws/install/slam_toolbox/share/slam_toolbox//solver_plugins.xml
[0.999s] -- Up-to-date symlink: /home/rpp/rpp_ws/install/slam_toolbox/lib/slam_toolbox/async_slam_toolbox_node
[1.000s] -- Up-to-date symlink: /home/rpp/rpp_ws/install/slam_toolbox/lib/slam_toolbox/sync_slam_toolbox_node
[1.001s] -- Up-to-date symlink: /home/rpp/rpp_ws/install/slam_toolbox/lib/slam_toolbox/localization_slam_toolbox_node
[1.003s] -- Up-to-date symlink: /home/rpp/rpp_ws/install/slam_toolbox/lib/slam_toolbox/map_and_localization_slam_toolbox_node
[1.003s] -- Up-to-date symlink: /home/rpp/rpp_ws/install/slam_toolbox/lib/slam_toolbox/merge_maps_kinematic
[1.003s] -- Up-to-date symlink: /home/rpp/rpp_ws/install/slam_toolbox/lib/libtoolbox_common.so
[1.010s] -- Up-to-date symlink: /home/rpp/rpp_ws/install/slam_toolbox/lib/libSlamToolboxPlugin.so
[1.011s] -- Up-to-date symlink: /home/rpp/rpp_ws/install/slam_toolbox/lib/libceres_solver_plugin.so
[1.011s] -- Up-to-date symlink: /home/rpp/rpp_ws/install/slam_toolbox/lib/libasync_slam_toolbox.so
[1.011s] -- Up-to-date symlink: /home/rpp/rpp_ws/install/slam_toolbox/lib/libsync_slam_toolbox.so
[1.011s] -- Up-to-date symlink: /home/rpp/rpp_ws/install/slam_toolbox/lib/liblocalization_slam_toolbox.so
[1.011s] -- Up-to-date symlink: /home/rpp/rpp_ws/install/slam_toolbox/lib/liblifelong_slam_toolbox.so
[1.011s] -- Up-to-date symlink: /home/rpp/rpp_ws/install/slam_toolbox/lib/libmap_and_localization_slam_toolbox.so
[1.011s] -- Up-to-date symlink: /home/rpp/rpp_ws/install/slam_toolbox/lib/libkartoSlamToolbox.so
[1.011s] -- Up-to-date symlink: /home/rpp/rpp_ws/install/slam_toolbox/include/slam_toolbox/experimental/slam_toolbox_lifelong.hpp
[1.011s] -- Up-to-date symlink: /home/rpp/rpp_ws/install/slam_toolbox/include/slam_toolbox/experimental/slam_toolbox_map_and_localization.hpp
[1.011s] -- Up-to-date symlink: /home/rpp/rpp_ws/install/slam_toolbox/include/slam_toolbox/get_pose_helper.hpp
[1.012s] -- Up-to-date symlink: /home/rpp/rpp_ws/install/slam_toolbox/include/slam_toolbox/laser_utils.hpp
[1.012s] -- Up-to-date symlink: /home/rpp/rpp_ws/install/slam_toolbox/include/slam_toolbox/loop_closure_assistant.hpp
[1.013s] -- Up-to-date symlink: /home/rpp/rpp_ws/install/slam_toolbox/include/slam_toolbox/map_saver.hpp
[1.013s] -- Up-to-date symlink: /home/rpp/rpp_ws/install/slam_toolbox/include/slam_toolbox/merge_maps_kinematic.hpp
[1.014s] -- Up-to-date symlink: /home/rpp/rpp_ws/install/slam_toolbox/include/slam_toolbox/serialization.hpp
[1.014s] -- Up-to-date symlink: /home/rpp/rpp_ws/install/slam_toolbox/include/slam_toolbox/slam_mapper.hpp
[1.014s] -- Up-to-date symlink: /home/rpp/rpp_ws/install/slam_toolbox/include/slam_toolbox/slam_toolbox_async.hpp
[1.014s] -- Up-to-date symlink: /home/rpp/rpp_ws/install/slam_toolbox/include/slam_toolbox/slam_toolbox_common.hpp
[1.014s] -- Up-to-date symlink: /home/rpp/rpp_ws/install/slam_toolbox/include/slam_toolbox/slam_toolbox_localization.hpp
[1.014s] -- Up-to-date symlink: /home/rpp/rpp_ws/install/slam_toolbox/include/slam_toolbox/slam_toolbox_sync.hpp
[1.014s] -- Up-to-date symlink: /home/rpp/rpp_ws/install/slam_toolbox/include/slam_toolbox/snap_utils.hpp
[1.014s] -- Up-to-date symlink: /home/rpp/rpp_ws/install/slam_toolbox/include/slam_toolbox/toolbox_msgs.hpp
[1.014s] -- Up-to-date symlink: /home/rpp/rpp_ws/install/slam_toolbox/include/slam_toolbox/toolbox_types.hpp
[1.014s] -- Up-to-date symlink: /home/rpp/rpp_ws/install/slam_toolbox/include/slam_toolbox/visualization_utils.hpp
[1.014s] -- Up-to-date symlink: /home/rpp/rpp_ws/install/slam_toolbox/share/slam_toolbox/launch/localization_launch.py
[1.015s] -- Up-to-date symlink: /home/rpp/rpp_ws/install/slam_toolbox/share/slam_toolbox/launch/merge_maps_kinematic_launch.py
[1.022s] -- Up-to-date symlink: /home/rpp/rpp_ws/install/slam_toolbox/share/slam_toolbox/launch/offline_launch.py
[1.022s] -- Up-to-date symlink: /home/rpp/rpp_ws/install/slam_toolbox/share/slam_toolbox/launch/online_async_launch.py
[1.023s] -- Up-to-date symlink: /home/rpp/rpp_ws/install/slam_toolbox/share/slam_toolbox/launch/online_sync_launch.py
[1.023s] -- Up-to-date symlink: /home/rpp/rpp_ws/install/slam_toolbox/share/slam_toolbox/config/mapper_params_lifelong.yaml
[1.024s] -- Up-to-date symlink: /home/rpp/rpp_ws/install/slam_toolbox/share/slam_toolbox/config/mapper_params_localization.yaml
[1.025s] -- Up-to-date symlink: /home/rpp/rpp_ws/install/slam_toolbox/share/slam_toolbox/config/mapper_params_offline.yaml
[1.025s] -- Up-to-date symlink: /home/rpp/rpp_ws/install/slam_toolbox/share/slam_toolbox/config/mapper_params_online_async.yaml
[1.025s] -- Up-to-date symlink: /home/rpp/rpp_ws/install/slam_toolbox/share/slam_toolbox/config/mapper_params_online_sync.yaml
[1.025s] -- Up-to-date symlink: /home/rpp/rpp_ws/install/slam_toolbox/share/slam_toolbox/config/slam_toolbox_default.rviz
[1.025s] -- Up-to-date symlink: /home/rpp/rpp_ws/install/slam_toolbox/share/solver_plugins.xml
[1.025s] -- Up-to-date symlink: /home/rpp/rpp_ws/install/slam_toolbox/share/rviz_plugins.xml
[1.025s] -- Up-to-date symlink: /home/rpp/rpp_ws/install/slam_toolbox/share/ament_index/resource_index/package_run_dependencies/slam_toolbox
[1.026s] -- Up-to-date symlink: /home/rpp/rpp_ws/install/slam_toolbox/share/ament_index/resource_index/parent_prefix_path/slam_toolbox
[1.026s] -- Up-to-date symlink: /home/rpp/rpp_ws/install/slam_toolbox/share/slam_toolbox/environment/ament_prefix_path.sh
[1.026s] -- Up-to-date symlink: /home/rpp/rpp_ws/install/slam_toolbox/share/slam_toolbox/environment/ament_prefix_path.dsv
[1.026s] -- Up-to-date symlink: /home/rpp/rpp_ws/install/slam_toolbox/share/slam_toolbox/environment/path.sh
[1.026s] -- Up-to-date symlink: /home/rpp/rpp_ws/install/slam_toolbox/share/slam_toolbox/environment/path.dsv
[1.026s] -- Up-to-date symlink: /home/rpp/rpp_ws/install/slam_toolbox/share/slam_toolbox/local_setup.bash
[1.026s] -- Up-to-date symlink: /home/rpp/rpp_ws/install/slam_toolbox/share/slam_toolbox/local_setup.sh
[1.026s] -- Up-to-date symlink: /home/rpp/rpp_ws/install/slam_toolbox/share/slam_toolbox/local_setup.zsh
[1.027s] -- Up-to-date symlink: /home/rpp/rpp_ws/install/slam_toolbox/share/slam_toolbox/local_setup.dsv
[1.027s] -- Symlinking: /home/rpp/rpp_ws/install/slam_toolbox/share/slam_toolbox/package.dsv
[1.062s] -- Up-to-date symlink: /home/rpp/rpp_ws/install/slam_toolbox/share/ament_index/resource_index/packages/slam_toolbox
[1.062s] -- Up-to-date symlink: /home/rpp/rpp_ws/install/slam_toolbox/share/ament_index/resource_index/rviz_common__pluginlib__plugin/slam_toolbox
[1.078s] -- Up-to-date symlink: /home/rpp/rpp_ws/install/slam_toolbox/share/ament_index/resource_index/slam_toolbox__pluginlib__plugin/slam_toolbox
[1.078s] -- Up-to-date symlink: /home/rpp/rpp_ws/install/slam_toolbox/share/ament_index/resource_index/rclcpp_components/slam_toolbox
[1.078s] -- Up-to-date symlink: /home/rpp/rpp_ws/install/slam_toolbox/share/slam_toolbox/cmake/rosidl_cmake-extras.cmake
[1.079s] -- Up-to-date symlink: /home/rpp/rpp_ws/install/slam_toolbox/share/slam_toolbox/cmake/ament_cmake_export_dependencies-extras.cmake
[1.079s] -- Up-to-date symlink: /home/rpp/rpp_ws/install/slam_toolbox/share/slam_toolbox/cmake/ament_cmake_export_include_directories-extras.cmake
[1.079s] -- Up-to-date symlink: /home/rpp/rpp_ws/install/slam_toolbox/share/slam_toolbox/cmake/ament_cmake_export_libraries-extras.cmake
[1.080s] -- Up-to-date symlink: /home/rpp/rpp_ws/install/slam_toolbox/share/slam_toolbox/cmake/ament_cmake_export_targets-extras.cmake
[1.080s] -- Up-to-date symlink: /home/rpp/rpp_ws/install/slam_toolbox/share/slam_toolbox/cmake/rosidl_cmake_export_typesupport_targets-extras.cmake
[1.080s] -- Up-to-date symlink: /home/rpp/rpp_ws/install/slam_toolbox/share/slam_toolbox/cmake/rosidl_cmake_export_typesupport_libraries-extras.cmake
[1.080s] -- Up-to-date symlink: /home/rpp/rpp_ws/install/slam_toolbox/share/slam_toolbox/cmake/slam_toolboxConfig.cmake
[1.080s] -- Up-to-date symlink: /home/rpp/rpp_ws/install/slam_toolbox/share/slam_toolbox/cmake/slam_toolboxConfig-version.cmake
[1.080s] -- Up-to-date symlink: /home/rpp/rpp_ws/install/slam_toolbox/share/slam_toolbox/package.xml
[1.080s] -- Up-to-date: /home/rpp/rpp_ws/install/slam_toolbox/lib/libslam_toolbox__rosidl_generator_c.so
[1.080s] -- Up-to-date: /home/rpp/rpp_ws/install/slam_toolbox/lib/libslam_toolbox__rosidl_typesupport_fastrtps_c.so
[1.081s] -- Up-to-date: /home/rpp/rpp_ws/install/slam_toolbox/lib/libslam_toolbox__rosidl_typesupport_fastrtps_cpp.so
[1.081s] -- Up-to-date: /home/rpp/rpp_ws/install/slam_toolbox/lib/libslam_toolbox__rosidl_typesupport_introspection_c.so
[1.081s] -- Up-to-date: /home/rpp/rpp_ws/install/slam_toolbox/lib/libslam_toolbox__rosidl_typesupport_c.so
[1.081s] -- Up-to-date: /home/rpp/rpp_ws/install/slam_toolbox/lib/libslam_toolbox__rosidl_typesupport_introspection_cpp.so
[1.082s] -- Up-to-date: /home/rpp/rpp_ws/install/slam_toolbox/lib/libslam_toolbox__rosidl_typesupport_cpp.so
[1.184s] Listing '/home/rpp/rpp_ws/install/slam_toolbox/local/lib/python3.10/dist-packages/slam_toolbox'...
[1.184s] Listing '/home/rpp/rpp_ws/install/slam_toolbox/local/lib/python3.10/dist-packages/slam_toolbox/srv'...
[1.184s] -- Up-to-date: /home/rpp/rpp_ws/install/slam_toolbox/lib/libslam_toolbox__rosidl_generator_py.so
[1.184s] -- Up-to-date: /home/rpp/rpp_ws/install/slam_toolbox/share/slam_toolbox/cmake/export_slam_toolbox__rosidl_generator_cExport.cmake
[1.185s] -- Up-to-date: /home/rpp/rpp_ws/install/slam_toolbox/share/slam_toolbox/cmake/export_slam_toolbox__rosidl_generator_cExport-release.cmake
[1.185s] -- Up-to-date: /home/rpp/rpp_ws/install/slam_toolbox/share/slam_toolbox/cmake/export_slam_toolbox__rosidl_typesupport_fastrtps_cExport.cmake
[1.185s] -- Up-to-date: /home/rpp/rpp_ws/install/slam_toolbox/share/slam_toolbox/cmake/export_slam_toolbox__rosidl_typesupport_fastrtps_cExport-release.cmake
[1.185s] -- Up-to-date: /home/rpp/rpp_ws/install/slam_toolbox/share/slam_toolbox/cmake/export_slam_toolbox__rosidl_generator_cppExport.cmake
[1.185s] -- Up-to-date: /home/rpp/rpp_ws/install/slam_toolbox/share/slam_toolbox/cmake/export_slam_toolbox__rosidl_typesupport_fastrtps_cppExport.cmake
[1.186s] -- Up-to-date: /home/rpp/rpp_ws/install/slam_toolbox/share/slam_toolbox/cmake/export_slam_toolbox__rosidl_typesupport_fastrtps_cppExport-release.cmake
[1.186s] -- Up-to-date: /home/rpp/rpp_ws/install/slam_toolbox/share/slam_toolbox/cmake/slam_toolbox__rosidl_typesupport_introspection_cExport.cmake
[1.187s] -- Up-to-date: /home/rpp/rpp_ws/install/slam_toolbox/share/slam_toolbox/cmake/slam_toolbox__rosidl_typesupport_introspection_cExport-release.cmake
[1.188s] -- Up-to-date: /home/rpp/rpp_ws/install/slam_toolbox/share/slam_toolbox/cmake/slam_toolbox__rosidl_typesupport_cExport.cmake
[1.188s] -- Up-to-date: /home/rpp/rpp_ws/install/slam_toolbox/share/slam_toolbox/cmake/slam_toolbox__rosidl_typesupport_cExport-release.cmake
[1.188s] -- Up-to-date: /home/rpp/rpp_ws/install/slam_toolbox/share/slam_toolbox/cmake/slam_toolbox__rosidl_typesupport_introspection_cppExport.cmake
[1.188s] -- Up-to-date: /home/rpp/rpp_ws/install/slam_toolbox/share/slam_toolbox/cmake/slam_toolbox__rosidl_typesupport_introspection_cppExport-release.cmake
[1.190s] -- Up-to-date: /home/rpp/rpp_ws/install/slam_toolbox/share/slam_toolbox/cmake/slam_toolbox__rosidl_typesupport_cppExport.cmake
[1.190s] -- Up-to-date: /home/rpp/rpp_ws/install/slam_toolbox/share/slam_toolbox/cmake/slam_toolbox__rosidl_typesupport_cppExport-release.cmake
[1.191s] -- Up-to-date: /home/rpp/rpp_ws/install/slam_toolbox/share/slam_toolbox/cmake/export_slam_toolbox__rosidl_generator_pyExport.cmake
[1.192s] -- Up-to-date: /home/rpp/rpp_ws/install/slam_toolbox/share/slam_toolbox/cmake/export_slam_toolbox__rosidl_generator_pyExport-release.cmake
[1.192s] -- Up-to-date: /home/rpp/rpp_ws/install/slam_toolbox/share/slam_toolbox/cmake/SlamToolboxPluginExport.cmake
[1.192s] -- Up-to-date: /home/rpp/rpp_ws/install/slam_toolbox/share/slam_toolbox/cmake/SlamToolboxPluginExport-release.cmake
[1.349s] Invoked command in '/home/rpp/rpp_ws/build/slam_toolbox' returned '0': CMAKE_PREFIX_PATH=/home/rpp/rpp_ws/install/nav2_map_server:/home/rpp/rpp_ws/install/nav2_util:/home/rpp/rpp_ws/install/nav2_msgs:/home/rpp/rpp_ws/install/nav2_common:/home/rpp/rpp_ws/install/xf_voice:/home/rpp/rpp_ws/install/xf_voice_msgs:/home/rpp/rpp_ws/install/wheeltec_mic_ros2:/home/rpp/rpp_ws/install/wheeltec_mic_msg:/home/rpp/rpp_ws/install/ti5cra_servo_ros:/home/rpp/rpp_ws/install/ti5cra_servo_sdk:/home/rpp/rpp_ws/install/syntron_servo_ros:/home/rpp/rpp_ws/install/syntron_servo_sdk:/home/rpp/rpp_ws/install/nav2_system_tests:/home/rpp/rpp_ws/install/nav2_bringup:/home/rpp/rpp_ws/install/slam_toolbox:/home/rpp/rpp_ws/install/slam_3d:/home/rpp/rpp_ws/install/slam_2d:/home/rpp/rpp_ws/install/serial:/home/rpp/rpp_ws/install/rpp_ros_driver:/home/rpp/rpp_ws/install/rpp_msgs:/home/rpp/rpp_ws/install/rpp_driver:/home/rpp/rpp_ws/install/robot_bringup:/home/rpp/rpp_ws/install/pymoveit2:/home/rpp/rpp_ws/install/pgo:/home/rpp/rpp_ws/install/navigation_2d:/home/rpp/rpp_ws/install/navigation2:/home/rpp/rpp_ws/install/nav2_smoother:/home/rpp/rpp_ws/install/nav2_graceful_controller:/home/rpp/rpp_ws/install/nav2_dwb_controller:/home/rpp/rpp_ws/install/nav2_controller:/home/rpp/rpp_ws/install/dwb_plugins:/home/rpp/rpp_ws/install/dwb_critics:/home/rpp/rpp_ws/install/dwb_core:/home/rpp/rpp_ws/install/nav_2d_utils:/home/rpp/rpp_ws/install/dwb_msgs:/home/rpp/rpp_ws/install/nav_2d_msgs:/home/rpp/rpp_ws/install/nav2_waypoint_follower:/home/rpp/rpp_ws/install/nav2_theta_star_planner:/home/rpp/rpp_ws/install/nav2_smac_planner:/home/rpp/rpp_ws/install/nav2_rotation_shim_controller:/home/rpp/rpp_ws/install/nav2_regulated_pure_pursuit_controller:/home/rpp/rpp_ws/install/nav2_planner:/home/rpp/rpp_ws/install/nav2_navfn_planner:/home/rpp/rpp_ws/install/nav2_mppi_controller:/home/rpp/rpp_ws/install/nav2_constrained_smoother:/home/rpp/rpp_ws/install/nav2_bt_navigator:/home/rpp/rpp_ws/install/nav2_behaviors:/home/rpp/rpp_ws/install/nav2_core:/home/rpp/rpp_ws/install/nav2_collision_monitor:/home/rpp/rpp_ws/install/costmap_queue:/home/rpp/rpp_ws/install/nav2_costmap_2d:/home/rpp/rpp_ws/install/nav2_voxel_grid:/home/rpp/rpp_ws/install/nav2_velocity_smoother:/home/rpp/rpp_ws/install/nav2_rviz_plugins:/home/rpp/rpp_ws/install/nav2_lifecycle_manager:/home/rpp/rpp_ws/install/nav2_behavior_tree:/home/rpp/rpp_ws/install/nav2_amcl:/home/rpp/rpp_ws/install/motor_pitch_ros:/home/rpp/rpp_ws/install/motor_pitch_sdk:/home/rpp/rpp_ws/install/motor_lift_ros:/home/rpp/rpp_ws/install/motor_lift_sdk:/home/rpp/rpp_ws/install/localizer:/home/rpp/rpp_ws/install/lidar_clipping:/home/rpp/rpp_ws/install/fastlio2:/home/rpp/rpp_ws/install/livox_ros_driver2:/home/rpp/rpp_ws/install/lakibeam1:/home/rpp/rpp_ws/install/kortex_bringup:/home/rpp/rpp_ws/install/kortex_driver:/home/rpp/rpp_ws/install/kinova_gen3_lite_moveit_config:/home/rpp/rpp_ws/install/kinova_gen3_7dof_robotiq_2f_85_moveit_config:/home/rpp/rpp_ws/install/kinova_gen3_6dof_robotiq_2f_85_moveit_config:/home/rpp/rpp_ws/install/kortex_description:/home/rpp/rpp_ws/install/kortex_api:/home/rpp/rpp_ws/install/ira_laser_tools:/home/rpp/rpp_ws/install/hba:/home/rpp/rpp_ws/install/interface:/home/rpp/rpp_ws/install/ea200_moveit_config:/home/rpp/rpp_ws/install/ea200_description:/home/rpp/rpp_ws/install/cr100_description:/home/rpp/rpp_ws/install/setting_info:/home/rpp/rpp_ws/install/nav2_simple_commander:/home/rpp/rpp_ws/install/gui_control:/home/rpp/rpp_ws/install/graphic_display:/home/rpp/rpp_ws/install/linker_hand_ros2_sdk:/home/rpp/rpp_ws/install/bt_task_manager_ros2:/opt/ros/humble LD_LIBRARY_PATH=/home/rpp/rpp_ws/install/nav2_map_server/lib:/home/rpp/rpp_ws/install/nav2_util/lib:/home/rpp/rpp_ws/install/nav2_msgs/lib:/home/rpp/3rdparty//TensorRT-10.9.0.34/lib:/usr/local/cuda-12.8/lib64:/usr/local/lib/:/home/rpp/3rdparty//TensorRT-10.9.0.34/lib:/usr/local/cuda-12.8/lib64:/home/rpp/rpp_ws/install/xf_voice/lib:/home/rpp/rpp_ws/install/xf_voice_msgs/lib:/home/rpp/rpp_ws/install/wheeltec_mic_ros2/lib:/home/rpp/rpp_ws/install/wheeltec_mic_msg/lib:/home/rpp/rpp_ws/install/ti5cra_servo_sdk/lib:/home/rpp/rpp_ws/install/syntron_servo_sdk/lib:/home/rpp/rpp_ws/install/slam_toolbox/lib:/home/rpp/rpp_ws/install/serial/lib:/home/rpp/rpp_ws/install/rpp_msgs/lib:/home/rpp/rpp_ws/install/rpp_driver/lib:/home/rpp/rpp_ws/install/nav2_smoother/lib:/home/rpp/rpp_ws/install/nav2_graceful_controller/lib:/home/rpp/rpp_ws/install/nav2_controller/lib:/home/rpp/rpp_ws/install/dwb_plugins/lib:/home/rpp/rpp_ws/install/dwb_critics/lib:/home/rpp/rpp_ws/install/dwb_core/lib:/home/rpp/rpp_ws/install/nav_2d_utils/lib:/home/rpp/rpp_ws/install/dwb_msgs/lib:/home/rpp/rpp_ws/install/nav_2d_msgs/lib:/home/rpp/rpp_ws/install/nav2_waypoint_follower/lib:/home/rpp/rpp_ws/install/nav2_theta_star_planner/lib:/home/rpp/rpp_ws/install/nav2_smac_planner/lib:/home/rpp/rpp_ws/install/nav2_rotation_shim_controller/lib:/home/rpp/rpp_ws/install/nav2_regulated_pure_pursuit_controller/lib:/home/rpp/rpp_ws/install/nav2_planner/lib:/home/rpp/rpp_ws/install/nav2_navfn_planner/lib:/home/rpp/rpp_ws/install/nav2_mppi_controller/lib:/home/rpp/rpp_ws/install/nav2_constrained_smoother/lib:/home/rpp/rpp_ws/install/nav2_bt_navigator/lib:/home/rpp/rpp_ws/install/nav2_behaviors/lib:/home/rpp/rpp_ws/install/nav2_collision_monitor/lib:/home/rpp/rpp_ws/install/costmap_queue/lib:/home/rpp/rpp_ws/install/nav2_costmap_2d/lib:/home/rpp/rpp_ws/install/nav2_voxel_grid/lib:/home/rpp/rpp_ws/install/nav2_velocity_smoother/lib:/home/rpp/rpp_ws/install/nav2_rviz_plugins/lib:/home/rpp/rpp_ws/install/nav2_lifecycle_manager/lib:/home/rpp/rpp_ws/install/nav2_behavior_tree/lib:/home/rpp/rpp_ws/install/nav2_amcl/lib:/home/rpp/rpp_ws/install/motor_pitch_sdk/lib:/home/rpp/rpp_ws/install/motor_lift_sdk/lib:/home/rpp/rpp_ws/install/livox_ros_driver2/lib:/home/rpp/rpp_ws/install/kortex_driver/lib:/home/rpp/rpp_ws/install/ira_laser_tools/lib:/home/rpp/rpp_ws/install/interface/lib:/usr/lib/x86_64-linux-gnu/gazebo-11/plugins:/opt/ros/humble/opt/rviz_ogre_vendor/lib:/opt/ros/humble/lib/x86_64-linux-gnu:/opt/ros/humble/opt/openvdb_vendor/lib:/opt/ros/humble/lib:/usr/local/lib/ /usr/bin/cmake --install /home/rpp/rpp_ws/build/slam_toolbox
