[0.133s] Invoking command in '/home/rpp/rpp_ws/build/interface': CMAKE_PREFIX_PATH=${CMAKE_PREFIX_PATH}:/home/rpp/rpp_ws/install/setting_info:/home/rpp/rpp_ws/install/nav2_simple_commander:/home/rpp/rpp_ws/install/gui_control:/home/rpp/rpp_ws/install/graphic_display:/home/rpp/rpp_ws/install/linker_hand_ros2_sdk:/home/rpp/rpp_ws/install/bt_task_manager_ros2:/opt/ros/humble /usr/bin/cmake --build /home/rpp/rpp_ws/build/interface -- -j24 -l24
[1.296s] [35m[1mConsolidate compiler generated dependencies of target interface__rosidl_generator_c[0m
[1.297s] [  1%] Built target interface__cpp
[1.297s] [ 12%] Built target interface__rosidl_generator_c
[1.297s] [ 12%] Built target ament_cmake_python_symlink_interface
[1.297s] [35m[1mConsolidate compiler generated dependencies of target interface__rosidl_typesupport_cpp[0m
[1.297s] [35m[1mConsolidate compiler generated dependencies of target interface__rosidl_typesupport_introspection_cpp[0m
[1.298s] [35m[1mConsolidate compiler generated dependencies of target interface__rosidl_typesupport_fastrtps_cpp[0m
[1.298s] [35m[1mConsolidate compiler generated dependencies of target interface__rosidl_typesupport_c[0m
[1.299s] [35m[1mConsolidate compiler generated dependencies of target interface__rosidl_typesupport_introspection_c[0m
[1.299s] [35m[1mConsolidate compiler generated dependencies of target interface__rosidl_typesupport_fastrtps_c[0m
[1.299s] [ 23%] Built target interface__rosidl_typesupport_c
[1.299s] [ 34%] Built target interface__rosidl_typesupport_introspection_c
[1.299s] [ 46%] Built target interface__rosidl_typesupport_cpp
[1.300s] [ 57%] Built target interface__rosidl_typesupport_introspection_cpp
[1.300s] [ 68%] Built target interface__rosidl_typesupport_fastrtps_cpp
[1.300s] [ 79%] Built target interface__rosidl_typesupport_fastrtps_c
[1.300s] [ 79%] Built target interface
[1.300s] [ 80%] Built target interface__py
[1.300s] [35m[1mConsolidate compiler generated dependencies of target interface__rosidl_generator_py[0m
[1.300s] [ 90%] Built target interface__rosidl_generator_py
[1.300s] [35m[1mConsolidate compiler generated dependencies of target interface__rosidl_typesupport_c__pyext[0m
[1.300s] [35m[1mConsolidate compiler generated dependencies of target interface__rosidl_typesupport_introspection_c__pyext[0m
[1.301s] [35m[1mConsolidate compiler generated dependencies of target interface__rosidl_typesupport_fastrtps_c__pyext[0m
[1.301s] [ 93%] Built target interface__rosidl_typesupport_c__pyext
[1.301s] [ 96%] Built target interface__rosidl_typesupport_introspection_c__pyext
[1.301s] [100%] Built target interface__rosidl_typesupport_fastrtps_c__pyext
[1.301s] running egg_info
[1.302s] writing interface.egg-info/PKG-INFO
[1.303s] writing dependency_links to interface.egg-info/dependency_links.txt
[1.303s] writing top-level names to interface.egg-info/top_level.txt
[1.303s] reading manifest file 'interface.egg-info/SOURCES.txt'
[1.304s] writing manifest file 'interface.egg-info/SOURCES.txt'
[1.304s] [100%] Built target ament_cmake_python_build_interface_egg
[1.359s] Invoked command in '/home/rpp/rpp_ws/build/interface' returned '0': CMAKE_PREFIX_PATH=${CMAKE_PREFIX_PATH}:/home/rpp/rpp_ws/install/setting_info:/home/rpp/rpp_ws/install/nav2_simple_commander:/home/rpp/rpp_ws/install/gui_control:/home/rpp/rpp_ws/install/graphic_display:/home/rpp/rpp_ws/install/linker_hand_ros2_sdk:/home/rpp/rpp_ws/install/bt_task_manager_ros2:/opt/ros/humble /usr/bin/cmake --build /home/rpp/rpp_ws/build/interface -- -j24 -l24
[1.361s] Invoking command in '/home/rpp/rpp_ws/build/interface': CMAKE_PREFIX_PATH=${CMAKE_PREFIX_PATH}:/home/rpp/rpp_ws/install/setting_info:/home/rpp/rpp_ws/install/nav2_simple_commander:/home/rpp/rpp_ws/install/gui_control:/home/rpp/rpp_ws/install/graphic_display:/home/rpp/rpp_ws/install/linker_hand_ros2_sdk:/home/rpp/rpp_ws/install/bt_task_manager_ros2:/opt/ros/humble /usr/bin/cmake --install /home/rpp/rpp_ws/build/interface
[1.503s] -- Install configuration: ""
[1.504s] -- Execute custom install script
[1.504s] -- Up-to-date symlink: /home/rpp/rpp_ws/install/interface/share/ament_index/resource_index/rosidl_interfaces/interface
[1.505s] -- Up-to-date symlink: /home/rpp/rpp_ws/install/interface/include/interface/interface/msg/rosidl_generator_c__visibility_control.h
[1.505s] -- Up-to-date symlink: /home/rpp/rpp_ws/install/interface/include/interface/interface/srv/detail/is_valid__functions.h
[1.505s] -- Up-to-date symlink: /home/rpp/rpp_ws/install/interface/include/interface/interface/srv/detail/is_valid__struct.h
[1.506s] -- Up-to-date symlink: /home/rpp/rpp_ws/install/interface/include/interface/interface/srv/detail/is_valid__type_support.h
[1.506s] -- Up-to-date symlink: /home/rpp/rpp_ws/install/interface/include/interface/interface/srv/detail/refine_map__functions.h
[1.506s] -- Up-to-date symlink: /home/rpp/rpp_ws/install/interface/include/interface/interface/srv/detail/refine_map__struct.h
[1.506s] -- Up-to-date symlink: /home/rpp/rpp_ws/install/interface/include/interface/interface/srv/detail/refine_map__type_support.h
[1.506s] -- Up-to-date symlink: /home/rpp/rpp_ws/install/interface/include/interface/interface/srv/detail/relocalize__functions.h
[1.506s] -- Up-to-date symlink: /home/rpp/rpp_ws/install/interface/include/interface/interface/srv/detail/relocalize__struct.h
[1.506s] -- Up-to-date symlink: /home/rpp/rpp_ws/install/interface/include/interface/interface/srv/detail/relocalize__type_support.h
[1.506s] -- Up-to-date symlink: /home/rpp/rpp_ws/install/interface/include/interface/interface/srv/detail/save_maps__functions.h
[1.507s] -- Up-to-date symlink: /home/rpp/rpp_ws/install/interface/include/interface/interface/srv/detail/save_maps__struct.h
[1.507s] -- Up-to-date symlink: /home/rpp/rpp_ws/install/interface/include/interface/interface/srv/detail/save_maps__type_support.h
[1.507s] -- Up-to-date symlink: /home/rpp/rpp_ws/install/interface/include/interface/interface/srv/detail/save_poses__functions.h
[1.507s] -- Up-to-date symlink: /home/rpp/rpp_ws/install/interface/include/interface/interface/srv/detail/save_poses__struct.h
[1.507s] -- Up-to-date symlink: /home/rpp/rpp_ws/install/interface/include/interface/interface/srv/detail/save_poses__type_support.h
[1.507s] -- Up-to-date symlink: /home/rpp/rpp_ws/install/interface/include/interface/interface/srv/is_valid.h
[1.507s] -- Up-to-date symlink: /home/rpp/rpp_ws/install/interface/include/interface/interface/srv/refine_map.h
[1.507s] -- Up-to-date symlink: /home/rpp/rpp_ws/install/interface/include/interface/interface/srv/relocalize.h
[1.507s] -- Up-to-date symlink: /home/rpp/rpp_ws/install/interface/include/interface/interface/srv/save_maps.h
[1.507s] -- Up-to-date symlink: /home/rpp/rpp_ws/install/interface/include/interface/interface/srv/save_poses.h
[1.507s] -- Up-to-date symlink: /home/rpp/rpp_ws/install/interface/share/interface/environment/library_path.sh
[1.507s] -- Up-to-date symlink: /home/rpp/rpp_ws/install/interface/share/interface/environment/library_path.dsv
[1.507s] -- Up-to-date symlink: /home/rpp/rpp_ws/install/interface/include/interface/interface/msg/rosidl_typesupport_fastrtps_c__visibility_control.h
[1.508s] -- Up-to-date symlink: /home/rpp/rpp_ws/install/interface/include/interface/interface/srv/detail/is_valid__rosidl_typesupport_fastrtps_c.h
[1.508s] -- Up-to-date symlink: /home/rpp/rpp_ws/install/interface/include/interface/interface/srv/detail/refine_map__rosidl_typesupport_fastrtps_c.h
[1.508s] -- Up-to-date symlink: /home/rpp/rpp_ws/install/interface/include/interface/interface/srv/detail/relocalize__rosidl_typesupport_fastrtps_c.h
[1.508s] -- Up-to-date symlink: /home/rpp/rpp_ws/install/interface/include/interface/interface/srv/detail/save_maps__rosidl_typesupport_fastrtps_c.h
[1.508s] -- Up-to-date symlink: /home/rpp/rpp_ws/install/interface/include/interface/interface/srv/detail/save_poses__rosidl_typesupport_fastrtps_c.h
[1.508s] -- Up-to-date symlink: /home/rpp/rpp_ws/install/interface/include/interface/interface/msg/rosidl_generator_cpp__visibility_control.hpp
[1.508s] -- Up-to-date symlink: /home/rpp/rpp_ws/install/interface/include/interface/interface/srv/detail/is_valid__builder.hpp
[1.508s] -- Up-to-date symlink: /home/rpp/rpp_ws/install/interface/include/interface/interface/srv/detail/is_valid__struct.hpp
[1.526s] -- Up-to-date symlink: /home/rpp/rpp_ws/install/interface/include/interface/interface/srv/detail/is_valid__traits.hpp
[1.526s] -- Up-to-date symlink: /home/rpp/rpp_ws/install/interface/include/interface/interface/srv/detail/is_valid__type_support.hpp
[1.526s] -- Up-to-date symlink: /home/rpp/rpp_ws/install/interface/include/interface/interface/srv/detail/refine_map__builder.hpp
[1.526s] -- Up-to-date symlink: /home/rpp/rpp_ws/install/interface/include/interface/interface/srv/detail/refine_map__struct.hpp
[1.526s] -- Up-to-date symlink: /home/rpp/rpp_ws/install/interface/include/interface/interface/srv/detail/refine_map__traits.hpp
[1.526s] -- Up-to-date symlink: /home/rpp/rpp_ws/install/interface/include/interface/interface/srv/detail/refine_map__type_support.hpp
[1.526s] -- Up-to-date symlink: /home/rpp/rpp_ws/install/interface/include/interface/interface/srv/detail/relocalize__builder.hpp
[1.526s] -- Up-to-date symlink: /home/rpp/rpp_ws/install/interface/include/interface/interface/srv/detail/relocalize__struct.hpp
[1.526s] -- Up-to-date symlink: /home/rpp/rpp_ws/install/interface/include/interface/interface/srv/detail/relocalize__traits.hpp
[1.526s] -- Up-to-date symlink: /home/rpp/rpp_ws/install/interface/include/interface/interface/srv/detail/relocalize__type_support.hpp
[1.526s] -- Up-to-date symlink: /home/rpp/rpp_ws/install/interface/include/interface/interface/srv/detail/save_maps__builder.hpp
[1.526s] -- Up-to-date symlink: /home/rpp/rpp_ws/install/interface/include/interface/interface/srv/detail/save_maps__struct.hpp
[1.526s] -- Up-to-date symlink: /home/rpp/rpp_ws/install/interface/include/interface/interface/srv/detail/save_maps__traits.hpp
[1.526s] -- Up-to-date symlink: /home/rpp/rpp_ws/install/interface/include/interface/interface/srv/detail/save_maps__type_support.hpp
[1.527s] -- Up-to-date symlink: /home/rpp/rpp_ws/install/interface/include/interface/interface/srv/detail/save_poses__builder.hpp
[1.527s] -- Up-to-date symlink: /home/rpp/rpp_ws/install/interface/include/interface/interface/srv/detail/save_poses__struct.hpp
[1.527s] -- Up-to-date symlink: /home/rpp/rpp_ws/install/interface/include/interface/interface/srv/detail/save_poses__traits.hpp
[1.527s] -- Up-to-date symlink: /home/rpp/rpp_ws/install/interface/include/interface/interface/srv/detail/save_poses__type_support.hpp
[1.527s] -- Up-to-date symlink: /home/rpp/rpp_ws/install/interface/include/interface/interface/srv/is_valid.hpp
[1.528s] -- Up-to-date symlink: /home/rpp/rpp_ws/install/interface/include/interface/interface/srv/refine_map.hpp
[1.528s] -- Up-to-date symlink: /home/rpp/rpp_ws/install/interface/include/interface/interface/srv/relocalize.hpp
[1.528s] -- Up-to-date symlink: /home/rpp/rpp_ws/install/interface/include/interface/interface/srv/save_maps.hpp
[1.528s] -- Up-to-date symlink: /home/rpp/rpp_ws/install/interface/include/interface/interface/srv/save_poses.hpp
[1.528s] -- Up-to-date symlink: /home/rpp/rpp_ws/install/interface/include/interface/interface/msg/rosidl_typesupport_fastrtps_cpp__visibility_control.h
[1.528s] -- Up-to-date symlink: /home/rpp/rpp_ws/install/interface/include/interface/interface/srv/detail/is_valid__rosidl_typesupport_fastrtps_cpp.hpp
[1.529s] -- Up-to-date symlink: /home/rpp/rpp_ws/install/interface/include/interface/interface/srv/detail/refine_map__rosidl_typesupport_fastrtps_cpp.hpp
[1.529s] -- Up-to-date symlink: /home/rpp/rpp_ws/install/interface/include/interface/interface/srv/detail/relocalize__rosidl_typesupport_fastrtps_cpp.hpp
[1.530s] -- Up-to-date symlink: /home/rpp/rpp_ws/install/interface/include/interface/interface/srv/detail/save_maps__rosidl_typesupport_fastrtps_cpp.hpp
[1.530s] -- Up-to-date symlink: /home/rpp/rpp_ws/install/interface/include/interface/interface/srv/detail/save_poses__rosidl_typesupport_fastrtps_cpp.hpp
[1.530s] -- Up-to-date symlink: /home/rpp/rpp_ws/install/interface/include/interface/interface/msg/rosidl_typesupport_introspection_c__visibility_control.h
[1.530s] -- Up-to-date symlink: /home/rpp/rpp_ws/install/interface/include/interface/interface/srv/detail/is_valid__rosidl_typesupport_introspection_c.h
[1.530s] -- Up-to-date symlink: /home/rpp/rpp_ws/install/interface/include/interface/interface/srv/detail/refine_map__rosidl_typesupport_introspection_c.h
[1.531s] -- Up-to-date symlink: /home/rpp/rpp_ws/install/interface/include/interface/interface/srv/detail/relocalize__rosidl_typesupport_introspection_c.h
[1.531s] -- Up-to-date symlink: /home/rpp/rpp_ws/install/interface/include/interface/interface/srv/detail/save_maps__rosidl_typesupport_introspection_c.h
[1.531s] -- Up-to-date symlink: /home/rpp/rpp_ws/install/interface/include/interface/interface/srv/detail/save_poses__rosidl_typesupport_introspection_c.h
[1.531s] -- Up-to-date symlink: /home/rpp/rpp_ws/install/interface/include/interface/interface/srv/detail/is_valid__rosidl_typesupport_introspection_cpp.hpp
[1.531s] -- Up-to-date symlink: /home/rpp/rpp_ws/install/interface/include/interface/interface/srv/detail/refine_map__rosidl_typesupport_introspection_cpp.hpp
[1.532s] -- Up-to-date symlink: /home/rpp/rpp_ws/install/interface/include/interface/interface/srv/detail/relocalize__rosidl_typesupport_introspection_cpp.hpp
[1.532s] -- Up-to-date symlink: /home/rpp/rpp_ws/install/interface/include/interface/interface/srv/detail/save_maps__rosidl_typesupport_introspection_cpp.hpp
[1.533s] -- Up-to-date symlink: /home/rpp/rpp_ws/install/interface/include/interface/interface/srv/detail/save_poses__rosidl_typesupport_introspection_cpp.hpp
[1.533s] -- Up-to-date symlink: /home/rpp/rpp_ws/install/interface/share/interface/environment/pythonpath.sh
[1.533s] -- Up-to-date symlink: /home/rpp/rpp_ws/install/interface/share/interface/environment/pythonpath.dsv
[1.534s] -- Up-to-date symlink: /home/rpp/rpp_ws/install/interface/local/lib/python3.10/dist-packages/interface-0.0.0-py3.10.egg-info/PKG-INFO
[1.534s] -- Up-to-date symlink: /home/rpp/rpp_ws/install/interface/local/lib/python3.10/dist-packages/interface-0.0.0-py3.10.egg-info/SOURCES.txt
[1.534s] -- Up-to-date symlink: /home/rpp/rpp_ws/install/interface/local/lib/python3.10/dist-packages/interface-0.0.0-py3.10.egg-info/dependency_links.txt
[1.535s] -- Up-to-date symlink: /home/rpp/rpp_ws/install/interface/local/lib/python3.10/dist-packages/interface-0.0.0-py3.10.egg-info/top_level.txt
[1.535s] -- Up-to-date symlink: /home/rpp/rpp_ws/install/interface/local/lib/python3.10/dist-packages/interface/__init__.py
[1.535s] -- Up-to-date symlink: /home/rpp/rpp_ws/install/interface/local/lib/python3.10/dist-packages/interface/_interface_s.ep.rosidl_typesupport_c.c
[1.535s] -- Up-to-date symlink: /home/rpp/rpp_ws/install/interface/local/lib/python3.10/dist-packages/interface/_interface_s.ep.rosidl_typesupport_fastrtps_c.c
[1.535s] -- Up-to-date symlink: /home/rpp/rpp_ws/install/interface/local/lib/python3.10/dist-packages/interface/_interface_s.ep.rosidl_typesupport_introspection_c.c
[1.536s] -- Up-to-date symlink: /home/rpp/rpp_ws/install/interface/local/lib/python3.10/dist-packages/interface/interface_s__rosidl_typesupport_c.cpython-310-x86_64-linux-gnu.so
[1.536s] -- Up-to-date symlink: /home/rpp/rpp_ws/install/interface/local/lib/python3.10/dist-packages/interface/interface_s__rosidl_typesupport_fastrtps_c.cpython-310-x86_64-linux-gnu.so
[1.536s] -- Up-to-date symlink: /home/rpp/rpp_ws/install/interface/local/lib/python3.10/dist-packages/interface/interface_s__rosidl_typesupport_introspection_c.cpython-310-x86_64-linux-gnu.so
[1.537s] -- Up-to-date symlink: /home/rpp/rpp_ws/install/interface/local/lib/python3.10/dist-packages/interface/libinterface__rosidl_generator_py.so
[1.537s] -- Up-to-date symlink: /home/rpp/rpp_ws/install/interface/local/lib/python3.10/dist-packages/interface/srv/__init__.py
[1.537s] -- Up-to-date symlink: /home/rpp/rpp_ws/install/interface/local/lib/python3.10/dist-packages/interface/srv/_is_valid.py
[1.538s] -- Up-to-date symlink: /home/rpp/rpp_ws/install/interface/local/lib/python3.10/dist-packages/interface/srv/_is_valid_s.c
[1.538s] -- Up-to-date symlink: /home/rpp/rpp_ws/install/interface/local/lib/python3.10/dist-packages/interface/srv/_refine_map.py
[1.538s] -- Up-to-date symlink: /home/rpp/rpp_ws/install/interface/local/lib/python3.10/dist-packages/interface/srv/_refine_map_s.c
[1.539s] -- Up-to-date symlink: /home/rpp/rpp_ws/install/interface/local/lib/python3.10/dist-packages/interface/srv/_relocalize.py
[1.539s] -- Up-to-date symlink: /home/rpp/rpp_ws/install/interface/local/lib/python3.10/dist-packages/interface/srv/_relocalize_s.c
[1.540s] -- Up-to-date symlink: /home/rpp/rpp_ws/install/interface/local/lib/python3.10/dist-packages/interface/srv/_save_maps.py
[1.540s] -- Up-to-date symlink: /home/rpp/rpp_ws/install/interface/local/lib/python3.10/dist-packages/interface/srv/_save_maps_s.c
[1.540s] -- Up-to-date symlink: /home/rpp/rpp_ws/install/interface/local/lib/python3.10/dist-packages/interface/srv/_save_poses.py
[1.541s] -- Up-to-date symlink: /home/rpp/rpp_ws/install/interface/local/lib/python3.10/dist-packages/interface/srv/_save_poses_s.c
[1.541s] -- Up-to-date symlink: /home/rpp/rpp_ws/install/interface/local/lib/python3.10/dist-packages/interface/interface_s__rosidl_typesupport_fastrtps_c.cpython-310-x86_64-linux-gnu.so
[1.541s] -- Up-to-date symlink: /home/rpp/rpp_ws/install/interface/local/lib/python3.10/dist-packages/interface/interface_s__rosidl_typesupport_introspection_c.cpython-310-x86_64-linux-gnu.so
[1.541s] -- Up-to-date symlink: /home/rpp/rpp_ws/install/interface/local/lib/python3.10/dist-packages/interface/interface_s__rosidl_typesupport_c.cpython-310-x86_64-linux-gnu.so
[1.541s] -- Up-to-date symlink: /home/rpp/rpp_ws/install/interface/share/interface/srv/SaveMaps.idl
[1.542s] -- Up-to-date symlink: /home/rpp/rpp_ws/install/interface/share/interface/srv/Relocalize.idl
[1.542s] -- Up-to-date symlink: /home/rpp/rpp_ws/install/interface/share/interface/srv/IsValid.idl
[1.542s] -- Up-to-date symlink: /home/rpp/rpp_ws/install/interface/share/interface/srv/RefineMap.idl
[1.542s] -- Up-to-date symlink: /home/rpp/rpp_ws/install/interface/share/interface/srv/SavePoses.idl
[1.543s] -- Up-to-date symlink: /home/rpp/rpp_ws/install/interface/share/interface/srv/SaveMaps.srv
[1.543s] -- Up-to-date symlink: /home/rpp/rpp_ws/install/interface/share/interface/srv/SaveMaps_Request.msg
[1.543s] -- Up-to-date symlink: /home/rpp/rpp_ws/install/interface/share/interface/srv/SaveMaps_Response.msg
[1.544s] -- Up-to-date symlink: /home/rpp/rpp_ws/install/interface/share/interface/srv/Relocalize.srv
[1.544s] -- Up-to-date symlink: /home/rpp/rpp_ws/install/interface/share/interface/srv/Relocalize_Request.msg
[1.545s] -- Up-to-date symlink: /home/rpp/rpp_ws/install/interface/share/interface/srv/Relocalize_Response.msg
[1.546s] -- Up-to-date symlink: /home/rpp/rpp_ws/install/interface/share/interface/srv/IsValid.srv
[1.546s] -- Up-to-date symlink: /home/rpp/rpp_ws/install/interface/share/interface/srv/IsValid_Request.msg
[1.546s] -- Up-to-date symlink: /home/rpp/rpp_ws/install/interface/share/interface/srv/IsValid_Response.msg
[1.547s] -- Up-to-date symlink: /home/rpp/rpp_ws/install/interface/share/interface/srv/RefineMap.srv
[1.547s] -- Up-to-date symlink: /home/rpp/rpp_ws/install/interface/share/interface/srv/RefineMap_Request.msg
[1.548s] -- Up-to-date symlink: /home/rpp/rpp_ws/install/interface/share/interface/srv/RefineMap_Response.msg
[1.548s] -- Up-to-date symlink: /home/rpp/rpp_ws/install/interface/share/interface/srv/SavePoses.srv
[1.548s] -- Up-to-date symlink: /home/rpp/rpp_ws/install/interface/share/interface/srv/SavePoses_Request.msg
[1.548s] -- Up-to-date symlink: /home/rpp/rpp_ws/install/interface/share/interface/srv/SavePoses_Response.msg
[1.549s] -- Up-to-date symlink: /home/rpp/rpp_ws/install/interface/share/ament_index/resource_index/package_run_dependencies/interface
[1.549s] -- Up-to-date symlink: /home/rpp/rpp_ws/install/interface/share/ament_index/resource_index/parent_prefix_path/interface
[1.549s] -- Up-to-date symlink: /home/rpp/rpp_ws/install/interface/share/interface/environment/ament_prefix_path.sh
[1.550s] -- Up-to-date symlink: /home/rpp/rpp_ws/install/interface/share/interface/environment/ament_prefix_path.dsv
[1.550s] -- Up-to-date symlink: /home/rpp/rpp_ws/install/interface/share/interface/environment/path.sh
[1.550s] -- Up-to-date symlink: /home/rpp/rpp_ws/install/interface/share/interface/environment/path.dsv
[1.551s] -- Up-to-date symlink: /home/rpp/rpp_ws/install/interface/share/interface/local_setup.bash
[1.551s] -- Up-to-date symlink: /home/rpp/rpp_ws/install/interface/share/interface/local_setup.sh
[1.551s] -- Up-to-date symlink: /home/rpp/rpp_ws/install/interface/share/interface/local_setup.zsh
[1.551s] -- Up-to-date symlink: /home/rpp/rpp_ws/install/interface/share/interface/local_setup.dsv
[1.551s] -- Symlinking: /home/rpp/rpp_ws/install/interface/share/interface/package.dsv
[1.581s] -- Up-to-date symlink: /home/rpp/rpp_ws/install/interface/share/ament_index/resource_index/packages/interface
[1.583s] -- Up-to-date symlink: /home/rpp/rpp_ws/install/interface/share/interface/cmake/rosidl_cmake-extras.cmake
[1.584s] -- Up-to-date symlink: /home/rpp/rpp_ws/install/interface/share/interface/cmake/ament_cmake_export_dependencies-extras.cmake
[1.584s] -- Up-to-date symlink: /home/rpp/rpp_ws/install/interface/share/interface/cmake/ament_cmake_export_include_directories-extras.cmake
[1.584s] -- Up-to-date symlink: /home/rpp/rpp_ws/install/interface/share/interface/cmake/ament_cmake_export_libraries-extras.cmake
[1.584s] -- Up-to-date symlink: /home/rpp/rpp_ws/install/interface/share/interface/cmake/ament_cmake_export_targets-extras.cmake
[1.585s] -- Up-to-date symlink: /home/rpp/rpp_ws/install/interface/share/interface/cmake/rosidl_cmake_export_typesupport_targets-extras.cmake
[1.585s] -- Up-to-date symlink: /home/rpp/rpp_ws/install/interface/share/interface/cmake/rosidl_cmake_export_typesupport_libraries-extras.cmake
[1.585s] -- Up-to-date symlink: /home/rpp/rpp_ws/install/interface/share/interface/cmake/interfaceConfig.cmake
[1.585s] -- Up-to-date symlink: /home/rpp/rpp_ws/install/interface/share/interface/cmake/interfaceConfig-version.cmake
[1.585s] -- Up-to-date symlink: /home/rpp/rpp_ws/install/interface/share/interface/package.xml
[1.585s] -- Up-to-date: /home/rpp/rpp_ws/install/interface/lib/libinterface__rosidl_generator_c.so
[1.585s] -- Up-to-date: /home/rpp/rpp_ws/install/interface/lib/libinterface__rosidl_typesupport_fastrtps_c.so
[1.586s] -- Up-to-date: /home/rpp/rpp_ws/install/interface/lib/libinterface__rosidl_typesupport_fastrtps_cpp.so
[1.586s] -- Up-to-date: /home/rpp/rpp_ws/install/interface/lib/libinterface__rosidl_typesupport_introspection_c.so
[1.586s] -- Up-to-date: /home/rpp/rpp_ws/install/interface/lib/libinterface__rosidl_typesupport_c.so
[1.587s] -- Up-to-date: /home/rpp/rpp_ws/install/interface/lib/libinterface__rosidl_typesupport_introspection_cpp.so
[1.587s] -- Up-to-date: /home/rpp/rpp_ws/install/interface/lib/libinterface__rosidl_typesupport_cpp.so
[1.619s] Listing '/home/rpp/rpp_ws/install/interface/local/lib/python3.10/dist-packages/interface'...
[1.619s] Listing '/home/rpp/rpp_ws/install/interface/local/lib/python3.10/dist-packages/interface/srv'...
[1.620s] -- Up-to-date: /home/rpp/rpp_ws/install/interface/lib/libinterface__rosidl_generator_py.so
[1.620s] -- Up-to-date: /home/rpp/rpp_ws/install/interface/share/interface/cmake/export_interface__rosidl_generator_cExport.cmake
[1.620s] -- Up-to-date: /home/rpp/rpp_ws/install/interface/share/interface/cmake/export_interface__rosidl_generator_cExport-noconfig.cmake
[1.620s] -- Up-to-date: /home/rpp/rpp_ws/install/interface/share/interface/cmake/export_interface__rosidl_typesupport_fastrtps_cExport.cmake
[1.620s] -- Up-to-date: /home/rpp/rpp_ws/install/interface/share/interface/cmake/export_interface__rosidl_typesupport_fastrtps_cExport-noconfig.cmake
[1.620s] -- Up-to-date: /home/rpp/rpp_ws/install/interface/share/interface/cmake/export_interface__rosidl_generator_cppExport.cmake
[1.620s] -- Up-to-date: /home/rpp/rpp_ws/install/interface/share/interface/cmake/export_interface__rosidl_typesupport_fastrtps_cppExport.cmake
[1.621s] -- Up-to-date: /home/rpp/rpp_ws/install/interface/share/interface/cmake/export_interface__rosidl_typesupport_fastrtps_cppExport-noconfig.cmake
[1.621s] -- Up-to-date: /home/rpp/rpp_ws/install/interface/share/interface/cmake/interface__rosidl_typesupport_introspection_cExport.cmake
[1.621s] -- Up-to-date: /home/rpp/rpp_ws/install/interface/share/interface/cmake/interface__rosidl_typesupport_introspection_cExport-noconfig.cmake
[1.621s] -- Up-to-date: /home/rpp/rpp_ws/install/interface/share/interface/cmake/interface__rosidl_typesupport_cExport.cmake
[1.621s] -- Up-to-date: /home/rpp/rpp_ws/install/interface/share/interface/cmake/interface__rosidl_typesupport_cExport-noconfig.cmake
[1.621s] -- Up-to-date: /home/rpp/rpp_ws/install/interface/share/interface/cmake/interface__rosidl_typesupport_introspection_cppExport.cmake
[1.621s] -- Up-to-date: /home/rpp/rpp_ws/install/interface/share/interface/cmake/interface__rosidl_typesupport_introspection_cppExport-noconfig.cmake
[1.621s] -- Up-to-date: /home/rpp/rpp_ws/install/interface/share/interface/cmake/interface__rosidl_typesupport_cppExport.cmake
[1.621s] -- Up-to-date: /home/rpp/rpp_ws/install/interface/share/interface/cmake/interface__rosidl_typesupport_cppExport-noconfig.cmake
[1.621s] -- Up-to-date: /home/rpp/rpp_ws/install/interface/share/interface/cmake/export_interface__rosidl_generator_pyExport.cmake
[1.621s] -- Up-to-date: /home/rpp/rpp_ws/install/interface/share/interface/cmake/export_interface__rosidl_generator_pyExport-noconfig.cmake
[1.856s] Invoked command in '/home/rpp/rpp_ws/build/interface' returned '0': CMAKE_PREFIX_PATH=${CMAKE_PREFIX_PATH}:/home/rpp/rpp_ws/install/setting_info:/home/rpp/rpp_ws/install/nav2_simple_commander:/home/rpp/rpp_ws/install/gui_control:/home/rpp/rpp_ws/install/graphic_display:/home/rpp/rpp_ws/install/linker_hand_ros2_sdk:/home/rpp/rpp_ws/install/bt_task_manager_ros2:/opt/ros/humble /usr/bin/cmake --install /home/rpp/rpp_ws/build/interface
