-- Install configuration: ""
-- Execute custom install script
-- Up-to-date symlink: /home/rpp/rpp_ws/install/slam_3d/share/slam_3d/launch/pgo.launch.py
-- Up-to-date symlink: /home/rpp/rpp_ws/install/slam_3d/share/slam_3d/config/lio.yaml
-- Up-to-date symlink: /home/rpp/rpp_ws/install/slam_3d/share/slam_3d/config/pgo.yaml
-- Up-to-date symlink: /home/rpp/rpp_ws/install/slam_3d/share/slam_3d/rviz/pgo.rviz
-- Up-to-date symlink: /home/rpp/rpp_ws/install/slam_3d/share/ament_index/resource_index/package_run_dependencies/slam_3d
-- Up-to-date symlink: /home/rpp/rpp_ws/install/slam_3d/share/ament_index/resource_index/parent_prefix_path/slam_3d
-- Up-to-date symlink: /home/rpp/rpp_ws/install/slam_3d/share/slam_3d/environment/ament_prefix_path.sh
-- Up-to-date symlink: /home/rpp/rpp_ws/install/slam_3d/share/slam_3d/environment/ament_prefix_path.dsv
-- Up-to-date symlink: /home/rpp/rpp_ws/install/slam_3d/share/slam_3d/environment/path.sh
-- Up-to-date symlink: /home/rpp/rpp_ws/install/slam_3d/share/slam_3d/environment/path.dsv
-- Up-to-date symlink: /home/rpp/rpp_ws/install/slam_3d/share/slam_3d/local_setup.bash
-- Up-to-date symlink: /home/rpp/rpp_ws/install/slam_3d/share/slam_3d/local_setup.sh
-- Up-to-date symlink: /home/rpp/rpp_ws/install/slam_3d/share/slam_3d/local_setup.zsh
-- Up-to-date symlink: /home/rpp/rpp_ws/install/slam_3d/share/slam_3d/local_setup.dsv
-- Symlinking: /home/rpp/rpp_ws/install/slam_3d/share/slam_3d/package.dsv
-- Up-to-date symlink: /home/rpp/rpp_ws/install/slam_3d/share/ament_index/resource_index/packages/slam_3d
-- Up-to-date symlink: /home/rpp/rpp_ws/install/slam_3d/share/slam_3d/cmake/slam_3dConfig.cmake
-- Up-to-date symlink: /home/rpp/rpp_ws/install/slam_3d/share/slam_3d/cmake/slam_3dConfig-version.cmake
-- Up-to-date symlink: /home/rpp/rpp_ws/install/slam_3d/share/slam_3d/package.xml
