[0.326s] Invoking command in '/home/rpp/rpp_ws/build/wheeltec_mic_msg': CMAKE_PREFIX_PATH=${CMAKE_PREFIX_PATH}:/home/rpp/rpp_ws/install/setting_info:/home/rpp/rpp_ws/install/nav2_simple_commander:/home/rpp/rpp_ws/install/gui_control:/home/rpp/rpp_ws/install/graphic_display:/home/rpp/rpp_ws/install/linker_hand_ros2_sdk:/home/rpp/rpp_ws/install/bt_task_manager_ros2:/opt/ros/humble /usr/bin/cmake /home/rpp/rpp_ws/src/drivers/wheeltec_mic/wheeltec_mic_msg -DAMENT_CMAKE_SYMLINK_INSTALL=1 -DCMAKE_INSTALL_PREFIX=/home/rpp/rpp_ws/install/wheeltec_mic_msg
[1.168s] -- The C compiler identification is GNU 11.4.0
[1.168s] -- The CXX compiler identification is GNU 11.4.0
[1.168s] -- Detecting C compiler ABI info
[1.168s] -- Detecting C compiler ABI info - done
[1.168s] -- Check for working C compiler: /usr/bin/cc - skipped
[1.168s] -- Detecting C compile features
[1.168s] -- Detecting C compile features - done
[1.169s] -- Detecting CXX compiler ABI info
[1.169s] -- Detecting CXX compiler ABI info - done
[1.169s] -- Check for working CXX compiler: /usr/bin/c++ - skipped
[1.169s] -- Detecting CXX compile features
[1.169s] -- Detecting CXX compile features - done
[1.169s] -- Found ament_cmake: 1.3.11 (/opt/ros/humble/share/ament_cmake/cmake)
[1.169s] -- Found Python3: /usr/bin/python3 (found version "3.10.12") found components: Interpreter 
[1.222s] -- Override CMake install command with custom implementation using symlinks instead of copying resources
[1.305s] -- Found rclcpp: 16.0.11 (/opt/ros/humble/share/rclcpp/cmake)
[1.399s] -- Found rosidl_generator_c: 3.1.6 (/opt/ros/humble/share/rosidl_generator_c/cmake)
[1.410s] -- Found rosidl_adapter: 3.1.6 (/opt/ros/humble/share/rosidl_adapter/cmake)
[1.430s] -- Found rosidl_generator_cpp: 3.1.6 (/opt/ros/humble/share/rosidl_generator_cpp/cmake)
[1.467s] -- Using all available rosidl_typesupport_c: rosidl_typesupport_fastrtps_c;rosidl_typesupport_introspection_c
[1.566s] -- Using all available rosidl_typesupport_cpp: rosidl_typesupport_fastrtps_cpp;rosidl_typesupport_introspection_cpp
[1.752s] -- Found rmw_implementation_cmake: 6.1.2 (/opt/ros/humble/share/rmw_implementation_cmake/cmake)
[1.782s] -- Found rmw_fastrtps_cpp: 6.2.7 (/opt/ros/humble/share/rmw_fastrtps_cpp/cmake)
[2.041s] -- Found OpenSSL: /usr/lib/x86_64-linux-gnu/libcrypto.so (found version "3.0.2")  
[2.102s] -- Found FastRTPS: /opt/ros/humble/include  
[2.187s] -- Using RMW implementation 'rmw_fastrtps_cpp' as default
[2.223s] -- Looking for pthread.h
[2.360s] -- Looking for pthread.h - found
[2.360s] -- Performing Test CMAKE_HAVE_LIBC_PTHREAD
[2.540s] -- Performing Test CMAKE_HAVE_LIBC_PTHREAD - Success
[2.540s] -- Found Threads: TRUE  
[2.667s] -- Found rosidl_default_generators: 1.2.0 (/opt/ros/humble/share/rosidl_default_generators/cmake)
[3.432s] -- Found ament_cmake_ros: 0.10.0 (/opt/ros/humble/share/ament_cmake_ros/cmake)
[4.184s] -- Using all available rosidl_typesupport_c: rosidl_typesupport_fastrtps_c;rosidl_typesupport_introspection_c
[4.389s] -- Using all available rosidl_typesupport_cpp: rosidl_typesupport_fastrtps_cpp;rosidl_typesupport_introspection_cpp
[4.428s] -- Found PythonInterp: /usr/bin/python3 (found suitable version "3.10.12", minimum required is "3.6") 
[4.431s] -- Found python_cmake_module: 0.10.0 (/opt/ros/humble/share/python_cmake_module/cmake)
[4.471s] -- Found PythonLibs: /usr/lib/x86_64-linux-gnu/libpython3.10.so (found suitable version "3.10.12", minimum required is "3.5") 
[4.472s] -- Using PYTHON_EXECUTABLE: /usr/bin/python3
[4.472s] -- Using PYTHON_INCLUDE_DIRS: /usr/include/python3.10
[4.472s] -- Using PYTHON_LIBRARIES: /usr/lib/x86_64-linux-gnu/libpython3.10.so
[4.504s] -- Found PythonExtra: .so  
[4.653s] -- Configuring done
[4.663s] -- Generating done
[4.678s] -- Build files have been written to: /home/rpp/rpp_ws/build/wheeltec_mic_msg
[4.933s] Invoked command in '/home/rpp/rpp_ws/build/wheeltec_mic_msg' returned '0': CMAKE_PREFIX_PATH=${CMAKE_PREFIX_PATH}:/home/rpp/rpp_ws/install/setting_info:/home/rpp/rpp_ws/install/nav2_simple_commander:/home/rpp/rpp_ws/install/gui_control:/home/rpp/rpp_ws/install/graphic_display:/home/rpp/rpp_ws/install/linker_hand_ros2_sdk:/home/rpp/rpp_ws/install/bt_task_manager_ros2:/opt/ros/humble /usr/bin/cmake /home/rpp/rpp_ws/src/drivers/wheeltec_mic/wheeltec_mic_msg -DAMENT_CMAKE_SYMLINK_INSTALL=1 -DCMAKE_INSTALL_PREFIX=/home/rpp/rpp_ws/install/wheeltec_mic_msg
[4.934s] Invoking command in '/home/rpp/rpp_ws/build/wheeltec_mic_msg': CMAKE_PREFIX_PATH=${CMAKE_PREFIX_PATH}:/home/rpp/rpp_ws/install/setting_info:/home/rpp/rpp_ws/install/nav2_simple_commander:/home/rpp/rpp_ws/install/gui_control:/home/rpp/rpp_ws/install/graphic_display:/home/rpp/rpp_ws/install/linker_hand_ros2_sdk:/home/rpp/rpp_ws/install/bt_task_manager_ros2:/opt/ros/humble /usr/bin/cmake --build /home/rpp/rpp_ws/build/wheeltec_mic_msg -- -j24 -l24
[5.035s] [  1%] [34m[1mGenerating C code for ROS interfaces[0m
[5.078s] [  2%] [34m[1mGenerating C++ code for ROS interfaces[0m
[5.110s] [  2%] Built target ament_cmake_python_symlink_wheeltec_mic_msg
[5.908s] running egg_info
[5.911s] creating wheeltec_mic_msg.egg-info
[5.914s] writing wheeltec_mic_msg.egg-info/PKG-INFO
[5.914s] writing dependency_links to wheeltec_mic_msg.egg-info/dependency_links.txt
[5.914s] writing top-level names to wheeltec_mic_msg.egg-info/top_level.txt
[5.915s] writing manifest file 'wheeltec_mic_msg.egg-info/SOURCES.txt'
[5.924s] reading manifest file 'wheeltec_mic_msg.egg-info/SOURCES.txt'
[5.931s] writing manifest file 'wheeltec_mic_msg.egg-info/SOURCES.txt'
[6.041s] [  2%] Built target ament_cmake_python_build_wheeltec_mic_msg_egg
[7.010s] [  3%] [32mBuilding C object CMakeFiles/wheeltec_mic_msg__rosidl_generator_c.dir/rosidl_generator_c/wheeltec_mic_msg/msg/detail/position__functions.c.o[0m
[7.027s] [  5%] [32mBuilding C object CMakeFiles/wheeltec_mic_msg__rosidl_generator_c.dir/rosidl_generator_c/wheeltec_mic_msg/srv/detail/get_device_type__functions.c.o[0m
[7.030s] [  7%] [32mBuilding C object CMakeFiles/wheeltec_mic_msg__rosidl_generator_c.dir/rosidl_generator_c/wheeltec_mic_msg/srv/detail/set_awake_word__functions.c.o[0m
[7.030s] [  7%] [32mBuilding C object CMakeFiles/wheeltec_mic_msg__rosidl_generator_c.dir/rosidl_generator_c/wheeltec_mic_msg/msg/detail/pcm_msg__functions.c.o[0m
[7.036s] [  8%] [32mBuilding C object CMakeFiles/wheeltec_mic_msg__rosidl_generator_c.dir/rosidl_generator_c/wheeltec_mic_msg/srv/detail/get_offline_result__functions.c.o[0m
[7.043s] [ 10%] [32mBuilding C object CMakeFiles/wheeltec_mic_msg__rosidl_generator_c.dir/rosidl_generator_c/wheeltec_mic_msg/srv/detail/set_major_mic__functions.c.o[0m
[7.066s] [ 11%] [32mBuilding C object CMakeFiles/wheeltec_mic_msg__rosidl_generator_c.dir/rosidl_generator_c/wheeltec_mic_msg/srv/detail/switch_mic__functions.c.o[0m
[7.154s] [ 11%] Built target wheeltec_mic_msg__cpp
[7.193s] [ 12%] [34m[1mGenerating C++ introspection for ROS interfaces[0m
[7.197s] [ 13%] [34m[1mGenerating C++ type support for eProsima Fast-RTPS[0m
[7.202s] [ 15%] [34m[1mGenerating C++ type support dispatch for ROS interfaces[0m
[7.525s] [ 16%] [32m[1mLinking C shared library libwheeltec_mic_msg__rosidl_generator_c.so[0m
[7.856s] [ 16%] Built target wheeltec_mic_msg__rosidl_generator_c
[7.924s] [ 17%] [34m[1mGenerating C type support dispatch for ROS interfaces[0m
[7.939s] [ 18%] [34m[1mGenerating C type support for eProsima Fast-RTPS[0m
[7.940s] [ 20%] [34m[1mGenerating C introspection for ROS interfaces[0m
[8.888s] [ 21%] [32mBuilding CXX object CMakeFiles/wheeltec_mic_msg__rosidl_typesupport_cpp.dir/rosidl_typesupport_cpp/wheeltec_mic_msg/srv/set_awake_word__type_support.cpp.o[0m
[8.889s] [ 24%] [32mBuilding CXX object CMakeFiles/wheeltec_mic_msg__rosidl_typesupport_cpp.dir/rosidl_typesupport_cpp/wheeltec_mic_msg/msg/position__type_support.cpp.o[0m
[8.889s] [ 24%] [32mBuilding CXX object CMakeFiles/wheeltec_mic_msg__rosidl_typesupport_cpp.dir/rosidl_typesupport_cpp/wheeltec_mic_msg/msg/pcm_msg__type_support.cpp.o[0m
[8.903s] [ 25%] [32mBuilding CXX object CMakeFiles/wheeltec_mic_msg__rosidl_typesupport_cpp.dir/rosidl_typesupport_cpp/wheeltec_mic_msg/srv/get_device_type__type_support.cpp.o[0m
[9.040s] [ 27%] [32mBuilding CXX object CMakeFiles/wheeltec_mic_msg__rosidl_typesupport_cpp.dir/rosidl_typesupport_cpp/wheeltec_mic_msg/srv/switch_mic__type_support.cpp.o[0m
[9.047s] [ 26%] [32mBuilding CXX object CMakeFiles/wheeltec_mic_msg__rosidl_typesupport_cpp.dir/rosidl_typesupport_cpp/wheeltec_mic_msg/srv/set_major_mic__type_support.cpp.o[0m
[9.063s] [ 29%] [32mBuilding CXX object CMakeFiles/wheeltec_mic_msg__rosidl_typesupport_cpp.dir/rosidl_typesupport_cpp/wheeltec_mic_msg/srv/get_offline_result__type_support.cpp.o[0m
[9.846s] [ 34%] [32mBuilding CXX object CMakeFiles/wheeltec_mic_msg__rosidl_typesupport_introspection_cpp.dir/rosidl_typesupport_introspection_cpp/wheeltec_mic_msg/srv/detail/get_offline_result__type_support.cpp.o[0m
[9.946s] [ 45%] [32mBuilding CXX object CMakeFiles/wheeltec_mic_msg__rosidl_typesupport_c.dir/rosidl_typesupport_c/wheeltec_mic_msg/srv/set_major_mic__type_support.cpp.o[0m
[9.958s] [ 30%] [32mBuilding CXX object CMakeFiles/wheeltec_mic_msg__rosidl_typesupport_introspection_cpp.dir/rosidl_typesupport_introspection_cpp/wheeltec_mic_msg/srv/detail/get_device_type__type_support.cpp.o[0m
[9.958s] [ 46%] [32mBuilding CXX object CMakeFiles/wheeltec_mic_msg__rosidl_typesupport_introspection_cpp.dir/rosidl_typesupport_introspection_cpp/wheeltec_mic_msg/srv/detail/set_major_mic__type_support.cpp.o[0m
[9.958s] [ 35%] [32mBuilding CXX object CMakeFiles/wheeltec_mic_msg__rosidl_typesupport_introspection_cpp.dir/rosidl_typesupport_introspection_cpp/wheeltec_mic_msg/srv/detail/set_awake_word__type_support.cpp.o[0m
[9.967s] [ 32%] [32mBuilding CXX object CMakeFiles/wheeltec_mic_msg__rosidl_typesupport_introspection_cpp.dir/rosidl_typesupport_introspection_cpp/wheeltec_mic_msg/msg/detail/position__type_support.cpp.o[0m
[9.967s] [ 40%] [32mBuilding CXX object CMakeFiles/wheeltec_mic_msg__rosidl_typesupport_introspection_cpp.dir/rosidl_typesupport_introspection_cpp/wheeltec_mic_msg/msg/detail/pcm_msg__type_support.cpp.o[0m
[9.967s] [ 46%] [32mBuilding CXX object CMakeFiles/wheeltec_mic_msg__rosidl_typesupport_c.dir/rosidl_typesupport_c/wheeltec_mic_msg/msg/position__type_support.cpp.o[0m
[10.020s] [ 37%] [32mBuilding CXX object CMakeFiles/wheeltec_mic_msg__rosidl_typesupport_introspection_cpp.dir/rosidl_typesupport_introspection_cpp/wheeltec_mic_msg/srv/detail/switch_mic__type_support.cpp.o[0m
[10.020s] [ 43%] [32mBuilding CXX object CMakeFiles/wheeltec_mic_msg__rosidl_typesupport_c.dir/rosidl_typesupport_c/wheeltec_mic_msg/srv/get_device_type__type_support.cpp.o[0m
[10.022s] [ 44%] [32mBuilding CXX object CMakeFiles/wheeltec_mic_msg__rosidl_typesupport_c.dir/rosidl_typesupport_c/wheeltec_mic_msg/srv/set_awake_word__type_support.cpp.o[0m
[10.056s] [ 39%] [32mBuilding CXX object CMakeFiles/wheeltec_mic_msg__rosidl_typesupport_c.dir/rosidl_typesupport_c/wheeltec_mic_msg/msg/pcm_msg__type_support.cpp.o[0m
[10.056s] [ 41%] [32mBuilding CXX object CMakeFiles/wheeltec_mic_msg__rosidl_typesupport_c.dir/rosidl_typesupport_c/wheeltec_mic_msg/srv/get_offline_result__type_support.cpp.o[0m
[10.080s] [ 46%] [32mBuilding CXX object CMakeFiles/wheeltec_mic_msg__rosidl_typesupport_c.dir/rosidl_typesupport_c/wheeltec_mic_msg/srv/switch_mic__type_support.cpp.o[0m
[10.363s] [ 48%] [32m[1mLinking CXX shared library libwheeltec_mic_msg__rosidl_typesupport_c.so[0m
[10.786s] [ 51%] [32m[1mLinking CXX shared library libwheeltec_mic_msg__rosidl_typesupport_cpp.so[0m
[10.968s] [ 49%] [32mBuilding CXX object CMakeFiles/wheeltec_mic_msg__rosidl_typesupport_fastrtps_cpp.dir/rosidl_typesupport_fastrtps_cpp/wheeltec_mic_msg/msg/detail/dds_fastrtps/pcm_msg__type_support.cpp.o[0m
[10.968s] [ 50%] [32mBuilding CXX object CMakeFiles/wheeltec_mic_msg__rosidl_typesupport_fastrtps_cpp.dir/rosidl_typesupport_fastrtps_cpp/wheeltec_mic_msg/srv/detail/dds_fastrtps/get_device_type__type_support.cpp.o[0m
[10.981s] [ 53%] [32mBuilding CXX object CMakeFiles/wheeltec_mic_msg__rosidl_typesupport_fastrtps_cpp.dir/rosidl_typesupport_fastrtps_cpp/wheeltec_mic_msg/msg/detail/dds_fastrtps/position__type_support.cpp.o[0m
[11.049s] [ 62%] [32mBuilding C object CMakeFiles/wheeltec_mic_msg__rosidl_typesupport_introspection_c.dir/rosidl_typesupport_introspection_c/wheeltec_mic_msg/srv/detail/set_major_mic__type_support.c.o[0m
[11.068s] [ 67%] Built target wheeltec_mic_msg__rosidl_typesupport_c
[11.069s] [ 67%] Built target wheeltec_mic_msg__rosidl_typesupport_cpp
[11.069s] [ 56%] [32mBuilding CXX object CMakeFiles/wheeltec_mic_msg__rosidl_typesupport_fastrtps_cpp.dir/rosidl_typesupport_fastrtps_cpp/wheeltec_mic_msg/srv/detail/dds_fastrtps/switch_mic__type_support.cpp.o[0m
[11.089s] [ 58%] [32mBuilding CXX object CMakeFiles/wheeltec_mic_msg__rosidl_typesupport_fastrtps_cpp.dir/rosidl_typesupport_fastrtps_cpp/wheeltec_mic_msg/srv/detail/dds_fastrtps/set_awake_word__type_support.cpp.o[0m
[11.089s] [ 63%] [32mBuilding C object CMakeFiles/wheeltec_mic_msg__rosidl_typesupport_introspection_c.dir/rosidl_typesupport_introspection_c/wheeltec_mic_msg/msg/detail/pcm_msg__type_support.c.o[0m
[11.089s] [ 59%] [32mBuilding C object CMakeFiles/wheeltec_mic_msg__rosidl_typesupport_introspection_c.dir/rosidl_typesupport_introspection_c/wheeltec_mic_msg/srv/detail/get_offline_result__type_support.c.o[0m
[11.100s] [ 64%] [32mBuilding C object CMakeFiles/wheeltec_mic_msg__rosidl_typesupport_introspection_c.dir/rosidl_typesupport_introspection_c/wheeltec_mic_msg/srv/detail/set_awake_word__type_support.c.o[0m
[11.125s] [ 55%] [32mBuilding CXX object CMakeFiles/wheeltec_mic_msg__rosidl_typesupport_fastrtps_cpp.dir/rosidl_typesupport_fastrtps_cpp/wheeltec_mic_msg/srv/detail/dds_fastrtps/get_offline_result__type_support.cpp.o[0m
[11.125s] [ 60%] [32mBuilding C object CMakeFiles/wheeltec_mic_msg__rosidl_typesupport_introspection_c.dir/rosidl_typesupport_introspection_c/wheeltec_mic_msg/msg/detail/position__type_support.c.o[0m
[11.132s] [ 67%] [32mBuilding CXX object CMakeFiles/wheeltec_mic_msg__rosidl_typesupport_fastrtps_cpp.dir/rosidl_typesupport_fastrtps_cpp/wheeltec_mic_msg/srv/detail/dds_fastrtps/set_major_mic__type_support.cpp.o[0m
[11.147s] [ 67%] [32mBuilding C object CMakeFiles/wheeltec_mic_msg__rosidl_typesupport_introspection_c.dir/rosidl_typesupport_introspection_c/wheeltec_mic_msg/srv/detail/switch_mic__type_support.c.o[0m
[11.154s] [ 67%] [32mBuilding C object CMakeFiles/wheeltec_mic_msg__rosidl_typesupport_introspection_c.dir/rosidl_typesupport_introspection_c/wheeltec_mic_msg/srv/detail/get_device_type__type_support.c.o[0m
[11.234s] [ 68%] [32mBuilding CXX object CMakeFiles/wheeltec_mic_msg__rosidl_typesupport_fastrtps_c.dir/rosidl_typesupport_fastrtps_c/wheeltec_mic_msg/msg/detail/pcm_msg__type_support_c.cpp.o[0m
[11.290s] [ 69%] [32mBuilding CXX object CMakeFiles/wheeltec_mic_msg__rosidl_typesupport_fastrtps_c.dir/rosidl_typesupport_fastrtps_c/wheeltec_mic_msg/msg/detail/position__type_support_c.cpp.o[0m
[11.402s] [ 70%] [32mBuilding CXX object CMakeFiles/wheeltec_mic_msg__rosidl_typesupport_fastrtps_c.dir/rosidl_typesupport_fastrtps_c/wheeltec_mic_msg/srv/detail/get_device_type__type_support_c.cpp.o[0m
[11.453s] [ 72%] [32mBuilding CXX object CMakeFiles/wheeltec_mic_msg__rosidl_typesupport_fastrtps_c.dir/rosidl_typesupport_fastrtps_c/wheeltec_mic_msg/srv/detail/get_offline_result__type_support_c.cpp.o[0m
[11.455s] [ 74%] [32mBuilding CXX object CMakeFiles/wheeltec_mic_msg__rosidl_typesupport_fastrtps_c.dir/rosidl_typesupport_fastrtps_c/wheeltec_mic_msg/srv/detail/set_major_mic__type_support_c.cpp.o[0m
[11.484s] [ 75%] [32mBuilding CXX object CMakeFiles/wheeltec_mic_msg__rosidl_typesupport_fastrtps_c.dir/rosidl_typesupport_fastrtps_c/wheeltec_mic_msg/srv/detail/set_awake_word__type_support_c.cpp.o[0m
[11.487s] [ 75%] [32mBuilding CXX object CMakeFiles/wheeltec_mic_msg__rosidl_typesupport_fastrtps_c.dir/rosidl_typesupport_fastrtps_c/wheeltec_mic_msg/srv/detail/switch_mic__type_support_c.cpp.o[0m
[11.537s] [ 77%] [32m[1mLinking C shared library libwheeltec_mic_msg__rosidl_typesupport_introspection_c.so[0m
[11.604s] [ 78%] [32m[1mLinking CXX shared library libwheeltec_mic_msg__rosidl_typesupport_introspection_cpp.so[0m
[11.922s] [ 78%] Built target wheeltec_mic_msg__rosidl_typesupport_introspection_c
[12.071s] [ 78%] Built target wheeltec_mic_msg__rosidl_typesupport_introspection_cpp
[13.795s] [ 79%] [32m[1mLinking CXX shared library libwheeltec_mic_msg__rosidl_typesupport_fastrtps_c.so[0m
[13.804s] [ 81%] [32m[1mLinking CXX shared library libwheeltec_mic_msg__rosidl_typesupport_fastrtps_cpp.so[0m
[14.019s] [ 81%] Built target wheeltec_mic_msg__rosidl_typesupport_fastrtps_cpp
[14.022s] [ 81%] Built target wheeltec_mic_msg__rosidl_typesupport_fastrtps_c
[14.068s] [ 81%] Built target wheeltec_mic_msg
[14.108s] [ 82%] [34m[1mGenerating Python code for ROS interfaces[0m
[16.455s] [ 82%] Built target wheeltec_mic_msg__py
[16.525s] [ 83%] [32mBuilding C object CMakeFiles/wheeltec_mic_msg__rosidl_generator_py.dir/rosidl_generator_py/wheeltec_mic_msg/msg/_position_s.c.o[0m
[16.527s] [ 84%] [32mBuilding C object CMakeFiles/wheeltec_mic_msg__rosidl_generator_py.dir/rosidl_generator_py/wheeltec_mic_msg/srv/_get_device_type_s.c.o[0m
[16.527s] [ 86%] [32mBuilding C object CMakeFiles/wheeltec_mic_msg__rosidl_generator_py.dir/rosidl_generator_py/wheeltec_mic_msg/srv/_get_offline_result_s.c.o[0m
[16.537s] [ 87%] [32mBuilding C object CMakeFiles/wheeltec_mic_msg__rosidl_generator_py.dir/rosidl_generator_py/wheeltec_mic_msg/msg/_pcm_msg_s.c.o[0m
[16.556s] [ 88%] [32mBuilding C object CMakeFiles/wheeltec_mic_msg__rosidl_generator_py.dir/rosidl_generator_py/wheeltec_mic_msg/srv/_set_major_mic_s.c.o[0m
[16.565s] [ 89%] [32mBuilding C object CMakeFiles/wheeltec_mic_msg__rosidl_generator_py.dir/rosidl_generator_py/wheeltec_mic_msg/srv/_switch_mic_s.c.o[0m
[16.607s] [ 91%] [32mBuilding C object CMakeFiles/wheeltec_mic_msg__rosidl_generator_py.dir/rosidl_generator_py/wheeltec_mic_msg/srv/_set_awake_word_s.c.o[0m
[16.969s] [ 92%] [32m[1mLinking C shared library rosidl_generator_py/wheeltec_mic_msg/libwheeltec_mic_msg__rosidl_generator_py.so[0m
[17.126s] [ 92%] Built target wheeltec_mic_msg__rosidl_generator_py
[17.226s] [ 93%] [32mBuilding C object CMakeFiles/wheeltec_mic_msg__rosidl_typesupport_c__pyext.dir/rosidl_generator_py/wheeltec_mic_msg/_wheeltec_mic_msg_s.ep.rosidl_typesupport_c.c.o[0m
[17.232s] [ 94%] [32mBuilding C object CMakeFiles/wheeltec_mic_msg__rosidl_typesupport_fastrtps_c__pyext.dir/rosidl_generator_py/wheeltec_mic_msg/_wheeltec_mic_msg_s.ep.rosidl_typesupport_fastrtps_c.c.o[0m
[17.265s] [ 96%] [32mBuilding C object CMakeFiles/wheeltec_mic_msg__rosidl_typesupport_introspection_c__pyext.dir/rosidl_generator_py/wheeltec_mic_msg/_wheeltec_mic_msg_s.ep.rosidl_typesupport_introspection_c.c.o[0m
[17.500s] [ 97%] [32m[1mLinking C shared library rosidl_generator_py/wheeltec_mic_msg/wheeltec_mic_msg_s__rosidl_typesupport_c.cpython-310-x86_64-linux-gnu.so[0m
[17.508s] [ 98%] [32m[1mLinking C shared library rosidl_generator_py/wheeltec_mic_msg/wheeltec_mic_msg_s__rosidl_typesupport_fastrtps_c.cpython-310-x86_64-linux-gnu.so[0m
[17.587s] [ 98%] Built target wheeltec_mic_msg__rosidl_typesupport_c__pyext
[17.644s] [ 98%] Built target wheeltec_mic_msg__rosidl_typesupport_fastrtps_c__pyext
[17.645s] [100%] [32m[1mLinking C shared library rosidl_generator_py/wheeltec_mic_msg/wheeltec_mic_msg_s__rosidl_typesupport_introspection_c.cpython-310-x86_64-linux-gnu.so[0m
[17.749s] [100%] Built target wheeltec_mic_msg__rosidl_typesupport_introspection_c__pyext
[17.802s] Invoked command in '/home/rpp/rpp_ws/build/wheeltec_mic_msg' returned '0': CMAKE_PREFIX_PATH=${CMAKE_PREFIX_PATH}:/home/rpp/rpp_ws/install/setting_info:/home/rpp/rpp_ws/install/nav2_simple_commander:/home/rpp/rpp_ws/install/gui_control:/home/rpp/rpp_ws/install/graphic_display:/home/rpp/rpp_ws/install/linker_hand_ros2_sdk:/home/rpp/rpp_ws/install/bt_task_manager_ros2:/opt/ros/humble /usr/bin/cmake --build /home/rpp/rpp_ws/build/wheeltec_mic_msg -- -j24 -l24
[17.803s] Invoking command in '/home/rpp/rpp_ws/build/wheeltec_mic_msg': CMAKE_PREFIX_PATH=${CMAKE_PREFIX_PATH}:/home/rpp/rpp_ws/install/setting_info:/home/rpp/rpp_ws/install/nav2_simple_commander:/home/rpp/rpp_ws/install/gui_control:/home/rpp/rpp_ws/install/graphic_display:/home/rpp/rpp_ws/install/linker_hand_ros2_sdk:/home/rpp/rpp_ws/install/bt_task_manager_ros2:/opt/ros/humble /usr/bin/cmake --install /home/rpp/rpp_ws/build/wheeltec_mic_msg
[17.833s] -- Install configuration: ""
[17.840s] -- Execute custom install script
[17.841s] -- Symlinking: /home/rpp/rpp_ws/install/wheeltec_mic_msg/share/ament_index/resource_index/rosidl_interfaces/wheeltec_mic_msg
[17.863s] -- Symlinking: /home/rpp/rpp_ws/install/wheeltec_mic_msg/include/wheeltec_mic_msg/wheeltec_mic_msg/msg/detail/pcm_msg__functions.h
[17.901s] -- Symlinking: /home/rpp/rpp_ws/install/wheeltec_mic_msg/include/wheeltec_mic_msg/wheeltec_mic_msg/msg/detail/pcm_msg__struct.h
[17.930s] -- Symlinking: /home/rpp/rpp_ws/install/wheeltec_mic_msg/include/wheeltec_mic_msg/wheeltec_mic_msg/msg/detail/pcm_msg__type_support.h
[17.952s] -- Symlinking: /home/rpp/rpp_ws/install/wheeltec_mic_msg/include/wheeltec_mic_msg/wheeltec_mic_msg/msg/detail/position__functions.h
[17.969s] -- Symlinking: /home/rpp/rpp_ws/install/wheeltec_mic_msg/include/wheeltec_mic_msg/wheeltec_mic_msg/msg/detail/position__struct.h
[17.987s] -- Symlinking: /home/rpp/rpp_ws/install/wheeltec_mic_msg/include/wheeltec_mic_msg/wheeltec_mic_msg/msg/detail/position__type_support.h
[18.005s] -- Symlinking: /home/rpp/rpp_ws/install/wheeltec_mic_msg/include/wheeltec_mic_msg/wheeltec_mic_msg/msg/pcm_msg.h
[18.025s] -- Symlinking: /home/rpp/rpp_ws/install/wheeltec_mic_msg/include/wheeltec_mic_msg/wheeltec_mic_msg/msg/position.h
[18.049s] -- Symlinking: /home/rpp/rpp_ws/install/wheeltec_mic_msg/include/wheeltec_mic_msg/wheeltec_mic_msg/msg/rosidl_generator_c__visibility_control.h
[18.076s] -- Symlinking: /home/rpp/rpp_ws/install/wheeltec_mic_msg/include/wheeltec_mic_msg/wheeltec_mic_msg/srv/detail/get_device_type__functions.h
[18.107s] -- Symlinking: /home/rpp/rpp_ws/install/wheeltec_mic_msg/include/wheeltec_mic_msg/wheeltec_mic_msg/srv/detail/get_device_type__struct.h
[18.161s] -- Symlinking: /home/rpp/rpp_ws/install/wheeltec_mic_msg/include/wheeltec_mic_msg/wheeltec_mic_msg/srv/detail/get_device_type__type_support.h
[18.187s] -- Symlinking: /home/rpp/rpp_ws/install/wheeltec_mic_msg/include/wheeltec_mic_msg/wheeltec_mic_msg/srv/detail/get_offline_result__functions.h
[18.200s] -- Symlinking: /home/rpp/rpp_ws/install/wheeltec_mic_msg/include/wheeltec_mic_msg/wheeltec_mic_msg/srv/detail/get_offline_result__struct.h
[18.215s] -- Symlinking: /home/rpp/rpp_ws/install/wheeltec_mic_msg/include/wheeltec_mic_msg/wheeltec_mic_msg/srv/detail/get_offline_result__type_support.h
[18.244s] -- Symlinking: /home/rpp/rpp_ws/install/wheeltec_mic_msg/include/wheeltec_mic_msg/wheeltec_mic_msg/srv/detail/set_awake_word__functions.h
[18.266s] -- Symlinking: /home/rpp/rpp_ws/install/wheeltec_mic_msg/include/wheeltec_mic_msg/wheeltec_mic_msg/srv/detail/set_awake_word__struct.h
[18.285s] -- Symlinking: /home/rpp/rpp_ws/install/wheeltec_mic_msg/include/wheeltec_mic_msg/wheeltec_mic_msg/srv/detail/set_awake_word__type_support.h
[18.318s] -- Symlinking: /home/rpp/rpp_ws/install/wheeltec_mic_msg/include/wheeltec_mic_msg/wheeltec_mic_msg/srv/detail/set_major_mic__functions.h
[18.360s] -- Symlinking: /home/rpp/rpp_ws/install/wheeltec_mic_msg/include/wheeltec_mic_msg/wheeltec_mic_msg/srv/detail/set_major_mic__struct.h
[18.383s] -- Symlinking: /home/rpp/rpp_ws/install/wheeltec_mic_msg/include/wheeltec_mic_msg/wheeltec_mic_msg/srv/detail/set_major_mic__type_support.h
[18.406s] -- Symlinking: /home/rpp/rpp_ws/install/wheeltec_mic_msg/include/wheeltec_mic_msg/wheeltec_mic_msg/srv/detail/switch_mic__functions.h
[18.434s] -- Symlinking: /home/rpp/rpp_ws/install/wheeltec_mic_msg/include/wheeltec_mic_msg/wheeltec_mic_msg/srv/detail/switch_mic__struct.h
[18.476s] -- Symlinking: /home/rpp/rpp_ws/install/wheeltec_mic_msg/include/wheeltec_mic_msg/wheeltec_mic_msg/srv/detail/switch_mic__type_support.h
[18.498s] -- Symlinking: /home/rpp/rpp_ws/install/wheeltec_mic_msg/include/wheeltec_mic_msg/wheeltec_mic_msg/srv/get_device_type.h
[18.545s] -- Symlinking: /home/rpp/rpp_ws/install/wheeltec_mic_msg/include/wheeltec_mic_msg/wheeltec_mic_msg/srv/get_offline_result.h
[18.598s] -- Symlinking: /home/rpp/rpp_ws/install/wheeltec_mic_msg/include/wheeltec_mic_msg/wheeltec_mic_msg/srv/set_awake_word.h
[18.629s] -- Symlinking: /home/rpp/rpp_ws/install/wheeltec_mic_msg/include/wheeltec_mic_msg/wheeltec_mic_msg/srv/set_major_mic.h
[18.681s] -- Symlinking: /home/rpp/rpp_ws/install/wheeltec_mic_msg/include/wheeltec_mic_msg/wheeltec_mic_msg/srv/switch_mic.h
[18.737s] -- Symlinking: /home/rpp/rpp_ws/install/wheeltec_mic_msg/share/wheeltec_mic_msg/environment/library_path.sh
[18.768s] -- Symlinking: /home/rpp/rpp_ws/install/wheeltec_mic_msg/share/wheeltec_mic_msg/environment/library_path.dsv
[18.814s] -- Symlinking: /home/rpp/rpp_ws/install/wheeltec_mic_msg/include/wheeltec_mic_msg/wheeltec_mic_msg/msg/detail/pcm_msg__rosidl_typesupport_fastrtps_c.h
[18.839s] -- Symlinking: /home/rpp/rpp_ws/install/wheeltec_mic_msg/include/wheeltec_mic_msg/wheeltec_mic_msg/msg/detail/position__rosidl_typesupport_fastrtps_c.h
[18.874s] -- Symlinking: /home/rpp/rpp_ws/install/wheeltec_mic_msg/include/wheeltec_mic_msg/wheeltec_mic_msg/msg/rosidl_typesupport_fastrtps_c__visibility_control.h
[18.908s] -- Symlinking: /home/rpp/rpp_ws/install/wheeltec_mic_msg/include/wheeltec_mic_msg/wheeltec_mic_msg/srv/detail/get_device_type__rosidl_typesupport_fastrtps_c.h
[18.941s] -- Symlinking: /home/rpp/rpp_ws/install/wheeltec_mic_msg/include/wheeltec_mic_msg/wheeltec_mic_msg/srv/detail/get_offline_result__rosidl_typesupport_fastrtps_c.h
[18.975s] -- Symlinking: /home/rpp/rpp_ws/install/wheeltec_mic_msg/include/wheeltec_mic_msg/wheeltec_mic_msg/srv/detail/set_awake_word__rosidl_typesupport_fastrtps_c.h
[19.005s] -- Symlinking: /home/rpp/rpp_ws/install/wheeltec_mic_msg/include/wheeltec_mic_msg/wheeltec_mic_msg/srv/detail/set_major_mic__rosidl_typesupport_fastrtps_c.h
[19.041s] -- Symlinking: /home/rpp/rpp_ws/install/wheeltec_mic_msg/include/wheeltec_mic_msg/wheeltec_mic_msg/srv/detail/switch_mic__rosidl_typesupport_fastrtps_c.h
[19.077s] -- Symlinking: /home/rpp/rpp_ws/install/wheeltec_mic_msg/include/wheeltec_mic_msg/wheeltec_mic_msg/msg/detail/pcm_msg__builder.hpp
[19.116s] -- Symlinking: /home/rpp/rpp_ws/install/wheeltec_mic_msg/include/wheeltec_mic_msg/wheeltec_mic_msg/msg/detail/pcm_msg__struct.hpp
[19.151s] -- Symlinking: /home/rpp/rpp_ws/install/wheeltec_mic_msg/include/wheeltec_mic_msg/wheeltec_mic_msg/msg/detail/pcm_msg__traits.hpp
[19.186s] -- Symlinking: /home/rpp/rpp_ws/install/wheeltec_mic_msg/include/wheeltec_mic_msg/wheeltec_mic_msg/msg/detail/pcm_msg__type_support.hpp
[19.217s] -- Symlinking: /home/rpp/rpp_ws/install/wheeltec_mic_msg/include/wheeltec_mic_msg/wheeltec_mic_msg/msg/detail/position__builder.hpp
[19.259s] -- Symlinking: /home/rpp/rpp_ws/install/wheeltec_mic_msg/include/wheeltec_mic_msg/wheeltec_mic_msg/msg/detail/position__struct.hpp
[19.295s] -- Symlinking: /home/rpp/rpp_ws/install/wheeltec_mic_msg/include/wheeltec_mic_msg/wheeltec_mic_msg/msg/detail/position__traits.hpp
[19.327s] -- Symlinking: /home/rpp/rpp_ws/install/wheeltec_mic_msg/include/wheeltec_mic_msg/wheeltec_mic_msg/msg/detail/position__type_support.hpp
[19.363s] -- Symlinking: /home/rpp/rpp_ws/install/wheeltec_mic_msg/include/wheeltec_mic_msg/wheeltec_mic_msg/msg/pcm_msg.hpp
[19.405s] -- Symlinking: /home/rpp/rpp_ws/install/wheeltec_mic_msg/include/wheeltec_mic_msg/wheeltec_mic_msg/msg/position.hpp
[19.439s] -- Symlinking: /home/rpp/rpp_ws/install/wheeltec_mic_msg/include/wheeltec_mic_msg/wheeltec_mic_msg/msg/rosidl_generator_cpp__visibility_control.hpp
[19.484s] -- Symlinking: /home/rpp/rpp_ws/install/wheeltec_mic_msg/include/wheeltec_mic_msg/wheeltec_mic_msg/srv/detail/get_device_type__builder.hpp
[19.514s] -- Symlinking: /home/rpp/rpp_ws/install/wheeltec_mic_msg/include/wheeltec_mic_msg/wheeltec_mic_msg/srv/detail/get_device_type__struct.hpp
[19.544s] -- Symlinking: /home/rpp/rpp_ws/install/wheeltec_mic_msg/include/wheeltec_mic_msg/wheeltec_mic_msg/srv/detail/get_device_type__traits.hpp
[19.582s] -- Symlinking: /home/rpp/rpp_ws/install/wheeltec_mic_msg/include/wheeltec_mic_msg/wheeltec_mic_msg/srv/detail/get_device_type__type_support.hpp
[19.647s] -- Symlinking: /home/rpp/rpp_ws/install/wheeltec_mic_msg/include/wheeltec_mic_msg/wheeltec_mic_msg/srv/detail/get_offline_result__builder.hpp
[19.689s] -- Symlinking: /home/rpp/rpp_ws/install/wheeltec_mic_msg/include/wheeltec_mic_msg/wheeltec_mic_msg/srv/detail/get_offline_result__struct.hpp
[19.717s] -- Symlinking: /home/rpp/rpp_ws/install/wheeltec_mic_msg/include/wheeltec_mic_msg/wheeltec_mic_msg/srv/detail/get_offline_result__traits.hpp
[19.735s] -- Symlinking: /home/rpp/rpp_ws/install/wheeltec_mic_msg/include/wheeltec_mic_msg/wheeltec_mic_msg/srv/detail/get_offline_result__type_support.hpp
[19.750s] -- Symlinking: /home/rpp/rpp_ws/install/wheeltec_mic_msg/include/wheeltec_mic_msg/wheeltec_mic_msg/srv/detail/set_awake_word__builder.hpp
[19.790s] -- Symlinking: /home/rpp/rpp_ws/install/wheeltec_mic_msg/include/wheeltec_mic_msg/wheeltec_mic_msg/srv/detail/set_awake_word__struct.hpp
[19.832s] -- Symlinking: /home/rpp/rpp_ws/install/wheeltec_mic_msg/include/wheeltec_mic_msg/wheeltec_mic_msg/srv/detail/set_awake_word__traits.hpp
[19.874s] -- Symlinking: /home/rpp/rpp_ws/install/wheeltec_mic_msg/include/wheeltec_mic_msg/wheeltec_mic_msg/srv/detail/set_awake_word__type_support.hpp
[19.914s] -- Symlinking: /home/rpp/rpp_ws/install/wheeltec_mic_msg/include/wheeltec_mic_msg/wheeltec_mic_msg/srv/detail/set_major_mic__builder.hpp
[19.966s] -- Symlinking: /home/rpp/rpp_ws/install/wheeltec_mic_msg/include/wheeltec_mic_msg/wheeltec_mic_msg/srv/detail/set_major_mic__struct.hpp
[20.007s] -- Symlinking: /home/rpp/rpp_ws/install/wheeltec_mic_msg/include/wheeltec_mic_msg/wheeltec_mic_msg/srv/detail/set_major_mic__traits.hpp
[20.044s] -- Symlinking: /home/rpp/rpp_ws/install/wheeltec_mic_msg/include/wheeltec_mic_msg/wheeltec_mic_msg/srv/detail/set_major_mic__type_support.hpp
[20.091s] -- Symlinking: /home/rpp/rpp_ws/install/wheeltec_mic_msg/include/wheeltec_mic_msg/wheeltec_mic_msg/srv/detail/switch_mic__builder.hpp
[20.137s] -- Symlinking: /home/rpp/rpp_ws/install/wheeltec_mic_msg/include/wheeltec_mic_msg/wheeltec_mic_msg/srv/detail/switch_mic__struct.hpp
[20.164s] -- Symlinking: /home/rpp/rpp_ws/install/wheeltec_mic_msg/include/wheeltec_mic_msg/wheeltec_mic_msg/srv/detail/switch_mic__traits.hpp
[20.202s] -- Symlinking: /home/rpp/rpp_ws/install/wheeltec_mic_msg/include/wheeltec_mic_msg/wheeltec_mic_msg/srv/detail/switch_mic__type_support.hpp
[20.235s] -- Symlinking: /home/rpp/rpp_ws/install/wheeltec_mic_msg/include/wheeltec_mic_msg/wheeltec_mic_msg/srv/get_device_type.hpp
[20.261s] -- Symlinking: /home/rpp/rpp_ws/install/wheeltec_mic_msg/include/wheeltec_mic_msg/wheeltec_mic_msg/srv/get_offline_result.hpp
[20.295s] -- Symlinking: /home/rpp/rpp_ws/install/wheeltec_mic_msg/include/wheeltec_mic_msg/wheeltec_mic_msg/srv/set_awake_word.hpp
[20.317s] -- Symlinking: /home/rpp/rpp_ws/install/wheeltec_mic_msg/include/wheeltec_mic_msg/wheeltec_mic_msg/srv/set_major_mic.hpp
[20.342s] -- Symlinking: /home/rpp/rpp_ws/install/wheeltec_mic_msg/include/wheeltec_mic_msg/wheeltec_mic_msg/srv/switch_mic.hpp
[20.360s] -- Symlinking: /home/rpp/rpp_ws/install/wheeltec_mic_msg/include/wheeltec_mic_msg/wheeltec_mic_msg/msg/detail/pcm_msg__rosidl_typesupport_fastrtps_cpp.hpp
[20.380s] -- Symlinking: /home/rpp/rpp_ws/install/wheeltec_mic_msg/include/wheeltec_mic_msg/wheeltec_mic_msg/msg/detail/position__rosidl_typesupport_fastrtps_cpp.hpp
[20.399s] -- Symlinking: /home/rpp/rpp_ws/install/wheeltec_mic_msg/include/wheeltec_mic_msg/wheeltec_mic_msg/msg/rosidl_typesupport_fastrtps_cpp__visibility_control.h
[20.415s] -- Symlinking: /home/rpp/rpp_ws/install/wheeltec_mic_msg/include/wheeltec_mic_msg/wheeltec_mic_msg/srv/detail/get_device_type__rosidl_typesupport_fastrtps_cpp.hpp
[20.443s] -- Symlinking: /home/rpp/rpp_ws/install/wheeltec_mic_msg/include/wheeltec_mic_msg/wheeltec_mic_msg/srv/detail/get_offline_result__rosidl_typesupport_fastrtps_cpp.hpp
[20.477s] -- Symlinking: /home/rpp/rpp_ws/install/wheeltec_mic_msg/include/wheeltec_mic_msg/wheeltec_mic_msg/srv/detail/set_awake_word__rosidl_typesupport_fastrtps_cpp.hpp
[20.511s] -- Symlinking: /home/rpp/rpp_ws/install/wheeltec_mic_msg/include/wheeltec_mic_msg/wheeltec_mic_msg/srv/detail/set_major_mic__rosidl_typesupport_fastrtps_cpp.hpp
[20.528s] -- Symlinking: /home/rpp/rpp_ws/install/wheeltec_mic_msg/include/wheeltec_mic_msg/wheeltec_mic_msg/srv/detail/switch_mic__rosidl_typesupport_fastrtps_cpp.hpp
[20.548s] -- Symlinking: /home/rpp/rpp_ws/install/wheeltec_mic_msg/include/wheeltec_mic_msg/wheeltec_mic_msg/msg/detail/pcm_msg__rosidl_typesupport_introspection_c.h
[20.590s] -- Symlinking: /home/rpp/rpp_ws/install/wheeltec_mic_msg/include/wheeltec_mic_msg/wheeltec_mic_msg/msg/detail/position__rosidl_typesupport_introspection_c.h
[20.635s] -- Symlinking: /home/rpp/rpp_ws/install/wheeltec_mic_msg/include/wheeltec_mic_msg/wheeltec_mic_msg/msg/rosidl_typesupport_introspection_c__visibility_control.h
[20.677s] -- Symlinking: /home/rpp/rpp_ws/install/wheeltec_mic_msg/include/wheeltec_mic_msg/wheeltec_mic_msg/srv/detail/get_device_type__rosidl_typesupport_introspection_c.h
[20.698s] -- Symlinking: /home/rpp/rpp_ws/install/wheeltec_mic_msg/include/wheeltec_mic_msg/wheeltec_mic_msg/srv/detail/get_offline_result__rosidl_typesupport_introspection_c.h
[20.738s] -- Symlinking: /home/rpp/rpp_ws/install/wheeltec_mic_msg/include/wheeltec_mic_msg/wheeltec_mic_msg/srv/detail/set_awake_word__rosidl_typesupport_introspection_c.h
[20.779s] -- Symlinking: /home/rpp/rpp_ws/install/wheeltec_mic_msg/include/wheeltec_mic_msg/wheeltec_mic_msg/srv/detail/set_major_mic__rosidl_typesupport_introspection_c.h
[20.828s] -- Symlinking: /home/rpp/rpp_ws/install/wheeltec_mic_msg/include/wheeltec_mic_msg/wheeltec_mic_msg/srv/detail/switch_mic__rosidl_typesupport_introspection_c.h
[20.847s] -- Symlinking: /home/rpp/rpp_ws/install/wheeltec_mic_msg/include/wheeltec_mic_msg/wheeltec_mic_msg/msg/detail/pcm_msg__rosidl_typesupport_introspection_cpp.hpp
[20.867s] -- Symlinking: /home/rpp/rpp_ws/install/wheeltec_mic_msg/include/wheeltec_mic_msg/wheeltec_mic_msg/msg/detail/position__rosidl_typesupport_introspection_cpp.hpp
[20.885s] -- Symlinking: /home/rpp/rpp_ws/install/wheeltec_mic_msg/include/wheeltec_mic_msg/wheeltec_mic_msg/srv/detail/get_device_type__rosidl_typesupport_introspection_cpp.hpp
[20.911s] -- Symlinking: /home/rpp/rpp_ws/install/wheeltec_mic_msg/include/wheeltec_mic_msg/wheeltec_mic_msg/srv/detail/get_offline_result__rosidl_typesupport_introspection_cpp.hpp
[20.944s] -- Symlinking: /home/rpp/rpp_ws/install/wheeltec_mic_msg/include/wheeltec_mic_msg/wheeltec_mic_msg/srv/detail/set_awake_word__rosidl_typesupport_introspection_cpp.hpp
[20.985s] -- Symlinking: /home/rpp/rpp_ws/install/wheeltec_mic_msg/include/wheeltec_mic_msg/wheeltec_mic_msg/srv/detail/set_major_mic__rosidl_typesupport_introspection_cpp.hpp
[21.002s] -- Symlinking: /home/rpp/rpp_ws/install/wheeltec_mic_msg/include/wheeltec_mic_msg/wheeltec_mic_msg/srv/detail/switch_mic__rosidl_typesupport_introspection_cpp.hpp
[21.034s] -- Symlinking: /home/rpp/rpp_ws/install/wheeltec_mic_msg/share/wheeltec_mic_msg/environment/pythonpath.sh
[21.053s] -- Symlinking: /home/rpp/rpp_ws/install/wheeltec_mic_msg/share/wheeltec_mic_msg/environment/pythonpath.dsv
[21.093s] -- Symlinking: /home/rpp/rpp_ws/install/wheeltec_mic_msg/local/lib/python3.10/dist-packages/wheeltec_mic_msg-0.0.0-py3.10.egg-info/PKG-INFO
[21.122s] -- Symlinking: /home/rpp/rpp_ws/install/wheeltec_mic_msg/local/lib/python3.10/dist-packages/wheeltec_mic_msg-0.0.0-py3.10.egg-info/SOURCES.txt
[21.139s] -- Symlinking: /home/rpp/rpp_ws/install/wheeltec_mic_msg/local/lib/python3.10/dist-packages/wheeltec_mic_msg-0.0.0-py3.10.egg-info/dependency_links.txt
[21.158s] -- Symlinking: /home/rpp/rpp_ws/install/wheeltec_mic_msg/local/lib/python3.10/dist-packages/wheeltec_mic_msg-0.0.0-py3.10.egg-info/top_level.txt
[21.213s] -- Symlinking: /home/rpp/rpp_ws/install/wheeltec_mic_msg/local/lib/python3.10/dist-packages/wheeltec_mic_msg/__init__.py
[21.281s] -- Symlinking: /home/rpp/rpp_ws/install/wheeltec_mic_msg/local/lib/python3.10/dist-packages/wheeltec_mic_msg/_wheeltec_mic_msg_s.ep.rosidl_typesupport_c.c
[21.313s] -- Symlinking: /home/rpp/rpp_ws/install/wheeltec_mic_msg/local/lib/python3.10/dist-packages/wheeltec_mic_msg/_wheeltec_mic_msg_s.ep.rosidl_typesupport_fastrtps_c.c
[21.347s] -- Symlinking: /home/rpp/rpp_ws/install/wheeltec_mic_msg/local/lib/python3.10/dist-packages/wheeltec_mic_msg/_wheeltec_mic_msg_s.ep.rosidl_typesupport_introspection_c.c
[21.372s] -- Symlinking: /home/rpp/rpp_ws/install/wheeltec_mic_msg/local/lib/python3.10/dist-packages/wheeltec_mic_msg/libwheeltec_mic_msg__rosidl_generator_py.so
[21.398s] -- Symlinking: /home/rpp/rpp_ws/install/wheeltec_mic_msg/local/lib/python3.10/dist-packages/wheeltec_mic_msg/msg/__init__.py
[21.441s] -- Symlinking: /home/rpp/rpp_ws/install/wheeltec_mic_msg/local/lib/python3.10/dist-packages/wheeltec_mic_msg/msg/_pcm_msg.py
[21.496s] -- Symlinking: /home/rpp/rpp_ws/install/wheeltec_mic_msg/local/lib/python3.10/dist-packages/wheeltec_mic_msg/msg/_pcm_msg_s.c
[21.540s] -- Symlinking: /home/rpp/rpp_ws/install/wheeltec_mic_msg/local/lib/python3.10/dist-packages/wheeltec_mic_msg/msg/_position.py
[21.557s] -- Symlinking: /home/rpp/rpp_ws/install/wheeltec_mic_msg/local/lib/python3.10/dist-packages/wheeltec_mic_msg/msg/_position_s.c
[21.574s] -- Symlinking: /home/rpp/rpp_ws/install/wheeltec_mic_msg/local/lib/python3.10/dist-packages/wheeltec_mic_msg/srv/__init__.py
[21.590s] -- Symlinking: /home/rpp/rpp_ws/install/wheeltec_mic_msg/local/lib/python3.10/dist-packages/wheeltec_mic_msg/srv/_get_device_type.py
[21.607s] -- Symlinking: /home/rpp/rpp_ws/install/wheeltec_mic_msg/local/lib/python3.10/dist-packages/wheeltec_mic_msg/srv/_get_device_type_s.c
[21.627s] -- Symlinking: /home/rpp/rpp_ws/install/wheeltec_mic_msg/local/lib/python3.10/dist-packages/wheeltec_mic_msg/srv/_get_offline_result.py
[21.645s] -- Symlinking: /home/rpp/rpp_ws/install/wheeltec_mic_msg/local/lib/python3.10/dist-packages/wheeltec_mic_msg/srv/_get_offline_result_s.c
[21.662s] -- Symlinking: /home/rpp/rpp_ws/install/wheeltec_mic_msg/local/lib/python3.10/dist-packages/wheeltec_mic_msg/srv/_set_awake_word.py
[21.678s] -- Symlinking: /home/rpp/rpp_ws/install/wheeltec_mic_msg/local/lib/python3.10/dist-packages/wheeltec_mic_msg/srv/_set_awake_word_s.c
[21.699s] -- Symlinking: /home/rpp/rpp_ws/install/wheeltec_mic_msg/local/lib/python3.10/dist-packages/wheeltec_mic_msg/srv/_set_major_mic.py
[21.718s] -- Symlinking: /home/rpp/rpp_ws/install/wheeltec_mic_msg/local/lib/python3.10/dist-packages/wheeltec_mic_msg/srv/_set_major_mic_s.c
[21.739s] -- Symlinking: /home/rpp/rpp_ws/install/wheeltec_mic_msg/local/lib/python3.10/dist-packages/wheeltec_mic_msg/srv/_switch_mic.py
[21.757s] -- Symlinking: /home/rpp/rpp_ws/install/wheeltec_mic_msg/local/lib/python3.10/dist-packages/wheeltec_mic_msg/srv/_switch_mic_s.c
[21.774s] -- Symlinking: /home/rpp/rpp_ws/install/wheeltec_mic_msg/local/lib/python3.10/dist-packages/wheeltec_mic_msg/wheeltec_mic_msg_s__rosidl_typesupport_c.cpython-310-x86_64-linux-gnu.so
[21.825s] -- Symlinking: /home/rpp/rpp_ws/install/wheeltec_mic_msg/local/lib/python3.10/dist-packages/wheeltec_mic_msg/wheeltec_mic_msg_s__rosidl_typesupport_fastrtps_c.cpython-310-x86_64-linux-gnu.so
[21.841s] -- Symlinking: /home/rpp/rpp_ws/install/wheeltec_mic_msg/local/lib/python3.10/dist-packages/wheeltec_mic_msg/wheeltec_mic_msg_s__rosidl_typesupport_introspection_c.cpython-310-x86_64-linux-gnu.so
[21.859s] -- Up-to-date symlink: /home/rpp/rpp_ws/install/wheeltec_mic_msg/local/lib/python3.10/dist-packages/wheeltec_mic_msg/wheeltec_mic_msg_s__rosidl_typesupport_fastrtps_c.cpython-310-x86_64-linux-gnu.so
[21.861s] -- Up-to-date symlink: /home/rpp/rpp_ws/install/wheeltec_mic_msg/local/lib/python3.10/dist-packages/wheeltec_mic_msg/wheeltec_mic_msg_s__rosidl_typesupport_introspection_c.cpython-310-x86_64-linux-gnu.so
[21.861s] -- Up-to-date symlink: /home/rpp/rpp_ws/install/wheeltec_mic_msg/local/lib/python3.10/dist-packages/wheeltec_mic_msg/wheeltec_mic_msg_s__rosidl_typesupport_c.cpython-310-x86_64-linux-gnu.so
[21.861s] -- Symlinking: /home/rpp/rpp_ws/install/wheeltec_mic_msg/share/wheeltec_mic_msg/msg/PcmMsg.idl
[21.891s] -- Symlinking: /home/rpp/rpp_ws/install/wheeltec_mic_msg/share/wheeltec_mic_msg/msg/Position.idl
[21.920s] -- Symlinking: /home/rpp/rpp_ws/install/wheeltec_mic_msg/share/wheeltec_mic_msg/srv/GetDeviceType.idl
[21.957s] -- Symlinking: /home/rpp/rpp_ws/install/wheeltec_mic_msg/share/wheeltec_mic_msg/srv/GetOfflineResult.idl
[21.968s] -- Symlinking: /home/rpp/rpp_ws/install/wheeltec_mic_msg/share/wheeltec_mic_msg/srv/SetAwakeWord.idl
[21.987s] -- Symlinking: /home/rpp/rpp_ws/install/wheeltec_mic_msg/share/wheeltec_mic_msg/srv/SetMajorMic.idl
[22.007s] -- Symlinking: /home/rpp/rpp_ws/install/wheeltec_mic_msg/share/wheeltec_mic_msg/srv/SwitchMic.idl
[22.039s] -- Symlinking: /home/rpp/rpp_ws/install/wheeltec_mic_msg/share/wheeltec_mic_msg/msg/PcmMsg.msg
[22.056s] -- Symlinking: /home/rpp/rpp_ws/install/wheeltec_mic_msg/share/wheeltec_mic_msg/msg/Position.msg
[22.082s] -- Symlinking: /home/rpp/rpp_ws/install/wheeltec_mic_msg/share/wheeltec_mic_msg/srv/GetDeviceType.srv
[22.099s] -- Symlinking: /home/rpp/rpp_ws/install/wheeltec_mic_msg/share/wheeltec_mic_msg/srv/GetDeviceType_Request.msg
[22.116s] -- Symlinking: /home/rpp/rpp_ws/install/wheeltec_mic_msg/share/wheeltec_mic_msg/srv/GetDeviceType_Response.msg
[22.134s] -- Symlinking: /home/rpp/rpp_ws/install/wheeltec_mic_msg/share/wheeltec_mic_msg/srv/GetOfflineResult.srv
[22.162s] -- Symlinking: /home/rpp/rpp_ws/install/wheeltec_mic_msg/share/wheeltec_mic_msg/srv/GetOfflineResult_Request.msg
[22.190s] -- Symlinking: /home/rpp/rpp_ws/install/wheeltec_mic_msg/share/wheeltec_mic_msg/srv/GetOfflineResult_Response.msg
[22.205s] -- Symlinking: /home/rpp/rpp_ws/install/wheeltec_mic_msg/share/wheeltec_mic_msg/srv/SetAwakeWord.srv
[22.222s] -- Symlinking: /home/rpp/rpp_ws/install/wheeltec_mic_msg/share/wheeltec_mic_msg/srv/SetAwakeWord_Request.msg
[22.243s] -- Symlinking: /home/rpp/rpp_ws/install/wheeltec_mic_msg/share/wheeltec_mic_msg/srv/SetAwakeWord_Response.msg
[22.261s] -- Symlinking: /home/rpp/rpp_ws/install/wheeltec_mic_msg/share/wheeltec_mic_msg/srv/SetMajorMic.srv
[22.277s] -- Symlinking: /home/rpp/rpp_ws/install/wheeltec_mic_msg/share/wheeltec_mic_msg/srv/SetMajorMic_Request.msg
[22.301s] -- Symlinking: /home/rpp/rpp_ws/install/wheeltec_mic_msg/share/wheeltec_mic_msg/srv/SetMajorMic_Response.msg
[22.332s] -- Symlinking: /home/rpp/rpp_ws/install/wheeltec_mic_msg/share/wheeltec_mic_msg/srv/SwitchMic.srv
[22.351s] -- Symlinking: /home/rpp/rpp_ws/install/wheeltec_mic_msg/share/wheeltec_mic_msg/srv/SwitchMic_Request.msg
[22.367s] -- Symlinking: /home/rpp/rpp_ws/install/wheeltec_mic_msg/share/wheeltec_mic_msg/srv/SwitchMic_Response.msg
[22.384s] -- Symlinking: /home/rpp/rpp_ws/install/wheeltec_mic_msg/share/ament_index/resource_index/package_run_dependencies/wheeltec_mic_msg
[22.413s] -- Symlinking: /home/rpp/rpp_ws/install/wheeltec_mic_msg/share/ament_index/resource_index/parent_prefix_path/wheeltec_mic_msg
[22.438s] -- Symlinking: /home/rpp/rpp_ws/install/wheeltec_mic_msg/share/wheeltec_mic_msg/environment/ament_prefix_path.sh
[22.465s] -- Symlinking: /home/rpp/rpp_ws/install/wheeltec_mic_msg/share/wheeltec_mic_msg/environment/ament_prefix_path.dsv
[22.491s] -- Symlinking: /home/rpp/rpp_ws/install/wheeltec_mic_msg/share/wheeltec_mic_msg/environment/path.sh
[22.543s] -- Symlinking: /home/rpp/rpp_ws/install/wheeltec_mic_msg/share/wheeltec_mic_msg/environment/path.dsv
[22.583s] -- Symlinking: /home/rpp/rpp_ws/install/wheeltec_mic_msg/share/wheeltec_mic_msg/local_setup.bash
[22.619s] -- Symlinking: /home/rpp/rpp_ws/install/wheeltec_mic_msg/share/wheeltec_mic_msg/local_setup.sh
[22.664s] -- Symlinking: /home/rpp/rpp_ws/install/wheeltec_mic_msg/share/wheeltec_mic_msg/local_setup.zsh
[22.698s] -- Symlinking: /home/rpp/rpp_ws/install/wheeltec_mic_msg/share/wheeltec_mic_msg/local_setup.dsv
[22.723s] -- Symlinking: /home/rpp/rpp_ws/install/wheeltec_mic_msg/share/wheeltec_mic_msg/package.dsv
[22.756s] -- Symlinking: /home/rpp/rpp_ws/install/wheeltec_mic_msg/share/ament_index/resource_index/packages/wheeltec_mic_msg
[22.779s] -- Symlinking: /home/rpp/rpp_ws/install/wheeltec_mic_msg/share/wheeltec_mic_msg/cmake/rosidl_cmake-extras.cmake
[22.809s] -- Symlinking: /home/rpp/rpp_ws/install/wheeltec_mic_msg/share/wheeltec_mic_msg/cmake/ament_cmake_export_dependencies-extras.cmake
[22.860s] -- Symlinking: /home/rpp/rpp_ws/install/wheeltec_mic_msg/share/wheeltec_mic_msg/cmake/ament_cmake_export_include_directories-extras.cmake
[22.894s] -- Symlinking: /home/rpp/rpp_ws/install/wheeltec_mic_msg/share/wheeltec_mic_msg/cmake/ament_cmake_export_libraries-extras.cmake
[22.918s] -- Symlinking: /home/rpp/rpp_ws/install/wheeltec_mic_msg/share/wheeltec_mic_msg/cmake/ament_cmake_export_targets-extras.cmake
[22.956s] -- Symlinking: /home/rpp/rpp_ws/install/wheeltec_mic_msg/share/wheeltec_mic_msg/cmake/rosidl_cmake_export_typesupport_targets-extras.cmake
[22.976s] -- Symlinking: /home/rpp/rpp_ws/install/wheeltec_mic_msg/share/wheeltec_mic_msg/cmake/rosidl_cmake_export_typesupport_libraries-extras.cmake
[22.996s] -- Symlinking: /home/rpp/rpp_ws/install/wheeltec_mic_msg/share/wheeltec_mic_msg/cmake/wheeltec_mic_msgConfig.cmake
[23.015s] -- Symlinking: /home/rpp/rpp_ws/install/wheeltec_mic_msg/share/wheeltec_mic_msg/cmake/wheeltec_mic_msgConfig-version.cmake
[23.035s] -- Symlinking: /home/rpp/rpp_ws/install/wheeltec_mic_msg/share/wheeltec_mic_msg/package.xml
[23.066s] -- Installing: /home/rpp/rpp_ws/install/wheeltec_mic_msg/lib/libwheeltec_mic_msg__rosidl_generator_c.so
[23.068s] -- Set runtime path of "/home/rpp/rpp_ws/install/wheeltec_mic_msg/lib/libwheeltec_mic_msg__rosidl_generator_c.so" to ""
[23.068s] -- Installing: /home/rpp/rpp_ws/install/wheeltec_mic_msg/lib/libwheeltec_mic_msg__rosidl_typesupport_fastrtps_c.so
[23.071s] -- Set runtime path of "/home/rpp/rpp_ws/install/wheeltec_mic_msg/lib/libwheeltec_mic_msg__rosidl_typesupport_fastrtps_c.so" to ""
[23.071s] -- Installing: /home/rpp/rpp_ws/install/wheeltec_mic_msg/lib/libwheeltec_mic_msg__rosidl_typesupport_fastrtps_cpp.so
[23.072s] -- Set runtime path of "/home/rpp/rpp_ws/install/wheeltec_mic_msg/lib/libwheeltec_mic_msg__rosidl_typesupport_fastrtps_cpp.so" to ""
[23.073s] -- Installing: /home/rpp/rpp_ws/install/wheeltec_mic_msg/lib/libwheeltec_mic_msg__rosidl_typesupport_introspection_c.so
[23.075s] -- Set runtime path of "/home/rpp/rpp_ws/install/wheeltec_mic_msg/lib/libwheeltec_mic_msg__rosidl_typesupport_introspection_c.so" to ""
[23.076s] -- Installing: /home/rpp/rpp_ws/install/wheeltec_mic_msg/lib/libwheeltec_mic_msg__rosidl_typesupport_c.so
[23.077s] -- Set runtime path of "/home/rpp/rpp_ws/install/wheeltec_mic_msg/lib/libwheeltec_mic_msg__rosidl_typesupport_c.so" to ""
[23.078s] -- Installing: /home/rpp/rpp_ws/install/wheeltec_mic_msg/lib/libwheeltec_mic_msg__rosidl_typesupport_introspection_cpp.so
[23.079s] -- Set runtime path of "/home/rpp/rpp_ws/install/wheeltec_mic_msg/lib/libwheeltec_mic_msg__rosidl_typesupport_introspection_cpp.so" to ""
[23.080s] -- Installing: /home/rpp/rpp_ws/install/wheeltec_mic_msg/lib/libwheeltec_mic_msg__rosidl_typesupport_cpp.so
[23.081s] -- Set runtime path of "/home/rpp/rpp_ws/install/wheeltec_mic_msg/lib/libwheeltec_mic_msg__rosidl_typesupport_cpp.so" to ""
[23.325s] Listing '/home/rpp/rpp_ws/install/wheeltec_mic_msg/local/lib/python3.10/dist-packages/wheeltec_mic_msg'...
[23.325s] Compiling '/home/rpp/rpp_ws/install/wheeltec_mic_msg/local/lib/python3.10/dist-packages/wheeltec_mic_msg/__init__.py'...
[23.325s] Listing '/home/rpp/rpp_ws/install/wheeltec_mic_msg/local/lib/python3.10/dist-packages/wheeltec_mic_msg/msg'...
[23.326s] Compiling '/home/rpp/rpp_ws/install/wheeltec_mic_msg/local/lib/python3.10/dist-packages/wheeltec_mic_msg/msg/__init__.py'...
[23.326s] Compiling '/home/rpp/rpp_ws/install/wheeltec_mic_msg/local/lib/python3.10/dist-packages/wheeltec_mic_msg/msg/_pcm_msg.py'...
[23.326s] Compiling '/home/rpp/rpp_ws/install/wheeltec_mic_msg/local/lib/python3.10/dist-packages/wheeltec_mic_msg/msg/_position.py'...
[23.326s] Listing '/home/rpp/rpp_ws/install/wheeltec_mic_msg/local/lib/python3.10/dist-packages/wheeltec_mic_msg/srv'...
[23.326s] Compiling '/home/rpp/rpp_ws/install/wheeltec_mic_msg/local/lib/python3.10/dist-packages/wheeltec_mic_msg/srv/__init__.py'...
[23.326s] Compiling '/home/rpp/rpp_ws/install/wheeltec_mic_msg/local/lib/python3.10/dist-packages/wheeltec_mic_msg/srv/_get_device_type.py'...
[23.326s] Compiling '/home/rpp/rpp_ws/install/wheeltec_mic_msg/local/lib/python3.10/dist-packages/wheeltec_mic_msg/srv/_get_offline_result.py'...
[23.327s] Compiling '/home/rpp/rpp_ws/install/wheeltec_mic_msg/local/lib/python3.10/dist-packages/wheeltec_mic_msg/srv/_set_awake_word.py'...
[23.327s] Compiling '/home/rpp/rpp_ws/install/wheeltec_mic_msg/local/lib/python3.10/dist-packages/wheeltec_mic_msg/srv/_set_major_mic.py'...
[23.327s] Compiling '/home/rpp/rpp_ws/install/wheeltec_mic_msg/local/lib/python3.10/dist-packages/wheeltec_mic_msg/srv/_switch_mic.py'...
[23.342s] -- Installing: /home/rpp/rpp_ws/install/wheeltec_mic_msg/lib/libwheeltec_mic_msg__rosidl_generator_py.so
[23.353s] -- Set runtime path of "/home/rpp/rpp_ws/install/wheeltec_mic_msg/lib/libwheeltec_mic_msg__rosidl_generator_py.so" to ""
[23.353s] -- Installing: /home/rpp/rpp_ws/install/wheeltec_mic_msg/share/wheeltec_mic_msg/cmake/export_wheeltec_mic_msg__rosidl_generator_cExport.cmake
[23.353s] -- Installing: /home/rpp/rpp_ws/install/wheeltec_mic_msg/share/wheeltec_mic_msg/cmake/export_wheeltec_mic_msg__rosidl_generator_cExport-noconfig.cmake
[23.354s] -- Installing: /home/rpp/rpp_ws/install/wheeltec_mic_msg/share/wheeltec_mic_msg/cmake/export_wheeltec_mic_msg__rosidl_typesupport_fastrtps_cExport.cmake
[23.354s] -- Installing: /home/rpp/rpp_ws/install/wheeltec_mic_msg/share/wheeltec_mic_msg/cmake/export_wheeltec_mic_msg__rosidl_typesupport_fastrtps_cExport-noconfig.cmake
[23.354s] -- Installing: /home/rpp/rpp_ws/install/wheeltec_mic_msg/share/wheeltec_mic_msg/cmake/export_wheeltec_mic_msg__rosidl_generator_cppExport.cmake
[23.354s] -- Installing: /home/rpp/rpp_ws/install/wheeltec_mic_msg/share/wheeltec_mic_msg/cmake/export_wheeltec_mic_msg__rosidl_typesupport_fastrtps_cppExport.cmake
[23.355s] -- Installing: /home/rpp/rpp_ws/install/wheeltec_mic_msg/share/wheeltec_mic_msg/cmake/export_wheeltec_mic_msg__rosidl_typesupport_fastrtps_cppExport-noconfig.cmake
[23.356s] -- Installing: /home/rpp/rpp_ws/install/wheeltec_mic_msg/share/wheeltec_mic_msg/cmake/wheeltec_mic_msg__rosidl_typesupport_introspection_cExport.cmake
[23.357s] -- Installing: /home/rpp/rpp_ws/install/wheeltec_mic_msg/share/wheeltec_mic_msg/cmake/wheeltec_mic_msg__rosidl_typesupport_introspection_cExport-noconfig.cmake
[23.357s] -- Installing: /home/rpp/rpp_ws/install/wheeltec_mic_msg/share/wheeltec_mic_msg/cmake/wheeltec_mic_msg__rosidl_typesupport_cExport.cmake
[23.357s] -- Installing: /home/rpp/rpp_ws/install/wheeltec_mic_msg/share/wheeltec_mic_msg/cmake/wheeltec_mic_msg__rosidl_typesupport_cExport-noconfig.cmake
[23.357s] -- Installing: /home/rpp/rpp_ws/install/wheeltec_mic_msg/share/wheeltec_mic_msg/cmake/wheeltec_mic_msg__rosidl_typesupport_introspection_cppExport.cmake
[23.357s] -- Installing: /home/rpp/rpp_ws/install/wheeltec_mic_msg/share/wheeltec_mic_msg/cmake/wheeltec_mic_msg__rosidl_typesupport_introspection_cppExport-noconfig.cmake
[23.358s] -- Installing: /home/rpp/rpp_ws/install/wheeltec_mic_msg/share/wheeltec_mic_msg/cmake/wheeltec_mic_msg__rosidl_typesupport_cppExport.cmake
[23.358s] -- Installing: /home/rpp/rpp_ws/install/wheeltec_mic_msg/share/wheeltec_mic_msg/cmake/wheeltec_mic_msg__rosidl_typesupport_cppExport-noconfig.cmake
[23.358s] -- Installing: /home/rpp/rpp_ws/install/wheeltec_mic_msg/share/wheeltec_mic_msg/cmake/export_wheeltec_mic_msg__rosidl_generator_pyExport.cmake
[23.358s] -- Installing: /home/rpp/rpp_ws/install/wheeltec_mic_msg/share/wheeltec_mic_msg/cmake/export_wheeltec_mic_msg__rosidl_generator_pyExport-noconfig.cmake
[23.366s] Invoked command in '/home/rpp/rpp_ws/build/wheeltec_mic_msg' returned '0': CMAKE_PREFIX_PATH=${CMAKE_PREFIX_PATH}:/home/rpp/rpp_ws/install/setting_info:/home/rpp/rpp_ws/install/nav2_simple_commander:/home/rpp/rpp_ws/install/gui_control:/home/rpp/rpp_ws/install/graphic_display:/home/rpp/rpp_ws/install/linker_hand_ros2_sdk:/home/rpp/rpp_ws/install/bt_task_manager_ros2:/opt/ros/humble /usr/bin/cmake --install /home/rpp/rpp_ws/build/wheeltec_mic_msg
