1756027433.4918959 [INFO] [launch]: All log files can be found below /home/rpp/rpp_logs/2025-08-24-17-23-53-491443-rpp-Default-string-22548
1756027433.4919622 [INFO] [launch]: Default logging verbosity is set to INFO
1756027433.5200942 [INFO] [ros2_control_node-1]: process started with pid [22549]
1756027433.5201895 [INFO] [spawner-2]: process started with pid [22551]
1756027433.5202396 [INFO] [spawner-3]: process started with pid [22553]
1756027433.5202749 [INFO] [spawner-4]: process started with pid [22555]
1756027433.5203085 [INFO] [spawner-5]: process started with pid [22557]
1756027433.5457864 [ros2_control_node-1] [INFO] [1756027433.545555396] [controller_manager]: Subscribing to '~/robot_description' topic for robot description file.
1756027433.5462439 [ros2_control_node-1] [INFO] [1756027433.546098624] [controller_manager]: update rate is 100 Hz
1756027433.5463269 [ros2_control_node-1] [INFO] [1756027433.546110073] [controller_manager]: Spawning controller_manager RT thread with scheduler priority: 50
1756027433.5465713 [ros2_control_node-1] [WARN] [1756027433.546211493] [controller_manager]: No real-time kernel detected on this system. See [https://control.ros.org/master/doc/ros2_control/controller_manager/doc/userdoc.html] for details on how to enable realtime scheduling.
1756027433.7771211 [spawner-3] [INFO] [1756027433.776908959] [spawner_left_joint_trajectory_controller]: waiting for service /controller_manager/list_controllers to become available...
1756027433.7773626 [spawner-5] [INFO] [1756027433.776973011] [spawner_fault_controller]: waiting for service /controller_manager/list_controllers to become available...
1756027433.7775099 [spawner-2] [INFO] [1756027433.777033647] [spawner_joint_state_broadcaster]: waiting for service /controller_manager/list_controllers to become available...
1756027433.7831080 [spawner-4] [INFO] [1756027433.782999743] [spawner_right_joint_trajectory_controller]: waiting for service /controller_manager/list_controllers to become available...
1756027443.7904303 [spawner-2] [WARN] [1756027443.790155870] [spawner_joint_state_broadcaster]: Could not contact service /controller_manager/list_controllers
1756027443.7906673 [spawner-3] [WARN] [1756027443.790351345] [spawner_left_joint_trajectory_controller]: Could not contact service /controller_manager/list_controllers
1756027443.7907331 [spawner-3] [INFO] [1756027443.790542829] [spawner_left_joint_trajectory_controller]: waiting for service /controller_manager/list_controllers to become available...
1756027443.7908092 [spawner-2] [INFO] [1756027443.790357352] [spawner_joint_state_broadcaster]: waiting for service /controller_manager/list_controllers to become available...
1756027443.7919593 [spawner-5] [WARN] [1756027443.791804784] [spawner_fault_controller]: Could not contact service /controller_manager/list_controllers
1756027443.7921062 [spawner-5] [INFO] [1756027443.791963953] [spawner_fault_controller]: waiting for service /controller_manager/list_controllers to become available...
1756027443.7947295 [spawner-4] [WARN] [1756027443.794569600] [spawner_right_joint_trajectory_controller]: Could not contact service /controller_manager/list_controllers
1756027443.7948728 [spawner-4] [INFO] [1756027443.794767071] [spawner_right_joint_trajectory_controller]: waiting for service /controller_manager/list_controllers to become available...
