1756530606.2568891 [INFO] [launch]: All log files can be found below /home/rpp/rpp_logs/2025-08-30-13-10-06-256372-rpp-Default-string-40131
1756530606.2569654 [INFO] [launch]: Default logging verbosity is set to INFO
1756530606.2864580 [INFO] [ros2_control_node-1]: process started with pid [40132]
1756530606.2865541 [INFO] [spawner-2]: process started with pid [40134]
1756530606.2865984 [INFO] [spawner-3]: process started with pid [40136]
1756530606.2866306 [INFO] [spawner-4]: process started with pid [40138]
1756530606.2866602 [INFO] [spawner-5]: process started with pid [40140]
1756530606.3186448 [ros2_control_node-1] [INFO] [1756530606.318384159] [controller_manager]: Subscribing to '~/robot_description' topic for robot description file.
1756530606.3192067 [ros2_control_node-1] [INFO] [1756530606.319103654] [controller_manager]: update rate is 100 Hz
1756530606.3192801 [ros2_control_node-1] [INFO] [1756530606.319118866] [controller_manager]: Spawning controller_manager RT thread with scheduler priority: 50
1756530606.3194308 [ros2_control_node-1] [WARN] [1756530606.319238922] [controller_manager]: No real-time kernel detected on this system. See [https://control.ros.org/master/doc/ros2_control/controller_manager/doc/userdoc.html] for details on how to enable realtime scheduling.
1756530606.3296976 [ros2_control_node-1] [INFO] [1756530606.329465710] [controller_manager]: Received robot description file.
1756530606.3302507 [ros2_control_node-1] text not specified in the gripper_joint_name tag
1756530606.3304353 [ros2_control_node-1] text not specified in the gripper_joint_name tag
1756530606.3304827 [ros2_control_node-1] [INFO] [1756530606.330291624] [resource_manager]: Loading hardware 'left_KortexMultiInterfaceHardware' 
1756530606.3347807 [ros2_control_node-1] [INFO] [1756530606.334690326] [KortexMultiInterfaceHardware]: Setting severity threshold to DEBUG
1756530606.3349197 [ros2_control_node-1] [INFO] [1756530606.334725357] [resource_manager]: Initialize hardware 'left_KortexMultiInterfaceHardware' 
1756530606.3349688 [ros2_control_node-1] [INFO] [1756530606.334735094] [KortexMultiInterfaceHardware]: Configuring Hardware Interface
1756530606.3350742 [ros2_control_node-1] [INFO] [1756530606.334912122] [KortexMultiInterfaceHardware]: Robot ip is '192.168.11.60'
1756530606.3351073 [ros2_control_node-1] [INFO] [1756530606.334915581] [KortexMultiInterfaceHardware]: Username is 'admin'
1756530606.3351331 [ros2_control_node-1] [INFO] [1756530606.334921342] [KortexMultiInterfaceHardware]: Port used '10000'
1756530606.3351564 [ros2_control_node-1] [INFO] [1756530606.334923740] [KortexMultiInterfaceHardware]: Realtime port used '10001'
1756530606.3351781 [ros2_control_node-1] [INFO] [1756530606.334933932] [KortexMultiInterfaceHardware]: Session inactivity timeout is '60000'
1756530606.3351991 [ros2_control_node-1] [INFO] [1756530606.334936298] [KortexMultiInterfaceHardware]: Connection inactivity timeout is '2000'
1756530606.3352225 [ros2_control_node-1] [ERROR] [1756530606.334938403] [KortexMultiInterfaceHardware]: Gripper joint name is empty!
1756530606.3352425 [ros2_control_node-1] [INFO] [1756530606.334950268] [KortexMultiInterfaceHardware]: Connecting to robot at 192.168.11.60
1756530606.3354628 [ros2_control_node-1] [INFO] [1756530606.335403028] [KortexMultiInterfaceHardware]: Creating session for communication
1756530606.3812342 [ros2_control_node-1] [INFO] [1756530606.380928752] [KortexMultiInterfaceHardware]: Session created
1756530606.5757282 [spawner-4] [INFO] [1756530606.575477822] [spawner_right_joint_trajectory_controller]: waiting for service /controller_manager/list_controllers to become available...
1756530606.5814269 [spawner-2] [INFO] [1756530606.581241032] [spawner_joint_state_broadcaster]: waiting for service /controller_manager/list_controllers to become available...
1756530606.5823252 [spawner-3] [INFO] [1756530606.582243243] [spawner_left_joint_trajectory_controller]: waiting for service /controller_manager/list_controllers to become available...
1756530606.5849931 [spawner-5] [INFO] [1756530606.584928782] [spawner_fault_controller]: waiting for service /controller_manager/list_controllers to become available...
1756530606.9648726 [ros2_control_node-1] [INFO] [1756530606.964515754] [KortexMultiInterfaceHardware]: Actuator count reported by robot is '7'
1756530606.9652076 [ros2_control_node-1] [INFO] [1756530606.964692047] [KortexMultiInterfaceHardware]: Hardware Interface successfully configured
1756530606.9652808 [ros2_control_node-1] [INFO] [1756530606.964709278] [resource_manager]: Successful initialization of hardware 'left_KortexMultiInterfaceHardware'
1756530606.9653273 [ros2_control_node-1] [DEBUG] [1756530606.964732867] [KortexMultiInterfaceHardware]: export_state_interfaces for joint: left_joint_1
1756530606.9654939 [ros2_control_node-1] [DEBUG] [1756530606.964774910] [KortexMultiInterfaceHardware]: export_state_interfaces for joint: left_joint_2
1756530606.9655459 [ros2_control_node-1] [DEBUG] [1756530606.964793739] [KortexMultiInterfaceHardware]: export_state_interfaces for joint: left_joint_3
1756530606.9655919 [ros2_control_node-1] [DEBUG] [1756530606.964798167] [KortexMultiInterfaceHardware]: export_state_interfaces for joint: left_joint_4
1756530606.9656370 [ros2_control_node-1] [DEBUG] [1756530606.964801499] [KortexMultiInterfaceHardware]: export_state_interfaces for joint: left_joint_5
1756530606.9656801 [ros2_control_node-1] [DEBUG] [1756530606.964805462] [KortexMultiInterfaceHardware]: export_state_interfaces for joint: left_joint_6
1756530606.9657245 [ros2_control_node-1] [DEBUG] [1756530606.964808712] [KortexMultiInterfaceHardware]: export_state_interfaces for joint: left_joint_7
1756530606.9657674 [ros2_control_node-1] [INFO] [1756530606.964986413] [resource_manager]: Loading hardware 'right_KortexMultiInterfaceHardware' 
1756530606.9658110 [ros2_control_node-1] [INFO] [1756530606.965047839] [KortexMultiInterfaceHardware]: Setting severity threshold to DEBUG
1756530606.9658530 [ros2_control_node-1] [INFO] [1756530606.965060306] [resource_manager]: Initialize hardware 'right_KortexMultiInterfaceHardware' 
1756530606.9659033 [ros2_control_node-1] [INFO] [1756530606.965065095] [KortexMultiInterfaceHardware]: Configuring Hardware Interface
1756530606.9660795 [ros2_control_node-1] [INFO] [1756530606.965128056] [KortexMultiInterfaceHardware]: Robot ip is '192.168.11.61'
1756530606.9661350 [ros2_control_node-1] [INFO] [1756530606.965134140] [KortexMultiInterfaceHardware]: Username is 'admin'
1756530606.9661825 [ros2_control_node-1] [INFO] [1756530606.965139568] [KortexMultiInterfaceHardware]: Port used '10000'
1756530606.9662275 [ros2_control_node-1] [INFO] [1756530606.965144266] [KortexMultiInterfaceHardware]: Realtime port used '10001'
1756530606.9662712 [ros2_control_node-1] [INFO] [1756530606.965149001] [KortexMultiInterfaceHardware]: Session inactivity timeout is '60000'
1756530606.9663143 [ros2_control_node-1] [INFO] [1756530606.965153529] [KortexMultiInterfaceHardware]: Connection inactivity timeout is '2000'
1756530606.9663637 [ros2_control_node-1] [ERROR] [1756530606.965157911] [KortexMultiInterfaceHardware]: Gripper joint name is empty!
1756530606.9664052 [ros2_control_node-1] [INFO] [1756530606.965169702] [KortexMultiInterfaceHardware]: Connecting to robot at 192.168.11.61
1756530606.9665270 [ros2_control_node-1] [INFO] [1756530606.965694959] [KortexMultiInterfaceHardware]: Creating session for communication
1756530607.0140402 [ros2_control_node-1] [INFO] [1756530607.013933451] [KortexMultiInterfaceHardware]: Session created
1756530607.5991144 [ros2_control_node-1] [INFO] [1756530607.598938569] [KortexMultiInterfaceHardware]: Actuator count reported by robot is '7'
1756530607.5992355 [ros2_control_node-1] [INFO] [1756530607.598971689] [KortexMultiInterfaceHardware]: Hardware Interface successfully configured
1756530607.5993941 [ros2_control_node-1] [INFO] [1756530607.598980476] [resource_manager]: Successful initialization of hardware 'right_KortexMultiInterfaceHardware'
1756530607.5994346 [ros2_control_node-1] [DEBUG] [1756530607.598985695] [KortexMultiInterfaceHardware]: export_state_interfaces for joint: right_joint_1
1756530607.5994949 [ros2_control_node-1] [DEBUG] [1756530607.598989800] [KortexMultiInterfaceHardware]: export_state_interfaces for joint: right_joint_2
1756530607.5995140 [ros2_control_node-1] [DEBUG] [1756530607.598993001] [KortexMultiInterfaceHardware]: export_state_interfaces for joint: right_joint_3
1756530607.5995355 [ros2_control_node-1] [DEBUG] [1756530607.598995123] [KortexMultiInterfaceHardware]: export_state_interfaces for joint: right_joint_4
1756530607.5995531 [ros2_control_node-1] [DEBUG] [1756530607.598996823] [KortexMultiInterfaceHardware]: export_state_interfaces for joint: right_joint_5
1756530607.5995705 [ros2_control_node-1] [DEBUG] [1756530607.598998892] [KortexMultiInterfaceHardware]: export_state_interfaces for joint: right_joint_6
1756530607.5995882 [ros2_control_node-1] [DEBUG] [1756530607.599000654] [KortexMultiInterfaceHardware]: export_state_interfaces for joint: right_joint_7
1756530607.5996730 [ros2_control_node-1] [INFO] [1756530607.599085491] [resource_manager]: 'configure' hardware 'right_KortexMultiInterfaceHardware' 
1756530607.5997007 [ros2_control_node-1] [INFO] [1756530607.599091676] [resource_manager]: Successful 'configure' of hardware 'right_KortexMultiInterfaceHardware'
1756530607.5997231 [ros2_control_node-1] [INFO] [1756530607.599100190] [resource_manager]: 'activate' hardware 'right_KortexMultiInterfaceHardware' 
1756530607.5997424 [ros2_control_node-1] [INFO] [1756530607.599103087] [KortexMultiInterfaceHardware]: Activating KortexMultiInterfaceHardware...
1756530607.5998349 [ros2_control_node-1] [INFO] [1756530607.599647129] [KortexMultiInterfaceHardware]: Gripper initial position is '0.000000'.
1756530607.6003590 [ros2_control_node-1] [INFO] [1756530607.600300187] [KortexMultiInterfaceHardware]: KortexMultiInterfaceHardware successfully activated!
1756530607.6003921 [ros2_control_node-1] [INFO] [1756530607.600303641] [resource_manager]: Successful 'activate' of hardware 'right_KortexMultiInterfaceHardware'
1756530607.6004124 [ros2_control_node-1] [INFO] [1756530607.600306578] [resource_manager]: 'configure' hardware 'left_KortexMultiInterfaceHardware' 
1756530607.6004312 [ros2_control_node-1] [INFO] [1756530607.600308726] [resource_manager]: Successful 'configure' of hardware 'left_KortexMultiInterfaceHardware'
1756530607.6005137 [ros2_control_node-1] [WARN] [1756530607.600312214] [resource_manager]: (hardware 'left_KortexMultiInterfaceHardware'): 'reset_fault/internal_fault' state interface already in available list. This can happen due to multiple calls to 'configure'
1756530607.6005428 [ros2_control_node-1] [WARN] [1756530607.600317134] [resource_manager]: (hardware 'left_KortexMultiInterfaceHardware'): 'tcp/twist.linear.x' command interface already in available list. This can happen due to multiple calls to 'configure'
1756530607.6005633 [ros2_control_node-1] [WARN] [1756530607.600318848] [resource_manager]: (hardware 'left_KortexMultiInterfaceHardware'): 'tcp/twist.linear.y' command interface already in available list. This can happen due to multiple calls to 'configure'
1756530607.6005819 [ros2_control_node-1] [WARN] [1756530607.600320113] [resource_manager]: (hardware 'left_KortexMultiInterfaceHardware'): 'tcp/twist.linear.z' command interface already in available list. This can happen due to multiple calls to 'configure'
1756530607.6005993 [ros2_control_node-1] [WARN] [1756530607.600321419] [resource_manager]: (hardware 'left_KortexMultiInterfaceHardware'): 'tcp/twist.angular.x' command interface already in available list. This can happen due to multiple calls to 'configure'
1756530607.6006169 [ros2_control_node-1] [WARN] [1756530607.600322702] [resource_manager]: (hardware 'left_KortexMultiInterfaceHardware'): 'tcp/twist.angular.y' command interface already in available list. This can happen due to multiple calls to 'configure'
1756530607.6006346 [ros2_control_node-1] [WARN] [1756530607.600323931] [resource_manager]: (hardware 'left_KortexMultiInterfaceHardware'): 'tcp/twist.angular.z' command interface already in available list. This can happen due to multiple calls to 'configure'
1756530607.6006582 [ros2_control_node-1] [WARN] [1756530607.600325146] [resource_manager]: (hardware 'left_KortexMultiInterfaceHardware'): 'reset_fault/command' command interface already in available list. This can happen due to multiple calls to 'configure'
1756530607.6007252 [ros2_control_node-1] [WARN] [1756530607.600336449] [resource_manager]: (hardware 'left_KortexMultiInterfaceHardware'): 'reset_fault/async_success' command interface already in available list. This can happen due to multiple calls to 'configure'
1756530607.6007495 [ros2_control_node-1] [INFO] [1756530607.600338002] [resource_manager]: 'activate' hardware 'left_KortexMultiInterfaceHardware' 
1756530607.6007686 [ros2_control_node-1] [INFO] [1756530607.600339588] [KortexMultiInterfaceHardware]: Activating KortexMultiInterfaceHardware...
1756530607.6010978 [ros2_control_node-1] [INFO] [1756530607.601051546] [KortexMultiInterfaceHardware]: Gripper initial position is '0.000000'.
1756530607.6013498 [ros2_control_node-1] [INFO] [1756530607.601311551] [KortexMultiInterfaceHardware]: KortexMultiInterfaceHardware successfully activated!
1756530607.6013982 [ros2_control_node-1] [INFO] [1756530607.601314694] [resource_manager]: Successful 'activate' of hardware 'left_KortexMultiInterfaceHardware'
1756530607.6031034 [ros2_control_node-1] [DEBUG] [1756530607.602952287] [KortexMultiInterfaceHardware]: No controller active in LOW_LEVEL_SERVOING mode !
1756530607.6035078 [ros2_control_node-1] [DEBUG] [1756530607.603418641] [KortexMultiInterfaceHardware]: No controller active in LOW_LEVEL_SERVOING mode !
1756530607.6039629 [ros2_control_node-1] [DEBUG] [1756530607.603886025] [KortexMultiInterfaceHardware]: No controller active in LOW_LEVEL_SERVOING mode !
1756530607.6043961 [ros2_control_node-1] [DEBUG] [1756530607.604325653] [KortexMultiInterfaceHardware]: No controller active in LOW_LEVEL_SERVOING mode !
1756530607.6046443 [ros2_control_node-1] [DEBUG] [1756530607.604542371] [KortexMultiInterfaceHardware]: No controller active in LOW_LEVEL_SERVOING mode !
1756530607.6049583 [ros2_control_node-1] [DEBUG] [1756530607.604847973] [KortexMultiInterfaceHardware]: No controller active in LOW_LEVEL_SERVOING mode !
1756530607.6051366 [ros2_control_node-1] [DEBUG] [1756530607.605070108] [KortexMultiInterfaceHardware]: No controller active in LOW_LEVEL_SERVOING mode !
1756530607.6054652 [ros2_control_node-1] [DEBUG] [1756530607.605418706] [KortexMultiInterfaceHardware]: No controller active in LOW_LEVEL_SERVOING mode !
1756530607.6058497 [ros2_control_node-1] [DEBUG] [1756530607.605808813] [KortexMultiInterfaceHardware]: No controller active in LOW_LEVEL_SERVOING mode !
1756530607.6060779 [ros2_control_node-1] [DEBUG] [1756530607.606030547] [KortexMultiInterfaceHardware]: No controller active in LOW_LEVEL_SERVOING mode !
1756530607.6063106 [ros2_control_node-1] [DEBUG] [1756530607.606267308] [KortexMultiInterfaceHardware]: No controller active in LOW_LEVEL_SERVOING mode !
1756530607.6065190 [ros2_control_node-1] [DEBUG] [1756530607.606481824] [KortexMultiInterfaceHardware]: No controller active in LOW_LEVEL_SERVOING mode !
1756530607.6069171 [ros2_control_node-1] [DEBUG] [1756530607.606876755] [KortexMultiInterfaceHardware]: No controller active in LOW_LEVEL_SERVOING mode !
1756530607.6072974 [ros2_control_node-1] [DEBUG] [1756530607.607131758] [KortexMultiInterfaceHardware]: No controller active in LOW_LEVEL_SERVOING mode !
1756530607.6075847 [ros2_control_node-1] [DEBUG] [1756530607.607433470] [KortexMultiInterfaceHardware]: No controller active in LOW_LEVEL_SERVOING mode !
1756530607.6077900 [ros2_control_node-1] [DEBUG] [1756530607.607667378] [KortexMultiInterfaceHardware]: No controller active in LOW_LEVEL_SERVOING mode !
1756530607.6080282 [ros2_control_node-1] [DEBUG] [1756530607.607935916] [KortexMultiInterfaceHardware]: No controller active in LOW_LEVEL_SERVOING mode !
1756530607.6085012 [ros2_control_node-1] [DEBUG] [1756530607.608416157] [KortexMultiInterfaceHardware]: No controller active in LOW_LEVEL_SERVOING mode !
1756530607.6089759 [ros2_control_node-1] [DEBUG] [1756530607.608881380] [KortexMultiInterfaceHardware]: No controller active in LOW_LEVEL_SERVOING mode !
1756530607.6094718 [ros2_control_node-1] [DEBUG] [1756530607.609378729] [KortexMultiInterfaceHardware]: No controller active in LOW_LEVEL_SERVOING mode !
1756530607.6099801 [ros2_control_node-1] [DEBUG] [1756530607.609887888] [KortexMultiInterfaceHardware]: No controller active in LOW_LEVEL_SERVOING mode !
1756530607.6102269 [ros2_control_node-1] [DEBUG] [1756530607.610134195] [KortexMultiInterfaceHardware]: No controller active in LOW_LEVEL_SERVOING mode !
1756530607.6104901 [ros2_control_node-1] [DEBUG] [1756530607.610401093] [KortexMultiInterfaceHardware]: No controller active in LOW_LEVEL_SERVOING mode !
1756530607.6107035 [ros2_control_node-1] [DEBUG] [1756530607.610600680] [KortexMultiInterfaceHardware]: No controller active in LOW_LEVEL_SERVOING mode !
1756530607.6109657 [ros2_control_node-1] [DEBUG] [1756530607.610866042] [KortexMultiInterfaceHardware]: No controller active in LOW_LEVEL_SERVOING mode !
1756530607.6115255 [ros2_control_node-1] [DEBUG] [1756530607.611432974] [KortexMultiInterfaceHardware]: No controller active in LOW_LEVEL_SERVOING mode !
1756530607.6119623 [ros2_control_node-1] [DEBUG] [1756530607.611883066] [KortexMultiInterfaceHardware]: No controller active in LOW_LEVEL_SERVOING mode !
1756530607.6124878 [ros2_control_node-1] [DEBUG] [1756530607.612399854] [KortexMultiInterfaceHardware]: No controller active in LOW_LEVEL_SERVOING mode !
1756530607.6129706 [ros2_control_node-1] [DEBUG] [1756530607.612882190] [KortexMultiInterfaceHardware]: No controller active in LOW_LEVEL_SERVOING mode !
1756530607.6132302 [ros2_control_node-1] [DEBUG] [1756530607.613137873] [KortexMultiInterfaceHardware]: No controller active in LOW_LEVEL_SERVOING mode !
1756530607.6135268 [ros2_control_node-1] [DEBUG] [1756530607.613440088] [KortexMultiInterfaceHardware]: No controller active in LOW_LEVEL_SERVOING mode !
1756530607.6137311 [ros2_control_node-1] [DEBUG] [1756530607.613647578] [KortexMultiInterfaceHardware]: No controller active in LOW_LEVEL_SERVOING mode !
1756530607.6139798 [ros2_control_node-1] [DEBUG] [1756530607.613888987] [KortexMultiInterfaceHardware]: No controller active in LOW_LEVEL_SERVOING mode !
1756530607.6145346 [ros2_control_node-1] [DEBUG] [1756530607.614413417] [KortexMultiInterfaceHardware]: No controller active in LOW_LEVEL_SERVOING mode !
1756530607.6149542 [ros2_control_node-1] [DEBUG] [1756530607.614871851] [KortexMultiInterfaceHardware]: No controller active in LOW_LEVEL_SERVOING mode !
1756530607.6154320 [ros2_control_node-1] [DEBUG] [1756530607.615345153] [KortexMultiInterfaceHardware]: No controller active in LOW_LEVEL_SERVOING mode !
1756530607.6156447 [ros2_control_node-1] [DEBUG] [1756530607.615561480] [KortexMultiInterfaceHardware]: No controller active in LOW_LEVEL_SERVOING mode !
1756530607.6158860 [ros2_control_node-1] [DEBUG] [1756530607.615795305] [KortexMultiInterfaceHardware]: No controller active in LOW_LEVEL_SERVOING mode !
1756530607.6161654 [ros2_control_node-1] [DEBUG] [1756530607.616064625] [KortexMultiInterfaceHardware]: No controller active in LOW_LEVEL_SERVOING mode !
1756530607.6164899 [ros2_control_node-1] [DEBUG] [1756530607.616407054] [KortexMultiInterfaceHardware]: No controller active in LOW_LEVEL_SERVOING mode !
1756530607.6167524 [ros2_control_node-1] [DEBUG] [1756530607.616674533] [KortexMultiInterfaceHardware]: No controller active in LOW_LEVEL_SERVOING mode !
1756530607.6170385 [ros2_control_node-1] [DEBUG] [1756530607.616952287] [KortexMultiInterfaceHardware]: No controller active in LOW_LEVEL_SERVOING mode !
1756530607.6172521 [ros2_control_node-1] [DEBUG] [1756530607.617166754] [KortexMultiInterfaceHardware]: No controller active in LOW_LEVEL_SERVOING mode !
1756530607.6174662 [ros2_control_node-1] [DEBUG] [1756530607.617396447] [KortexMultiInterfaceHardware]: No controller active in LOW_LEVEL_SERVOING mode !
1756530607.6179862 [ros2_control_node-1] [DEBUG] [1756530607.617875528] [KortexMultiInterfaceHardware]: No controller active in LOW_LEVEL_SERVOING mode !
1756530607.6184399 [ros2_control_node-1] [DEBUG] [1756530607.618368277] [KortexMultiInterfaceHardware]: No controller active in LOW_LEVEL_SERVOING mode !
1756530607.6190982 [ros2_control_node-1] [DEBUG] [1756530607.618877238] [KortexMultiInterfaceHardware]: No controller active in LOW_LEVEL_SERVOING mode !
1756530607.6195562 [ros2_control_node-1] [DEBUG] [1756530607.619357734] [KortexMultiInterfaceHardware]: No controller active in LOW_LEVEL_SERVOING mode !
1756530607.6201401 [ros2_control_node-1] [DEBUG] [1756530607.619877347] [KortexMultiInterfaceHardware]: No controller active in LOW_LEVEL_SERVOING mode !
1756530607.6204927 [ros2_control_node-1] [DEBUG] [1756530607.620403811] [KortexMultiInterfaceHardware]: No controller active in LOW_LEVEL_SERVOING mode !
1756530607.6210976 [ros2_control_node-1] [DEBUG] [1756530607.620889184] [KortexMultiInterfaceHardware]: No controller active in LOW_LEVEL_SERVOING mode !
1756530607.6215618 [ros2_control_node-1] [DEBUG] [1756530607.621395287] [KortexMultiInterfaceHardware]: No controller active in LOW_LEVEL_SERVOING mode !
1756530607.6219897 [ros2_control_node-1] [DEBUG] [1756530607.621898029] [KortexMultiInterfaceHardware]: No controller active in LOW_LEVEL_SERVOING mode !
1756530607.6224279 [ros2_control_node-1] [DEBUG] [1756530607.622338460] [KortexMultiInterfaceHardware]: No controller active in LOW_LEVEL_SERVOING mode !
1756530607.6226299 [ros2_control_node-1] [DEBUG] [1756530607.622545060] [KortexMultiInterfaceHardware]: No controller active in LOW_LEVEL_SERVOING mode !
1756530607.6229520 [ros2_control_node-1] [DEBUG] [1756530607.622807887] [KortexMultiInterfaceHardware]: No controller active in LOW_LEVEL_SERVOING mode !
1756530607.6231339 [ros2_control_node-1] [DEBUG] [1756530607.623013398] [KortexMultiInterfaceHardware]: No controller active in LOW_LEVEL_SERVOING mode !
1756530607.6234381 [ros2_control_node-1] [DEBUG] [1756530607.623344572] [KortexMultiInterfaceHardware]: No controller active in LOW_LEVEL_SERVOING mode !
1756530607.6237004 [ros2_control_node-1] [DEBUG] [1756530607.623613152] [KortexMultiInterfaceHardware]: No controller active in LOW_LEVEL_SERVOING mode !
1756530607.6239927 [ros2_control_node-1] [DEBUG] [1756530607.623896282] [KortexMultiInterfaceHardware]: No controller active in LOW_LEVEL_SERVOING mode !
1756530607.6242085 [ros2_control_node-1] [DEBUG] [1756530607.624124749] [KortexMultiInterfaceHardware]: No controller active in LOW_LEVEL_SERVOING mode !
1756530607.6244998 [ros2_control_node-1] [DEBUG] [1756530607.624427718] [KortexMultiInterfaceHardware]: No controller active in LOW_LEVEL_SERVOING mode !
1756530607.6248870 [ros2_control_node-1] [DEBUG] [1756530607.624808553] [KortexMultiInterfaceHardware]: No controller active in LOW_LEVEL_SERVOING mode !
1756530607.6251392 [ros2_control_node-1] [DEBUG] [1756530607.625056666] [KortexMultiInterfaceHardware]: No controller active in LOW_LEVEL_SERVOING mode !
1756530607.6254070 [ros2_control_node-1] [DEBUG] [1756530607.625329438] [KortexMultiInterfaceHardware]: No controller active in LOW_LEVEL_SERVOING mode !
1756530607.6256313 [ros2_control_node-1] [DEBUG] [1756530607.625554188] [KortexMultiInterfaceHardware]: No controller active in LOW_LEVEL_SERVOING mode !
1756530607.6259415 [ros2_control_node-1] [DEBUG] [1756530607.625868513] [KortexMultiInterfaceHardware]: No controller active in LOW_LEVEL_SERVOING mode !
1756530607.6261706 [ros2_control_node-1] [DEBUG] [1756530607.626090495] [KortexMultiInterfaceHardware]: No controller active in LOW_LEVEL_SERVOING mode !
1756530607.6264033 [ros2_control_node-1] [DEBUG] [1756530607.626332562] [KortexMultiInterfaceHardware]: No controller active in LOW_LEVEL_SERVOING mode !
1756530607.6266341 [ros2_control_node-1] [DEBUG] [1756530607.626567136] [KortexMultiInterfaceHardware]: No controller active in LOW_LEVEL_SERVOING mode !
1756530607.6269495 [ros2_control_node-1] [DEBUG] [1756530607.626880778] [KortexMultiInterfaceHardware]: No controller active in LOW_LEVEL_SERVOING mode !
1756530607.6274707 [ros2_control_node-1] [DEBUG] [1756530607.627395458] [KortexMultiInterfaceHardware]: No controller active in LOW_LEVEL_SERVOING mode !
1756530607.6280105 [ros2_control_node-1] [DEBUG] [1756530607.627888655] [KortexMultiInterfaceHardware]: No controller active in LOW_LEVEL_SERVOING mode !
1756530607.6282146 [ros2_control_node-1] [DEBUG] [1756530607.628132004] [KortexMultiInterfaceHardware]: No controller active in LOW_LEVEL_SERVOING mode !
1756530607.6284788 [ros2_control_node-1] [DEBUG] [1756530607.628407820] [KortexMultiInterfaceHardware]: No controller active in LOW_LEVEL_SERVOING mode !
1756530607.6287053 [ros2_control_node-1] [DEBUG] [1756530607.628637288] [KortexMultiInterfaceHardware]: No controller active in LOW_LEVEL_SERVOING mode !
1756530607.6289620 [ros2_control_node-1] [DEBUG] [1756530607.628864713] [KortexMultiInterfaceHardware]: No controller active in LOW_LEVEL_SERVOING mode !
1756530607.6291587 [ros2_control_node-1] [DEBUG] [1756530607.629064783] [KortexMultiInterfaceHardware]: No controller active in LOW_LEVEL_SERVOING mode !
1756530607.6294000 [ros2_control_node-1] [DEBUG] [1756530607.629332151] [KortexMultiInterfaceHardware]: No controller active in LOW_LEVEL_SERVOING mode !
1756530607.6296027 [ros2_control_node-1] [DEBUG] [1756530607.629534357] [KortexMultiInterfaceHardware]: No controller active in LOW_LEVEL_SERVOING mode !
1756530607.6299493 [ros2_control_node-1] [DEBUG] [1756530607.629872163] [KortexMultiInterfaceHardware]: No controller active in LOW_LEVEL_SERVOING mode !
1756530607.6304827 [ros2_control_node-1] [DEBUG] [1756530607.630373592] [KortexMultiInterfaceHardware]: No controller active in LOW_LEVEL_SERVOING mode !
1756530607.6309154 [ros2_control_node-1] [DEBUG] [1756530607.630841033] [KortexMultiInterfaceHardware]: No controller active in LOW_LEVEL_SERVOING mode !
1756530607.6311471 [ros2_control_node-1] [DEBUG] [1756530607.631073733] [KortexMultiInterfaceHardware]: No controller active in LOW_LEVEL_SERVOING mode !
1756530607.6313922 [ros2_control_node-1] [DEBUG] [1756530607.631321717] [KortexMultiInterfaceHardware]: No controller active in LOW_LEVEL_SERVOING mode !
1756530607.6315808 [ros2_control_node-1] [DEBUG] [1756530607.631514117] [KortexMultiInterfaceHardware]: No controller active in LOW_LEVEL_SERVOING mode !
1756530607.6319642 [ros2_control_node-1] [DEBUG] [1756530607.631894809] [KortexMultiInterfaceHardware]: No controller active in LOW_LEVEL_SERVOING mode !
1756530607.6322010 [ros2_control_node-1] [DEBUG] [1756530607.632130914] [KortexMultiInterfaceHardware]: No controller active in LOW_LEVEL_SERVOING mode !
1756530607.6324451 [ros2_control_node-1] [DEBUG] [1756530607.632368846] [KortexMultiInterfaceHardware]: No controller active in LOW_LEVEL_SERVOING mode !
1756530607.6326361 [ros2_control_node-1] [DEBUG] [1756530607.632569408] [KortexMultiInterfaceHardware]: No controller active in LOW_LEVEL_SERVOING mode !
1756530607.6329806 [ros2_control_node-1] [DEBUG] [1756530607.632910225] [KortexMultiInterfaceHardware]: No controller active in LOW_LEVEL_SERVOING mode !
1756530607.6335447 [ros2_control_node-1] [DEBUG] [1756530607.633449663] [KortexMultiInterfaceHardware]: No controller active in LOW_LEVEL_SERVOING mode !
1756530607.6339469 [ros2_control_node-1] [DEBUG] [1756530607.633871758] [KortexMultiInterfaceHardware]: No controller active in LOW_LEVEL_SERVOING mode !
1756530607.6341932 [ros2_control_node-1] [DEBUG] [1756530607.634117725] [KortexMultiInterfaceHardware]: No controller active in LOW_LEVEL_SERVOING mode !
1756530607.6344476 [ros2_control_node-1] [DEBUG] [1756530607.634377768] [KortexMultiInterfaceHardware]: No controller active in LOW_LEVEL_SERVOING mode !
1756530607.6346476 [ros2_control_node-1] [DEBUG] [1756530607.634578866] [KortexMultiInterfaceHardware]: No controller active in LOW_LEVEL_SERVOING mode !
1756530607.6349568 [ros2_control_node-1] [DEBUG] [1756530607.634876883] [KortexMultiInterfaceHardware]: No controller active in LOW_LEVEL_SERVOING mode !
1756530607.6351831 [ros2_control_node-1] [DEBUG] [1756530607.635111208] [KortexMultiInterfaceHardware]: No controller active in LOW_LEVEL_SERVOING mode !
1756530607.6354554 [ros2_control_node-1] [DEBUG] [1756530607.635387641] [KortexMultiInterfaceHardware]: No controller active in LOW_LEVEL_SERVOING mode !
1756530607.6356230 [ros2_control_node-1] [DEBUG] [1756530607.635551626] [KortexMultiInterfaceHardware]: No controller active in LOW_LEVEL_SERVOING mode !
1756530607.6359384 [ros2_control_node-1] [DEBUG] [1756530607.635867047] [KortexMultiInterfaceHardware]: No controller active in LOW_LEVEL_SERVOING mode !
1756530607.6364524 [ros2_control_node-1] [DEBUG] [1756530607.636381907] [KortexMultiInterfaceHardware]: No controller active in LOW_LEVEL_SERVOING mode !
1756530607.6369996 [ros2_control_node-1] [DEBUG] [1756530607.636910534] [KortexMultiInterfaceHardware]: No controller active in LOW_LEVEL_SERVOING mode !
1756530607.6374393 [ros2_control_node-1] [DEBUG] [1756530607.637373616] [KortexMultiInterfaceHardware]: No controller active in LOW_LEVEL_SERVOING mode !
1756530607.6380305 [ros2_control_node-1] [DEBUG] [1756530607.637925765] [KortexMultiInterfaceHardware]: No controller active in LOW_LEVEL_SERVOING mode !
1756530607.6382637 [ros2_control_node-1] [DEBUG] [1756530607.638188319] [KortexMultiInterfaceHardware]: No controller active in LOW_LEVEL_SERVOING mode !
1756530607.6385701 [ros2_control_node-1] [DEBUG] [1756530607.638500615] [KortexMultiInterfaceHardware]: No controller active in LOW_LEVEL_SERVOING mode !
1756530607.6388547 [ros2_control_node-1] [DEBUG] [1756530607.638787754] [KortexMultiInterfaceHardware]: No controller active in LOW_LEVEL_SERVOING mode !
1756530607.6390617 [ros2_control_node-1] [DEBUG] [1756530607.638989664] [KortexMultiInterfaceHardware]: No controller active in LOW_LEVEL_SERVOING mode !
1756530607.6394880 [ros2_control_node-1] [DEBUG] [1756530607.639422766] [KortexMultiInterfaceHardware]: No controller active in LOW_LEVEL_SERVOING mode !
1756530607.6400213 [ros2_control_node-1] [DEBUG] [1756530607.639917123] [KortexMultiInterfaceHardware]: No controller active in LOW_LEVEL_SERVOING mode !
1756530607.6404283 [ros2_control_node-1] [DEBUG] [1756530607.640357801] [KortexMultiInterfaceHardware]: No controller active in LOW_LEVEL_SERVOING mode !
1756530607.6409507 [ros2_control_node-1] [DEBUG] [1756530607.640836959] [KortexMultiInterfaceHardware]: No controller active in LOW_LEVEL_SERVOING mode !
1756530607.6411223 [ros2_control_node-1] [DEBUG] [1756530607.641021317] [KortexMultiInterfaceHardware]: No controller active in LOW_LEVEL_SERVOING mode !
1756530607.6413784 [ros2_control_node-1] [DEBUG] [1756530607.641305200] [KortexMultiInterfaceHardware]: No controller active in LOW_LEVEL_SERVOING mode !
1756530607.6415849 [ros2_control_node-1] [DEBUG] [1756530607.641515562] [KortexMultiInterfaceHardware]: No controller active in LOW_LEVEL_SERVOING mode !
1756530607.6419642 [ros2_control_node-1] [DEBUG] [1756530607.641884519] [KortexMultiInterfaceHardware]: No controller active in LOW_LEVEL_SERVOING mode !
1756530607.6424665 [ros2_control_node-1] [DEBUG] [1756530607.642380967] [KortexMultiInterfaceHardware]: No controller active in LOW_LEVEL_SERVOING mode !
1756530607.6427162 [ros2_control_node-1] [DEBUG] [1756530607.642637647] [KortexMultiInterfaceHardware]: No controller active in LOW_LEVEL_SERVOING mode !
1756530607.6429560 [ros2_control_node-1] [DEBUG] [1756530607.642876566] [KortexMultiInterfaceHardware]: No controller active in LOW_LEVEL_SERVOING mode !
1756530607.6432254 [ros2_control_node-1] [DEBUG] [1756530607.643142456] [KortexMultiInterfaceHardware]: No controller active in LOW_LEVEL_SERVOING mode !
1756530607.6434755 [ros2_control_node-1] [DEBUG] [1756530607.643407868] [KortexMultiInterfaceHardware]: No controller active in LOW_LEVEL_SERVOING mode !
1756530607.6437204 [ros2_control_node-1] [DEBUG] [1756530607.643652820] [KortexMultiInterfaceHardware]: No controller active in LOW_LEVEL_SERVOING mode !
1756530607.6440151 [ros2_control_node-1] [DEBUG] [1756530607.643933525] [KortexMultiInterfaceHardware]: No controller active in LOW_LEVEL_SERVOING mode !
1756530607.6442266 [ros2_control_node-1] [DEBUG] [1756530607.644152994] [KortexMultiInterfaceHardware]: No controller active in LOW_LEVEL_SERVOING mode !
1756530607.6444645 [ros2_control_node-1] [DEBUG] [1756530607.644396148] [KortexMultiInterfaceHardware]: No controller active in LOW_LEVEL_SERVOING mode !
1756530607.6450155 [ros2_control_node-1] [DEBUG] [1756530607.644935447] [KortexMultiInterfaceHardware]: No controller active in LOW_LEVEL_SERVOING mode !
1756530607.6454873 [ros2_control_node-1] [DEBUG] [1756530607.645415454] [KortexMultiInterfaceHardware]: No controller active in LOW_LEVEL_SERVOING mode !
1756530607.6460037 [ros2_control_node-1] [DEBUG] [1756530607.645891268] [KortexMultiInterfaceHardware]: No controller active in LOW_LEVEL_SERVOING mode !
1756530607.6464002 [ros2_control_node-1] [DEBUG] [1756530607.646325086] [KortexMultiInterfaceHardware]: No controller active in LOW_LEVEL_SERVOING mode !
1756530607.6466007 [ros2_control_node-1] [DEBUG] [1756530607.646527945] [KortexMultiInterfaceHardware]: No controller active in LOW_LEVEL_SERVOING mode !
1756530607.6468465 [ros2_control_node-1] [DEBUG] [1756530607.646769880] [KortexMultiInterfaceHardware]: No controller active in LOW_LEVEL_SERVOING mode !
1756530607.6470799 [ros2_control_node-1] [DEBUG] [1756530607.646991579] [KortexMultiInterfaceHardware]: No controller active in LOW_LEVEL_SERVOING mode !
1756530607.6474321 [ros2_control_node-1] [DEBUG] [1756530607.647353813] [KortexMultiInterfaceHardware]: No controller active in LOW_LEVEL_SERVOING mode !
1756530607.6478937 [ros2_control_node-1] [DEBUG] [1756530607.647820906] [KortexMultiInterfaceHardware]: No controller active in LOW_LEVEL_SERVOING mode !
1756530607.6480856 [ros2_control_node-1] [DEBUG] [1756530607.648007907] [KortexMultiInterfaceHardware]: No controller active in LOW_LEVEL_SERVOING mode !
1756530607.6483326 [ros2_control_node-1] [DEBUG] [1756530607.648253206] [KortexMultiInterfaceHardware]: No controller active in LOW_LEVEL_SERVOING mode !
1756530607.6485450 [ros2_control_node-1] [DEBUG] [1756530607.648478005] [KortexMultiInterfaceHardware]: No controller active in LOW_LEVEL_SERVOING mode !
1756530607.6489785 [ros2_control_node-1] [DEBUG] [1756530607.648900478] [KortexMultiInterfaceHardware]: No controller active in LOW_LEVEL_SERVOING mode !
1756530607.6495059 [ros2_control_node-1] [DEBUG] [1756530607.649395859] [KortexMultiInterfaceHardware]: No controller active in LOW_LEVEL_SERVOING mode !
1756530607.6499557 [ros2_control_node-1] [DEBUG] [1756530607.649881077] [KortexMultiInterfaceHardware]: No controller active in LOW_LEVEL_SERVOING mode !
1756530607.6502099 [ros2_control_node-1] [DEBUG] [1756530607.650131507] [KortexMultiInterfaceHardware]: No controller active in LOW_LEVEL_SERVOING mode !
1756530607.6504579 [ros2_control_node-1] [DEBUG] [1756530607.650386085] [KortexMultiInterfaceHardware]: No controller active in LOW_LEVEL_SERVOING mode !
1756530607.6506772 [ros2_control_node-1] [DEBUG] [1756530607.650613176] [KortexMultiInterfaceHardware]: No controller active in LOW_LEVEL_SERVOING mode !
1756530607.6509819 [ros2_control_node-1] [DEBUG] [1756530607.650876335] [KortexMultiInterfaceHardware]: No controller active in LOW_LEVEL_SERVOING mode !
1756530607.6515646 [ros2_control_node-1] [DEBUG] [1756530607.651454391] [KortexMultiInterfaceHardware]: No controller active in LOW_LEVEL_SERVOING mode !
1756530607.6519666 [ros2_control_node-1] [DEBUG] [1756530607.651893830] [KortexMultiInterfaceHardware]: No controller active in LOW_LEVEL_SERVOING mode !
1756530607.6524007 [ros2_control_node-1] [DEBUG] [1756530607.652324676] [KortexMultiInterfaceHardware]: No controller active in LOW_LEVEL_SERVOING mode !
1756530607.6526241 [ros2_control_node-1] [DEBUG] [1756530607.652554446] [KortexMultiInterfaceHardware]: No controller active in LOW_LEVEL_SERVOING mode !
1756530607.6530118 [ros2_control_node-1] [DEBUG] [1756530607.652843179] [KortexMultiInterfaceHardware]: No controller active in LOW_LEVEL_SERVOING mode !
1756530607.6533048 [ros2_control_node-1] [DEBUG] [1756530607.653068753] [KortexMultiInterfaceHardware]: No controller active in LOW_LEVEL_SERVOING mode !
1756530607.6535604 [ros2_control_node-1] [DEBUG] [1756530607.653426875] [KortexMultiInterfaceHardware]: No controller active in LOW_LEVEL_SERVOING mode !
1756530607.6539474 [ros2_control_node-1] [DEBUG] [1756530607.653870911] [KortexMultiInterfaceHardware]: No controller active in LOW_LEVEL_SERVOING mode !
1756530607.6544759 [ros2_control_node-1] [DEBUG] [1756530607.654378225] [KortexMultiInterfaceHardware]: No controller active in LOW_LEVEL_SERVOING mode !
1756530607.6550055 [ros2_control_node-1] [DEBUG] [1756530607.654917984] [KortexMultiInterfaceHardware]: No controller active in LOW_LEVEL_SERVOING mode !
1756530607.6554995 [ros2_control_node-1] [DEBUG] [1756530607.655429233] [KortexMultiInterfaceHardware]: No controller active in LOW_LEVEL_SERVOING mode !
1756530607.6559534 [ros2_control_node-1] [DEBUG] [1756530607.655871807] [KortexMultiInterfaceHardware]: No controller active in LOW_LEVEL_SERVOING mode !
1756530607.6561556 [ros2_control_node-1] [DEBUG] [1756530607.656078447] [KortexMultiInterfaceHardware]: No controller active in LOW_LEVEL_SERVOING mode !
1756530607.6563823 [ros2_control_node-1] [DEBUG] [1756530607.656304020] [KortexMultiInterfaceHardware]: No controller active in LOW_LEVEL_SERVOING mode !
1756530607.6565952 [ros2_control_node-1] [DEBUG] [1756530607.656523493] [KortexMultiInterfaceHardware]: No controller active in LOW_LEVEL_SERVOING mode !
1756530607.6569736 [ros2_control_node-1] [DEBUG] [1756530607.656896226] [KortexMultiInterfaceHardware]: No controller active in LOW_LEVEL_SERVOING mode !
1756530607.6575959 [ros2_control_node-1] [DEBUG] [1756530607.657465450] [KortexMultiInterfaceHardware]: No controller active in LOW_LEVEL_SERVOING mode !
1756530607.6579487 [ros2_control_node-1] [DEBUG] [1756530607.657874355] [KortexMultiInterfaceHardware]: No controller active in LOW_LEVEL_SERVOING mode !
1756530607.6581960 [ros2_control_node-1] [DEBUG] [1756530607.658111987] [KortexMultiInterfaceHardware]: No controller active in LOW_LEVEL_SERVOING mode !
1756530607.6584227 [ros2_control_node-1] [DEBUG] [1756530607.658354151] [KortexMultiInterfaceHardware]: No controller active in LOW_LEVEL_SERVOING mode !
1756530607.6586738 [ros2_control_node-1] [DEBUG] [1756530607.658604476] [KortexMultiInterfaceHardware]: No controller active in LOW_LEVEL_SERVOING mode !
1756530607.6589675 [ros2_control_node-1] [DEBUG] [1756530607.658887534] [KortexMultiInterfaceHardware]: No controller active in LOW_LEVEL_SERVOING mode !
1756530607.6592271 [ros2_control_node-1] [DEBUG] [1756530607.659178486] [KortexMultiInterfaceHardware]: No controller active in LOW_LEVEL_SERVOING mode !
1756530607.6595299 [ros2_control_node-1] [DEBUG] [1756530607.659451307] [KortexMultiInterfaceHardware]: No controller active in LOW_LEVEL_SERVOING mode !
1756530607.6597867 [ros2_control_node-1] [DEBUG] [1756530607.659748302] [KortexMultiInterfaceHardware]: No controller active in LOW_LEVEL_SERVOING mode !
1756530607.6599915 [ros2_control_node-1] [DEBUG] [1756530607.659948191] [KortexMultiInterfaceHardware]: No controller active in LOW_LEVEL_SERVOING mode !
1756530607.6605041 [ros2_control_node-1] [DEBUG] [1756530607.660464692] [KortexMultiInterfaceHardware]: No controller active in LOW_LEVEL_SERVOING mode !
1756530607.6611025 [ros2_control_node-1] [DEBUG] [1756530607.660826607] [KortexMultiInterfaceHardware]: No controller active in LOW_LEVEL_SERVOING mode !
1756530607.6611319 [ros2_control_node-1] [DEBUG] [1756530607.661020728] [KortexMultiInterfaceHardware]: No controller active in LOW_LEVEL_SERVOING mode !
1756530607.6612785 [ros2_control_node-1] [DEBUG] [1756530607.661236492] [KortexMultiInterfaceHardware]: No controller active in LOW_LEVEL_SERVOING mode !
1756530607.6615069 [ros2_control_node-1] [DEBUG] [1756530607.661471743] [KortexMultiInterfaceHardware]: No controller active in LOW_LEVEL_SERVOING mode !
1756530607.6618788 [ros2_control_node-1] [DEBUG] [1756530607.661841395] [KortexMultiInterfaceHardware]: No controller active in LOW_LEVEL_SERVOING mode !
1756530607.6620653 [ros2_control_node-1] [DEBUG] [1756530607.662026600] [KortexMultiInterfaceHardware]: No controller active in LOW_LEVEL_SERVOING mode !
1756530607.6622994 [ros2_control_node-1] [DEBUG] [1756530607.662262421] [KortexMultiInterfaceHardware]: No controller active in LOW_LEVEL_SERVOING mode !
1756530607.6625137 [ros2_control_node-1] [DEBUG] [1756530607.662479547] [KortexMultiInterfaceHardware]: No controller active in LOW_LEVEL_SERVOING mode !
1756530607.6630049 [ros2_control_node-1] [DEBUG] [1756530607.662890981] [KortexMultiInterfaceHardware]: No controller active in LOW_LEVEL_SERVOING mode !
1756530607.6635518 [ros2_control_node-1] [DEBUG] [1756530607.663429327] [KortexMultiInterfaceHardware]: No controller active in LOW_LEVEL_SERVOING mode !
1756530607.6639431 [ros2_control_node-1] [DEBUG] [1756530607.663904404] [KortexMultiInterfaceHardware]: No controller active in LOW_LEVEL_SERVOING mode !
1756530607.6644537 [ros2_control_node-1] [DEBUG] [1756530607.664374668] [KortexMultiInterfaceHardware]: No controller active in LOW_LEVEL_SERVOING mode !
1756530607.6649551 [ros2_control_node-1] [DEBUG] [1756530607.664911689] [KortexMultiInterfaceHardware]: No controller active in LOW_LEVEL_SERVOING mode !
1756530607.6651945 [ros2_control_node-1] [DEBUG] [1756530607.665153121] [KortexMultiInterfaceHardware]: No controller active in LOW_LEVEL_SERVOING mode !
1756530607.6655221 [ros2_control_node-1] [DEBUG] [1756530607.665434200] [KortexMultiInterfaceHardware]: No controller active in LOW_LEVEL_SERVOING mode !
1756530607.6656623 [ros2_control_node-1] [DEBUG] [1756530607.665626019] [KortexMultiInterfaceHardware]: No controller active in LOW_LEVEL_SERVOING mode !
1756530607.6659305 [ros2_control_node-1] [DEBUG] [1756530607.665891874] [KortexMultiInterfaceHardware]: No controller active in LOW_LEVEL_SERVOING mode !
1756530607.6664503 [ros2_control_node-1] [DEBUG] [1756530607.666416391] [KortexMultiInterfaceHardware]: No controller active in LOW_LEVEL_SERVOING mode !
1756530607.6670887 [ros2_control_node-1] [DEBUG] [1756530607.666898363] [KortexMultiInterfaceHardware]: No controller active in LOW_LEVEL_SERVOING mode !
1756530607.6673987 [ros2_control_node-1] [DEBUG] [1756530607.667360657] [KortexMultiInterfaceHardware]: No controller active in LOW_LEVEL_SERVOING mode !
1756530607.6678679 [ros2_control_node-1] [DEBUG] [1756530607.667830493] [KortexMultiInterfaceHardware]: No controller active in LOW_LEVEL_SERVOING mode !
1756530607.6680577 [ros2_control_node-1] [DEBUG] [1756530607.668017220] [KortexMultiInterfaceHardware]: No controller active in LOW_LEVEL_SERVOING mode !
1756530607.6683097 [ros2_control_node-1] [DEBUG] [1756530607.668272404] [KortexMultiInterfaceHardware]: No controller active in LOW_LEVEL_SERVOING mode !
1756530607.6684964 [ros2_control_node-1] [DEBUG] [1756530607.668462015] [KortexMultiInterfaceHardware]: No controller active in LOW_LEVEL_SERVOING mode !
1756530607.6689594 [ros2_control_node-1] [DEBUG] [1756530607.668891705] [KortexMultiInterfaceHardware]: No controller active in LOW_LEVEL_SERVOING mode !
1756530607.6695354 [ros2_control_node-1] [DEBUG] [1756530607.669440321] [KortexMultiInterfaceHardware]: No controller active in LOW_LEVEL_SERVOING mode !
1756530607.6700299 [ros2_control_node-1] [DEBUG] [1756530607.669916243] [KortexMultiInterfaceHardware]: No controller active in LOW_LEVEL_SERVOING mode !
1756530607.6704378 [ros2_control_node-1] [DEBUG] [1756530607.670397730] [KortexMultiInterfaceHardware]: No controller active in LOW_LEVEL_SERVOING mode !
1756530607.6707497 [ros2_control_node-1] [DEBUG] [1756530607.670637104] [KortexMultiInterfaceHardware]: No controller active in LOW_LEVEL_SERVOING mode !
1756530607.6710050 [ros2_control_node-1] [DEBUG] [1756530607.670877451] [KortexMultiInterfaceHardware]: No controller active in LOW_LEVEL_SERVOING mode !
1756530607.6711001 [ros2_control_node-1] [DEBUG] [1756530607.671063041] [KortexMultiInterfaceHardware]: No controller active in LOW_LEVEL_SERVOING mode !
1756530607.6714861 [ros2_control_node-1] [DEBUG] [1756530607.671427959] [KortexMultiInterfaceHardware]: No controller active in LOW_LEVEL_SERVOING mode !
1756530607.6719503 [ros2_control_node-1] [DEBUG] [1756530607.671909773] [KortexMultiInterfaceHardware]: No controller active in LOW_LEVEL_SERVOING mode !
1756530607.6724353 [ros2_control_node-1] [DEBUG] [1756530607.672397321] [KortexMultiInterfaceHardware]: No controller active in LOW_LEVEL_SERVOING mode !
1756530607.6730132 [ros2_control_node-1] [DEBUG] [1756530607.672891820] [KortexMultiInterfaceHardware]: No controller active in LOW_LEVEL_SERVOING mode !
1756530607.6734462 [ros2_control_node-1] [DEBUG] [1756530607.673356207] [KortexMultiInterfaceHardware]: No controller active in LOW_LEVEL_SERVOING mode !
1756530607.6739607 [ros2_control_node-1] [DEBUG] [1756530607.673901844] [KortexMultiInterfaceHardware]: No controller active in LOW_LEVEL_SERVOING mode !
1756530607.6744530 [ros2_control_node-1] [DEBUG] [1756530607.674338182] [KortexMultiInterfaceHardware]: No controller active in LOW_LEVEL_SERVOING mode !
1756530607.6748800 [ros2_control_node-1] [DEBUG] [1756530607.674826393] [KortexMultiInterfaceHardware]: No controller active in LOW_LEVEL_SERVOING mode !
1756530607.6754391 [ros2_control_node-1] [DEBUG] [1756530607.675391325] [KortexMultiInterfaceHardware]: No controller active in LOW_LEVEL_SERVOING mode !
1756530607.6760387 [ros2_control_node-1] [DEBUG] [1756530607.675901202] [KortexMultiInterfaceHardware]: No controller active in LOW_LEVEL_SERVOING mode !
1756530607.6765373 [ros2_control_node-1] [DEBUG] [1756530607.676426730] [KortexMultiInterfaceHardware]: No controller active in LOW_LEVEL_SERVOING mode !
1756530607.6769404 [ros2_control_node-1] [DEBUG] [1756530607.676901757] [KortexMultiInterfaceHardware]: No controller active in LOW_LEVEL_SERVOING mode !
1756530607.6771705 [ros2_control_node-1] [DEBUG] [1756530607.677131785] [KortexMultiInterfaceHardware]: No controller active in LOW_LEVEL_SERVOING mode !
1756530607.6775281 [ros2_control_node-1] [DEBUG] [1756530607.677397948] [KortexMultiInterfaceHardware]: No controller active in LOW_LEVEL_SERVOING mode !
1756530607.6776140 [ros2_control_node-1] [DEBUG] [1756530607.677575569] [KortexMultiInterfaceHardware]: No controller active in LOW_LEVEL_SERVOING mode !
1756530607.6779168 [ros2_control_node-1] [DEBUG] [1756530607.677877915] [KortexMultiInterfaceHardware]: No controller active in LOW_LEVEL_SERVOING mode !
1756530607.6784487 [ros2_control_node-1] [DEBUG] [1756530607.678408739] [KortexMultiInterfaceHardware]: No controller active in LOW_LEVEL_SERVOING mode !
1756530607.6789105 [ros2_control_node-1] [DEBUG] [1756530607.678818764] [KortexMultiInterfaceHardware]: No controller active in LOW_LEVEL_SERVOING mode !
1756530607.6791239 [ros2_control_node-1] [DEBUG] [1756530607.679008077] [KortexMultiInterfaceHardware]: No controller active in LOW_LEVEL_SERVOING mode !
1756530607.6792955 [ros2_control_node-1] [DEBUG] [1756530607.679255978] [KortexMultiInterfaceHardware]: No controller active in LOW_LEVEL_SERVOING mode !
1756530607.6795058 [ros2_control_node-1] [DEBUG] [1756530607.679472310] [KortexMultiInterfaceHardware]: No controller active in LOW_LEVEL_SERVOING mode !
1756530607.6798735 [ros2_control_node-1] [DEBUG] [1756530607.679835584] [KortexMultiInterfaceHardware]: No controller active in LOW_LEVEL_SERVOING mode !
1756530607.6800539 [ros2_control_node-1] [DEBUG] [1756530607.680015130] [KortexMultiInterfaceHardware]: No controller active in LOW_LEVEL_SERVOING mode !
1756530607.6802838 [ros2_control_node-1] [DEBUG] [1756530607.680247448] [KortexMultiInterfaceHardware]: No controller active in LOW_LEVEL_SERVOING mode !
1756530607.6805465 [ros2_control_node-1] [DEBUG] [1756530607.680508957] [KortexMultiInterfaceHardware]: No controller active in LOW_LEVEL_SERVOING mode !
1756530607.6809692 [ros2_control_node-1] [DEBUG] [1756530607.680882016] [KortexMultiInterfaceHardware]: No controller active in LOW_LEVEL_SERVOING mode !
1756530607.6815312 [ros2_control_node-1] [DEBUG] [1756530607.681397472] [KortexMultiInterfaceHardware]: No controller active in LOW_LEVEL_SERVOING mode !
1756530607.6819873 [ros2_control_node-1] [DEBUG] [1756530607.681893968] [KortexMultiInterfaceHardware]: No controller active in LOW_LEVEL_SERVOING mode !
1756530607.6823862 [ros2_control_node-1] [DEBUG] [1756530607.682342893] [KortexMultiInterfaceHardware]: No controller active in LOW_LEVEL_SERVOING mode !
1756530607.6830039 [ros2_control_node-1] [DEBUG] [1756530607.682859922] [KortexMultiInterfaceHardware]: No controller active in LOW_LEVEL_SERVOING mode !
1756530607.6831038 [ros2_control_node-1] [DEBUG] [1756530607.683064930] [KortexMultiInterfaceHardware]: No controller active in LOW_LEVEL_SERVOING mode !
1756530607.6833532 [ros2_control_node-1] [DEBUG] [1756530607.683316260] [KortexMultiInterfaceHardware]: No controller active in LOW_LEVEL_SERVOING mode !
1756530607.6835361 [ros2_control_node-1] [DEBUG] [1756530607.683503558] [KortexMultiInterfaceHardware]: No controller active in LOW_LEVEL_SERVOING mode !
1756530607.6839235 [ros2_control_node-1] [DEBUG] [1756530607.683887494] [KortexMultiInterfaceHardware]: No controller active in LOW_LEVEL_SERVOING mode !
1756530607.6845722 [ros2_control_node-1] [DEBUG] [1756530607.684439209] [KortexMultiInterfaceHardware]: No controller active in LOW_LEVEL_SERVOING mode !
1756530607.6849391 [ros2_control_node-1] [DEBUG] [1756530607.684902631] [KortexMultiInterfaceHardware]: No controller active in LOW_LEVEL_SERVOING mode !
1756530607.6854205 [ros2_control_node-1] [DEBUG] [1756530607.685381621] [KortexMultiInterfaceHardware]: No controller active in LOW_LEVEL_SERVOING mode !
1756530607.6859381 [ros2_control_node-1] [DEBUG] [1756530607.685848426] [KortexMultiInterfaceHardware]: No controller active in LOW_LEVEL_SERVOING mode !
1756530607.6862109 [ros2_control_node-1] [DEBUG] [1756530607.686041165] [KortexMultiInterfaceHardware]: No controller active in LOW_LEVEL_SERVOING mode !
1756530607.6863251 [ros2_control_node-1] [DEBUG] [1756530607.686288686] [KortexMultiInterfaceHardware]: No controller active in LOW_LEVEL_SERVOING mode !
1756530607.6865132 [ros2_control_node-1] [DEBUG] [1756530607.686478577] [KortexMultiInterfaceHardware]: No controller active in LOW_LEVEL_SERVOING mode !
1756530607.6870418 [ros2_control_node-1] [DEBUG] [1756530607.686894806] [KortexMultiInterfaceHardware]: No controller active in LOW_LEVEL_SERVOING mode !
1756530607.6875193 [ros2_control_node-1] [DEBUG] [1756530607.687418273] [KortexMultiInterfaceHardware]: No controller active in LOW_LEVEL_SERVOING mode !
1756530607.6878686 [ros2_control_node-1] [DEBUG] [1756530607.687826864] [KortexMultiInterfaceHardware]: No controller active in LOW_LEVEL_SERVOING mode !
1756530607.6885569 [ros2_control_node-1] [DEBUG] [1756530607.688379847] [KortexMultiInterfaceHardware]: No controller active in LOW_LEVEL_SERVOING mode !
1756530607.6886582 [ros2_control_node-1] [DEBUG] [1756530607.688622259] [KortexMultiInterfaceHardware]: No controller active in LOW_LEVEL_SERVOING mode !
1756530607.6889019 [ros2_control_node-1] [DEBUG] [1756530607.688866048] [KortexMultiInterfaceHardware]: No controller active in LOW_LEVEL_SERVOING mode !
1756530607.6891363 [ros2_control_node-1] [DEBUG] [1756530607.689101165] [KortexMultiInterfaceHardware]: No controller active in LOW_LEVEL_SERVOING mode !
1756530607.6894395 [ros2_control_node-1] [DEBUG] [1756530607.689403874] [KortexMultiInterfaceHardware]: No controller active in LOW_LEVEL_SERVOING mode !
1756530607.6899693 [ros2_control_node-1] [DEBUG] [1756530607.689912751] [KortexMultiInterfaceHardware]: No controller active in LOW_LEVEL_SERVOING mode !
1756530607.6905241 [ros2_control_node-1] [DEBUG] [1756530607.690418563] [KortexMultiInterfaceHardware]: No controller active in LOW_LEVEL_SERVOING mode !
1756530607.6910062 [ros2_control_node-1] [DEBUG] [1756530607.690890806] [KortexMultiInterfaceHardware]: No controller active in LOW_LEVEL_SERVOING mode !
1756530607.6915174 [ros2_control_node-1] [DEBUG] [1756530607.691403760] [KortexMultiInterfaceHardware]: No controller active in LOW_LEVEL_SERVOING mode !
1756530607.6919525 [ros2_control_node-1] [DEBUG] [1756530607.691913427] [KortexMultiInterfaceHardware]: No controller active in LOW_LEVEL_SERVOING mode !
1756530607.6923125 [ros2_control_node-1] [DEBUG] [1756530607.692143113] [KortexMultiInterfaceHardware]: No controller active in LOW_LEVEL_SERVOING mode !
1756530607.6924648 [ros2_control_node-1] [DEBUG] [1756530607.692425498] [KortexMultiInterfaceHardware]: No controller active in LOW_LEVEL_SERVOING mode !
1756530607.6926770 [ros2_control_node-1] [DEBUG] [1756530607.692638430] [KortexMultiInterfaceHardware]: No controller active in LOW_LEVEL_SERVOING mode !
1756530607.6930485 [ros2_control_node-1] [DEBUG] [1756530607.692874441] [KortexMultiInterfaceHardware]: No controller active in LOW_LEVEL_SERVOING mode !
1756530607.6934841 [ros2_control_node-1] [DEBUG] [1756530607.693398978] [KortexMultiInterfaceHardware]: No controller active in LOW_LEVEL_SERVOING mode !
1756530607.6939278 [ros2_control_node-1] [DEBUG] [1756530607.693890033] [KortexMultiInterfaceHardware]: No controller active in LOW_LEVEL_SERVOING mode !
1756530607.6945004 [ros2_control_node-1] [DEBUG] [1756530607.694385880] [KortexMultiInterfaceHardware]: No controller active in LOW_LEVEL_SERVOING mode !
1756530607.6949248 [ros2_control_node-1] [DEBUG] [1756530607.694889464] [KortexMultiInterfaceHardware]: No controller active in LOW_LEVEL_SERVOING mode !
1756530607.6951582 [ros2_control_node-1] [DEBUG] [1756530607.695118536] [KortexMultiInterfaceHardware]: No controller active in LOW_LEVEL_SERVOING mode !
1756530607.6954219 [ros2_control_node-1] [DEBUG] [1756530607.695386170] [KortexMultiInterfaceHardware]: No controller active in LOW_LEVEL_SERVOING mode !
1756530607.6956186 [ros2_control_node-1] [DEBUG] [1756530607.695580558] [KortexMultiInterfaceHardware]: No controller active in LOW_LEVEL_SERVOING mode !
1756530607.6959307 [ros2_control_node-1] [DEBUG] [1756530607.695893348] [KortexMultiInterfaceHardware]: No controller active in LOW_LEVEL_SERVOING mode !
1756530607.6965685 [ros2_control_node-1] [DEBUG] [1756530607.696440340] [KortexMultiInterfaceHardware]: No controller active in LOW_LEVEL_SERVOING mode !
1756530607.6968904 [ros2_control_node-1] [DEBUG] [1756530607.696855519] [KortexMultiInterfaceHardware]: No controller active in LOW_LEVEL_SERVOING mode !
1756530607.6970880 [ros2_control_node-1] [DEBUG] [1756530607.697051494] [KortexMultiInterfaceHardware]: No controller active in LOW_LEVEL_SERVOING mode !
1756530607.7000737 [ros2_control_node-1] [DEBUG] [1756530607.699842249] [KortexMultiInterfaceHardware]: No controller active in LOW_LEVEL_SERVOING mode !
1756530607.7001617 [ros2_control_node-1] [DEBUG] [1756530607.700120770] [KortexMultiInterfaceHardware]: No controller active in LOW_LEVEL_SERVOING mode !
1756530607.7099829 [ros2_control_node-1] [DEBUG] [1756530607.709919806] [KortexMultiInterfaceHardware]: No controller active in LOW_LEVEL_SERVOING mode !
1756530607.7105327 [ros2_control_node-1] [DEBUG] [1756530607.710390766] [KortexMultiInterfaceHardware]: No controller active in LOW_LEVEL_SERVOING mode !
1756530607.7199769 [ros2_control_node-1] [DEBUG] [1756530607.719907062] [KortexMultiInterfaceHardware]: No controller active in LOW_LEVEL_SERVOING mode !
1756530607.7204995 [ros2_control_node-1] [DEBUG] [1756530607.720459733] [KortexMultiInterfaceHardware]: No controller active in LOW_LEVEL_SERVOING mode !
1756530607.7300105 [ros2_control_node-1] [DEBUG] [1756530607.729909322] [KortexMultiInterfaceHardware]: No controller active in LOW_LEVEL_SERVOING mode !
1756530607.7305200 [ros2_control_node-1] [DEBUG] [1756530607.730442691] [KortexMultiInterfaceHardware]: No controller active in LOW_LEVEL_SERVOING mode !
1756530607.7396917 [ros2_control_node-1] [DEBUG] [1756530607.739606252] [KortexMultiInterfaceHardware]: No controller active in LOW_LEVEL_SERVOING mode !
1756530607.7399263 [ros2_control_node-1] [DEBUG] [1756530607.739884090] [KortexMultiInterfaceHardware]: No controller active in LOW_LEVEL_SERVOING mode !
1756530607.7500017 [ros2_control_node-1] [DEBUG] [1756530607.749876021] [KortexMultiInterfaceHardware]: No controller active in LOW_LEVEL_SERVOING mode !
1756530607.7504346 [ros2_control_node-1] [DEBUG] [1756530607.750391993] [KortexMultiInterfaceHardware]: No controller active in LOW_LEVEL_SERVOING mode !
1756530607.7600939 [ros2_control_node-1] [DEBUG] [1756530607.759866154] [KortexMultiInterfaceHardware]: No controller active in LOW_LEVEL_SERVOING mode !
1756530607.7605247 [ros2_control_node-1] [DEBUG] [1756530607.760450804] [KortexMultiInterfaceHardware]: No controller active in LOW_LEVEL_SERVOING mode !
1756530607.7697580 [ros2_control_node-1] [DEBUG] [1756530607.769664857] [KortexMultiInterfaceHardware]: No controller active in LOW_LEVEL_SERVOING mode !
1756530607.7700129 [ros2_control_node-1] [DEBUG] [1756530607.769974028] [KortexMultiInterfaceHardware]: No controller active in LOW_LEVEL_SERVOING mode !
1756530607.7800131 [ros2_control_node-1] [DEBUG] [1756530607.779911598] [KortexMultiInterfaceHardware]: No controller active in LOW_LEVEL_SERVOING mode !
1756530607.7805130 [ros2_control_node-1] [DEBUG] [1756530607.780396563] [KortexMultiInterfaceHardware]: No controller active in LOW_LEVEL_SERVOING mode !
1756530607.7900722 [ros2_control_node-1] [DEBUG] [1756530607.789923923] [KortexMultiInterfaceHardware]: No controller active in LOW_LEVEL_SERVOING mode !
1756530607.7907329 [ros2_control_node-1] [DEBUG] [1756530607.790486822] [KortexMultiInterfaceHardware]: No controller active in LOW_LEVEL_SERVOING mode !
1756530607.7999570 [ros2_control_node-1] [DEBUG] [1756530607.799908906] [KortexMultiInterfaceHardware]: No controller active in LOW_LEVEL_SERVOING mode !
1756530607.8005421 [ros2_control_node-1] [DEBUG] [1756530607.800453826] [KortexMultiInterfaceHardware]: No controller active in LOW_LEVEL_SERVOING mode !
1756530607.8096921 [ros2_control_node-1] [DEBUG] [1756530607.809645238] [KortexMultiInterfaceHardware]: No controller active in LOW_LEVEL_SERVOING mode !
1756530607.8099840 [ros2_control_node-1] [DEBUG] [1756530607.809940408] [KortexMultiInterfaceHardware]: No controller active in LOW_LEVEL_SERVOING mode !
1756530607.8200984 [ros2_control_node-1] [DEBUG] [1756530607.819887527] [KortexMultiInterfaceHardware]: No controller active in LOW_LEVEL_SERVOING mode !
1756530607.8204989 [ros2_control_node-1] [DEBUG] [1756530607.820456886] [KortexMultiInterfaceHardware]: No controller active in LOW_LEVEL_SERVOING mode !
1756530607.8292356 [ros2_control_node-1] [INFO] [1756530607.829007083] [controller_manager]: Loading controller 'right_joint_trajectory_controller'
1756530607.8302796 [ros2_control_node-1] [DEBUG] [1756530607.829955841] [KortexMultiInterfaceHardware]: No controller active in LOW_LEVEL_SERVOING mode !
1756530607.8305838 [ros2_control_node-1] [DEBUG] [1756530607.830494111] [KortexMultiInterfaceHardware]: No controller active in LOW_LEVEL_SERVOING mode !
1756530607.8358059 [ros2_control_node-1] [WARN] [1756530607.835639702] [right_joint_trajectory_controller]: [Deprecated]: "allow_nonzero_velocity_at_trajectory_end" is set to true. The default behavior will change to false.
1756530607.8400311 [ros2_control_node-1] [DEBUG] [1756530607.839869632] [KortexMultiInterfaceHardware]: No controller active in LOW_LEVEL_SERVOING mode !
1756530607.8404696 [spawner-4] [INFO] [1756530607.840359141] [spawner_right_joint_trajectory_controller]: [94mLoaded [1mright_joint_trajectory_controller[0m
1756530607.8406229 [ros2_control_node-1] [DEBUG] [1756530607.840380458] [KortexMultiInterfaceHardware]: No controller active in LOW_LEVEL_SERVOING mode !
1756530607.8406665 [ros2_control_node-1] [INFO] [1756530607.840415386] [controller_manager]: Loading controller 'joint_state_broadcaster'
1756530607.8497722 [ros2_control_node-1] [INFO] [1756530607.849548826] [controller_manager]: Loading controller 'left_joint_trajectory_controller'
1756530607.8501353 [ros2_control_node-1] [DEBUG] [1756530607.849846544] [KortexMultiInterfaceHardware]: No controller active in LOW_LEVEL_SERVOING mode !
1756530607.8504188 [spawner-2] [INFO] [1756530607.849977797] [spawner_joint_state_broadcaster]: [94mLoaded [1mjoint_state_broadcaster[0m
1756530607.8506014 [ros2_control_node-1] [DEBUG] [1756530607.850470799] [KortexMultiInterfaceHardware]: No controller active in LOW_LEVEL_SERVOING mode !
1756530607.8561373 [ros2_control_node-1] [WARN] [1756530607.856033626] [left_joint_trajectory_controller]: [Deprecated]: "allow_nonzero_velocity_at_trajectory_end" is set to true. The default behavior will change to false.
1756530607.8596084 [ros2_control_node-1] [INFO] [1756530607.859470146] [controller_manager]: Loading controller 'fault_controller'
1756530607.8598211 [ros2_control_node-1] [DEBUG] [1756530607.859647782] [KortexMultiInterfaceHardware]: No controller active in LOW_LEVEL_SERVOING mode !
1756530607.8600423 [spawner-3] [INFO] [1756530607.859966733] [spawner_left_joint_trajectory_controller]: [94mLoaded [1mleft_joint_trajectory_controller[0m
1756530607.8601584 [ros2_control_node-1] [DEBUG] [1756530607.859980911] [KortexMultiInterfaceHardware]: No controller active in LOW_LEVEL_SERVOING mode !
1756530607.8696110 [ros2_control_node-1] [INFO] [1756530607.869511167] [controller_manager]: Configuring controller 'right_joint_trajectory_controller'
1756530607.8697770 [ros2_control_node-1] [INFO] [1756530607.869633513] [right_joint_trajectory_controller]: No specific joint names are used for command interfaces. Using 'joints' parameter.
1756530607.8698275 [ros2_control_node-1] [INFO] [1756530607.869645046] [right_joint_trajectory_controller]: Command interfaces are [position] and state interfaces are [position velocity].
1756530607.8698540 [ros2_control_node-1] [INFO] [1756530607.869656561] [right_joint_trajectory_controller]: Using 'splines' interpolation method.
1756530607.8701091 [spawner-5] [INFO] [1756530607.869945411] [spawner_fault_controller]: [94mLoaded [1mfault_controller[0m
1756530607.8704066 [ros2_control_node-1] [DEBUG] [1756530607.869991606] [KortexMultiInterfaceHardware]: No controller active in LOW_LEVEL_SERVOING mode !
1756530607.8706074 [ros2_control_node-1] [DEBUG] [1756530607.870482072] [KortexMultiInterfaceHardware]: No controller active in LOW_LEVEL_SERVOING mode !
1756530607.8707564 [ros2_control_node-1] [INFO] [1756530607.870655571] [right_joint_trajectory_controller]: Controller state will be published at 100.00 Hz.
1756530607.8732028 [ros2_control_node-1] [INFO] [1756530607.872971592] [right_joint_trajectory_controller]: Action status changes will be monitored at 20.00 Hz.
1756530607.8800604 [ros2_control_node-1] [INFO] [1756530607.879715754] [controller_manager]: Configuring controller 'joint_state_broadcaster'
1756530607.8802581 [ros2_control_node-1] [INFO] [1756530607.879773278] [joint_state_broadcaster]: 'joints' or 'interfaces' parameter is empty. All available state interfaces will be published
1756530607.8804450 [ros2_control_node-1] [DEBUG] [1756530607.879967834] [KortexMultiInterfaceHardware]: No controller active in LOW_LEVEL_SERVOING mode !
1756530607.8806219 [ros2_control_node-1] [DEBUG] [1756530607.880446903] [KortexMultiInterfaceHardware]: No controller active in LOW_LEVEL_SERVOING mode !
1756530607.8897080 [ros2_control_node-1] [INFO] [1756530607.889559303] [controller_manager]: Configuring controller 'left_joint_trajectory_controller'
1756530607.8898561 [ros2_control_node-1] [INFO] [1756530607.889713281] [left_joint_trajectory_controller]: No specific joint names are used for command interfaces. Using 'joints' parameter.
1756530607.8899012 [ros2_control_node-1] [INFO] [1756530607.889732241] [left_joint_trajectory_controller]: Command interfaces are [position] and state interfaces are [position velocity].
1756530607.8899484 [ros2_control_node-1] [INFO] [1756530607.889745355] [left_joint_trajectory_controller]: Using 'splines' interpolation method.
1756530607.8900928 [ros2_control_node-1] [DEBUG] [1756530607.889946099] [KortexMultiInterfaceHardware]: No controller active in LOW_LEVEL_SERVOING mode !
1756530607.8902118 [ros2_control_node-1] [INFO] [1756530607.890036124] [left_joint_trajectory_controller]: Controller state will be published at 100.00 Hz.
1756530607.8905356 [ros2_control_node-1] [DEBUG] [1756530607.890475879] [KortexMultiInterfaceHardware]: No controller active in LOW_LEVEL_SERVOING mode !
1756530607.8912945 [ros2_control_node-1] [INFO] [1756530607.891136768] [left_joint_trajectory_controller]: Action status changes will be monitored at 20.00 Hz.
1756530607.8995993 [ros2_control_node-1] [INFO] [1756530607.899509869] [controller_manager]: Configuring controller 'fault_controller'
1756530607.8999798 [ros2_control_node-1] [DEBUG] [1756530607.899911477] [KortexMultiInterfaceHardware]: No controller active in LOW_LEVEL_SERVOING mode !
1756530607.9005485 [ros2_control_node-1] [DEBUG] [1756530607.900457146] [KortexMultiInterfaceHardware]: No controller active in LOW_LEVEL_SERVOING mode !
1756530607.9097612 [ros2_control_node-1] [DEBUG] [1756530607.909611101] [KortexMultiInterfaceHardware]: No controller active in LOW_LEVEL_SERVOING mode !
1756530607.9100432 [ros2_control_node-1] [DEBUG] [1756530607.909973949] [KortexMultiInterfaceHardware]: No controller active in LOW_LEVEL_SERVOING mode !
1756530607.9206011 [ros2_control_node-1] [DEBUG] [1756530607.920511255] [KortexMultiInterfaceHardware]: No controller active in LOW_LEVEL_SERVOING mode !
1756530607.9300816 [ros2_control_node-1] [DEBUG] [1756530607.930014088] [KortexMultiInterfaceHardware]: No controller active in LOW_LEVEL_SERVOING mode !
1756530607.9400518 [ros2_control_node-1] [DEBUG] [1756530607.939981702] [KortexMultiInterfaceHardware]: No controller active in LOW_LEVEL_SERVOING mode !
1756530607.9500220 [ros2_control_node-1] [DEBUG] [1756530607.949950957] [KortexMultiInterfaceHardware]: No controller active in LOW_LEVEL_SERVOING mode !
1756530607.9606173 [ros2_control_node-1] [DEBUG] [1756530607.960504021] [KortexMultiInterfaceHardware]: No controller active in LOW_LEVEL_SERVOING mode !
1756530607.9705548 [ros2_control_node-1] [DEBUG] [1756530607.970445151] [KortexMultiInterfaceHardware]: No controller active in LOW_LEVEL_SERVOING mode !
1756530607.9803069 [ros2_control_node-1] [DEBUG] [1756530607.980200060] [KortexMultiInterfaceHardware]: No controller active in LOW_LEVEL_SERVOING mode !
1756530607.9905236 [ros2_control_node-1] [DEBUG] [1756530607.990408044] [KortexMultiInterfaceHardware]: No controller active in LOW_LEVEL_SERVOING mode !
1756530608.0004818 [ros2_control_node-1] [DEBUG] [1756530608.000433103] [KortexMultiInterfaceHardware]: No controller active in LOW_LEVEL_SERVOING mode !
1756530608.0099835 [ros2_control_node-1] [DEBUG] [1756530608.009926467] [KortexMultiInterfaceHardware]: No controller active in LOW_LEVEL_SERVOING mode !
1756530608.0200040 [ros2_control_node-1] [DEBUG] [1756530608.019947533] [KortexMultiInterfaceHardware]: No controller active in LOW_LEVEL_SERVOING mode !
1756530608.0300262 [ros2_control_node-1] [DEBUG] [1756530608.029973833] [KortexMultiInterfaceHardware]: No controller active in LOW_LEVEL_SERVOING mode !
1756530608.0400689 [ros2_control_node-1] [DEBUG] [1756530608.040020745] [KortexMultiInterfaceHardware]: No controller active in LOW_LEVEL_SERVOING mode !
1756530608.0506136 [ros2_control_node-1] [DEBUG] [1756530608.050532531] [KortexMultiInterfaceHardware]: No controller active in LOW_LEVEL_SERVOING mode !
1756530608.0605307 [ros2_control_node-1] [DEBUG] [1756530608.060485943] [KortexMultiInterfaceHardware]: No controller active in LOW_LEVEL_SERVOING mode !
1756530608.0706558 [ros2_control_node-1] [DEBUG] [1756530608.070507694] [KortexMultiInterfaceHardware]: No controller active in LOW_LEVEL_SERVOING mode !
1756530608.0806005 [ros2_control_node-1] [DEBUG] [1756530608.080513199] [KortexMultiInterfaceHardware]: No controller active in LOW_LEVEL_SERVOING mode !
1756530608.0904660 [ros2_control_node-1] [DEBUG] [1756530608.090402354] [KortexMultiInterfaceHardware]: No controller active in LOW_LEVEL_SERVOING mode !
1756530608.1000822 [ros2_control_node-1] [DEBUG] [1756530608.100029854] [KortexMultiInterfaceHardware]: No controller active in LOW_LEVEL_SERVOING mode !
1756530608.3253398 [ros2_control_node-1] [DEBUG] [1756530608.325166641] [KortexMultiInterfaceHardware]: No controller active in LOW_LEVEL_SERVOING mode !
1756530608.3300593 [ros2_control_node-1] [DEBUG] [1756530608.329950052] [KortexMultiInterfaceHardware]: No controller active in LOW_LEVEL_SERVOING mode !
1756530608.3302274 [spawner-4] [INFO] [1756530608.330176456] [spawner_right_joint_trajectory_controller]: [92mConfigured and activated [1mright_joint_trajectory_controller[0m
1756530608.3402214 [ros2_control_node-1] [DEBUG] [1756530608.340027182] [KortexMultiInterfaceHardware]: No controller active in LOW_LEVEL_SERVOING mode !
1756530608.3501830 [spawner-2] [INFO] [1756530608.349942026] [spawner_joint_state_broadcaster]: [92mConfigured and activated [1mjoint_state_broadcaster[0m
1756530608.3505185 [ros2_control_node-1] [DEBUG] [1756530608.349967332] [KortexMultiInterfaceHardware]: No controller active in LOW_LEVEL_SERVOING mode !
1756530608.4537685 [INFO] [spawner-4]: process has finished cleanly [pid 40138]
1756530608.4723928 [INFO] [spawner-2]: process has finished cleanly [pid 40134]
1756530608.7917616 [spawner-3] [INFO] [1756530608.791500603] [spawner_left_joint_trajectory_controller]: [92mConfigured and activated [1mleft_joint_trajectory_controller[0m
1756530608.9149792 [INFO] [spawner-3]: process has finished cleanly [pid 40136]
1756530609.3332837 [spawner-5] [INFO] [1756530609.332926995] [spawner_fault_controller]: [92mConfigured and activated [1mfault_controller[0m
1756530609.4582090 [INFO] [spawner-5]: process has finished cleanly [pid 40140]
1756530624.4404736 [ros2_control_node-1] [INFO] [1756530624.440237596] [left_joint_trajectory_controller]: Received new action goal
1756530624.4405940 [ros2_control_node-1] [INFO] [1756530624.440274770] [left_joint_trajectory_controller]: Accepted new action goal
1756530624.4407971 [ros2_control_node-1] [INFO] [1756530624.440608829] [right_joint_trajectory_controller]: Received new action goal
1756530624.4408460 [ros2_control_node-1] [INFO] [1756530624.440619180] [right_joint_trajectory_controller]: Accepted new action goal
1756530629.2195766 [ros2_control_node-1] [INFO] [1756530629.219376775] [right_joint_trajectory_controller]: Goal reached, success!
1756530629.2197030 [ros2_control_node-1] [INFO] [1756530629.219441971] [left_joint_trajectory_controller]: Goal reached, success!
1756530655.0202255 [ros2_control_node-1] [INFO] [1756530655.020031550] [left_joint_trajectory_controller]: Received new action goal
1756530655.0203381 [ros2_control_node-1] [INFO] [1756530655.020067081] [left_joint_trajectory_controller]: Accepted new action goal
1756530655.0205543 [ros2_control_node-1] [INFO] [1756530655.020463381] [right_joint_trajectory_controller]: Received new action goal
1756530655.0206947 [ros2_control_node-1] [INFO] [1756530655.020493699] [right_joint_trajectory_controller]: Accepted new action goal
1756530660.7095182 [ros2_control_node-1] [INFO] [1756530660.709342654] [right_joint_trajectory_controller]: Goal reached, success!
1756530660.7096312 [ros2_control_node-1] [INFO] [1756530660.709390698] [left_joint_trajectory_controller]: Goal reached, success!
