1756484619.3467751 [INFO] [launch]: All log files can be found below /home/rpp/rpp_logs/2025-08-30-00-23-39-346203-rpp-Default-string-12423
1756484619.3468506 [INFO] [launch]: Default logging verbosity is set to INFO
1756484619.3759513 [INFO] [iat_publish-1]: process started with pid [12424]
1756484619.3760498 [INFO] [tts_subscribe-2]: process started with pid [12426]
1756484619.3760958 [INFO] [voice_control-3]: process started with pid [12428]
1756484619.3761282 [INFO] [voice_dialog-4]: process started with pid [12430]
1756484619.3970013 [iat_publish-1] [INFO] [1756484619.396693929] [iat_node]: MSPLogin success.
1756484619.6225054 [voice_dialog-4] [INFO] [1756484619.622271066] [voice_dialog_node]: 语音对话节点已启动
1756484619.6653206 [voice_control-3] [WARN] [1756484619.665123009] [voice_control_node]: 尚未获取 base_angle，无法转向
1756484619.6716518 [voice_control-3] [INFO] [1756484619.671534819] [voice_control_node]: 已加载 JSON 文件: /home/rpp//rpp_data/config/voice/voice_pose.json
1756484619.6718431 [voice_control-3] [INFO] [1756484619.671709745] [voice_control_node]: 等待 TF [mic_link -> base_link] 可用...
1756484619.6757503 [voice_control-3] [INFO] [1756484619.675672110] [voice_control_node]: TF 尚未可用，继续等待...
1756484620.1770201 [voice_control-3] [INFO] [1756484620.176847467] [voice_control_node]: TF 尚未可用，继续等待...
1756484620.6796565 [voice_control-3] [INFO] [1756484620.679508648] [voice_control_node]: TF 尚未可用，继续等待...
1756484621.1810153 [voice_control-3] [INFO] [1756484621.180857446] [voice_control_node]: TF 尚未可用，继续等待...
1756484621.6821489 [voice_control-3] [INFO] [1756484621.681981764] [voice_control_node]: TF 尚未可用，继续等待...
1756484622.1831768 [voice_control-3] [INFO] [1756484622.183000141] [voice_control_node]: TF 尚未可用，继续等待...
1756484622.6841726 [voice_control-3] [INFO] [1756484622.683946155] [voice_control_node]: TF 尚未可用，继续等待...
1756484623.1848836 [voice_control-3] [INFO] [1756484623.184657287] [voice_control_node]: TTS 成功播报：成功加载 2 个点位
1756484623.1850786 [voice_control-3] [INFO] [1756484623.184877399] [voice_control_node]: TF 尚未可用，继续等待...
1756484623.6858776 [voice_control-3] [INFO] [1756484623.685687217] [voice_control_node]: TF 尚未可用，继续等待...
1756484624.1870341 [voice_control-3] [INFO] [1756484624.186810835] [voice_control_node]: TF 尚未可用，继续等待...
1756484624.6878514 [voice_control-3] [INFO] [1756484624.687716987] [voice_control_node]: TF 尚未可用，继续等待...
1756484625.1890280 [voice_control-3] [INFO] [1756484625.188884187] [voice_control_node]: TF 尚未可用，继续等待...
1756484625.6901300 [voice_control-3] [INFO] [1756484625.689986791] [voice_control_node]: TF 尚未可用，继续等待...
1756484626.1910925 [voice_control-3] [INFO] [1756484626.190946853] [voice_control_node]: TF 尚未可用，继续等待...
1756484626.6922565 [voice_control-3] [INFO] [1756484626.692083488] [voice_control_node]: TF 尚未可用，继续等待...
1756484627.1931715 [voice_control-3] [INFO] [1756484627.193001253] [voice_control_node]: TF 尚未可用，继续等待...
1756484627.6941233 [voice_control-3] [INFO] [1756484627.693943260] [voice_control_node]: TF 尚未可用，继续等待...
1756484628.1951640 [voice_control-3] [INFO] [1756484628.194939361] [voice_control_node]: TF 尚未可用，继续等待...
1756484628.6963792 [voice_control-3] [INFO] [1756484628.696140617] [voice_control_node]: TF 尚未可用，继续等待...
1756484629.1972330 [voice_control-3] [INFO] [1756484629.197096214] [voice_control_node]: TF 尚未可用，继续等待...
1756484629.6981251 [voice_control-3] [INFO] [1756484629.697957575] [voice_control_node]: TF 尚未可用，继续等待...
1756484630.1991565 [voice_control-3] [INFO] [1756484630.198945514] [voice_control_node]: TF 尚未可用，继续等待...
1756484630.7000966 [voice_control-3] [INFO] [1756484630.699944342] [voice_control_node]: TF 尚未可用，继续等待...
1756484631.2013128 [voice_control-3] [INFO] [1756484631.201079990] [voice_control_node]: TF 尚未可用，继续等待...
1756484631.7023427 [voice_control-3] [INFO] [1756484631.702205421] [voice_control_node]: TF 尚未可用，继续等待...
1756484632.2035356 [voice_control-3] [INFO] [1756484632.203349925] [voice_control_node]: TF 尚未可用，继续等待...
1756484632.7047276 [voice_control-3] [INFO] [1756484632.704498024] [voice_control_node]: TF 尚未可用，继续等待...
1756484633.2057452 [voice_control-3] [INFO] [1756484633.205603958] [voice_control_node]: TF 尚未可用，继续等待...
1756484633.7069051 [voice_control-3] [INFO] [1756484633.706760917] [voice_control_node]: TF 尚未可用，继续等待...
1756484634.2080047 [voice_control-3] [INFO] [1756484634.207833490] [voice_control_node]: TF 尚未可用，继续等待...
1756484634.7092555 [voice_control-3] [INFO] [1756484634.709106675] [voice_control_node]: TF 尚未可用，继续等待...
1756484635.2104607 [voice_control-3] [INFO] [1756484635.210314292] [voice_control_node]: TF 尚未可用，继续等待...
1756484635.7111232 [voice_control-3] [INFO] [1756484635.710938343] [voice_control_node]: TF 尚未可用，继续等待...
1756484636.2122772 [voice_control-3] [INFO] [1756484636.212126006] [voice_control_node]: TF 尚未可用，继续等待...
1756484636.7135365 [voice_control-3] [INFO] [1756484636.713390218] [voice_control_node]: TF 尚未可用，继续等待...
1756484637.2146738 [voice_control-3] [INFO] [1756484637.214531204] [voice_control_node]: TF 尚未可用，继续等待...
1756484637.7158489 [voice_control-3] [INFO] [1756484637.715697208] [voice_control_node]: TF 尚未可用，继续等待...
1756484638.2170293 [voice_control-3] [INFO] [1756484638.216871431] [voice_control_node]: TF 尚未可用，继续等待...
1756484638.7182052 [voice_control-3] [INFO] [1756484638.717990770] [voice_control_node]: TF 尚未可用，继续等待...
1756484639.2191629 [voice_control-3] [INFO] [1756484639.218928071] [voice_control_node]: TF 尚未可用，继续等待...
1756484639.7203784 [voice_control-3] [INFO] [1756484639.720221441] [voice_control_node]: TF 尚未可用，继续等待...
1756484640.2217257 [voice_control-3] [INFO] [1756484640.221533590] [voice_control_node]: TF 尚未可用，继续等待...
1756484640.7230217 [voice_control-3] [INFO] [1756484640.722858115] [voice_control_node]: TF 尚未可用，继续等待...
1756484641.2243159 [voice_control-3] [INFO] [1756484641.224123900] [voice_control_node]: TF 尚未可用，继续等待...
1756484641.7251222 [voice_control-3] [INFO] [1756484641.724972339] [voice_control_node]: TF 尚未可用，继续等待...
1756484642.2262428 [voice_control-3] [INFO] [1756484642.226090006] [voice_control_node]: TF 尚未可用，继续等待...
1756484642.7271774 [voice_control-3] [INFO] [1756484642.726939207] [voice_control_node]: TF 尚未可用，继续等待...
1756484643.2284043 [voice_control-3] [INFO] [1756484643.228201664] [voice_control_node]: TF 尚未可用，继续等待...
1756484643.7295461 [voice_control-3] [INFO] [1756484643.729374699] [voice_control_node]: TF 尚未可用，继续等待...
1756484644.2306619 [voice_control-3] [INFO] [1756484644.230515576] [voice_control_node]: TF 尚未可用，继续等待...
1756484644.7317526 [voice_control-3] [INFO] [1756484644.731613457] [voice_control_node]: TF 尚未可用，继续等待...
1756484645.2328038 [voice_control-3] [INFO] [1756484645.232620355] [voice_control_node]: TF 尚未可用，继续等待...
1756484645.7340183 [voice_control-3] [INFO] [1756484645.733829158] [voice_control_node]: TF 尚未可用，继续等待...
1756484646.2351091 [voice_control-3] [INFO] [1756484646.234931629] [voice_control_node]: TF 尚未可用，继续等待...
1756484646.7360742 [voice_control-3] [INFO] [1756484646.735935096] [voice_control_node]: TF 尚未可用，继续等待...
1756484647.2372408 [voice_control-3] [INFO] [1756484647.237054690] [voice_control_node]: TF 尚未可用，继续等待...
1756484647.7383797 [voice_control-3] [INFO] [1756484647.738033930] [voice_control_node]: TF 尚未可用，继续等待...
1756484648.2391391 [voice_control-3] [INFO] [1756484648.238958574] [voice_control_node]: TF 尚未可用，继续等待...
1756484648.7402053 [voice_control-3] [INFO] [1756484648.740037307] [voice_control_node]: TF 尚未可用，继续等待...
1756484649.2421443 [voice_control-3] [INFO] [1756484649.241973800] [voice_control_node]: TF 获取成功 
1756484660.9835441 [WARNING] [launch]: user interrupted with ctrl-c (SIGINT)
1756484660.9847877 [iat_publish-1] [INFO] [1756484660.983380266] [rclcpp]: signal_handler(signum=2)
1756484660.9849467 [tts_subscribe-2] [INFO] [1756484660.983504200] [rclcpp]: signal_handler(signum=2)
1756484660.9850950 [voice_control-3] Traceback (most recent call last):
1756484660.9851327 [voice_control-3]   File "/home/rpp/rpp_ws/install/xf_voice/lib/xf_voice/voice_control", line 572, in <module>
1756484660.9851604 [voice_control-3]     main()
1756484660.9851904 [voice_control-3]   File "/home/rpp/rpp_ws/install/xf_voice/lib/xf_voice/voice_control", line 566, in main
1756484660.9852145 [voice_control-3]     rclpy.spin(node)
1756484660.9852381 [voice_control-3]   File "/opt/ros/humble/local/lib/python3.10/dist-packages/rclpy/__init__.py", line 226, in spin
1756484660.9852602 [voice_control-3]     executor.spin_once()
1756484660.9852824 [voice_control-3]   File "/opt/ros/humble/local/lib/python3.10/dist-packages/rclpy/executors.py", line 739, in spin_once
1756484660.9853058 [voice_control-3]     self._spin_once_impl(timeout_sec)
1756484660.9853296 [voice_control-3]   File "/opt/ros/humble/local/lib/python3.10/dist-packages/rclpy/executors.py", line 728, in _spin_once_impl
1756484660.9853530 [voice_control-3]     handler, entity, node = self.wait_for_ready_callbacks(timeout_sec=timeout_sec)
1756484660.9853814 [voice_control-3]   File "/opt/ros/humble/local/lib/python3.10/dist-packages/rclpy/executors.py", line 711, in wait_for_ready_callbacks
1756484660.9854748 [voice_control-3]     return next(self._cb_iter)
1756484660.9855320 [voice_control-3]   File "/opt/ros/humble/local/lib/python3.10/dist-packages/rclpy/executors.py", line 608, in _wait_for_ready_callbacks
1756484660.9855659 [voice_control-3]     wait_set.wait(timeout_nsec)
1756484660.9856675 [voice_control-3] KeyboardInterrupt
1756484660.9858179 [voice_dialog-4] Traceback (most recent call last):
1756484660.9858727 [voice_dialog-4]   File "/home/rpp/rpp_ws/install/xf_voice/lib/xf_voice/voice_dialog", line 138, in <module>
1756484660.9858999 [voice_dialog-4]     main()
1756484660.9859271 [voice_dialog-4]   File "/home/rpp/rpp_ws/install/xf_voice/lib/xf_voice/voice_dialog", line 133, in main
1756484660.9859567 [voice_dialog-4]     rclpy.spin(node)
1756484660.9859838 [voice_dialog-4]   File "/opt/ros/humble/local/lib/python3.10/dist-packages/rclpy/__init__.py", line 226, in spin
1756484660.9860103 [voice_dialog-4]     executor.spin_once()
1756484660.9860332 [voice_dialog-4]   File "/opt/ros/humble/local/lib/python3.10/dist-packages/rclpy/executors.py", line 739, in spin_once
1756484660.9860566 [voice_dialog-4]     self._spin_once_impl(timeout_sec)
1756484660.9860809 [voice_dialog-4]   File "/opt/ros/humble/local/lib/python3.10/dist-packages/rclpy/executors.py", line 728, in _spin_once_impl
1756484660.9861078 [voice_dialog-4]     handler, entity, node = self.wait_for_ready_callbacks(timeout_sec=timeout_sec)
1756484660.9861290 [voice_dialog-4]   File "/opt/ros/humble/local/lib/python3.10/dist-packages/rclpy/executors.py", line 711, in wait_for_ready_callbacks
1756484660.9861491 [voice_dialog-4]     return next(self._cb_iter)
1756484660.9861698 [voice_dialog-4]   File "/opt/ros/humble/local/lib/python3.10/dist-packages/rclpy/executors.py", line 608, in _wait_for_ready_callbacks
1756484660.9861903 [voice_dialog-4]     wait_set.wait(timeout_nsec)
1756484660.9862199 [voice_dialog-4] KeyboardInterrupt
1756484661.0087783 [ERROR] [voice_dialog-4]: process has died [pid 12430, exit code -2, cmd '/home/rpp/rpp_ws/install/xf_voice/lib/xf_voice/voice_dialog --ros-args -r __node:=voice_dialog_node --params-file /tmp/launch_params_cisadsbi --params-file /tmp/launch_params_kjyfic35 --params-file /tmp/launch_params_vjr8kxtt'].
1756484661.0114341 [ERROR] [voice_control-3]: process has died [pid 12428, exit code -2, cmd '/home/rpp/rpp_ws/install/xf_voice/lib/xf_voice/voice_control --ros-args -r __node:=voice_control_node'].
1756484661.0890725 [INFO] [tts_subscribe-2]: process has finished cleanly [pid 12426]
1756484661.0901735 [INFO] [iat_publish-1]: process has finished cleanly [pid 12424]
