1756014833.0693119 [INFO] [launch]: All log files can be found below /home/rpp/rpp_logs/2025-08-24-13-53-53-068832-rpp-Default-string-3734
1756014833.0694015 [INFO] [launch]: Default logging verbosity is set to INFO
1756014833.1001091 [INFO] [ros2_control_node-1]: process started with pid [3735]
1756014833.1002078 [INFO] [spawner-2]: process started with pid [3737]
1756014833.1002557 [INFO] [spawner-3]: process started with pid [3739]
1756014833.1002922 [INFO] [spawner-4]: process started with pid [3741]
1756014833.1003253 [INFO] [spawner-5]: process started with pid [3743]
1756014833.1430240 [ros2_control_node-1] [INFO] [1756014833.142814931] [controller_manager]: Subscribing to '~/robot_description' topic for robot description file.
1756014833.1436105 [ros2_control_node-1] [INFO] [1756014833.143495893] [controller_manager]: update rate is 100 Hz
1756014833.1436961 [ros2_control_node-1] [INFO] [1756014833.143510209] [controller_manager]: Spawning controller_manager RT thread with scheduler priority: 50
1756014833.1438458 [ros2_control_node-1] [WARN] [1756014833.143619312] [controller_manager]: No real-time kernel detected on this system. See [https://control.ros.org/master/doc/ros2_control/controller_manager/doc/userdoc.html] for details on how to enable realtime scheduling.
1756014833.1540165 [ros2_control_node-1] [INFO] [1756014833.153877670] [controller_manager]: Received robot description file.
1756014833.1543903 [ros2_control_node-1] text not specified in the gripper_joint_name tag
1756014833.1545269 [ros2_control_node-1] text not specified in the gripper_joint_name tag
1756014833.1545658 [ros2_control_node-1] [INFO] [1756014833.154436675] [resource_manager]: Loading hardware 'left_KortexMultiInterfaceHardware' 
1756014833.1802847 [ros2_control_node-1] [INFO] [1756014833.180079181] [KortexMultiInterfaceHardware]: Setting severity threshold to DEBUG
1756014833.1803780 [ros2_control_node-1] [INFO] [1756014833.180114098] [resource_manager]: Initialize hardware 'left_KortexMultiInterfaceHardware' 
1756014833.1804078 [ros2_control_node-1] [INFO] [1756014833.180119970] [KortexMultiInterfaceHardware]: Configuring Hardware Interface
1756014833.1805577 [ros2_control_node-1] [INFO] [1756014833.180273693] [KortexMultiInterfaceHardware]: Robot ip is '192.168.11.60'
1756014833.1805940 [ros2_control_node-1] [INFO] [1756014833.180276760] [KortexMultiInterfaceHardware]: Username is 'admin'
1756014833.1806161 [ros2_control_node-1] [INFO] [1756014833.180282032] [KortexMultiInterfaceHardware]: Port used '10000'
1756014833.1806357 [ros2_control_node-1] [INFO] [1756014833.180284230] [KortexMultiInterfaceHardware]: Realtime port used '10001'
1756014833.1806548 [ros2_control_node-1] [INFO] [1756014833.180286045] [KortexMultiInterfaceHardware]: Session inactivity timeout is '60000'
1756014833.1806774 [ros2_control_node-1] [INFO] [1756014833.180288045] [KortexMultiInterfaceHardware]: Connection inactivity timeout is '2000'
1756014833.1806953 [ros2_control_node-1] [ERROR] [1756014833.180289968] [KortexMultiInterfaceHardware]: Gripper joint name is empty!
1756014833.1807132 [ros2_control_node-1] [INFO] [1756014833.180300760] [KortexMultiInterfaceHardware]: Connecting to robot at 192.168.11.60
1756014833.3893456 [spawner-2] [INFO] [1756014833.389160273] [spawner_joint_state_broadcaster]: waiting for service /controller_manager/list_controllers to become available...
1756014833.3895650 [spawner-3] [INFO] [1756014833.389163189] [spawner_left_joint_trajectory_controller]: waiting for service /controller_manager/list_controllers to become available...
1756014833.3896711 [spawner-4] [INFO] [1756014833.389173876] [spawner_right_joint_trajectory_controller]: waiting for service /controller_manager/list_controllers to become available...
1756014833.3953819 [spawner-5] [INFO] [1756014833.395260403] [spawner_fault_controller]: waiting for service /controller_manager/list_controllers to become available...
1756014836.2831683 [ros2_control_node-1] [INFO] [1756014836.282875287] [KortexMultiInterfaceHardware]: Creating session for communication
1756014836.2836342 [ros2_control_node-1] [ERROR] [1756014836.283128967] [controller_manager]: The published robot description file (urdf) seems not to be genuine. The following error was caught:not connected !!!
1756014843.4020054 [spawner-3] [WARN] [1756014843.401697074] [spawner_left_joint_trajectory_controller]: Could not contact service /controller_manager/list_controllers
1756014843.4024565 [spawner-3] [INFO] [1756014843.402201681] [spawner_left_joint_trajectory_controller]: waiting for service /controller_manager/list_controllers to become available...
1756014843.4027431 [spawner-4] [WARN] [1756014843.402338836] [spawner_right_joint_trajectory_controller]: Could not contact service /controller_manager/list_controllers
1756014843.4030321 [spawner-2] [WARN] [1756014843.402721527] [spawner_joint_state_broadcaster]: Could not contact service /controller_manager/list_controllers
1756014843.4032269 [spawner-4] [INFO] [1756014843.402780100] [spawner_right_joint_trajectory_controller]: waiting for service /controller_manager/list_controllers to become available...
1756014843.4035261 [spawner-2] [INFO] [1756014843.403194465] [spawner_joint_state_broadcaster]: waiting for service /controller_manager/list_controllers to become available...
1756014843.4085481 [spawner-5] [WARN] [1756014843.408372446] [spawner_fault_controller]: Could not contact service /controller_manager/list_controllers
1756014843.4089983 [spawner-5] [INFO] [1756014843.408889690] [spawner_fault_controller]: waiting for service /controller_manager/list_controllers to become available...
1756014853.4148300 [spawner-3] [WARN] [1756014853.414419220] [spawner_left_joint_trajectory_controller]: Could not contact service /controller_manager/list_controllers
1756014853.4152822 [spawner-3] [INFO] [1756014853.414888662] [spawner_left_joint_trajectory_controller]: waiting for service /controller_manager/list_controllers to become available...
1756014853.4163663 [spawner-4] [WARN] [1756014853.416064941] [spawner_right_joint_trajectory_controller]: Could not contact service /controller_manager/list_controllers
1756014853.4167862 [spawner-4] [INFO] [1756014853.416529491] [spawner_right_joint_trajectory_controller]: waiting for service /controller_manager/list_controllers to become available...
1756014853.4170256 [spawner-2] [WARN] [1756014853.416528591] [spawner_joint_state_broadcaster]: Could not contact service /controller_manager/list_controllers
1756014853.4172583 [spawner-2] [INFO] [1756014853.417065285] [spawner_joint_state_broadcaster]: waiting for service /controller_manager/list_controllers to become available...
1756014853.4216869 [spawner-5] [WARN] [1756014853.421370043] [spawner_fault_controller]: Could not contact service /controller_manager/list_controllers
1756014853.4220653 [spawner-5] [INFO] [1756014853.421849707] [spawner_fault_controller]: waiting for service /controller_manager/list_controllers to become available...
1756014863.4279573 [spawner-3] [WARN] [1756014863.427641964] [spawner_left_joint_trajectory_controller]: Could not contact service /controller_manager/list_controllers
1756014863.4284241 [spawner-3] [INFO] [1756014863.428127061] [spawner_left_joint_trajectory_controller]: waiting for service /controller_manager/list_controllers to become available...
1756014863.4296446 [spawner-4] [WARN] [1756014863.429494039] [spawner_right_joint_trajectory_controller]: Could not contact service /controller_manager/list_controllers
1756014863.4302540 [spawner-4] [INFO] [1756014863.430119139] [spawner_right_joint_trajectory_controller]: waiting for service /controller_manager/list_controllers to become available...
1756014863.4309134 [spawner-2] [WARN] [1756014863.430758594] [spawner_joint_state_broadcaster]: Could not contact service /controller_manager/list_controllers
1756014863.4313548 [spawner-2] [INFO] [1756014863.431248920] [spawner_joint_state_broadcaster]: waiting for service /controller_manager/list_controllers to become available...
1756014863.4334490 [spawner-5] [WARN] [1756014863.433325243] [spawner_fault_controller]: Could not contact service /controller_manager/list_controllers
1756014863.4338949 [spawner-5] [INFO] [1756014863.433798981] [spawner_fault_controller]: waiting for service /controller_manager/list_controllers to become available...
1756014873.4423106 [spawner-3] [WARN] [1756014873.442011346] [spawner_left_joint_trajectory_controller]: Could not contact service /controller_manager/list_controllers
1756014873.4427826 [spawner-3] [INFO] [1756014873.442463074] [spawner_left_joint_trajectory_controller]: waiting for service /controller_manager/list_controllers to become available...
1756014873.4437511 [spawner-4] [WARN] [1756014873.443588176] [spawner_right_joint_trajectory_controller]: Could not contact service /controller_manager/list_controllers
1756014873.4442351 [spawner-4] [INFO] [1756014873.444127353] [spawner_right_joint_trajectory_controller]: waiting for service /controller_manager/list_controllers to become available...
1756014873.4448664 [spawner-2] [WARN] [1756014873.444735096] [spawner_joint_state_broadcaster]: Could not contact service /controller_manager/list_controllers
1756014873.4453046 [spawner-2] [INFO] [1756014873.445193573] [spawner_joint_state_broadcaster]: waiting for service /controller_manager/list_controllers to become available...
1756014873.4468753 [spawner-5] [WARN] [1756014873.446771882] [spawner_fault_controller]: Could not contact service /controller_manager/list_controllers
1756014873.4473391 [spawner-5] [INFO] [1756014873.447252251] [spawner_fault_controller]: waiting for service /controller_manager/list_controllers to become available...
1756014883.4576631 [spawner-4] [WARN] [1756014883.457370221] [spawner_right_joint_trajectory_controller]: Could not contact service /controller_manager/list_controllers
1756014883.4581513 [spawner-4] [INFO] [1756014883.457857262] [spawner_right_joint_trajectory_controller]: waiting for service /controller_manager/list_controllers to become available...
1756014883.4591479 [spawner-2] [WARN] [1756014883.458969153] [spawner_joint_state_broadcaster]: Could not contact service /controller_manager/list_controllers
1756014883.4596877 [spawner-2] [INFO] [1756014883.459552827] [spawner_joint_state_broadcaster]: waiting for service /controller_manager/list_controllers to become available...
1756014883.4600916 [spawner-5] [WARN] [1756014883.459985648] [spawner_fault_controller]: Could not contact service /controller_manager/list_controllers
1756014883.4605374 [spawner-5] [INFO] [1756014883.460456308] [spawner_fault_controller]: waiting for service /controller_manager/list_controllers to become available...
1756014883.4608004 [spawner-3] [WARN] [1756014883.460639829] [spawner_left_joint_trajectory_controller]: Could not contact service /controller_manager/list_controllers
1756014883.4617441 [spawner-3] [INFO] [1756014883.461350164] [spawner_left_joint_trajectory_controller]: waiting for service /controller_manager/list_controllers to become available...
1756014893.4709728 [spawner-4] [WARN] [1756014893.470632577] [spawner_right_joint_trajectory_controller]: Could not contact service /controller_manager/list_controllers
1756014893.4715321 [spawner-4] [INFO] [1756014893.471091322] [spawner_right_joint_trajectory_controller]: waiting for service /controller_manager/list_controllers to become available...
1756014893.4728761 [spawner-2] [WARN] [1756014893.472658591] [spawner_joint_state_broadcaster]: Could not contact service /controller_manager/list_controllers
1756014893.4734678 [spawner-2] [INFO] [1756014893.473320509] [spawner_joint_state_broadcaster]: waiting for service /controller_manager/list_controllers to become available...
1756014893.4737899 [spawner-5] [WARN] [1756014893.473656958] [spawner_fault_controller]: Could not contact service /controller_manager/list_controllers
1756014893.4742329 [spawner-5] [INFO] [1756014893.474131073] [spawner_fault_controller]: waiting for service /controller_manager/list_controllers to become available...
1756014893.4746151 [spawner-3] [WARN] [1756014893.474482860] [spawner_left_joint_trajectory_controller]: Could not contact service /controller_manager/list_controllers
1756014893.4754560 [spawner-3] [INFO] [1756014893.475227624] [spawner_left_joint_trajectory_controller]: waiting for service /controller_manager/list_controllers to become available...
1756014903.4841051 [spawner-4] [WARN] [1756014903.483770215] [spawner_right_joint_trajectory_controller]: Could not contact service /controller_manager/list_controllers
1756014903.4846301 [spawner-4] [INFO] [1756014903.484248530] [spawner_right_joint_trajectory_controller]: waiting for service /controller_manager/list_controllers to become available...
1756014903.4864645 [spawner-2] [WARN] [1756014903.486222254] [spawner_joint_state_broadcaster]: Could not contact service /controller_manager/list_controllers
1756014903.4868975 [spawner-2] [INFO] [1756014903.486753050] [spawner_joint_state_broadcaster]: waiting for service /controller_manager/list_controllers to become available...
1756014903.4872105 [spawner-5] [WARN] [1756014903.487082417] [spawner_fault_controller]: Could not contact service /controller_manager/list_controllers
1756014903.4875138 [spawner-3] [WARN] [1756014903.487269458] [spawner_left_joint_trajectory_controller]: Could not contact service /controller_manager/list_controllers
1756014903.4877996 [spawner-5] [INFO] [1756014903.487540764] [spawner_fault_controller]: waiting for service /controller_manager/list_controllers to become available...
1756014903.4880517 [spawner-3] [INFO] [1756014903.487833985] [spawner_left_joint_trajectory_controller]: waiting for service /controller_manager/list_controllers to become available...
1756014913.4971895 [spawner-4] [WARN] [1756014913.496846618] [spawner_right_joint_trajectory_controller]: Could not contact service /controller_manager/list_controllers
1756014913.4977376 [spawner-4] [INFO] [1756014913.497384262] [spawner_right_joint_trajectory_controller]: waiting for service /controller_manager/list_controllers to become available...
1756014913.4992702 [spawner-2] [WARN] [1756014913.499062718] [spawner_joint_state_broadcaster]: Could not contact service /controller_manager/list_controllers
1756014913.4999504 [spawner-2] [INFO] [1756014913.499678643] [spawner_joint_state_broadcaster]: waiting for service /controller_manager/list_controllers to become available...
1756014913.5008316 [spawner-5] [WARN] [1756014913.500596862] [spawner_fault_controller]: Could not contact service /controller_manager/list_controllers
1756014913.5012090 [spawner-3] [WARN] [1756014913.500645896] [spawner_left_joint_trajectory_controller]: Could not contact service /controller_manager/list_controllers
1756014913.5015492 [spawner-5] [INFO] [1756014913.501208313] [spawner_fault_controller]: waiting for service /controller_manager/list_controllers to become available...
1756014913.5017960 [spawner-3] [INFO] [1756014913.501239425] [spawner_left_joint_trajectory_controller]: waiting for service /controller_manager/list_controllers to become available...
1756014923.5126507 [spawner-2] [WARN] [1756014923.512324180] [spawner_joint_state_broadcaster]: Could not contact service /controller_manager/list_controllers
1756014923.5131478 [spawner-2] [INFO] [1756014923.512809878] [spawner_joint_state_broadcaster]: waiting for service /controller_manager/list_controllers to become available...
1756014923.5135210 [spawner-3] [WARN] [1756014923.513364876] [spawner_left_joint_trajectory_controller]: Could not contact service /controller_manager/list_controllers
1756014923.5139647 [spawner-3] [INFO] [1756014923.513850967] [spawner_left_joint_trajectory_controller]: waiting for service /controller_manager/list_controllers to become available...
1756014923.5142715 [spawner-5] [WARN] [1756014923.514071105] [spawner_fault_controller]: Could not contact service /controller_manager/list_controllers
1756014923.5144925 [spawner-4] [WARN] [1756014923.514066726] [spawner_right_joint_trajectory_controller]: Could not contact service /controller_manager/list_controllers
1756014923.5152733 [spawner-4] [INFO] [1756014923.514874762] [spawner_right_joint_trajectory_controller]: waiting for service /controller_manager/list_controllers to become available...
1756014923.5157602 [spawner-5] [INFO] [1756014923.514884972] [spawner_fault_controller]: waiting for service /controller_manager/list_controllers to become available...
1756014933.5253332 [spawner-2] [WARN] [1756014933.524998482] [spawner_joint_state_broadcaster]: Could not contact service /controller_manager/list_controllers
1756014933.5258391 [spawner-2] [INFO] [1756014933.525495441] [spawner_joint_state_broadcaster]: waiting for service /controller_manager/list_controllers to become available...
1756014933.5264375 [spawner-3] [WARN] [1756014933.526296764] [spawner_left_joint_trajectory_controller]: Could not contact service /controller_manager/list_controllers
1756014933.5268619 [spawner-3] [INFO] [1756014933.526748035] [spawner_left_joint_trajectory_controller]: waiting for service /controller_manager/list_controllers to become available...
1756014933.5282633 [spawner-4] [WARN] [1756014933.527967664] [spawner_right_joint_trajectory_controller]: Could not contact service /controller_manager/list_controllers
1756014933.5287611 [spawner-4] [INFO] [1756014933.528474430] [spawner_right_joint_trajectory_controller]: waiting for service /controller_manager/list_controllers to become available...
1756014933.5290327 [spawner-5] [WARN] [1756014933.528500601] [spawner_fault_controller]: Could not contact service /controller_manager/list_controllers
1756014933.5292850 [spawner-5] [INFO] [1756014933.529051475] [spawner_fault_controller]: waiting for service /controller_manager/list_controllers to become available...
1756014943.5382667 [spawner-2] [WARN] [1756014943.537941216] [spawner_joint_state_broadcaster]: Could not contact service /controller_manager/list_controllers
1756014943.5387731 [spawner-2] [INFO] [1756014943.538482037] [spawner_joint_state_broadcaster]: waiting for service /controller_manager/list_controllers to become available...
1756014943.5391893 [spawner-3] [WARN] [1756014943.539038408] [spawner_left_joint_trajectory_controller]: Could not contact service /controller_manager/list_controllers
1756014943.5396245 [spawner-3] [INFO] [1756014943.539510426] [spawner_left_joint_trajectory_controller]: waiting for service /controller_manager/list_controllers to become available...
1756014943.5412416 [spawner-5] [WARN] [1756014943.540999502] [spawner_fault_controller]: Could not contact service /controller_manager/list_controllers
1756014943.5416880 [spawner-4] [WARN] [1756014943.541209401] [spawner_right_joint_trajectory_controller]: Could not contact service /controller_manager/list_controllers
1756014943.5419860 [spawner-5] [INFO] [1756014943.541473872] [spawner_fault_controller]: waiting for service /controller_manager/list_controllers to become available...
1756014943.5421999 [spawner-4] [INFO] [1756014943.541795898] [spawner_right_joint_trajectory_controller]: waiting for service /controller_manager/list_controllers to become available...
1756014953.5505707 [spawner-2] [WARN] [1756014953.550371814] [spawner_joint_state_broadcaster]: Could not contact service /controller_manager/list_controllers
1756014953.5508199 [spawner-2] [INFO] [1756014953.550555962] [spawner_joint_state_broadcaster]: waiting for service /controller_manager/list_controllers to become available...
1756014953.5523317 [spawner-3] [WARN] [1756014953.552141600] [spawner_left_joint_trajectory_controller]: Could not contact service /controller_manager/list_controllers
1756014953.5526290 [spawner-3] [INFO] [1756014953.552509232] [spawner_left_joint_trajectory_controller]: waiting for service /controller_manager/list_controllers to become available...
1756014953.5545259 [spawner-4] [WARN] [1756014953.554290667] [spawner_right_joint_trajectory_controller]: Could not contact service /controller_manager/list_controllers
1756014953.5547838 [spawner-5] [WARN] [1756014953.554293196] [spawner_fault_controller]: Could not contact service /controller_manager/list_controllers
1756014953.5549164 [spawner-5] [INFO] [1756014953.554554129] [spawner_fault_controller]: waiting for service /controller_manager/list_controllers to become available...
1756014953.5550168 [spawner-4] [INFO] [1756014953.554614375] [spawner_right_joint_trajectory_controller]: waiting for service /controller_manager/list_controllers to become available...
1756014963.5646086 [spawner-2] [WARN] [1756014963.564229443] [spawner_joint_state_broadcaster]: Could not contact service /controller_manager/list_controllers
1756014963.5651500 [spawner-2] [INFO] [1756014963.564914496] [spawner_joint_state_broadcaster]: waiting for service /controller_manager/list_controllers to become available...
1756014963.5666511 [spawner-3] [WARN] [1756014963.566387006] [spawner_left_joint_trajectory_controller]: Could not contact service /controller_manager/list_controllers
1756014963.5670965 [spawner-3] [INFO] [1756014963.566955667] [spawner_left_joint_trajectory_controller]: waiting for service /controller_manager/list_controllers to become available...
1756014963.5687921 [spawner-5] [WARN] [1756014963.568441207] [spawner_fault_controller]: Could not contact service /controller_manager/list_controllers
1756014963.5693042 [spawner-4] [WARN] [1756014963.568486907] [spawner_right_joint_trajectory_controller]: Could not contact service /controller_manager/list_controllers
1756014963.5697670 [spawner-4] [INFO] [1756014963.569002991] [spawner_right_joint_trajectory_controller]: waiting for service /controller_manager/list_controllers to become available...
1756014963.5702012 [spawner-5] [INFO] [1756014963.569282948] [spawner_fault_controller]: waiting for service /controller_manager/list_controllers to become available...
1756014973.5796468 [spawner-2] [WARN] [1756014973.579312433] [spawner_joint_state_broadcaster]: Could not contact service /controller_manager/list_controllers
1756014973.5801730 [spawner-2] [INFO] [1756014973.579966739] [spawner_joint_state_broadcaster]: waiting for service /controller_manager/list_controllers to become available...
1756014973.5804772 [spawner-3] [WARN] [1756014973.580147647] [spawner_left_joint_trajectory_controller]: Could not contact service /controller_manager/list_controllers
1756014973.5807672 [spawner-3] [INFO] [1756014973.580635655] [spawner_left_joint_trajectory_controller]: waiting for service /controller_manager/list_controllers to become available...
1756014973.5828764 [spawner-5] [WARN] [1756014973.582732363] [spawner_fault_controller]: Could not contact service /controller_manager/list_controllers
1756014973.5835402 [spawner-5] [INFO] [1756014973.583418898] [spawner_fault_controller]: waiting for service /controller_manager/list_controllers to become available...
1756014973.5839767 [spawner-4] [WARN] [1756014973.583864781] [spawner_right_joint_trajectory_controller]: Could not contact service /controller_manager/list_controllers
1756014973.5845253 [spawner-4] [INFO] [1756014973.584405179] [spawner_right_joint_trajectory_controller]: waiting for service /controller_manager/list_controllers to become available...
1756014983.5944524 [spawner-2] [WARN] [1756014983.594089836] [spawner_joint_state_broadcaster]: Could not contact service /controller_manager/list_controllers
1756014983.5949957 [spawner-3] [WARN] [1756014983.594164637] [spawner_left_joint_trajectory_controller]: Could not contact service /controller_manager/list_controllers
1756014983.5952697 [spawner-2] [INFO] [1756014983.594596593] [spawner_joint_state_broadcaster]: waiting for service /controller_manager/list_controllers to become available...
1756014983.5954788 [spawner-3] [INFO] [1756014983.594713862] [spawner_left_joint_trajectory_controller]: waiting for service /controller_manager/list_controllers to become available...
1756014983.5973423 [spawner-5] [WARN] [1756014983.597174948] [spawner_fault_controller]: Could not contact service /controller_manager/list_controllers
1756014983.5977824 [spawner-5] [INFO] [1756014983.597683470] [spawner_fault_controller]: waiting for service /controller_manager/list_controllers to become available...
1756014983.5997725 [spawner-4] [WARN] [1756014983.599626149] [spawner_right_joint_trajectory_controller]: Could not contact service /controller_manager/list_controllers
1756014983.6005113 [spawner-4] [INFO] [1756014983.600384784] [spawner_right_joint_trajectory_controller]: waiting for service /controller_manager/list_controllers to become available...
1756014993.6086323 [spawner-3] [WARN] [1756014993.608266965] [spawner_left_joint_trajectory_controller]: Could not contact service /controller_manager/list_controllers
1756014993.6093185 [spawner-3] [INFO] [1756014993.608820836] [spawner_left_joint_trajectory_controller]: waiting for service /controller_manager/list_controllers to become available...
1756014993.6098237 [spawner-2] [WARN] [1756014993.609083194] [spawner_joint_state_broadcaster]: Could not contact service /controller_manager/list_controllers
1756014993.6102002 [spawner-2] [INFO] [1756014993.609908995] [spawner_joint_state_broadcaster]: waiting for service /controller_manager/list_controllers to become available...
1756014993.6110992 [spawner-5] [WARN] [1756014993.610813279] [spawner_fault_controller]: Could not contact service /controller_manager/list_controllers
1756014993.6118839 [spawner-5] [INFO] [1756014993.611658506] [spawner_fault_controller]: waiting for service /controller_manager/list_controllers to become available...
1756014993.6141877 [spawner-4] [WARN] [1756014993.613979121] [spawner_right_joint_trajectory_controller]: Could not contact service /controller_manager/list_controllers
1756014993.6143663 [spawner-4] [INFO] [1756014993.614151629] [spawner_right_joint_trajectory_controller]: waiting for service /controller_manager/list_controllers to become available...
1756015003.6230860 [spawner-3] [WARN] [1756015003.622779681] [spawner_left_joint_trajectory_controller]: Could not contact service /controller_manager/list_controllers
1756015003.6235762 [spawner-3] [INFO] [1756015003.623263748] [spawner_left_joint_trajectory_controller]: waiting for service /controller_manager/list_controllers to become available...
1756015003.6248631 [spawner-2] [WARN] [1756015003.624710279] [spawner_joint_state_broadcaster]: Could not contact service /controller_manager/list_controllers
1756015003.6254022 [spawner-2] [INFO] [1756015003.625288103] [spawner_joint_state_broadcaster]: waiting for service /controller_manager/list_controllers to become available...
1756015003.6262720 [spawner-5] [WARN] [1756015003.626146181] [spawner_fault_controller]: Could not contact service /controller_manager/list_controllers
1756015003.6267571 [spawner-5] [INFO] [1756015003.626655462] [spawner_fault_controller]: waiting for service /controller_manager/list_controllers to become available...
1756015003.6284549 [spawner-4] [WARN] [1756015003.628056376] [spawner_right_joint_trajectory_controller]: Could not contact service /controller_manager/list_controllers
1756015003.6291013 [spawner-4] [INFO] [1756015003.628642481] [spawner_right_joint_trajectory_controller]: waiting for service /controller_manager/list_controllers to become available...
1756015013.6388907 [spawner-3] [WARN] [1756015013.638511558] [spawner_left_joint_trajectory_controller]: Could not contact service /controller_manager/list_controllers
1756015013.6395023 [spawner-3] [INFO] [1756015013.639090794] [spawner_left_joint_trajectory_controller]: waiting for service /controller_manager/list_controllers to become available...
1756015013.6399174 [spawner-2] [WARN] [1756015013.639418308] [spawner_joint_state_broadcaster]: Could not contact service /controller_manager/list_controllers
1756015013.6402316 [spawner-2] [INFO] [1756015013.639975191] [spawner_joint_state_broadcaster]: waiting for service /controller_manager/list_controllers to become available...
1756015013.6405079 [spawner-5] [WARN] [1756015013.640224486] [spawner_fault_controller]: Could not contact service /controller_manager/list_controllers
1756015013.6408911 [spawner-5] [INFO] [1756015013.640773649] [spawner_fault_controller]: waiting for service /controller_manager/list_controllers to become available...
1756015013.6430004 [spawner-4] [WARN] [1756015013.642853651] [spawner_right_joint_trajectory_controller]: Could not contact service /controller_manager/list_controllers
1756015013.6435473 [spawner-4] [INFO] [1756015013.643414354] [spawner_right_joint_trajectory_controller]: waiting for service /controller_manager/list_controllers to become available...
1756015023.6530931 [spawner-3] [WARN] [1756015023.652692788] [spawner_left_joint_trajectory_controller]: Could not contact service /controller_manager/list_controllers
1756015023.6538031 [spawner-3] [INFO] [1756015023.653377987] [spawner_left_joint_trajectory_controller]: waiting for service /controller_manager/list_controllers to become available...
1756015023.6551344 [spawner-2] [WARN] [1756015023.654931355] [spawner_joint_state_broadcaster]: Could not contact service /controller_manager/list_controllers
1756015023.6554961 [spawner-5] [WARN] [1756015023.655179305] [spawner_fault_controller]: Could not contact service /controller_manager/list_controllers
1756015023.6558516 [spawner-2] [INFO] [1756015023.655487872] [spawner_joint_state_broadcaster]: waiting for service /controller_manager/list_controllers to become available...
1756015023.6561348 [spawner-5] [INFO] [1756015023.655733653] [spawner_fault_controller]: waiting for service /controller_manager/list_controllers to become available...
1756015023.6573389 [spawner-4] [WARN] [1756015023.657174847] [spawner_right_joint_trajectory_controller]: Could not contact service /controller_manager/list_controllers
1756015023.6578143 [spawner-4] [INFO] [1756015023.657685680] [spawner_right_joint_trajectory_controller]: waiting for service /controller_manager/list_controllers to become available...
1756015033.6682014 [spawner-3] [WARN] [1756015033.668013562] [spawner_left_joint_trajectory_controller]: Could not contact service /controller_manager/list_controllers
1756015033.6684904 [spawner-3] [INFO] [1756015033.668223691] [spawner_left_joint_trajectory_controller]: waiting for service /controller_manager/list_controllers to become available...
1756015033.6692281 [spawner-5] [WARN] [1756015033.669071803] [spawner_fault_controller]: Could not contact service /controller_manager/list_controllers
1756015033.6695387 [spawner-5] [INFO] [1756015033.669332253] [spawner_fault_controller]: waiting for service /controller_manager/list_controllers to become available...
1756015033.6698694 [spawner-2] [WARN] [1756015033.669742714] [spawner_joint_state_broadcaster]: Could not contact service /controller_manager/list_controllers
1756015033.6703012 [spawner-2] [INFO] [1756015033.670180172] [spawner_joint_state_broadcaster]: waiting for service /controller_manager/list_controllers to become available...
1756015033.6707585 [spawner-4] [WARN] [1756015033.670634341] [spawner_right_joint_trajectory_controller]: Could not contact service /controller_manager/list_controllers
1756015033.6711831 [spawner-4] [INFO] [1756015033.671068586] [spawner_right_joint_trajectory_controller]: waiting for service /controller_manager/list_controllers to become available...
1756015035.4281178 [spawner-4] [WARN] [1756015035.427600057] [spawner_right_joint_trajectory_controller]: [93mController already loaded, skipping load_controller[0m
1756015035.4289329 [spawner-2] [WARN] [1756015035.428452295] [spawner_joint_state_broadcaster]: [93mController already loaded, skipping load_controller[0m
1756015045.4282031 [spawner-3] [WARN] [1756015045.427904058] [spawner_left_joint_trajectory_controller]: Failed getting a result from calling /controller_manager/load_controller in 10.0. (Attempt 1 of 3.)
1756015045.4284122 [spawner-5] [WARN] [1756015045.428309073] [spawner_fault_controller]: Failed getting a result from calling /controller_manager/load_controller in 10.0. (Attempt 1 of 3.)
1756015045.4302685 [spawner-4] [WARN] [1756015045.430091201] [spawner_right_joint_trajectory_controller]: Failed getting a result from calling /controller_manager/configure_controller in 10.0. (Attempt 1 of 3.)
1756015045.4313030 [spawner-2] [WARN] [1756015045.431101300] [spawner_joint_state_broadcaster]: Failed getting a result from calling /controller_manager/configure_controller in 10.0. (Attempt 1 of 3.)
1756015055.4294398 [spawner-3] [WARN] [1756015055.429099926] [spawner_left_joint_trajectory_controller]: Failed getting a result from calling /controller_manager/load_controller in 10.0. (Attempt 2 of 3.)
1756015055.4300160 [spawner-5] [WARN] [1756015055.429625265] [spawner_fault_controller]: Failed getting a result from calling /controller_manager/load_controller in 10.0. (Attempt 2 of 3.)
1756015055.4313579 [spawner-4] [WARN] [1756015055.431085950] [spawner_right_joint_trajectory_controller]: Failed getting a result from calling /controller_manager/configure_controller in 10.0. (Attempt 2 of 3.)
1756015055.4323146 [spawner-2] [WARN] [1756015055.432109080] [spawner_joint_state_broadcaster]: Failed getting a result from calling /controller_manager/configure_controller in 10.0. (Attempt 2 of 3.)
1756015065.4304128 [spawner-3] [WARN] [1756015065.430139072] [spawner_left_joint_trajectory_controller]: Failed getting a result from calling /controller_manager/load_controller in 10.0. (Attempt 3 of 3.)
1756015065.4311821 [spawner-5] [WARN] [1756015065.430534025] [spawner_fault_controller]: Failed getting a result from calling /controller_manager/load_controller in 10.0. (Attempt 3 of 3.)
1756015065.4322586 [spawner-4] [WARN] [1756015065.432030392] [spawner_right_joint_trajectory_controller]: Failed getting a result from calling /controller_manager/configure_controller in 10.0. (Attempt 3 of 3.)
1756015065.4332535 [spawner-2] [WARN] [1756015065.433074192] [spawner_joint_state_broadcaster]: Failed getting a result from calling /controller_manager/configure_controller in 10.0. (Attempt 3 of 3.)
1756015065.4930067 [spawner-5] Traceback (most recent call last):
1756015065.4931467 [spawner-5]   File "/opt/ros/humble/lib/controller_manager/spawner", line 33, in <module>
1756015065.4932020 [spawner-5]     sys.exit(load_entry_point('controller-manager==2.48.0', 'console_scripts', 'spawner')())
1756015065.4932413 [spawner-5]   File "/opt/ros/humble/local/lib/python3.10/dist-packages/controller_manager/spawner.py", line 227, in main
1756015065.4935641 [spawner-3] Traceback (most recent call last):
1756015065.4936454 [spawner-3]   File "/opt/ros/humble/lib/controller_manager/spawner", line 33, in <module>
1756015065.4936986 [spawner-3]     sys.exit(load_entry_point('controller-manager==2.48.0', 'console_scripts', 'spawner')())
1756015065.4937458 [spawner-3]   File "/opt/ros/humble/local/lib/python3.10/dist-packages/controller_manager/spawner.py", line 227, in main
1756015065.4938972 [spawner-5]     ret = load_controller(node, controller_manager_name, controller_name)
1756015065.4939480 [spawner-5]   File "/opt/ros/humble/local/lib/python3.10/dist-packages/controller_manager/controller_manager_services.py", line 227, in load_controller
1756015065.4939961 [spawner-5]     return service_caller(
1756015065.4940400 [spawner-5]   File "/opt/ros/humble/local/lib/python3.10/dist-packages/controller_manager/controller_manager_services.py", line 150, in service_caller
1756015065.4940817 [spawner-5]     raise RuntimeError(
1756015065.4941216 [spawner-5] RuntimeError: Could not successfully call service /controller_manager/load_controller after 3 attempts.
1756015065.4942892 [spawner-3]     ret = load_controller(node, controller_manager_name, controller_name)
1756015065.4943471 [spawner-3]   File "/opt/ros/humble/local/lib/python3.10/dist-packages/controller_manager/controller_manager_services.py", line 227, in load_controller
1756015065.4944932 [spawner-3]     return service_caller(
1756015065.4946275 [spawner-3]   File "/opt/ros/humble/local/lib/python3.10/dist-packages/controller_manager/controller_manager_services.py", line 150, in service_caller
1756015065.4946997 [spawner-3]     raise RuntimeError(
1756015065.4947371 [spawner-3] RuntimeError: Could not successfully call service /controller_manager/load_controller after 3 attempts.
1756015065.4948730 [spawner-2] Traceback (most recent call last):
1756015065.4949226 [spawner-2]   File "/opt/ros/humble/lib/controller_manager/spawner", line 33, in <module>
1756015065.4949529 [spawner-2]     sys.exit(load_entry_point('controller-manager==2.48.0', 'console_scripts', 'spawner')())
1756015065.4949963 [spawner-2]   File "/opt/ros/humble/local/lib/python3.10/dist-packages/controller_manager/spawner.py", line 242, in main
1756015065.4950213 [spawner-2]     ret = configure_controller(
1756015065.4950449 [spawner-2]   File "/opt/ros/humble/local/lib/python3.10/dist-packages/controller_manager/controller_manager_services.py", line 160, in configure_controller
1756015065.4950705 [spawner-2]     return service_caller(
1756015065.4950988 [spawner-2]   File "/opt/ros/humble/local/lib/python3.10/dist-packages/controller_manager/controller_manager_services.py", line 150, in service_caller
1756015065.4951222 [spawner-2]     raise RuntimeError(
1756015065.4951434 [spawner-2] RuntimeError: Could not successfully call service /controller_manager/configure_controller after 3 attempts.
1756015065.4978645 [spawner-4] Traceback (most recent call last):
1756015065.4980304 [spawner-4]   File "/opt/ros/humble/lib/controller_manager/spawner", line 33, in <module>
1756015065.4981127 [spawner-4]     sys.exit(load_entry_point('controller-manager==2.48.0', 'console_scripts', 'spawner')())
1756015065.4981871 [spawner-4]   File "/opt/ros/humble/local/lib/python3.10/dist-packages/controller_manager/spawner.py", line 242, in main
1756015065.4984784 [spawner-4]     ret = configure_controller(
1756015065.4985659 [spawner-4]   File "/opt/ros/humble/local/lib/python3.10/dist-packages/controller_manager/controller_manager_services.py", line 160, in configure_controller
1756015065.4986358 [spawner-4]     return service_caller(
1756015065.4987078 [spawner-4]   File "/opt/ros/humble/local/lib/python3.10/dist-packages/controller_manager/controller_manager_services.py", line 150, in service_caller
1756015065.4987724 [spawner-4]     raise RuntimeError(
1756015065.4988334 [spawner-4] RuntimeError: Could not successfully call service /controller_manager/configure_controller after 3 attempts.
1756015065.6464369 [ERROR] [spawner-5]: process has died [pid 3743, exit code 1, cmd '/opt/ros/humble/lib/controller_manager/spawner fault_controller -c controller_manager --ros-args'].
1756015065.6477091 [ERROR] [spawner-3]: process has died [pid 3739, exit code 1, cmd '/opt/ros/humble/lib/controller_manager/spawner left_joint_trajectory_controller -c controller_manager --ros-args'].
1756015065.6516838 [ERROR] [spawner-2]: process has died [pid 3737, exit code 1, cmd '/opt/ros/humble/lib/controller_manager/spawner joint_state_broadcaster --controller-manager controller_manager --ros-args'].
1756015065.6518450 [ERROR] [spawner-4]: process has died [pid 3741, exit code 1, cmd '/opt/ros/humble/lib/controller_manager/spawner right_joint_trajectory_controller -c controller_manager --ros-args'].
