1756483821.9141483 [INFO] [launch]: All log files can be found below /home/rpp/rpp_logs/2025-08-30-00-10-21-913649-rpp-Default-string-11422
1756483821.9142427 [INFO] [launch]: Default logging verbosity is set to INFO
1756483821.9434147 [INFO] [iat_publish-1]: process started with pid [11423]
1756483821.9435067 [INFO] [tts_subscribe-2]: process started with pid [11425]
1756483821.9435532 [INFO] [voice_control-3]: process started with pid [11427]
1756483821.9435914 [INFO] [voice_dialog-4]: process started with pid [11429]
1756483821.9665480 [iat_publish-1] [INFO] [1756483821.966304854] [iat_node]: MSPLogin success.
1756483822.5108132 [voice_dialog-4] [INFO] [1756483822.510630936] [voice_dialog_node]: 语音对话节点已启动
1756483822.5329170 [voice_control-3] [WARN] [1756483822.532719572] [voice_control_node]: 尚未获取 base_angle，无法转向
1756483822.5391395 [voice_control-3] [INFO] [1756483822.539012933] [voice_control_node]: 已加载 JSON 文件: /home/rpp//rpp_data/config/voice/voice_pose.json
1756483822.5393500 [voice_control-3] [INFO] [1756483822.539169988] [voice_control_node]: 等待 TF [mic_link -> base_link] 可用...
1756483822.5456851 [voice_control-3] [INFO] [1756483822.545610835] [voice_control_node]: TF 尚未可用，继续等待...
1756483823.0466654 [voice_control-3] [INFO] [1756483823.046515651] [voice_control_node]: TF 尚未可用，继续等待...
1756483823.5494800 [voice_control-3] [INFO] [1756483823.549283322] [voice_control_node]: TF 尚未可用，继续等待...
1756483824.0505764 [voice_control-3] [INFO] [1756483824.050433363] [voice_control_node]: TF 尚未可用，继续等待...
1756483824.5517175 [voice_control-3] [INFO] [1756483824.551540612] [voice_control_node]: TF 尚未可用，继续等待...
1756483825.0528774 [voice_control-3] [INFO] [1756483825.052726988] [voice_control_node]: TF 尚未可用，继续等待...
1756483825.5541418 [voice_control-3] [INFO] [1756483825.553903442] [voice_control_node]: TF 尚未可用，继续等待...
1756483826.0549901 [voice_control-3] [INFO] [1756483826.054844041] [voice_control_node]: TF 尚未可用，继续等待...
1756483826.5559003 [voice_control-3] [INFO] [1756483826.555724942] [voice_control_node]: TTS 成功播报：成功加载 2 个点位
1756483826.5561109 [voice_control-3] [INFO] [1756483826.555926044] [voice_control_node]: TF 尚未可用，继续等待...
1756483827.0568364 [voice_control-3] [INFO] [1756483827.056666892] [voice_control_node]: TF 尚未可用，继续等待...
1756483827.5574732 [voice_control-3] [INFO] [1756483827.557310971] [voice_control_node]: TF 尚未可用，继续等待...
1756483828.0578184 [voice_control-3] [INFO] [1756483828.057662528] [voice_control_node]: TF 尚未可用，继续等待...
1756483828.5589237 [voice_control-3] [INFO] [1756483828.558759497] [voice_control_node]: TF 尚未可用，继续等待...
1756483829.0600939 [voice_control-3] [INFO] [1756483829.059865869] [voice_control_node]: TF 尚未可用，继续等待...
1756483829.5610952 [voice_control-3] [INFO] [1756483829.560929787] [voice_control_node]: TF 尚未可用，继续等待...
1756483830.0621102 [voice_control-3] [INFO] [1756483830.061972375] [voice_control_node]: TF 尚未可用，继续等待...
1756483830.5631125 [voice_control-3] [INFO] [1756483830.562946404] [voice_control_node]: TF 尚未可用，继续等待...
1756483831.0641472 [voice_control-3] [INFO] [1756483831.063918729] [voice_control_node]: TF 尚未可用，继续等待...
1756483831.5652199 [voice_control-3] [INFO] [1756483831.565055370] [voice_control_node]: TF 尚未可用，继续等待...
1756483832.0661035 [voice_control-3] [INFO] [1756483832.065941794] [voice_control_node]: TF 尚未可用，继续等待...
1756483832.5671561 [voice_control-3] [INFO] [1756483832.567010763] [voice_control_node]: TF 尚未可用，继续等待...
1756483833.0681922 [voice_control-3] [INFO] [1756483833.068028605] [voice_control_node]: TF 尚未可用，继续等待...
1756483833.5693195 [voice_control-3] [INFO] [1756483833.569148551] [voice_control_node]: TF 尚未可用，继续等待...
1756483834.0704730 [voice_control-3] [INFO] [1756483834.070299594] [voice_control_node]: TF 尚未可用，继续等待...
1756483834.5711122 [voice_control-3] [INFO] [1756483834.570968311] [voice_control_node]: TF 尚未可用，继续等待...
1756483835.0724046 [voice_control-3] [INFO] [1756483835.072170914] [voice_control_node]: TF 尚未可用，继续等待...
1756483835.5731313 [voice_control-3] [INFO] [1756483835.572959207] [voice_control_node]: TF 尚未可用，继续等待...
1756483836.0741470 [voice_control-3] [INFO] [1756483836.074001983] [voice_control_node]: TF 尚未可用，继续等待...
1756483836.5757008 [voice_control-3] [INFO] [1756483836.575564084] [voice_control_node]: TF 获取成功 
1756484496.8845391 [iat_publish-1] [INFO] [1756484496.884205501] [iat_node]: Awake flag received, start IAT.
1756484496.8848703 [voice_control-3] [INFO] [1756484496.884391495] [voice_control_node]: 收到唤醒词，准备启动语音听写
1756484496.8849459 [voice_control-3] [INFO] [1756484496.884570269] [voice_control_node]: 机器人空闲，启动语音听写
1756484496.8850980 [voice_dialog-4] [INFO] [1756484496.884464326] [voice_dialog_node]: 收到唤醒信号，开始对话
1756484496.9009418 [iat_publish-1] [INFO] [1756484496.900783080] [xf_voice]: Start listening ...
1756484497.5765703 [voice_control-3] [INFO] [1756484497.576377931] [voice_control_node]: 机器人状态从 IDLE -> IAT
1756484508.0989959 [voice_control-3] [INFO] [1756484508.098788991] [voice_control_node]: TTS 成功播报：我是具身智能机器人小K, 请您说出指令, 有任何需求请吩咐我
1756484508.0992334 [voice_control-3] [INFO] [1756484508.098944597] [voice_control_node]: 准备发布语音唤醒指令...
1756484508.0992856 [voice_control-3] [INFO] [1756484508.099074990] [voice_control_node]: 发布唤醒词
1756484512.1030211 [iat_publish-1] [INFO] [1756484512.102838419] [xf_voice]: Result: 有什么可以帮您？我是巨声智能机器人小黑，请您说出指令，有任何需求请吩咐我。今天的天气怎么样？
1756484512.1031134 [iat_publish-1] 
1756484512.1396430 [iat_publish-1] [INFO] [1756484512.139458326] [iat_node]: Published result.
1756484512.1400285 [voice_control-3] [INFO] [1756484512.139932319] [voice_control_node]: 接收到识别结果：有什么可以帮您？我是巨声智能机器人小黑，请您说出指令，有任何需求请吩咐我。今天的天气怎么样？
1756484512.1405194 [voice_dialog-4] [INFO] [1756484512.140328735] [voice_dialog_node]: 识别到: 有什么可以帮您？我是巨声智能机器人小黑，请您说出指令，有任何需求请吩咐我。今天的天气怎么样？
1756484512.1407363 [voice_control-3] [INFO] [1756484512.140401449] [voice_control_node]: 匹配命令码：None
1756484512.1409018 [voice_dialog-4] [INFO] [1756484512.140668217] [voice_dialog_node]: 正在处理...
1756484512.2547386 [voice_dialog-4] [ERROR] [1756484512.254569529] [voice_dialog_node]: 调用API失败: 'latin-1' codec can't encode characters in position 0-1: ordinal not in range(256)
1756484512.2549562 [voice_dialog-4] [INFO] [1756484512.254770705] [voice_dialog_node]: 回复: 抱歉，连接服务器失败
1756484521.7577770 [voice_control-3] [INFO] [1756484521.757619333] [voice_control_node]: TTS 成功播报：未听清，请再说一次
1756484521.7579954 [voice_control-3] [INFO] [1756484521.757780692] [voice_control_node]: 准备发布语音唤醒指令...
1756484521.7580369 [voice_control-3] [INFO] [1756484521.757908922] [voice_control_node]: 发布唤醒词
1756484542.7628152 [voice_control-3] [INFO] [1756484542.762637040] [voice_control_node]: TTS 成功播报：未听清，请再说一次
1756484542.7630265 [voice_control-3] [INFO] [1756484542.762808162] [voice_control_node]: 准备发布语音唤醒指令...
1756484542.7630692 [voice_control-3] [INFO] [1756484542.762935861] [voice_control_node]: 发布唤醒词
1756484563.7618973 [voice_control-3] [INFO] [1756484563.761701748] [voice_control_node]: TTS 成功播报：未听清，请再说一次
1756484563.7621288 [voice_control-3] [INFO] [1756484563.761879845] [voice_control_node]: 准备发布语音唤醒指令...
1756484563.7621717 [voice_control-3] [INFO] [1756484563.762013084] [voice_control_node]: 发布唤醒词
1756484583.4126863 [WARNING] [launch]: user interrupted with ctrl-c (SIGINT)
1756484583.4145744 [iat_publish-1] [INFO] [1756484583.412340606] [rclcpp]: signal_handler(signum=2)
1756484583.4147382 [voice_dialog-4] Traceback (most recent call last):
1756484583.4148028 [voice_dialog-4]   File "/home/rpp/rpp_ws/install/xf_voice/lib/xf_voice/voice_dialog", line 138, in <module>
1756484583.4148366 [voice_dialog-4]     main()
1756484583.4148643 [voice_dialog-4]   File "/home/rpp/rpp_ws/install/xf_voice/lib/xf_voice/voice_dialog", line 133, in main
1756484583.4148912 [voice_dialog-4]     rclpy.spin(node)
1756484583.4149139 [voice_dialog-4]   File "/opt/ros/humble/local/lib/python3.10/dist-packages/rclpy/__init__.py", line 226, in spin
1756484583.4149382 [voice_dialog-4]     executor.spin_once()
1756484583.4149578 [voice_dialog-4]   File "/opt/ros/humble/local/lib/python3.10/dist-packages/rclpy/executors.py", line 739, in spin_once
1756484583.4149778 [voice_dialog-4]     self._spin_once_impl(timeout_sec)
1756484583.4149981 [voice_dialog-4]   File "/opt/ros/humble/local/lib/python3.10/dist-packages/rclpy/executors.py", line 728, in _spin_once_impl
1756484583.4150181 [voice_dialog-4]     handler, entity, node = self.wait_for_ready_callbacks(timeout_sec=timeout_sec)
1756484583.4150417 [voice_dialog-4]   File "/opt/ros/humble/local/lib/python3.10/dist-packages/rclpy/executors.py", line 711, in wait_for_ready_callbacks
1756484583.4150627 [voice_dialog-4]     return next(self._cb_iter)
1756484583.4150896 [voice_dialog-4]   File "/opt/ros/humble/local/lib/python3.10/dist-packages/rclpy/executors.py", line 608, in _wait_for_ready_callbacks
1756484583.4151144 [voice_dialog-4]     wait_set.wait(timeout_nsec)
1756484583.4151404 [voice_dialog-4] KeyboardInterrupt
1756484583.4152586 [voice_control-3] keys= ['我', '我'] input_string= 有什么可以帮您？我是巨声智能机器人小黑，请您说出指令，有任何需求请吩咐我。今天的天气怎么样？
1756484583.4153433 [voice_control-3] Traceback (most recent call last):
1756484583.4153872 [voice_control-3]   File "/home/rpp/rpp_ws/install/xf_voice/lib/xf_voice/voice_control", line 572, in <module>
1756484583.4154115 [voice_control-3]     main()
1756484583.4154372 [voice_control-3]   File "/home/rpp/rpp_ws/install/xf_voice/lib/xf_voice/voice_control", line 566, in main
1756484583.4154608 [voice_control-3]     rclpy.spin(node)
1756484583.4154875 [voice_control-3]   File "/opt/ros/humble/local/lib/python3.10/dist-packages/rclpy/__init__.py", line 226, in spin
1756484583.4155121 [voice_control-3]     executor.spin_once()
1756484583.4155364 [voice_control-3]   File "/opt/ros/humble/local/lib/python3.10/dist-packages/rclpy/executors.py", line 739, in spin_once
1756484583.4155622 [voice_control-3]     self._spin_once_impl(timeout_sec)
1756484583.4155893 [voice_control-3]   File "/opt/ros/humble/local/lib/python3.10/dist-packages/rclpy/executors.py", line 728, in _spin_once_impl
1756484583.4156110 [voice_control-3]     handler, entity, node = self.wait_for_ready_callbacks(timeout_sec=timeout_sec)
1756484583.4156311 [voice_control-3]   File "/opt/ros/humble/local/lib/python3.10/dist-packages/rclpy/executors.py", line 711, in wait_for_ready_callbacks
1756484583.4156582 [voice_control-3]     return next(self._cb_iter)
1756484583.4156797 [voice_control-3]   File "/opt/ros/humble/local/lib/python3.10/dist-packages/rclpy/executors.py", line 608, in _wait_for_ready_callbacks
1756484583.4157073 [voice_control-3]     wait_set.wait(timeout_nsec)
1756484583.4157264 [voice_control-3] KeyboardInterrupt
1756484583.4356203 [ERROR] [voice_dialog-4]: process has died [pid 11429, exit code -2, cmd '/home/rpp/rpp_ws/install/xf_voice/lib/xf_voice/voice_dialog --ros-args -r __node:=voice_dialog_node --params-file /tmp/launch_params_lzncjoit --params-file /tmp/launch_params_4iswwkh2 --params-file /tmp/launch_params_pnt8rczn'].
1756484583.4397688 [ERROR] [voice_control-3]: process has died [pid 11427, exit code -2, cmd '/home/rpp/rpp_ws/install/xf_voice/lib/xf_voice/voice_control --ros-args -r __node:=voice_control_node'].
1756484583.5202501 [INFO] [iat_publish-1]: process has finished cleanly [pid 11423]
1756484588.4198768 [ERROR] [tts_subscribe-2]: process[tts_subscribe-2] failed to terminate '5' seconds after receiving 'SIGINT', escalating to 'SIGTERM'
1756484588.4202540 [INFO] [tts_subscribe-2]: sending signal 'SIGTERM' to process[tts_subscribe-2]
1756484588.4207580 [tts_subscribe-2] [INFO] [1756484588.420487880] [rclcpp]: signal_handler(signum=15)
1756484588.5273790 [INFO] [tts_subscribe-2]: process has finished cleanly [pid 11425]
