[0.044s] Invoking command in '/home/rpp/rpp_ws/build/nav2_behavior_tree': CMAKE_PREFIX_PATH=/home/rpp/rpp_ws/install/nav2_util:/home/rpp/rpp_ws/install/nav2_msgs:/home/rpp/rpp_ws/install/nav2_common:/home/rpp/rpp_ws/install/xf_voice:/home/rpp/rpp_ws/install/xf_voice_msgs:/home/rpp/rpp_ws/install/wheeltec_mic_ros2:/home/rpp/rpp_ws/install/wheeltec_mic_msg:/home/rpp/rpp_ws/install/ti5cra_servo_ros:/home/rpp/rpp_ws/install/ti5cra_servo_sdk:/home/rpp/rpp_ws/install/syntron_servo_ros:/home/rpp/rpp_ws/install/syntron_servo_sdk:/home/rpp/rpp_ws/install/nav2_system_tests:/home/rpp/rpp_ws/install/nav2_bringup:/home/rpp/rpp_ws/install/slam_toolbox:/home/rpp/rpp_ws/install/slam_3d:/home/rpp/rpp_ws/install/slam_2d:/home/rpp/rpp_ws/install/serial:/home/rpp/rpp_ws/install/rpp_ros_driver:/home/rpp/rpp_ws/install/rpp_msgs:/home/rpp/rpp_ws/install/rpp_driver:/home/rpp/rpp_ws/install/robot_bringup:/home/rpp/rpp_ws/install/pymoveit2:/home/rpp/rpp_ws/install/pgo:/home/rpp/rpp_ws/install/navigation_2d:/home/rpp/rpp_ws/install/navigation2:/home/rpp/rpp_ws/install/nav2_smoother:/home/rpp/rpp_ws/install/nav2_graceful_controller:/home/rpp/rpp_ws/install/nav2_dwb_controller:/home/rpp/rpp_ws/install/nav2_controller:/home/rpp/rpp_ws/install/dwb_plugins:/home/rpp/rpp_ws/install/dwb_critics:/home/rpp/rpp_ws/install/dwb_core:/home/rpp/rpp_ws/install/nav_2d_utils:/home/rpp/rpp_ws/install/dwb_msgs:/home/rpp/rpp_ws/install/nav_2d_msgs:/home/rpp/rpp_ws/install/nav2_waypoint_follower:/home/rpp/rpp_ws/install/nav2_theta_star_planner:/home/rpp/rpp_ws/install/nav2_smac_planner:/home/rpp/rpp_ws/install/nav2_rotation_shim_controller:/home/rpp/rpp_ws/install/nav2_regulated_pure_pursuit_controller:/home/rpp/rpp_ws/install/nav2_planner:/home/rpp/rpp_ws/install/nav2_navfn_planner:/home/rpp/rpp_ws/install/nav2_mppi_controller:/home/rpp/rpp_ws/install/nav2_constrained_smoother:/home/rpp/rpp_ws/install/nav2_bt_navigator:/home/rpp/rpp_ws/install/nav2_behaviors:/home/rpp/rpp_ws/install/nav2_core:/home/rpp/rpp_ws/install/nav2_collision_monitor:/home/rpp/rpp_ws/install/costmap_queue:/home/rpp/rpp_ws/install/nav2_costmap_2d:/home/rpp/rpp_ws/install/nav2_voxel_grid:/home/rpp/rpp_ws/install/nav2_velocity_smoother:/home/rpp/rpp_ws/install/nav2_rviz_plugins:/home/rpp/rpp_ws/install/nav2_map_server:/home/rpp/rpp_ws/install/nav2_lifecycle_manager:/home/rpp/rpp_ws/install/nav2_behavior_tree:/home/rpp/rpp_ws/install/nav2_amcl:/home/rpp/rpp_ws/install/motor_pitch_ros:/home/rpp/rpp_ws/install/motor_pitch_sdk:/home/rpp/rpp_ws/install/motor_lift_ros:/home/rpp/rpp_ws/install/motor_lift_sdk:/home/rpp/rpp_ws/install/localizer:/home/rpp/rpp_ws/install/lidar_clipping:/home/rpp/rpp_ws/install/fastlio2:/home/rpp/rpp_ws/install/livox_ros_driver2:/home/rpp/rpp_ws/install/lakibeam1:/home/rpp/rpp_ws/install/kortex_bringup:/home/rpp/rpp_ws/install/kortex_driver:/home/rpp/rpp_ws/install/kinova_gen3_lite_moveit_config:/home/rpp/rpp_ws/install/kinova_gen3_7dof_robotiq_2f_85_moveit_config:/home/rpp/rpp_ws/install/kinova_gen3_6dof_robotiq_2f_85_moveit_config:/home/rpp/rpp_ws/install/kortex_description:/home/rpp/rpp_ws/install/kortex_api:/home/rpp/rpp_ws/install/ira_laser_tools:/home/rpp/rpp_ws/install/hba:/home/rpp/rpp_ws/install/interface:/home/rpp/rpp_ws/install/ea200_moveit_config:/home/rpp/rpp_ws/install/ea200_description:/home/rpp/rpp_ws/install/cr100_description:/home/rpp/rpp_ws/install/setting_info:/home/rpp/rpp_ws/install/nav2_simple_commander:/home/rpp/rpp_ws/install/gui_control:/home/rpp/rpp_ws/install/graphic_display:/home/rpp/rpp_ws/install/linker_hand_ros2_sdk:/home/rpp/rpp_ws/install/bt_task_manager_ros2:/opt/ros/humble LD_LIBRARY_PATH=/home/rpp/rpp_ws/install/nav2_util/lib:/home/rpp/rpp_ws/install/nav2_msgs/lib:/home/rpp/3rdparty//TensorRT-10.9.0.34/lib:/usr/local/cuda-12.8/lib64:/usr/local/lib/:/home/rpp/3rdparty//TensorRT-10.9.0.34/lib:/usr/local/cuda-12.8/lib64:/home/rpp/rpp_ws/install/xf_voice/lib:/home/rpp/rpp_ws/install/xf_voice_msgs/lib:/home/rpp/rpp_ws/install/wheeltec_mic_ros2/lib:/home/rpp/rpp_ws/install/wheeltec_mic_msg/lib:/home/rpp/rpp_ws/install/ti5cra_servo_sdk/lib:/home/rpp/rpp_ws/install/syntron_servo_sdk/lib:/home/rpp/rpp_ws/install/slam_toolbox/lib:/home/rpp/rpp_ws/install/serial/lib:/home/rpp/rpp_ws/install/rpp_msgs/lib:/home/rpp/rpp_ws/install/rpp_driver/lib:/home/rpp/rpp_ws/install/nav2_smoother/lib:/home/rpp/rpp_ws/install/nav2_graceful_controller/lib:/home/rpp/rpp_ws/install/nav2_controller/lib:/home/rpp/rpp_ws/install/dwb_plugins/lib:/home/rpp/rpp_ws/install/dwb_critics/lib:/home/rpp/rpp_ws/install/dwb_core/lib:/home/rpp/rpp_ws/install/nav_2d_utils/lib:/home/rpp/rpp_ws/install/dwb_msgs/lib:/home/rpp/rpp_ws/install/nav_2d_msgs/lib:/home/rpp/rpp_ws/install/nav2_waypoint_follower/lib:/home/rpp/rpp_ws/install/nav2_theta_star_planner/lib:/home/rpp/rpp_ws/install/nav2_smac_planner/lib:/home/rpp/rpp_ws/install/nav2_rotation_shim_controller/lib:/home/rpp/rpp_ws/install/nav2_regulated_pure_pursuit_controller/lib:/home/rpp/rpp_ws/install/nav2_planner/lib:/home/rpp/rpp_ws/install/nav2_navfn_planner/lib:/home/rpp/rpp_ws/install/nav2_mppi_controller/lib:/home/rpp/rpp_ws/install/nav2_constrained_smoother/lib:/home/rpp/rpp_ws/install/nav2_bt_navigator/lib:/home/rpp/rpp_ws/install/nav2_behaviors/lib:/home/rpp/rpp_ws/install/nav2_collision_monitor/lib:/home/rpp/rpp_ws/install/costmap_queue/lib:/home/rpp/rpp_ws/install/nav2_costmap_2d/lib:/home/rpp/rpp_ws/install/nav2_voxel_grid/lib:/home/rpp/rpp_ws/install/nav2_velocity_smoother/lib:/home/rpp/rpp_ws/install/nav2_rviz_plugins/lib:/home/rpp/rpp_ws/install/nav2_map_server/lib:/home/rpp/rpp_ws/install/nav2_lifecycle_manager/lib:/home/rpp/rpp_ws/install/nav2_behavior_tree/lib:/home/rpp/rpp_ws/install/nav2_amcl/lib:/home/rpp/rpp_ws/install/motor_pitch_sdk/lib:/home/rpp/rpp_ws/install/motor_lift_sdk/lib:/home/rpp/rpp_ws/install/livox_ros_driver2/lib:/home/rpp/rpp_ws/install/kortex_driver/lib:/home/rpp/rpp_ws/install/ira_laser_tools/lib:/home/rpp/rpp_ws/install/interface/lib:/usr/lib/x86_64-linux-gnu/gazebo-11/plugins:/opt/ros/humble/opt/rviz_ogre_vendor/lib:/opt/ros/humble/lib/x86_64-linux-gnu:/opt/ros/humble/opt/openvdb_vendor/lib:/opt/ros/humble/lib:/usr/local/lib/ /usr/bin/cmake --build /home/rpp/rpp_ws/build/nav2_behavior_tree -- -j24 -l24
[0.119s] [35m[1mConsolidate compiler generated dependencies of target nav2_controller_cancel_bt_node[0m
[0.123s] [35m[1mConsolidate compiler generated dependencies of target nav2_behavior_tree[0m
[0.123s] [35m[1mConsolidate compiler generated dependencies of target nav2_spin_cancel_bt_node[0m
[0.125s] [35m[1mConsolidate compiler generated dependencies of target nav2_compute_path_through_poses_action_bt_node[0m
[0.125s] [35m[1mConsolidate compiler generated dependencies of target nav2_get_pose_from_poses_action_bt_node[0m
[0.130s] [35m[1mConsolidate compiler generated dependencies of target nav2_compute_path_to_pose_action_bt_node[0m
[0.130s] [35m[1mConsolidate compiler generated dependencies of target nav2_wait_cancel_bt_node[0m
[0.136s] [35m[1mConsolidate compiler generated dependencies of target nav2_back_up_cancel_bt_node[0m
[0.145s] [35m[1mConsolidate compiler generated dependencies of target nav2_follow_path_action_bt_node[0m
[0.146s] [35m[1mConsolidate compiler generated dependencies of target nav2_smooth_path_action_bt_node[0m
[0.146s] [35m[1mConsolidate compiler generated dependencies of target nav2_drive_on_heading_cancel_bt_node[0m
[0.147s] [35m[1mConsolidate compiler generated dependencies of target nav2_back_up_action_bt_node[0m
[0.147s] [35m[1mConsolidate compiler generated dependencies of target nav2_assisted_teleop_cancel_bt_node[0m
[0.161s] [35m[1mConsolidate compiler generated dependencies of target nav2_assisted_teleop_action_bt_node[0m
[0.163s] [35m[1mConsolidate compiler generated dependencies of target nav2_spin_action_bt_node[0m
[0.163s] [35m[1mConsolidate compiler generated dependencies of target nav2_wait_action_bt_node[0m
[0.163s] [35m[1mConsolidate compiler generated dependencies of target nav2_is_stuck_condition_bt_node[0m
[0.163s] [35m[1mConsolidate compiler generated dependencies of target nav2_transform_available_condition_bt_node[0m
[0.164s] [35m[1mConsolidate compiler generated dependencies of target nav2_clear_costmap_service_bt_node[0m
[0.168s] [35m[1mConsolidate compiler generated dependencies of target nav2_drive_on_heading_bt_node[0m
[0.168s] [35m[1mConsolidate compiler generated dependencies of target nav2_goal_reached_condition_bt_node[0m
[0.170s] [35m[1mConsolidate compiler generated dependencies of target nav2_is_path_valid_condition_bt_node[0m
[0.173s] [35m[1mConsolidate compiler generated dependencies of target nav2_goal_updated_condition_bt_node[0m
[0.175s] [35m[1mConsolidate compiler generated dependencies of target nav2_globally_updated_goal_condition_bt_node[0m
[0.186s] [  1%] Built target nav2_back_up_cancel_bt_node
[0.210s] [  3%] Built target nav2_get_pose_from_poses_action_bt_node
[0.210s] [  3%] Built target nav2_compute_path_through_poses_action_bt_node
[0.213s] [35m[1mConsolidate compiler generated dependencies of target nav2_time_expired_condition_bt_node[0m
[0.232s] [35m[1mConsolidate compiler generated dependencies of target nav2_path_expiring_timer_condition[0m
[0.233s] [35m[1mConsolidate compiler generated dependencies of target nav2_distance_traveled_condition_bt_node[0m
[0.240s] [  4%] Built target nav2_compute_path_to_pose_action_bt_node
[0.250s] [  5%] Built target nav2_controller_cancel_bt_node
[0.261s] [35m[1mConsolidate compiler generated dependencies of target nav2_initial_pose_received_condition_bt_node[0m
[0.271s] [35m[1mConsolidate compiler generated dependencies of target nav2_is_battery_charging_condition_bt_node[0m
[0.277s] [  8%] Built target nav2_behavior_tree
[0.277s] [ 11%] Built target nav2_assisted_teleop_cancel_bt_node
[0.277s] [ 12%] Built target nav2_is_stuck_condition_bt_node
[0.282s] [ 13%] Built target nav2_assisted_teleop_action_bt_node
[0.298s] [ 15%] Built target nav2_goal_updated_condition_bt_node
[0.305s] [ 16%] Built target nav2_wait_action_bt_node
[0.306s] [  6%] Built target nav2_smooth_path_action_bt_node
[0.306s] [  7%] Built target nav2_spin_cancel_bt_node
[0.309s] [ 17%] Built target nav2_transform_available_condition_bt_node
[0.309s] [ 17%] Built target nav2_spin_action_bt_node
[0.309s] [35m[1mConsolidate compiler generated dependencies of target nav2_is_battery_low_condition_bt_node[0m
[0.310s] [35m[1mConsolidate compiler generated dependencies of target nav2_rate_controller_bt_node[0m
[0.311s] [ 18%] Built target nav2_follow_path_action_bt_node
[0.313s] [ 19%] Built target nav2_drive_on_heading_cancel_bt_node
[0.313s] [35m[1mConsolidate compiler generated dependencies of target nav2_reinitialize_global_localization_service_bt_node[0m
[0.314s] [ 20%] Built target nav2_goal_reached_condition_bt_node
[0.314s] [ 21%] Built target nav2_globally_updated_goal_condition_bt_node
[0.314s] [ 22%] Built target nav2_time_expired_condition_bt_node
[0.315s] [35m[1mConsolidate compiler generated dependencies of target nav2_distance_controller_bt_node[0m
[0.315s] [ 13%] Built target nav2_back_up_action_bt_node
[0.316s] [ 12%] Built target nav2_wait_cancel_bt_node
[0.317s] [ 24%] Built target nav2_is_path_valid_condition_bt_node
[0.317s] [ 16%] Built target nav2_clear_costmap_service_bt_node
[0.318s] [ 24%] Built target nav2_drive_on_heading_bt_node
[0.332s] [35m[1mConsolidate compiler generated dependencies of target nav2_speed_controller_bt_node[0m
[0.340s] [35m[1mConsolidate compiler generated dependencies of target nav2_truncate_path_local_action_bt_node[0m
[0.340s] [35m[1mConsolidate compiler generated dependencies of target nav2_goal_updater_node_bt_node[0m
[0.341s] [35m[1mConsolidate compiler generated dependencies of target nav2_path_longer_on_approach_bt_node[0m
[0.344s] [35m[1mConsolidate compiler generated dependencies of target nav2_recovery_node_bt_node[0m
[0.345s] [35m[1mConsolidate compiler generated dependencies of target nav2_navigate_to_pose_action_bt_node[0m
[0.345s] [35m[1mConsolidate compiler generated dependencies of target nav2_truncate_path_action_bt_node[0m
[0.347s] [ 25%] Built target nav2_path_expiring_timer_condition
[0.347s] [35m[1mConsolidate compiler generated dependencies of target nav2_remove_passed_goals_action_bt_node[0m
[0.348s] [ 26%] Built target nav2_distance_traveled_condition_bt_node
[0.349s] [35m[1mConsolidate compiler generated dependencies of target nav2_get_pose_from_path_action_bt_node[0m
[0.352s] [ 27%] Built target nav2_initial_pose_received_condition_bt_node
[0.356s] [35m[1mConsolidate compiler generated dependencies of target nav2_navigate_through_poses_action_bt_node[0m
[0.359s] [ 28%] Built target nav2_rate_controller_bt_node
[0.360s] [35m[1mConsolidate compiler generated dependencies of target nav2_round_robin_node_bt_node[0m
[0.364s] [ 29%] Built target nav2_is_battery_charging_condition_bt_node
[0.364s] [35m[1mConsolidate compiler generated dependencies of target nav2_pipeline_sequence_bt_node[0m
[0.375s] [35m[1mConsolidate compiler generated dependencies of target nav2_single_trigger_bt_node[0m
[0.380s] [35m[1mConsolidate compiler generated dependencies of target nav2_controller_selector_bt_node[0m
[0.382s] [35m[1mConsolidate compiler generated dependencies of target nav2_progress_checker_selector_bt_node[0m
[0.382s] [35m[1mConsolidate compiler generated dependencies of target nav2_smoother_selector_bt_node[0m
[0.383s] [ 30%] Built target nav2_distance_controller_bt_node
[0.383s] [35m[1mConsolidate compiler generated dependencies of target nav2_planner_selector_bt_node[0m
[0.390s] [35m[1mConsolidate compiler generated dependencies of target nav2_goal_checker_selector_bt_node[0m
[0.391s] [35m[1mConsolidate compiler generated dependencies of target nav2_goal_updated_controller_bt_node[0m
[0.391s] [35m[1mConsolidate compiler generated dependencies of target gtest[0m
[0.395s] [35m[1mConsolidate compiler generated dependencies of target gtest_main[0m
[0.396s] [ 32%] Built target nav2_is_battery_low_condition_bt_node
[0.398s] [ 32%] Built target nav2_reinitialize_global_localization_service_bt_node
[0.414s] [ 33%] Built target nav2_recovery_node_bt_node
[0.424s] [ 34%] Built target nav2_round_robin_node_bt_node
[0.456s] [ 36%] Built target gtest_main
[0.467s] [ 37%] Built target nav2_pipeline_sequence_bt_node
[0.468s] [ 38%] Built target nav2_single_trigger_bt_node
[0.473s] [ 40%] Built target nav2_goal_updater_node_bt_node
[0.480s] [ 41%] Built target nav2_path_longer_on_approach_bt_node
[0.481s] [ 39%] Built target nav2_navigate_to_pose_action_bt_node
[0.485s] [ 44%] Built target nav2_speed_controller_bt_node
[0.485s] [ 45%] Built target nav2_navigate_through_poses_action_bt_node
[0.487s] [ 46%] Built target nav2_smoother_selector_bt_node
[0.487s] [ 43%] Built target nav2_get_pose_from_path_action_bt_node
[0.487s] [ 42%] Built target nav2_planner_selector_bt_node
[0.487s] [ 47%] Built target nav2_controller_selector_bt_node
[0.488s] [ 42%] Built target nav2_truncate_path_local_action_bt_node
[0.488s] [ 47%] Built target nav2_truncate_path_action_bt_node
[0.488s] [ 47%] Built target nav2_progress_checker_selector_bt_node
[0.488s] [ 47%] Built target gtest
[0.493s] [ 48%] Built target nav2_goal_checker_selector_bt_node
[0.505s] [ 49%] Built target nav2_remove_passed_goals_action_bt_node
[0.511s] [ 50%] Built target nav2_goal_updated_controller_bt_node
[0.517s] [35m[1mConsolidate compiler generated dependencies of target test_condition_time_expired[0m
[0.517s] [35m[1mConsolidate compiler generated dependencies of target test_bt_conversions[0m
[0.517s] [35m[1mConsolidate compiler generated dependencies of target test_condition_goal_reached[0m
[0.517s] [35m[1mConsolidate compiler generated dependencies of target test_condition_path_expiring_timer[0m
[0.518s] [35m[1mConsolidate compiler generated dependencies of target test_condition_distance_traveled[0m
[0.523s] [35m[1mConsolidate compiler generated dependencies of target test_condition_transform_available[0m
[0.523s] [35m[1mConsolidate compiler generated dependencies of target test_condition_globally_updated_goal[0m
[0.528s] [35m[1mConsolidate compiler generated dependencies of target test_condition_initial_pose_received[0m
[0.528s] [35m[1mConsolidate compiler generated dependencies of target test_condition_goal_updated[0m
[0.530s] [35m[1mConsolidate compiler generated dependencies of target test_condition_is_battery_charging[0m
[0.531s] [35m[1mConsolidate compiler generated dependencies of target test_condition_is_battery_low[0m
[0.535s] [35m[1mConsolidate compiler generated dependencies of target test_condition_is_stuck[0m
[0.536s] [35m[1mConsolidate compiler generated dependencies of target test_decorator_speed_controller[0m
[0.545s] [35m[1mConsolidate compiler generated dependencies of target test_condition_is_path_valid[0m
[0.546s] [35m[1mConsolidate compiler generated dependencies of target test_decorator_rate_controller[0m
[0.549s] [35m[1mConsolidate compiler generated dependencies of target test_goal_updater_node[0m
[0.551s] [35m[1mConsolidate compiler generated dependencies of target test_control_pipeline_sequence[0m
[0.552s] [35m[1mConsolidate compiler generated dependencies of target test_decorator_distance_controller[0m
[0.552s] [35m[1mConsolidate compiler generated dependencies of target test_control_recovery_node[0m
[0.552s] [35m[1mConsolidate compiler generated dependencies of target test_control_round_robin_node[0m
[0.553s] [35m[1mConsolidate compiler generated dependencies of target test_goal_updated_controller[0m
[0.553s] [35m[1mConsolidate compiler generated dependencies of target test_bt_action_node[0m
[0.554s] [35m[1mConsolidate compiler generated dependencies of target test_decorator_path_longer_on_approach[0m
[0.557s] [35m[1mConsolidate compiler generated dependencies of target test_single_trigger_node[0m
[0.584s] [ 51%] Built target test_condition_goal_reached
[0.597s] [ 52%] Built target test_condition_time_expired
[0.605s] [ 53%] Built target test_bt_conversions
[0.608s] [35m[1mConsolidate compiler generated dependencies of target test_action_spin_action[0m
[0.622s] [ 54%] Built target test_condition_globally_updated_goal
[0.623s] [ 55%] Built target test_condition_initial_pose_received
[0.623s] [35m[1mConsolidate compiler generated dependencies of target test_action_back_up_action[0m
[0.629s] [ 56%] Built target test_condition_path_expiring_timer
[0.631s] [35m[1mConsolidate compiler generated dependencies of target test_action_drive_on_heading[0m
[0.632s] [ 57%] Built target test_condition_is_battery_low
[0.657s] [ 58%] Built target test_condition_is_stuck
[0.657s] [ 59%] Built target test_condition_goal_updated
[0.657s] [ 60%] Built target test_condition_transform_available
[0.657s] [ 61%] Built target test_condition_distance_traveled
[0.657s] [ 62%] Built target test_condition_is_path_valid
[0.658s] [ 63%] Built target test_decorator_distance_controller
[0.660s] [ 64%] Built target test_decorator_speed_controller
[0.661s] [ 65%] Built target test_decorator_rate_controller
[0.662s] [ 66%] Built target test_control_pipeline_sequence
[0.663s] [ 67%] Built target test_goal_updater_node
[0.664s] [ 68%] Built target test_single_trigger_node
[0.664s] [ 69%] Built target test_goal_updated_controller
[0.664s] [ 70%] Built target test_condition_is_battery_charging
[0.665s] [ 72%] Built target test_bt_action_node
[0.665s] [ 72%] Built target test_control_round_robin_node
[0.665s] [ 73%] Built target test_decorator_path_longer_on_approach
[0.667s] [ 73%] Built target test_control_recovery_node
[0.678s] [ 74%] Built target test_action_spin_action
[0.678s] [35m[1mConsolidate compiler generated dependencies of target test_action_wait_action[0m
[0.686s] [35m[1mConsolidate compiler generated dependencies of target test_action_controller_cancel_action[0m
[0.686s] [35m[1mConsolidate compiler generated dependencies of target test_action_back_up_cancel_action[0m
[0.686s] [35m[1mConsolidate compiler generated dependencies of target test_action_assisted_teleop_cancel_action[0m
[0.691s] [35m[1mConsolidate compiler generated dependencies of target test_action_spin_cancel_action[0m
[0.692s] [35m[1mConsolidate compiler generated dependencies of target test_action_assisted_teleop_action[0m
[0.692s] [35m[1mConsolidate compiler generated dependencies of target test_action_clear_costmap_service[0m
[0.697s] [ 75%] Built target test_action_drive_on_heading
[0.704s] [35m[1mConsolidate compiler generated dependencies of target test_action_wait_cancel_action[0m
[0.705s] [35m[1mConsolidate compiler generated dependencies of target test_action_drive_on_heading_cancel_action[0m
[0.706s] [35m[1mConsolidate compiler generated dependencies of target test_action_compute_path_to_pose_action[0m
[0.706s] [35m[1mConsolidate compiler generated dependencies of target test_action_smooth_path_action[0m
[0.706s] [35m[1mConsolidate compiler generated dependencies of target test_action_follow_path_action[0m
[0.706s] [ 76%] Built target test_action_back_up_action
[0.706s] [35m[1mConsolidate compiler generated dependencies of target test_action_reinitialize_global_localization_service[0m
[0.706s] [35m[1mConsolidate compiler generated dependencies of target test_truncate_path_action[0m
[0.710s] [35m[1mConsolidate compiler generated dependencies of target test_action_navigate_through_poses_action[0m
[0.726s] [35m[1mConsolidate compiler generated dependencies of target test_action_compute_path_through_poses_action[0m
[0.737s] [35m[1mConsolidate compiler generated dependencies of target test_action_navigate_to_pose_action[0m
[0.738s] [35m[1mConsolidate compiler generated dependencies of target test_truncate_path_local_action[0m
[0.768s] [35m[1mConsolidate compiler generated dependencies of target test_get_pose_from_path_action[0m
[0.769s] [35m[1mConsolidate compiler generated dependencies of target test_remove_passed_goals_action[0m
[0.769s] [35m[1mConsolidate compiler generated dependencies of target test_planner_selector_node[0m
[0.770s] [35m[1mConsolidate compiler generated dependencies of target test_controller_selector_node[0m
[0.771s] [35m[1mConsolidate compiler generated dependencies of target test_smoother_selector_node[0m
[0.771s] [35m[1mConsolidate compiler generated dependencies of target test_goal_checker_selector_node[0m
[0.771s] [ 77%] Built target test_action_controller_cancel_action
[0.777s] [ 78%] Built target test_action_assisted_teleop_action
[0.780s] [35m[1mConsolidate compiler generated dependencies of target test_progress_checker_selector_node[0m
[0.780s] [ 79%] Built target test_action_wait_action
[0.784s] [ 80%] Built target test_action_assisted_teleop_cancel_action
[0.786s] [ 80%] Built target test_action_spin_cancel_action
[0.789s] [ 81%] Built target test_action_clear_costmap_service
[0.811s] [ 82%] Built target test_action_back_up_cancel_action
[0.811s] [ 83%] Built target test_get_pose_from_path_action
[0.812s] [ 84%] Built target test_action_wait_cancel_action
[0.813s] [ 85%] Built target test_action_navigate_through_poses_action
[0.813s] [ 86%] Built target test_action_follow_path_action
[0.813s] [ 87%] Built target test_action_compute_path_through_poses_action
[0.813s] [ 88%] Built target test_action_reinitialize_global_localization_service
[0.813s] [ 89%] Built target test_truncate_path_action
[0.815s] [ 90%] Built target test_action_compute_path_to_pose_action
[0.816s] [ 91%] Built target test_action_drive_on_heading_cancel_action
[0.816s] [ 92%] Built target test_action_navigate_to_pose_action
[0.818s] [ 93%] Built target test_planner_selector_node
[0.819s] [ 94%] Built target test_truncate_path_local_action
[0.819s] [ 95%] Built target test_action_smooth_path_action
[0.823s] [ 96%] Built target test_smoother_selector_node
[0.824s] [ 97%] Built target test_goal_checker_selector_node
[0.824s] [ 98%] Built target test_controller_selector_node
[0.825s] [ 99%] Built target test_remove_passed_goals_action
[0.830s] [100%] Built target test_progress_checker_selector_node
[0.903s] Invoked command in '/home/rpp/rpp_ws/build/nav2_behavior_tree' returned '0': CMAKE_PREFIX_PATH=/home/rpp/rpp_ws/install/nav2_util:/home/rpp/rpp_ws/install/nav2_msgs:/home/rpp/rpp_ws/install/nav2_common:/home/rpp/rpp_ws/install/xf_voice:/home/rpp/rpp_ws/install/xf_voice_msgs:/home/rpp/rpp_ws/install/wheeltec_mic_ros2:/home/rpp/rpp_ws/install/wheeltec_mic_msg:/home/rpp/rpp_ws/install/ti5cra_servo_ros:/home/rpp/rpp_ws/install/ti5cra_servo_sdk:/home/rpp/rpp_ws/install/syntron_servo_ros:/home/rpp/rpp_ws/install/syntron_servo_sdk:/home/rpp/rpp_ws/install/nav2_system_tests:/home/rpp/rpp_ws/install/nav2_bringup:/home/rpp/rpp_ws/install/slam_toolbox:/home/rpp/rpp_ws/install/slam_3d:/home/rpp/rpp_ws/install/slam_2d:/home/rpp/rpp_ws/install/serial:/home/rpp/rpp_ws/install/rpp_ros_driver:/home/rpp/rpp_ws/install/rpp_msgs:/home/rpp/rpp_ws/install/rpp_driver:/home/rpp/rpp_ws/install/robot_bringup:/home/rpp/rpp_ws/install/pymoveit2:/home/rpp/rpp_ws/install/pgo:/home/rpp/rpp_ws/install/navigation_2d:/home/rpp/rpp_ws/install/navigation2:/home/rpp/rpp_ws/install/nav2_smoother:/home/rpp/rpp_ws/install/nav2_graceful_controller:/home/rpp/rpp_ws/install/nav2_dwb_controller:/home/rpp/rpp_ws/install/nav2_controller:/home/rpp/rpp_ws/install/dwb_plugins:/home/rpp/rpp_ws/install/dwb_critics:/home/rpp/rpp_ws/install/dwb_core:/home/rpp/rpp_ws/install/nav_2d_utils:/home/rpp/rpp_ws/install/dwb_msgs:/home/rpp/rpp_ws/install/nav_2d_msgs:/home/rpp/rpp_ws/install/nav2_waypoint_follower:/home/rpp/rpp_ws/install/nav2_theta_star_planner:/home/rpp/rpp_ws/install/nav2_smac_planner:/home/rpp/rpp_ws/install/nav2_rotation_shim_controller:/home/rpp/rpp_ws/install/nav2_regulated_pure_pursuit_controller:/home/rpp/rpp_ws/install/nav2_planner:/home/rpp/rpp_ws/install/nav2_navfn_planner:/home/rpp/rpp_ws/install/nav2_mppi_controller:/home/rpp/rpp_ws/install/nav2_constrained_smoother:/home/rpp/rpp_ws/install/nav2_bt_navigator:/home/rpp/rpp_ws/install/nav2_behaviors:/home/rpp/rpp_ws/install/nav2_core:/home/rpp/rpp_ws/install/nav2_collision_monitor:/home/rpp/rpp_ws/install/costmap_queue:/home/rpp/rpp_ws/install/nav2_costmap_2d:/home/rpp/rpp_ws/install/nav2_voxel_grid:/home/rpp/rpp_ws/install/nav2_velocity_smoother:/home/rpp/rpp_ws/install/nav2_rviz_plugins:/home/rpp/rpp_ws/install/nav2_map_server:/home/rpp/rpp_ws/install/nav2_lifecycle_manager:/home/rpp/rpp_ws/install/nav2_behavior_tree:/home/rpp/rpp_ws/install/nav2_amcl:/home/rpp/rpp_ws/install/motor_pitch_ros:/home/rpp/rpp_ws/install/motor_pitch_sdk:/home/rpp/rpp_ws/install/motor_lift_ros:/home/rpp/rpp_ws/install/motor_lift_sdk:/home/rpp/rpp_ws/install/localizer:/home/rpp/rpp_ws/install/lidar_clipping:/home/rpp/rpp_ws/install/fastlio2:/home/rpp/rpp_ws/install/livox_ros_driver2:/home/rpp/rpp_ws/install/lakibeam1:/home/rpp/rpp_ws/install/kortex_bringup:/home/rpp/rpp_ws/install/kortex_driver:/home/rpp/rpp_ws/install/kinova_gen3_lite_moveit_config:/home/rpp/rpp_ws/install/kinova_gen3_7dof_robotiq_2f_85_moveit_config:/home/rpp/rpp_ws/install/kinova_gen3_6dof_robotiq_2f_85_moveit_config:/home/rpp/rpp_ws/install/kortex_description:/home/rpp/rpp_ws/install/kortex_api:/home/rpp/rpp_ws/install/ira_laser_tools:/home/rpp/rpp_ws/install/hba:/home/rpp/rpp_ws/install/interface:/home/rpp/rpp_ws/install/ea200_moveit_config:/home/rpp/rpp_ws/install/ea200_description:/home/rpp/rpp_ws/install/cr100_description:/home/rpp/rpp_ws/install/setting_info:/home/rpp/rpp_ws/install/nav2_simple_commander:/home/rpp/rpp_ws/install/gui_control:/home/rpp/rpp_ws/install/graphic_display:/home/rpp/rpp_ws/install/linker_hand_ros2_sdk:/home/rpp/rpp_ws/install/bt_task_manager_ros2:/opt/ros/humble LD_LIBRARY_PATH=/home/rpp/rpp_ws/install/nav2_util/lib:/home/rpp/rpp_ws/install/nav2_msgs/lib:/home/rpp/3rdparty//TensorRT-10.9.0.34/lib:/usr/local/cuda-12.8/lib64:/usr/local/lib/:/home/rpp/3rdparty//TensorRT-10.9.0.34/lib:/usr/local/cuda-12.8/lib64:/home/rpp/rpp_ws/install/xf_voice/lib:/home/rpp/rpp_ws/install/xf_voice_msgs/lib:/home/rpp/rpp_ws/install/wheeltec_mic_ros2/lib:/home/rpp/rpp_ws/install/wheeltec_mic_msg/lib:/home/rpp/rpp_ws/install/ti5cra_servo_sdk/lib:/home/rpp/rpp_ws/install/syntron_servo_sdk/lib:/home/rpp/rpp_ws/install/slam_toolbox/lib:/home/rpp/rpp_ws/install/serial/lib:/home/rpp/rpp_ws/install/rpp_msgs/lib:/home/rpp/rpp_ws/install/rpp_driver/lib:/home/rpp/rpp_ws/install/nav2_smoother/lib:/home/rpp/rpp_ws/install/nav2_graceful_controller/lib:/home/rpp/rpp_ws/install/nav2_controller/lib:/home/rpp/rpp_ws/install/dwb_plugins/lib:/home/rpp/rpp_ws/install/dwb_critics/lib:/home/rpp/rpp_ws/install/dwb_core/lib:/home/rpp/rpp_ws/install/nav_2d_utils/lib:/home/rpp/rpp_ws/install/dwb_msgs/lib:/home/rpp/rpp_ws/install/nav_2d_msgs/lib:/home/rpp/rpp_ws/install/nav2_waypoint_follower/lib:/home/rpp/rpp_ws/install/nav2_theta_star_planner/lib:/home/rpp/rpp_ws/install/nav2_smac_planner/lib:/home/rpp/rpp_ws/install/nav2_rotation_shim_controller/lib:/home/rpp/rpp_ws/install/nav2_regulated_pure_pursuit_controller/lib:/home/rpp/rpp_ws/install/nav2_planner/lib:/home/rpp/rpp_ws/install/nav2_navfn_planner/lib:/home/rpp/rpp_ws/install/nav2_mppi_controller/lib:/home/rpp/rpp_ws/install/nav2_constrained_smoother/lib:/home/rpp/rpp_ws/install/nav2_bt_navigator/lib:/home/rpp/rpp_ws/install/nav2_behaviors/lib:/home/rpp/rpp_ws/install/nav2_collision_monitor/lib:/home/rpp/rpp_ws/install/costmap_queue/lib:/home/rpp/rpp_ws/install/nav2_costmap_2d/lib:/home/rpp/rpp_ws/install/nav2_voxel_grid/lib:/home/rpp/rpp_ws/install/nav2_velocity_smoother/lib:/home/rpp/rpp_ws/install/nav2_rviz_plugins/lib:/home/rpp/rpp_ws/install/nav2_map_server/lib:/home/rpp/rpp_ws/install/nav2_lifecycle_manager/lib:/home/rpp/rpp_ws/install/nav2_behavior_tree/lib:/home/rpp/rpp_ws/install/nav2_amcl/lib:/home/rpp/rpp_ws/install/motor_pitch_sdk/lib:/home/rpp/rpp_ws/install/motor_lift_sdk/lib:/home/rpp/rpp_ws/install/livox_ros_driver2/lib:/home/rpp/rpp_ws/install/kortex_driver/lib:/home/rpp/rpp_ws/install/ira_laser_tools/lib:/home/rpp/rpp_ws/install/interface/lib:/usr/lib/x86_64-linux-gnu/gazebo-11/plugins:/opt/ros/humble/opt/rviz_ogre_vendor/lib:/opt/ros/humble/lib/x86_64-linux-gnu:/opt/ros/humble/opt/openvdb_vendor/lib:/opt/ros/humble/lib:/usr/local/lib/ /usr/bin/cmake --build /home/rpp/rpp_ws/build/nav2_behavior_tree -- -j24 -l24
[0.908s] Invoking command in '/home/rpp/rpp_ws/build/nav2_behavior_tree': CMAKE_PREFIX_PATH=/home/rpp/rpp_ws/install/nav2_util:/home/rpp/rpp_ws/install/nav2_msgs:/home/rpp/rpp_ws/install/nav2_common:/home/rpp/rpp_ws/install/xf_voice:/home/rpp/rpp_ws/install/xf_voice_msgs:/home/rpp/rpp_ws/install/wheeltec_mic_ros2:/home/rpp/rpp_ws/install/wheeltec_mic_msg:/home/rpp/rpp_ws/install/ti5cra_servo_ros:/home/rpp/rpp_ws/install/ti5cra_servo_sdk:/home/rpp/rpp_ws/install/syntron_servo_ros:/home/rpp/rpp_ws/install/syntron_servo_sdk:/home/rpp/rpp_ws/install/nav2_system_tests:/home/rpp/rpp_ws/install/nav2_bringup:/home/rpp/rpp_ws/install/slam_toolbox:/home/rpp/rpp_ws/install/slam_3d:/home/rpp/rpp_ws/install/slam_2d:/home/rpp/rpp_ws/install/serial:/home/rpp/rpp_ws/install/rpp_ros_driver:/home/rpp/rpp_ws/install/rpp_msgs:/home/rpp/rpp_ws/install/rpp_driver:/home/rpp/rpp_ws/install/robot_bringup:/home/rpp/rpp_ws/install/pymoveit2:/home/rpp/rpp_ws/install/pgo:/home/rpp/rpp_ws/install/navigation_2d:/home/rpp/rpp_ws/install/navigation2:/home/rpp/rpp_ws/install/nav2_smoother:/home/rpp/rpp_ws/install/nav2_graceful_controller:/home/rpp/rpp_ws/install/nav2_dwb_controller:/home/rpp/rpp_ws/install/nav2_controller:/home/rpp/rpp_ws/install/dwb_plugins:/home/rpp/rpp_ws/install/dwb_critics:/home/rpp/rpp_ws/install/dwb_core:/home/rpp/rpp_ws/install/nav_2d_utils:/home/rpp/rpp_ws/install/dwb_msgs:/home/rpp/rpp_ws/install/nav_2d_msgs:/home/rpp/rpp_ws/install/nav2_waypoint_follower:/home/rpp/rpp_ws/install/nav2_theta_star_planner:/home/rpp/rpp_ws/install/nav2_smac_planner:/home/rpp/rpp_ws/install/nav2_rotation_shim_controller:/home/rpp/rpp_ws/install/nav2_regulated_pure_pursuit_controller:/home/rpp/rpp_ws/install/nav2_planner:/home/rpp/rpp_ws/install/nav2_navfn_planner:/home/rpp/rpp_ws/install/nav2_mppi_controller:/home/rpp/rpp_ws/install/nav2_constrained_smoother:/home/rpp/rpp_ws/install/nav2_bt_navigator:/home/rpp/rpp_ws/install/nav2_behaviors:/home/rpp/rpp_ws/install/nav2_core:/home/rpp/rpp_ws/install/nav2_collision_monitor:/home/rpp/rpp_ws/install/costmap_queue:/home/rpp/rpp_ws/install/nav2_costmap_2d:/home/rpp/rpp_ws/install/nav2_voxel_grid:/home/rpp/rpp_ws/install/nav2_velocity_smoother:/home/rpp/rpp_ws/install/nav2_rviz_plugins:/home/rpp/rpp_ws/install/nav2_map_server:/home/rpp/rpp_ws/install/nav2_lifecycle_manager:/home/rpp/rpp_ws/install/nav2_behavior_tree:/home/rpp/rpp_ws/install/nav2_amcl:/home/rpp/rpp_ws/install/motor_pitch_ros:/home/rpp/rpp_ws/install/motor_pitch_sdk:/home/rpp/rpp_ws/install/motor_lift_ros:/home/rpp/rpp_ws/install/motor_lift_sdk:/home/rpp/rpp_ws/install/localizer:/home/rpp/rpp_ws/install/lidar_clipping:/home/rpp/rpp_ws/install/fastlio2:/home/rpp/rpp_ws/install/livox_ros_driver2:/home/rpp/rpp_ws/install/lakibeam1:/home/rpp/rpp_ws/install/kortex_bringup:/home/rpp/rpp_ws/install/kortex_driver:/home/rpp/rpp_ws/install/kinova_gen3_lite_moveit_config:/home/rpp/rpp_ws/install/kinova_gen3_7dof_robotiq_2f_85_moveit_config:/home/rpp/rpp_ws/install/kinova_gen3_6dof_robotiq_2f_85_moveit_config:/home/rpp/rpp_ws/install/kortex_description:/home/rpp/rpp_ws/install/kortex_api:/home/rpp/rpp_ws/install/ira_laser_tools:/home/rpp/rpp_ws/install/hba:/home/rpp/rpp_ws/install/interface:/home/rpp/rpp_ws/install/ea200_moveit_config:/home/rpp/rpp_ws/install/ea200_description:/home/rpp/rpp_ws/install/cr100_description:/home/rpp/rpp_ws/install/setting_info:/home/rpp/rpp_ws/install/nav2_simple_commander:/home/rpp/rpp_ws/install/gui_control:/home/rpp/rpp_ws/install/graphic_display:/home/rpp/rpp_ws/install/linker_hand_ros2_sdk:/home/rpp/rpp_ws/install/bt_task_manager_ros2:/opt/ros/humble LD_LIBRARY_PATH=/home/rpp/rpp_ws/install/nav2_util/lib:/home/rpp/rpp_ws/install/nav2_msgs/lib:/home/rpp/3rdparty//TensorRT-10.9.0.34/lib:/usr/local/cuda-12.8/lib64:/usr/local/lib/:/home/rpp/3rdparty//TensorRT-10.9.0.34/lib:/usr/local/cuda-12.8/lib64:/home/rpp/rpp_ws/install/xf_voice/lib:/home/rpp/rpp_ws/install/xf_voice_msgs/lib:/home/rpp/rpp_ws/install/wheeltec_mic_ros2/lib:/home/rpp/rpp_ws/install/wheeltec_mic_msg/lib:/home/rpp/rpp_ws/install/ti5cra_servo_sdk/lib:/home/rpp/rpp_ws/install/syntron_servo_sdk/lib:/home/rpp/rpp_ws/install/slam_toolbox/lib:/home/rpp/rpp_ws/install/serial/lib:/home/rpp/rpp_ws/install/rpp_msgs/lib:/home/rpp/rpp_ws/install/rpp_driver/lib:/home/rpp/rpp_ws/install/nav2_smoother/lib:/home/rpp/rpp_ws/install/nav2_graceful_controller/lib:/home/rpp/rpp_ws/install/nav2_controller/lib:/home/rpp/rpp_ws/install/dwb_plugins/lib:/home/rpp/rpp_ws/install/dwb_critics/lib:/home/rpp/rpp_ws/install/dwb_core/lib:/home/rpp/rpp_ws/install/nav_2d_utils/lib:/home/rpp/rpp_ws/install/dwb_msgs/lib:/home/rpp/rpp_ws/install/nav_2d_msgs/lib:/home/rpp/rpp_ws/install/nav2_waypoint_follower/lib:/home/rpp/rpp_ws/install/nav2_theta_star_planner/lib:/home/rpp/rpp_ws/install/nav2_smac_planner/lib:/home/rpp/rpp_ws/install/nav2_rotation_shim_controller/lib:/home/rpp/rpp_ws/install/nav2_regulated_pure_pursuit_controller/lib:/home/rpp/rpp_ws/install/nav2_planner/lib:/home/rpp/rpp_ws/install/nav2_navfn_planner/lib:/home/rpp/rpp_ws/install/nav2_mppi_controller/lib:/home/rpp/rpp_ws/install/nav2_constrained_smoother/lib:/home/rpp/rpp_ws/install/nav2_bt_navigator/lib:/home/rpp/rpp_ws/install/nav2_behaviors/lib:/home/rpp/rpp_ws/install/nav2_collision_monitor/lib:/home/rpp/rpp_ws/install/costmap_queue/lib:/home/rpp/rpp_ws/install/nav2_costmap_2d/lib:/home/rpp/rpp_ws/install/nav2_voxel_grid/lib:/home/rpp/rpp_ws/install/nav2_velocity_smoother/lib:/home/rpp/rpp_ws/install/nav2_rviz_plugins/lib:/home/rpp/rpp_ws/install/nav2_map_server/lib:/home/rpp/rpp_ws/install/nav2_lifecycle_manager/lib:/home/rpp/rpp_ws/install/nav2_behavior_tree/lib:/home/rpp/rpp_ws/install/nav2_amcl/lib:/home/rpp/rpp_ws/install/motor_pitch_sdk/lib:/home/rpp/rpp_ws/install/motor_lift_sdk/lib:/home/rpp/rpp_ws/install/livox_ros_driver2/lib:/home/rpp/rpp_ws/install/kortex_driver/lib:/home/rpp/rpp_ws/install/ira_laser_tools/lib:/home/rpp/rpp_ws/install/interface/lib:/usr/lib/x86_64-linux-gnu/gazebo-11/plugins:/opt/ros/humble/opt/rviz_ogre_vendor/lib:/opt/ros/humble/lib/x86_64-linux-gnu:/opt/ros/humble/opt/openvdb_vendor/lib:/opt/ros/humble/lib:/usr/local/lib/ /usr/bin/cmake --install /home/rpp/rpp_ws/build/nav2_behavior_tree
[0.928s] -- Install configuration: "Release"
[0.929s] -- Execute custom install script
[0.930s] -- Up-to-date symlink: /home/rpp/rpp_ws/install/nav2_behavior_tree/lib/libnav2_behavior_tree.so
[0.931s] -- Up-to-date symlink: /home/rpp/rpp_ws/install/nav2_behavior_tree/lib/libnav2_get_pose_from_poses_action_bt_node.so
[0.931s] -- Up-to-date symlink: /home/rpp/rpp_ws/install/nav2_behavior_tree/lib/libnav2_compute_path_to_pose_action_bt_node.so
[0.931s] -- Up-to-date symlink: /home/rpp/rpp_ws/install/nav2_behavior_tree/lib/libnav2_compute_path_through_poses_action_bt_node.so
[0.932s] -- Up-to-date symlink: /home/rpp/rpp_ws/install/nav2_behavior_tree/lib/libnav2_controller_cancel_bt_node.so
[0.932s] -- Up-to-date symlink: /home/rpp/rpp_ws/install/nav2_behavior_tree/lib/libnav2_wait_cancel_bt_node.so
[0.932s] -- Up-to-date symlink: /home/rpp/rpp_ws/install/nav2_behavior_tree/lib/libnav2_spin_cancel_bt_node.so
[0.932s] -- Up-to-date symlink: /home/rpp/rpp_ws/install/nav2_behavior_tree/lib/libnav2_back_up_cancel_bt_node.so
[0.933s] -- Up-to-date symlink: /home/rpp/rpp_ws/install/nav2_behavior_tree/lib/libnav2_assisted_teleop_cancel_bt_node.so
[0.934s] -- Up-to-date symlink: /home/rpp/rpp_ws/install/nav2_behavior_tree/lib/libnav2_drive_on_heading_cancel_bt_node.so
[0.935s] -- Up-to-date symlink: /home/rpp/rpp_ws/install/nav2_behavior_tree/lib/libnav2_smooth_path_action_bt_node.so
[0.935s] -- Up-to-date symlink: /home/rpp/rpp_ws/install/nav2_behavior_tree/lib/libnav2_follow_path_action_bt_node.so
[0.935s] -- Up-to-date symlink: /home/rpp/rpp_ws/install/nav2_behavior_tree/lib/libnav2_back_up_action_bt_node.so
[0.935s] -- Up-to-date symlink: /home/rpp/rpp_ws/install/nav2_behavior_tree/lib/libnav2_drive_on_heading_bt_node.so
[0.936s] -- Up-to-date symlink: /home/rpp/rpp_ws/install/nav2_behavior_tree/lib/libnav2_spin_action_bt_node.so
[0.936s] -- Up-to-date symlink: /home/rpp/rpp_ws/install/nav2_behavior_tree/lib/libnav2_wait_action_bt_node.so
[0.936s] -- Up-to-date symlink: /home/rpp/rpp_ws/install/nav2_behavior_tree/lib/libnav2_assisted_teleop_action_bt_node.so
[0.936s] -- Up-to-date symlink: /home/rpp/rpp_ws/install/nav2_behavior_tree/lib/libnav2_clear_costmap_service_bt_node.so
[0.936s] -- Up-to-date symlink: /home/rpp/rpp_ws/install/nav2_behavior_tree/lib/libnav2_is_stuck_condition_bt_node.so
[0.936s] -- Up-to-date symlink: /home/rpp/rpp_ws/install/nav2_behavior_tree/lib/libnav2_transform_available_condition_bt_node.so
[0.937s] -- Up-to-date symlink: /home/rpp/rpp_ws/install/nav2_behavior_tree/lib/libnav2_goal_reached_condition_bt_node.so
[0.937s] -- Up-to-date symlink: /home/rpp/rpp_ws/install/nav2_behavior_tree/lib/libnav2_globally_updated_goal_condition_bt_node.so
[0.937s] -- Up-to-date symlink: /home/rpp/rpp_ws/install/nav2_behavior_tree/lib/libnav2_goal_updated_condition_bt_node.so
[0.937s] -- Up-to-date symlink: /home/rpp/rpp_ws/install/nav2_behavior_tree/lib/libnav2_is_path_valid_condition_bt_node.so
[0.937s] -- Up-to-date symlink: /home/rpp/rpp_ws/install/nav2_behavior_tree/lib/libnav2_time_expired_condition_bt_node.so
[0.937s] -- Up-to-date symlink: /home/rpp/rpp_ws/install/nav2_behavior_tree/lib/libnav2_path_expiring_timer_condition.so
[0.937s] -- Up-to-date symlink: /home/rpp/rpp_ws/install/nav2_behavior_tree/lib/libnav2_distance_traveled_condition_bt_node.so
[0.938s] -- Up-to-date symlink: /home/rpp/rpp_ws/install/nav2_behavior_tree/lib/libnav2_initial_pose_received_condition_bt_node.so
[0.939s] -- Up-to-date symlink: /home/rpp/rpp_ws/install/nav2_behavior_tree/lib/libnav2_is_battery_charging_condition_bt_node.so
[0.939s] -- Up-to-date symlink: /home/rpp/rpp_ws/install/nav2_behavior_tree/lib/libnav2_is_battery_low_condition_bt_node.so
[0.939s] -- Up-to-date symlink: /home/rpp/rpp_ws/install/nav2_behavior_tree/lib/libnav2_reinitialize_global_localization_service_bt_node.so
[0.939s] -- Up-to-date symlink: /home/rpp/rpp_ws/install/nav2_behavior_tree/lib/libnav2_rate_controller_bt_node.so
[0.940s] -- Up-to-date symlink: /home/rpp/rpp_ws/install/nav2_behavior_tree/lib/libnav2_distance_controller_bt_node.so
[0.940s] -- Up-to-date symlink: /home/rpp/rpp_ws/install/nav2_behavior_tree/lib/libnav2_speed_controller_bt_node.so
[0.940s] -- Up-to-date symlink: /home/rpp/rpp_ws/install/nav2_behavior_tree/lib/libnav2_truncate_path_action_bt_node.so
[0.940s] -- Up-to-date symlink: /home/rpp/rpp_ws/install/nav2_behavior_tree/lib/libnav2_truncate_path_local_action_bt_node.so
[0.940s] -- Up-to-date symlink: /home/rpp/rpp_ws/install/nav2_behavior_tree/lib/libnav2_goal_updater_node_bt_node.so
[0.940s] -- Up-to-date symlink: /home/rpp/rpp_ws/install/nav2_behavior_tree/lib/libnav2_path_longer_on_approach_bt_node.so
[0.940s] -- Up-to-date symlink: /home/rpp/rpp_ws/install/nav2_behavior_tree/lib/libnav2_recovery_node_bt_node.so
[0.940s] -- Up-to-date symlink: /home/rpp/rpp_ws/install/nav2_behavior_tree/lib/libnav2_navigate_to_pose_action_bt_node.so
[0.941s] -- Up-to-date symlink: /home/rpp/rpp_ws/install/nav2_behavior_tree/lib/libnav2_navigate_through_poses_action_bt_node.so
[0.941s] -- Up-to-date symlink: /home/rpp/rpp_ws/install/nav2_behavior_tree/lib/libnav2_remove_passed_goals_action_bt_node.so
[0.941s] -- Up-to-date symlink: /home/rpp/rpp_ws/install/nav2_behavior_tree/lib/libnav2_get_pose_from_path_action_bt_node.so
[0.941s] -- Up-to-date symlink: /home/rpp/rpp_ws/install/nav2_behavior_tree/lib/libnav2_pipeline_sequence_bt_node.so
[0.941s] -- Up-to-date symlink: /home/rpp/rpp_ws/install/nav2_behavior_tree/lib/libnav2_round_robin_node_bt_node.so
[0.941s] -- Up-to-date symlink: /home/rpp/rpp_ws/install/nav2_behavior_tree/lib/libnav2_single_trigger_bt_node.so
[0.942s] -- Up-to-date symlink: /home/rpp/rpp_ws/install/nav2_behavior_tree/lib/libnav2_planner_selector_bt_node.so
[0.942s] -- Up-to-date symlink: /home/rpp/rpp_ws/install/nav2_behavior_tree/lib/libnav2_controller_selector_bt_node.so
[0.942s] -- Up-to-date symlink: /home/rpp/rpp_ws/install/nav2_behavior_tree/lib/libnav2_smoother_selector_bt_node.so
[0.942s] -- Up-to-date symlink: /home/rpp/rpp_ws/install/nav2_behavior_tree/lib/libnav2_goal_checker_selector_bt_node.so
[0.942s] -- Up-to-date symlink: /home/rpp/rpp_ws/install/nav2_behavior_tree/lib/libnav2_progress_checker_selector_bt_node.so
[0.942s] -- Up-to-date symlink: /home/rpp/rpp_ws/install/nav2_behavior_tree/lib/libnav2_goal_updated_controller_bt_node.so
[0.943s] -- Up-to-date symlink: /home/rpp/rpp_ws/install/nav2_behavior_tree/include//nav2_behavior_tree/behavior_tree_engine.hpp
[0.943s] -- Up-to-date symlink: /home/rpp/rpp_ws/install/nav2_behavior_tree/include//nav2_behavior_tree/bt_action_node.hpp
[0.943s] -- Up-to-date symlink: /home/rpp/rpp_ws/install/nav2_behavior_tree/include//nav2_behavior_tree/bt_action_server.hpp
[0.943s] -- Up-to-date symlink: /home/rpp/rpp_ws/install/nav2_behavior_tree/include//nav2_behavior_tree/bt_action_server_impl.hpp
[0.943s] -- Up-to-date symlink: /home/rpp/rpp_ws/install/nav2_behavior_tree/include//nav2_behavior_tree/bt_cancel_action_node.hpp
[0.943s] -- Up-to-date symlink: /home/rpp/rpp_ws/install/nav2_behavior_tree/include//nav2_behavior_tree/bt_conversions.hpp
[0.943s] -- Up-to-date symlink: /home/rpp/rpp_ws/install/nav2_behavior_tree/include//nav2_behavior_tree/bt_service_node.hpp
[0.943s] -- Up-to-date symlink: /home/rpp/rpp_ws/install/nav2_behavior_tree/include//nav2_behavior_tree/plugins/action/assisted_teleop_action.hpp
[0.943s] -- Up-to-date symlink: /home/rpp/rpp_ws/install/nav2_behavior_tree/include//nav2_behavior_tree/plugins/action/assisted_teleop_cancel_node.hpp
[0.943s] -- Up-to-date symlink: /home/rpp/rpp_ws/install/nav2_behavior_tree/include//nav2_behavior_tree/plugins/action/back_up_action.hpp
[0.943s] -- Up-to-date symlink: /home/rpp/rpp_ws/install/nav2_behavior_tree/include//nav2_behavior_tree/plugins/action/back_up_cancel_node.hpp
[0.944s] -- Up-to-date symlink: /home/rpp/rpp_ws/install/nav2_behavior_tree/include//nav2_behavior_tree/plugins/action/clear_costmap_service.hpp
[0.944s] -- Up-to-date symlink: /home/rpp/rpp_ws/install/nav2_behavior_tree/include//nav2_behavior_tree/plugins/action/compute_path_through_poses_action.hpp
[0.944s] -- Up-to-date symlink: /home/rpp/rpp_ws/install/nav2_behavior_tree/include//nav2_behavior_tree/plugins/action/compute_path_to_pose_action.hpp
[0.944s] -- Up-to-date symlink: /home/rpp/rpp_ws/install/nav2_behavior_tree/include//nav2_behavior_tree/plugins/action/controller_cancel_node.hpp
[0.944s] -- Up-to-date symlink: /home/rpp/rpp_ws/install/nav2_behavior_tree/include//nav2_behavior_tree/plugins/action/controller_selector_node.hpp
[0.944s] -- Up-to-date symlink: /home/rpp/rpp_ws/install/nav2_behavior_tree/include//nav2_behavior_tree/plugins/action/drive_on_heading_action.hpp
[0.944s] -- Up-to-date symlink: /home/rpp/rpp_ws/install/nav2_behavior_tree/include//nav2_behavior_tree/plugins/action/drive_on_heading_cancel_node.hpp
[0.944s] -- Up-to-date symlink: /home/rpp/rpp_ws/install/nav2_behavior_tree/include//nav2_behavior_tree/plugins/action/follow_path_action.hpp
[0.944s] -- Up-to-date symlink: /home/rpp/rpp_ws/install/nav2_behavior_tree/include//nav2_behavior_tree/plugins/action/get_pose_from_path_action.hpp
[0.944s] -- Up-to-date symlink: /home/rpp/rpp_ws/install/nav2_behavior_tree/include//nav2_behavior_tree/plugins/action/get_pose_from_poses.hpp
[0.944s] -- Up-to-date symlink: /home/rpp/rpp_ws/install/nav2_behavior_tree/include//nav2_behavior_tree/plugins/action/goal_checker_selector_node.hpp
[0.944s] -- Up-to-date symlink: /home/rpp/rpp_ws/install/nav2_behavior_tree/include//nav2_behavior_tree/plugins/action/navigate_through_poses_action.hpp
[0.944s] -- Up-to-date symlink: /home/rpp/rpp_ws/install/nav2_behavior_tree/include//nav2_behavior_tree/plugins/action/navigate_to_pose_action.hpp
[0.945s] -- Up-to-date symlink: /home/rpp/rpp_ws/install/nav2_behavior_tree/include//nav2_behavior_tree/plugins/action/planner_selector_node.hpp
[0.945s] -- Up-to-date symlink: /home/rpp/rpp_ws/install/nav2_behavior_tree/include//nav2_behavior_tree/plugins/action/progress_checker_selector_node.hpp
[0.945s] -- Up-to-date symlink: /home/rpp/rpp_ws/install/nav2_behavior_tree/include//nav2_behavior_tree/plugins/action/reinitialize_global_localization_service.hpp
[0.945s] -- Up-to-date symlink: /home/rpp/rpp_ws/install/nav2_behavior_tree/include//nav2_behavior_tree/plugins/action/remove_passed_goals_action.hpp
[0.945s] -- Up-to-date symlink: /home/rpp/rpp_ws/install/nav2_behavior_tree/include//nav2_behavior_tree/plugins/action/smooth_path_action.hpp
[0.945s] -- Up-to-date symlink: /home/rpp/rpp_ws/install/nav2_behavior_tree/include//nav2_behavior_tree/plugins/action/smoother_selector_node.hpp
[0.945s] -- Up-to-date symlink: /home/rpp/rpp_ws/install/nav2_behavior_tree/include//nav2_behavior_tree/plugins/action/spin_action.hpp
[0.945s] -- Up-to-date symlink: /home/rpp/rpp_ws/install/nav2_behavior_tree/include//nav2_behavior_tree/plugins/action/spin_cancel_node.hpp
[0.945s] -- Up-to-date symlink: /home/rpp/rpp_ws/install/nav2_behavior_tree/include//nav2_behavior_tree/plugins/action/truncate_path_action.hpp
[0.945s] -- Up-to-date symlink: /home/rpp/rpp_ws/install/nav2_behavior_tree/include//nav2_behavior_tree/plugins/action/truncate_path_local_action.hpp
[0.945s] -- Up-to-date symlink: /home/rpp/rpp_ws/install/nav2_behavior_tree/include//nav2_behavior_tree/plugins/action/wait_action.hpp
[0.945s] -- Up-to-date symlink: /home/rpp/rpp_ws/install/nav2_behavior_tree/include//nav2_behavior_tree/plugins/action/wait_cancel_node.hpp
[0.945s] -- Up-to-date symlink: /home/rpp/rpp_ws/install/nav2_behavior_tree/include//nav2_behavior_tree/plugins/condition/distance_traveled_condition.hpp
[0.945s] -- Up-to-date symlink: /home/rpp/rpp_ws/install/nav2_behavior_tree/include//nav2_behavior_tree/plugins/condition/globally_updated_goal_condition.hpp
[0.946s] -- Up-to-date symlink: /home/rpp/rpp_ws/install/nav2_behavior_tree/include//nav2_behavior_tree/plugins/condition/goal_reached_condition.hpp
[0.946s] -- Up-to-date symlink: /home/rpp/rpp_ws/install/nav2_behavior_tree/include//nav2_behavior_tree/plugins/condition/goal_updated_condition.hpp
[0.946s] -- Up-to-date symlink: /home/rpp/rpp_ws/install/nav2_behavior_tree/include//nav2_behavior_tree/plugins/condition/initial_pose_received_condition.hpp
[0.946s] -- Up-to-date symlink: /home/rpp/rpp_ws/install/nav2_behavior_tree/include//nav2_behavior_tree/plugins/condition/is_battery_charging_condition.hpp
[0.946s] -- Up-to-date symlink: /home/rpp/rpp_ws/install/nav2_behavior_tree/include//nav2_behavior_tree/plugins/condition/is_battery_low_condition.hpp
[0.946s] -- Up-to-date symlink: /home/rpp/rpp_ws/install/nav2_behavior_tree/include//nav2_behavior_tree/plugins/condition/is_path_valid_condition.hpp
[0.946s] -- Up-to-date symlink: /home/rpp/rpp_ws/install/nav2_behavior_tree/include//nav2_behavior_tree/plugins/condition/is_stuck_condition.hpp
[0.947s] -- Up-to-date symlink: /home/rpp/rpp_ws/install/nav2_behavior_tree/include//nav2_behavior_tree/plugins/condition/path_expiring_timer_condition.hpp
[0.947s] -- Up-to-date symlink: /home/rpp/rpp_ws/install/nav2_behavior_tree/include//nav2_behavior_tree/plugins/condition/time_expired_condition.hpp
[0.947s] -- Up-to-date symlink: /home/rpp/rpp_ws/install/nav2_behavior_tree/include//nav2_behavior_tree/plugins/condition/transform_available_condition.hpp
[0.947s] -- Up-to-date symlink: /home/rpp/rpp_ws/install/nav2_behavior_tree/include//nav2_behavior_tree/plugins/control/pipeline_sequence.hpp
[0.947s] -- Up-to-date symlink: /home/rpp/rpp_ws/install/nav2_behavior_tree/include//nav2_behavior_tree/plugins/control/recovery_node.hpp
[0.947s] -- Up-to-date symlink: /home/rpp/rpp_ws/install/nav2_behavior_tree/include//nav2_behavior_tree/plugins/control/round_robin_node.hpp
[0.948s] -- Up-to-date symlink: /home/rpp/rpp_ws/install/nav2_behavior_tree/include//nav2_behavior_tree/plugins/decorator/distance_controller.hpp
[0.948s] -- Up-to-date symlink: /home/rpp/rpp_ws/install/nav2_behavior_tree/include//nav2_behavior_tree/plugins/decorator/goal_updated_controller.hpp
[0.948s] -- Up-to-date symlink: /home/rpp/rpp_ws/install/nav2_behavior_tree/include//nav2_behavior_tree/plugins/decorator/goal_updater_node.hpp
[0.948s] -- Up-to-date symlink: /home/rpp/rpp_ws/install/nav2_behavior_tree/include//nav2_behavior_tree/plugins/decorator/path_longer_on_approach.hpp
[0.948s] -- Up-to-date symlink: /home/rpp/rpp_ws/install/nav2_behavior_tree/include//nav2_behavior_tree/plugins/decorator/rate_controller.hpp
[0.948s] -- Up-to-date symlink: /home/rpp/rpp_ws/install/nav2_behavior_tree/include//nav2_behavior_tree/plugins/decorator/single_trigger_node.hpp
[0.949s] -- Up-to-date symlink: /home/rpp/rpp_ws/install/nav2_behavior_tree/include//nav2_behavior_tree/plugins/decorator/speed_controller.hpp
[0.949s] -- Up-to-date symlink: /home/rpp/rpp_ws/install/nav2_behavior_tree/include//nav2_behavior_tree/ros_topic_logger.hpp
[0.949s] -- Up-to-date symlink: /home/rpp/rpp_ws/install/nav2_behavior_tree/share/nav2_behavior_tree/nav2_tree_nodes.xml
[0.949s] -- Up-to-date symlink: /home/rpp/rpp_ws/install/nav2_behavior_tree/share/nav2_behavior_tree/environment/library_path.sh
[0.949s] -- Up-to-date symlink: /home/rpp/rpp_ws/install/nav2_behavior_tree/share/nav2_behavior_tree/environment/library_path.dsv
[0.950s] -- Up-to-date symlink: /home/rpp/rpp_ws/install/nav2_behavior_tree/share/ament_index/resource_index/package_run_dependencies/nav2_behavior_tree
[0.950s] -- Up-to-date symlink: /home/rpp/rpp_ws/install/nav2_behavior_tree/share/ament_index/resource_index/parent_prefix_path/nav2_behavior_tree
[0.950s] -- Up-to-date symlink: /home/rpp/rpp_ws/install/nav2_behavior_tree/share/nav2_behavior_tree/environment/ament_prefix_path.sh
[0.951s] -- Up-to-date symlink: /home/rpp/rpp_ws/install/nav2_behavior_tree/share/nav2_behavior_tree/environment/ament_prefix_path.dsv
[0.951s] -- Up-to-date symlink: /home/rpp/rpp_ws/install/nav2_behavior_tree/share/nav2_behavior_tree/environment/path.sh
[0.951s] -- Up-to-date symlink: /home/rpp/rpp_ws/install/nav2_behavior_tree/share/nav2_behavior_tree/environment/path.dsv
[0.951s] -- Up-to-date symlink: /home/rpp/rpp_ws/install/nav2_behavior_tree/share/nav2_behavior_tree/local_setup.bash
[0.951s] -- Up-to-date symlink: /home/rpp/rpp_ws/install/nav2_behavior_tree/share/nav2_behavior_tree/local_setup.sh
[0.952s] -- Up-to-date symlink: /home/rpp/rpp_ws/install/nav2_behavior_tree/share/nav2_behavior_tree/local_setup.zsh
[0.952s] -- Up-to-date symlink: /home/rpp/rpp_ws/install/nav2_behavior_tree/share/nav2_behavior_tree/local_setup.dsv
[0.952s] -- Symlinking: /home/rpp/rpp_ws/install/nav2_behavior_tree/share/nav2_behavior_tree/package.dsv
[0.966s] -- Up-to-date symlink: /home/rpp/rpp_ws/install/nav2_behavior_tree/share/ament_index/resource_index/packages/nav2_behavior_tree
[0.966s] -- Up-to-date symlink: /home/rpp/rpp_ws/install/nav2_behavior_tree/share/nav2_behavior_tree/cmake/ament_cmake_export_include_directories-extras.cmake
[0.967s] -- Up-to-date symlink: /home/rpp/rpp_ws/install/nav2_behavior_tree/share/nav2_behavior_tree/cmake/ament_cmake_export_libraries-extras.cmake
[0.967s] -- Up-to-date symlink: /home/rpp/rpp_ws/install/nav2_behavior_tree/share/nav2_behavior_tree/cmake/ament_cmake_export_dependencies-extras.cmake
[0.967s] -- Up-to-date symlink: /home/rpp/rpp_ws/install/nav2_behavior_tree/share/nav2_behavior_tree/cmake/nav2_behavior_treeConfig.cmake
[0.967s] -- Up-to-date symlink: /home/rpp/rpp_ws/install/nav2_behavior_tree/share/nav2_behavior_tree/cmake/nav2_behavior_treeConfig-version.cmake
[0.968s] -- Up-to-date symlink: /home/rpp/rpp_ws/install/nav2_behavior_tree/share/nav2_behavior_tree/package.xml
[0.972s] Invoked command in '/home/rpp/rpp_ws/build/nav2_behavior_tree' returned '0': CMAKE_PREFIX_PATH=/home/rpp/rpp_ws/install/nav2_util:/home/rpp/rpp_ws/install/nav2_msgs:/home/rpp/rpp_ws/install/nav2_common:/home/rpp/rpp_ws/install/xf_voice:/home/rpp/rpp_ws/install/xf_voice_msgs:/home/rpp/rpp_ws/install/wheeltec_mic_ros2:/home/rpp/rpp_ws/install/wheeltec_mic_msg:/home/rpp/rpp_ws/install/ti5cra_servo_ros:/home/rpp/rpp_ws/install/ti5cra_servo_sdk:/home/rpp/rpp_ws/install/syntron_servo_ros:/home/rpp/rpp_ws/install/syntron_servo_sdk:/home/rpp/rpp_ws/install/nav2_system_tests:/home/rpp/rpp_ws/install/nav2_bringup:/home/rpp/rpp_ws/install/slam_toolbox:/home/rpp/rpp_ws/install/slam_3d:/home/rpp/rpp_ws/install/slam_2d:/home/rpp/rpp_ws/install/serial:/home/rpp/rpp_ws/install/rpp_ros_driver:/home/rpp/rpp_ws/install/rpp_msgs:/home/rpp/rpp_ws/install/rpp_driver:/home/rpp/rpp_ws/install/robot_bringup:/home/rpp/rpp_ws/install/pymoveit2:/home/rpp/rpp_ws/install/pgo:/home/rpp/rpp_ws/install/navigation_2d:/home/rpp/rpp_ws/install/navigation2:/home/rpp/rpp_ws/install/nav2_smoother:/home/rpp/rpp_ws/install/nav2_graceful_controller:/home/rpp/rpp_ws/install/nav2_dwb_controller:/home/rpp/rpp_ws/install/nav2_controller:/home/rpp/rpp_ws/install/dwb_plugins:/home/rpp/rpp_ws/install/dwb_critics:/home/rpp/rpp_ws/install/dwb_core:/home/rpp/rpp_ws/install/nav_2d_utils:/home/rpp/rpp_ws/install/dwb_msgs:/home/rpp/rpp_ws/install/nav_2d_msgs:/home/rpp/rpp_ws/install/nav2_waypoint_follower:/home/rpp/rpp_ws/install/nav2_theta_star_planner:/home/rpp/rpp_ws/install/nav2_smac_planner:/home/rpp/rpp_ws/install/nav2_rotation_shim_controller:/home/rpp/rpp_ws/install/nav2_regulated_pure_pursuit_controller:/home/rpp/rpp_ws/install/nav2_planner:/home/rpp/rpp_ws/install/nav2_navfn_planner:/home/rpp/rpp_ws/install/nav2_mppi_controller:/home/rpp/rpp_ws/install/nav2_constrained_smoother:/home/rpp/rpp_ws/install/nav2_bt_navigator:/home/rpp/rpp_ws/install/nav2_behaviors:/home/rpp/rpp_ws/install/nav2_core:/home/rpp/rpp_ws/install/nav2_collision_monitor:/home/rpp/rpp_ws/install/costmap_queue:/home/rpp/rpp_ws/install/nav2_costmap_2d:/home/rpp/rpp_ws/install/nav2_voxel_grid:/home/rpp/rpp_ws/install/nav2_velocity_smoother:/home/rpp/rpp_ws/install/nav2_rviz_plugins:/home/rpp/rpp_ws/install/nav2_map_server:/home/rpp/rpp_ws/install/nav2_lifecycle_manager:/home/rpp/rpp_ws/install/nav2_behavior_tree:/home/rpp/rpp_ws/install/nav2_amcl:/home/rpp/rpp_ws/install/motor_pitch_ros:/home/rpp/rpp_ws/install/motor_pitch_sdk:/home/rpp/rpp_ws/install/motor_lift_ros:/home/rpp/rpp_ws/install/motor_lift_sdk:/home/rpp/rpp_ws/install/localizer:/home/rpp/rpp_ws/install/lidar_clipping:/home/rpp/rpp_ws/install/fastlio2:/home/rpp/rpp_ws/install/livox_ros_driver2:/home/rpp/rpp_ws/install/lakibeam1:/home/rpp/rpp_ws/install/kortex_bringup:/home/rpp/rpp_ws/install/kortex_driver:/home/rpp/rpp_ws/install/kinova_gen3_lite_moveit_config:/home/rpp/rpp_ws/install/kinova_gen3_7dof_robotiq_2f_85_moveit_config:/home/rpp/rpp_ws/install/kinova_gen3_6dof_robotiq_2f_85_moveit_config:/home/rpp/rpp_ws/install/kortex_description:/home/rpp/rpp_ws/install/kortex_api:/home/rpp/rpp_ws/install/ira_laser_tools:/home/rpp/rpp_ws/install/hba:/home/rpp/rpp_ws/install/interface:/home/rpp/rpp_ws/install/ea200_moveit_config:/home/rpp/rpp_ws/install/ea200_description:/home/rpp/rpp_ws/install/cr100_description:/home/rpp/rpp_ws/install/setting_info:/home/rpp/rpp_ws/install/nav2_simple_commander:/home/rpp/rpp_ws/install/gui_control:/home/rpp/rpp_ws/install/graphic_display:/home/rpp/rpp_ws/install/linker_hand_ros2_sdk:/home/rpp/rpp_ws/install/bt_task_manager_ros2:/opt/ros/humble LD_LIBRARY_PATH=/home/rpp/rpp_ws/install/nav2_util/lib:/home/rpp/rpp_ws/install/nav2_msgs/lib:/home/rpp/3rdparty//TensorRT-10.9.0.34/lib:/usr/local/cuda-12.8/lib64:/usr/local/lib/:/home/rpp/3rdparty//TensorRT-10.9.0.34/lib:/usr/local/cuda-12.8/lib64:/home/rpp/rpp_ws/install/xf_voice/lib:/home/rpp/rpp_ws/install/xf_voice_msgs/lib:/home/rpp/rpp_ws/install/wheeltec_mic_ros2/lib:/home/rpp/rpp_ws/install/wheeltec_mic_msg/lib:/home/rpp/rpp_ws/install/ti5cra_servo_sdk/lib:/home/rpp/rpp_ws/install/syntron_servo_sdk/lib:/home/rpp/rpp_ws/install/slam_toolbox/lib:/home/rpp/rpp_ws/install/serial/lib:/home/rpp/rpp_ws/install/rpp_msgs/lib:/home/rpp/rpp_ws/install/rpp_driver/lib:/home/rpp/rpp_ws/install/nav2_smoother/lib:/home/rpp/rpp_ws/install/nav2_graceful_controller/lib:/home/rpp/rpp_ws/install/nav2_controller/lib:/home/rpp/rpp_ws/install/dwb_plugins/lib:/home/rpp/rpp_ws/install/dwb_critics/lib:/home/rpp/rpp_ws/install/dwb_core/lib:/home/rpp/rpp_ws/install/nav_2d_utils/lib:/home/rpp/rpp_ws/install/dwb_msgs/lib:/home/rpp/rpp_ws/install/nav_2d_msgs/lib:/home/rpp/rpp_ws/install/nav2_waypoint_follower/lib:/home/rpp/rpp_ws/install/nav2_theta_star_planner/lib:/home/rpp/rpp_ws/install/nav2_smac_planner/lib:/home/rpp/rpp_ws/install/nav2_rotation_shim_controller/lib:/home/rpp/rpp_ws/install/nav2_regulated_pure_pursuit_controller/lib:/home/rpp/rpp_ws/install/nav2_planner/lib:/home/rpp/rpp_ws/install/nav2_navfn_planner/lib:/home/rpp/rpp_ws/install/nav2_mppi_controller/lib:/home/rpp/rpp_ws/install/nav2_constrained_smoother/lib:/home/rpp/rpp_ws/install/nav2_bt_navigator/lib:/home/rpp/rpp_ws/install/nav2_behaviors/lib:/home/rpp/rpp_ws/install/nav2_collision_monitor/lib:/home/rpp/rpp_ws/install/costmap_queue/lib:/home/rpp/rpp_ws/install/nav2_costmap_2d/lib:/home/rpp/rpp_ws/install/nav2_voxel_grid/lib:/home/rpp/rpp_ws/install/nav2_velocity_smoother/lib:/home/rpp/rpp_ws/install/nav2_rviz_plugins/lib:/home/rpp/rpp_ws/install/nav2_map_server/lib:/home/rpp/rpp_ws/install/nav2_lifecycle_manager/lib:/home/rpp/rpp_ws/install/nav2_behavior_tree/lib:/home/rpp/rpp_ws/install/nav2_amcl/lib:/home/rpp/rpp_ws/install/motor_pitch_sdk/lib:/home/rpp/rpp_ws/install/motor_lift_sdk/lib:/home/rpp/rpp_ws/install/livox_ros_driver2/lib:/home/rpp/rpp_ws/install/kortex_driver/lib:/home/rpp/rpp_ws/install/ira_laser_tools/lib:/home/rpp/rpp_ws/install/interface/lib:/usr/lib/x86_64-linux-gnu/gazebo-11/plugins:/opt/ros/humble/opt/rviz_ogre_vendor/lib:/opt/ros/humble/lib/x86_64-linux-gnu:/opt/ros/humble/opt/openvdb_vendor/lib:/opt/ros/humble/lib:/usr/local/lib/ /usr/bin/cmake --install /home/rpp/rpp_ws/build/nav2_behavior_tree
