1756009595.8071494 [INFO] [launch]: All log files can be found below /home/rpp/rpp_logs/2025-08-24-12-26-35-806379-rpp-Default-string-5375
1756009595.8072557 [INFO] [launch]: Default logging verbosity is set to INFO
1756009595.8459251 [INFO] [ros2_control_node-1]: process started with pid [5401]
1756009595.8460426 [INFO] [spawner-2]: process started with pid [5403]
1756009595.8460958 [INFO] [spawner-3]: process started with pid [5405]
1756009595.8461351 [INFO] [spawner-4]: process started with pid [5407]
1756009595.8461728 [INFO] [spawner-5]: process started with pid [5409]
1756009595.8865860 [ros2_control_node-1] [INFO] [1756009595.886381543] [controller_manager]: Subscribing to '~/robot_description' topic for robot description file.
1756009595.8872585 [ros2_control_node-1] [INFO] [1756009595.887129734] [controller_manager]: update rate is 100 Hz
1756009595.8873358 [ros2_control_node-1] [INFO] [1756009595.887145328] [controller_manager]: Spawning controller_manager RT thread with scheduler priority: 50
1756009595.8874779 [ros2_control_node-1] [WARN] [1756009595.887299110] [controller_manager]: No real-time kernel detected on this system. See [https://control.ros.org/master/doc/ros2_control/controller_manager/doc/userdoc.html] for details on how to enable realtime scheduling.
1756009595.8979914 [ros2_control_node-1] [INFO] [1756009595.897747840] [controller_manager]: Received robot description file.
1756009595.8985019 [ros2_control_node-1] text not specified in the gripper_joint_name tag
1756009595.8987362 [ros2_control_node-1] text not specified in the gripper_joint_name tag
1756009595.8988180 [ros2_control_node-1] [INFO] [1756009595.898572124] [resource_manager]: Loading hardware 'left_KortexMultiInterfaceHardware' 
1756009595.9044471 [ros2_control_node-1] [INFO] [1756009595.904346449] [KortexMultiInterfaceHardware]: Setting severity threshold to DEBUG
1756009595.9045899 [ros2_control_node-1] [INFO] [1756009595.904381516] [resource_manager]: Initialize hardware 'left_KortexMultiInterfaceHardware' 
1756009595.9046254 [ros2_control_node-1] [INFO] [1756009595.904388268] [KortexMultiInterfaceHardware]: Configuring Hardware Interface
1756009595.9047172 [ros2_control_node-1] [INFO] [1756009595.904546745] [KortexMultiInterfaceHardware]: Robot ip is '192.168.11.60'
1756009595.9047549 [ros2_control_node-1] [INFO] [1756009595.904549898] [KortexMultiInterfaceHardware]: Username is 'admin'
1756009595.9047811 [ros2_control_node-1] [INFO] [1756009595.904555355] [KortexMultiInterfaceHardware]: Port used '10000'
1756009595.9048028 [ros2_control_node-1] [INFO] [1756009595.904557724] [KortexMultiInterfaceHardware]: Realtime port used '10001'
1756009595.9048240 [ros2_control_node-1] [INFO] [1756009595.904559707] [KortexMultiInterfaceHardware]: Session inactivity timeout is '60000'
1756009595.9048448 [ros2_control_node-1] [INFO] [1756009595.904562175] [KortexMultiInterfaceHardware]: Connection inactivity timeout is '2000'
1756009595.9048650 [ros2_control_node-1] [ERROR] [1756009595.904564283] [KortexMultiInterfaceHardware]: Gripper joint name is empty!
1756009595.9048858 [ros2_control_node-1] [INFO] [1756009595.904574859] [KortexMultiInterfaceHardware]: Connecting to robot at 192.168.11.60
1756009595.9050071 [ros2_control_node-1] [INFO] [1756009595.904955442] [KortexMultiInterfaceHardware]: Creating session for communication
1756009596.0479767 [ros2_control_node-1] [INFO] [1756009596.047729397] [KortexMultiInterfaceHardware]: Session created
1756009596.1397150 [spawner-2] [INFO] [1756009596.139497239] [spawner_joint_state_broadcaster]: waiting for service /controller_manager/list_controllers to become available...
1756009596.1452272 [spawner-5] [INFO] [1756009596.145055621] [spawner_fault_controller]: waiting for service /controller_manager/list_controllers to become available...
1756009596.1459551 [spawner-4] [INFO] [1756009596.145882997] [spawner_right_joint_trajectory_controller]: waiting for service /controller_manager/list_controllers to become available...
1756009596.1506629 [spawner-3] [INFO] [1756009596.150527745] [spawner_left_joint_trajectory_controller]: waiting for service /controller_manager/list_controllers to become available...
1756009596.6331336 [ros2_control_node-1] [INFO] [1756009596.632810458] [KortexMultiInterfaceHardware]: Actuator count reported by robot is '7'
1756009596.6336429 [ros2_control_node-1] [INFO] [1756009596.633191242] [KortexMultiInterfaceHardware]: Hardware Interface successfully configured
1756009596.6337743 [ros2_control_node-1] [INFO] [1756009596.633215797] [resource_manager]: Successful initialization of hardware 'left_KortexMultiInterfaceHardware'
1756009596.6338432 [ros2_control_node-1] [DEBUG] [1756009596.633247197] [KortexMultiInterfaceHardware]: export_state_interfaces for joint: left_joint_1
1756009596.6338987 [ros2_control_node-1] [DEBUG] [1756009596.633304487] [KortexMultiInterfaceHardware]: export_state_interfaces for joint: left_joint_2
1756009596.6339493 [ros2_control_node-1] [DEBUG] [1756009596.633328835] [KortexMultiInterfaceHardware]: export_state_interfaces for joint: left_joint_3
1756009596.6339991 [ros2_control_node-1] [DEBUG] [1756009596.633334069] [KortexMultiInterfaceHardware]: export_state_interfaces for joint: left_joint_4
1756009596.6340449 [ros2_control_node-1] [DEBUG] [1756009596.633338096] [KortexMultiInterfaceHardware]: export_state_interfaces for joint: left_joint_5
1756009596.6340926 [ros2_control_node-1] [DEBUG] [1756009596.633343080] [KortexMultiInterfaceHardware]: export_state_interfaces for joint: left_joint_6
1756009596.6341379 [ros2_control_node-1] [DEBUG] [1756009596.633347025] [KortexMultiInterfaceHardware]: export_state_interfaces for joint: left_joint_7
1756009596.6344137 [ros2_control_node-1] [INFO] [1756009596.633588666] [resource_manager]: Loading hardware 'right_KortexMultiInterfaceHardware' 
1756009596.6344950 [ros2_control_node-1] [INFO] [1756009596.633812897] [KortexMultiInterfaceHardware]: Setting severity threshold to DEBUG
1756009596.6345549 [ros2_control_node-1] [INFO] [1756009596.633827207] [resource_manager]: Initialize hardware 'right_KortexMultiInterfaceHardware' 
1756009596.6346068 [ros2_control_node-1] [INFO] [1756009596.633832563] [KortexMultiInterfaceHardware]: Configuring Hardware Interface
1756009596.6346602 [ros2_control_node-1] [INFO] [1756009596.633929951] [KortexMultiInterfaceHardware]: Robot ip is '192.168.11.61'
1756009596.6347167 [ros2_control_node-1] [INFO] [1756009596.633935273] [KortexMultiInterfaceHardware]: Username is 'admin'
1756009596.6347649 [ros2_control_node-1] [INFO] [1756009596.633942023] [KortexMultiInterfaceHardware]: Port used '10000'
1756009596.6348126 [ros2_control_node-1] [INFO] [1756009596.633947162] [KortexMultiInterfaceHardware]: Realtime port used '10001'
1756009596.6348591 [ros2_control_node-1] [INFO] [1756009596.633952747] [KortexMultiInterfaceHardware]: Session inactivity timeout is '60000'
1756009596.6349053 [ros2_control_node-1] [INFO] [1756009596.633958778] [KortexMultiInterfaceHardware]: Connection inactivity timeout is '2000'
1756009596.6349514 [ros2_control_node-1] [ERROR] [1756009596.633964801] [KortexMultiInterfaceHardware]: Gripper joint name is empty!
1756009596.6349964 [ros2_control_node-1] [INFO] [1756009596.633982387] [KortexMultiInterfaceHardware]: Connecting to robot at 192.168.11.61
1756009596.6352439 [ros2_control_node-1] [INFO] [1756009596.634618184] [KortexMultiInterfaceHardware]: Creating session for communication
1756009596.7154346 [ros2_control_node-1] [INFO] [1756009596.715177575] [KortexMultiInterfaceHardware]: Session created
1756009597.3051822 [ros2_control_node-1] [INFO] [1756009597.304847236] [KortexMultiInterfaceHardware]: Actuator count reported by robot is '7'
1756009597.3053823 [ros2_control_node-1] [INFO] [1756009597.304925996] [KortexMultiInterfaceHardware]: Hardware Interface successfully configured
1756009597.3057857 [ros2_control_node-1] [INFO] [1756009597.304942991] [resource_manager]: Successful initialization of hardware 'right_KortexMultiInterfaceHardware'
1756009597.3058994 [ros2_control_node-1] [DEBUG] [1756009597.304953208] [KortexMultiInterfaceHardware]: export_state_interfaces for joint: right_joint_1
1756009597.3060136 [ros2_control_node-1] [DEBUG] [1756009597.304962794] [KortexMultiInterfaceHardware]: export_state_interfaces for joint: right_joint_2
1756009597.3060730 [ros2_control_node-1] [DEBUG] [1756009597.304968805] [KortexMultiInterfaceHardware]: export_state_interfaces for joint: right_joint_3
1756009597.3061223 [ros2_control_node-1] [DEBUG] [1756009597.304973853] [KortexMultiInterfaceHardware]: export_state_interfaces for joint: right_joint_4
1756009597.3061695 [ros2_control_node-1] [DEBUG] [1756009597.304977861] [KortexMultiInterfaceHardware]: export_state_interfaces for joint: right_joint_5
1756009597.3062334 [ros2_control_node-1] [DEBUG] [1756009597.304982412] [KortexMultiInterfaceHardware]: export_state_interfaces for joint: right_joint_6
1756009597.3062809 [ros2_control_node-1] [DEBUG] [1756009597.304986353] [KortexMultiInterfaceHardware]: export_state_interfaces for joint: right_joint_7
1756009597.3065987 [ros2_control_node-1] [INFO] [1756009597.305155066] [resource_manager]: 'configure' hardware 'right_KortexMultiInterfaceHardware' 
1756009597.3066983 [ros2_control_node-1] [INFO] [1756009597.305167574] [resource_manager]: Successful 'configure' of hardware 'right_KortexMultiInterfaceHardware'
1756009597.3067594 [ros2_control_node-1] [INFO] [1756009597.305187339] [resource_manager]: 'activate' hardware 'right_KortexMultiInterfaceHardware' 
1756009597.3068116 [ros2_control_node-1] [INFO] [1756009597.305193852] [KortexMultiInterfaceHardware]: Activating KortexMultiInterfaceHardware...
1756009597.3073382 [ros2_control_node-1] [INFO] [1756009597.306029727] [KortexMultiInterfaceHardware]: Gripper initial position is '0.000000'.
1756009597.3076992 [ros2_control_node-1] [INFO] [1756009597.306464845] [KortexMultiInterfaceHardware]: KortexMultiInterfaceHardware successfully activated!
1756009597.3078022 [ros2_control_node-1] [INFO] [1756009597.306475646] [resource_manager]: Successful 'activate' of hardware 'right_KortexMultiInterfaceHardware'
1756009597.3078971 [ros2_control_node-1] [INFO] [1756009597.306485859] [resource_manager]: 'configure' hardware 'left_KortexMultiInterfaceHardware' 
1756009597.3079917 [ros2_control_node-1] [INFO] [1756009597.306492991] [resource_manager]: Successful 'configure' of hardware 'left_KortexMultiInterfaceHardware'
1756009597.3080931 [ros2_control_node-1] [WARN] [1756009597.306504749] [resource_manager]: (hardware 'left_KortexMultiInterfaceHardware'): 'reset_fault/internal_fault' state interface already in available list. This can happen due to multiple calls to 'configure'
1756009597.3081703 [ros2_control_node-1] [WARN] [1756009597.306516618] [resource_manager]: (hardware 'left_KortexMultiInterfaceHardware'): 'tcp/twist.linear.x' command interface already in available list. This can happen due to multiple calls to 'configure'
1756009597.3082428 [ros2_control_node-1] [WARN] [1756009597.306521333] [resource_manager]: (hardware 'left_KortexMultiInterfaceHardware'): 'tcp/twist.linear.y' command interface already in available list. This can happen due to multiple calls to 'configure'
1756009597.3083339 [ros2_control_node-1] [WARN] [1756009597.306525412] [resource_manager]: (hardware 'left_KortexMultiInterfaceHardware'): 'tcp/twist.linear.z' command interface already in available list. This can happen due to multiple calls to 'configure'
1756009597.3084099 [ros2_control_node-1] [WARN] [1756009597.306529270] [resource_manager]: (hardware 'left_KortexMultiInterfaceHardware'): 'tcp/twist.angular.x' command interface already in available list. This can happen due to multiple calls to 'configure'
1756009597.3084886 [ros2_control_node-1] [WARN] [1756009597.306533320] [resource_manager]: (hardware 'left_KortexMultiInterfaceHardware'): 'tcp/twist.angular.y' command interface already in available list. This can happen due to multiple calls to 'configure'
1756009597.3085589 [ros2_control_node-1] [WARN] [1756009597.306537215] [resource_manager]: (hardware 'left_KortexMultiInterfaceHardware'): 'tcp/twist.angular.z' command interface already in available list. This can happen due to multiple calls to 'configure'
1756009597.3086677 [ros2_control_node-1] [WARN] [1756009597.306540877] [resource_manager]: (hardware 'left_KortexMultiInterfaceHardware'): 'reset_fault/command' command interface already in available list. This can happen due to multiple calls to 'configure'
1756009597.3087740 [ros2_control_node-1] [WARN] [1756009597.306571209] [resource_manager]: (hardware 'left_KortexMultiInterfaceHardware'): 'reset_fault/async_success' command interface already in available list. This can happen due to multiple calls to 'configure'
1756009597.3088689 [ros2_control_node-1] [INFO] [1756009597.306575593] [resource_manager]: 'activate' hardware 'left_KortexMultiInterfaceHardware' 
1756009597.3089409 [ros2_control_node-1] [INFO] [1756009597.306580602] [KortexMultiInterfaceHardware]: Activating KortexMultiInterfaceHardware...
1756009597.3093646 [ros2_control_node-1] [INFO] [1756009597.307268087] [KortexMultiInterfaceHardware]: Gripper initial position is '0.000000'.
1756009597.3098238 [ros2_control_node-1] [INFO] [1756009597.307813302] [KortexMultiInterfaceHardware]: KortexMultiInterfaceHardware successfully activated!
1756009597.3099732 [ros2_control_node-1] [INFO] [1756009597.307838151] [resource_manager]: Successful 'activate' of hardware 'left_KortexMultiInterfaceHardware'
1756009597.3103566 [ros2_control_node-1] [DEBUG] [1756009597.309342571] [KortexMultiInterfaceHardware]: No controller active in LOW_LEVEL_SERVOING mode !
1756009597.3106353 [ros2_control_node-1] [DEBUG] [1756009597.309929650] [KortexMultiInterfaceHardware]: No controller active in LOW_LEVEL_SERVOING mode !
1756009597.3109422 [ros2_control_node-1] [DEBUG] [1756009597.310368298] [KortexMultiInterfaceHardware]: No controller active in LOW_LEVEL_SERVOING mode !
1756009597.3112233 [ros2_control_node-1] [DEBUG] [1756009597.310917149] [KortexMultiInterfaceHardware]: No controller active in LOW_LEVEL_SERVOING mode !
1756009597.3115280 [ros2_control_node-1] [DEBUG] [1756009597.311301506] [KortexMultiInterfaceHardware]: No controller active in LOW_LEVEL_SERVOING mode !
1756009597.3120222 [ros2_control_node-1] [DEBUG] [1756009597.311820170] [KortexMultiInterfaceHardware]: No controller active in LOW_LEVEL_SERVOING mode !
1756009597.3124347 [ros2_control_node-1] [DEBUG] [1756009597.312211500] [KortexMultiInterfaceHardware]: No controller active in LOW_LEVEL_SERVOING mode !
1756009597.3127849 [ros2_control_node-1] [DEBUG] [1756009597.312545834] [KortexMultiInterfaceHardware]: No controller active in LOW_LEVEL_SERVOING mode !
1756009597.3131502 [ros2_control_node-1] [DEBUG] [1756009597.312816067] [KortexMultiInterfaceHardware]: No controller active in LOW_LEVEL_SERVOING mode !
1756009597.3134398 [ros2_control_node-1] [DEBUG] [1756009597.313048260] [KortexMultiInterfaceHardware]: No controller active in LOW_LEVEL_SERVOING mode !
1756009597.3137267 [ros2_control_node-1] [DEBUG] [1756009597.313318209] [KortexMultiInterfaceHardware]: No controller active in LOW_LEVEL_SERVOING mode !
1756009597.3140736 [ros2_control_node-1] [DEBUG] [1756009597.313909373] [KortexMultiInterfaceHardware]: No controller active in LOW_LEVEL_SERVOING mode !
1756009597.3144147 [ros2_control_node-1] [DEBUG] [1756009597.314270756] [KortexMultiInterfaceHardware]: No controller active in LOW_LEVEL_SERVOING mode !
1756009597.3150327 [ros2_control_node-1] [DEBUG] [1756009597.314861694] [KortexMultiInterfaceHardware]: No controller active in LOW_LEVEL_SERVOING mode !
1756009597.3154104 [ros2_control_node-1] [DEBUG] [1756009597.315244661] [KortexMultiInterfaceHardware]: No controller active in LOW_LEVEL_SERVOING mode !
1756009597.3157439 [ros2_control_node-1] [DEBUG] [1756009597.315499676] [KortexMultiInterfaceHardware]: No controller active in LOW_LEVEL_SERVOING mode !
1756009597.3160608 [ros2_control_node-1] [DEBUG] [1756009597.315770085] [KortexMultiInterfaceHardware]: No controller active in LOW_LEVEL_SERVOING mode !
1756009597.3163400 [ros2_control_node-1] [DEBUG] [1756009597.315995421] [KortexMultiInterfaceHardware]: No controller active in LOW_LEVEL_SERVOING mode !
1756009597.3165846 [ros2_control_node-1] [DEBUG] [1756009597.316235978] [KortexMultiInterfaceHardware]: No controller active in LOW_LEVEL_SERVOING mode !
1756009597.3168962 [ros2_control_node-1] [DEBUG] [1756009597.316531459] [KortexMultiInterfaceHardware]: No controller active in LOW_LEVEL_SERVOING mode !
1756009597.3171573 [ros2_control_node-1] [DEBUG] [1756009597.316821188] [KortexMultiInterfaceHardware]: No controller active in LOW_LEVEL_SERVOING mode !
1756009597.3173878 [ros2_control_node-1] [DEBUG] [1756009597.317043173] [KortexMultiInterfaceHardware]: No controller active in LOW_LEVEL_SERVOING mode !
1756009597.3176260 [ros2_control_node-1] [DEBUG] [1756009597.317404430] [KortexMultiInterfaceHardware]: No controller active in LOW_LEVEL_SERVOING mode !
1756009597.3181183 [ros2_control_node-1] [DEBUG] [1756009597.317890225] [KortexMultiInterfaceHardware]: No controller active in LOW_LEVEL_SERVOING mode !
1756009597.3184690 [ros2_control_node-1] [DEBUG] [1756009597.318201864] [KortexMultiInterfaceHardware]: No controller active in LOW_LEVEL_SERVOING mode !
1756009597.3188045 [ros2_control_node-1] [DEBUG] [1756009597.318528195] [KortexMultiInterfaceHardware]: No controller active in LOW_LEVEL_SERVOING mode !
1756009597.3191493 [ros2_control_node-1] [DEBUG] [1756009597.318886307] [KortexMultiInterfaceHardware]: No controller active in LOW_LEVEL_SERVOING mode !
1756009597.3194103 [ros2_control_node-1] [DEBUG] [1756009597.319142948] [KortexMultiInterfaceHardware]: No controller active in LOW_LEVEL_SERVOING mode !
1756009597.3196645 [ros2_control_node-1] [DEBUG] [1756009597.319419051] [KortexMultiInterfaceHardware]: No controller active in LOW_LEVEL_SERVOING mode !
1756009597.3200202 [ros2_control_node-1] [DEBUG] [1756009597.319865122] [KortexMultiInterfaceHardware]: No controller active in LOW_LEVEL_SERVOING mode !
1756009597.3203053 [ros2_control_node-1] [DEBUG] [1756009597.320179703] [KortexMultiInterfaceHardware]: No controller active in LOW_LEVEL_SERVOING mode !
1756009597.3206098 [ros2_control_node-1] [DEBUG] [1756009597.320497243] [KortexMultiInterfaceHardware]: No controller active in LOW_LEVEL_SERVOING mode !
1756009597.3208945 [ros2_control_node-1] [DEBUG] [1756009597.320778134] [KortexMultiInterfaceHardware]: No controller active in LOW_LEVEL_SERVOING mode !
1756009597.3211484 [ros2_control_node-1] [DEBUG] [1756009597.321010467] [KortexMultiInterfaceHardware]: No controller active in LOW_LEVEL_SERVOING mode !
1756009597.3214025 [ros2_control_node-1] [DEBUG] [1756009597.321266986] [KortexMultiInterfaceHardware]: No controller active in LOW_LEVEL_SERVOING mode !
1756009597.3216336 [ros2_control_node-1] [DEBUG] [1756009597.321476662] [KortexMultiInterfaceHardware]: No controller active in LOW_LEVEL_SERVOING mode !
1756009597.3218708 [ros2_control_node-1] [DEBUG] [1756009597.321750483] [KortexMultiInterfaceHardware]: No controller active in LOW_LEVEL_SERVOING mode !
1756009597.3221183 [ros2_control_node-1] [DEBUG] [1756009597.321972440] [KortexMultiInterfaceHardware]: No controller active in LOW_LEVEL_SERVOING mode !
1756009597.3223593 [ros2_control_node-1] [DEBUG] [1756009597.322208814] [KortexMultiInterfaceHardware]: No controller active in LOW_LEVEL_SERVOING mode !
1756009597.3225932 [ros2_control_node-1] [DEBUG] [1756009597.322474677] [KortexMultiInterfaceHardware]: No controller active in LOW_LEVEL_SERVOING mode !
1756009597.3228514 [ros2_control_node-1] [DEBUG] [1756009597.322749057] [KortexMultiInterfaceHardware]: No controller active in LOW_LEVEL_SERVOING mode !
1756009597.3230691 [ros2_control_node-1] [DEBUG] [1756009597.322941134] [KortexMultiInterfaceHardware]: No controller active in LOW_LEVEL_SERVOING mode !
1756009597.3232872 [ros2_control_node-1] [DEBUG] [1756009597.323195548] [KortexMultiInterfaceHardware]: No controller active in LOW_LEVEL_SERVOING mode !
1756009597.3235638 [ros2_control_node-1] [DEBUG] [1756009597.323475028] [KortexMultiInterfaceHardware]: No controller active in LOW_LEVEL_SERVOING mode !
1756009597.3238387 [ros2_control_node-1] [DEBUG] [1756009597.323743048] [KortexMultiInterfaceHardware]: No controller active in LOW_LEVEL_SERVOING mode !
1756009597.3240588 [ros2_control_node-1] [DEBUG] [1756009597.323954640] [KortexMultiInterfaceHardware]: No controller active in LOW_LEVEL_SERVOING mode !
1756009597.3243072 [ros2_control_node-1] [DEBUG] [1756009597.324224643] [KortexMultiInterfaceHardware]: No controller active in LOW_LEVEL_SERVOING mode !
1756009597.3245819 [ros2_control_node-1] [DEBUG] [1756009597.324492001] [KortexMultiInterfaceHardware]: No controller active in LOW_LEVEL_SERVOING mode !
1756009597.3248212 [ros2_control_node-1] [DEBUG] [1756009597.324738055] [KortexMultiInterfaceHardware]: No controller active in LOW_LEVEL_SERVOING mode !
1756009597.3250220 [ros2_control_node-1] [DEBUG] [1756009597.324937957] [KortexMultiInterfaceHardware]: No controller active in LOW_LEVEL_SERVOING mode !
1756009597.3253167 [ros2_control_node-1] [DEBUG] [1756009597.325235763] [KortexMultiInterfaceHardware]: No controller active in LOW_LEVEL_SERVOING mode !
1756009597.3255606 [ros2_control_node-1] [DEBUG] [1756009597.325485850] [KortexMultiInterfaceHardware]: No controller active in LOW_LEVEL_SERVOING mode !
1756009597.3258479 [ros2_control_node-1] [DEBUG] [1756009597.325776111] [KortexMultiInterfaceHardware]: No controller active in LOW_LEVEL_SERVOING mode !
1756009597.3260636 [ros2_control_node-1] [DEBUG] [1756009597.325995789] [KortexMultiInterfaceHardware]: No controller active in LOW_LEVEL_SERVOING mode !
1756009597.3262937 [ros2_control_node-1] [DEBUG] [1756009597.326225665] [KortexMultiInterfaceHardware]: No controller active in LOW_LEVEL_SERVOING mode !
1756009597.3265948 [ros2_control_node-1] [DEBUG] [1756009597.326523047] [KortexMultiInterfaceHardware]: No controller active in LOW_LEVEL_SERVOING mode !
1756009597.3268092 [ros2_control_node-1] [DEBUG] [1756009597.326743800] [KortexMultiInterfaceHardware]: No controller active in LOW_LEVEL_SERVOING mode !
1756009597.3270261 [ros2_control_node-1] [DEBUG] [1756009597.326960008] [KortexMultiInterfaceHardware]: No controller active in LOW_LEVEL_SERVOING mode !
1756009597.3273299 [ros2_control_node-1] [DEBUG] [1756009597.327215350] [KortexMultiInterfaceHardware]: No controller active in LOW_LEVEL_SERVOING mode !
1756009597.3276482 [ros2_control_node-1] [DEBUG] [1756009597.327551918] [KortexMultiInterfaceHardware]: No controller active in LOW_LEVEL_SERVOING mode !
1756009597.3278701 [ros2_control_node-1] [DEBUG] [1756009597.327783791] [KortexMultiInterfaceHardware]: No controller active in LOW_LEVEL_SERVOING mode !
1756009597.3280866 [ros2_control_node-1] [DEBUG] [1756009597.328002985] [KortexMultiInterfaceHardware]: No controller active in LOW_LEVEL_SERVOING mode !
1756009597.3283000 [ros2_control_node-1] [DEBUG] [1756009597.328216513] [KortexMultiInterfaceHardware]: No controller active in LOW_LEVEL_SERVOING mode !
1756009597.3289371 [ros2_control_node-1] [DEBUG] [1756009597.328828252] [KortexMultiInterfaceHardware]: No controller active in LOW_LEVEL_SERVOING mode !
1756009597.3292253 [ros2_control_node-1] [DEBUG] [1756009597.329145643] [KortexMultiInterfaceHardware]: No controller active in LOW_LEVEL_SERVOING mode !
1756009597.3295019 [ros2_control_node-1] [DEBUG] [1756009597.329430315] [KortexMultiInterfaceHardware]: No controller active in LOW_LEVEL_SERVOING mode !
1756009597.3298216 [ros2_control_node-1] [DEBUG] [1756009597.329748291] [KortexMultiInterfaceHardware]: No controller active in LOW_LEVEL_SERVOING mode !
1756009597.3300347 [ros2_control_node-1] [DEBUG] [1756009597.329975115] [KortexMultiInterfaceHardware]: No controller active in LOW_LEVEL_SERVOING mode !
1756009597.3302889 [ros2_control_node-1] [DEBUG] [1756009597.330230361] [KortexMultiInterfaceHardware]: No controller active in LOW_LEVEL_SERVOING mode !
1756009597.3305421 [ros2_control_node-1] [DEBUG] [1756009597.330469064] [KortexMultiInterfaceHardware]: No controller active in LOW_LEVEL_SERVOING mode !
1756009597.3311250 [ros2_control_node-1] [DEBUG] [1756009597.331061055] [KortexMultiInterfaceHardware]: No controller active in LOW_LEVEL_SERVOING mode !
1756009597.3313816 [ros2_control_node-1] [DEBUG] [1756009597.331319019] [KortexMultiInterfaceHardware]: No controller active in LOW_LEVEL_SERVOING mode !
1756009597.3316429 [ros2_control_node-1] [DEBUG] [1756009597.331594187] [KortexMultiInterfaceHardware]: No controller active in LOW_LEVEL_SERVOING mode !
1756009597.3319407 [ros2_control_node-1] [DEBUG] [1756009597.331890864] [KortexMultiInterfaceHardware]: No controller active in LOW_LEVEL_SERVOING mode !
1756009597.3322327 [ros2_control_node-1] [DEBUG] [1756009597.332180414] [KortexMultiInterfaceHardware]: No controller active in LOW_LEVEL_SERVOING mode !
1756009597.3325162 [ros2_control_node-1] [DEBUG] [1756009597.332472976] [KortexMultiInterfaceHardware]: No controller active in LOW_LEVEL_SERVOING mode !
1756009597.3328714 [ros2_control_node-1] [DEBUG] [1756009597.332823886] [KortexMultiInterfaceHardware]: No controller active in LOW_LEVEL_SERVOING mode !
1756009597.3330629 [ros2_control_node-1] [DEBUG] [1756009597.333016556] [KortexMultiInterfaceHardware]: No controller active in LOW_LEVEL_SERVOING mode !
1756009597.3332613 [ros2_control_node-1] [DEBUG] [1756009597.333217308] [KortexMultiInterfaceHardware]: No controller active in LOW_LEVEL_SERVOING mode !
1756009597.3335149 [ros2_control_node-1] [DEBUG] [1756009597.333471961] [KortexMultiInterfaceHardware]: No controller active in LOW_LEVEL_SERVOING mode !
1756009597.3338330 [ros2_control_node-1] [DEBUG] [1756009597.333785022] [KortexMultiInterfaceHardware]: No controller active in LOW_LEVEL_SERVOING mode !
1756009597.3340302 [ros2_control_node-1] [DEBUG] [1756009597.333980517] [KortexMultiInterfaceHardware]: No controller active in LOW_LEVEL_SERVOING mode !
1756009597.3342803 [ros2_control_node-1] [DEBUG] [1756009597.334241211] [KortexMultiInterfaceHardware]: No controller active in LOW_LEVEL_SERVOING mode !
1756009597.3345227 [ros2_control_node-1] [DEBUG] [1756009597.334483341] [KortexMultiInterfaceHardware]: No controller active in LOW_LEVEL_SERVOING mode !
1756009597.3348091 [ros2_control_node-1] [DEBUG] [1756009597.334762113] [KortexMultiInterfaceHardware]: No controller active in LOW_LEVEL_SERVOING mode !
1756009597.3350070 [ros2_control_node-1] [DEBUG] [1756009597.334958728] [KortexMultiInterfaceHardware]: No controller active in LOW_LEVEL_SERVOING mode !
1756009597.3352733 [ros2_control_node-1] [DEBUG] [1756009597.335224714] [KortexMultiInterfaceHardware]: No controller active in LOW_LEVEL_SERVOING mode !
1756009597.3355203 [ros2_control_node-1] [DEBUG] [1756009597.335480378] [KortexMultiInterfaceHardware]: No controller active in LOW_LEVEL_SERVOING mode !
1756009597.3358021 [ros2_control_node-1] [DEBUG] [1756009597.335755909] [KortexMultiInterfaceHardware]: No controller active in LOW_LEVEL_SERVOING mode !
1756009597.3360052 [ros2_control_node-1] [DEBUG] [1756009597.335958390] [KortexMultiInterfaceHardware]: No controller active in LOW_LEVEL_SERVOING mode !
1756009597.3362896 [ros2_control_node-1] [DEBUG] [1756009597.336248233] [KortexMultiInterfaceHardware]: No controller active in LOW_LEVEL_SERVOING mode !
1756009597.3365018 [ros2_control_node-1] [DEBUG] [1756009597.336462898] [KortexMultiInterfaceHardware]: No controller active in LOW_LEVEL_SERVOING mode !
1756009597.3371334 [ros2_control_node-1] [DEBUG] [1756009597.337086270] [KortexMultiInterfaceHardware]: No controller active in LOW_LEVEL_SERVOING mode !
1756009597.3374059 [ros2_control_node-1] [DEBUG] [1756009597.337367906] [KortexMultiInterfaceHardware]: No controller active in LOW_LEVEL_SERVOING mode !
1756009597.3376973 [ros2_control_node-1] [DEBUG] [1756009597.337655560] [KortexMultiInterfaceHardware]: No controller active in LOW_LEVEL_SERVOING mode !
1756009597.3379610 [ros2_control_node-1] [DEBUG] [1756009597.337900870] [KortexMultiInterfaceHardware]: No controller active in LOW_LEVEL_SERVOING mode !
1756009597.3382301 [ros2_control_node-1] [DEBUG] [1756009597.338186081] [KortexMultiInterfaceHardware]: No controller active in LOW_LEVEL_SERVOING mode !
1756009597.3385024 [ros2_control_node-1] [DEBUG] [1756009597.338462575] [KortexMultiInterfaceHardware]: No controller active in LOW_LEVEL_SERVOING mode !
1756009597.3388050 [ros2_control_node-1] [DEBUG] [1756009597.338759670] [KortexMultiInterfaceHardware]: No controller active in LOW_LEVEL_SERVOING mode !
1756009597.3390148 [ros2_control_node-1] [DEBUG] [1756009597.338966494] [KortexMultiInterfaceHardware]: No controller active in LOW_LEVEL_SERVOING mode !
1756009597.3392675 [ros2_control_node-1] [DEBUG] [1756009597.339222541] [KortexMultiInterfaceHardware]: No controller active in LOW_LEVEL_SERVOING mode !
1756009597.3395312 [ros2_control_node-1] [DEBUG] [1756009597.339489524] [KortexMultiInterfaceHardware]: No controller active in LOW_LEVEL_SERVOING mode !
1756009597.3397999 [ros2_control_node-1] [DEBUG] [1756009597.339741497] [KortexMultiInterfaceHardware]: No controller active in LOW_LEVEL_SERVOING mode !
1756009597.3399746 [ros2_control_node-1] [DEBUG] [1756009597.339930696] [KortexMultiInterfaceHardware]: No controller active in LOW_LEVEL_SERVOING mode !
1756009597.3402462 [ros2_control_node-1] [DEBUG] [1756009597.340203436] [KortexMultiInterfaceHardware]: No controller active in LOW_LEVEL_SERVOING mode !
1756009597.3405330 [ros2_control_node-1] [DEBUG] [1756009597.340479947] [KortexMultiInterfaceHardware]: No controller active in LOW_LEVEL_SERVOING mode !
1756009597.3408425 [ros2_control_node-1] [DEBUG] [1756009597.340791585] [KortexMultiInterfaceHardware]: No controller active in LOW_LEVEL_SERVOING mode !
1756009597.3410249 [ros2_control_node-1] [DEBUG] [1756009597.340974786] [KortexMultiInterfaceHardware]: No controller active in LOW_LEVEL_SERVOING mode !
1756009597.3412681 [ros2_control_node-1] [DEBUG] [1756009597.341226572] [KortexMultiInterfaceHardware]: No controller active in LOW_LEVEL_SERVOING mode !
1756009597.3415093 [ros2_control_node-1] [DEBUG] [1756009597.341467192] [KortexMultiInterfaceHardware]: No controller active in LOW_LEVEL_SERVOING mode !
1756009597.3418171 [ros2_control_node-1] [DEBUG] [1756009597.341767279] [KortexMultiInterfaceHardware]: No controller active in LOW_LEVEL_SERVOING mode !
1756009597.3420434 [ros2_control_node-1] [DEBUG] [1756009597.341975212] [KortexMultiInterfaceHardware]: No controller active in LOW_LEVEL_SERVOING mode !
1756009597.3422627 [ros2_control_node-1] [DEBUG] [1756009597.342206696] [KortexMultiInterfaceHardware]: No controller active in LOW_LEVEL_SERVOING mode !
1756009597.3425701 [ros2_control_node-1] [DEBUG] [1756009597.342493035] [KortexMultiInterfaceHardware]: No controller active in LOW_LEVEL_SERVOING mode !
1756009597.3428180 [ros2_control_node-1] [DEBUG] [1756009597.342748916] [KortexMultiInterfaceHardware]: No controller active in LOW_LEVEL_SERVOING mode !
1756009597.3430383 [ros2_control_node-1] [DEBUG] [1756009597.342970115] [KortexMultiInterfaceHardware]: No controller active in LOW_LEVEL_SERVOING mode !
1756009597.3432629 [ros2_control_node-1] [DEBUG] [1756009597.343206911] [KortexMultiInterfaceHardware]: No controller active in LOW_LEVEL_SERVOING mode !
1756009597.3435020 [ros2_control_node-1] [DEBUG] [1756009597.343455670] [KortexMultiInterfaceHardware]: No controller active in LOW_LEVEL_SERVOING mode !
1756009597.3441169 [ros2_control_node-1] [DEBUG] [1756009597.344073398] [KortexMultiInterfaceHardware]: No controller active in LOW_LEVEL_SERVOING mode !
1756009597.3443983 [ros2_control_node-1] [DEBUG] [1756009597.344357048] [KortexMultiInterfaceHardware]: No controller active in LOW_LEVEL_SERVOING mode !
1756009597.3447156 [ros2_control_node-1] [DEBUG] [1756009597.344644910] [KortexMultiInterfaceHardware]: No controller active in LOW_LEVEL_SERVOING mode !
1756009597.3449953 [ros2_control_node-1] [DEBUG] [1756009597.344936422] [KortexMultiInterfaceHardware]: No controller active in LOW_LEVEL_SERVOING mode !
1756009597.3452423 [ros2_control_node-1] [DEBUG] [1756009597.345193637] [KortexMultiInterfaceHardware]: No controller active in LOW_LEVEL_SERVOING mode !
1756009597.3455641 [ros2_control_node-1] [DEBUG] [1756009597.345492317] [KortexMultiInterfaceHardware]: No controller active in LOW_LEVEL_SERVOING mode !
1756009597.3458321 [ros2_control_node-1] [DEBUG] [1756009597.345764237] [KortexMultiInterfaceHardware]: No controller active in LOW_LEVEL_SERVOING mode !
1756009597.3460233 [ros2_control_node-1] [DEBUG] [1756009597.345965863] [KortexMultiInterfaceHardware]: No controller active in LOW_LEVEL_SERVOING mode !
1756009597.3464148 [ros2_control_node-1] [DEBUG] [1756009597.346255941] [KortexMultiInterfaceHardware]: No controller active in LOW_LEVEL_SERVOING mode !
1756009597.3466594 [ros2_control_node-1] [DEBUG] [1756009597.346495999] [KortexMultiInterfaceHardware]: No controller active in LOW_LEVEL_SERVOING mode !
1756009597.3469512 [ros2_control_node-1] [DEBUG] [1756009597.346770689] [KortexMultiInterfaceHardware]: No controller active in LOW_LEVEL_SERVOING mode !
1756009597.3472397 [ros2_control_node-1] [DEBUG] [1756009597.347002432] [KortexMultiInterfaceHardware]: No controller active in LOW_LEVEL_SERVOING mode !
1756009597.3475070 [ros2_control_node-1] [DEBUG] [1756009597.347201057] [KortexMultiInterfaceHardware]: No controller active in LOW_LEVEL_SERVOING mode !
1756009597.3477600 [ros2_control_node-1] [DEBUG] [1756009597.347460499] [KortexMultiInterfaceHardware]: No controller active in LOW_LEVEL_SERVOING mode !
1756009597.3480151 [ros2_control_node-1] [DEBUG] [1756009597.347749174] [KortexMultiInterfaceHardware]: No controller active in LOW_LEVEL_SERVOING mode !
1756009597.3482430 [ros2_control_node-1] [DEBUG] [1756009597.347981509] [KortexMultiInterfaceHardware]: No controller active in LOW_LEVEL_SERVOING mode !
1756009597.3484638 [ros2_control_node-1] [DEBUG] [1756009597.348205623] [KortexMultiInterfaceHardware]: No controller active in LOW_LEVEL_SERVOING mode !
1756009597.3487267 [ros2_control_node-1] [DEBUG] [1756009597.348498923] [KortexMultiInterfaceHardware]: No controller active in LOW_LEVEL_SERVOING mode !
1756009597.3489947 [ros2_control_node-1] [DEBUG] [1756009597.348762654] [KortexMultiInterfaceHardware]: No controller active in LOW_LEVEL_SERVOING mode !
1756009597.3491912 [ros2_control_node-1] [DEBUG] [1756009597.349014094] [KortexMultiInterfaceHardware]: No controller active in LOW_LEVEL_SERVOING mode !
1756009597.3495071 [ros2_control_node-1] [DEBUG] [1756009597.349267670] [KortexMultiInterfaceHardware]: No controller active in LOW_LEVEL_SERVOING mode !
1756009597.3497584 [ros2_control_node-1] [DEBUG] [1756009597.349461436] [KortexMultiInterfaceHardware]: No controller active in LOW_LEVEL_SERVOING mode !
1756009597.3499770 [ros2_control_node-1] [DEBUG] [1756009597.349722900] [KortexMultiInterfaceHardware]: No controller active in LOW_LEVEL_SERVOING mode !
1756009597.3501863 [ros2_control_node-1] [DEBUG] [1756009597.349944859] [KortexMultiInterfaceHardware]: No controller active in LOW_LEVEL_SERVOING mode !
1756009597.3503966 [ros2_control_node-1] [DEBUG] [1756009597.350223605] [KortexMultiInterfaceHardware]: No controller active in LOW_LEVEL_SERVOING mode !
1756009597.3506205 [ros2_control_node-1] [DEBUG] [1756009597.350478595] [KortexMultiInterfaceHardware]: No controller active in LOW_LEVEL_SERVOING mode !
1756009597.3508806 [ros2_control_node-1] [DEBUG] [1756009597.350760227] [KortexMultiInterfaceHardware]: No controller active in LOW_LEVEL_SERVOING mode !
1756009597.3510373 [ros2_control_node-1] [DEBUG] [1756009597.350945725] [KortexMultiInterfaceHardware]: No controller active in LOW_LEVEL_SERVOING mode !
1756009597.3512421 [ros2_control_node-1] [DEBUG] [1756009597.351182575] [KortexMultiInterfaceHardware]: No controller active in LOW_LEVEL_SERVOING mode !
1756009597.3518555 [ros2_control_node-1] [DEBUG] [1756009597.351792032] [KortexMultiInterfaceHardware]: No controller active in LOW_LEVEL_SERVOING mode !
1756009597.3521862 [ros2_control_node-1] [DEBUG] [1756009597.352131266] [KortexMultiInterfaceHardware]: No controller active in LOW_LEVEL_SERVOING mode !
1756009597.3525472 [ros2_control_node-1] [DEBUG] [1756009597.352423718] [KortexMultiInterfaceHardware]: No controller active in LOW_LEVEL_SERVOING mode !
1756009597.3528059 [ros2_control_node-1] [DEBUG] [1756009597.352724525] [KortexMultiInterfaceHardware]: No controller active in LOW_LEVEL_SERVOING mode !
1756009597.3530581 [ros2_control_node-1] [DEBUG] [1756009597.352973768] [KortexMultiInterfaceHardware]: No controller active in LOW_LEVEL_SERVOING mode !
1756009597.3534136 [ros2_control_node-1] [DEBUG] [1756009597.353230623] [KortexMultiInterfaceHardware]: No controller active in LOW_LEVEL_SERVOING mode !
1756009597.3537385 [ros2_control_node-1] [DEBUG] [1756009597.353540173] [KortexMultiInterfaceHardware]: No controller active in LOW_LEVEL_SERVOING mode !
1756009597.3539374 [ros2_control_node-1] [DEBUG] [1756009597.353761379] [KortexMultiInterfaceHardware]: No controller active in LOW_LEVEL_SERVOING mode !
1756009597.3542528 [ros2_control_node-1] [DEBUG] [1756009597.353991471] [KortexMultiInterfaceHardware]: No controller active in LOW_LEVEL_SERVOING mode !
1756009597.3545296 [ros2_control_node-1] [DEBUG] [1756009597.354199462] [KortexMultiInterfaceHardware]: No controller active in LOW_LEVEL_SERVOING mode !
1756009597.3547800 [ros2_control_node-1] [DEBUG] [1756009597.354498117] [KortexMultiInterfaceHardware]: No controller active in LOW_LEVEL_SERVOING mode !
1756009597.3550148 [ros2_control_node-1] [DEBUG] [1756009597.354755201] [KortexMultiInterfaceHardware]: No controller active in LOW_LEVEL_SERVOING mode !
1756009597.3552444 [ros2_control_node-1] [DEBUG] [1756009597.354993097] [KortexMultiInterfaceHardware]: No controller active in LOW_LEVEL_SERVOING mode !
1756009597.3554728 [ros2_control_node-1] [DEBUG] [1756009597.355210878] [KortexMultiInterfaceHardware]: No controller active in LOW_LEVEL_SERVOING mode !
1756009597.3557043 [ros2_control_node-1] [DEBUG] [1756009597.355477524] [KortexMultiInterfaceHardware]: No controller active in LOW_LEVEL_SERVOING mode !
1756009597.3559568 [ros2_control_node-1] [DEBUG] [1756009597.355754793] [KortexMultiInterfaceHardware]: No controller active in LOW_LEVEL_SERVOING mode !
1756009597.3561490 [ros2_control_node-1] [DEBUG] [1756009597.356026414] [KortexMultiInterfaceHardware]: No controller active in LOW_LEVEL_SERVOING mode !
1756009597.3563156 [ros2_control_node-1] [DEBUG] [1756009597.356249352] [KortexMultiInterfaceHardware]: No controller active in LOW_LEVEL_SERVOING mode !
1756009597.3565571 [ros2_control_node-1] [DEBUG] [1756009597.356493961] [KortexMultiInterfaceHardware]: No controller active in LOW_LEVEL_SERVOING mode !
1756009597.3571656 [ros2_control_node-1] [DEBUG] [1756009597.357085184] [KortexMultiInterfaceHardware]: No controller active in LOW_LEVEL_SERVOING mode !
1756009597.3574500 [ros2_control_node-1] [DEBUG] [1756009597.357371758] [KortexMultiInterfaceHardware]: No controller active in LOW_LEVEL_SERVOING mode !
1756009597.3577836 [ros2_control_node-1] [DEBUG] [1756009597.357705047] [KortexMultiInterfaceHardware]: No controller active in LOW_LEVEL_SERVOING mode !
1756009597.3581645 [ros2_control_node-1] [DEBUG] [1756009597.357959447] [KortexMultiInterfaceHardware]: No controller active in LOW_LEVEL_SERVOING mode !
1756009597.3584974 [ros2_control_node-1] [DEBUG] [1756009597.358260241] [KortexMultiInterfaceHardware]: No controller active in LOW_LEVEL_SERVOING mode !
1756009597.3587909 [ros2_control_node-1] [DEBUG] [1756009597.358482338] [KortexMultiInterfaceHardware]: No controller active in LOW_LEVEL_SERVOING mode !
1756009597.3591664 [ros2_control_node-1] [DEBUG] [1756009597.358781475] [KortexMultiInterfaceHardware]: No controller active in LOW_LEVEL_SERVOING mode !
1756009597.3595328 [ros2_control_node-1] [DEBUG] [1756009597.359015996] [KortexMultiInterfaceHardware]: No controller active in LOW_LEVEL_SERVOING mode !
1756009597.3596661 [ros2_control_node-1] [DEBUG] [1756009597.359309309] [KortexMultiInterfaceHardware]: No controller active in LOW_LEVEL_SERVOING mode !
1756009597.3600512 [ros2_control_node-1] [DEBUG] [1756009597.359798628] [KortexMultiInterfaceHardware]: No controller active in LOW_LEVEL_SERVOING mode !
1756009597.3603637 [ros2_control_node-1] [DEBUG] [1756009597.360171032] [KortexMultiInterfaceHardware]: No controller active in LOW_LEVEL_SERVOING mode !
1756009597.3606861 [ros2_control_node-1] [DEBUG] [1756009597.360483602] [KortexMultiInterfaceHardware]: No controller active in LOW_LEVEL_SERVOING mode !
1756009597.3610210 [ros2_control_node-1] [DEBUG] [1756009597.360794557] [KortexMultiInterfaceHardware]: No controller active in LOW_LEVEL_SERVOING mode !
1756009597.3613186 [ros2_control_node-1] [DEBUG] [1756009597.361027462] [KortexMultiInterfaceHardware]: No controller active in LOW_LEVEL_SERVOING mode !
1756009597.3616123 [ros2_control_node-1] [DEBUG] [1756009597.361267393] [KortexMultiInterfaceHardware]: No controller active in LOW_LEVEL_SERVOING mode !
1756009597.3619001 [ros2_control_node-1] [DEBUG] [1756009597.361485330] [KortexMultiInterfaceHardware]: No controller active in LOW_LEVEL_SERVOING mode !
1756009597.3619907 [ros2_control_node-1] [DEBUG] [1756009597.361746049] [KortexMultiInterfaceHardware]: No controller active in LOW_LEVEL_SERVOING mode !
1756009597.3621693 [ros2_control_node-1] [DEBUG] [1756009597.361988024] [KortexMultiInterfaceHardware]: No controller active in LOW_LEVEL_SERVOING mode !
1756009597.3623259 [ros2_control_node-1] [DEBUG] [1756009597.362211742] [KortexMultiInterfaceHardware]: No controller active in LOW_LEVEL_SERVOING mode !
1756009597.3630328 [ros2_control_node-1] [DEBUG] [1756009597.362786619] [KortexMultiInterfaceHardware]: No controller active in LOW_LEVEL_SERVOING mode !
1756009597.3635409 [ros2_control_node-1] [DEBUG] [1756009597.363166659] [KortexMultiInterfaceHardware]: No controller active in LOW_LEVEL_SERVOING mode !
1756009597.3639119 [ros2_control_node-1] [DEBUG] [1756009597.363449864] [KortexMultiInterfaceHardware]: No controller active in LOW_LEVEL_SERVOING mode !
1756009597.3640077 [ros2_control_node-1] [DEBUG] [1756009597.363760226] [KortexMultiInterfaceHardware]: No controller active in LOW_LEVEL_SERVOING mode !
1756009597.3642004 [ros2_control_node-1] [DEBUG] [1756009597.364015812] [KortexMultiInterfaceHardware]: No controller active in LOW_LEVEL_SERVOING mode !
1756009597.3643739 [ros2_control_node-1] [DEBUG] [1756009597.364233801] [KortexMultiInterfaceHardware]: No controller active in LOW_LEVEL_SERVOING mode !
1756009597.3645492 [ros2_control_node-1] [DEBUG] [1756009597.364476440] [KortexMultiInterfaceHardware]: No controller active in LOW_LEVEL_SERVOING mode !
1756009597.3649890 [ros2_control_node-1] [DEBUG] [1756009597.364746036] [KortexMultiInterfaceHardware]: No controller active in LOW_LEVEL_SERVOING mode !
1756009597.3654246 [ros2_control_node-1] [DEBUG] [1756009597.364989346] [KortexMultiInterfaceHardware]: No controller active in LOW_LEVEL_SERVOING mode !
1756009597.3657737 [ros2_control_node-1] [DEBUG] [1756009597.365267826] [KortexMultiInterfaceHardware]: No controller active in LOW_LEVEL_SERVOING mode !
1756009597.3658919 [ros2_control_node-1] [DEBUG] [1756009597.365498281] [KortexMultiInterfaceHardware]: No controller active in LOW_LEVEL_SERVOING mode !
1756009597.3661892 [ros2_control_node-1] [DEBUG] [1756009597.365775595] [KortexMultiInterfaceHardware]: No controller active in LOW_LEVEL_SERVOING mode !
1756009597.3662949 [ros2_control_node-1] [DEBUG] [1756009597.365990423] [KortexMultiInterfaceHardware]: No controller active in LOW_LEVEL_SERVOING mode !
1756009597.3665457 [ros2_control_node-1] [DEBUG] [1756009597.366239592] [KortexMultiInterfaceHardware]: No controller active in LOW_LEVEL_SERVOING mode !
1756009597.3669224 [ros2_control_node-1] [DEBUG] [1756009597.366800628] [KortexMultiInterfaceHardware]: No controller active in LOW_LEVEL_SERVOING mode !
1756009597.3672493 [ros2_control_node-1] [DEBUG] [1756009597.367132427] [KortexMultiInterfaceHardware]: No controller active in LOW_LEVEL_SERVOING mode !
1756009597.3675511 [ros2_control_node-1] [DEBUG] [1756009597.367436710] [KortexMultiInterfaceHardware]: No controller active in LOW_LEVEL_SERVOING mode !
1756009597.3678663 [ros2_control_node-1] [DEBUG] [1756009597.367758648] [KortexMultiInterfaceHardware]: No controller active in LOW_LEVEL_SERVOING mode !
1756009597.3681302 [ros2_control_node-1] [DEBUG] [1756009597.367974435] [KortexMultiInterfaceHardware]: No controller active in LOW_LEVEL_SERVOING mode !
1756009597.3683615 [ros2_control_node-1] [DEBUG] [1756009597.368220628] [KortexMultiInterfaceHardware]: No controller active in LOW_LEVEL_SERVOING mode !
1756009597.3686032 [ros2_control_node-1] [DEBUG] [1756009597.368474218] [KortexMultiInterfaceHardware]: No controller active in LOW_LEVEL_SERVOING mode !
1756009597.3688900 [ros2_control_node-1] [DEBUG] [1756009597.368758954] [KortexMultiInterfaceHardware]: No controller active in LOW_LEVEL_SERVOING mode !
1756009597.3691261 [ros2_control_node-1] [DEBUG] [1756009597.368990081] [KortexMultiInterfaceHardware]: No controller active in LOW_LEVEL_SERVOING mode !
1756009597.3693459 [ros2_control_node-1] [DEBUG] [1756009597.369238485] [KortexMultiInterfaceHardware]: No controller active in LOW_LEVEL_SERVOING mode !
1756009597.3696301 [ros2_control_node-1] [DEBUG] [1756009597.369498554] [KortexMultiInterfaceHardware]: No controller active in LOW_LEVEL_SERVOING mode !
1756009597.3701780 [ros2_control_node-1] [DEBUG] [1756009597.370091498] [KortexMultiInterfaceHardware]: No controller active in LOW_LEVEL_SERVOING mode !
1756009597.3704133 [ros2_control_node-1] [DEBUG] [1756009597.370371118] [KortexMultiInterfaceHardware]: No controller active in LOW_LEVEL_SERVOING mode !
1756009597.3706951 [ros2_control_node-1] [DEBUG] [1756009597.370653300] [KortexMultiInterfaceHardware]: No controller active in LOW_LEVEL_SERVOING mode !
1756009597.3709311 [ros2_control_node-1] [DEBUG] [1756009597.370877263] [KortexMultiInterfaceHardware]: No controller active in LOW_LEVEL_SERVOING mode !
1756009597.3712294 [ros2_control_node-1] [DEBUG] [1756009597.371168222] [KortexMultiInterfaceHardware]: No controller active in LOW_LEVEL_SERVOING mode !
1756009597.3715656 [ros2_control_node-1] [DEBUG] [1756009597.371472951] [KortexMultiInterfaceHardware]: No controller active in LOW_LEVEL_SERVOING mode !
1756009597.3718877 [ros2_control_node-1] [DEBUG] [1756009597.371763103] [KortexMultiInterfaceHardware]: No controller active in LOW_LEVEL_SERVOING mode !
1756009597.3721142 [ros2_control_node-1] [DEBUG] [1756009597.371953223] [KortexMultiInterfaceHardware]: No controller active in LOW_LEVEL_SERVOING mode !
1756009597.3723123 [ros2_control_node-1] [DEBUG] [1756009597.372230868] [KortexMultiInterfaceHardware]: No controller active in LOW_LEVEL_SERVOING mode !
1756009597.3725369 [ros2_control_node-1] [DEBUG] [1756009597.372461760] [KortexMultiInterfaceHardware]: No controller active in LOW_LEVEL_SERVOING mode !
1756009597.3728247 [ros2_control_node-1] [DEBUG] [1756009597.372756669] [KortexMultiInterfaceHardware]: No controller active in LOW_LEVEL_SERVOING mode !
1756009597.3730655 [ros2_control_node-1] [DEBUG] [1756009597.372949632] [KortexMultiInterfaceHardware]: No controller active in LOW_LEVEL_SERVOING mode !
1756009597.3732920 [ros2_control_node-1] [DEBUG] [1756009597.373192640] [KortexMultiInterfaceHardware]: No controller active in LOW_LEVEL_SERVOING mode !
1756009597.3735375 [ros2_control_node-1] [DEBUG] [1756009597.373456940] [KortexMultiInterfaceHardware]: No controller active in LOW_LEVEL_SERVOING mode !
1756009597.3738270 [ros2_control_node-1] [DEBUG] [1756009597.373753608] [KortexMultiInterfaceHardware]: No controller active in LOW_LEVEL_SERVOING mode !
1756009597.3740258 [ros2_control_node-1] [DEBUG] [1756009597.373967763] [KortexMultiInterfaceHardware]: No controller active in LOW_LEVEL_SERVOING mode !
1756009597.3742230 [ros2_control_node-1] [DEBUG] [1756009597.374181116] [KortexMultiInterfaceHardware]: No controller active in LOW_LEVEL_SERVOING mode !
1756009597.3744910 [ros2_control_node-1] [DEBUG] [1756009597.374449702] [KortexMultiInterfaceHardware]: No controller active in LOW_LEVEL_SERVOING mode !
1756009597.3748577 [ros2_control_node-1] [DEBUG] [1756009597.374742941] [KortexMultiInterfaceHardware]: No controller active in LOW_LEVEL_SERVOING mode !
1756009597.3750663 [ros2_control_node-1] [DEBUG] [1756009597.374982926] [KortexMultiInterfaceHardware]: No controller active in LOW_LEVEL_SERVOING mode !
1756009597.3752835 [ros2_control_node-1] [DEBUG] [1756009597.375195369] [KortexMultiInterfaceHardware]: No controller active in LOW_LEVEL_SERVOING mode !
1756009597.3755572 [ros2_control_node-1] [DEBUG] [1756009597.375474631] [KortexMultiInterfaceHardware]: No controller active in LOW_LEVEL_SERVOING mode !
1756009597.3758399 [ros2_control_node-1] [DEBUG] [1756009597.375732676] [KortexMultiInterfaceHardware]: No controller active in LOW_LEVEL_SERVOING mode !
1756009597.3760469 [ros2_control_node-1] [DEBUG] [1756009597.375933673] [KortexMultiInterfaceHardware]: No controller active in LOW_LEVEL_SERVOING mode !
1756009597.3762560 [ros2_control_node-1] [DEBUG] [1756009597.376168580] [KortexMultiInterfaceHardware]: No controller active in LOW_LEVEL_SERVOING mode !
1756009597.3765895 [ros2_control_node-1] [DEBUG] [1756009597.376498006] [KortexMultiInterfaceHardware]: No controller active in LOW_LEVEL_SERVOING mode !
1756009597.3768497 [ros2_control_node-1] [DEBUG] [1756009597.376748420] [KortexMultiInterfaceHardware]: No controller active in LOW_LEVEL_SERVOING mode !
1756009597.3770854 [ros2_control_node-1] [DEBUG] [1756009597.376964689] [KortexMultiInterfaceHardware]: No controller active in LOW_LEVEL_SERVOING mode !
1756009597.3773093 [ros2_control_node-1] [DEBUG] [1756009597.377209768] [KortexMultiInterfaceHardware]: No controller active in LOW_LEVEL_SERVOING mode !
1756009597.3776486 [ros2_control_node-1] [DEBUG] [1756009597.377552245] [KortexMultiInterfaceHardware]: No controller active in LOW_LEVEL_SERVOING mode !
1756009597.3779020 [ros2_control_node-1] [DEBUG] [1756009597.377759269] [KortexMultiInterfaceHardware]: No controller active in LOW_LEVEL_SERVOING mode !
1756009597.3780670 [ros2_control_node-1] [DEBUG] [1756009597.378001172] [KortexMultiInterfaceHardware]: No controller active in LOW_LEVEL_SERVOING mode !
1756009597.3783252 [ros2_control_node-1] [DEBUG] [1756009597.378204768] [KortexMultiInterfaceHardware]: No controller active in LOW_LEVEL_SERVOING mode !
1756009597.3785932 [ros2_control_node-1] [DEBUG] [1756009597.378491127] [KortexMultiInterfaceHardware]: No controller active in LOW_LEVEL_SERVOING mode !
1756009597.3788493 [ros2_control_node-1] [DEBUG] [1756009597.378751904] [KortexMultiInterfaceHardware]: No controller active in LOW_LEVEL_SERVOING mode !
1756009597.3790693 [ros2_control_node-1] [DEBUG] [1756009597.378971042] [KortexMultiInterfaceHardware]: No controller active in LOW_LEVEL_SERVOING mode !
1756009597.3793025 [ros2_control_node-1] [DEBUG] [1756009597.379211554] [KortexMultiInterfaceHardware]: No controller active in LOW_LEVEL_SERVOING mode !
1756009597.3796184 [ros2_control_node-1] [DEBUG] [1756009597.379528311] [KortexMultiInterfaceHardware]: No controller active in LOW_LEVEL_SERVOING mode !
1756009597.3799100 [ros2_control_node-1] [DEBUG] [1756009597.379743235] [KortexMultiInterfaceHardware]: No controller active in LOW_LEVEL_SERVOING mode !
1756009597.3804352 [ros2_control_node-1] [DEBUG] [1756009597.380304853] [KortexMultiInterfaceHardware]: No controller active in LOW_LEVEL_SERVOING mode !
1756009597.3807421 [ros2_control_node-1] [DEBUG] [1756009597.380621082] [KortexMultiInterfaceHardware]: No controller active in LOW_LEVEL_SERVOING mode !
1756009597.3810835 [ros2_control_node-1] [DEBUG] [1756009597.380964747] [KortexMultiInterfaceHardware]: No controller active in LOW_LEVEL_SERVOING mode !
1756009597.3813355 [ros2_control_node-1] [DEBUG] [1756009597.381220741] [KortexMultiInterfaceHardware]: No controller active in LOW_LEVEL_SERVOING mode !
1756009597.3819950 [ros2_control_node-1] [DEBUG] [1756009597.381836661] [KortexMultiInterfaceHardware]: No controller active in LOW_LEVEL_SERVOING mode !
1756009597.3822353 [ros2_control_node-1] [DEBUG] [1756009597.382141239] [KortexMultiInterfaceHardware]: No controller active in LOW_LEVEL_SERVOING mode !
1756009597.3825138 [ros2_control_node-1] [DEBUG] [1756009597.382419852] [KortexMultiInterfaceHardware]: No controller active in LOW_LEVEL_SERVOING mode !
1756009597.3831706 [ros2_control_node-1] [DEBUG] [1756009597.383062380] [KortexMultiInterfaceHardware]: No controller active in LOW_LEVEL_SERVOING mode !
1756009597.3834095 [ros2_control_node-1] [DEBUG] [1756009597.383311292] [KortexMultiInterfaceHardware]: No controller active in LOW_LEVEL_SERVOING mode !
1756009597.3837018 [ros2_control_node-1] [DEBUG] [1756009597.383609401] [KortexMultiInterfaceHardware]: No controller active in LOW_LEVEL_SERVOING mode !
1756009597.3839669 [ros2_control_node-1] [DEBUG] [1756009597.383878025] [KortexMultiInterfaceHardware]: No controller active in LOW_LEVEL_SERVOING mode !
1756009597.3842406 [ros2_control_node-1] [DEBUG] [1756009597.384154734] [KortexMultiInterfaceHardware]: No controller active in LOW_LEVEL_SERVOING mode !
1756009597.3845186 [ros2_control_node-1] [DEBUG] [1756009597.384433195] [KortexMultiInterfaceHardware]: No controller active in LOW_LEVEL_SERVOING mode !
1756009597.3848286 [ros2_control_node-1] [DEBUG] [1756009597.384736736] [KortexMultiInterfaceHardware]: No controller active in LOW_LEVEL_SERVOING mode !
1756009597.3850379 [ros2_control_node-1] [DEBUG] [1756009597.384940322] [KortexMultiInterfaceHardware]: No controller active in LOW_LEVEL_SERVOING mode !
1756009597.3852890 [ros2_control_node-1] [DEBUG] [1756009597.385207041] [KortexMultiInterfaceHardware]: No controller active in LOW_LEVEL_SERVOING mode !
1756009597.3855300 [ros2_control_node-1] [DEBUG] [1756009597.385444286] [KortexMultiInterfaceHardware]: No controller active in LOW_LEVEL_SERVOING mode !
1756009597.3858104 [ros2_control_node-1] [DEBUG] [1756009597.385725156] [KortexMultiInterfaceHardware]: No controller active in LOW_LEVEL_SERVOING mode !
1756009597.3860176 [ros2_control_node-1] [DEBUG] [1756009597.385931725] [KortexMultiInterfaceHardware]: No controller active in LOW_LEVEL_SERVOING mode !
1756009597.3862596 [ros2_control_node-1] [DEBUG] [1756009597.386177122] [KortexMultiInterfaceHardware]: No controller active in LOW_LEVEL_SERVOING mode !
1756009597.3865483 [ros2_control_node-1] [DEBUG] [1756009597.386468212] [KortexMultiInterfaceHardware]: No controller active in LOW_LEVEL_SERVOING mode !
1756009597.3868475 [ros2_control_node-1] [DEBUG] [1756009597.386756629] [KortexMultiInterfaceHardware]: No controller active in LOW_LEVEL_SERVOING mode !
1756009597.3870475 [ros2_control_node-1] [DEBUG] [1756009597.386971948] [KortexMultiInterfaceHardware]: No controller active in LOW_LEVEL_SERVOING mode !
1756009597.3872731 [ros2_control_node-1] [DEBUG] [1756009597.387188297] [KortexMultiInterfaceHardware]: No controller active in LOW_LEVEL_SERVOING mode !
1756009597.3875504 [ros2_control_node-1] [DEBUG] [1756009597.387468553] [KortexMultiInterfaceHardware]: No controller active in LOW_LEVEL_SERVOING mode !
1756009597.3878577 [ros2_control_node-1] [DEBUG] [1756009597.387755761] [KortexMultiInterfaceHardware]: No controller active in LOW_LEVEL_SERVOING mode !
1756009597.3880677 [ros2_control_node-1] [DEBUG] [1756009597.387960030] [KortexMultiInterfaceHardware]: No controller active in LOW_LEVEL_SERVOING mode !
1756009597.3883092 [ros2_control_node-1] [DEBUG] [1756009597.388222487] [KortexMultiInterfaceHardware]: No controller active in LOW_LEVEL_SERVOING mode !
1756009597.3885448 [ros2_control_node-1] [DEBUG] [1756009597.388467482] [KortexMultiInterfaceHardware]: No controller active in LOW_LEVEL_SERVOING mode !
1756009597.3888438 [ros2_control_node-1] [DEBUG] [1756009597.388742085] [KortexMultiInterfaceHardware]: No controller active in LOW_LEVEL_SERVOING mode !
1756009597.3890696 [ros2_control_node-1] [DEBUG] [1756009597.388982964] [KortexMultiInterfaceHardware]: No controller active in LOW_LEVEL_SERVOING mode !
1756009597.3892913 [ros2_control_node-1] [DEBUG] [1756009597.389207336] [KortexMultiInterfaceHardware]: No controller active in LOW_LEVEL_SERVOING mode !
1756009597.3895521 [ros2_control_node-1] [DEBUG] [1756009597.389467506] [KortexMultiInterfaceHardware]: No controller active in LOW_LEVEL_SERVOING mode !
1756009597.3898456 [ros2_control_node-1] [DEBUG] [1756009597.389760205] [KortexMultiInterfaceHardware]: No controller active in LOW_LEVEL_SERVOING mode !
1756009597.3900855 [ros2_control_node-1] [DEBUG] [1756009597.390001459] [KortexMultiInterfaceHardware]: No controller active in LOW_LEVEL_SERVOING mode !
1756009597.3902977 [ros2_control_node-1] [DEBUG] [1756009597.390213050] [KortexMultiInterfaceHardware]: No controller active in LOW_LEVEL_SERVOING mode !
1756009597.3905475 [ros2_control_node-1] [DEBUG] [1756009597.390466884] [KortexMultiInterfaceHardware]: No controller active in LOW_LEVEL_SERVOING mode !
1756009597.3908341 [ros2_control_node-1] [DEBUG] [1756009597.390749055] [KortexMultiInterfaceHardware]: No controller active in LOW_LEVEL_SERVOING mode !
1756009597.3910303 [ros2_control_node-1] [DEBUG] [1756009597.390932113] [KortexMultiInterfaceHardware]: No controller active in LOW_LEVEL_SERVOING mode !
1756009597.3912730 [ros2_control_node-1] [DEBUG] [1756009597.391183396] [KortexMultiInterfaceHardware]: No controller active in LOW_LEVEL_SERVOING mode !
1756009597.3915443 [ros2_control_node-1] [DEBUG] [1756009597.391450156] [KortexMultiInterfaceHardware]: No controller active in LOW_LEVEL_SERVOING mode !
1756009597.3918133 [ros2_control_node-1] [DEBUG] [1756009597.391734705] [KortexMultiInterfaceHardware]: No controller active in LOW_LEVEL_SERVOING mode !
1756009597.3920701 [ros2_control_node-1] [DEBUG] [1756009597.391951992] [KortexMultiInterfaceHardware]: No controller active in LOW_LEVEL_SERVOING mode !
1756009597.3923585 [ros2_control_node-1] [DEBUG] [1756009597.392228856] [KortexMultiInterfaceHardware]: No controller active in LOW_LEVEL_SERVOING mode !
1756009597.3925650 [ros2_control_node-1] [INFO] [1756009597.392278637] [controller_manager]: Loading controller 'joint_state_broadcaster'
1756009597.3928254 [ros2_control_node-1] [DEBUG] [1756009597.392498657] [KortexMultiInterfaceHardware]: No controller active in LOW_LEVEL_SERVOING mode !
1756009597.3930004 [ros2_control_node-1] [DEBUG] [1756009597.392783099] [KortexMultiInterfaceHardware]: No controller active in LOW_LEVEL_SERVOING mode !
1756009597.3931270 [ros2_control_node-1] [DEBUG] [1756009597.392987896] [KortexMultiInterfaceHardware]: No controller active in LOW_LEVEL_SERVOING mode !
1756009597.3934526 [ros2_control_node-1] [DEBUG] [1756009597.393309995] [KortexMultiInterfaceHardware]: No controller active in LOW_LEVEL_SERVOING mode !
1756009597.3943708 [ros2_control_node-1] [DEBUG] [1756009597.393887486] [KortexMultiInterfaceHardware]: No controller active in LOW_LEVEL_SERVOING mode !
1756009597.3981316 [ros2_control_node-1] [DEBUG] [1756009597.397818373] [KortexMultiInterfaceHardware]: No controller active in LOW_LEVEL_SERVOING mode !
1756009597.3986554 [ros2_control_node-1] [DEBUG] [1756009597.398162883] [KortexMultiInterfaceHardware]: No controller active in LOW_LEVEL_SERVOING mode !
1756009597.4083490 [ros2_control_node-1] [DEBUG] [1756009597.408109163] [KortexMultiInterfaceHardware]: No controller active in LOW_LEVEL_SERVOING mode !
1756009597.4087429 [spawner-2] [INFO] [1756009597.408223829] [spawner_joint_state_broadcaster]: [94mLoaded [1mjoint_state_broadcaster[0m
1756009597.4089804 [ros2_control_node-1] [DEBUG] [1756009597.408528145] [KortexMultiInterfaceHardware]: No controller active in LOW_LEVEL_SERVOING mode !
1756009597.4092224 [ros2_control_node-1] [INFO] [1756009597.409064218] [controller_manager]: Loading controller 'left_joint_trajectory_controller'
1756009597.4180481 [ros2_control_node-1] [DEBUG] [1756009597.417819751] [KortexMultiInterfaceHardware]: No controller active in LOW_LEVEL_SERVOING mode !
1756009597.4184146 [ros2_control_node-1] [DEBUG] [1756009597.418141620] [KortexMultiInterfaceHardware]: No controller active in LOW_LEVEL_SERVOING mode !
1756009597.4194350 [ros2_control_node-1] [WARN] [1756009597.419279484] [left_joint_trajectory_controller]: [Deprecated]: "allow_nonzero_velocity_at_trajectory_end" is set to true. The default behavior will change to false.
1756009597.4280441 [ros2_control_node-1] [INFO] [1756009597.427791110] [controller_manager]: Loading controller 'fault_controller'
1756009597.4284115 [ros2_control_node-1] [DEBUG] [1756009597.428120719] [KortexMultiInterfaceHardware]: No controller active in LOW_LEVEL_SERVOING mode !
1756009597.4288886 [ros2_control_node-1] [DEBUG] [1756009597.428465942] [KortexMultiInterfaceHardware]: No controller active in LOW_LEVEL_SERVOING mode !
1756009597.4293602 [spawner-3] [INFO] [1756009597.428882473] [spawner_left_joint_trajectory_controller]: [94mLoaded [1mleft_joint_trajectory_controller[0m
1756009597.4378688 [ros2_control_node-1] [INFO] [1756009597.437594768] [controller_manager]: Loading controller 'right_joint_trajectory_controller'
1756009597.4383767 [ros2_control_node-1] [DEBUG] [1756009597.437850149] [KortexMultiInterfaceHardware]: No controller active in LOW_LEVEL_SERVOING mode !
1756009597.4385815 [spawner-5] [INFO] [1756009597.438457536] [spawner_fault_controller]: [94mLoaded [1mfault_controller[0m
1756009597.4389482 [ros2_control_node-1] [DEBUG] [1756009597.438873951] [KortexMultiInterfaceHardware]: No controller active in LOW_LEVEL_SERVOING mode !
1756009597.4467878 [ros2_control_node-1] [WARN] [1756009597.446587645] [right_joint_trajectory_controller]: [Deprecated]: "allow_nonzero_velocity_at_trajectory_end" is set to true. The default behavior will change to false.
1756009597.4478583 [ros2_control_node-1] [INFO] [1756009597.447735537] [controller_manager]: Configuring controller 'joint_state_broadcaster'
1756009597.4480748 [ros2_control_node-1] [INFO] [1756009597.447809761] [joint_state_broadcaster]: 'joints' or 'interfaces' parameter is empty. All available state interfaces will be published
1756009597.4482279 [ros2_control_node-1] [DEBUG] [1756009597.448106539] [KortexMultiInterfaceHardware]: No controller active in LOW_LEVEL_SERVOING mode !
1756009597.4484169 [spawner-4] [INFO] [1756009597.448356302] [spawner_right_joint_trajectory_controller]: [94mLoaded [1mright_joint_trajectory_controller[0m
1756009597.4485869 [ros2_control_node-1] [DEBUG] [1756009597.448480495] [KortexMultiInterfaceHardware]: No controller active in LOW_LEVEL_SERVOING mode !
1756009597.4578185 [ros2_control_node-1] [INFO] [1756009597.457626400] [controller_manager]: Configuring controller 'left_joint_trajectory_controller'
1756009597.4580677 [ros2_control_node-1] [INFO] [1756009597.457769763] [left_joint_trajectory_controller]: No specific joint names are used for command interfaces. Using 'joints' parameter.
1756009597.4581287 [ros2_control_node-1] [INFO] [1756009597.457783471] [left_joint_trajectory_controller]: Command interfaces are [position] and state interfaces are [position velocity].
1756009597.4581604 [ros2_control_node-1] [INFO] [1756009597.457797173] [left_joint_trajectory_controller]: Using 'splines' interpolation method.
1756009597.4581854 [ros2_control_node-1] [DEBUG] [1756009597.457833253] [KortexMultiInterfaceHardware]: No controller active in LOW_LEVEL_SERVOING mode !
1756009597.4583502 [ros2_control_node-1] [DEBUG] [1756009597.458098241] [KortexMultiInterfaceHardware]: No controller active in LOW_LEVEL_SERVOING mode !
1756009597.4587359 [ros2_control_node-1] [INFO] [1756009597.458552283] [left_joint_trajectory_controller]: Controller state will be published at 100.00 Hz.
1756009597.4605408 [ros2_control_node-1] [INFO] [1756009597.460372270] [left_joint_trajectory_controller]: Action status changes will be monitored at 20.00 Hz.
1756009597.4677019 [ros2_control_node-1] [INFO] [1756009597.467516821] [controller_manager]: Configuring controller 'fault_controller'
1756009597.4683337 [ros2_control_node-1] [DEBUG] [1756009597.468126636] [KortexMultiInterfaceHardware]: No controller active in LOW_LEVEL_SERVOING mode !
1756009597.4686129 [ros2_control_node-1] [DEBUG] [1756009597.468477926] [KortexMultiInterfaceHardware]: No controller active in LOW_LEVEL_SERVOING mode !
1756009597.4777229 [ros2_control_node-1] [INFO] [1756009597.477599777] [controller_manager]: Configuring controller 'right_joint_trajectory_controller'
1756009597.4779205 [ros2_control_node-1] [INFO] [1756009597.477779229] [right_joint_trajectory_controller]: No specific joint names are used for command interfaces. Using 'joints' parameter.
1756009597.4779723 [ros2_control_node-1] [INFO] [1756009597.477793069] [right_joint_trajectory_controller]: Command interfaces are [position] and state interfaces are [position velocity].
1756009597.4780188 [ros2_control_node-1] [DEBUG] [1756009597.477803057] [KortexMultiInterfaceHardware]: No controller active in LOW_LEVEL_SERVOING mode !
1756009597.4780443 [ros2_control_node-1] [INFO] [1756009597.477806427] [right_joint_trajectory_controller]: Using 'splines' interpolation method.
1756009597.4782951 [ros2_control_node-1] [DEBUG] [1756009597.478166437] [KortexMultiInterfaceHardware]: No controller active in LOW_LEVEL_SERVOING mode !
1756009597.4784656 [ros2_control_node-1] [INFO] [1756009597.478235888] [right_joint_trajectory_controller]: Controller state will be published at 100.00 Hz.
1756009597.4797966 [ros2_control_node-1] [INFO] [1756009597.479665309] [right_joint_trajectory_controller]: Action status changes will be monitored at 20.00 Hz.
1756009597.4879994 [ros2_control_node-1] [DEBUG] [1756009597.487836465] [KortexMultiInterfaceHardware]: No controller active in LOW_LEVEL_SERVOING mode !
1756009597.4882531 [ros2_control_node-1] [DEBUG] [1756009597.488130606] [KortexMultiInterfaceHardware]: No controller active in LOW_LEVEL_SERVOING mode !
1756009597.4979503 [ros2_control_node-1] [DEBUG] [1756009597.497806815] [KortexMultiInterfaceHardware]: No controller active in LOW_LEVEL_SERVOING mode !
1756009597.4981766 [ros2_control_node-1] [DEBUG] [1756009597.498087105] [KortexMultiInterfaceHardware]: No controller active in LOW_LEVEL_SERVOING mode !
1756009597.5078986 [ros2_control_node-1] [DEBUG] [1756009597.507785203] [KortexMultiInterfaceHardware]: No controller active in LOW_LEVEL_SERVOING mode !
1756009597.5081232 [spawner-2] [INFO] [1756009597.507988724] [spawner_joint_state_broadcaster]: [92mConfigured and activated [1mjoint_state_broadcaster[0m
1756009597.5082686 [ros2_control_node-1] [DEBUG] [1756009597.508061607] [KortexMultiInterfaceHardware]: No controller active in LOW_LEVEL_SERVOING mode !
1756009597.5182664 [ros2_control_node-1] [DEBUG] [1756009597.518054992] [KortexMultiInterfaceHardware]: No controller active in LOW_LEVEL_SERVOING mode !
1756009597.5283027 [ros2_control_node-1] [DEBUG] [1756009597.528114393] [KortexMultiInterfaceHardware]: No controller active in LOW_LEVEL_SERVOING mode !
1756009597.5385289 [ros2_control_node-1] [DEBUG] [1756009597.538381357] [KortexMultiInterfaceHardware]: No controller active in LOW_LEVEL_SERVOING mode !
1756009597.5482213 [ros2_control_node-1] [DEBUG] [1756009597.548104320] [KortexMultiInterfaceHardware]: No controller active in LOW_LEVEL_SERVOING mode !
1756009597.5586524 [ros2_control_node-1] [DEBUG] [1756009597.558379921] [KortexMultiInterfaceHardware]: No controller active in LOW_LEVEL_SERVOING mode !
1756009597.5685499 [ros2_control_node-1] [DEBUG] [1756009597.568354209] [KortexMultiInterfaceHardware]: No controller active in LOW_LEVEL_SERVOING mode !
1756009597.5787416 [ros2_control_node-1] [DEBUG] [1756009597.578566700] [KortexMultiInterfaceHardware]: No controller active in LOW_LEVEL_SERVOING mode !
1756009597.5886984 [ros2_control_node-1] [DEBUG] [1756009597.588362656] [KortexMultiInterfaceHardware]: No controller active in LOW_LEVEL_SERVOING mode !
1756009597.5991085 [ros2_control_node-1] [DEBUG] [1756009597.598830705] [KortexMultiInterfaceHardware]: No controller active in LOW_LEVEL_SERVOING mode !
1756009597.6089821 [ros2_control_node-1] [DEBUG] [1756009597.608671911] [KortexMultiInterfaceHardware]: No controller active in LOW_LEVEL_SERVOING mode !
1756009597.6192584 [ros2_control_node-1] [DEBUG] [1756009597.618965526] [KortexMultiInterfaceHardware]: No controller active in LOW_LEVEL_SERVOING mode !
1756009597.6288555 [ros2_control_node-1] [DEBUG] [1756009597.628600634] [KortexMultiInterfaceHardware]: No controller active in LOW_LEVEL_SERVOING mode !
1756009597.6343570 [INFO] [spawner-2]: process has finished cleanly [pid 5403]
1756009597.6383364 [ros2_control_node-1] [DEBUG] [1756009597.638187189] [KortexMultiInterfaceHardware]: No controller active in LOW_LEVEL_SERVOING mode !
1756009597.6481912 [ros2_control_node-1] [DEBUG] [1756009597.648061784] [KortexMultiInterfaceHardware]: No controller active in LOW_LEVEL_SERVOING mode !
1756009597.6582818 [ros2_control_node-1] [DEBUG] [1756009597.658122187] [KortexMultiInterfaceHardware]: No controller active in LOW_LEVEL_SERVOING mode !
1756009597.6683080 [ros2_control_node-1] [DEBUG] [1756009597.668146963] [KortexMultiInterfaceHardware]: No controller active in LOW_LEVEL_SERVOING mode !
1756009597.6783102 [ros2_control_node-1] [DEBUG] [1756009597.678167568] [KortexMultiInterfaceHardware]: No controller active in LOW_LEVEL_SERVOING mode !
1756009597.6890390 [ros2_control_node-1] [DEBUG] [1756009597.688793711] [KortexMultiInterfaceHardware]: No controller active in LOW_LEVEL_SERVOING mode !
1756009597.6984074 [ros2_control_node-1] [DEBUG] [1756009597.698260354] [KortexMultiInterfaceHardware]: No controller active in LOW_LEVEL_SERVOING mode !
1756009597.9598811 [ros2_control_node-1] [DEBUG] [1756009597.959599056] [KortexMultiInterfaceHardware]: No controller active in LOW_LEVEL_SERVOING mode !
1756009597.9605341 [spawner-3] [INFO] [1756009597.960275785] [spawner_left_joint_trajectory_controller]: [92mConfigured and activated [1mleft_joint_trajectory_controller[0m
1756009597.9607759 [ros2_control_node-1] [DEBUG] [1756009597.960525263] [KortexMultiInterfaceHardware]: No controller active in LOW_LEVEL_SERVOING mode !
1756009597.9612164 [ros2_control_node-1] [DEBUG] [1756009597.961121133] [KortexMultiInterfaceHardware]: No controller active in LOW_LEVEL_SERVOING mode !
1756009597.9619424 [ros2_control_node-1] [DEBUG] [1756009597.961846777] [KortexMultiInterfaceHardware]: No controller active in LOW_LEVEL_SERVOING mode !
1756009597.9625659 [ros2_control_node-1] [DEBUG] [1756009597.962436699] [KortexMultiInterfaceHardware]: No controller active in LOW_LEVEL_SERVOING mode !
1756009597.9682941 [ros2_control_node-1] [DEBUG] [1756009597.968073261] [KortexMultiInterfaceHardware]: No controller active in LOW_LEVEL_SERVOING mode !
1756009597.9783623 [ros2_control_node-1] [DEBUG] [1756009597.978187300] [KortexMultiInterfaceHardware]: No controller active in LOW_LEVEL_SERVOING mode !
1756009597.9886343 [ros2_control_node-1] [DEBUG] [1756009597.988478112] [KortexMultiInterfaceHardware]: No controller active in LOW_LEVEL_SERVOING mode !
1756009597.9982324 [ros2_control_node-1] [DEBUG] [1756009597.998109859] [KortexMultiInterfaceHardware]: No controller active in LOW_LEVEL_SERVOING mode !
1756009598.0086560 [ros2_control_node-1] [DEBUG] [1756009598.008510439] [KortexMultiInterfaceHardware]: No controller active in LOW_LEVEL_SERVOING mode !
1756009598.0183904 [ros2_control_node-1] [DEBUG] [1756009598.018185555] [KortexMultiInterfaceHardware]: No controller active in LOW_LEVEL_SERVOING mode !
1756009598.0283599 [ros2_control_node-1] [DEBUG] [1756009598.028161285] [KortexMultiInterfaceHardware]: No controller active in LOW_LEVEL_SERVOING mode !
1756009598.0384638 [ros2_control_node-1] [DEBUG] [1756009598.038195987] [KortexMultiInterfaceHardware]: No controller active in LOW_LEVEL_SERVOING mode !
1756009598.0486877 [ros2_control_node-1] [DEBUG] [1756009598.048484334] [KortexMultiInterfaceHardware]: No controller active in LOW_LEVEL_SERVOING mode !
1756009598.0583541 [ros2_control_node-1] [DEBUG] [1756009598.058162347] [KortexMultiInterfaceHardware]: No controller active in LOW_LEVEL_SERVOING mode !
1756009598.0688803 [ros2_control_node-1] [DEBUG] [1756009598.068607931] [KortexMultiInterfaceHardware]: No controller active in LOW_LEVEL_SERVOING mode !
1756009598.0783691 [ros2_control_node-1] [DEBUG] [1756009598.078137367] [KortexMultiInterfaceHardware]: No controller active in LOW_LEVEL_SERVOING mode !
1756009598.0841911 [INFO] [spawner-3]: process has finished cleanly [pid 5405]
1756009598.0888166 [ros2_control_node-1] [DEBUG] [1756009598.088537870] [KortexMultiInterfaceHardware]: No controller active in LOW_LEVEL_SERVOING mode !
1756009598.0982101 [ros2_control_node-1] [DEBUG] [1756009598.098066795] [KortexMultiInterfaceHardware]: No controller active in LOW_LEVEL_SERVOING mode !
1756009598.1082680 [ros2_control_node-1] [DEBUG] [1756009598.108107076] [KortexMultiInterfaceHardware]: No controller active in LOW_LEVEL_SERVOING mode !
1756009598.1183498 [ros2_control_node-1] [DEBUG] [1756009598.118135367] [KortexMultiInterfaceHardware]: No controller active in LOW_LEVEL_SERVOING mode !
1756009598.1283255 [ros2_control_node-1] [DEBUG] [1756009598.128102163] [KortexMultiInterfaceHardware]: No controller active in LOW_LEVEL_SERVOING mode !
1756009598.1390502 [ros2_control_node-1] [DEBUG] [1756009598.138807558] [KortexMultiInterfaceHardware]: No controller active in LOW_LEVEL_SERVOING mode !
1756009598.1483426 [ros2_control_node-1] [DEBUG] [1756009598.148151931] [KortexMultiInterfaceHardware]: No controller active in LOW_LEVEL_SERVOING mode !
1756009598.1585884 [ros2_control_node-1] [DEBUG] [1756009598.158364284] [KortexMultiInterfaceHardware]: No controller active in LOW_LEVEL_SERVOING mode !
1756009598.4862652 [ros2_control_node-1] [DEBUG] [1756009598.486023360] [KortexMultiInterfaceHardware]: No controller active in LOW_LEVEL_SERVOING mode !
1756009598.4868920 [spawner-5] [INFO] [1756009598.486812349] [spawner_fault_controller]: [92mConfigured and activated [1mfault_controller[0m
1756009598.4871366 [ros2_control_node-1] [DEBUG] [1756009598.487006054] [KortexMultiInterfaceHardware]: No controller active in LOW_LEVEL_SERVOING mode !
1756009598.4881206 [ros2_control_node-1] [DEBUG] [1756009598.487931701] [KortexMultiInterfaceHardware]: No controller active in LOW_LEVEL_SERVOING mode !
1756009598.4886293 [ros2_control_node-1] [DEBUG] [1756009598.488525582] [KortexMultiInterfaceHardware]: No controller active in LOW_LEVEL_SERVOING mode !
1756009598.4890964 [ros2_control_node-1] [DEBUG] [1756009598.489003388] [KortexMultiInterfaceHardware]: No controller active in LOW_LEVEL_SERVOING mode !
1756009598.4896481 [ros2_control_node-1] [DEBUG] [1756009598.489475203] [KortexMultiInterfaceHardware]: No controller active in LOW_LEVEL_SERVOING mode !
1756009598.4901650 [ros2_control_node-1] [DEBUG] [1756009598.490005022] [KortexMultiInterfaceHardware]: No controller active in LOW_LEVEL_SERVOING mode !
1756009598.4908583 [ros2_control_node-1] [DEBUG] [1756009598.490717299] [KortexMultiInterfaceHardware]: No controller active in LOW_LEVEL_SERVOING mode !
1756009598.4918029 [ros2_control_node-1] [DEBUG] [1756009598.491636244] [KortexMultiInterfaceHardware]: No controller active in LOW_LEVEL_SERVOING mode !
1756009598.4927886 [ros2_control_node-1] [DEBUG] [1756009598.492602455] [KortexMultiInterfaceHardware]: No controller active in LOW_LEVEL_SERVOING mode !
1756009598.4936078 [ros2_control_node-1] [DEBUG] [1756009598.493502291] [KortexMultiInterfaceHardware]: No controller active in LOW_LEVEL_SERVOING mode !
1756009598.4941146 [ros2_control_node-1] [DEBUG] [1756009598.493998821] [KortexMultiInterfaceHardware]: No controller active in LOW_LEVEL_SERVOING mode !
1756009598.4945872 [ros2_control_node-1] [DEBUG] [1756009598.494486457] [KortexMultiInterfaceHardware]: No controller active in LOW_LEVEL_SERVOING mode !
1756009598.4981580 [ros2_control_node-1] [DEBUG] [1756009598.498009274] [KortexMultiInterfaceHardware]: No controller active in LOW_LEVEL_SERVOING mode !
1756009598.5082853 [ros2_control_node-1] [DEBUG] [1756009598.508119431] [KortexMultiInterfaceHardware]: No controller active in LOW_LEVEL_SERVOING mode !
1756009598.5189326 [ros2_control_node-1] [DEBUG] [1756009598.518714041] [KortexMultiInterfaceHardware]: No controller active in LOW_LEVEL_SERVOING mode !
1756009598.5286844 [ros2_control_node-1] [DEBUG] [1756009598.528511817] [KortexMultiInterfaceHardware]: No controller active in LOW_LEVEL_SERVOING mode !
1756009598.5385985 [ros2_control_node-1] [DEBUG] [1756009598.538438942] [KortexMultiInterfaceHardware]: No controller active in LOW_LEVEL_SERVOING mode !
1756009598.5482633 [ros2_control_node-1] [DEBUG] [1756009598.548097736] [KortexMultiInterfaceHardware]: No controller active in LOW_LEVEL_SERVOING mode !
1756009598.5587003 [ros2_control_node-1] [DEBUG] [1756009598.558571804] [KortexMultiInterfaceHardware]: No controller active in LOW_LEVEL_SERVOING mode !
1756009598.5683329 [ros2_control_node-1] [DEBUG] [1756009598.568128936] [KortexMultiInterfaceHardware]: No controller active in LOW_LEVEL_SERVOING mode !
1756009598.5789256 [ros2_control_node-1] [DEBUG] [1756009598.578639175] [KortexMultiInterfaceHardware]: No controller active in LOW_LEVEL_SERVOING mode !
1756009598.5884109 [ros2_control_node-1] [DEBUG] [1756009598.588202335] [KortexMultiInterfaceHardware]: No controller active in LOW_LEVEL_SERVOING mode !
1756009598.5983007 [ros2_control_node-1] [DEBUG] [1756009598.598158612] [KortexMultiInterfaceHardware]: No controller active in LOW_LEVEL_SERVOING mode !
1756009598.6087990 [ros2_control_node-1] [DEBUG] [1756009598.608605689] [KortexMultiInterfaceHardware]: No controller active in LOW_LEVEL_SERVOING mode !
1756009598.6123621 [INFO] [spawner-5]: process has finished cleanly [pid 5409]
1756009598.6184847 [ros2_control_node-1] [DEBUG] [1756009598.618309482] [KortexMultiInterfaceHardware]: No controller active in LOW_LEVEL_SERVOING mode !
1756009598.6282580 [ros2_control_node-1] [DEBUG] [1756009598.628094010] [KortexMultiInterfaceHardware]: No controller active in LOW_LEVEL_SERVOING mode !
1756009598.6383004 [ros2_control_node-1] [DEBUG] [1756009598.638122079] [KortexMultiInterfaceHardware]: No controller active in LOW_LEVEL_SERVOING mode !
1756009598.6486194 [ros2_control_node-1] [DEBUG] [1756009598.648475205] [KortexMultiInterfaceHardware]: No controller active in LOW_LEVEL_SERVOING mode !
1756009598.6583247 [ros2_control_node-1] [DEBUG] [1756009598.658127723] [KortexMultiInterfaceHardware]: No controller active in LOW_LEVEL_SERVOING mode !
1756009598.6686673 [ros2_control_node-1] [DEBUG] [1756009598.668481032] [KortexMultiInterfaceHardware]: No controller active in LOW_LEVEL_SERVOING mode !
1756009598.6783235 [ros2_control_node-1] [DEBUG] [1756009598.678157240] [KortexMultiInterfaceHardware]: No controller active in LOW_LEVEL_SERVOING mode !
1756009598.9037750 [spawner-4] [INFO] [1756009598.903473341] [spawner_right_joint_trajectory_controller]: [92mConfigured and activated [1mright_joint_trajectory_controller[0m
1756009599.0303888 [INFO] [spawner-4]: process has finished cleanly [pid 5407]
1756009673.7887576 [ros2_control_node-1] [INFO] [1756009673.788498586] [left_joint_trajectory_controller]: Received new action goal
1756009673.7890706 [ros2_control_node-1] [INFO] [1756009673.788562623] [left_joint_trajectory_controller]: Accepted new action goal
1756009673.7892888 [ros2_control_node-1] [INFO] [1756009673.789154429] [right_joint_trajectory_controller]: Received new action goal
1756009673.7893617 [ros2_control_node-1] [INFO] [1756009673.789186168] [right_joint_trajectory_controller]: Accepted new action goal
1756009706.6878333 [ros2_control_node-1] [INFO] [1756009706.687464720] [left_joint_trajectory_controller]: Goal reached, success!
1756009706.6880577 [ros2_control_node-1] [INFO] [1756009706.687537825] [right_joint_trajectory_controller]: Goal reached, success!
1756009784.0379522 [ros2_control_node-1] terminate called after throwing an instance of 'std::runtime_error'
1756009784.0380700 [ros2_control_node-1]   what():  timeout detected: BaseCyclicClient::RefreshFeedback
1756009784.0381041 [ros2_control_node-1] 
1756009784.0383763 [ros2_control_node-1] Stack trace (most recent call last) in thread 5421:
1756009784.0386949 [ros2_control_node-1] #17   Object "", at 0xffffffffffffffff, in 
1756009784.0965629 [ros2_control_node-1] #16   Source "../sysdeps/unix/sysv/linux/x86_64/clone3.S", line 81, in __clone3 [0x78e61212684f]
1756009784.0969491 [ros2_control_node-1] #15   Source "./nptl/pthread_create.c", line 442, in start_thread [0x78e612094ac2]
1756009784.0976186 [ros2_control_node-1] #14   Object "/usr/lib/x86_64-linux-gnu/libstdc++.so.6.0.30", at 0x78e6124dc252, in 
1756009784.0979223 [ros2_control_node-1] #13   Object "/opt/ros/humble/lib/controller_manager/ros2_control_node", at 0x60488f2a00d7, in 
1756009784.0982335 [ros2_control_node-1] #12   Object "/opt/ros/humble/lib/libcontroller_manager.so", at 0x78e612a253e4, in controller_manager::ControllerManager::write(rclcpp::Time const&, rclcpp::Duration const&)
1756009784.0983508 [ros2_control_node-1] #11   Object "/opt/ros/humble/lib/libhardware_interface.so", at 0x78e6123c8ebc, in hardware_interface::ResourceManager::write(rclcpp::Time const&, rclcpp::Duration const&)
1756009784.0983922 [ros2_control_node-1] #10   Object "/opt/ros/humble/lib/libhardware_interface.so", at 0x78e6123e649f, in hardware_interface::System::write(rclcpp::Time const&, rclcpp::Duration const&)
1756009784.0987940 [ros2_control_node-1] #9    Object "/home/rpp/rpp_ws/build/kortex_driver/libkortex_driver.so", at 0x78e5e5238ba8, in kortex_driver::KortexMultiInterfaceHardware::write(rclcpp::Time const&, rclcpp::Duration const&)
1756009784.0990026 [ros2_control_node-1] #8    Object "/home/rpp/rpp_ws/build/kortex_driver/libkortex_driver.so", at 0x78e5e5239b13, in kortex_driver::KortexMultiInterfaceHardware::sendJointCommands()
1756009784.0992377 [ros2_control_node-1] #7    Object "/home/rpp/rpp_ws/build/kortex_driver/libkortex_driver.so", at 0x78e5e53bdf33, in Kinova::Api::BaseCyclic::BaseCyclicClient::RefreshFeedback(unsigned int, Kinova::Api::RouterClientSendOptions const&)
1756009784.0993664 [ros2_control_node-1] #6    Object "/usr/lib/x86_64-linux-gnu/libstdc++.so.6.0.30", at 0x78e6124ae4d7, in __cxa_throw
1756009784.0994480 [ros2_control_node-1] #5    Object "/usr/lib/x86_64-linux-gnu/libstdc++.so.6.0.30", at 0x78e6124ae276, in std::terminate()
1756009784.0995305 [ros2_control_node-1] #4    Object "/usr/lib/x86_64-linux-gnu/libstdc++.so.6.0.30", at 0x78e6124ae20b, in 
1756009784.0996132 [ros2_control_node-1] #3    Object "/usr/lib/x86_64-linux-gnu/libstdc++.so.6.0.30", at 0x78e6124a2b9d, in 
1756009784.0997736 [ros2_control_node-1] #2    Source "./stdlib/abort.c", line 79, in abort [0x78e6120287f2]
1756009784.0998697 [ros2_control_node-1] #1    Source "../sysdeps/posix/raise.c", line 26, in raise [0x78e612042475]
1756009784.1000180 [ros2_control_node-1] #0  | Source "./nptl/pthread_kill.c", line 89, in __pthread_kill_internal
1756009784.1000497 [ros2_control_node-1]     | Source "./nptl/pthread_kill.c", line 78, in __pthread_kill_implementation
1756009784.1001260 [ros2_control_node-1]       Source "./nptl/pthread_kill.c", line 44, in __pthread_kill [0x78e6120969fc]
1756009784.1001551 [ros2_control_node-1] Aborted (Signal sent by tkill() 5401 1000)
1756009786.5731909 [ERROR] [ros2_control_node-1]: process has died [pid 5401, exit code -6, cmd '/opt/ros/humble/lib/controller_manager/ros2_control_node --ros-args --params-file /home/rpp/rpp_ws/install/robot_bringup/share/robot_bringup/params/arm_controllers.yaml -r ~/robot_description:=/robot_description'].
