-- Install configuration: ""
-- Execute custom install script
-- Up-to-date symlink: /home/rpp/rpp_ws/install/ea200_description/share/ea200_description/config/.gitkeep
-- Up-to-date symlink: /home/rpp/rpp_ws/install/ea200_description/share/ea200_description/config/left_initial_positions.yaml
-- Up-to-date symlink: /home/rpp/rpp_ws/install/ea200_description/share/ea200_description/config/right_initial_positions.yaml
-- Up-to-date symlink: /home/rpp/rpp_ws/install/ea200_description/share/ea200_description/config/ros2_controllers.yaml
-- Up-to-date symlink: /home/rpp/rpp_ws/install/ea200_description/share/ea200_description/launch/gazebo.launch.py
-- Up-to-date symlink: /home/rpp/rpp_ws/install/ea200_description/share/ea200_description/launch/view_robot.launch.py
-- Up-to-date symlink: /home/rpp/rpp_ws/install/ea200_description/share/ea200_description/meshes/base_link.STL
-- Up-to-date symlink: /home/rpp/rpp_ws/install/ea200_description/share/ea200_description/meshes/camera_bracket_link.STL
-- Up-to-date symlink: /home/rpp/rpp_ws/install/ea200_description/share/ea200_description/meshes/connector_link.STL
-- Up-to-date symlink: /home/rpp/rpp_ws/install/ea200_description/share/ea200_description/meshes/flange_1_link.STL
-- Up-to-date symlink: /home/rpp/rpp_ws/install/ea200_description/share/ea200_description/meshes/flange_2_link.STL
-- Up-to-date symlink: /home/rpp/rpp_ws/install/ea200_description/share/ea200_description/meshes/head_link.STL
-- Up-to-date symlink: /home/rpp/rpp_ws/install/ea200_description/share/ea200_description/meshes/mic_link.STL
-- Up-to-date symlink: /home/rpp/rpp_ws/install/ea200_description/share/ea200_description/meshes/trunk_1_link.STL
-- Up-to-date symlink: /home/rpp/rpp_ws/install/ea200_description/share/ea200_description/meshes/trunk_2_link.STL
-- Up-to-date symlink: /home/rpp/rpp_ws/install/ea200_description/share/ea200_description/xacro/camera_bracket.xacro
-- Up-to-date symlink: /home/rpp/rpp_ws/install/ea200_description/share/ea200_description/xacro/ea200.xacro
-- Up-to-date symlink: /home/rpp/rpp_ws/install/ea200_description/share/ea200_description/xacro/flange_1.xacro
-- Up-to-date symlink: /home/rpp/rpp_ws/install/ea200_description/share/ea200_description/xacro/flange_2.xacro
-- Up-to-date symlink: /home/rpp/rpp_ws/install/ea200_description/share/ea200_description/xacro/up_trunk.xacro
-- Up-to-date symlink: /home/rpp/rpp_ws/install/ea200_description/share/ea200_description/rviz/view_robot.rviz
-- Up-to-date symlink: /home/rpp/rpp_ws/install/ea200_description/share/ament_index/resource_index/package_run_dependencies/ea200_description
-- Up-to-date symlink: /home/rpp/rpp_ws/install/ea200_description/share/ament_index/resource_index/parent_prefix_path/ea200_description
-- Up-to-date symlink: /home/rpp/rpp_ws/install/ea200_description/share/ea200_description/environment/ament_prefix_path.sh
-- Up-to-date symlink: /home/rpp/rpp_ws/install/ea200_description/share/ea200_description/environment/ament_prefix_path.dsv
-- Up-to-date symlink: /home/rpp/rpp_ws/install/ea200_description/share/ea200_description/environment/path.sh
-- Up-to-date symlink: /home/rpp/rpp_ws/install/ea200_description/share/ea200_description/environment/path.dsv
-- Up-to-date symlink: /home/rpp/rpp_ws/install/ea200_description/share/ea200_description/local_setup.bash
-- Up-to-date symlink: /home/rpp/rpp_ws/install/ea200_description/share/ea200_description/local_setup.sh
-- Up-to-date symlink: /home/rpp/rpp_ws/install/ea200_description/share/ea200_description/local_setup.zsh
-- Up-to-date symlink: /home/rpp/rpp_ws/install/ea200_description/share/ea200_description/local_setup.dsv
-- Symlinking: /home/rpp/rpp_ws/install/ea200_description/share/ea200_description/package.dsv
-- Up-to-date symlink: /home/rpp/rpp_ws/install/ea200_description/share/ament_index/resource_index/packages/ea200_description
-- Up-to-date symlink: /home/rpp/rpp_ws/install/ea200_description/share/ea200_description/cmake/ea200_descriptionConfig.cmake
-- Up-to-date symlink: /home/rpp/rpp_ws/install/ea200_description/share/ea200_description/cmake/ea200_descriptionConfig-version.cmake
-- Up-to-date symlink: /home/rpp/rpp_ws/install/ea200_description/share/ea200_description/package.xml
