[0.127s] Invoking command in '/home/rpp/rpp_ws/build/dwb_msgs': CMAKE_PREFIX_PATH=/home/rpp/rpp_ws/install/nav_2d_msgs:/home/rpp/rpp_ws/install/xf_voice:/home/rpp/rpp_ws/install/xf_voice_msgs:/home/rpp/rpp_ws/install/wheeltec_mic_ros2:/home/rpp/rpp_ws/install/wheeltec_mic_msg:/home/rpp/rpp_ws/install/ti5cra_servo_ros:/home/rpp/rpp_ws/install/ti5cra_servo_sdk:/home/rpp/rpp_ws/install/syntron_servo_ros:/home/rpp/rpp_ws/install/syntron_servo_sdk:/home/rpp/rpp_ws/install/nav2_system_tests:/home/rpp/rpp_ws/install/nav2_bringup:/home/rpp/rpp_ws/install/slam_toolbox:/home/rpp/rpp_ws/install/slam_3d:/home/rpp/rpp_ws/install/slam_2d:/home/rpp/rpp_ws/install/serial:/home/rpp/rpp_ws/install/rpp_ros_driver:/home/rpp/rpp_ws/install/rpp_msgs:/home/rpp/rpp_ws/install/rpp_driver:/home/rpp/rpp_ws/install/robot_bringup:/home/rpp/rpp_ws/install/pymoveit2:/home/rpp/rpp_ws/install/pgo:/home/rpp/rpp_ws/install/navigation_2d:/home/rpp/rpp_ws/install/navigation2:/home/rpp/rpp_ws/install/nav2_smoother:/home/rpp/rpp_ws/install/nav2_graceful_controller:/home/rpp/rpp_ws/install/nav2_dwb_controller:/home/rpp/rpp_ws/install/nav2_controller:/home/rpp/rpp_ws/install/dwb_plugins:/home/rpp/rpp_ws/install/dwb_critics:/home/rpp/rpp_ws/install/dwb_core:/home/rpp/rpp_ws/install/nav_2d_utils:/home/rpp/rpp_ws/install/dwb_msgs:/home/rpp/rpp_ws/install/nav2_waypoint_follower:/home/rpp/rpp_ws/install/nav2_theta_star_planner:/home/rpp/rpp_ws/install/nav2_smac_planner:/home/rpp/rpp_ws/install/nav2_rotation_shim_controller:/home/rpp/rpp_ws/install/nav2_regulated_pure_pursuit_controller:/home/rpp/rpp_ws/install/nav2_planner:/home/rpp/rpp_ws/install/nav2_navfn_planner:/home/rpp/rpp_ws/install/nav2_mppi_controller:/home/rpp/rpp_ws/install/nav2_constrained_smoother:/home/rpp/rpp_ws/install/nav2_bt_navigator:/home/rpp/rpp_ws/install/nav2_behaviors:/home/rpp/rpp_ws/install/nav2_core:/home/rpp/rpp_ws/install/nav2_collision_monitor:/home/rpp/rpp_ws/install/costmap_queue:/home/rpp/rpp_ws/install/nav2_costmap_2d:/home/rpp/rpp_ws/install/nav2_voxel_grid:/home/rpp/rpp_ws/install/nav2_velocity_smoother:/home/rpp/rpp_ws/install/nav2_rviz_plugins:/home/rpp/rpp_ws/install/nav2_map_server:/home/rpp/rpp_ws/install/nav2_lifecycle_manager:/home/rpp/rpp_ws/install/nav2_behavior_tree:/home/rpp/rpp_ws/install/nav2_amcl:/home/rpp/rpp_ws/install/nav2_util:/home/rpp/rpp_ws/install/nav2_msgs:/home/rpp/rpp_ws/install/nav2_common:/home/rpp/rpp_ws/install/motor_pitch_ros:/home/rpp/rpp_ws/install/motor_pitch_sdk:/home/rpp/rpp_ws/install/motor_lift_ros:/home/rpp/rpp_ws/install/motor_lift_sdk:/home/rpp/rpp_ws/install/localizer:/home/rpp/rpp_ws/install/lidar_clipping:/home/rpp/rpp_ws/install/fastlio2:/home/rpp/rpp_ws/install/livox_ros_driver2:/home/rpp/rpp_ws/install/lakibeam1:/home/rpp/rpp_ws/install/kortex_bringup:/home/rpp/rpp_ws/install/kortex_driver:/home/rpp/rpp_ws/install/kinova_gen3_lite_moveit_config:/home/rpp/rpp_ws/install/kinova_gen3_7dof_robotiq_2f_85_moveit_config:/home/rpp/rpp_ws/install/kinova_gen3_6dof_robotiq_2f_85_moveit_config:/home/rpp/rpp_ws/install/kortex_description:/home/rpp/rpp_ws/install/kortex_api:/home/rpp/rpp_ws/install/ira_laser_tools:/home/rpp/rpp_ws/install/hba:/home/rpp/rpp_ws/install/interface:/home/rpp/rpp_ws/install/ea200_moveit_config:/home/rpp/rpp_ws/install/ea200_description:/home/rpp/rpp_ws/install/cr100_description:/home/rpp/rpp_ws/install/setting_info:/home/rpp/rpp_ws/install/nav2_simple_commander:/home/rpp/rpp_ws/install/gui_control:/home/rpp/rpp_ws/install/graphic_display:/home/rpp/rpp_ws/install/linker_hand_ros2_sdk:/home/rpp/rpp_ws/install/bt_task_manager_ros2:/opt/ros/humble LD_LIBRARY_PATH=/home/rpp/rpp_ws/install/nav_2d_msgs/lib:/home/rpp/3rdparty//TensorRT-10.9.0.34/lib:/usr/local/cuda-12.8/lib64:/usr/local/lib/:/home/rpp/3rdparty//TensorRT-10.9.0.34/lib:/usr/local/cuda-12.8/lib64:/home/rpp/rpp_ws/install/xf_voice/lib:/home/rpp/rpp_ws/install/xf_voice_msgs/lib:/home/rpp/rpp_ws/install/wheeltec_mic_ros2/lib:/home/rpp/rpp_ws/install/wheeltec_mic_msg/lib:/home/rpp/rpp_ws/install/ti5cra_servo_sdk/lib:/home/rpp/rpp_ws/install/syntron_servo_sdk/lib:/home/rpp/rpp_ws/install/slam_toolbox/lib:/home/rpp/rpp_ws/install/serial/lib:/home/rpp/rpp_ws/install/rpp_msgs/lib:/home/rpp/rpp_ws/install/rpp_driver/lib:/home/rpp/rpp_ws/install/nav2_smoother/lib:/home/rpp/rpp_ws/install/nav2_graceful_controller/lib:/home/rpp/rpp_ws/install/nav2_controller/lib:/home/rpp/rpp_ws/install/dwb_plugins/lib:/home/rpp/rpp_ws/install/dwb_critics/lib:/home/rpp/rpp_ws/install/dwb_core/lib:/home/rpp/rpp_ws/install/nav_2d_utils/lib:/home/rpp/rpp_ws/install/dwb_msgs/lib:/home/rpp/rpp_ws/install/nav2_waypoint_follower/lib:/home/rpp/rpp_ws/install/nav2_theta_star_planner/lib:/home/rpp/rpp_ws/install/nav2_smac_planner/lib:/home/rpp/rpp_ws/install/nav2_rotation_shim_controller/lib:/home/rpp/rpp_ws/install/nav2_regulated_pure_pursuit_controller/lib:/home/rpp/rpp_ws/install/nav2_planner/lib:/home/rpp/rpp_ws/install/nav2_navfn_planner/lib:/home/rpp/rpp_ws/install/nav2_mppi_controller/lib:/home/rpp/rpp_ws/install/nav2_constrained_smoother/lib:/home/rpp/rpp_ws/install/nav2_bt_navigator/lib:/home/rpp/rpp_ws/install/nav2_behaviors/lib:/home/rpp/rpp_ws/install/nav2_collision_monitor/lib:/home/rpp/rpp_ws/install/costmap_queue/lib:/home/rpp/rpp_ws/install/nav2_costmap_2d/lib:/home/rpp/rpp_ws/install/nav2_voxel_grid/lib:/home/rpp/rpp_ws/install/nav2_velocity_smoother/lib:/home/rpp/rpp_ws/install/nav2_rviz_plugins/lib:/home/rpp/rpp_ws/install/nav2_map_server/lib:/home/rpp/rpp_ws/install/nav2_lifecycle_manager/lib:/home/rpp/rpp_ws/install/nav2_behavior_tree/lib:/home/rpp/rpp_ws/install/nav2_amcl/lib:/home/rpp/rpp_ws/install/nav2_util/lib:/home/rpp/rpp_ws/install/nav2_msgs/lib:/home/rpp/rpp_ws/install/motor_pitch_sdk/lib:/home/rpp/rpp_ws/install/motor_lift_sdk/lib:/home/rpp/rpp_ws/install/livox_ros_driver2/lib:/home/rpp/rpp_ws/install/kortex_driver/lib:/home/rpp/rpp_ws/install/ira_laser_tools/lib:/home/rpp/rpp_ws/install/interface/lib:/usr/lib/x86_64-linux-gnu/gazebo-11/plugins:/opt/ros/humble/opt/rviz_ogre_vendor/lib:/opt/ros/humble/lib/x86_64-linux-gnu:/opt/ros/humble/opt/openvdb_vendor/lib:/opt/ros/humble/lib:/usr/local/lib/ /usr/bin/cmake --build /home/rpp/rpp_ws/build/dwb_msgs -- -j24 -l24
[0.235s] [ 11%] Built target dwb_msgs__rosidl_generator_c
[0.247s] [ 12%] Built target dwb_msgs__cpp
[0.265s] [ 12%] Built target ament_cmake_python_symlink_dwb_msgs
[0.342s] [ 24%] Built target dwb_msgs__rosidl_typesupport_fastrtps_c
[0.342s] [ 35%] Built target dwb_msgs__rosidl_typesupport_introspection_c
[0.342s] [ 47%] Built target dwb_msgs__rosidl_typesupport_c
[0.349s] [ 58%] Built target dwb_msgs__rosidl_typesupport_introspection_cpp
[0.353s] [ 70%] Built target dwb_msgs__rosidl_typesupport_fastrtps_cpp
[0.353s] [ 82%] Built target dwb_msgs__rosidl_typesupport_cpp
[0.368s] [ 82%] Built target dwb_msgs
[0.402s] [ 83%] Built target dwb_msgs__py
[0.443s] [ 93%] Built target dwb_msgs__rosidl_generator_py
[0.486s] [ 95%] Built target dwb_msgs__rosidl_typesupport_introspection_c__pyext
[0.488s] [ 97%] Built target dwb_msgs__rosidl_typesupport_fastrtps_c__pyext
[0.492s] [100%] Built target dwb_msgs__rosidl_typesupport_c__pyext
[0.628s] running egg_info
[0.628s] writing dwb_msgs.egg-info/PKG-INFO
[0.628s] writing dependency_links to dwb_msgs.egg-info/dependency_links.txt
[0.628s] writing top-level names to dwb_msgs.egg-info/top_level.txt
[0.629s] reading manifest file 'dwb_msgs.egg-info/SOURCES.txt'
[0.630s] writing manifest file 'dwb_msgs.egg-info/SOURCES.txt'
[0.663s] [100%] Built target ament_cmake_python_build_dwb_msgs_egg
[0.784s] Invoked command in '/home/rpp/rpp_ws/build/dwb_msgs' returned '0': CMAKE_PREFIX_PATH=/home/rpp/rpp_ws/install/nav_2d_msgs:/home/rpp/rpp_ws/install/xf_voice:/home/rpp/rpp_ws/install/xf_voice_msgs:/home/rpp/rpp_ws/install/wheeltec_mic_ros2:/home/rpp/rpp_ws/install/wheeltec_mic_msg:/home/rpp/rpp_ws/install/ti5cra_servo_ros:/home/rpp/rpp_ws/install/ti5cra_servo_sdk:/home/rpp/rpp_ws/install/syntron_servo_ros:/home/rpp/rpp_ws/install/syntron_servo_sdk:/home/rpp/rpp_ws/install/nav2_system_tests:/home/rpp/rpp_ws/install/nav2_bringup:/home/rpp/rpp_ws/install/slam_toolbox:/home/rpp/rpp_ws/install/slam_3d:/home/rpp/rpp_ws/install/slam_2d:/home/rpp/rpp_ws/install/serial:/home/rpp/rpp_ws/install/rpp_ros_driver:/home/rpp/rpp_ws/install/rpp_msgs:/home/rpp/rpp_ws/install/rpp_driver:/home/rpp/rpp_ws/install/robot_bringup:/home/rpp/rpp_ws/install/pymoveit2:/home/rpp/rpp_ws/install/pgo:/home/rpp/rpp_ws/install/navigation_2d:/home/rpp/rpp_ws/install/navigation2:/home/rpp/rpp_ws/install/nav2_smoother:/home/rpp/rpp_ws/install/nav2_graceful_controller:/home/rpp/rpp_ws/install/nav2_dwb_controller:/home/rpp/rpp_ws/install/nav2_controller:/home/rpp/rpp_ws/install/dwb_plugins:/home/rpp/rpp_ws/install/dwb_critics:/home/rpp/rpp_ws/install/dwb_core:/home/rpp/rpp_ws/install/nav_2d_utils:/home/rpp/rpp_ws/install/dwb_msgs:/home/rpp/rpp_ws/install/nav2_waypoint_follower:/home/rpp/rpp_ws/install/nav2_theta_star_planner:/home/rpp/rpp_ws/install/nav2_smac_planner:/home/rpp/rpp_ws/install/nav2_rotation_shim_controller:/home/rpp/rpp_ws/install/nav2_regulated_pure_pursuit_controller:/home/rpp/rpp_ws/install/nav2_planner:/home/rpp/rpp_ws/install/nav2_navfn_planner:/home/rpp/rpp_ws/install/nav2_mppi_controller:/home/rpp/rpp_ws/install/nav2_constrained_smoother:/home/rpp/rpp_ws/install/nav2_bt_navigator:/home/rpp/rpp_ws/install/nav2_behaviors:/home/rpp/rpp_ws/install/nav2_core:/home/rpp/rpp_ws/install/nav2_collision_monitor:/home/rpp/rpp_ws/install/costmap_queue:/home/rpp/rpp_ws/install/nav2_costmap_2d:/home/rpp/rpp_ws/install/nav2_voxel_grid:/home/rpp/rpp_ws/install/nav2_velocity_smoother:/home/rpp/rpp_ws/install/nav2_rviz_plugins:/home/rpp/rpp_ws/install/nav2_map_server:/home/rpp/rpp_ws/install/nav2_lifecycle_manager:/home/rpp/rpp_ws/install/nav2_behavior_tree:/home/rpp/rpp_ws/install/nav2_amcl:/home/rpp/rpp_ws/install/nav2_util:/home/rpp/rpp_ws/install/nav2_msgs:/home/rpp/rpp_ws/install/nav2_common:/home/rpp/rpp_ws/install/motor_pitch_ros:/home/rpp/rpp_ws/install/motor_pitch_sdk:/home/rpp/rpp_ws/install/motor_lift_ros:/home/rpp/rpp_ws/install/motor_lift_sdk:/home/rpp/rpp_ws/install/localizer:/home/rpp/rpp_ws/install/lidar_clipping:/home/rpp/rpp_ws/install/fastlio2:/home/rpp/rpp_ws/install/livox_ros_driver2:/home/rpp/rpp_ws/install/lakibeam1:/home/rpp/rpp_ws/install/kortex_bringup:/home/rpp/rpp_ws/install/kortex_driver:/home/rpp/rpp_ws/install/kinova_gen3_lite_moveit_config:/home/rpp/rpp_ws/install/kinova_gen3_7dof_robotiq_2f_85_moveit_config:/home/rpp/rpp_ws/install/kinova_gen3_6dof_robotiq_2f_85_moveit_config:/home/rpp/rpp_ws/install/kortex_description:/home/rpp/rpp_ws/install/kortex_api:/home/rpp/rpp_ws/install/ira_laser_tools:/home/rpp/rpp_ws/install/hba:/home/rpp/rpp_ws/install/interface:/home/rpp/rpp_ws/install/ea200_moveit_config:/home/rpp/rpp_ws/install/ea200_description:/home/rpp/rpp_ws/install/cr100_description:/home/rpp/rpp_ws/install/setting_info:/home/rpp/rpp_ws/install/nav2_simple_commander:/home/rpp/rpp_ws/install/gui_control:/home/rpp/rpp_ws/install/graphic_display:/home/rpp/rpp_ws/install/linker_hand_ros2_sdk:/home/rpp/rpp_ws/install/bt_task_manager_ros2:/opt/ros/humble LD_LIBRARY_PATH=/home/rpp/rpp_ws/install/nav_2d_msgs/lib:/home/rpp/3rdparty//TensorRT-10.9.0.34/lib:/usr/local/cuda-12.8/lib64:/usr/local/lib/:/home/rpp/3rdparty//TensorRT-10.9.0.34/lib:/usr/local/cuda-12.8/lib64:/home/rpp/rpp_ws/install/xf_voice/lib:/home/rpp/rpp_ws/install/xf_voice_msgs/lib:/home/rpp/rpp_ws/install/wheeltec_mic_ros2/lib:/home/rpp/rpp_ws/install/wheeltec_mic_msg/lib:/home/rpp/rpp_ws/install/ti5cra_servo_sdk/lib:/home/rpp/rpp_ws/install/syntron_servo_sdk/lib:/home/rpp/rpp_ws/install/slam_toolbox/lib:/home/rpp/rpp_ws/install/serial/lib:/home/rpp/rpp_ws/install/rpp_msgs/lib:/home/rpp/rpp_ws/install/rpp_driver/lib:/home/rpp/rpp_ws/install/nav2_smoother/lib:/home/rpp/rpp_ws/install/nav2_graceful_controller/lib:/home/rpp/rpp_ws/install/nav2_controller/lib:/home/rpp/rpp_ws/install/dwb_plugins/lib:/home/rpp/rpp_ws/install/dwb_critics/lib:/home/rpp/rpp_ws/install/dwb_core/lib:/home/rpp/rpp_ws/install/nav_2d_utils/lib:/home/rpp/rpp_ws/install/dwb_msgs/lib:/home/rpp/rpp_ws/install/nav2_waypoint_follower/lib:/home/rpp/rpp_ws/install/nav2_theta_star_planner/lib:/home/rpp/rpp_ws/install/nav2_smac_planner/lib:/home/rpp/rpp_ws/install/nav2_rotation_shim_controller/lib:/home/rpp/rpp_ws/install/nav2_regulated_pure_pursuit_controller/lib:/home/rpp/rpp_ws/install/nav2_planner/lib:/home/rpp/rpp_ws/install/nav2_navfn_planner/lib:/home/rpp/rpp_ws/install/nav2_mppi_controller/lib:/home/rpp/rpp_ws/install/nav2_constrained_smoother/lib:/home/rpp/rpp_ws/install/nav2_bt_navigator/lib:/home/rpp/rpp_ws/install/nav2_behaviors/lib:/home/rpp/rpp_ws/install/nav2_collision_monitor/lib:/home/rpp/rpp_ws/install/costmap_queue/lib:/home/rpp/rpp_ws/install/nav2_costmap_2d/lib:/home/rpp/rpp_ws/install/nav2_voxel_grid/lib:/home/rpp/rpp_ws/install/nav2_velocity_smoother/lib:/home/rpp/rpp_ws/install/nav2_rviz_plugins/lib:/home/rpp/rpp_ws/install/nav2_map_server/lib:/home/rpp/rpp_ws/install/nav2_lifecycle_manager/lib:/home/rpp/rpp_ws/install/nav2_behavior_tree/lib:/home/rpp/rpp_ws/install/nav2_amcl/lib:/home/rpp/rpp_ws/install/nav2_util/lib:/home/rpp/rpp_ws/install/nav2_msgs/lib:/home/rpp/rpp_ws/install/motor_pitch_sdk/lib:/home/rpp/rpp_ws/install/motor_lift_sdk/lib:/home/rpp/rpp_ws/install/livox_ros_driver2/lib:/home/rpp/rpp_ws/install/kortex_driver/lib:/home/rpp/rpp_ws/install/ira_laser_tools/lib:/home/rpp/rpp_ws/install/interface/lib:/usr/lib/x86_64-linux-gnu/gazebo-11/plugins:/opt/ros/humble/opt/rviz_ogre_vendor/lib:/opt/ros/humble/lib/x86_64-linux-gnu:/opt/ros/humble/opt/openvdb_vendor/lib:/opt/ros/humble/lib:/usr/local/lib/ /usr/bin/cmake --build /home/rpp/rpp_ws/build/dwb_msgs -- -j24 -l24
[0.787s] Invoking command in '/home/rpp/rpp_ws/build/dwb_msgs': CMAKE_PREFIX_PATH=/home/rpp/rpp_ws/install/nav_2d_msgs:/home/rpp/rpp_ws/install/xf_voice:/home/rpp/rpp_ws/install/xf_voice_msgs:/home/rpp/rpp_ws/install/wheeltec_mic_ros2:/home/rpp/rpp_ws/install/wheeltec_mic_msg:/home/rpp/rpp_ws/install/ti5cra_servo_ros:/home/rpp/rpp_ws/install/ti5cra_servo_sdk:/home/rpp/rpp_ws/install/syntron_servo_ros:/home/rpp/rpp_ws/install/syntron_servo_sdk:/home/rpp/rpp_ws/install/nav2_system_tests:/home/rpp/rpp_ws/install/nav2_bringup:/home/rpp/rpp_ws/install/slam_toolbox:/home/rpp/rpp_ws/install/slam_3d:/home/rpp/rpp_ws/install/slam_2d:/home/rpp/rpp_ws/install/serial:/home/rpp/rpp_ws/install/rpp_ros_driver:/home/rpp/rpp_ws/install/rpp_msgs:/home/rpp/rpp_ws/install/rpp_driver:/home/rpp/rpp_ws/install/robot_bringup:/home/rpp/rpp_ws/install/pymoveit2:/home/rpp/rpp_ws/install/pgo:/home/rpp/rpp_ws/install/navigation_2d:/home/rpp/rpp_ws/install/navigation2:/home/rpp/rpp_ws/install/nav2_smoother:/home/rpp/rpp_ws/install/nav2_graceful_controller:/home/rpp/rpp_ws/install/nav2_dwb_controller:/home/rpp/rpp_ws/install/nav2_controller:/home/rpp/rpp_ws/install/dwb_plugins:/home/rpp/rpp_ws/install/dwb_critics:/home/rpp/rpp_ws/install/dwb_core:/home/rpp/rpp_ws/install/nav_2d_utils:/home/rpp/rpp_ws/install/dwb_msgs:/home/rpp/rpp_ws/install/nav2_waypoint_follower:/home/rpp/rpp_ws/install/nav2_theta_star_planner:/home/rpp/rpp_ws/install/nav2_smac_planner:/home/rpp/rpp_ws/install/nav2_rotation_shim_controller:/home/rpp/rpp_ws/install/nav2_regulated_pure_pursuit_controller:/home/rpp/rpp_ws/install/nav2_planner:/home/rpp/rpp_ws/install/nav2_navfn_planner:/home/rpp/rpp_ws/install/nav2_mppi_controller:/home/rpp/rpp_ws/install/nav2_constrained_smoother:/home/rpp/rpp_ws/install/nav2_bt_navigator:/home/rpp/rpp_ws/install/nav2_behaviors:/home/rpp/rpp_ws/install/nav2_core:/home/rpp/rpp_ws/install/nav2_collision_monitor:/home/rpp/rpp_ws/install/costmap_queue:/home/rpp/rpp_ws/install/nav2_costmap_2d:/home/rpp/rpp_ws/install/nav2_voxel_grid:/home/rpp/rpp_ws/install/nav2_velocity_smoother:/home/rpp/rpp_ws/install/nav2_rviz_plugins:/home/rpp/rpp_ws/install/nav2_map_server:/home/rpp/rpp_ws/install/nav2_lifecycle_manager:/home/rpp/rpp_ws/install/nav2_behavior_tree:/home/rpp/rpp_ws/install/nav2_amcl:/home/rpp/rpp_ws/install/nav2_util:/home/rpp/rpp_ws/install/nav2_msgs:/home/rpp/rpp_ws/install/nav2_common:/home/rpp/rpp_ws/install/motor_pitch_ros:/home/rpp/rpp_ws/install/motor_pitch_sdk:/home/rpp/rpp_ws/install/motor_lift_ros:/home/rpp/rpp_ws/install/motor_lift_sdk:/home/rpp/rpp_ws/install/localizer:/home/rpp/rpp_ws/install/lidar_clipping:/home/rpp/rpp_ws/install/fastlio2:/home/rpp/rpp_ws/install/livox_ros_driver2:/home/rpp/rpp_ws/install/lakibeam1:/home/rpp/rpp_ws/install/kortex_bringup:/home/rpp/rpp_ws/install/kortex_driver:/home/rpp/rpp_ws/install/kinova_gen3_lite_moveit_config:/home/rpp/rpp_ws/install/kinova_gen3_7dof_robotiq_2f_85_moveit_config:/home/rpp/rpp_ws/install/kinova_gen3_6dof_robotiq_2f_85_moveit_config:/home/rpp/rpp_ws/install/kortex_description:/home/rpp/rpp_ws/install/kortex_api:/home/rpp/rpp_ws/install/ira_laser_tools:/home/rpp/rpp_ws/install/hba:/home/rpp/rpp_ws/install/interface:/home/rpp/rpp_ws/install/ea200_moveit_config:/home/rpp/rpp_ws/install/ea200_description:/home/rpp/rpp_ws/install/cr100_description:/home/rpp/rpp_ws/install/setting_info:/home/rpp/rpp_ws/install/nav2_simple_commander:/home/rpp/rpp_ws/install/gui_control:/home/rpp/rpp_ws/install/graphic_display:/home/rpp/rpp_ws/install/linker_hand_ros2_sdk:/home/rpp/rpp_ws/install/bt_task_manager_ros2:/opt/ros/humble LD_LIBRARY_PATH=/home/rpp/rpp_ws/install/nav_2d_msgs/lib:/home/rpp/3rdparty//TensorRT-10.9.0.34/lib:/usr/local/cuda-12.8/lib64:/usr/local/lib/:/home/rpp/3rdparty//TensorRT-10.9.0.34/lib:/usr/local/cuda-12.8/lib64:/home/rpp/rpp_ws/install/xf_voice/lib:/home/rpp/rpp_ws/install/xf_voice_msgs/lib:/home/rpp/rpp_ws/install/wheeltec_mic_ros2/lib:/home/rpp/rpp_ws/install/wheeltec_mic_msg/lib:/home/rpp/rpp_ws/install/ti5cra_servo_sdk/lib:/home/rpp/rpp_ws/install/syntron_servo_sdk/lib:/home/rpp/rpp_ws/install/slam_toolbox/lib:/home/rpp/rpp_ws/install/serial/lib:/home/rpp/rpp_ws/install/rpp_msgs/lib:/home/rpp/rpp_ws/install/rpp_driver/lib:/home/rpp/rpp_ws/install/nav2_smoother/lib:/home/rpp/rpp_ws/install/nav2_graceful_controller/lib:/home/rpp/rpp_ws/install/nav2_controller/lib:/home/rpp/rpp_ws/install/dwb_plugins/lib:/home/rpp/rpp_ws/install/dwb_critics/lib:/home/rpp/rpp_ws/install/dwb_core/lib:/home/rpp/rpp_ws/install/nav_2d_utils/lib:/home/rpp/rpp_ws/install/dwb_msgs/lib:/home/rpp/rpp_ws/install/nav2_waypoint_follower/lib:/home/rpp/rpp_ws/install/nav2_theta_star_planner/lib:/home/rpp/rpp_ws/install/nav2_smac_planner/lib:/home/rpp/rpp_ws/install/nav2_rotation_shim_controller/lib:/home/rpp/rpp_ws/install/nav2_regulated_pure_pursuit_controller/lib:/home/rpp/rpp_ws/install/nav2_planner/lib:/home/rpp/rpp_ws/install/nav2_navfn_planner/lib:/home/rpp/rpp_ws/install/nav2_mppi_controller/lib:/home/rpp/rpp_ws/install/nav2_constrained_smoother/lib:/home/rpp/rpp_ws/install/nav2_bt_navigator/lib:/home/rpp/rpp_ws/install/nav2_behaviors/lib:/home/rpp/rpp_ws/install/nav2_collision_monitor/lib:/home/rpp/rpp_ws/install/costmap_queue/lib:/home/rpp/rpp_ws/install/nav2_costmap_2d/lib:/home/rpp/rpp_ws/install/nav2_voxel_grid/lib:/home/rpp/rpp_ws/install/nav2_velocity_smoother/lib:/home/rpp/rpp_ws/install/nav2_rviz_plugins/lib:/home/rpp/rpp_ws/install/nav2_map_server/lib:/home/rpp/rpp_ws/install/nav2_lifecycle_manager/lib:/home/rpp/rpp_ws/install/nav2_behavior_tree/lib:/home/rpp/rpp_ws/install/nav2_amcl/lib:/home/rpp/rpp_ws/install/nav2_util/lib:/home/rpp/rpp_ws/install/nav2_msgs/lib:/home/rpp/rpp_ws/install/motor_pitch_sdk/lib:/home/rpp/rpp_ws/install/motor_lift_sdk/lib:/home/rpp/rpp_ws/install/livox_ros_driver2/lib:/home/rpp/rpp_ws/install/kortex_driver/lib:/home/rpp/rpp_ws/install/ira_laser_tools/lib:/home/rpp/rpp_ws/install/interface/lib:/usr/lib/x86_64-linux-gnu/gazebo-11/plugins:/opt/ros/humble/opt/rviz_ogre_vendor/lib:/opt/ros/humble/lib/x86_64-linux-gnu:/opt/ros/humble/opt/openvdb_vendor/lib:/opt/ros/humble/lib:/usr/local/lib/ /usr/bin/cmake --install /home/rpp/rpp_ws/build/dwb_msgs
[0.794s] -- Install configuration: ""
[0.795s] -- Execute custom install script
[0.795s] -- Up-to-date symlink: /home/rpp/rpp_ws/install/dwb_msgs/share/ament_index/resource_index/rosidl_interfaces/dwb_msgs
[0.796s] -- Up-to-date symlink: /home/rpp/rpp_ws/install/dwb_msgs/include/dwb_msgs/dwb_msgs/msg/critic_score.h
[0.796s] -- Up-to-date symlink: /home/rpp/rpp_ws/install/dwb_msgs/include/dwb_msgs/dwb_msgs/msg/detail/critic_score__functions.h
[0.796s] -- Up-to-date symlink: /home/rpp/rpp_ws/install/dwb_msgs/include/dwb_msgs/dwb_msgs/msg/detail/critic_score__struct.h
[0.797s] -- Up-to-date symlink: /home/rpp/rpp_ws/install/dwb_msgs/include/dwb_msgs/dwb_msgs/msg/detail/critic_score__type_support.h
[0.797s] -- Up-to-date symlink: /home/rpp/rpp_ws/install/dwb_msgs/include/dwb_msgs/dwb_msgs/msg/detail/local_plan_evaluation__functions.h
[0.797s] -- Up-to-date symlink: /home/rpp/rpp_ws/install/dwb_msgs/include/dwb_msgs/dwb_msgs/msg/detail/local_plan_evaluation__struct.h
[0.797s] -- Up-to-date symlink: /home/rpp/rpp_ws/install/dwb_msgs/include/dwb_msgs/dwb_msgs/msg/detail/local_plan_evaluation__type_support.h
[0.797s] -- Up-to-date symlink: /home/rpp/rpp_ws/install/dwb_msgs/include/dwb_msgs/dwb_msgs/msg/detail/trajectory2_d__functions.h
[0.798s] -- Up-to-date symlink: /home/rpp/rpp_ws/install/dwb_msgs/include/dwb_msgs/dwb_msgs/msg/detail/trajectory2_d__struct.h
[0.798s] -- Up-to-date symlink: /home/rpp/rpp_ws/install/dwb_msgs/include/dwb_msgs/dwb_msgs/msg/detail/trajectory2_d__type_support.h
[0.798s] -- Up-to-date symlink: /home/rpp/rpp_ws/install/dwb_msgs/include/dwb_msgs/dwb_msgs/msg/detail/trajectory_score__functions.h
[0.798s] -- Up-to-date symlink: /home/rpp/rpp_ws/install/dwb_msgs/include/dwb_msgs/dwb_msgs/msg/detail/trajectory_score__struct.h
[0.798s] -- Up-to-date symlink: /home/rpp/rpp_ws/install/dwb_msgs/include/dwb_msgs/dwb_msgs/msg/detail/trajectory_score__type_support.h
[0.799s] -- Up-to-date symlink: /home/rpp/rpp_ws/install/dwb_msgs/include/dwb_msgs/dwb_msgs/msg/local_plan_evaluation.h
[0.799s] -- Up-to-date symlink: /home/rpp/rpp_ws/install/dwb_msgs/include/dwb_msgs/dwb_msgs/msg/rosidl_generator_c__visibility_control.h
[0.799s] -- Up-to-date symlink: /home/rpp/rpp_ws/install/dwb_msgs/include/dwb_msgs/dwb_msgs/msg/trajectory2_d.h
[0.799s] -- Up-to-date symlink: /home/rpp/rpp_ws/install/dwb_msgs/include/dwb_msgs/dwb_msgs/msg/trajectory_score.h
[0.799s] -- Up-to-date symlink: /home/rpp/rpp_ws/install/dwb_msgs/include/dwb_msgs/dwb_msgs/srv/debug_local_plan.h
[0.799s] -- Up-to-date symlink: /home/rpp/rpp_ws/install/dwb_msgs/include/dwb_msgs/dwb_msgs/srv/detail/debug_local_plan__functions.h
[0.800s] -- Up-to-date symlink: /home/rpp/rpp_ws/install/dwb_msgs/include/dwb_msgs/dwb_msgs/srv/detail/debug_local_plan__struct.h
[0.800s] -- Up-to-date symlink: /home/rpp/rpp_ws/install/dwb_msgs/include/dwb_msgs/dwb_msgs/srv/detail/debug_local_plan__type_support.h
[0.800s] -- Up-to-date symlink: /home/rpp/rpp_ws/install/dwb_msgs/include/dwb_msgs/dwb_msgs/srv/detail/generate_trajectory__functions.h
[0.800s] -- Up-to-date symlink: /home/rpp/rpp_ws/install/dwb_msgs/include/dwb_msgs/dwb_msgs/srv/detail/generate_trajectory__struct.h
[0.800s] -- Up-to-date symlink: /home/rpp/rpp_ws/install/dwb_msgs/include/dwb_msgs/dwb_msgs/srv/detail/generate_trajectory__type_support.h
[0.801s] -- Up-to-date symlink: /home/rpp/rpp_ws/install/dwb_msgs/include/dwb_msgs/dwb_msgs/srv/detail/generate_twists__functions.h
[0.801s] -- Up-to-date symlink: /home/rpp/rpp_ws/install/dwb_msgs/include/dwb_msgs/dwb_msgs/srv/detail/generate_twists__struct.h
[0.801s] -- Up-to-date symlink: /home/rpp/rpp_ws/install/dwb_msgs/include/dwb_msgs/dwb_msgs/srv/detail/generate_twists__type_support.h
[0.801s] -- Up-to-date symlink: /home/rpp/rpp_ws/install/dwb_msgs/include/dwb_msgs/dwb_msgs/srv/detail/get_critic_score__functions.h
[0.801s] -- Up-to-date symlink: /home/rpp/rpp_ws/install/dwb_msgs/include/dwb_msgs/dwb_msgs/srv/detail/get_critic_score__struct.h
[0.801s] -- Up-to-date symlink: /home/rpp/rpp_ws/install/dwb_msgs/include/dwb_msgs/dwb_msgs/srv/detail/get_critic_score__type_support.h
[0.801s] -- Up-to-date symlink: /home/rpp/rpp_ws/install/dwb_msgs/include/dwb_msgs/dwb_msgs/srv/detail/score_trajectory__functions.h
[0.802s] -- Up-to-date symlink: /home/rpp/rpp_ws/install/dwb_msgs/include/dwb_msgs/dwb_msgs/srv/detail/score_trajectory__struct.h
[0.802s] -- Up-to-date symlink: /home/rpp/rpp_ws/install/dwb_msgs/include/dwb_msgs/dwb_msgs/srv/detail/score_trajectory__type_support.h
[0.802s] -- Up-to-date symlink: /home/rpp/rpp_ws/install/dwb_msgs/include/dwb_msgs/dwb_msgs/srv/generate_trajectory.h
[0.802s] -- Up-to-date symlink: /home/rpp/rpp_ws/install/dwb_msgs/include/dwb_msgs/dwb_msgs/srv/generate_twists.h
[0.803s] -- Up-to-date symlink: /home/rpp/rpp_ws/install/dwb_msgs/include/dwb_msgs/dwb_msgs/srv/get_critic_score.h
[0.803s] -- Up-to-date symlink: /home/rpp/rpp_ws/install/dwb_msgs/include/dwb_msgs/dwb_msgs/srv/score_trajectory.h
[0.803s] -- Up-to-date symlink: /home/rpp/rpp_ws/install/dwb_msgs/share/dwb_msgs/environment/library_path.sh
[0.803s] -- Up-to-date symlink: /home/rpp/rpp_ws/install/dwb_msgs/share/dwb_msgs/environment/library_path.dsv
[0.803s] -- Up-to-date symlink: /home/rpp/rpp_ws/install/dwb_msgs/include/dwb_msgs/dwb_msgs/msg/detail/critic_score__rosidl_typesupport_fastrtps_c.h
[0.803s] -- Up-to-date symlink: /home/rpp/rpp_ws/install/dwb_msgs/include/dwb_msgs/dwb_msgs/msg/detail/local_plan_evaluation__rosidl_typesupport_fastrtps_c.h
[0.804s] -- Up-to-date symlink: /home/rpp/rpp_ws/install/dwb_msgs/include/dwb_msgs/dwb_msgs/msg/detail/trajectory2_d__rosidl_typesupport_fastrtps_c.h
[0.804s] -- Up-to-date symlink: /home/rpp/rpp_ws/install/dwb_msgs/include/dwb_msgs/dwb_msgs/msg/detail/trajectory_score__rosidl_typesupport_fastrtps_c.h
[0.804s] -- Up-to-date symlink: /home/rpp/rpp_ws/install/dwb_msgs/include/dwb_msgs/dwb_msgs/msg/rosidl_typesupport_fastrtps_c__visibility_control.h
[0.804s] -- Up-to-date symlink: /home/rpp/rpp_ws/install/dwb_msgs/include/dwb_msgs/dwb_msgs/srv/detail/debug_local_plan__rosidl_typesupport_fastrtps_c.h
[0.804s] -- Up-to-date symlink: /home/rpp/rpp_ws/install/dwb_msgs/include/dwb_msgs/dwb_msgs/srv/detail/generate_trajectory__rosidl_typesupport_fastrtps_c.h
[0.805s] -- Up-to-date symlink: /home/rpp/rpp_ws/install/dwb_msgs/include/dwb_msgs/dwb_msgs/srv/detail/generate_twists__rosidl_typesupport_fastrtps_c.h
[0.805s] -- Up-to-date symlink: /home/rpp/rpp_ws/install/dwb_msgs/include/dwb_msgs/dwb_msgs/srv/detail/get_critic_score__rosidl_typesupport_fastrtps_c.h
[0.805s] -- Up-to-date symlink: /home/rpp/rpp_ws/install/dwb_msgs/include/dwb_msgs/dwb_msgs/srv/detail/score_trajectory__rosidl_typesupport_fastrtps_c.h
[0.805s] -- Up-to-date symlink: /home/rpp/rpp_ws/install/dwb_msgs/include/dwb_msgs/dwb_msgs/msg/critic_score.hpp
[0.805s] -- Up-to-date symlink: /home/rpp/rpp_ws/install/dwb_msgs/include/dwb_msgs/dwb_msgs/msg/detail/critic_score__builder.hpp
[0.806s] -- Up-to-date symlink: /home/rpp/rpp_ws/install/dwb_msgs/include/dwb_msgs/dwb_msgs/msg/detail/critic_score__struct.hpp
[0.806s] -- Up-to-date symlink: /home/rpp/rpp_ws/install/dwb_msgs/include/dwb_msgs/dwb_msgs/msg/detail/critic_score__traits.hpp
[0.806s] -- Up-to-date symlink: /home/rpp/rpp_ws/install/dwb_msgs/include/dwb_msgs/dwb_msgs/msg/detail/critic_score__type_support.hpp
[0.806s] -- Up-to-date symlink: /home/rpp/rpp_ws/install/dwb_msgs/include/dwb_msgs/dwb_msgs/msg/detail/local_plan_evaluation__builder.hpp
[0.806s] -- Up-to-date symlink: /home/rpp/rpp_ws/install/dwb_msgs/include/dwb_msgs/dwb_msgs/msg/detail/local_plan_evaluation__struct.hpp
[0.806s] -- Up-to-date symlink: /home/rpp/rpp_ws/install/dwb_msgs/include/dwb_msgs/dwb_msgs/msg/detail/local_plan_evaluation__traits.hpp
[0.806s] -- Up-to-date symlink: /home/rpp/rpp_ws/install/dwb_msgs/include/dwb_msgs/dwb_msgs/msg/detail/local_plan_evaluation__type_support.hpp
[0.807s] -- Up-to-date symlink: /home/rpp/rpp_ws/install/dwb_msgs/include/dwb_msgs/dwb_msgs/msg/detail/trajectory2_d__builder.hpp
[0.807s] -- Up-to-date symlink: /home/rpp/rpp_ws/install/dwb_msgs/include/dwb_msgs/dwb_msgs/msg/detail/trajectory2_d__struct.hpp
[0.808s] -- Up-to-date symlink: /home/rpp/rpp_ws/install/dwb_msgs/include/dwb_msgs/dwb_msgs/msg/detail/trajectory2_d__traits.hpp
[0.808s] -- Up-to-date symlink: /home/rpp/rpp_ws/install/dwb_msgs/include/dwb_msgs/dwb_msgs/msg/detail/trajectory2_d__type_support.hpp
[0.808s] -- Up-to-date symlink: /home/rpp/rpp_ws/install/dwb_msgs/include/dwb_msgs/dwb_msgs/msg/detail/trajectory_score__builder.hpp
[0.808s] -- Up-to-date symlink: /home/rpp/rpp_ws/install/dwb_msgs/include/dwb_msgs/dwb_msgs/msg/detail/trajectory_score__struct.hpp
[0.809s] -- Up-to-date symlink: /home/rpp/rpp_ws/install/dwb_msgs/include/dwb_msgs/dwb_msgs/msg/detail/trajectory_score__traits.hpp
[0.809s] -- Up-to-date symlink: /home/rpp/rpp_ws/install/dwb_msgs/include/dwb_msgs/dwb_msgs/msg/detail/trajectory_score__type_support.hpp
[0.809s] -- Up-to-date symlink: /home/rpp/rpp_ws/install/dwb_msgs/include/dwb_msgs/dwb_msgs/msg/local_plan_evaluation.hpp
[0.809s] -- Up-to-date symlink: /home/rpp/rpp_ws/install/dwb_msgs/include/dwb_msgs/dwb_msgs/msg/rosidl_generator_cpp__visibility_control.hpp
[0.809s] -- Up-to-date symlink: /home/rpp/rpp_ws/install/dwb_msgs/include/dwb_msgs/dwb_msgs/msg/trajectory2_d.hpp
[0.809s] -- Up-to-date symlink: /home/rpp/rpp_ws/install/dwb_msgs/include/dwb_msgs/dwb_msgs/msg/trajectory_score.hpp
[0.809s] -- Up-to-date symlink: /home/rpp/rpp_ws/install/dwb_msgs/include/dwb_msgs/dwb_msgs/srv/debug_local_plan.hpp
[0.809s] -- Up-to-date symlink: /home/rpp/rpp_ws/install/dwb_msgs/include/dwb_msgs/dwb_msgs/srv/detail/debug_local_plan__builder.hpp
[0.810s] -- Up-to-date symlink: /home/rpp/rpp_ws/install/dwb_msgs/include/dwb_msgs/dwb_msgs/srv/detail/debug_local_plan__struct.hpp
[0.810s] -- Up-to-date symlink: /home/rpp/rpp_ws/install/dwb_msgs/include/dwb_msgs/dwb_msgs/srv/detail/debug_local_plan__traits.hpp
[0.810s] -- Up-to-date symlink: /home/rpp/rpp_ws/install/dwb_msgs/include/dwb_msgs/dwb_msgs/srv/detail/debug_local_plan__type_support.hpp
[0.810s] -- Up-to-date symlink: /home/rpp/rpp_ws/install/dwb_msgs/include/dwb_msgs/dwb_msgs/srv/detail/generate_trajectory__builder.hpp
[0.810s] -- Up-to-date symlink: /home/rpp/rpp_ws/install/dwb_msgs/include/dwb_msgs/dwb_msgs/srv/detail/generate_trajectory__struct.hpp
[0.810s] -- Up-to-date symlink: /home/rpp/rpp_ws/install/dwb_msgs/include/dwb_msgs/dwb_msgs/srv/detail/generate_trajectory__traits.hpp
[0.811s] -- Up-to-date symlink: /home/rpp/rpp_ws/install/dwb_msgs/include/dwb_msgs/dwb_msgs/srv/detail/generate_trajectory__type_support.hpp
[0.811s] -- Up-to-date symlink: /home/rpp/rpp_ws/install/dwb_msgs/include/dwb_msgs/dwb_msgs/srv/detail/generate_twists__builder.hpp
[0.812s] -- Up-to-date symlink: /home/rpp/rpp_ws/install/dwb_msgs/include/dwb_msgs/dwb_msgs/srv/detail/generate_twists__struct.hpp
[0.812s] -- Up-to-date symlink: /home/rpp/rpp_ws/install/dwb_msgs/include/dwb_msgs/dwb_msgs/srv/detail/generate_twists__traits.hpp
[0.812s] -- Up-to-date symlink: /home/rpp/rpp_ws/install/dwb_msgs/include/dwb_msgs/dwb_msgs/srv/detail/generate_twists__type_support.hpp
[0.813s] -- Up-to-date symlink: /home/rpp/rpp_ws/install/dwb_msgs/include/dwb_msgs/dwb_msgs/srv/detail/get_critic_score__builder.hpp
[0.813s] -- Up-to-date symlink: /home/rpp/rpp_ws/install/dwb_msgs/include/dwb_msgs/dwb_msgs/srv/detail/get_critic_score__struct.hpp
[0.813s] -- Up-to-date symlink: /home/rpp/rpp_ws/install/dwb_msgs/include/dwb_msgs/dwb_msgs/srv/detail/get_critic_score__traits.hpp
[0.815s] -- Up-to-date symlink: /home/rpp/rpp_ws/install/dwb_msgs/include/dwb_msgs/dwb_msgs/srv/detail/get_critic_score__type_support.hpp
[0.815s] -- Up-to-date symlink: /home/rpp/rpp_ws/install/dwb_msgs/include/dwb_msgs/dwb_msgs/srv/detail/score_trajectory__builder.hpp
[0.816s] -- Up-to-date symlink: /home/rpp/rpp_ws/install/dwb_msgs/include/dwb_msgs/dwb_msgs/srv/detail/score_trajectory__struct.hpp
[0.816s] -- Up-to-date symlink: /home/rpp/rpp_ws/install/dwb_msgs/include/dwb_msgs/dwb_msgs/srv/detail/score_trajectory__traits.hpp
[0.816s] -- Up-to-date symlink: /home/rpp/rpp_ws/install/dwb_msgs/include/dwb_msgs/dwb_msgs/srv/detail/score_trajectory__type_support.hpp
[0.817s] -- Up-to-date symlink: /home/rpp/rpp_ws/install/dwb_msgs/include/dwb_msgs/dwb_msgs/srv/generate_trajectory.hpp
[0.817s] -- Up-to-date symlink: /home/rpp/rpp_ws/install/dwb_msgs/include/dwb_msgs/dwb_msgs/srv/generate_twists.hpp
[0.817s] -- Up-to-date symlink: /home/rpp/rpp_ws/install/dwb_msgs/include/dwb_msgs/dwb_msgs/srv/get_critic_score.hpp
[0.818s] -- Up-to-date symlink: /home/rpp/rpp_ws/install/dwb_msgs/include/dwb_msgs/dwb_msgs/srv/score_trajectory.hpp
[0.819s] -- Up-to-date symlink: /home/rpp/rpp_ws/install/dwb_msgs/include/dwb_msgs/dwb_msgs/msg/detail/critic_score__rosidl_typesupport_fastrtps_cpp.hpp
[0.819s] -- Up-to-date symlink: /home/rpp/rpp_ws/install/dwb_msgs/include/dwb_msgs/dwb_msgs/msg/detail/local_plan_evaluation__rosidl_typesupport_fastrtps_cpp.hpp
[0.820s] -- Up-to-date symlink: /home/rpp/rpp_ws/install/dwb_msgs/include/dwb_msgs/dwb_msgs/msg/detail/trajectory2_d__rosidl_typesupport_fastrtps_cpp.hpp
[0.820s] -- Up-to-date symlink: /home/rpp/rpp_ws/install/dwb_msgs/include/dwb_msgs/dwb_msgs/msg/detail/trajectory_score__rosidl_typesupport_fastrtps_cpp.hpp
[0.820s] -- Up-to-date symlink: /home/rpp/rpp_ws/install/dwb_msgs/include/dwb_msgs/dwb_msgs/msg/rosidl_typesupport_fastrtps_cpp__visibility_control.h
[0.820s] -- Up-to-date symlink: /home/rpp/rpp_ws/install/dwb_msgs/include/dwb_msgs/dwb_msgs/srv/detail/debug_local_plan__rosidl_typesupport_fastrtps_cpp.hpp
[0.820s] -- Up-to-date symlink: /home/rpp/rpp_ws/install/dwb_msgs/include/dwb_msgs/dwb_msgs/srv/detail/generate_trajectory__rosidl_typesupport_fastrtps_cpp.hpp
[0.820s] -- Up-to-date symlink: /home/rpp/rpp_ws/install/dwb_msgs/include/dwb_msgs/dwb_msgs/srv/detail/generate_twists__rosidl_typesupport_fastrtps_cpp.hpp
[0.820s] -- Up-to-date symlink: /home/rpp/rpp_ws/install/dwb_msgs/include/dwb_msgs/dwb_msgs/srv/detail/get_critic_score__rosidl_typesupport_fastrtps_cpp.hpp
[0.820s] -- Up-to-date symlink: /home/rpp/rpp_ws/install/dwb_msgs/include/dwb_msgs/dwb_msgs/srv/detail/score_trajectory__rosidl_typesupport_fastrtps_cpp.hpp
[0.820s] -- Up-to-date symlink: /home/rpp/rpp_ws/install/dwb_msgs/include/dwb_msgs/dwb_msgs/msg/detail/critic_score__rosidl_typesupport_introspection_c.h
[0.820s] -- Up-to-date symlink: /home/rpp/rpp_ws/install/dwb_msgs/include/dwb_msgs/dwb_msgs/msg/detail/local_plan_evaluation__rosidl_typesupport_introspection_c.h
[0.821s] -- Up-to-date symlink: /home/rpp/rpp_ws/install/dwb_msgs/include/dwb_msgs/dwb_msgs/msg/detail/trajectory2_d__rosidl_typesupport_introspection_c.h
[0.821s] -- Up-to-date symlink: /home/rpp/rpp_ws/install/dwb_msgs/include/dwb_msgs/dwb_msgs/msg/detail/trajectory_score__rosidl_typesupport_introspection_c.h
[0.821s] -- Up-to-date symlink: /home/rpp/rpp_ws/install/dwb_msgs/include/dwb_msgs/dwb_msgs/msg/rosidl_typesupport_introspection_c__visibility_control.h
[0.821s] -- Up-to-date symlink: /home/rpp/rpp_ws/install/dwb_msgs/include/dwb_msgs/dwb_msgs/srv/detail/debug_local_plan__rosidl_typesupport_introspection_c.h
[0.821s] -- Up-to-date symlink: /home/rpp/rpp_ws/install/dwb_msgs/include/dwb_msgs/dwb_msgs/srv/detail/generate_trajectory__rosidl_typesupport_introspection_c.h
[0.821s] -- Up-to-date symlink: /home/rpp/rpp_ws/install/dwb_msgs/include/dwb_msgs/dwb_msgs/srv/detail/generate_twists__rosidl_typesupport_introspection_c.h
[0.822s] -- Up-to-date symlink: /home/rpp/rpp_ws/install/dwb_msgs/include/dwb_msgs/dwb_msgs/srv/detail/get_critic_score__rosidl_typesupport_introspection_c.h
[0.822s] -- Up-to-date symlink: /home/rpp/rpp_ws/install/dwb_msgs/include/dwb_msgs/dwb_msgs/srv/detail/score_trajectory__rosidl_typesupport_introspection_c.h
[0.822s] -- Up-to-date symlink: /home/rpp/rpp_ws/install/dwb_msgs/include/dwb_msgs/dwb_msgs/msg/detail/critic_score__rosidl_typesupport_introspection_cpp.hpp
[0.823s] -- Up-to-date symlink: /home/rpp/rpp_ws/install/dwb_msgs/include/dwb_msgs/dwb_msgs/msg/detail/local_plan_evaluation__rosidl_typesupport_introspection_cpp.hpp
[0.823s] -- Up-to-date symlink: /home/rpp/rpp_ws/install/dwb_msgs/include/dwb_msgs/dwb_msgs/msg/detail/trajectory2_d__rosidl_typesupport_introspection_cpp.hpp
[0.823s] -- Up-to-date symlink: /home/rpp/rpp_ws/install/dwb_msgs/include/dwb_msgs/dwb_msgs/msg/detail/trajectory_score__rosidl_typesupport_introspection_cpp.hpp
[0.823s] -- Up-to-date symlink: /home/rpp/rpp_ws/install/dwb_msgs/include/dwb_msgs/dwb_msgs/srv/detail/debug_local_plan__rosidl_typesupport_introspection_cpp.hpp
[0.824s] -- Up-to-date symlink: /home/rpp/rpp_ws/install/dwb_msgs/include/dwb_msgs/dwb_msgs/srv/detail/generate_trajectory__rosidl_typesupport_introspection_cpp.hpp
[0.824s] -- Up-to-date symlink: /home/rpp/rpp_ws/install/dwb_msgs/include/dwb_msgs/dwb_msgs/srv/detail/generate_twists__rosidl_typesupport_introspection_cpp.hpp
[0.824s] -- Up-to-date symlink: /home/rpp/rpp_ws/install/dwb_msgs/include/dwb_msgs/dwb_msgs/srv/detail/get_critic_score__rosidl_typesupport_introspection_cpp.hpp
[0.824s] -- Up-to-date symlink: /home/rpp/rpp_ws/install/dwb_msgs/include/dwb_msgs/dwb_msgs/srv/detail/score_trajectory__rosidl_typesupport_introspection_cpp.hpp
[0.825s] -- Up-to-date symlink: /home/rpp/rpp_ws/install/dwb_msgs/share/dwb_msgs/environment/pythonpath.sh
[0.826s] -- Up-to-date symlink: /home/rpp/rpp_ws/install/dwb_msgs/share/dwb_msgs/environment/pythonpath.dsv
[0.827s] -- Up-to-date symlink: /home/rpp/rpp_ws/install/dwb_msgs/local/lib/python3.10/dist-packages/dwb_msgs-1.1.17-py3.10.egg-info/PKG-INFO
[0.827s] -- Up-to-date symlink: /home/rpp/rpp_ws/install/dwb_msgs/local/lib/python3.10/dist-packages/dwb_msgs-1.1.17-py3.10.egg-info/SOURCES.txt
[0.828s] -- Up-to-date symlink: /home/rpp/rpp_ws/install/dwb_msgs/local/lib/python3.10/dist-packages/dwb_msgs-1.1.17-py3.10.egg-info/dependency_links.txt
[0.829s] -- Up-to-date symlink: /home/rpp/rpp_ws/install/dwb_msgs/local/lib/python3.10/dist-packages/dwb_msgs-1.1.17-py3.10.egg-info/top_level.txt
[0.831s] -- Up-to-date symlink: /home/rpp/rpp_ws/install/dwb_msgs/local/lib/python3.10/dist-packages/dwb_msgs/__init__.py
[0.831s] -- Up-to-date symlink: /home/rpp/rpp_ws/install/dwb_msgs/local/lib/python3.10/dist-packages/dwb_msgs/_dwb_msgs_s.ep.rosidl_typesupport_c.c
[0.831s] -- Up-to-date symlink: /home/rpp/rpp_ws/install/dwb_msgs/local/lib/python3.10/dist-packages/dwb_msgs/_dwb_msgs_s.ep.rosidl_typesupport_fastrtps_c.c
[0.831s] -- Up-to-date symlink: /home/rpp/rpp_ws/install/dwb_msgs/local/lib/python3.10/dist-packages/dwb_msgs/_dwb_msgs_s.ep.rosidl_typesupport_introspection_c.c
[0.831s] -- Up-to-date symlink: /home/rpp/rpp_ws/install/dwb_msgs/local/lib/python3.10/dist-packages/dwb_msgs/dwb_msgs_s__rosidl_typesupport_c.cpython-310-x86_64-linux-gnu.so
[0.831s] -- Up-to-date symlink: /home/rpp/rpp_ws/install/dwb_msgs/local/lib/python3.10/dist-packages/dwb_msgs/dwb_msgs_s__rosidl_typesupport_fastrtps_c.cpython-310-x86_64-linux-gnu.so
[0.831s] -- Up-to-date symlink: /home/rpp/rpp_ws/install/dwb_msgs/local/lib/python3.10/dist-packages/dwb_msgs/dwb_msgs_s__rosidl_typesupport_introspection_c.cpython-310-x86_64-linux-gnu.so
[0.831s] -- Up-to-date symlink: /home/rpp/rpp_ws/install/dwb_msgs/local/lib/python3.10/dist-packages/dwb_msgs/libdwb_msgs__rosidl_generator_py.so
[0.832s] -- Up-to-date symlink: /home/rpp/rpp_ws/install/dwb_msgs/local/lib/python3.10/dist-packages/dwb_msgs/msg/__init__.py
[0.832s] -- Up-to-date symlink: /home/rpp/rpp_ws/install/dwb_msgs/local/lib/python3.10/dist-packages/dwb_msgs/msg/_critic_score.py
[0.832s] -- Up-to-date symlink: /home/rpp/rpp_ws/install/dwb_msgs/local/lib/python3.10/dist-packages/dwb_msgs/msg/_critic_score_s.c
[0.832s] -- Up-to-date symlink: /home/rpp/rpp_ws/install/dwb_msgs/local/lib/python3.10/dist-packages/dwb_msgs/msg/_local_plan_evaluation.py
[0.832s] -- Up-to-date symlink: /home/rpp/rpp_ws/install/dwb_msgs/local/lib/python3.10/dist-packages/dwb_msgs/msg/_local_plan_evaluation_s.c
[0.832s] -- Up-to-date symlink: /home/rpp/rpp_ws/install/dwb_msgs/local/lib/python3.10/dist-packages/dwb_msgs/msg/_trajectory2_d.py
[0.833s] -- Up-to-date symlink: /home/rpp/rpp_ws/install/dwb_msgs/local/lib/python3.10/dist-packages/dwb_msgs/msg/_trajectory2_d_s.c
[0.834s] -- Up-to-date symlink: /home/rpp/rpp_ws/install/dwb_msgs/local/lib/python3.10/dist-packages/dwb_msgs/msg/_trajectory_score.py
[0.834s] -- Up-to-date symlink: /home/rpp/rpp_ws/install/dwb_msgs/local/lib/python3.10/dist-packages/dwb_msgs/msg/_trajectory_score_s.c
[0.836s] -- Up-to-date symlink: /home/rpp/rpp_ws/install/dwb_msgs/local/lib/python3.10/dist-packages/dwb_msgs/srv/__init__.py
[0.838s] -- Up-to-date symlink: /home/rpp/rpp_ws/install/dwb_msgs/local/lib/python3.10/dist-packages/dwb_msgs/srv/_debug_local_plan.py
[0.838s] -- Up-to-date symlink: /home/rpp/rpp_ws/install/dwb_msgs/local/lib/python3.10/dist-packages/dwb_msgs/srv/_debug_local_plan_s.c
[0.838s] -- Up-to-date symlink: /home/rpp/rpp_ws/install/dwb_msgs/local/lib/python3.10/dist-packages/dwb_msgs/srv/_generate_trajectory.py
[0.839s] -- Up-to-date symlink: /home/rpp/rpp_ws/install/dwb_msgs/local/lib/python3.10/dist-packages/dwb_msgs/srv/_generate_trajectory_s.c
[0.839s] -- Up-to-date symlink: /home/rpp/rpp_ws/install/dwb_msgs/local/lib/python3.10/dist-packages/dwb_msgs/srv/_generate_twists.py
[0.839s] -- Up-to-date symlink: /home/rpp/rpp_ws/install/dwb_msgs/local/lib/python3.10/dist-packages/dwb_msgs/srv/_generate_twists_s.c
[0.840s] -- Up-to-date symlink: /home/rpp/rpp_ws/install/dwb_msgs/local/lib/python3.10/dist-packages/dwb_msgs/srv/_get_critic_score.py
[0.840s] -- Up-to-date symlink: /home/rpp/rpp_ws/install/dwb_msgs/local/lib/python3.10/dist-packages/dwb_msgs/srv/_get_critic_score_s.c
[0.841s] -- Up-to-date symlink: /home/rpp/rpp_ws/install/dwb_msgs/local/lib/python3.10/dist-packages/dwb_msgs/srv/_score_trajectory.py
[0.842s] -- Up-to-date symlink: /home/rpp/rpp_ws/install/dwb_msgs/local/lib/python3.10/dist-packages/dwb_msgs/srv/_score_trajectory_s.c
[0.842s] -- Up-to-date symlink: /home/rpp/rpp_ws/install/dwb_msgs/local/lib/python3.10/dist-packages/dwb_msgs/dwb_msgs_s__rosidl_typesupport_fastrtps_c.cpython-310-x86_64-linux-gnu.so
[0.843s] -- Up-to-date symlink: /home/rpp/rpp_ws/install/dwb_msgs/local/lib/python3.10/dist-packages/dwb_msgs/dwb_msgs_s__rosidl_typesupport_introspection_c.cpython-310-x86_64-linux-gnu.so
[0.843s] -- Up-to-date symlink: /home/rpp/rpp_ws/install/dwb_msgs/local/lib/python3.10/dist-packages/dwb_msgs/dwb_msgs_s__rosidl_typesupport_c.cpython-310-x86_64-linux-gnu.so
[0.844s] -- Up-to-date symlink: /home/rpp/rpp_ws/install/dwb_msgs/share/dwb_msgs/msg/CriticScore.idl
[0.844s] -- Up-to-date symlink: /home/rpp/rpp_ws/install/dwb_msgs/share/dwb_msgs/msg/LocalPlanEvaluation.idl
[0.845s] -- Up-to-date symlink: /home/rpp/rpp_ws/install/dwb_msgs/share/dwb_msgs/msg/Trajectory2D.idl
[0.845s] -- Up-to-date symlink: /home/rpp/rpp_ws/install/dwb_msgs/share/dwb_msgs/msg/TrajectoryScore.idl
[0.845s] -- Up-to-date symlink: /home/rpp/rpp_ws/install/dwb_msgs/share/dwb_msgs/srv/DebugLocalPlan.idl
[0.845s] -- Up-to-date symlink: /home/rpp/rpp_ws/install/dwb_msgs/share/dwb_msgs/srv/GenerateTrajectory.idl
[0.845s] -- Up-to-date symlink: /home/rpp/rpp_ws/install/dwb_msgs/share/dwb_msgs/srv/GenerateTwists.idl
[0.845s] -- Up-to-date symlink: /home/rpp/rpp_ws/install/dwb_msgs/share/dwb_msgs/srv/GetCriticScore.idl
[0.845s] -- Up-to-date symlink: /home/rpp/rpp_ws/install/dwb_msgs/share/dwb_msgs/srv/ScoreTrajectory.idl
[0.845s] -- Up-to-date symlink: /home/rpp/rpp_ws/install/dwb_msgs/share/dwb_msgs/msg/CriticScore.msg
[0.845s] -- Up-to-date symlink: /home/rpp/rpp_ws/install/dwb_msgs/share/dwb_msgs/msg/LocalPlanEvaluation.msg
[0.845s] -- Up-to-date symlink: /home/rpp/rpp_ws/install/dwb_msgs/share/dwb_msgs/msg/Trajectory2D.msg
[0.845s] -- Up-to-date symlink: /home/rpp/rpp_ws/install/dwb_msgs/share/dwb_msgs/msg/TrajectoryScore.msg
[0.845s] -- Up-to-date symlink: /home/rpp/rpp_ws/install/dwb_msgs/share/dwb_msgs/srv/DebugLocalPlan.srv
[0.845s] -- Up-to-date symlink: /home/rpp/rpp_ws/install/dwb_msgs/share/dwb_msgs/srv/DebugLocalPlan_Request.msg
[0.845s] -- Up-to-date symlink: /home/rpp/rpp_ws/install/dwb_msgs/share/dwb_msgs/srv/DebugLocalPlan_Response.msg
[0.845s] -- Up-to-date symlink: /home/rpp/rpp_ws/install/dwb_msgs/share/dwb_msgs/srv/GenerateTrajectory.srv
[0.845s] -- Up-to-date symlink: /home/rpp/rpp_ws/install/dwb_msgs/share/dwb_msgs/srv/GenerateTrajectory_Request.msg
[0.845s] -- Up-to-date symlink: /home/rpp/rpp_ws/install/dwb_msgs/share/dwb_msgs/srv/GenerateTrajectory_Response.msg
[0.845s] -- Up-to-date symlink: /home/rpp/rpp_ws/install/dwb_msgs/share/dwb_msgs/srv/GenerateTwists.srv
[0.846s] -- Up-to-date symlink: /home/rpp/rpp_ws/install/dwb_msgs/share/dwb_msgs/srv/GenerateTwists_Request.msg
[0.846s] -- Up-to-date symlink: /home/rpp/rpp_ws/install/dwb_msgs/share/dwb_msgs/srv/GenerateTwists_Response.msg
[0.846s] -- Up-to-date symlink: /home/rpp/rpp_ws/install/dwb_msgs/share/dwb_msgs/srv/GetCriticScore.srv
[0.846s] -- Up-to-date symlink: /home/rpp/rpp_ws/install/dwb_msgs/share/dwb_msgs/srv/GetCriticScore_Request.msg
[0.846s] -- Up-to-date symlink: /home/rpp/rpp_ws/install/dwb_msgs/share/dwb_msgs/srv/GetCriticScore_Response.msg
[0.846s] -- Up-to-date symlink: /home/rpp/rpp_ws/install/dwb_msgs/share/dwb_msgs/srv/ScoreTrajectory.srv
[0.846s] -- Up-to-date symlink: /home/rpp/rpp_ws/install/dwb_msgs/share/dwb_msgs/srv/ScoreTrajectory_Request.msg
[0.846s] -- Up-to-date symlink: /home/rpp/rpp_ws/install/dwb_msgs/share/dwb_msgs/srv/ScoreTrajectory_Response.msg
[0.847s] -- Up-to-date symlink: /home/rpp/rpp_ws/install/dwb_msgs/share/ament_index/resource_index/package_run_dependencies/dwb_msgs
[0.847s] -- Up-to-date symlink: /home/rpp/rpp_ws/install/dwb_msgs/share/ament_index/resource_index/parent_prefix_path/dwb_msgs
[0.847s] -- Up-to-date symlink: /home/rpp/rpp_ws/install/dwb_msgs/share/dwb_msgs/environment/ament_prefix_path.sh
[0.847s] -- Up-to-date symlink: /home/rpp/rpp_ws/install/dwb_msgs/share/dwb_msgs/environment/ament_prefix_path.dsv
[0.847s] -- Up-to-date symlink: /home/rpp/rpp_ws/install/dwb_msgs/share/dwb_msgs/environment/path.sh
[0.847s] -- Up-to-date symlink: /home/rpp/rpp_ws/install/dwb_msgs/share/dwb_msgs/environment/path.dsv
[0.847s] -- Up-to-date symlink: /home/rpp/rpp_ws/install/dwb_msgs/share/dwb_msgs/local_setup.bash
[0.847s] -- Up-to-date symlink: /home/rpp/rpp_ws/install/dwb_msgs/share/dwb_msgs/local_setup.sh
[0.847s] -- Up-to-date symlink: /home/rpp/rpp_ws/install/dwb_msgs/share/dwb_msgs/local_setup.zsh
[0.847s] -- Up-to-date symlink: /home/rpp/rpp_ws/install/dwb_msgs/share/dwb_msgs/local_setup.dsv
[0.847s] -- Symlinking: /home/rpp/rpp_ws/install/dwb_msgs/share/dwb_msgs/package.dsv
[0.882s] -- Up-to-date symlink: /home/rpp/rpp_ws/install/dwb_msgs/share/ament_index/resource_index/packages/dwb_msgs
[0.883s] -- Up-to-date symlink: /home/rpp/rpp_ws/install/dwb_msgs/share/dwb_msgs/cmake/rosidl_cmake-extras.cmake
[0.883s] -- Up-to-date symlink: /home/rpp/rpp_ws/install/dwb_msgs/share/dwb_msgs/cmake/ament_cmake_export_dependencies-extras.cmake
[0.883s] -- Up-to-date symlink: /home/rpp/rpp_ws/install/dwb_msgs/share/dwb_msgs/cmake/ament_cmake_export_include_directories-extras.cmake
[0.883s] -- Up-to-date symlink: /home/rpp/rpp_ws/install/dwb_msgs/share/dwb_msgs/cmake/ament_cmake_export_libraries-extras.cmake
[0.884s] -- Up-to-date symlink: /home/rpp/rpp_ws/install/dwb_msgs/share/dwb_msgs/cmake/ament_cmake_export_targets-extras.cmake
[0.884s] -- Up-to-date symlink: /home/rpp/rpp_ws/install/dwb_msgs/share/dwb_msgs/cmake/rosidl_cmake_export_typesupport_targets-extras.cmake
[0.884s] -- Up-to-date symlink: /home/rpp/rpp_ws/install/dwb_msgs/share/dwb_msgs/cmake/rosidl_cmake_export_typesupport_libraries-extras.cmake
[0.884s] -- Up-to-date symlink: /home/rpp/rpp_ws/install/dwb_msgs/share/dwb_msgs/cmake/dwb_msgsConfig.cmake
[0.884s] -- Up-to-date symlink: /home/rpp/rpp_ws/install/dwb_msgs/share/dwb_msgs/cmake/dwb_msgsConfig-version.cmake
[0.884s] -- Up-to-date symlink: /home/rpp/rpp_ws/install/dwb_msgs/share/dwb_msgs/package.xml
[0.884s] -- Up-to-date: /home/rpp/rpp_ws/install/dwb_msgs/lib/libdwb_msgs__rosidl_generator_c.so
[0.884s] -- Up-to-date: /home/rpp/rpp_ws/install/dwb_msgs/lib/libdwb_msgs__rosidl_typesupport_fastrtps_c.so
[0.884s] -- Up-to-date: /home/rpp/rpp_ws/install/dwb_msgs/lib/libdwb_msgs__rosidl_typesupport_fastrtps_cpp.so
[0.884s] -- Up-to-date: /home/rpp/rpp_ws/install/dwb_msgs/lib/libdwb_msgs__rosidl_typesupport_introspection_c.so
[0.884s] -- Up-to-date: /home/rpp/rpp_ws/install/dwb_msgs/lib/libdwb_msgs__rosidl_typesupport_c.so
[0.885s] -- Up-to-date: /home/rpp/rpp_ws/install/dwb_msgs/lib/libdwb_msgs__rosidl_typesupport_introspection_cpp.so
[0.885s] -- Up-to-date: /home/rpp/rpp_ws/install/dwb_msgs/lib/libdwb_msgs__rosidl_typesupport_cpp.so
[0.944s] Listing '/home/rpp/rpp_ws/install/dwb_msgs/local/lib/python3.10/dist-packages/dwb_msgs'...
[0.944s] Listing '/home/rpp/rpp_ws/install/dwb_msgs/local/lib/python3.10/dist-packages/dwb_msgs/msg'...
[0.944s] Listing '/home/rpp/rpp_ws/install/dwb_msgs/local/lib/python3.10/dist-packages/dwb_msgs/srv'...
[0.945s] -- Up-to-date: /home/rpp/rpp_ws/install/dwb_msgs/lib/libdwb_msgs__rosidl_generator_py.so
[0.945s] -- Up-to-date: /home/rpp/rpp_ws/install/dwb_msgs/share/dwb_msgs/cmake/export_dwb_msgs__rosidl_generator_cExport.cmake
[0.946s] -- Up-to-date: /home/rpp/rpp_ws/install/dwb_msgs/share/dwb_msgs/cmake/export_dwb_msgs__rosidl_generator_cExport-noconfig.cmake
[0.946s] -- Up-to-date: /home/rpp/rpp_ws/install/dwb_msgs/share/dwb_msgs/cmake/export_dwb_msgs__rosidl_typesupport_fastrtps_cExport.cmake
[0.946s] -- Up-to-date: /home/rpp/rpp_ws/install/dwb_msgs/share/dwb_msgs/cmake/export_dwb_msgs__rosidl_typesupport_fastrtps_cExport-noconfig.cmake
[0.946s] -- Up-to-date: /home/rpp/rpp_ws/install/dwb_msgs/share/dwb_msgs/cmake/export_dwb_msgs__rosidl_generator_cppExport.cmake
[0.946s] -- Up-to-date: /home/rpp/rpp_ws/install/dwb_msgs/share/dwb_msgs/cmake/export_dwb_msgs__rosidl_typesupport_fastrtps_cppExport.cmake
[0.946s] -- Up-to-date: /home/rpp/rpp_ws/install/dwb_msgs/share/dwb_msgs/cmake/export_dwb_msgs__rosidl_typesupport_fastrtps_cppExport-noconfig.cmake
[0.946s] -- Up-to-date: /home/rpp/rpp_ws/install/dwb_msgs/share/dwb_msgs/cmake/dwb_msgs__rosidl_typesupport_introspection_cExport.cmake
[0.946s] -- Up-to-date: /home/rpp/rpp_ws/install/dwb_msgs/share/dwb_msgs/cmake/dwb_msgs__rosidl_typesupport_introspection_cExport-noconfig.cmake
[0.946s] -- Up-to-date: /home/rpp/rpp_ws/install/dwb_msgs/share/dwb_msgs/cmake/dwb_msgs__rosidl_typesupport_cExport.cmake
[0.946s] -- Up-to-date: /home/rpp/rpp_ws/install/dwb_msgs/share/dwb_msgs/cmake/dwb_msgs__rosidl_typesupport_cExport-noconfig.cmake
[0.946s] -- Up-to-date: /home/rpp/rpp_ws/install/dwb_msgs/share/dwb_msgs/cmake/dwb_msgs__rosidl_typesupport_introspection_cppExport.cmake
[0.946s] -- Up-to-date: /home/rpp/rpp_ws/install/dwb_msgs/share/dwb_msgs/cmake/dwb_msgs__rosidl_typesupport_introspection_cppExport-noconfig.cmake
[0.946s] -- Up-to-date: /home/rpp/rpp_ws/install/dwb_msgs/share/dwb_msgs/cmake/dwb_msgs__rosidl_typesupport_cppExport.cmake
[0.946s] -- Up-to-date: /home/rpp/rpp_ws/install/dwb_msgs/share/dwb_msgs/cmake/dwb_msgs__rosidl_typesupport_cppExport-noconfig.cmake
[0.946s] -- Up-to-date: /home/rpp/rpp_ws/install/dwb_msgs/share/dwb_msgs/cmake/export_dwb_msgs__rosidl_generator_pyExport.cmake
[0.946s] -- Up-to-date: /home/rpp/rpp_ws/install/dwb_msgs/share/dwb_msgs/cmake/export_dwb_msgs__rosidl_generator_pyExport-noconfig.cmake
[0.986s] Invoked command in '/home/rpp/rpp_ws/build/dwb_msgs' returned '0': CMAKE_PREFIX_PATH=/home/rpp/rpp_ws/install/nav_2d_msgs:/home/rpp/rpp_ws/install/xf_voice:/home/rpp/rpp_ws/install/xf_voice_msgs:/home/rpp/rpp_ws/install/wheeltec_mic_ros2:/home/rpp/rpp_ws/install/wheeltec_mic_msg:/home/rpp/rpp_ws/install/ti5cra_servo_ros:/home/rpp/rpp_ws/install/ti5cra_servo_sdk:/home/rpp/rpp_ws/install/syntron_servo_ros:/home/rpp/rpp_ws/install/syntron_servo_sdk:/home/rpp/rpp_ws/install/nav2_system_tests:/home/rpp/rpp_ws/install/nav2_bringup:/home/rpp/rpp_ws/install/slam_toolbox:/home/rpp/rpp_ws/install/slam_3d:/home/rpp/rpp_ws/install/slam_2d:/home/rpp/rpp_ws/install/serial:/home/rpp/rpp_ws/install/rpp_ros_driver:/home/rpp/rpp_ws/install/rpp_msgs:/home/rpp/rpp_ws/install/rpp_driver:/home/rpp/rpp_ws/install/robot_bringup:/home/rpp/rpp_ws/install/pymoveit2:/home/rpp/rpp_ws/install/pgo:/home/rpp/rpp_ws/install/navigation_2d:/home/rpp/rpp_ws/install/navigation2:/home/rpp/rpp_ws/install/nav2_smoother:/home/rpp/rpp_ws/install/nav2_graceful_controller:/home/rpp/rpp_ws/install/nav2_dwb_controller:/home/rpp/rpp_ws/install/nav2_controller:/home/rpp/rpp_ws/install/dwb_plugins:/home/rpp/rpp_ws/install/dwb_critics:/home/rpp/rpp_ws/install/dwb_core:/home/rpp/rpp_ws/install/nav_2d_utils:/home/rpp/rpp_ws/install/dwb_msgs:/home/rpp/rpp_ws/install/nav2_waypoint_follower:/home/rpp/rpp_ws/install/nav2_theta_star_planner:/home/rpp/rpp_ws/install/nav2_smac_planner:/home/rpp/rpp_ws/install/nav2_rotation_shim_controller:/home/rpp/rpp_ws/install/nav2_regulated_pure_pursuit_controller:/home/rpp/rpp_ws/install/nav2_planner:/home/rpp/rpp_ws/install/nav2_navfn_planner:/home/rpp/rpp_ws/install/nav2_mppi_controller:/home/rpp/rpp_ws/install/nav2_constrained_smoother:/home/rpp/rpp_ws/install/nav2_bt_navigator:/home/rpp/rpp_ws/install/nav2_behaviors:/home/rpp/rpp_ws/install/nav2_core:/home/rpp/rpp_ws/install/nav2_collision_monitor:/home/rpp/rpp_ws/install/costmap_queue:/home/rpp/rpp_ws/install/nav2_costmap_2d:/home/rpp/rpp_ws/install/nav2_voxel_grid:/home/rpp/rpp_ws/install/nav2_velocity_smoother:/home/rpp/rpp_ws/install/nav2_rviz_plugins:/home/rpp/rpp_ws/install/nav2_map_server:/home/rpp/rpp_ws/install/nav2_lifecycle_manager:/home/rpp/rpp_ws/install/nav2_behavior_tree:/home/rpp/rpp_ws/install/nav2_amcl:/home/rpp/rpp_ws/install/nav2_util:/home/rpp/rpp_ws/install/nav2_msgs:/home/rpp/rpp_ws/install/nav2_common:/home/rpp/rpp_ws/install/motor_pitch_ros:/home/rpp/rpp_ws/install/motor_pitch_sdk:/home/rpp/rpp_ws/install/motor_lift_ros:/home/rpp/rpp_ws/install/motor_lift_sdk:/home/rpp/rpp_ws/install/localizer:/home/rpp/rpp_ws/install/lidar_clipping:/home/rpp/rpp_ws/install/fastlio2:/home/rpp/rpp_ws/install/livox_ros_driver2:/home/rpp/rpp_ws/install/lakibeam1:/home/rpp/rpp_ws/install/kortex_bringup:/home/rpp/rpp_ws/install/kortex_driver:/home/rpp/rpp_ws/install/kinova_gen3_lite_moveit_config:/home/rpp/rpp_ws/install/kinova_gen3_7dof_robotiq_2f_85_moveit_config:/home/rpp/rpp_ws/install/kinova_gen3_6dof_robotiq_2f_85_moveit_config:/home/rpp/rpp_ws/install/kortex_description:/home/rpp/rpp_ws/install/kortex_api:/home/rpp/rpp_ws/install/ira_laser_tools:/home/rpp/rpp_ws/install/hba:/home/rpp/rpp_ws/install/interface:/home/rpp/rpp_ws/install/ea200_moveit_config:/home/rpp/rpp_ws/install/ea200_description:/home/rpp/rpp_ws/install/cr100_description:/home/rpp/rpp_ws/install/setting_info:/home/rpp/rpp_ws/install/nav2_simple_commander:/home/rpp/rpp_ws/install/gui_control:/home/rpp/rpp_ws/install/graphic_display:/home/rpp/rpp_ws/install/linker_hand_ros2_sdk:/home/rpp/rpp_ws/install/bt_task_manager_ros2:/opt/ros/humble LD_LIBRARY_PATH=/home/rpp/rpp_ws/install/nav_2d_msgs/lib:/home/rpp/3rdparty//TensorRT-10.9.0.34/lib:/usr/local/cuda-12.8/lib64:/usr/local/lib/:/home/rpp/3rdparty//TensorRT-10.9.0.34/lib:/usr/local/cuda-12.8/lib64:/home/rpp/rpp_ws/install/xf_voice/lib:/home/rpp/rpp_ws/install/xf_voice_msgs/lib:/home/rpp/rpp_ws/install/wheeltec_mic_ros2/lib:/home/rpp/rpp_ws/install/wheeltec_mic_msg/lib:/home/rpp/rpp_ws/install/ti5cra_servo_sdk/lib:/home/rpp/rpp_ws/install/syntron_servo_sdk/lib:/home/rpp/rpp_ws/install/slam_toolbox/lib:/home/rpp/rpp_ws/install/serial/lib:/home/rpp/rpp_ws/install/rpp_msgs/lib:/home/rpp/rpp_ws/install/rpp_driver/lib:/home/rpp/rpp_ws/install/nav2_smoother/lib:/home/rpp/rpp_ws/install/nav2_graceful_controller/lib:/home/rpp/rpp_ws/install/nav2_controller/lib:/home/rpp/rpp_ws/install/dwb_plugins/lib:/home/rpp/rpp_ws/install/dwb_critics/lib:/home/rpp/rpp_ws/install/dwb_core/lib:/home/rpp/rpp_ws/install/nav_2d_utils/lib:/home/rpp/rpp_ws/install/dwb_msgs/lib:/home/rpp/rpp_ws/install/nav2_waypoint_follower/lib:/home/rpp/rpp_ws/install/nav2_theta_star_planner/lib:/home/rpp/rpp_ws/install/nav2_smac_planner/lib:/home/rpp/rpp_ws/install/nav2_rotation_shim_controller/lib:/home/rpp/rpp_ws/install/nav2_regulated_pure_pursuit_controller/lib:/home/rpp/rpp_ws/install/nav2_planner/lib:/home/rpp/rpp_ws/install/nav2_navfn_planner/lib:/home/rpp/rpp_ws/install/nav2_mppi_controller/lib:/home/rpp/rpp_ws/install/nav2_constrained_smoother/lib:/home/rpp/rpp_ws/install/nav2_bt_navigator/lib:/home/rpp/rpp_ws/install/nav2_behaviors/lib:/home/rpp/rpp_ws/install/nav2_collision_monitor/lib:/home/rpp/rpp_ws/install/costmap_queue/lib:/home/rpp/rpp_ws/install/nav2_costmap_2d/lib:/home/rpp/rpp_ws/install/nav2_voxel_grid/lib:/home/rpp/rpp_ws/install/nav2_velocity_smoother/lib:/home/rpp/rpp_ws/install/nav2_rviz_plugins/lib:/home/rpp/rpp_ws/install/nav2_map_server/lib:/home/rpp/rpp_ws/install/nav2_lifecycle_manager/lib:/home/rpp/rpp_ws/install/nav2_behavior_tree/lib:/home/rpp/rpp_ws/install/nav2_amcl/lib:/home/rpp/rpp_ws/install/nav2_util/lib:/home/rpp/rpp_ws/install/nav2_msgs/lib:/home/rpp/rpp_ws/install/motor_pitch_sdk/lib:/home/rpp/rpp_ws/install/motor_lift_sdk/lib:/home/rpp/rpp_ws/install/livox_ros_driver2/lib:/home/rpp/rpp_ws/install/kortex_driver/lib:/home/rpp/rpp_ws/install/ira_laser_tools/lib:/home/rpp/rpp_ws/install/interface/lib:/usr/lib/x86_64-linux-gnu/gazebo-11/plugins:/opt/ros/humble/opt/rviz_ogre_vendor/lib:/opt/ros/humble/lib/x86_64-linux-gnu:/opt/ros/humble/opt/openvdb_vendor/lib:/opt/ros/humble/lib:/usr/local/lib/ /usr/bin/cmake --install /home/rpp/rpp_ws/build/dwb_msgs
