[0.866s] Invoking command in '/home/rpp/rpp_ws/build/serial': CMAKE_PREFIX_PATH=${CMAKE_PREFIX_PATH}:/home/rpp/rpp_ws/install/setting_info:/home/rpp/rpp_ws/install/nav2_simple_commander:/home/rpp/rpp_ws/install/gui_control:/home/rpp/rpp_ws/install/graphic_display:/home/rpp/rpp_ws/install/linker_hand_ros2_sdk:/home/rpp/rpp_ws/install/bt_task_manager_ros2:/opt/ros/humble /usr/bin/cmake --build /home/rpp/rpp_ws/build/serial -- -j24 -l24
[1.250s] [35m[1mConsolidate compiler generated dependencies of target serial[0m
[1.250s] [100%] Built target serial
[1.290s] Invoked command in '/home/rpp/rpp_ws/build/serial' returned '0': CMAKE_PREFIX_PATH=${CMAKE_PREFIX_PATH}:/home/rpp/rpp_ws/install/setting_info:/home/rpp/rpp_ws/install/nav2_simple_commander:/home/rpp/rpp_ws/install/gui_control:/home/rpp/rpp_ws/install/graphic_display:/home/rpp/rpp_ws/install/linker_hand_ros2_sdk:/home/rpp/rpp_ws/install/bt_task_manager_ros2:/opt/ros/humble /usr/bin/cmake --build /home/rpp/rpp_ws/build/serial -- -j24 -l24
[1.293s] Invoking command in '/home/rpp/rpp_ws/build/serial': CMAKE_PREFIX_PATH=${CMAKE_PREFIX_PATH}:/home/rpp/rpp_ws/install/setting_info:/home/rpp/rpp_ws/install/nav2_simple_commander:/home/rpp/rpp_ws/install/gui_control:/home/rpp/rpp_ws/install/graphic_display:/home/rpp/rpp_ws/install/linker_hand_ros2_sdk:/home/rpp/rpp_ws/install/bt_task_manager_ros2:/opt/ros/humble /usr/bin/cmake --install /home/rpp/rpp_ws/build/serial
[1.500s] -- Install configuration: "Debug"
[1.500s] -- Execute custom install script
[1.500s] -- Up-to-date symlink: /home/rpp/rpp_ws/install/serial/include/serial/impl/unix.h
[1.500s] -- Up-to-date symlink: /home/rpp/rpp_ws/install/serial/include/serial/impl/win.h
[1.501s] -- Up-to-date symlink: /home/rpp/rpp_ws/install/serial/include/serial/serial.h
[1.501s] -- Up-to-date symlink: /home/rpp/rpp_ws/install/serial/include/serial/v8stdint.h
[1.501s] -- Up-to-date symlink: /home/rpp/rpp_ws/install/serial/share/serial/environment/library_path.sh
[1.501s] -- Up-to-date symlink: /home/rpp/rpp_ws/install/serial/share/serial/environment/library_path.dsv
[1.501s] -- Up-to-date symlink: /home/rpp/rpp_ws/install/serial/share/ament_index/resource_index/package_run_dependencies/serial
[1.501s] -- Up-to-date symlink: /home/rpp/rpp_ws/install/serial/share/ament_index/resource_index/parent_prefix_path/serial
[1.501s] -- Up-to-date symlink: /home/rpp/rpp_ws/install/serial/share/serial/environment/ament_prefix_path.sh
[1.501s] -- Up-to-date symlink: /home/rpp/rpp_ws/install/serial/share/serial/environment/ament_prefix_path.dsv
[1.501s] -- Up-to-date symlink: /home/rpp/rpp_ws/install/serial/share/serial/environment/path.sh
[1.501s] -- Up-to-date symlink: /home/rpp/rpp_ws/install/serial/share/serial/environment/path.dsv
[1.501s] -- Up-to-date symlink: /home/rpp/rpp_ws/install/serial/share/serial/local_setup.bash
[1.501s] -- Up-to-date symlink: /home/rpp/rpp_ws/install/serial/share/serial/local_setup.sh
[1.501s] -- Up-to-date symlink: /home/rpp/rpp_ws/install/serial/share/serial/local_setup.zsh
[1.501s] -- Up-to-date symlink: /home/rpp/rpp_ws/install/serial/share/serial/local_setup.dsv
[1.501s] -- Symlinking: /home/rpp/rpp_ws/install/serial/share/serial/package.dsv
[1.501s] -- Up-to-date symlink: /home/rpp/rpp_ws/install/serial/share/ament_index/resource_index/packages/serial
[1.501s] -- Up-to-date symlink: /home/rpp/rpp_ws/install/serial/share/serial/cmake/ament_cmake_export_targets-extras.cmake
[1.501s] -- Up-to-date symlink: /home/rpp/rpp_ws/install/serial/share/serial/cmake/ament_cmake_export_include_directories-extras.cmake
[1.501s] -- Up-to-date symlink: /home/rpp/rpp_ws/install/serial/share/serial/cmake/ament_cmake_export_libraries-extras.cmake
[1.501s] -- Up-to-date symlink: /home/rpp/rpp_ws/install/serial/share/serial/cmake/serialConfig.cmake
[1.501s] -- Up-to-date symlink: /home/rpp/rpp_ws/install/serial/share/serial/cmake/serialConfig-version.cmake
[1.502s] -- Up-to-date symlink: /home/rpp/rpp_ws/install/serial/share/serial/package.xml
[1.502s] -- Up-to-date: /home/rpp/rpp_ws/install/serial/lib/libserial.so
[1.502s] -- Up-to-date: /home/rpp/rpp_ws/install/serial/share/serial/cmake/export_serial.cmake
[1.502s] -- Up-to-date: /home/rpp/rpp_ws/install/serial/share/serial/cmake/export_serial-debug.cmake
[1.502s] -- Up-to-date: /home/rpp/rpp_ws/install/serial/share/serial/cmake/export_serialExport.cmake
[1.502s] -- Up-to-date: /home/rpp/rpp_ws/install/serial/share/serial/cmake/export_serialExport-debug.cmake
[1.651s] Invoked command in '/home/rpp/rpp_ws/build/serial' returned '0': CMAKE_PREFIX_PATH=${CMAKE_PREFIX_PATH}:/home/rpp/rpp_ws/install/setting_info:/home/rpp/rpp_ws/install/nav2_simple_commander:/home/rpp/rpp_ws/install/gui_control:/home/rpp/rpp_ws/install/graphic_display:/home/rpp/rpp_ws/install/linker_hand_ros2_sdk:/home/rpp/rpp_ws/install/bt_task_manager_ros2:/opt/ros/humble /usr/bin/cmake --install /home/rpp/rpp_ws/build/serial
