1756530189.0814376 [INFO] [launch]: All log files can be found below /home/rpp/rpp_logs/2025-08-30-13-03-09-080928-rpp-Default-string-38620
1756530189.0815172 [INFO] [launch]: Default logging verbosity is set to INFO
1756530189.5099926 [INFO] [move_group-1]: process started with pid [38621]
1756530189.5101044 [INFO] [rviz2-2]: process started with pid [38623]
1756530189.9687350 [rviz2-2] [INFO] [1756530189.968517632] [rviz2]: Stereo is NOT SUPPORTED
1756530189.9688308 [rviz2-2] [INFO] [1756530189.968574361] [rviz2]: OpenGl version: 4.6 (GLSL 4.6)
1756530190.0637054 [rviz2-2] [INFO] [1756530190.063489365] [rviz2]: Stereo is NOT SUPPORTED
1756530190.1981623 [rviz2-2] Warning: class_loader.impl: SEVERE WARNING!!! A namespace collision has occurred with plugin factory for class rviz_default_plugins::displays::InteractiveMarkerDisplay. New factory will OVERWRITE existing one. This situation occurs when libraries containing plugins are directly linked against an executable (the one running right now generating this message). Please separate plugins out into their own library or just don't link against the library and use either class_loader::ClassLoader/MultiLibraryClassLoader to open.
1756530190.1982675 [rviz2-2]          at line 253 in /opt/ros/humble/include/class_loader/class_loader/class_loader_core.hpp
1756530193.2238188 [rviz2-2] [ERROR] [1756530193.223666533] [moveit_ros_visualization.motion_planning_frame]: Action server: /recognize_objects not available
1756530193.2335272 [rviz2-2] [INFO] [1756530193.233319198] [moveit_ros_visualization.motion_planning_frame]: MoveGroup namespace changed: / -> . Reloading params.
1756530193.2831261 [rviz2-2] [INFO] [1756530193.282864724] [rviz2]: Stereo is NOT SUPPORTED
1756530193.3065443 [rviz2-2] [INFO] [1756530193.306368558] [moveit_rdf_loader.rdf_loader]: Loaded robot model in 0.0207706 seconds
1756530193.3066514 [rviz2-2] [INFO] [1756530193.306397858] [moveit_robot_model.robot_model]: Loading robot model 'ea200'...
1756530193.3066828 [rviz2-2] [INFO] [1756530193.306406779] [moveit_robot_model.robot_model]: No root/virtual joint specified in SRDF. Assuming fixed joint
1756530193.6269851 [rviz2-2] [ERROR] [1756530193.626725615] [moveit_kinematics_base.kinematics_base]: Group 'dual_arm' is not a chain
1756530193.6271613 [rviz2-2] [ERROR] [1756530193.626741906] [kinematics_plugin_loader]: Kinematics solver of type 'kdl_kinematics_plugin/KDLKinematicsPlugin' could not be initialized for group 'dual_arm'
1756530193.6272397 [rviz2-2] [ERROR] [1756530193.626751732] [moveit_ros.robot_model_loader]: Kinematics solver could not be instantiated for joint group dual_arm.
1756530194.4362061 [rviz2-2] [INFO] [1756530194.436051737] [moveit_ros.planning_scene_monitor.planning_scene_monitor]: Starting planning scene monitor
1756530194.4365652 [rviz2-2] [INFO] [1756530194.436451471] [moveit_ros.planning_scene_monitor.planning_scene_monitor]: Listening to '/monitored_planning_scene'
1756530195.4206181 [rviz2-2] [INFO] [1756530195.420437617] [interactive_marker_display_111315096194512]: Connected on namespace: /rviz_moveit_motion_planning_display/robot_interaction_interactive_marker_topic
1756530195.4503436 [rviz2-2] [INFO] [1756530195.450228799] [moveit_ros_visualization.motion_planning_frame]: group dual_arm
1756530195.4504077 [rviz2-2] [INFO] [1756530195.450240889] [moveit_ros_visualization.motion_planning_frame]: Constructing new MoveGroup connection for group 'dual_arm' in namespace ''
1756530195.4551988 [rviz2-2] [INFO] [1756530195.455065273] [move_group_interface]: Ready to take commands for planning group dual_arm.
1756530195.5851128 [rviz2-2] [INFO] [1756530195.584957067] [interactive_marker_display_111315096194512]: Sending request for interactive markers
1756530195.7188094 [rviz2-2] [INFO] [1756530195.718599375] [interactive_marker_display_111315096194512]: Service response received for initialization
1756530216.3597479 [rviz2-2] [INFO] [1756530216.359514976] [move_group_interface]: MoveGroup action client/server ready
1756530216.3603897 [rviz2-2] [INFO] [1756530216.360032427] [move_group_interface]: Planning request accepted
1756530216.3831220 [rviz2-2] [INFO] [1756530216.383073720] [move_group_interface]: Planning request complete!
1756530216.3833685 [rviz2-2] [INFO] [1756530216.383102025] [move_group_interface]: time taken to generate plan: 0.0101771 seconds
1756530228.6804781 [rviz2-2] [INFO] [1756530228.680309116] [moveit_ros_visualization.motion_planning_frame]: group left_arm
1756530228.6805885 [rviz2-2] [INFO] [1756530228.680336483] [moveit_ros_visualization.motion_planning_frame]: Constructing new MoveGroup connection for group 'left_arm' in namespace ''
1756530228.6841471 [rviz2-2] [INFO] [1756530228.684002232] [move_group_interface]: Ready to take commands for planning group left_arm.
1756530230.7946796 [rviz2-2] [INFO] [1756530230.794221133] [move_group_interface]: Execute request accepted
1756530242.0824044 [rviz2-2] [INFO] [1756530242.082021075] [move_group_interface]: Execute request success!
1756530251.4067786 [rviz2-2] [INFO] [1756530251.406597383] [move_group_interface]: MoveGroup action client/server ready
1756530251.4072125 [rviz2-2] [INFO] [1756530251.406978013] [move_group_interface]: Planning request accepted
1756530251.4326539 [rviz2-2] [INFO] [1756530251.432592968] [move_group_interface]: Planning request complete!
1756530251.4331372 [rviz2-2] [INFO] [1756530251.433083158] [move_group_interface]: time taken to generate plan: 0.00967519 seconds
1756530260.8358378 [rviz2-2] [INFO] [1756530260.835448135] [move_group_interface]: Execute request accepted
1756530275.9157887 [rviz2-2] [INFO] [1756530275.915424157] [move_group_interface]: Execute request success!
1756530297.8048761 [rviz2-2] [INFO] [1756530297.804683091] [moveit_ros_visualization.motion_planning_frame]: group right_arm
1756530297.8049958 [rviz2-2] [INFO] [1756530297.804728178] [moveit_ros_visualization.motion_planning_frame]: Constructing new MoveGroup connection for group 'right_arm' in namespace ''
1756530297.8080459 [rviz2-2] [INFO] [1756530297.807903470] [move_group_interface]: Ready to take commands for planning group right_arm.
1756530305.7758241 [rviz2-2] [INFO] [1756530305.775659619] [move_group_interface]: MoveGroup action client/server ready
1756530305.7761970 [rviz2-2] [INFO] [1756530305.776022053] [move_group_interface]: Planning request accepted
1756530305.7991545 [rviz2-2] [INFO] [1756530305.799102993] [move_group_interface]: Planning request complete!
1756530305.8003159 [rviz2-2] [INFO] [1756530305.800139551] [move_group_interface]: time taken to generate plan: 0.00857795 seconds
1756530310.7427711 [rviz2-2] [INFO] [1756530310.742201561] [move_group_interface]: Execute request accepted
1756530323.2729244 [rviz2-2] [INFO] [1756530323.272639077] [move_group_interface]: Execute request success!
1756530331.0301461 [rviz2-2] [INFO] [1756530331.029973647] [move_group_interface]: MoveGroup action client/server ready
1756530331.0304892 [rviz2-2] [INFO] [1756530331.030401255] [move_group_interface]: Planning request accepted
1756530331.0478108 [rviz2-2] [INFO] [1756530331.047657277] [move_group_interface]: Planning request complete!
1756530331.0481491 [rviz2-2] [INFO] [1756530331.048059360] [move_group_interface]: time taken to generate plan: 0.00815664 seconds
1756530332.8089108 [rviz2-2] [INFO] [1756530332.808274633] [move_group_interface]: Execute request accepted
1756530339.1823962 [rviz2-2] [INFO] [1756530339.182252919] [move_group_interface]: Execute request success!
1756530356.9100087 [rviz2-2] [INFO] [1756530356.909819300] [move_group_interface]: MoveGroup action client/server ready
1756530356.9103580 [rviz2-2] [INFO] [1756530356.910265543] [move_group_interface]: Planning request accepted
1756530356.9267786 [rviz2-2] [INFO] [1756530356.926615969] [move_group_interface]: Planning request complete!
1756530356.9270611 [rviz2-2] [INFO] [1756530356.926917676] [move_group_interface]: time taken to generate plan: 0.00955506 seconds
1756530357.2166619 [rviz2-2] [INFO] [1756530357.216474482] [move_group_interface]: MoveGroup action client/server ready
1756530357.2170749 [rviz2-2] [INFO] [1756530357.216888181] [move_group_interface]: Planning request accepted
1756530357.2360520 [rviz2-2] [INFO] [1756530357.235975845] [move_group_interface]: Planning request complete!
1756530357.2366540 [rviz2-2] [INFO] [1756530357.236605541] [move_group_interface]: time taken to generate plan: 0.00641339 seconds
1756530359.2517366 [rviz2-2] [INFO] [1756530359.251307033] [move_group_interface]: Execute request accepted
1756530359.2527487 [rviz2-2] [INFO] [1756530359.252550281] [move_group_interface]: Execute request aborted
1756530359.2529430 [rviz2-2] [ERROR] [1756530359.252807293] [move_group_interface]: MoveGroupInterface::execute() failed or timeout reached
1756530370.0763459 [rviz2-2] [INFO] [1756530370.075924491] [move_group_interface]: Plan and Execute request accepted
1756530376.4829385 [rviz2-2] [INFO] [1756530376.482762106] [move_group_interface]: Plan and Execute request complete!
1756530377.8828943 [rviz2-2] [INFO] [1756530377.882658217] [move_group_interface]: Plan and Execute request accepted
1756530381.5844460 [rviz2-2] [INFO] [1756530381.584257003] [move_group_interface]: MoveGroup action client/server ready
1756530384.2857540 [rviz2-2] [INFO] [1756530384.285505987] [move_group_interface]: Planning request accepted
1756530384.3136065 [rviz2-2] [INFO] [1756530384.313396983] [move_group_interface]: Plan and Execute request complete!
1756530384.3137140 [rviz2-2] [INFO] [1756530384.313455756] [move_group_interface]: Planning request complete!
1756530384.3141725 [rviz2-2] [INFO] [1756530384.314053383] [move_group_interface]: time taken to generate plan: 0.0165994 seconds
1756530386.3330760 [rviz2-2] [INFO] [1756530386.332668986] [move_group_interface]: Execute request accepted
1756530392.7159503 [rviz2-2] [INFO] [1756530392.715507736] [move_group_interface]: Execute request success!
1756530410.2454953 [rviz2-2] [INFO] [1756530410.245251306] [moveit_ros.planning_scene_monitor.planning_scene_monitor]: Stopping planning scene monitor
1756530411.3630235 [ERROR] [rviz2-2]: process has died [pid 38623, exit code -11, cmd '/opt/ros/humble/lib/rviz2/rviz2 -d /home/rpp/rpp_ws/install/ea200_moveit_config/share/ea200_moveit_config/config/moveit.rviz --ros-args -r __node:=rviz2_moveit --params-file /tmp/launch_params_r6n58d03 --params-file /tmp/launch_params_0hy6__ja --params-file /tmp/launch_params_sijdiy91 --params-file /tmp/launch_params_67gp_dw1 --params-file /tmp/launch_params_o_2z0m88'].
1756530450.5921676 [WARNING] [launch]: user interrupted with ctrl-c (SIGINT)
1756530452.7439888 [ERROR] [move_group-1]: process has died [pid 38621, exit code -11, cmd '/opt/ros/humble/lib/moveit_ros_move_group/move_group --ros-args --params-file /tmp/launch_params_o5ofp3ap'].
