1755508363.0646374 [INFO] [launch]: All log files can be found below /home/rpp/rpp_logs/2025-08-18-17-12-43-064090-rpp-Default-string-5080
1755508363.0647211 [INFO] [launch]: Default logging verbosity is set to INFO
1755508363.0976522 [INFO] [ros2_control_node-1]: process started with pid [5089]
1755508363.0977554 [INFO] [spawner-2]: process started with pid [5091]
1755508363.0978069 [INFO] [spawner-3]: process started with pid [5093]
1755508363.0978417 [INFO] [spawner-4]: process started with pid [5095]
1755508363.0978763 [INFO] [spawner-5]: process started with pid [5097]
1755508363.5098667 [ros2_control_node-1] [INFO] [1755508363.508780561] [controller_manager]: Subscribing to '~/robot_description' topic for robot description file.
1755508363.5111938 [ros2_control_node-1] [INFO] [1755508363.511022917] [controller_manager]: update rate is 100 Hz
1755508363.5120754 [ros2_control_node-1] [INFO] [1755508363.511336699] [controller_manager]: Spawning controller_manager RT thread with scheduler priority: 50
1755508363.5123503 [ros2_control_node-1] [WARN] [1755508363.511476074] [controller_manager]: No real-time kernel detected on this system. See [https://control.ros.org/master/doc/ros2_control/controller_manager/doc/userdoc.html] for details on how to enable realtime scheduling.
1755508363.5204408 [spawner-5] [INFO] [1755508363.518311379] [spawner_fault_controller]: waiting for service /controller_manager/list_controllers to become available...
1755508363.5227513 [ros2_control_node-1] [INFO] [1755508363.522083753] [controller_manager]: Received robot description file.
1755508363.5229743 [spawner-3] [INFO] [1755508363.522566279] [spawner_left_joint_trajectory_controller]: waiting for service /controller_manager/list_controllers to become available...
1755508363.5257428 [ros2_control_node-1] text not specified in the gripper_joint_name tag
1755508363.5259628 [ros2_control_node-1] text not specified in the gripper_joint_name tag
1755508363.5260074 [ros2_control_node-1] [INFO] [1755508363.524103838] [resource_manager]: Loading hardware 'left_KortexMultiInterfaceHardware' 
1755508363.5385549 [spawner-2] [INFO] [1755508363.535990470] [spawner_joint_state_broadcaster]: waiting for service /controller_manager/list_controllers to become available...
1755508363.5504389 [spawner-4] [INFO] [1755508363.550010408] [spawner_right_joint_trajectory_controller]: waiting for service /controller_manager/list_controllers to become available...
1755508363.5579982 [ros2_control_node-1] [INFO] [1755508363.557789215] [KortexMultiInterfaceHardware]: Setting severity threshold to DEBUG
1755508363.5582812 [ros2_control_node-1] [INFO] [1755508363.557842582] [resource_manager]: Initialize hardware 'left_KortexMultiInterfaceHardware' 
1755508363.5583472 [ros2_control_node-1] [INFO] [1755508363.557851369] [KortexMultiInterfaceHardware]: Configuring Hardware Interface
1755508363.5584791 [ros2_control_node-1] [INFO] [1755508363.558082788] [KortexMultiInterfaceHardware]: Robot ip is '192.168.11.60'
1755508363.5585284 [ros2_control_node-1] [INFO] [1755508363.558087956] [KortexMultiInterfaceHardware]: Username is 'admin'
1755508363.5585649 [ros2_control_node-1] [INFO] [1755508363.558096942] [KortexMultiInterfaceHardware]: Port used '10000'
1755508363.5586011 [ros2_control_node-1] [INFO] [1755508363.558100830] [KortexMultiInterfaceHardware]: Realtime port used '10001'
1755508363.5586343 [ros2_control_node-1] [INFO] [1755508363.558104233] [KortexMultiInterfaceHardware]: Session inactivity timeout is '60000'
1755508363.5586669 [ros2_control_node-1] [INFO] [1755508363.558107890] [KortexMultiInterfaceHardware]: Connection inactivity timeout is '2000'
1755508363.5586984 [ros2_control_node-1] [ERROR] [1755508363.558111220] [KortexMultiInterfaceHardware]: Gripper joint name is empty!
1755508363.5587296 [ros2_control_node-1] [INFO] [1755508363.558125642] [KortexMultiInterfaceHardware]: Connecting to robot at 192.168.11.60
1755508366.6351838 [ros2_control_node-1] [INFO] [1755508366.634931749] [KortexMultiInterfaceHardware]: Creating session for communication
1755508366.6354063 [ros2_control_node-1] [ERROR] [1755508366.635072797] [controller_manager]: The published robot description file (urdf) seems not to be genuine. The following error was caught:not connected !!!
1755508366.6354642 [ros2_control_node-1] [INFO] [1755508366.635180417] [controller_manager]: Received robot description file.
1755508366.6354911 [ros2_control_node-1] [WARN] [1755508366.635198222] [controller_manager]: ResourceManager has already loaded an urdf file. Ignoring attempt to reload a robot description file.
1755508373.5328777 [spawner-5] [WARN] [1755508373.532678500] [spawner_fault_controller]: Could not contact service /controller_manager/list_controllers
1755508373.5331366 [spawner-5] [INFO] [1755508373.532898241] [spawner_fault_controller]: waiting for service /controller_manager/list_controllers to become available...
1755508373.5388041 [spawner-3] [WARN] [1755508373.538638904] [spawner_left_joint_trajectory_controller]: Could not contact service /controller_manager/list_controllers
1755508373.5391076 [spawner-3] [INFO] [1755508373.539000556] [spawner_left_joint_trajectory_controller]: waiting for service /controller_manager/list_controllers to become available...
1755508373.5523641 [spawner-2] [WARN] [1755508373.552256937] [spawner_joint_state_broadcaster]: Could not contact service /controller_manager/list_controllers
1755508373.5525308 [spawner-2] [INFO] [1755508373.552454954] [spawner_joint_state_broadcaster]: waiting for service /controller_manager/list_controllers to become available...
1755508373.5651224 [spawner-4] [WARN] [1755508373.564977625] [spawner_right_joint_trajectory_controller]: Could not contact service /controller_manager/list_controllers
1755508373.5653319 [spawner-4] [INFO] [1755508373.565211950] [spawner_right_joint_trajectory_controller]: waiting for service /controller_manager/list_controllers to become available...
1755508383.5464365 [spawner-5] [WARN] [1755508383.546143621] [spawner_fault_controller]: Could not contact service /controller_manager/list_controllers
1755508383.5466616 [spawner-5] [INFO] [1755508383.546342425] [spawner_fault_controller]: waiting for service /controller_manager/list_controllers to become available...
1755508383.5515969 [spawner-3] [WARN] [1755508383.551453886] [spawner_left_joint_trajectory_controller]: Could not contact service /controller_manager/list_controllers
1755508383.5517402 [spawner-3] [INFO] [1755508383.551647018] [spawner_left_joint_trajectory_controller]: waiting for service /controller_manager/list_controllers to become available...
1755508383.5656176 [spawner-2] [WARN] [1755508383.565443591] [spawner_joint_state_broadcaster]: Could not contact service /controller_manager/list_controllers
1755508383.5659227 [spawner-2] [INFO] [1755508383.565650945] [spawner_joint_state_broadcaster]: waiting for service /controller_manager/list_controllers to become available...
1755508383.5786135 [spawner-4] [WARN] [1755508383.578427659] [spawner_right_joint_trajectory_controller]: Could not contact service /controller_manager/list_controllers
1755508383.5788567 [spawner-4] [INFO] [1755508383.578626794] [spawner_right_joint_trajectory_controller]: waiting for service /controller_manager/list_controllers to become available...
1755508393.5596242 [spawner-5] [WARN] [1755508393.559474221] [spawner_fault_controller]: Could not contact service /controller_manager/list_controllers
1755508393.5598910 [spawner-5] [INFO] [1755508393.559662074] [spawner_fault_controller]: waiting for service /controller_manager/list_controllers to become available...
1755508393.5648909 [spawner-3] [WARN] [1755508393.564762535] [spawner_left_joint_trajectory_controller]: Could not contact service /controller_manager/list_controllers
1755508393.5650780 [spawner-3] [INFO] [1755508393.564967419] [spawner_left_joint_trajectory_controller]: waiting for service /controller_manager/list_controllers to become available...
1755508393.5783243 [spawner-2] [WARN] [1755508393.578209335] [spawner_joint_state_broadcaster]: Could not contact service /controller_manager/list_controllers
1755508393.5785058 [spawner-2] [INFO] [1755508393.578405670] [spawner_joint_state_broadcaster]: waiting for service /controller_manager/list_controllers to become available...
1755508393.5922391 [spawner-4] [WARN] [1755508393.592060633] [spawner_right_joint_trajectory_controller]: Could not contact service /controller_manager/list_controllers
1755508393.5924356 [spawner-4] [INFO] [1755508393.592253727] [spawner_right_joint_trajectory_controller]: waiting for service /controller_manager/list_controllers to become available...
1755508403.5726626 [spawner-5] [WARN] [1755508403.572389719] [spawner_fault_controller]: Could not contact service /controller_manager/list_controllers
1755508403.5728915 [spawner-5] [INFO] [1755508403.572572108] [spawner_fault_controller]: waiting for service /controller_manager/list_controllers to become available...
1755508403.5774834 [spawner-3] [WARN] [1755508403.577362722] [spawner_left_joint_trajectory_controller]: Could not contact service /controller_manager/list_controllers
1755508403.5776706 [spawner-3] [INFO] [1755508403.577538905] [spawner_left_joint_trajectory_controller]: waiting for service /controller_manager/list_controllers to become available...
1755508403.5914774 [spawner-2] [WARN] [1755508403.591326590] [spawner_joint_state_broadcaster]: Could not contact service /controller_manager/list_controllers
1755508403.5916276 [spawner-2] [INFO] [1755508403.591503014] [spawner_joint_state_broadcaster]: waiting for service /controller_manager/list_controllers to become available...
1755508403.6057692 [spawner-4] [WARN] [1755508403.605681307] [spawner_right_joint_trajectory_controller]: Could not contact service /controller_manager/list_controllers
1755508403.6059308 [spawner-4] [INFO] [1755508403.605883227] [spawner_right_joint_trajectory_controller]: waiting for service /controller_manager/list_controllers to become available...
1755508413.5853910 [spawner-5] [WARN] [1755508413.585120081] [spawner_fault_controller]: Could not contact service /controller_manager/list_controllers
1755508413.5856302 [spawner-5] [INFO] [1755508413.585316225] [spawner_fault_controller]: waiting for service /controller_manager/list_controllers to become available...
1755508413.5892532 [spawner-3] [WARN] [1755508413.589092889] [spawner_left_joint_trajectory_controller]: Could not contact service /controller_manager/list_controllers
1755508413.5894074 [spawner-3] [INFO] [1755508413.589287209] [spawner_left_joint_trajectory_controller]: waiting for service /controller_manager/list_controllers to become available...
1755508413.6042969 [spawner-2] [WARN] [1755508413.604136912] [spawner_joint_state_broadcaster]: Could not contact service /controller_manager/list_controllers
1755508413.6045232 [spawner-2] [INFO] [1755508413.604347516] [spawner_joint_state_broadcaster]: waiting for service /controller_manager/list_controllers to become available...
1755508413.6185730 [spawner-4] [WARN] [1755508413.618444306] [spawner_right_joint_trajectory_controller]: Could not contact service /controller_manager/list_controllers
1755508413.6187761 [spawner-4] [INFO] [1755508413.618648241] [spawner_right_joint_trajectory_controller]: waiting for service /controller_manager/list_controllers to become available...
1755508423.5975602 [spawner-5] [WARN] [1755508423.597403428] [spawner_fault_controller]: Could not contact service /controller_manager/list_controllers
1755508423.5978093 [spawner-5] [INFO] [1755508423.597608355] [spawner_fault_controller]: waiting for service /controller_manager/list_controllers to become available...
1755508423.6015236 [spawner-3] [WARN] [1755508423.601391135] [spawner_left_joint_trajectory_controller]: Could not contact service /controller_manager/list_controllers
1755508423.6019859 [spawner-3] [INFO] [1755508423.601918376] [spawner_left_joint_trajectory_controller]: waiting for service /controller_manager/list_controllers to become available...
1755508423.6185756 [spawner-2] [WARN] [1755508423.618446099] [spawner_joint_state_broadcaster]: Could not contact service /controller_manager/list_controllers
1755508423.6187446 [spawner-2] [INFO] [1755508423.618641179] [spawner_joint_state_broadcaster]: waiting for service /controller_manager/list_controllers to become available...
1755508423.6313272 [spawner-4] [WARN] [1755508423.631184529] [spawner_right_joint_trajectory_controller]: Could not contact service /controller_manager/list_controllers
1755508423.6315956 [spawner-4] [INFO] [1755508423.631518111] [spawner_right_joint_trajectory_controller]: waiting for service /controller_manager/list_controllers to become available...
1755508433.6108227 [spawner-5] [WARN] [1755508433.610565847] [spawner_fault_controller]: Could not contact service /controller_manager/list_controllers
1755508433.6110833 [spawner-5] [INFO] [1755508433.610818431] [spawner_fault_controller]: waiting for service /controller_manager/list_controllers to become available...
1755508433.6149492 [spawner-3] [WARN] [1755508433.614814547] [spawner_left_joint_trajectory_controller]: Could not contact service /controller_manager/list_controllers
1755508433.6152208 [spawner-3] [INFO] [1755508433.615041070] [spawner_left_joint_trajectory_controller]: waiting for service /controller_manager/list_controllers to become available...
1755508433.6307487 [spawner-2] [WARN] [1755508433.630542257] [spawner_joint_state_broadcaster]: Could not contact service /controller_manager/list_controllers
1755508433.6310313 [spawner-2] [INFO] [1755508433.630769150] [spawner_joint_state_broadcaster]: waiting for service /controller_manager/list_controllers to become available...
1755508433.6439500 [spawner-4] [WARN] [1755508433.643771133] [spawner_right_joint_trajectory_controller]: Could not contact service /controller_manager/list_controllers
1755508433.6441803 [spawner-4] [INFO] [1755508433.644015736] [spawner_right_joint_trajectory_controller]: waiting for service /controller_manager/list_controllers to become available...
1755508443.6234634 [spawner-5] [WARN] [1755508443.623276106] [spawner_fault_controller]: Could not contact service /controller_manager/list_controllers
1755508443.6237957 [spawner-5] [INFO] [1755508443.623616829] [spawner_fault_controller]: waiting for service /controller_manager/list_controllers to become available...
1755508443.6280429 [spawner-3] [WARN] [1755508443.627857314] [spawner_left_joint_trajectory_controller]: Could not contact service /controller_manager/list_controllers
1755508443.6282465 [spawner-3] [INFO] [1755508443.628095092] [spawner_left_joint_trajectory_controller]: waiting for service /controller_manager/list_controllers to become available...
1755508443.6429553 [spawner-2] [WARN] [1755508443.642806502] [spawner_joint_state_broadcaster]: Could not contact service /controller_manager/list_controllers
1755508443.6432669 [spawner-2] [INFO] [1755508443.643045993] [spawner_joint_state_broadcaster]: waiting for service /controller_manager/list_controllers to become available...
1755508443.6566200 [spawner-4] [WARN] [1755508443.656495704] [spawner_right_joint_trajectory_controller]: Could not contact service /controller_manager/list_controllers
1755508443.6568222 [spawner-4] [INFO] [1755508443.656744294] [spawner_right_joint_trajectory_controller]: waiting for service /controller_manager/list_controllers to become available...
1755508453.6366680 [spawner-5] [WARN] [1755508453.636419162] [spawner_fault_controller]: Could not contact service /controller_manager/list_controllers
1755508453.6369879 [spawner-5] [INFO] [1755508453.636646849] [spawner_fault_controller]: waiting for service /controller_manager/list_controllers to become available...
1755508453.6401846 [spawner-3] [WARN] [1755508453.640104468] [spawner_left_joint_trajectory_controller]: Could not contact service /controller_manager/list_controllers
1755508453.6403735 [spawner-3] [INFO] [1755508453.640318155] [spawner_left_joint_trajectory_controller]: waiting for service /controller_manager/list_controllers to become available...
1755508453.6553009 [spawner-2] [WARN] [1755508453.655136557] [spawner_joint_state_broadcaster]: Could not contact service /controller_manager/list_controllers
1755508453.6555102 [spawner-2] [INFO] [1755508453.655354747] [spawner_joint_state_broadcaster]: waiting for service /controller_manager/list_controllers to become available...
1755508453.6685631 [spawner-4] [WARN] [1755508453.668410087] [spawner_right_joint_trajectory_controller]: Could not contact service /controller_manager/list_controllers
1755508453.6687465 [spawner-4] [INFO] [1755508453.668630731] [spawner_right_joint_trajectory_controller]: waiting for service /controller_manager/list_controllers to become available...
1755508463.6501567 [spawner-5] [WARN] [1755508463.649975402] [spawner_fault_controller]: Could not contact service /controller_manager/list_controllers
1755508463.6505218 [spawner-5] [INFO] [1755508463.650360333] [spawner_fault_controller]: waiting for service /controller_manager/list_controllers to become available...
1755508463.6525557 [spawner-3] [WARN] [1755508463.652418409] [spawner_left_joint_trajectory_controller]: Could not contact service /controller_manager/list_controllers
1755508463.6528025 [spawner-3] [INFO] [1755508463.652650891] [spawner_left_joint_trajectory_controller]: waiting for service /controller_manager/list_controllers to become available...
1755508463.6684012 [spawner-2] [WARN] [1755508463.668141658] [spawner_joint_state_broadcaster]: Could not contact service /controller_manager/list_controllers
1755508463.6687675 [spawner-2] [INFO] [1755508463.668581937] [spawner_joint_state_broadcaster]: waiting for service /controller_manager/list_controllers to become available...
1755508463.6810904 [spawner-4] [WARN] [1755508463.680913689] [spawner_right_joint_trajectory_controller]: Could not contact service /controller_manager/list_controllers
1755508463.6813500 [spawner-4] [INFO] [1755508463.681142331] [spawner_right_joint_trajectory_controller]: waiting for service /controller_manager/list_controllers to become available...
1755508473.6629834 [spawner-5] [WARN] [1755508473.662776430] [spawner_fault_controller]: Could not contact service /controller_manager/list_controllers
1755508473.6632400 [spawner-5] [INFO] [1755508473.663002320] [spawner_fault_controller]: waiting for service /controller_manager/list_controllers to become available...
1755508473.6655474 [spawner-3] [WARN] [1755508473.665411615] [spawner_left_joint_trajectory_controller]: Could not contact service /controller_manager/list_controllers
1755508473.6658328 [spawner-3] [INFO] [1755508473.665596821] [spawner_left_joint_trajectory_controller]: waiting for service /controller_manager/list_controllers to become available...
1755508473.6816745 [spawner-2] [WARN] [1755508473.681412152] [spawner_joint_state_broadcaster]: Could not contact service /controller_manager/list_controllers
1755508473.6820011 [spawner-2] [INFO] [1755508473.681894574] [spawner_joint_state_broadcaster]: waiting for service /controller_manager/list_controllers to become available...
1755508473.6937971 [spawner-4] [WARN] [1755508473.693683130] [spawner_right_joint_trajectory_controller]: Could not contact service /controller_manager/list_controllers
1755508473.6939745 [spawner-4] [INFO] [1755508473.693898406] [spawner_right_joint_trajectory_controller]: waiting for service /controller_manager/list_controllers to become available...
1755508481.8597748 [WARNING] [launch]: user interrupted with ctrl-c (SIGINT)
1755508481.8628569 [ros2_control_node-1] [INFO] [1755508481.859674556] [rclcpp]: signal_handler(signum=2)
1755508481.9949849 [INFO] [spawner-3]: process has finished cleanly [pid 5093]
1755508481.9954255 [INFO] [spawner-5]: process has finished cleanly [pid 5097]
1755508481.9957988 [INFO] [spawner-4]: process has finished cleanly [pid 5095]
1755508481.9958661 [INFO] [spawner-2]: process has finished cleanly [pid 5091]
1755508482.3480806 [ros2_control_node-1] There was a problem connecting to the server. Aborting
1755508482.3493104 [INFO] [ros2_control_node-1]: process has finished cleanly [pid 5089]
