-- Install configuration: ""
-- Execute custom install script
-- Up-to-date symlink: /home/rpp/rpp_ws/install/navigation_2d/share/navigation_2d/launch/amcl_navigation.launch.py
-- Up-to-date symlink: /home/rpp/rpp_ws/install/navigation_2d/share/navigation_2d/launch/fast_lio_navigation.launch.py
-- Up-to-date symlink: /home/rpp/rpp_ws/install/navigation_2d/share/navigation_2d/launch/localization_amcl.launch.py
-- Up-to-date symlink: /home/rpp/rpp_ws/install/navigation_2d/share/navigation_2d/launch/localization_lio.launch.py
-- Up-to-date symlink: /home/rpp/rpp_ws/install/navigation_2d/share/navigation_2d/launch/navigation.launch.py
-- Up-to-date symlink: /home/rpp/rpp_ws/install/navigation_2d/share/ament_index/resource_index/package_run_dependencies/navigation_2d
-- Up-to-date symlink: /home/rpp/rpp_ws/install/navigation_2d/share/ament_index/resource_index/parent_prefix_path/navigation_2d
-- Up-to-date symlink: /home/rpp/rpp_ws/install/navigation_2d/share/navigation_2d/environment/ament_prefix_path.sh
-- Up-to-date symlink: /home/rpp/rpp_ws/install/navigation_2d/share/navigation_2d/environment/ament_prefix_path.dsv
-- Up-to-date symlink: /home/rpp/rpp_ws/install/navigation_2d/share/navigation_2d/environment/path.sh
-- Up-to-date symlink: /home/rpp/rpp_ws/install/navigation_2d/share/navigation_2d/environment/path.dsv
-- Up-to-date symlink: /home/rpp/rpp_ws/install/navigation_2d/share/navigation_2d/local_setup.bash
-- Up-to-date symlink: /home/rpp/rpp_ws/install/navigation_2d/share/navigation_2d/local_setup.sh
-- Up-to-date symlink: /home/rpp/rpp_ws/install/navigation_2d/share/navigation_2d/local_setup.zsh
-- Up-to-date symlink: /home/rpp/rpp_ws/install/navigation_2d/share/navigation_2d/local_setup.dsv
-- Symlinking: /home/rpp/rpp_ws/install/navigation_2d/share/navigation_2d/package.dsv
-- Up-to-date symlink: /home/rpp/rpp_ws/install/navigation_2d/share/ament_index/resource_index/packages/navigation_2d
-- Up-to-date symlink: /home/rpp/rpp_ws/install/navigation_2d/share/navigation_2d/cmake/navigation_2dConfig.cmake
-- Up-to-date symlink: /home/rpp/rpp_ws/install/navigation_2d/share/navigation_2d/cmake/navigation_2dConfig-version.cmake
-- Up-to-date symlink: /home/rpp/rpp_ws/install/navigation_2d/share/navigation_2d/package.xml
