1756708771.2915809 [INFO] [launch]: All log files can be found below /home/rpp/rpp_logs/2025-09-01-14-39-31-291039-rpp-Default-string-28770
1756708771.2916677 [INFO] [launch]: Default logging verbosity is set to INFO
1756708772.1957119 [INFO] [robot_state_publisher-1]: process started with pid [28772]
1756708772.1958263 [INFO] [gzserver-2]: process started with pid [28774]
1756708772.1958759 [INFO] [gzclient-3]: process started with pid [28776]
1756708772.1959145 [INFO] [spawn_entity.py-4]: process started with pid [28778]
1756708802.7774715 [ERROR] [spawn_entity.py-4]: process has died [pid 28778, exit code 1, cmd '/opt/ros/humble/lib/gazebo_ros/spawn_entity.py -topic robot_description -entity ea200 -z 0.08 --ros-args -r __node:=spawn_robot'].
1756708802.7819865 [INFO] [spawner-5]: process started with pid [29013]
1756708802.7820764 [INFO] [spawner-6]: process started with pid [29015]
1756708802.7821202 [INFO] [spawner-7]: process started with pid [29017]
1756708802.7821598 [INFO] [spawner-8]: process started with pid [29019]
1756708803.0889843 [spawner-8] [INFO] [1756708803.088798305] [spawner_joint_position_controller]: waiting for service /controller_manager/list_controllers to become available...
1756708803.0913517 [spawner-7] [INFO] [1756708803.091233787] [spawner_body_controller]: waiting for service /controller_manager/list_controllers to become available...
1756708803.0973597 [spawner-5] [INFO] [1756708803.097195834] [spawner_joint_state_broadcaster]: waiting for service /controller_manager/list_controllers to become available...
1756708803.1077266 [spawner-6] [INFO] [1756708803.107463312] [spawner_diff_drive_base_controller]: waiting for service /controller_manager/list_controllers to become available...
1756708813.1032386 [spawner-8] [WARN] [1756708813.102988831] [spawner_joint_position_controller]: Could not contact service /controller_manager/list_controllers
1756708813.1034749 [spawner-8] [INFO] [1756708813.103219207] [spawner_joint_position_controller]: waiting for service /controller_manager/list_controllers to become available...
1756708813.1051602 [spawner-7] [WARN] [1756708813.104980544] [spawner_body_controller]: Could not contact service /controller_manager/list_controllers
1756708813.1052959 [spawner-7] [INFO] [1756708813.105161946] [spawner_body_controller]: waiting for service /controller_manager/list_controllers to become available...
1756708813.1095510 [spawner-5] [WARN] [1756708813.109368634] [spawner_joint_state_broadcaster]: Could not contact service /controller_manager/list_controllers
1756708813.1096981 [spawner-5] [INFO] [1756708813.109537680] [spawner_joint_state_broadcaster]: waiting for service /controller_manager/list_controllers to become available...
1756708813.1233995 [spawner-6] [WARN] [1756708813.123218745] [spawner_diff_drive_base_controller]: Could not contact service /controller_manager/list_controllers
1756708813.1237192 [spawner-6] [INFO] [1756708813.123579701] [spawner_diff_drive_base_controller]: waiting for service /controller_manager/list_controllers to become available...
1756708823.1175010 [spawner-8] [WARN] [1756708823.117301939] [spawner_joint_position_controller]: Could not contact service /controller_manager/list_controllers
1756708823.1179011 [spawner-8] [INFO] [1756708823.117516912] [spawner_joint_position_controller]: waiting for service /controller_manager/list_controllers to become available...
1756708823.1181536 [spawner-7] [WARN] [1756708823.117952861] [spawner_body_controller]: Could not contact service /controller_manager/list_controllers
1756708823.1183622 [spawner-7] [INFO] [1756708823.118169108] [spawner_body_controller]: waiting for service /controller_manager/list_controllers to become available...
1756708823.1226451 [spawner-5] [WARN] [1756708823.122541854] [spawner_joint_state_broadcaster]: Could not contact service /controller_manager/list_controllers
1756708823.1228275 [spawner-5] [INFO] [1756708823.122745942] [spawner_joint_state_broadcaster]: waiting for service /controller_manager/list_controllers to become available...
1756708823.1378827 [spawner-6] [WARN] [1756708823.137729566] [spawner_diff_drive_base_controller]: Could not contact service /controller_manager/list_controllers
1756708823.1381166 [spawner-6] [INFO] [1756708823.137950828] [spawner_diff_drive_base_controller]: waiting for service /controller_manager/list_controllers to become available...
1756708833.1308045 [spawner-8] [WARN] [1756708833.130616044] [spawner_joint_position_controller]: Could not contact service /controller_manager/list_controllers
1756708833.1311638 [spawner-8] [INFO] [1756708833.130811987] [spawner_joint_position_controller]: waiting for service /controller_manager/list_controllers to become available...
1756708833.1313989 [spawner-7] [WARN] [1756708833.131190251] [spawner_body_controller]: Could not contact service /controller_manager/list_controllers
1756708833.1316190 [spawner-7] [INFO] [1756708833.131539515] [spawner_body_controller]: waiting for service /controller_manager/list_controllers to become available...
1756708833.1350682 [spawner-5] [WARN] [1756708833.134972953] [spawner_joint_state_broadcaster]: Could not contact service /controller_manager/list_controllers
1756708833.1351810 [spawner-5] [INFO] [1756708833.135142163] [spawner_joint_state_broadcaster]: waiting for service /controller_manager/list_controllers to become available...
1756708833.1520472 [spawner-6] [WARN] [1756708833.151923745] [spawner_diff_drive_base_controller]: Could not contact service /controller_manager/list_controllers
1756708833.1521969 [spawner-6] [INFO] [1756708833.152106866] [spawner_diff_drive_base_controller]: waiting for service /controller_manager/list_controllers to become available...
1756708843.1434014 [spawner-8] [WARN] [1756708843.143189504] [spawner_joint_position_controller]: Could not contact service /controller_manager/list_controllers
1756708843.1436791 [spawner-8] [INFO] [1756708843.143376157] [spawner_joint_position_controller]: waiting for service /controller_manager/list_controllers to become available...
1756708843.1439276 [spawner-7] [WARN] [1756708843.143862650] [spawner_body_controller]: Could not contact service /controller_manager/list_controllers
1756708843.1440856 [spawner-7] [INFO] [1756708843.144045487] [spawner_body_controller]: waiting for service /controller_manager/list_controllers to become available...
1756708843.1486039 [spawner-5] [WARN] [1756708843.148488353] [spawner_joint_state_broadcaster]: Could not contact service /controller_manager/list_controllers
1756708843.1487463 [spawner-5] [INFO] [1756708843.148661293] [spawner_joint_state_broadcaster]: waiting for service /controller_manager/list_controllers to become available...
1756708843.1648827 [spawner-6] [WARN] [1756708843.164817178] [spawner_diff_drive_base_controller]: Could not contact service /controller_manager/list_controllers
1756708843.1650622 [spawner-6] [INFO] [1756708843.165025846] [spawner_diff_drive_base_controller]: waiting for service /controller_manager/list_controllers to become available...
1756708853.1563599 [spawner-8] [WARN] [1756708853.156156814] [spawner_joint_position_controller]: Could not contact service /controller_manager/list_controllers
1756708853.1567140 [spawner-8] [INFO] [1756708853.156369673] [spawner_joint_position_controller]: waiting for service /controller_manager/list_controllers to become available...
1756708853.1568878 [spawner-7] [WARN] [1756708853.156659543] [spawner_body_controller]: Could not contact service /controller_manager/list_controllers
1756708853.1570096 [spawner-7] [INFO] [1756708853.156873016] [spawner_body_controller]: waiting for service /controller_manager/list_controllers to become available...
1756708853.1621335 [spawner-5] [WARN] [1756708853.161896670] [spawner_joint_state_broadcaster]: Could not contact service /controller_manager/list_controllers
1756708853.1624303 [spawner-5] [INFO] [1756708853.162140778] [spawner_joint_state_broadcaster]: waiting for service /controller_manager/list_controllers to become available...
1756708853.1780589 [spawner-6] [WARN] [1756708853.177873283] [spawner_diff_drive_base_controller]: Could not contact service /controller_manager/list_controllers
1756708853.1783235 [spawner-6] [INFO] [1756708853.178078182] [spawner_diff_drive_base_controller]: waiting for service /controller_manager/list_controllers to become available...
1756708856.0037990 [WARNING] [launch]: user interrupted with ctrl-c (SIGINT)
1756708856.0085082 [gzserver-2] [INFO] [1756708856.003528813] [rclcpp]: signal_handler(signum=2)
1756708856.0405467 [ERROR] [gzclient-3]: process has died [pid 28776, exit code -2, cmd 'gzclient --gui-client-plugin=libgazebo_ros_eol_gui.so'].
1756708856.1124127 [INFO] [robot_state_publisher-1]: process has finished cleanly [pid 28772]
1756708856.1387184 [INFO] [spawner-8]: process has finished cleanly [pid 29019]
1756708856.1389749 [INFO] [spawner-7]: process has finished cleanly [pid 29017]
1756708856.1406574 [INFO] [spawner-6]: process has finished cleanly [pid 29015]
1756708856.1412470 [INFO] [spawner-5]: process has finished cleanly [pid 29013]
1756708861.0128896 [ERROR] [gzserver-2]: process[gzserver-2] failed to terminate '5' seconds after receiving 'SIGINT', escalating to 'SIGTERM'
1756708861.0133724 [INFO] [gzserver-2]: sending signal 'SIGTERM' to process[gzserver-2]
1756708861.0136836 [gzserver-2] [INFO] [1756708861.013447764] [rclcpp]: signal_handler(signum=15)
1756708866.0138247 [ERROR] [gzserver-2]: process[gzserver-2] failed to terminate '10.0' seconds after receiving 'SIGTERM', escalating to 'SIGKILL'
1756708866.0142937 [INFO] [gzserver-2]: sending signal 'SIGKILL' to process[gzserver-2]
1756708866.0490201 [ERROR] [gzserver-2]: process has died [pid 28774, exit code -9, cmd 'gzserver /opt/ros/humble/share/gazebo_ros/worlds/empty.world -slibgazebo_ros_init.so -slibgazebo_ros_factory.so -slibgazebo_ros_force_system.so'].
