running develop
running egg_info
creating bt_task_manager_ros2.egg-info
writing bt_task_manager_ros2.egg-info/PKG-INFO
writing dependency_links to bt_task_manager_ros2.egg-info/dependency_links.txt
writing entry points to bt_task_manager_ros2.egg-info/entry_points.txt
writing requirements to bt_task_manager_ros2.egg-info/requires.txt
writing top-level names to bt_task_manager_ros2.egg-info/top_level.txt
writing manifest file 'bt_task_manager_ros2.egg-info/SOURCES.txt'
reading manifest file 'bt_task_manager_ros2.egg-info/SOURCES.txt'
writing manifest file 'bt_task_manager_ros2.egg-info/SOURCES.txt'
running build_ext
Creating /home/rpp/rpp_ws/install/bt_task_manager_ros2/lib/python3.10/site-packages/bt-task-manager-ros2.egg-link (link to .)
Installing arm script to /home/rpp/rpp_ws/install/bt_task_manager_ros2/lib/bt_task_manager_ros2
Installing aruco_detector_node script to /home/rpp/rpp_ws/install/bt_task_manager_ros2/lib/bt_task_manager_ros2
Installing chassis script to /home/rpp/rpp_ws/install/bt_task_manager_ros2/lib/bt_task_manager_ros2
Installing controller_node script to /home/rpp/rpp_ws/install/bt_task_manager_ros2/lib/bt_task_manager_ros2
Installing grasp_node script to /home/rpp/rpp_ws/install/bt_task_manager_ros2/lib/bt_task_manager_ros2
Installing gripper script to /home/rpp/rpp_ws/install/bt_task_manager_ros2/lib/bt_task_manager_ros2
Installing navigation script to /home/rpp/rpp_ws/install/bt_task_manager_ros2/lib/bt_task_manager_ros2
Installing test script to /home/rpp/rpp_ws/install/bt_task_manager_ros2/lib/bt_task_manager_ros2

Installed /home/rpp/rpp_ws/build/bt_task_manager_ros2
running symlink_data
symbolically linking /home/rpp/rpp_ws/build/bt_task_manager_ros2/package.xml -> /home/rpp/rpp_ws/install/bt_task_manager_ros2/share/bt_task_manager_ros2
creating /home/rpp/rpp_ws/install/bt_task_manager_ros2/share/ament_index
creating /home/rpp/rpp_ws/install/bt_task_manager_ros2/share/ament_index/resource_index
creating /home/rpp/rpp_ws/install/bt_task_manager_ros2/share/ament_index/resource_index/packages
symbolically linking /home/rpp/rpp_ws/build/bt_task_manager_ros2/resource/bt_task_manager_ros2 -> /home/rpp/rpp_ws/install/bt_task_manager_ros2/share/ament_index/resource_index/packages
creating /home/rpp/rpp_ws/install/bt_task_manager_ros2/share/bt_task_manager_ros2/launch
symbolically linking /home/rpp/rpp_ws/build/bt_task_manager_ros2/launch/aruco_detector_node.launch.py -> /home/rpp/rpp_ws/install/bt_task_manager_ros2/share/bt_task_manager_ros2/launch
symbolically linking /home/rpp/rpp_ws/build/bt_task_manager_ros2/launch/aruco_single.launch.py -> /home/rpp/rpp_ws/install/bt_task_manager_ros2/share/bt_task_manager_ros2/launch
symbolically linking /home/rpp/rpp_ws/build/bt_task_manager_ros2/launch/camera_calibration.launch.py -> /home/rpp/rpp_ws/install/bt_task_manager_ros2/share/bt_task_manager_ros2/launch
symbolically linking /home/rpp/rpp_ws/build/bt_task_manager_ros2/launch/controller_node.launch.py -> /home/rpp/rpp_ws/install/bt_task_manager_ros2/share/bt_task_manager_ros2/launch
symbolically linking /home/rpp/rpp_ws/build/bt_task_manager_ros2/launch/grasp_bringup.launch.py -> /home/rpp/rpp_ws/install/bt_task_manager_ros2/share/bt_task_manager_ros2/launch
symbolically linking /home/rpp/rpp_ws/build/bt_task_manager_ros2/launch/grasp_node.launch.py -> /home/rpp/rpp_ws/install/bt_task_manager_ros2/share/bt_task_manager_ros2/launch
symbolically linking /home/rpp/rpp_ws/build/bt_task_manager_ros2/launch/hand_eye_calibration.launch.py -> /home/rpp/rpp_ws/install/bt_task_manager_ros2/share/bt_task_manager_ros2/launch
symbolically linking /home/rpp/rpp_ws/build/bt_task_manager_ros2/launch/test.launch.py -> /home/rpp/rpp_ws/install/bt_task_manager_ros2/share/bt_task_manager_ros2/launch
creating /home/rpp/rpp_ws/install/bt_task_manager_ros2/share/bt_task_manager_ros2/config
symbolically linking /home/rpp/rpp_ws/build/bt_task_manager_ros2/config/aruco_detector_node.yaml -> /home/rpp/rpp_ws/install/bt_task_manager_ros2/share/bt_task_manager_ros2/config
symbolically linking /home/rpp/rpp_ws/build/bt_task_manager_ros2/config/camera_calibration.yaml -> /home/rpp/rpp_ws/install/bt_task_manager_ros2/share/bt_task_manager_ros2/config
symbolically linking /home/rpp/rpp_ws/build/bt_task_manager_ros2/config/camera.yaml -> /home/rpp/rpp_ws/install/bt_task_manager_ros2/share/bt_task_manager_ros2/config
symbolically linking /home/rpp/rpp_ws/build/bt_task_manager_ros2/config/controller_node.yaml -> /home/rpp/rpp_ws/install/bt_task_manager_ros2/share/bt_task_manager_ros2/config
symbolically linking /home/rpp/rpp_ws/build/bt_task_manager_ros2/config/grasp_node.yaml -> /home/rpp/rpp_ws/install/bt_task_manager_ros2/share/bt_task_manager_ros2/config
symbolically linking /home/rpp/rpp_ws/build/bt_task_manager_ros2/config/moveit_arm_configs.yaml -> /home/rpp/rpp_ws/install/bt_task_manager_ros2/share/bt_task_manager_ros2/config
symbolically linking /home/rpp/rpp_ws/build/bt_task_manager_ros2/config/moveit_gripper_configs.yaml -> /home/rpp/rpp_ws/install/bt_task_manager_ros2/share/bt_task_manager_ros2/config
symbolically linking /home/rpp/rpp_ws/build/bt_task_manager_ros2/config/task_grasp.yaml -> /home/rpp/rpp_ws/install/bt_task_manager_ros2/share/bt_task_manager_ros2/config
symbolically linking /home/rpp/rpp_ws/build/bt_task_manager_ros2/config/test.yaml -> /home/rpp/rpp_ws/install/bt_task_manager_ros2/share/bt_task_manager_ros2/config
