[1.151s] Invoking command in '/home/rpp/rpp_ws/build/slam_3d': CMAKE_PREFIX_PATH=${CMAKE_PREFIX_PATH}:/home/rpp/rpp_ws/install/setting_info:/home/rpp/rpp_ws/install/nav2_simple_commander:/home/rpp/rpp_ws/install/gui_control:/home/rpp/rpp_ws/install/graphic_display:/home/rpp/rpp_ws/install/linker_hand_ros2_sdk:/home/rpp/rpp_ws/install/bt_task_manager_ros2:/opt/ros/humble /usr/bin/cmake /home/rpp/rpp_ws/src/application/slam_3d -DAMENT_CMAKE_SYMLINK_INSTALL=1 -DCMAKE_INSTALL_PREFIX=/home/rpp/rpp_ws/install/slam_3d
[2.038s] -- The C compiler identification is GNU 11.4.0
[2.038s] -- The CXX compiler identification is GNU 11.4.0
[2.039s] -- Detecting C compiler ABI info
[2.039s] -- Detecting C compiler ABI info - done
[2.039s] -- Check for working C compiler: /usr/bin/cc - skipped
[2.039s] -- Detecting C compile features
[2.039s] -- Detecting C compile features - done
[2.039s] -- Detecting CXX compiler ABI info
[2.039s] -- Detecting CXX compiler ABI info - done
[2.040s] -- Check for working CXX compiler: /usr/bin/c++ - skipped
[2.041s] -- Detecting CXX compile features
[2.041s] -- Detecting CXX compile features - done
[2.042s] -- Found ament_cmake: 1.3.11 (/opt/ros/humble/share/ament_cmake/cmake)
[2.118s] -- Found Python3: /usr/bin/python3 (found version "3.10.12") found components: Interpreter 
[2.260s] -- Override CMake install command with custom implementation using symlinks instead of copying resources
[2.343s] -- Found ament_lint_auto: 0.12.11 (/opt/ros/humble/share/ament_lint_auto/cmake)
[2.606s] -- Added test 'flake8' to check Python code syntax and style conventions
[2.613s] -- Added test 'lint_cmake' to check CMake code style
[2.621s] -- Added test 'pep257' to check Python code against some of the docstring style conventions in PEP 257
[2.630s] -- Added test 'xmllint' to check XML markup files
[2.636s] -- Configuring done
[2.642s] -- Generating done
[2.647s] -- Build files have been written to: /home/rpp/rpp_ws/build/slam_3d
[2.669s] Invoked command in '/home/rpp/rpp_ws/build/slam_3d' returned '0': CMAKE_PREFIX_PATH=${CMAKE_PREFIX_PATH}:/home/rpp/rpp_ws/install/setting_info:/home/rpp/rpp_ws/install/nav2_simple_commander:/home/rpp/rpp_ws/install/gui_control:/home/rpp/rpp_ws/install/graphic_display:/home/rpp/rpp_ws/install/linker_hand_ros2_sdk:/home/rpp/rpp_ws/install/bt_task_manager_ros2:/opt/ros/humble /usr/bin/cmake /home/rpp/rpp_ws/src/application/slam_3d -DAMENT_CMAKE_SYMLINK_INSTALL=1 -DCMAKE_INSTALL_PREFIX=/home/rpp/rpp_ws/install/slam_3d
[2.670s] Invoking command in '/home/rpp/rpp_ws/build/slam_3d': CMAKE_PREFIX_PATH=${CMAKE_PREFIX_PATH}:/home/rpp/rpp_ws/install/setting_info:/home/rpp/rpp_ws/install/nav2_simple_commander:/home/rpp/rpp_ws/install/gui_control:/home/rpp/rpp_ws/install/graphic_display:/home/rpp/rpp_ws/install/linker_hand_ros2_sdk:/home/rpp/rpp_ws/install/bt_task_manager_ros2:/opt/ros/humble /usr/bin/cmake --build /home/rpp/rpp_ws/build/slam_3d -- -j24 -l24
[3.586s] Invoked command in '/home/rpp/rpp_ws/build/slam_3d' returned '0': CMAKE_PREFIX_PATH=${CMAKE_PREFIX_PATH}:/home/rpp/rpp_ws/install/setting_info:/home/rpp/rpp_ws/install/nav2_simple_commander:/home/rpp/rpp_ws/install/gui_control:/home/rpp/rpp_ws/install/graphic_display:/home/rpp/rpp_ws/install/linker_hand_ros2_sdk:/home/rpp/rpp_ws/install/bt_task_manager_ros2:/opt/ros/humble /usr/bin/cmake --build /home/rpp/rpp_ws/build/slam_3d -- -j24 -l24
[3.589s] Invoking command in '/home/rpp/rpp_ws/build/slam_3d': CMAKE_PREFIX_PATH=${CMAKE_PREFIX_PATH}:/home/rpp/rpp_ws/install/setting_info:/home/rpp/rpp_ws/install/nav2_simple_commander:/home/rpp/rpp_ws/install/gui_control:/home/rpp/rpp_ws/install/graphic_display:/home/rpp/rpp_ws/install/linker_hand_ros2_sdk:/home/rpp/rpp_ws/install/bt_task_manager_ros2:/opt/ros/humble /usr/bin/cmake --install /home/rpp/rpp_ws/build/slam_3d
[4.617s] -- Install configuration: ""
[4.617s] -- Execute custom install script
[4.617s] -- Symlinking: /home/rpp/rpp_ws/install/slam_3d/share/slam_3d/launch/pgo.launch.py
[4.618s] -- Symlinking: /home/rpp/rpp_ws/install/slam_3d/share/slam_3d/config/lio.yaml
[4.618s] -- Symlinking: /home/rpp/rpp_ws/install/slam_3d/share/slam_3d/config/pgo.yaml
[4.618s] -- Symlinking: /home/rpp/rpp_ws/install/slam_3d/share/slam_3d/rviz/pgo.rviz
[4.619s] -- Symlinking: /home/rpp/rpp_ws/install/slam_3d/share/ament_index/resource_index/package_run_dependencies/slam_3d
[4.619s] -- Symlinking: /home/rpp/rpp_ws/install/slam_3d/share/ament_index/resource_index/parent_prefix_path/slam_3d
[4.619s] -- Symlinking: /home/rpp/rpp_ws/install/slam_3d/share/slam_3d/environment/ament_prefix_path.sh
[4.619s] -- Symlinking: /home/rpp/rpp_ws/install/slam_3d/share/slam_3d/environment/ament_prefix_path.dsv
[4.620s] -- Symlinking: /home/rpp/rpp_ws/install/slam_3d/share/slam_3d/environment/path.sh
[4.620s] -- Symlinking: /home/rpp/rpp_ws/install/slam_3d/share/slam_3d/environment/path.dsv
[4.620s] -- Symlinking: /home/rpp/rpp_ws/install/slam_3d/share/slam_3d/local_setup.bash
[4.620s] -- Symlinking: /home/rpp/rpp_ws/install/slam_3d/share/slam_3d/local_setup.sh
[4.620s] -- Symlinking: /home/rpp/rpp_ws/install/slam_3d/share/slam_3d/local_setup.zsh
[4.620s] -- Symlinking: /home/rpp/rpp_ws/install/slam_3d/share/slam_3d/local_setup.dsv
[4.620s] -- Symlinking: /home/rpp/rpp_ws/install/slam_3d/share/slam_3d/package.dsv
[4.620s] -- Symlinking: /home/rpp/rpp_ws/install/slam_3d/share/ament_index/resource_index/packages/slam_3d
[4.620s] -- Symlinking: /home/rpp/rpp_ws/install/slam_3d/share/slam_3d/cmake/slam_3dConfig.cmake
[4.620s] -- Symlinking: /home/rpp/rpp_ws/install/slam_3d/share/slam_3d/cmake/slam_3dConfig-version.cmake
[4.621s] -- Symlinking: /home/rpp/rpp_ws/install/slam_3d/share/slam_3d/package.xml
[4.731s] Invoked command in '/home/rpp/rpp_ws/build/slam_3d' returned '0': CMAKE_PREFIX_PATH=${CMAKE_PREFIX_PATH}:/home/rpp/rpp_ws/install/setting_info:/home/rpp/rpp_ws/install/nav2_simple_commander:/home/rpp/rpp_ws/install/gui_control:/home/rpp/rpp_ws/install/graphic_display:/home/rpp/rpp_ws/install/linker_hand_ros2_sdk:/home/rpp/rpp_ws/install/bt_task_manager_ros2:/opt/ros/humble /usr/bin/cmake --install /home/rpp/rpp_ws/build/slam_3d
