Determining if the function sgemm_ exists failed with the following output:
Change Dir: /home/rpp/rpp_ws/build/slam_toolbox/CMakeFiles/CMakeTmp

Run Build Command(s):/usr/bin/gmake -f Makefile cmTC_39f9f/fast && /usr/bin/gmake  -f CMakeFiles/cmTC_39f9f.dir/build.make CMakeFiles/cmTC_39f9f.dir/build
gmake[1]: 进入目录“/home/rpp/rpp_ws/build/slam_toolbox/CMakeFiles/CMakeTmp”
Building C object CMakeFiles/cmTC_39f9f.dir/CheckFunctionExists.c.o
/usr/bin/cc   -DCHECK_FUNCTION_EXISTS=sgemm_ -o CMakeFiles/cmTC_39f9f.dir/CheckFunctionExists.c.o -c /usr/share/cmake-3.22/Modules/CheckFunctionExists.c
Linking C executable cmTC_39f9f
/usr/bin/cmake -E cmake_link_script CMakeFiles/cmTC_39f9f.dir/link.txt --verbose=1
/usr/bin/cc  -DCHECK_FUNCTION_EXISTS=sgemm_ CMakeFiles/cmTC_39f9f.dir/CheckFunctionExists.c.o -o cmTC_39f9f 
/usr/bin/ld: CMakeFiles/cmTC_39f9f.dir/CheckFunctionExists.c.o: in function `main':
CheckFunctionExists.c:(.text+0x14): undefined reference to `sgemm_'
collect2: error: ld returned 1 exit status
gmake[1]: *** [CMakeFiles/cmTC_39f9f.dir/build.make:99：cmTC_39f9f] 错误 1
gmake[1]: 离开目录“/home/rpp/rpp_ws/build/slam_toolbox/CMakeFiles/CMakeTmp”
gmake: *** [Makefile:127：cmTC_39f9f/fast] 错误 2



Determining if the function cheev_ exists failed with the following output:
Change Dir: /home/rpp/rpp_ws/build/slam_toolbox/CMakeFiles/CMakeTmp

Run Build Command(s):/usr/bin/gmake -f Makefile cmTC_1a34b/fast && /usr/bin/gmake  -f CMakeFiles/cmTC_1a34b.dir/build.make CMakeFiles/cmTC_1a34b.dir/build
gmake[1]: 进入目录“/home/rpp/rpp_ws/build/slam_toolbox/CMakeFiles/CMakeTmp”
Building C object CMakeFiles/cmTC_1a34b.dir/CheckFunctionExists.c.o
/usr/bin/cc   -DCHECK_FUNCTION_EXISTS=cheev_ -o CMakeFiles/cmTC_1a34b.dir/CheckFunctionExists.c.o -c /usr/share/cmake-3.22/Modules/CheckFunctionExists.c
Linking C executable cmTC_1a34b
/usr/bin/cmake -E cmake_link_script CMakeFiles/cmTC_1a34b.dir/link.txt --verbose=1
/usr/bin/cc  -DCHECK_FUNCTION_EXISTS=cheev_ CMakeFiles/cmTC_1a34b.dir/CheckFunctionExists.c.o -o cmTC_1a34b  /usr/lib/x86_64-linux-gnu/libblas.so -lm -ldl 
/usr/bin/ld: CMakeFiles/cmTC_1a34b.dir/CheckFunctionExists.c.o: in function `main':
CheckFunctionExists.c:(.text+0x14): undefined reference to `cheev_'
collect2: error: ld returned 1 exit status
gmake[1]: *** [CMakeFiles/cmTC_1a34b.dir/build.make:100：cmTC_1a34b] 错误 1
gmake[1]: 离开目录“/home/rpp/rpp_ws/build/slam_toolbox/CMakeFiles/CMakeTmp”
gmake: *** [Makefile:127：cmTC_1a34b/fast] 错误 2



Determining if the function cheev_ exists failed with the following output:
Change Dir: /home/rpp/rpp_ws/build/slam_toolbox/CMakeFiles/CMakeTmp

Run Build Command(s):/usr/bin/gmake -f Makefile cmTC_a4355/fast && /usr/bin/gmake  -f CMakeFiles/cmTC_a4355.dir/build.make CMakeFiles/cmTC_a4355.dir/build
gmake[1]: 进入目录“/home/rpp/rpp_ws/build/slam_toolbox/CMakeFiles/CMakeTmp”
Building C object CMakeFiles/cmTC_a4355.dir/CheckFunctionExists.c.o
/usr/bin/cc   -DCHECK_FUNCTION_EXISTS=cheev_ -o CMakeFiles/cmTC_a4355.dir/CheckFunctionExists.c.o -c /usr/share/cmake-3.22/Modules/CheckFunctionExists.c
Linking C executable cmTC_a4355
/usr/bin/cmake -E cmake_link_script CMakeFiles/cmTC_a4355.dir/link.txt --verbose=1
/usr/bin/cc  -DCHECK_FUNCTION_EXISTS=cheev_ CMakeFiles/cmTC_a4355.dir/CheckFunctionExists.c.o -o cmTC_a4355  /usr/lib/x86_64-linux-gnu/liblapack.so /usr/lib/x86_64-linux-gnu/libblas.so -fortranlibs 
cc: error: unrecognized command-line option ‘-fortranlibs’
gmake[1]: *** [CMakeFiles/cmTC_a4355.dir/build.make:101：cmTC_a4355] 错误 1
gmake[1]: 离开目录“/home/rpp/rpp_ws/build/slam_toolbox/CMakeFiles/CMakeTmp”
gmake: *** [Makefile:127：cmTC_a4355/fast] 错误 2



