1756484824.6380391 [INFO] [launch]: All log files can be found below /home/rpp/rpp_logs/2025-08-30-00-27-04-637548-rpp-Default-string-13005
1756484824.6381361 [INFO] [launch]: Default logging verbosity is set to INFO
1756484824.6681795 [INFO] [iat_publish-1]: process started with pid [13006]
1756484824.6682801 [INFO] [tts_subscribe-2]: process started with pid [13008]
1756484824.6683276 [INFO] [voice_control-3]: process started with pid [13010]
1756484824.6683745 [INFO] [voice_dialog-4]: process started with pid [13012]
1756484824.6957424 [iat_publish-1] [INFO] [1756484824.695505104] [iat_node]: MSPLogin success.
1756484824.9123094 [voice_dialog-4] [INFO] [1756484824.912094252] [voice_dialog_node]: 语音对话节点已启动
1756484824.9653535 [voice_control-3] [WARN] [1756484824.965143860] [voice_control_node]: 尚未获取 base_angle，无法转向
1756484824.9729798 [voice_control-3] [INFO] [1756484824.972776684] [voice_control_node]: 已加载 JSON 文件: /home/rpp//rpp_data/config/voice/voice_pose.json
1756484824.9733319 [voice_control-3] [INFO] [1756484824.973156625] [voice_control_node]: 等待 TF [mic_link -> base_link] 可用...
1756484825.0745277 [voice_control-3] [INFO] [1756484825.074270787] [voice_control_node]: TF 尚未可用，继续等待...
1756484825.5768919 [voice_control-3] [INFO] [1756484825.576714420] [voice_control_node]: TF 尚未可用，继续等待...
1756484826.0796309 [voice_control-3] [INFO] [1756484826.079482929] [voice_control_node]: TF 获取成功 
1756484827.3935983 [voice_control-3] [INFO] [1756484827.393447584] [voice_control_node]: TTS 成功播报：成功加载 2 个点位
1756484832.3649879 [voice_control-3] [INFO] [1756484832.364808728] [voice_control_node]: 收到唤醒词，准备启动语音听写
1756484832.3652704 [voice_dialog-4] [INFO] [1756484832.364945144] [voice_dialog_node]: 收到唤醒信号，开始对话
1756484832.3654058 [voice_control-3] [INFO] [1756484832.364982921] [voice_control_node]: 机器人空闲，启动语音听写
1756484833.0801992 [voice_control-3] [INFO] [1756484833.080027295] [voice_control_node]: 机器人状态从 IDLE -> IAT
1756484833.3651235 [iat_publish-1] [INFO] [1756484833.364964415] [iat_node]: Awake flag received, start IAT.
1756484833.3657587 [voice_control-3] [INFO] [1756484833.365533162] [voice_control_node]: 收到唤醒词，准备启动语音听写
1756484833.3660412 [voice_control-3] [WARN] [1756484833.365937851] [voice_control_node]: 当前状态 IAT，忽略唤醒请求
1756484833.3841772 [iat_publish-1] [INFO] [1756484833.384008165] [xf_voice]: Start listening ...
1756484834.3655393 [voice_control-3] [INFO] [1756484834.365335425] [voice_control_node]: 收到唤醒词，准备启动语音听写
1756484834.3657615 [voice_control-3] [WARN] [1756484834.365540129] [voice_control_node]: 当前状态 IAT_WAIT，忽略唤醒请求
1756484835.3651719 [voice_control-3] [INFO] [1756484835.365019573] [voice_control_node]: 收到唤醒词，准备启动语音听写
1756484835.3654110 [voice_control-3] [WARN] [1756484835.365216710] [voice_control_node]: 当前状态 IAT_WAIT，忽略唤醒请求
1756484836.3652272 [voice_control-3] [INFO] [1756484836.365068356] [voice_control_node]: 收到唤醒词，准备启动语音听写
1756484836.3654597 [voice_control-3] [WARN] [1756484836.365273674] [voice_control_node]: 当前状态 IAT_WAIT，忽略唤醒请求
1756484837.3657877 [voice_control-3] [INFO] [1756484837.365512701] [voice_control_node]: 收到唤醒词，准备启动语音听写
1756484837.3660967 [voice_control-3] [WARN] [1756484837.365922970] [voice_control_node]: 当前状态 IAT_WAIT，忽略唤醒请求
1756484838.3653269 [voice_control-3] [INFO] [1756484838.365129266] [voice_control_node]: 收到唤醒词，准备启动语音听写
1756484838.3655519 [voice_control-3] [WARN] [1756484838.365317294] [voice_control_node]: 当前状态 IAT_WAIT，忽略唤醒请求
1756484839.3653378 [voice_control-3] [INFO] [1756484839.365142397] [voice_control_node]: 收到唤醒词，准备启动语音听写
1756484839.3655739 [voice_control-3] [WARN] [1756484839.365350707] [voice_control_node]: 当前状态 IAT_WAIT，忽略唤醒请求
1756484840.3653827 [voice_control-3] [INFO] [1756484840.365227293] [voice_control_node]: 收到唤醒词，准备启动语音听写
1756484840.3656037 [voice_control-3] [WARN] [1756484840.365418822] [voice_control_node]: 当前状态 IAT_WAIT，忽略唤醒请求
1756484841.3657620 [voice_control-3] [INFO] [1756484841.365496888] [voice_control_node]: 收到唤醒词，准备启动语音听写
1756484841.3660548 [voice_control-3] [WARN] [1756484841.365895928] [voice_control_node]: 当前状态 IAT_WAIT，忽略唤醒请求
1756484841.7354565 [voice_control-3] [INFO] [1756484841.735290717] [voice_control_node]: TTS 成功播报：我现在正忙，请稍后再试，但是我已对您重新定位
1756484842.3652637 [voice_control-3] [INFO] [1756484842.365083377] [voice_control_node]: 收到唤醒词，准备启动语音听写
1756484842.3655648 [voice_control-3] [WARN] [1756484842.365382868] [voice_control_node]: 当前状态 IAT_WAIT，忽略唤醒请求
1756484843.3652537 [voice_control-3] [INFO] [1756484843.365061985] [voice_control_node]: 收到唤醒词，准备启动语音听写
1756484843.3654907 [voice_control-3] [WARN] [1756484843.365262464] [voice_control_node]: 当前状态 IAT_WAIT，忽略唤醒请求
1756484844.3653910 [voice_control-3] [INFO] [1756484844.365164019] [voice_control_node]: 收到唤醒词，准备启动语音听写
1756484844.3656273 [voice_control-3] [WARN] [1756484844.365359805] [voice_control_node]: 当前状态 IAT_WAIT，忽略唤醒请求
1756484845.3654287 [voice_control-3] [INFO] [1756484845.365214529] [voice_control_node]: 收到唤醒词，准备启动语音听写
1756484845.3656771 [voice_control-3] [WARN] [1756484845.365408541] [voice_control_node]: 当前状态 IAT_WAIT，忽略唤醒请求
1756484846.3653684 [voice_control-3] [INFO] [1756484846.365179990] [voice_control_node]: 收到唤醒词，准备启动语音听写
1756484846.3656073 [voice_control-3] [WARN] [1756484846.365377104] [voice_control_node]: 当前状态 IAT_WAIT，忽略唤醒请求
1756484847.3654599 [voice_control-3] [INFO] [1756484847.365265671] [voice_control_node]: 收到唤醒词，准备启动语音听写
1756484847.3657100 [voice_control-3] [WARN] [1756484847.365458593] [voice_control_node]: 当前状态 IAT_WAIT，忽略唤醒请求
1756484848.3655264 [voice_control-3] [INFO] [1756484848.365288501] [voice_control_node]: 收到唤醒词，准备启动语音听写
1756484848.3657789 [voice_control-3] [WARN] [1756484848.365489082] [voice_control_node]: 当前状态 IAT_WAIT，忽略唤醒请求
1756484848.6861341 [iat_publish-1] [INFO] [1756484848.685976200] [xf_voice]: Result: 有什么可以帮你？我现在正忙，请稍后再试，但是我已为您重新定位，我是智商智能机器人小飞。
1756484848.6862333 [iat_publish-1] 
1756484848.6985381 [iat_publish-1] [INFO] [1756484848.698446822] [iat_node]: Published result.
1756484848.6989901 [voice_dialog-4] [INFO] [1756484848.698877717] [voice_dialog_node]: 识别到: 有什么可以帮你？我现在正忙，请稍后再试，但是我已为您重新定位，我是智商智能机器人小飞。
1756484848.6992011 [voice_control-3] [INFO] [1756484848.698890185] [voice_control_node]: 接收到识别结果：有什么可以帮你？我现在正忙，请稍后再试，但是我已为您重新定位，我是智商智能机器人小飞。
1756484848.6993213 [voice_dialog-4] [INFO] [1756484848.699036881] [voice_dialog_node]: 正在处理...
1756484848.6994328 [voice_control-3] [INFO] [1756484848.699351388] [voice_control_node]: 匹配命令码：None
1756484848.7849991 [voice_dialog-4] [ERROR] [1756484848.784850288] [voice_dialog_node]: 调用API失败: 'latin-1' codec can't encode characters in position 0-1: ordinal not in range(256)
1756484848.7852440 [voice_dialog-4] [INFO] [1756484848.785037051] [voice_dialog_node]: 回复: 抱歉，连接服务器失败
1756484849.3650217 [iat_publish-1] [INFO] [1756484849.364851949] [iat_node]: Awake flag received, start IAT.
1756484849.3652802 [voice_control-3] [INFO] [1756484849.365044200] [voice_control_node]: 收到唤醒词，准备启动语音听写
1756484849.3654411 [voice_control-3] [WARN] [1756484849.365253262] [voice_control_node]: 当前状态 IAT_WAIT，忽略唤醒请求
1756484849.3810105 [iat_publish-1] [INFO] [1756484849.380892407] [xf_voice]: Start listening ...
1756484850.0162020 [voice_control-3] [INFO] [1756484850.016043038] [voice_control_node]: TTS 成功播报：我是具身智能机器人小K, 请您说出指令, 有任何需求请吩咐我
1756484850.0164576 [voice_control-3] [INFO] [1756484850.016213701] [voice_control_node]: 准备发布语音唤醒指令...
1756484850.0165975 [voice_control-3] [INFO] [1756484850.016359080] [voice_control_node]: 发布唤醒词
1756484850.3660660 [voice_control-3] [INFO] [1756484850.365734553] [voice_control_node]: 收到唤醒词，准备启动语音听写
1756484850.3664558 [voice_control-3] [WARN] [1756484850.366253994] [voice_control_node]: 当前状态 IAT_WAIT，忽略唤醒请求
1756484851.3657548 [voice_control-3] [INFO] [1756484851.365473266] [voice_control_node]: 收到唤醒词，准备启动语音听写
1756484851.3660612 [voice_control-3] [WARN] [1756484851.365908147] [voice_control_node]: 当前状态 IAT_WAIT，忽略唤醒请求
1756484852.3658044 [voice_control-3] [INFO] [1756484852.365515771] [voice_control_node]: 收到唤醒词，准备启动语音听写
1756484852.3661058 [voice_control-3] [WARN] [1756484852.365900420] [voice_control_node]: 当前状态 IAT_WAIT，忽略唤醒请求
1756484853.3651772 [voice_control-3] [INFO] [1756484853.365025802] [voice_control_node]: 收到唤醒词，准备启动语音听写
1756484853.3654156 [voice_control-3] [WARN] [1756484853.365230757] [voice_control_node]: 当前状态 IAT_WAIT，忽略唤醒请求
1756484854.3655281 [voice_control-3] [INFO] [1756484854.365323627] [voice_control_node]: 收到唤醒词，准备启动语音听写
1756484854.3657644 [voice_control-3] [WARN] [1756484854.365526873] [voice_control_node]: 当前状态 IAT_WAIT，忽略唤醒请求
1756484855.1167879 [iat_publish-1] [INFO] [1756484855.116631759] [xf_voice]: Speech end (VAD)
1756484855.3657069 [voice_control-3] [INFO] [1756484855.365485076] [voice_control_node]: 收到唤醒词，准备启动语音听写
1756484855.3659306 [voice_control-3] [WARN] [1756484855.365676429] [voice_control_node]: 当前状态 IAT_WAIT，忽略唤醒请求
1756484856.3652513 [iat_publish-1] [INFO] [1756484856.364870746] [iat_node]: Awake flag received, start IAT.
1756484856.3655956 [voice_control-3] [INFO] [1756484856.365283659] [voice_control_node]: 收到唤醒词，准备启动语音听写
1756484856.3657899 [voice_control-3] [WARN] [1756484856.365512990] [voice_control_node]: 当前状态 IAT_WAIT，忽略唤醒请求
1756484856.3762236 [iat_publish-1] [INFO] [1756484856.376029147] [xf_voice]: Start listening ...
1756484857.3653090 [voice_control-3] [INFO] [1756484857.365161045] [voice_control_node]: 收到唤醒词，准备启动语音听写
1756484857.3655851 [voice_control-3] [WARN] [1756484857.365433638] [voice_control_node]: 当前状态 IAT_WAIT，忽略唤醒请求
1756484858.3659482 [voice_control-3] [INFO] [1756484858.365663617] [voice_control_node]: 收到唤醒词，准备启动语音听写
1756484858.3663855 [voice_control-3] [WARN] [1756484858.366183269] [voice_control_node]: 当前状态 IAT_WAIT，忽略唤醒请求
1756484859.3653934 [voice_control-3] [INFO] [1756484859.365116982] [voice_control_node]: 收到唤醒词，准备启动语音听写
1756484859.3656428 [voice_control-3] [WARN] [1756484859.365321248] [voice_control_node]: 当前状态 IAT_WAIT，忽略唤醒请求
1756484859.6483169 [voice_control-3] [INFO] [1756484859.648153504] [voice_control_node]: TTS 成功播报：我现在正忙，请稍后再试，但是我已对您重新定位
1756484860.3651803 [voice_control-3] [INFO] [1756484860.364997516] [voice_control_node]: 收到唤醒词，准备启动语音听写
1756484860.3655446 [voice_control-3] [WARN] [1756484860.365330102] [voice_control_node]: 当前状态 IAT_WAIT，忽略唤醒请求
1756484861.3656652 [voice_control-3] [INFO] [1756484861.365443410] [voice_control_node]: 收到唤醒词，准备启动语音听写
1756484861.3659945 [voice_control-3] [WARN] [1756484861.365890035] [voice_control_node]: 当前状态 IAT_WAIT，忽略唤醒请求
1756484862.3655472 [voice_control-3] [INFO] [1756484862.365377926] [voice_control_node]: 收到唤醒词，准备启动语音听写
1756484862.3657956 [voice_control-3] [WARN] [1756484862.365713548] [voice_control_node]: 当前状态 IAT_WAIT，忽略唤醒请求
1756484863.3656785 [voice_control-3] [INFO] [1756484863.365513487] [voice_control_node]: 收到唤醒词，准备启动语音听写
1756484863.3659320 [voice_control-3] [WARN] [1756484863.365724976] [voice_control_node]: 当前状态 IAT_WAIT，忽略唤醒请求
1756484864.3653038 [voice_control-3] [INFO] [1756484864.365144626] [voice_control_node]: 收到唤醒词，准备启动语音听写
1756484864.3655469 [voice_control-3] [WARN] [1756484864.365368552] [voice_control_node]: 当前状态 IAT_WAIT，忽略唤醒请求
1756484865.3652153 [voice_control-3] [INFO] [1756484865.365057472] [voice_control_node]: 收到唤醒词，准备启动语音听写
1756484865.3654573 [voice_control-3] [WARN] [1756484865.365271761] [voice_control_node]: 当前状态 IAT_WAIT，忽略唤醒请求
1756484866.0953674 [voice_control-3] [INFO] [1756484866.095208613] [voice_control_node]: TTS 成功播报：我现在正忙，请稍后再试，但是我已对您重新定位
1756484866.3652906 [voice_control-3] [INFO] [1756484866.365134022] [voice_control_node]: 收到唤醒词，准备启动语音听写
1756484866.3655221 [voice_control-3] [WARN] [1756484866.365389875] [voice_control_node]: 当前状态 IAT_WAIT，忽略唤醒请求
1756484867.1232307 [iat_publish-1] [INFO] [1756484867.123046521] [xf_voice]: Speech end (VAD)
1756484867.3653769 [voice_control-3] [INFO] [1756484867.365211238] [voice_control_node]: 收到唤醒词，准备启动语音听写
1756484867.3656359 [voice_control-3] [WARN] [1756484867.365522279] [voice_control_node]: 当前状态 IAT_WAIT，忽略唤醒请求
1756484868.3650029 [iat_publish-1] [INFO] [1756484868.364839042] [iat_node]: Awake flag received, start IAT.
1756484868.3652432 [voice_control-3] [INFO] [1756484868.365096646] [voice_control_node]: 收到唤醒词，准备启动语音听写
1756484868.3653808 [voice_control-3] [WARN] [1756484868.365296751] [voice_control_node]: 当前状态 IAT_WAIT，忽略唤醒请求
1756484868.3765259 [iat_publish-1] [INFO] [1756484868.376391219] [xf_voice]: Start listening ...
1756484869.3652925 [voice_control-3] [INFO] [1756484869.365071545] [voice_control_node]: 收到唤醒词，准备启动语音听写
1756484869.3655391 [voice_control-3] [WARN] [1756484869.365279434] [voice_control_node]: 当前状态 IAT_WAIT，忽略唤醒请求
1756484870.3655508 [voice_control-3] [INFO] [1756484870.365347864] [voice_control_node]: 收到唤醒词，准备启动语音听写
1756484870.3657813 [voice_control-3] [WARN] [1756484870.365556890] [voice_control_node]: 当前状态 IAT_WAIT，忽略唤醒请求
1756484872.4916673 [iat_publish-1] [INFO] [1756484872.491433012] [xf_voice]: Result: 请稍后再试。
1756484872.4917712 [iat_publish-1] 
1756484872.5011904 [iat_publish-1] [INFO] [1756484872.501005191] [iat_node]: Published result.
1756484872.5017517 [voice_dialog-4] [INFO] [1756484872.501616671] [voice_dialog_node]: 识别到: 请稍后再试。
1756484872.5018713 [voice_control-3] [INFO] [1756484872.501638919] [voice_control_node]: 接收到识别结果：请稍后再试。
1756484872.5019512 [voice_dialog-4] [INFO] [1756484872.501775166] [voice_dialog_node]: 正在处理...
1756484872.5021589 [voice_control-3] [INFO] [1756484872.502008012] [voice_control_node]: 匹配命令码：None
1756484872.5446661 [voice_control-3] [INFO] [1756484872.544410132] [voice_control_node]: TTS 成功播报：我现在正忙，请稍后再试，但是我已对您重新定位
1756484872.5916541 [iat_publish-1] [INFO] [1756484872.591513830] [xf_voice]: Speech end (VAD)
1756484873.0511353 [voice_dialog-4] [ERROR] [1756484873.050976395] [voice_dialog_node]: 调用API失败: 'latin-1' codec can't encode characters in position 0-1: ordinal not in range(256)
1756484873.0513778 [voice_dialog-4] [INFO] [1756484873.051180588] [voice_dialog_node]: 回复: 抱歉，连接服务器失败
1756484877.6486630 [voice_control-3] [INFO] [1756484877.648434550] [voice_control_node]: TTS 成功播报：我现在正忙，请稍后再试，但是我已对您重新定位
1756484878.2641587 [voice_control-3] [INFO] [1756484878.263962602] [voice_control_node]: TTS 成功播报：未听清，请再说一次
1756484878.2644155 [voice_control-3] [INFO] [1756484878.264130271] [voice_control_node]: 准备发布语音唤醒指令...
1756484878.2644706 [voice_control-3] [INFO] [1756484878.264273241] [voice_control_node]: 发布唤醒词
1756484887.2769368 [voice_control-3] [INFO] [1756484887.276748726] [voice_control_node]: TTS 成功播报：我现在正忙，请稍后再试，但是我已对您重新定位
1756484893.7256508 [voice_control-3] [INFO] [1756484893.725412637] [voice_control_node]: TTS 成功播报：我现在正忙，请稍后再试，但是我已对您重新定位
1756484898.8316245 [voice_control-3] [INFO] [1756484898.831463671] [voice_control_node]: TTS 成功播报：我现在正忙，请稍后再试，但是我已对您重新定位
1756484899.2621169 [voice_control-3] [INFO] [1756484899.261964212] [voice_control_node]: TTS 成功播报：未听清，请再说一次
1756484899.2623456 [voice_control-3] [INFO] [1756484899.262138342] [voice_control_node]: 准备发布语音唤醒指令...
1756484899.2624686 [voice_control-3] [INFO] [1756484899.262282543] [voice_control_node]: 发布唤醒词
1756484905.2791004 [voice_control-3] [INFO] [1756484905.278918408] [voice_control_node]: TTS 成功播报：我现在正忙，请稍后再试，但是我已对您重新定位
1756484911.7335813 [voice_control-3] [INFO] [1756484911.733395088] [voice_control_node]: TTS 成功播报：我现在正忙，请稍后再试，但是我已对您重新定位
