1756484701.9355597 [INFO] [launch]: All log files can be found below /home/rpp/rpp_logs/2025-08-30-00-25-01-935003-rpp-Default-string-12674
1756484701.9356337 [INFO] [launch]: Default logging verbosity is set to INFO
1756484701.9654150 [INFO] [iat_publish-1]: process started with pid [12678]
1756484701.9655619 [INFO] [tts_subscribe-2]: process started with pid [12680]
1756484701.9656475 [INFO] [voice_control-3]: process started with pid [12682]
1756484701.9657254 [INFO] [voice_dialog-4]: process started with pid [12684]
1756484701.9856515 [iat_publish-1] [INFO] [1756484701.985429426] [iat_node]: MSPLogin success.
1756484702.2075293 [voice_dialog-4] [INFO] [1756484702.207356594] [voice_dialog_node]: 语音对话节点已启动
1756484702.6005423 [voice_control-3] [WARN] [1756484702.600306119] [voice_control_node]: 尚未获取 base_angle，无法转向
1756484702.6073744 [voice_control-3] [INFO] [1756484702.607251583] [voice_control_node]: 已加载 JSON 文件: /home/rpp//rpp_data/config/voice/voice_pose.json
1756484702.6075814 [voice_control-3] [INFO] [1756484702.607412067] [voice_control_node]: 等待 TF [mic_link -> base_link] 可用...
1756484702.6080840 [voice_control-3] [INFO] [1756484702.608021474] [voice_control_node]: TF 尚未可用，继续等待...
1756484703.1091590 [voice_control-3] [INFO] [1756484703.108981061] [voice_control_node]: TF 尚未可用，继续等待...
1756484703.6116848 [voice_control-3] [INFO] [1756484703.611540233] [voice_control_node]: TF 尚未可用，继续等待...
1756484704.1130960 [voice_control-3] [INFO] [1756484704.112932777] [voice_control_node]: TF 尚未可用，继续等待...
1756484704.6141300 [voice_control-3] [INFO] [1756484704.613983378] [voice_control_node]: TF 尚未可用，继续等待...
1756484705.1152027 [voice_control-3] [INFO] [1756484705.115024150] [voice_control_node]: TF 尚未可用，继续等待...
1756484705.6160684 [voice_control-3] [INFO] [1756484705.615902534] [voice_control_node]: TF 尚未可用，继续等待...
1756484706.1168365 [voice_control-3] [INFO] [1756484706.116694938] [voice_control_node]: TTS 成功播报：成功加载 2 个点位
1756484706.1170468 [voice_control-3] [INFO] [1756484706.116894443] [voice_control_node]: TF 尚未可用，继续等待...
1756484706.6178808 [voice_control-3] [INFO] [1756484706.617684732] [voice_control_node]: TF 尚未可用，继续等待...
1756484707.1189833 [voice_control-3] [INFO] [1756484707.118790384] [voice_control_node]: TF 尚未可用，继续等待...
1756484707.6198301 [voice_control-3] [INFO] [1756484707.619671883] [voice_control_node]: TF 尚未可用，继续等待...
1756484708.1210620 [voice_control-3] [INFO] [1756484708.120872996] [voice_control_node]: TF 尚未可用，继续等待...
1756484708.6222620 [voice_control-3] [INFO] [1756484708.622110386] [voice_control_node]: TF 尚未可用，继续等待...
1756484709.1231382 [voice_control-3] [INFO] [1756484709.122959394] [voice_control_node]: TF 尚未可用，继续等待...
1756484709.6241710 [voice_control-3] [INFO] [1756484709.623970359] [voice_control_node]: TF 尚未可用，继续等待...
1756484710.1251917 [voice_control-3] [INFO] [1756484710.125009034] [voice_control_node]: TF 尚未可用，继续等待...
1756484710.6262701 [voice_control-3] [INFO] [1756484710.626085419] [voice_control_node]: TF 尚未可用，继续等待...
1756484711.1273975 [voice_control-3] [INFO] [1756484711.127223661] [voice_control_node]: TF 尚未可用，继续等待...
1756484711.6282248 [voice_control-3] [INFO] [1756484711.627990772] [voice_control_node]: TF 尚未可用，继续等待...
1756484712.1292460 [voice_control-3] [INFO] [1756484712.129035964] [voice_control_node]: TF 尚未可用，继续等待...
1756484712.6302662 [voice_control-3] [INFO] [1756484712.629999343] [voice_control_node]: TF 尚未可用，继续等待...
1756484713.1312158 [voice_control-3] [INFO] [1756484713.130969278] [voice_control_node]: TF 尚未可用，继续等待...
1756484713.6322420 [voice_control-3] [INFO] [1756484713.631986858] [voice_control_node]: TF 尚未可用，继续等待...
1756484714.1331415 [voice_control-3] [INFO] [1756484714.132963710] [voice_control_node]: TF 尚未可用，继续等待...
1756484714.6342361 [voice_control-3] [INFO] [1756484714.634052445] [voice_control_node]: TF 尚未可用，继续等待...
1756484715.1354029 [voice_control-3] [INFO] [1756484715.135222821] [voice_control_node]: TF 尚未可用，继续等待...
1756484715.6366475 [voice_control-3] [INFO] [1756484715.636455667] [voice_control_node]: TF 尚未可用，继续等待...
1756484716.1377592 [voice_control-3] [INFO] [1756484716.137605003] [voice_control_node]: TF 尚未可用，继续等待...
1756484716.6390026 [voice_control-3] [INFO] [1756484716.638849526] [voice_control_node]: TF 尚未可用，继续等待...
1756484717.1404240 [voice_control-3] [INFO] [1756484717.140158431] [voice_control_node]: TF 尚未可用，继续等待...
1756484717.6421678 [voice_control-3] [INFO] [1756484717.641888787] [voice_control_node]: TF 获取成功 
1756484722.0470197 [iat_publish-1] [INFO] [1756484722.046839092] [iat_node]: Awake flag received, start IAT.
1756484722.0472605 [voice_control-3] [INFO] [1756484722.047140462] [voice_control_node]: 收到唤醒词，准备启动语音听写
1756484722.0474012 [voice_dialog-4] [INFO] [1756484722.047226039] [voice_dialog_node]: 收到唤醒信号，开始对话
1756484722.0475593 [voice_control-3] [INFO] [1756484722.047311344] [voice_control_node]: 机器人空闲，启动语音听写
1756484722.0650620 [iat_publish-1] [INFO] [1756484722.064924337] [xf_voice]: Start listening ...
1756484722.6425457 [voice_control-3] [INFO] [1756484722.642347147] [voice_control_node]: 机器人状态从 IDLE -> IAT
1756484733.7120981 [voice_control-3] [INFO] [1756484733.711941630] [voice_control_node]: TTS 成功播报：我是具身智能机器人小K, 请您说出指令, 有任何需求请吩咐我
1756484733.7123394 [voice_control-3] [INFO] [1756484733.712092988] [voice_control_node]: 准备发布语音唤醒指令...
1756484733.7123981 [voice_control-3] [INFO] [1756484733.712235320] [voice_control_node]: 发布唤醒词
1756484737.2670016 [iat_publish-1] [INFO] [1756484737.266850547] [xf_voice]: Result: 有什么可以帮你？我是巨声智能机器人小飞，请您说出指令，有任何需求请吩咐我。现在几点了？
1756484737.2670970 [iat_publish-1] 
1756484737.2903171 [iat_publish-1] [INFO] [1756484737.290132496] [iat_node]: Published result.
1756484737.2906353 [voice_dialog-4] [INFO] [1756484737.290580185] [voice_dialog_node]: 识别到: 有什么可以帮你？我是巨声智能机器人小飞，请您说出指令，有任何需求请吩咐我。现在几点了？
1756484737.2907317 [voice_control-3] [INFO] [1756484737.290584374] [voice_control_node]: 接收到识别结果：有什么可以帮你？我是巨声智能机器人小飞，请您说出指令，有任何需求请吩咐我。现在几点了？
1756484737.2908275 [voice_dialog-4] [INFO] [1756484737.290733904] [voice_dialog_node]: 正在处理...
1756484737.2911017 [voice_control-3] [INFO] [1756484737.291050001] [voice_control_node]: 匹配命令码：None
1756484737.4160607 [voice_dialog-4] [ERROR] [1756484737.415923501] [voice_dialog_node]: 调用API失败: 'latin-1' codec can't encode characters in position 0-1: ordinal not in range(256)
1756484737.4162717 [voice_dialog-4] [INFO] [1756484737.416120505] [voice_dialog_node]: 回复: 抱歉，连接服务器失败
1756484746.8244886 [voice_control-3] [INFO] [1756484746.824302045] [voice_control_node]: TTS 成功播报：未听清，请再说一次
1756484746.8247910 [voice_control-3] [INFO] [1756484746.824463806] [voice_control_node]: 准备发布语音唤醒指令...
1756484746.8248534 [voice_control-3] [INFO] [1756484746.824614112] [voice_control_node]: 发布唤醒词
1756484764.9777973 [iat_publish-1] [INFO] [1756484764.977635415] [iat_node]: Awake flag received, start IAT.
1756484764.9783554 [voice_control-3] [INFO] [1756484764.978172925] [voice_control_node]: 收到唤醒词，准备启动语音听写
1756484764.9788587 [voice_control-3] [WARN] [1756484764.978591437] [voice_control_node]: 当前状态 IAT_WAIT，忽略唤醒请求
1756484764.9929609 [iat_publish-1] [INFO] [1756484764.992839001] [xf_voice]: Start listening ...
1756484767.8290217 [voice_control-3] [INFO] [1756484767.828753614] [voice_control_node]: TTS 成功播报：未听清，请再说一次
1756484767.8292303 [voice_control-3] [INFO] [1756484767.828915615] [voice_control_node]: 准备发布语音唤醒指令...
1756484767.8293140 [voice_control-3] [INFO] [1756484767.829045795] [voice_control_node]: 发布唤醒词
1756484773.1434908 [iat_publish-1] [INFO] [1756484773.143211583] [xf_voice]: Result: 未听清，请再说一次，那现在这种。
1756484773.1435857 [iat_publish-1] 
1756484773.1445346 [iat_publish-1] [INFO] [1756484773.144462102] [iat_node]: Published result.
1756484773.1448386 [voice_control-3] [INFO] [1756484773.144788003] [voice_control_node]: 接收到识别结果：未听清，请再说一次，那现在这种。
1756484773.1449637 [voice_dialog-4] [INFO] [1756484773.144920352] [voice_dialog_node]: 识别到: 未听清，请再说一次，那现在这种。
1756484773.1450620 [voice_control-3] [INFO] [1756484773.144993437] [voice_control_node]: 匹配命令码：None
1756484773.1451468 [voice_dialog-4] [INFO] [1756484773.145080886] [voice_dialog_node]: 正在处理...
1756484773.2156291 [voice_dialog-4] [ERROR] [1756484773.215446750] [voice_dialog_node]: 调用API失败: 'latin-1' codec can't encode characters in position 0-1: ordinal not in range(256)
1756484773.2158153 [voice_dialog-4] [INFO] [1756484773.215713192] [voice_dialog_node]: 回复: 抱歉，连接服务器失败
1756484773.2436590 [iat_publish-1] [INFO] [1756484773.243402625] [xf_voice]: Speech end (VAD)
1756484774.2768919 [voice_control-3] [INFO] [1756484774.276636923] [voice_control_node]: TTS 成功播报：我现在正忙，请稍后再试，但是我已对您重新定位
1756484788.8255394 [voice_control-3] [INFO] [1756484788.825217751] [voice_control_node]: TTS 成功播报：未听清，请再说一次
1756484788.8256848 [voice_control-3] [INFO] [1756484788.825375038] [voice_control_node]: 准备发布语音唤醒指令...
1756484788.8259060 [voice_control-3] [INFO] [1756484788.825511931] [voice_control_node]: 发布唤醒词
1756484793.6962986 [WARNING] [launch]: user interrupted with ctrl-c (SIGINT)
1756484793.6977582 [iat_publish-1] [INFO] [1756484793.696142601] [rclcpp]: signal_handler(signum=2)
1756484793.6979954 [tts_subscribe-2] [INFO] [1756484793.696263022] [rclcpp]: signal_handler(signum=2)
1756484793.6982658 [voice_dialog-4] Traceback (most recent call last):
1756484793.6983607 [voice_dialog-4]   File "/home/rpp/rpp_ws/install/xf_voice/lib/xf_voice/voice_dialog", line 138, in <module>
1756484793.6984386 [voice_dialog-4]     main()
1756484793.6984949 [voice_dialog-4]   File "/home/rpp/rpp_ws/install/xf_voice/lib/xf_voice/voice_dialog", line 133, in main
1756484793.6985531 [voice_dialog-4]     rclpy.spin(node)
1756484793.6986072 [voice_dialog-4]   File "/opt/ros/humble/local/lib/python3.10/dist-packages/rclpy/__init__.py", line 226, in spin
1756484793.6987381 [voice_dialog-4]     executor.spin_once()
1756484793.6988146 [voice_dialog-4]   File "/opt/ros/humble/local/lib/python3.10/dist-packages/rclpy/executors.py", line 739, in spin_once
1756484793.6988482 [voice_dialog-4]     self._spin_once_impl(timeout_sec)
1756484793.6988730 [voice_dialog-4]   File "/opt/ros/humble/local/lib/python3.10/dist-packages/rclpy/executors.py", line 728, in _spin_once_impl
1756484793.6989076 [voice_dialog-4]     handler, entity, node = self.wait_for_ready_callbacks(timeout_sec=timeout_sec)
1756484793.6989315 [voice_dialog-4]   File "/opt/ros/humble/local/lib/python3.10/dist-packages/rclpy/executors.py", line 711, in wait_for_ready_callbacks
1756484793.6989529 [voice_dialog-4]     return next(self._cb_iter)
1756484793.6989799 [voice_dialog-4]   File "/opt/ros/humble/local/lib/python3.10/dist-packages/rclpy/executors.py", line 608, in _wait_for_ready_callbacks
1756484793.6990080 [voice_dialog-4]     wait_set.wait(timeout_nsec)
1756484793.6990395 [voice_dialog-4] KeyboardInterrupt
1756484793.6991711 [voice_control-3] keys= ['我', '我', '点'] input_string= 有什么可以帮你？我是巨声智能机器人小飞，请您说出指令，有任何需求请吩咐我。现在几点了？
1756484793.6992073 [voice_control-3] keys= ['一'] input_string= 未听清，请再说一次，那现在这种。
1756484793.6992972 [voice_control-3] Traceback (most recent call last):
1756484793.6993353 [voice_control-3]   File "/home/rpp/rpp_ws/install/xf_voice/lib/xf_voice/voice_control", line 572, in <module>
1756484793.6993732 [voice_control-3]     main()
1756484793.6993985 [voice_control-3]   File "/home/rpp/rpp_ws/install/xf_voice/lib/xf_voice/voice_control", line 566, in main
1756484793.6994207 [voice_control-3]     rclpy.spin(node)
1756484793.6994421 [voice_control-3]   File "/opt/ros/humble/local/lib/python3.10/dist-packages/rclpy/__init__.py", line 226, in spin
1756484793.6994629 [voice_control-3]     executor.spin_once()
1756484793.6994853 [voice_control-3]   File "/opt/ros/humble/local/lib/python3.10/dist-packages/rclpy/executors.py", line 739, in spin_once
1756484793.6995120 [voice_control-3]     self._spin_once_impl(timeout_sec)
1756484793.6995323 [voice_control-3]   File "/opt/ros/humble/local/lib/python3.10/dist-packages/rclpy/executors.py", line 728, in _spin_once_impl
1756484793.6995521 [voice_control-3]     handler, entity, node = self.wait_for_ready_callbacks(timeout_sec=timeout_sec)
1756484793.6995728 [voice_control-3]   File "/opt/ros/humble/local/lib/python3.10/dist-packages/rclpy/executors.py", line 711, in wait_for_ready_callbacks
1756484793.6996014 [voice_control-3]     return next(self._cb_iter)
1756484793.6996284 [voice_control-3]   File "/opt/ros/humble/local/lib/python3.10/dist-packages/rclpy/executors.py", line 608, in _wait_for_ready_callbacks
1756484793.6997206 [voice_control-3]     wait_set.wait(timeout_nsec)
1756484793.6997600 [voice_control-3] KeyboardInterrupt
1756484793.7198153 [ERROR] [voice_dialog-4]: process has died [pid 12684, exit code -2, cmd '/home/rpp/rpp_ws/install/xf_voice/lib/xf_voice/voice_dialog --ros-args -r __node:=voice_dialog_node --params-file /tmp/launch_params_o1jipgah --params-file /tmp/launch_params_o_6s6xda --params-file /tmp/launch_params_kqv3ibil'].
1756484793.7241099 [ERROR] [voice_control-3]: process has died [pid 12682, exit code -2, cmd '/home/rpp/rpp_ws/install/xf_voice/lib/xf_voice/voice_control --ros-args -r __node:=voice_control_node'].
1756484793.8014667 [iat_publish-1] Not started or already stopped.
1756484793.8028257 [INFO] [iat_publish-1]: process has finished cleanly [pid 12678]
1756484793.8029299 [INFO] [tts_subscribe-2]: process has finished cleanly [pid 12680]
