[0.784s] Invoking command in '/home/rpp/rpp_ws/build/lakibeam1': CMAKE_PREFIX_PATH=${CMAKE_PREFIX_PATH}:/home/rpp/rpp_ws/install/setting_info:/home/rpp/rpp_ws/install/nav2_simple_commander:/home/rpp/rpp_ws/install/gui_control:/home/rpp/rpp_ws/install/graphic_display:/home/rpp/rpp_ws/install/linker_hand_ros2_sdk:/home/rpp/rpp_ws/install/bt_task_manager_ros2:/opt/ros/humble /usr/bin/cmake --build /home/rpp/rpp_ws/build/lakibeam1 -- -j24 -l24
[1.164s] [100%] Built target lakibeam1_scan_node
[1.200s] Invoked command in '/home/rpp/rpp_ws/build/lakibeam1' returned '0': CMAKE_PREFIX_PATH=${CMAKE_PREFIX_PATH}:/home/rpp/rpp_ws/install/setting_info:/home/rpp/rpp_ws/install/nav2_simple_commander:/home/rpp/rpp_ws/install/gui_control:/home/rpp/rpp_ws/install/graphic_display:/home/rpp/rpp_ws/install/linker_hand_ros2_sdk:/home/rpp/rpp_ws/install/bt_task_manager_ros2:/opt/ros/humble /usr/bin/cmake --build /home/rpp/rpp_ws/build/lakibeam1 -- -j24 -l24
[1.202s] Invoking command in '/home/rpp/rpp_ws/build/lakibeam1': CMAKE_PREFIX_PATH=${CMAKE_PREFIX_PATH}:/home/rpp/rpp_ws/install/setting_info:/home/rpp/rpp_ws/install/nav2_simple_commander:/home/rpp/rpp_ws/install/gui_control:/home/rpp/rpp_ws/install/graphic_display:/home/rpp/rpp_ws/install/linker_hand_ros2_sdk:/home/rpp/rpp_ws/install/bt_task_manager_ros2:/opt/ros/humble /usr/bin/cmake --install /home/rpp/rpp_ws/build/lakibeam1
[1.358s] -- Install configuration: ""
[1.359s] -- Execute custom install script
[1.359s] -- Up-to-date symlink: /home/rpp/rpp_ws/install/lakibeam1/share/ament_index/resource_index/package_run_dependencies/lakibeam1
[1.359s] -- Up-to-date symlink: /home/rpp/rpp_ws/install/lakibeam1/share/ament_index/resource_index/parent_prefix_path/lakibeam1
[1.359s] -- Up-to-date symlink: /home/rpp/rpp_ws/install/lakibeam1/share/lakibeam1/environment/ament_prefix_path.sh
[1.359s] -- Up-to-date symlink: /home/rpp/rpp_ws/install/lakibeam1/share/lakibeam1/environment/ament_prefix_path.dsv
[1.359s] -- Up-to-date symlink: /home/rpp/rpp_ws/install/lakibeam1/share/lakibeam1/environment/path.sh
[1.359s] -- Up-to-date symlink: /home/rpp/rpp_ws/install/lakibeam1/share/lakibeam1/environment/path.dsv
[1.359s] -- Up-to-date symlink: /home/rpp/rpp_ws/install/lakibeam1/share/lakibeam1/local_setup.bash
[1.359s] -- Up-to-date symlink: /home/rpp/rpp_ws/install/lakibeam1/share/lakibeam1/local_setup.sh
[1.359s] -- Up-to-date symlink: /home/rpp/rpp_ws/install/lakibeam1/share/lakibeam1/local_setup.zsh
[1.359s] -- Up-to-date symlink: /home/rpp/rpp_ws/install/lakibeam1/share/lakibeam1/local_setup.dsv
[1.359s] -- Symlinking: /home/rpp/rpp_ws/install/lakibeam1/share/lakibeam1/package.dsv
[1.360s] -- Up-to-date symlink: /home/rpp/rpp_ws/install/lakibeam1/share/ament_index/resource_index/packages/lakibeam1
[1.360s] -- Up-to-date symlink: /home/rpp/rpp_ws/install/lakibeam1/share/lakibeam1/cmake/lakibeam1Config.cmake
[1.360s] -- Up-to-date symlink: /home/rpp/rpp_ws/install/lakibeam1/share/lakibeam1/cmake/lakibeam1Config-version.cmake
[1.360s] -- Up-to-date symlink: /home/rpp/rpp_ws/install/lakibeam1/share/lakibeam1/package.xml
[1.360s] -- Up-to-date symlink: /home/rpp/rpp_ws/install/lakibeam1/lib/lakibeam1/lakibeam1_scan_node
[1.360s] -- Up-to-date symlink: /home/rpp/rpp_ws/install/lakibeam1/share/lakibeam1/launch/lakibeam1_scan.launch.py
[1.360s] -- Up-to-date symlink: /home/rpp/rpp_ws/install/lakibeam1/share/lakibeam1/launch/lakibeam1_scan_dual_lidar.launch.py
[1.360s] -- Up-to-date symlink: /home/rpp/rpp_ws/install/lakibeam1/share/lakibeam1/launch/lakibeam1_scan_dual_lidar_view.launch.py
[1.360s] -- Up-to-date symlink: /home/rpp/rpp_ws/install/lakibeam1/share/lakibeam1/launch/lakibeam1_scan_view.launch.py
[1.360s] -- Up-to-date symlink: /home/rpp/rpp_ws/install/lakibeam1/share/lakibeam1/rviz/lakibeam1_scan.rviz
[1.360s] -- Up-to-date symlink: /home/rpp/rpp_ws/install/lakibeam1/share/lakibeam1/rviz/lakibeam1_scan_dual.rviz
[1.360s] -- Up-to-date symlink: /home/rpp/rpp_ws/install/lakibeam1/share/lakibeam1/rviz/rviz_scan.rviz
[1.542s] Invoked command in '/home/rpp/rpp_ws/build/lakibeam1' returned '0': CMAKE_PREFIX_PATH=${CMAKE_PREFIX_PATH}:/home/rpp/rpp_ws/install/setting_info:/home/rpp/rpp_ws/install/nav2_simple_commander:/home/rpp/rpp_ws/install/gui_control:/home/rpp/rpp_ws/install/graphic_display:/home/rpp/rpp_ws/install/linker_hand_ros2_sdk:/home/rpp/rpp_ws/install/bt_task_manager_ros2:/opt/ros/humble /usr/bin/cmake --install /home/rpp/rpp_ws/build/lakibeam1
