[0.868s] Invoking command in '/home/rpp/rpp_ws/build/ira_laser_tools': CMAKE_PREFIX_PATH=${CMAKE_PREFIX_PATH}:/home/rpp/rpp_ws/install/setting_info:/home/rpp/rpp_ws/install/nav2_simple_commander:/home/rpp/rpp_ws/install/gui_control:/home/rpp/rpp_ws/install/graphic_display:/home/rpp/rpp_ws/install/linker_hand_ros2_sdk:/home/rpp/rpp_ws/install/bt_task_manager_ros2:/opt/ros/humble /usr/bin/cmake --build /home/rpp/rpp_ws/build/ira_laser_tools -- -j24 -l24
[1.269s] [35m[1mConsolidate compiler generated dependencies of target ira_laser_tools[0m
[1.269s] [35m[1mConsolidate compiler generated dependencies of target laserscan_virtualizer[0m
[1.271s] [35m[1mConsolidate compiler generated dependencies of target laserscan_multi_merger[0m
[1.271s] [ 33%] Built target ira_laser_tools
[1.271s] [ 66%] Built target laserscan_multi_merger
[1.271s] [100%] Built target laserscan_virtualizer
[1.322s] Invoked command in '/home/rpp/rpp_ws/build/ira_laser_tools' returned '0': CMAKE_PREFIX_PATH=${CMAKE_PREFIX_PATH}:/home/rpp/rpp_ws/install/setting_info:/home/rpp/rpp_ws/install/nav2_simple_commander:/home/rpp/rpp_ws/install/gui_control:/home/rpp/rpp_ws/install/graphic_display:/home/rpp/rpp_ws/install/linker_hand_ros2_sdk:/home/rpp/rpp_ws/install/bt_task_manager_ros2:/opt/ros/humble /usr/bin/cmake --build /home/rpp/rpp_ws/build/ira_laser_tools -- -j24 -l24
[1.323s] Invoking command in '/home/rpp/rpp_ws/build/ira_laser_tools': CMAKE_PREFIX_PATH=${CMAKE_PREFIX_PATH}:/home/rpp/rpp_ws/install/setting_info:/home/rpp/rpp_ws/install/nav2_simple_commander:/home/rpp/rpp_ws/install/gui_control:/home/rpp/rpp_ws/install/graphic_display:/home/rpp/rpp_ws/install/linker_hand_ros2_sdk:/home/rpp/rpp_ws/install/bt_task_manager_ros2:/opt/ros/humble /usr/bin/cmake --install /home/rpp/rpp_ws/build/ira_laser_tools
[1.530s] -- Install configuration: ""
[1.530s] -- Execute custom install script
[1.530s] -- Up-to-date symlink: /home/rpp/rpp_ws/install/ira_laser_tools/lib/libira_laser_tools.so
[1.530s] -- Up-to-date symlink: /home/rpp/rpp_ws/install/ira_laser_tools/lib/ira_laser_tools/laserscan_multi_merger
[1.530s] -- Up-to-date symlink: /home/rpp/rpp_ws/install/ira_laser_tools/lib/ira_laser_tools/laserscan_virtualizer
[1.531s] -- Up-to-date symlink: /home/rpp/rpp_ws/install/ira_laser_tools/share/ira_laser_tools/environment/library_path.sh
[1.531s] -- Up-to-date symlink: /home/rpp/rpp_ws/install/ira_laser_tools/share/ira_laser_tools/environment/library_path.dsv
[1.531s] -- Up-to-date symlink: /home/rpp/rpp_ws/install/ira_laser_tools/share/ira_laser_tools/launch/laserscan_multi_merger.launch
[1.531s] -- Up-to-date symlink: /home/rpp/rpp_ws/install/ira_laser_tools/share/ira_laser_tools/launch/laserscan_virtualizer.launch
[1.531s] -- Up-to-date symlink: /home/rpp/rpp_ws/install/ira_laser_tools/include/ira_laser_tools/laserscan_multi_merger.hpp
[1.531s] -- Up-to-date symlink: /home/rpp/rpp_ws/install/ira_laser_tools/share/ament_index/resource_index/package_run_dependencies/ira_laser_tools
[1.531s] -- Up-to-date symlink: /home/rpp/rpp_ws/install/ira_laser_tools/share/ament_index/resource_index/parent_prefix_path/ira_laser_tools
[1.531s] -- Up-to-date symlink: /home/rpp/rpp_ws/install/ira_laser_tools/share/ira_laser_tools/environment/ament_prefix_path.sh
[1.531s] -- Up-to-date symlink: /home/rpp/rpp_ws/install/ira_laser_tools/share/ira_laser_tools/environment/ament_prefix_path.dsv
[1.531s] -- Up-to-date symlink: /home/rpp/rpp_ws/install/ira_laser_tools/share/ira_laser_tools/environment/path.sh
[1.531s] -- Up-to-date symlink: /home/rpp/rpp_ws/install/ira_laser_tools/share/ira_laser_tools/environment/path.dsv
[1.531s] -- Up-to-date symlink: /home/rpp/rpp_ws/install/ira_laser_tools/share/ira_laser_tools/local_setup.bash
[1.531s] -- Up-to-date symlink: /home/rpp/rpp_ws/install/ira_laser_tools/share/ira_laser_tools/local_setup.sh
[1.531s] -- Up-to-date symlink: /home/rpp/rpp_ws/install/ira_laser_tools/share/ira_laser_tools/local_setup.zsh
[1.531s] -- Up-to-date symlink: /home/rpp/rpp_ws/install/ira_laser_tools/share/ira_laser_tools/local_setup.dsv
[1.532s] -- Symlinking: /home/rpp/rpp_ws/install/ira_laser_tools/share/ira_laser_tools/package.dsv
[1.532s] -- Up-to-date symlink: /home/rpp/rpp_ws/install/ira_laser_tools/share/ament_index/resource_index/packages/ira_laser_tools
[1.532s] -- Up-to-date symlink: /home/rpp/rpp_ws/install/ira_laser_tools/share/ament_index/resource_index/rclcpp_components/ira_laser_tools
[1.532s] -- Up-to-date symlink: /home/rpp/rpp_ws/install/ira_laser_tools/share/ira_laser_tools/cmake/ament_cmake_export_include_directories-extras.cmake
[1.532s] -- Up-to-date symlink: /home/rpp/rpp_ws/install/ira_laser_tools/share/ira_laser_tools/cmake/ament_cmake_export_targets-extras.cmake
[1.532s] -- Up-to-date symlink: /home/rpp/rpp_ws/install/ira_laser_tools/share/ira_laser_tools/cmake/ament_cmake_export_libraries-extras.cmake
[1.532s] -- Up-to-date symlink: /home/rpp/rpp_ws/install/ira_laser_tools/share/ira_laser_tools/cmake/ament_cmake_export_dependencies-extras.cmake
[1.532s] -- Up-to-date symlink: /home/rpp/rpp_ws/install/ira_laser_tools/share/ira_laser_tools/cmake/ira_laser_toolsConfig.cmake
[1.532s] -- Up-to-date symlink: /home/rpp/rpp_ws/install/ira_laser_tools/share/ira_laser_tools/cmake/ira_laser_toolsConfig-version.cmake
[1.532s] -- Up-to-date symlink: /home/rpp/rpp_ws/install/ira_laser_tools/share/ira_laser_tools/package.xml
[1.532s] -- Up-to-date: /home/rpp/rpp_ws/install/ira_laser_tools/share/ira_laser_tools/cmake/ira_laser_toolsTargets.cmake
[1.532s] -- Up-to-date: /home/rpp/rpp_ws/install/ira_laser_tools/share/ira_laser_tools/cmake/ira_laser_toolsTargets-noconfig.cmake
[1.532s] -- Up-to-date: /home/rpp/rpp_ws/install/ira_laser_tools/share/ira_laser_tools/cmake/ira_laser_toolsTargetsExport.cmake
[1.532s] -- Up-to-date: /home/rpp/rpp_ws/install/ira_laser_tools/share/ira_laser_tools/cmake/ira_laser_toolsTargetsExport-noconfig.cmake
[1.735s] Invoked command in '/home/rpp/rpp_ws/build/ira_laser_tools' returned '0': CMAKE_PREFIX_PATH=${CMAKE_PREFIX_PATH}:/home/rpp/rpp_ws/install/setting_info:/home/rpp/rpp_ws/install/nav2_simple_commander:/home/rpp/rpp_ws/install/gui_control:/home/rpp/rpp_ws/install/graphic_display:/home/rpp/rpp_ws/install/linker_hand_ros2_sdk:/home/rpp/rpp_ws/install/bt_task_manager_ros2:/opt/ros/humble /usr/bin/cmake --install /home/rpp/rpp_ws/build/ira_laser_tools
