[0.072s] Invoking command in '/home/rpp/rpp_ws/build/cr100_description': CMAKE_PREFIX_PATH=${CMAKE_PREFIX_PATH}:/home/rpp/rpp_ws/install/setting_info:/home/rpp/rpp_ws/install/nav2_simple_commander:/home/rpp/rpp_ws/install/gui_control:/home/rpp/rpp_ws/install/graphic_display:/home/rpp/rpp_ws/install/linker_hand_ros2_sdk:/home/rpp/rpp_ws/install/bt_task_manager_ros2:/opt/ros/humble /usr/bin/cmake /home/rpp/rpp_ws/src/robot/cr100_description -DAMENT_CMAKE_SYMLINK_INSTALL=1 -DCMAKE_INSTALL_PREFIX=/home/rpp/rpp_ws/install/cr100_description
[1.135s] -- The C compiler identification is GNU 11.4.0
[1.136s] -- The CXX compiler identification is GNU 11.4.0
[1.137s] -- Detecting C compiler ABI info
[1.138s] -- Detecting C compiler ABI info - done
[1.139s] -- Check for working C compiler: /usr/bin/cc - skipped
[1.140s] -- Detecting C compile features
[1.141s] -- Detecting C compile features - done
[1.141s] -- Detecting CXX compiler ABI info
[1.143s] -- Detecting CXX compiler ABI info - done
[1.144s] -- Check for working CXX compiler: /usr/bin/c++ - skipped
[1.146s] -- Detecting CXX compile features
[1.146s] -- Detecting CXX compile features - done
[1.147s] -- Found ament_cmake: 1.3.11 (/opt/ros/humble/share/ament_cmake/cmake)
[1.149s] -- Found Python3: /usr/bin/python3 (found version "3.10.12") found components: Interpreter 
[1.150s] -- Override CMake install command with custom implementation using symlinks instead of copying resources
[1.150s] -- Found ament_lint_auto: 0.12.11 (/opt/ros/humble/share/ament_lint_auto/cmake)
[1.152s] -- Added test 'flake8' to check Python code syntax and style conventions
[1.152s] -- Added test 'lint_cmake' to check CMake code style
[1.153s] -- Added test 'pep257' to check Python code against some of the docstring style conventions in PEP 257
[1.153s] -- Added test 'xmllint' to check XML markup files
[1.153s] -- Configuring done
[1.155s] -- Generating done
[1.156s] -- Build files have been written to: /home/rpp/rpp_ws/build/cr100_description
[1.239s] Invoked command in '/home/rpp/rpp_ws/build/cr100_description' returned '0': CMAKE_PREFIX_PATH=${CMAKE_PREFIX_PATH}:/home/rpp/rpp_ws/install/setting_info:/home/rpp/rpp_ws/install/nav2_simple_commander:/home/rpp/rpp_ws/install/gui_control:/home/rpp/rpp_ws/install/graphic_display:/home/rpp/rpp_ws/install/linker_hand_ros2_sdk:/home/rpp/rpp_ws/install/bt_task_manager_ros2:/opt/ros/humble /usr/bin/cmake /home/rpp/rpp_ws/src/robot/cr100_description -DAMENT_CMAKE_SYMLINK_INSTALL=1 -DCMAKE_INSTALL_PREFIX=/home/rpp/rpp_ws/install/cr100_description
[1.240s] Invoking command in '/home/rpp/rpp_ws/build/cr100_description': CMAKE_PREFIX_PATH=${CMAKE_PREFIX_PATH}:/home/rpp/rpp_ws/install/setting_info:/home/rpp/rpp_ws/install/nav2_simple_commander:/home/rpp/rpp_ws/install/gui_control:/home/rpp/rpp_ws/install/graphic_display:/home/rpp/rpp_ws/install/linker_hand_ros2_sdk:/home/rpp/rpp_ws/install/bt_task_manager_ros2:/opt/ros/humble /usr/bin/cmake --build /home/rpp/rpp_ws/build/cr100_description -- -j24 -l24
[2.615s] Invoked command in '/home/rpp/rpp_ws/build/cr100_description' returned '0': CMAKE_PREFIX_PATH=${CMAKE_PREFIX_PATH}:/home/rpp/rpp_ws/install/setting_info:/home/rpp/rpp_ws/install/nav2_simple_commander:/home/rpp/rpp_ws/install/gui_control:/home/rpp/rpp_ws/install/graphic_display:/home/rpp/rpp_ws/install/linker_hand_ros2_sdk:/home/rpp/rpp_ws/install/bt_task_manager_ros2:/opt/ros/humble /usr/bin/cmake --build /home/rpp/rpp_ws/build/cr100_description -- -j24 -l24
[2.616s] Invoking command in '/home/rpp/rpp_ws/build/cr100_description': CMAKE_PREFIX_PATH=${CMAKE_PREFIX_PATH}:/home/rpp/rpp_ws/install/setting_info:/home/rpp/rpp_ws/install/nav2_simple_commander:/home/rpp/rpp_ws/install/gui_control:/home/rpp/rpp_ws/install/graphic_display:/home/rpp/rpp_ws/install/linker_hand_ros2_sdk:/home/rpp/rpp_ws/install/bt_task_manager_ros2:/opt/ros/humble /usr/bin/cmake --install /home/rpp/rpp_ws/build/cr100_description
[3.508s] -- Install configuration: ""
[3.509s] -- Execute custom install script
[3.510s] -- Symlinking: /home/rpp/rpp_ws/install/cr100_description/share/cr100_description/config/.gitkeep
[3.510s] -- Symlinking: /home/rpp/rpp_ws/install/cr100_description/share/cr100_description/config/ros2_controllers.yaml
[3.510s] -- Symlinking: /home/rpp/rpp_ws/install/cr100_description/share/cr100_description/launch/gazebo.launch.py
[3.510s] -- Symlinking: /home/rpp/rpp_ws/install/cr100_description/share/cr100_description/launch/view_robot.launch.py
[3.510s] -- Symlinking: /home/rpp/rpp_ws/install/cr100_description/share/cr100_description/meshes/arm_attach_link.STL
[3.510s] -- Symlinking: /home/rpp/rpp_ws/install/cr100_description/share/cr100_description/meshes/caster_LB_link.STL
[3.510s] -- Symlinking: /home/rpp/rpp_ws/install/cr100_description/share/cr100_description/meshes/caster_RB_link.STL
[3.510s] -- Symlinking: /home/rpp/rpp_ws/install/cr100_description/share/cr100_description/meshes/laser_B_link.STL
[3.510s] -- Symlinking: /home/rpp/rpp_ws/install/cr100_description/share/cr100_description/meshes/laser_F_link.STL
[3.510s] -- Symlinking: /home/rpp/rpp_ws/install/cr100_description/share/cr100_description/meshes/lidar_link.STL
[3.511s] -- Symlinking: /home/rpp/rpp_ws/install/cr100_description/share/cr100_description/meshes/trunk_link.STL
[3.511s] -- Symlinking: /home/rpp/rpp_ws/install/cr100_description/share/cr100_description/meshes/trunk_link_old.STL
[3.511s] -- Symlinking: /home/rpp/rpp_ws/install/cr100_description/share/cr100_description/meshes/wheel_LF_link.STL
[3.511s] -- Symlinking: /home/rpp/rpp_ws/install/cr100_description/share/cr100_description/meshes/wheel_RF_link.STL
[3.511s] -- Symlinking: /home/rpp/rpp_ws/install/cr100_description/share/cr100_description/xacro/arm_attach.xacro
[3.511s] -- Symlinking: /home/rpp/rpp_ws/install/cr100_description/share/cr100_description/xacro/const.xacro
[3.511s] -- Symlinking: /home/rpp/rpp_ws/install/cr100_description/share/cr100_description/xacro/cr100.xacro
[3.511s] -- Symlinking: /home/rpp/rpp_ws/install/cr100_description/share/cr100_description/xacro/cr100_macro.xacro
[3.511s] -- Symlinking: /home/rpp/rpp_ws/install/cr100_description/share/cr100_description/xacro/front_wheel.xacro
[3.512s] -- Symlinking: /home/rpp/rpp_ws/install/cr100_description/share/cr100_description/xacro/inertial_matrix.xacro
[3.512s] -- Symlinking: /home/rpp/rpp_ws/install/cr100_description/share/cr100_description/xacro/laser.xacro
[3.512s] -- Symlinking: /home/rpp/rpp_ws/install/cr100_description/share/cr100_description/xacro/lidar.xacro
[3.512s] -- Symlinking: /home/rpp/rpp_ws/install/cr100_description/share/cr100_description/xacro/rear_caster.xacro
[3.512s] -- Symlinking: /home/rpp/rpp_ws/install/cr100_description/share/cr100_description/xacro/trunk.xacro
[3.512s] -- Symlinking: /home/rpp/rpp_ws/install/cr100_description/share/cr100_description/rviz/view_robot.rviz
[3.512s] -- Symlinking: /home/rpp/rpp_ws/install/cr100_description/share/ament_index/resource_index/package_run_dependencies/cr100_description
[3.512s] -- Symlinking: /home/rpp/rpp_ws/install/cr100_description/share/ament_index/resource_index/parent_prefix_path/cr100_description
[3.512s] -- Symlinking: /home/rpp/rpp_ws/install/cr100_description/share/cr100_description/environment/ament_prefix_path.sh
[3.512s] -- Symlinking: /home/rpp/rpp_ws/install/cr100_description/share/cr100_description/environment/ament_prefix_path.dsv
[3.513s] -- Symlinking: /home/rpp/rpp_ws/install/cr100_description/share/cr100_description/environment/path.sh
[3.513s] -- Symlinking: /home/rpp/rpp_ws/install/cr100_description/share/cr100_description/environment/path.dsv
[3.513s] -- Symlinking: /home/rpp/rpp_ws/install/cr100_description/share/cr100_description/local_setup.bash
[3.521s] -- Symlinking: /home/rpp/rpp_ws/install/cr100_description/share/cr100_description/local_setup.sh
[3.522s] -- Symlinking: /home/rpp/rpp_ws/install/cr100_description/share/cr100_description/local_setup.zsh
[3.522s] -- Symlinking: /home/rpp/rpp_ws/install/cr100_description/share/cr100_description/local_setup.dsv
[3.522s] -- Symlinking: /home/rpp/rpp_ws/install/cr100_description/share/cr100_description/package.dsv
[3.522s] -- Symlinking: /home/rpp/rpp_ws/install/cr100_description/share/ament_index/resource_index/packages/cr100_description
[3.522s] -- Symlinking: /home/rpp/rpp_ws/install/cr100_description/share/cr100_description/cmake/cr100_descriptionConfig.cmake
[3.522s] -- Symlinking: /home/rpp/rpp_ws/install/cr100_description/share/cr100_description/cmake/cr100_descriptionConfig-version.cmake
[3.522s] -- Symlinking: /home/rpp/rpp_ws/install/cr100_description/share/cr100_description/package.xml
[3.555s] Invoked command in '/home/rpp/rpp_ws/build/cr100_description' returned '0': CMAKE_PREFIX_PATH=${CMAKE_PREFIX_PATH}:/home/rpp/rpp_ws/install/setting_info:/home/rpp/rpp_ws/install/nav2_simple_commander:/home/rpp/rpp_ws/install/gui_control:/home/rpp/rpp_ws/install/graphic_display:/home/rpp/rpp_ws/install/linker_hand_ros2_sdk:/home/rpp/rpp_ws/install/bt_task_manager_ros2:/opt/ros/humble /usr/bin/cmake --install /home/rpp/rpp_ws/build/cr100_description
