[0.326s] Invoking command in '/home/rpp/rpp_ws/build/motor_lift_sdk': CMAKE_PREFIX_PATH=${CMAKE_PREFIX_PATH}:/home/rpp/rpp_ws/install/setting_info:/home/rpp/rpp_ws/install/nav2_simple_commander:/home/rpp/rpp_ws/install/gui_control:/home/rpp/rpp_ws/install/graphic_display:/home/rpp/rpp_ws/install/linker_hand_ros2_sdk:/home/rpp/rpp_ws/install/bt_task_manager_ros2:/opt/ros/humble /usr/bin/cmake /home/rpp/rpp_ws/src/drivers/motor_lift_sdk -DCMAKE_INSTALL_PREFIX=/home/rpp/rpp_ws/install/motor_lift_sdk
[1.149s] -- The C compiler identification is GNU 11.4.0
[1.149s] -- The CXX compiler identification is GNU 11.4.0
[1.149s] -- Detecting C compiler ABI info
[1.149s] -- Detecting C compiler ABI info - done
[1.149s] -- Check for working C compiler: /usr/bin/cc - skipped
[1.149s] -- Detecting C compile features
[1.149s] -- Detecting C compile features - done
[1.149s] -- Detecting CXX compiler ABI info
[1.149s] -- Detecting CXX compiler ABI info - done
[1.149s] -- Check for working CXX compiler: /usr/bin/c++ - skipped
[1.150s] -- Detecting CXX compile features
[1.150s] -- Detecting CXX compile features - done
[1.150s] -- Configuring done
[1.150s] -- Generating done
[1.150s] -- Build files have been written to: /home/rpp/rpp_ws/build/motor_lift_sdk
[1.209s] Invoked command in '/home/rpp/rpp_ws/build/motor_lift_sdk' returned '0': CMAKE_PREFIX_PATH=${CMAKE_PREFIX_PATH}:/home/rpp/rpp_ws/install/setting_info:/home/rpp/rpp_ws/install/nav2_simple_commander:/home/rpp/rpp_ws/install/gui_control:/home/rpp/rpp_ws/install/graphic_display:/home/rpp/rpp_ws/install/linker_hand_ros2_sdk:/home/rpp/rpp_ws/install/bt_task_manager_ros2:/opt/ros/humble /usr/bin/cmake /home/rpp/rpp_ws/src/drivers/motor_lift_sdk -DCMAKE_INSTALL_PREFIX=/home/rpp/rpp_ws/install/motor_lift_sdk
[1.217s] Invoking command in '/home/rpp/rpp_ws/build/motor_lift_sdk': CMAKE_PREFIX_PATH=${CMAKE_PREFIX_PATH}:/home/rpp/rpp_ws/install/setting_info:/home/rpp/rpp_ws/install/nav2_simple_commander:/home/rpp/rpp_ws/install/gui_control:/home/rpp/rpp_ws/install/graphic_display:/home/rpp/rpp_ws/install/linker_hand_ros2_sdk:/home/rpp/rpp_ws/install/bt_task_manager_ros2:/opt/ros/humble /usr/bin/cmake --build /home/rpp/rpp_ws/build/motor_lift_sdk -- -j24 -l24
[2.179s] [ 14%] [32mBuilding CXX object CMakeFiles/motor_lift_sdk.dir/src/motor_lift.cpp.o[0m
[2.179s] [ 28%] [32mBuilding CXX object CMakeFiles/motor_lift_sdk.dir/src/can_motor.cpp.o[0m
[2.815s] [ 42%] [32m[1mLinking CXX shared library libmotor_lift_sdk.so[0m
[2.989s] [ 42%] Built target motor_lift_sdk
[3.043s] [ 57%] [32mBuilding CXX object CMakeFiles/rpp_keyboard_teleoperate.dir/src/can_motor.cpp.o[0m
[3.044s] [ 71%] [32mBuilding CXX object CMakeFiles/rpp_keyboard_teleoperate.dir/examples/keyboard_teleoperate.cpp.o[0m
[3.056s] [ 85%] [32mBuilding CXX object CMakeFiles/rpp_keyboard_teleoperate.dir/src/motor_lift.cpp.o[0m
[4.271s] [100%] [32m[1mLinking CXX executable rpp_keyboard_teleoperate[0m
[4.450s] [100%] Built target rpp_keyboard_teleoperate
[4.871s] Invoked command in '/home/rpp/rpp_ws/build/motor_lift_sdk' returned '0': CMAKE_PREFIX_PATH=${CMAKE_PREFIX_PATH}:/home/rpp/rpp_ws/install/setting_info:/home/rpp/rpp_ws/install/nav2_simple_commander:/home/rpp/rpp_ws/install/gui_control:/home/rpp/rpp_ws/install/graphic_display:/home/rpp/rpp_ws/install/linker_hand_ros2_sdk:/home/rpp/rpp_ws/install/bt_task_manager_ros2:/opt/ros/humble /usr/bin/cmake --build /home/rpp/rpp_ws/build/motor_lift_sdk -- -j24 -l24
[4.875s] Invoking command in '/home/rpp/rpp_ws/build/motor_lift_sdk': CMAKE_PREFIX_PATH=${CMAKE_PREFIX_PATH}:/home/rpp/rpp_ws/install/setting_info:/home/rpp/rpp_ws/install/nav2_simple_commander:/home/rpp/rpp_ws/install/gui_control:/home/rpp/rpp_ws/install/graphic_display:/home/rpp/rpp_ws/install/linker_hand_ros2_sdk:/home/rpp/rpp_ws/install/bt_task_manager_ros2:/opt/ros/humble /usr/bin/cmake --install /home/rpp/rpp_ws/build/motor_lift_sdk
[4.937s] -- Install configuration: "Debug"
[4.937s] -- Installing: /home/rpp/rpp_ws/install/motor_lift_sdk/lib/libmotor_lift_sdk.so
[4.937s] -- Installing: /home/rpp/rpp_ws/install/motor_lift_sdk/bin/rpp_keyboard_teleoperate
[4.937s] -- Set runtime path of "/home/rpp/rpp_ws/install/motor_lift_sdk/bin/rpp_keyboard_teleoperate" to ""
[4.937s] -- Installing: /home/rpp/rpp_ws/install/motor_lift_sdk/include
[4.938s] -- Installing: /home/rpp/rpp_ws/install/motor_lift_sdk/include/motor_lift
[4.938s] -- Installing: /home/rpp/rpp_ws/install/motor_lift_sdk/include/motor_lift/can_motor.h
[4.938s] -- Installing: /home/rpp/rpp_ws/install/motor_lift_sdk/include/motor_lift/motor_lift.h
[4.938s] -- Installing: /home/rpp/rpp_ws/install/motor_lift_sdk/share/motor_lift_sdk/cmake/motor_lift_sdkConfig.cmake
[4.938s] -- Installing: /home/rpp/rpp_ws/install/motor_lift_sdk/share/motor_lift_sdk/cmake/motor_lift_sdkConfig-debug.cmake
[5.045s] Invoked command in '/home/rpp/rpp_ws/build/motor_lift_sdk' returned '0': CMAKE_PREFIX_PATH=${CMAKE_PREFIX_PATH}:/home/rpp/rpp_ws/install/setting_info:/home/rpp/rpp_ws/install/nav2_simple_commander:/home/rpp/rpp_ws/install/gui_control:/home/rpp/rpp_ws/install/graphic_display:/home/rpp/rpp_ws/install/linker_hand_ros2_sdk:/home/rpp/rpp_ws/install/bt_task_manager_ros2:/opt/ros/humble /usr/bin/cmake --install /home/rpp/rpp_ws/build/motor_lift_sdk
