[0.642s] Invoking command in '/home/rpp/rpp_ws/build/ira_laser_tools': CMAKE_PREFIX_PATH=${CMAKE_PREFIX_PATH}:/home/rpp/rpp_ws/install/setting_info:/home/rpp/rpp_ws/install/nav2_simple_commander:/home/rpp/rpp_ws/install/gui_control:/home/rpp/rpp_ws/install/graphic_display:/home/rpp/rpp_ws/install/linker_hand_ros2_sdk:/home/rpp/rpp_ws/install/bt_task_manager_ros2:/opt/ros/humble /usr/bin/cmake /home/rpp/rpp_ws/src/tools/ira_laser_tools -DAMENT_CMAKE_SYMLINK_INSTALL=1 -DCMAKE_INSTALL_PREFIX=/home/rpp/rpp_ws/install/ira_laser_tools
[1.163s] -- The C compiler identification is GNU 11.4.0
[1.168s] -- The CXX compiler identification is GNU 11.4.0
[1.168s] -- Detecting C compiler ABI info
[1.168s] -- Detecting C compiler ABI info - done
[1.168s] -- Check for working C compiler: /usr/bin/cc - skipped
[1.168s] -- Detecting C compile features
[1.169s] -- Detecting C compile features - done
[1.169s] -- Detecting CXX compiler ABI info
[1.169s] -- Detecting CXX compiler ABI info - done
[1.183s] -- Check for working CXX compiler: /usr/bin/c++ - skipped
[1.183s] -- Detecting CXX compile features
[1.183s] -- Detecting CXX compile features - done
[1.187s] -- Found ament_cmake: 1.3.11 (/opt/ros/humble/share/ament_cmake/cmake)
[1.442s] -- Found Python3: /usr/bin/python3 (found version "3.10.12") found components: Interpreter 
[1.593s] -- Override CMake install command with custom implementation using symlinks instead of copying resources
[1.781s] -- Found rclcpp: 16.0.11 (/opt/ros/humble/share/rclcpp/cmake)
[1.937s] -- Found rosidl_generator_c: 3.1.6 (/opt/ros/humble/share/rosidl_generator_c/cmake)
[1.949s] -- Found rosidl_adapter: 3.1.6 (/opt/ros/humble/share/rosidl_adapter/cmake)
[1.966s] -- Found rosidl_generator_cpp: 3.1.6 (/opt/ros/humble/share/rosidl_generator_cpp/cmake)
[1.999s] -- Using all available rosidl_typesupport_c: rosidl_typesupport_fastrtps_c;rosidl_typesupport_introspection_c
[2.039s] -- Using all available rosidl_typesupport_cpp: rosidl_typesupport_fastrtps_cpp;rosidl_typesupport_introspection_cpp
[2.141s] -- Found rmw_implementation_cmake: 6.1.2 (/opt/ros/humble/share/rmw_implementation_cmake/cmake)
[2.161s] -- Found rmw_fastrtps_cpp: 6.2.7 (/opt/ros/humble/share/rmw_fastrtps_cpp/cmake)
[2.381s] -- Found OpenSSL: /usr/lib/x86_64-linux-gnu/libcrypto.so (found version "3.0.2")  
[2.434s] -- Found FastRTPS: /opt/ros/humble/include  
[2.524s] -- Using RMW implementation 'rmw_fastrtps_cpp' as default
[2.543s] -- Looking for pthread.h
[2.716s] -- Looking for pthread.h - found
[2.720s] -- Performing Test CMAKE_HAVE_LIBC_PTHREAD
[2.908s] -- Performing Test CMAKE_HAVE_LIBC_PTHREAD - Success
[2.917s] -- Found Threads: TRUE  
[3.042s] -- Found rclcpp_action: 16.0.11 (/opt/ros/humble/share/rclcpp_action/cmake)
[3.125s] -- Found rclcpp_lifecycle: 16.0.11 (/opt/ros/humble/share/rclcpp_lifecycle/cmake)
[3.166s] -- Found geometry_msgs: 4.2.4 (/opt/ros/humble/share/geometry_msgs/cmake)
[3.192s] -- Found sensor_msgs: 4.2.4 (/opt/ros/humble/share/sensor_msgs/cmake)
[3.266s] -- Found laser_geometry: 2.4.0 (/opt/ros/humble/share/laser_geometry/cmake)
[3.291s] -- Found tf2_ros: 0.25.12 (/opt/ros/humble/share/tf2_ros/cmake)
[3.402s] -- Found pcl_ros: 2.4.5 (/opt/ros/humble/share/pcl_ros/cmake)
[3.524s] -- Checking for module 'eigen3'
[3.541s] --   Found eigen3, version 3.4.0
[3.617s] -- Found Eigen: /usr/include/eigen3 (Required is at least version "3.1") 
[3.618s] -- Eigen found (include: /usr/include/eigen3, version: 3.4.0)
[3.805s] -- Checking for module 'flann'
[3.842s] --   Found flann, version 1.9.1
[3.941s] -- Found FLANN: /usr/lib/x86_64-linux-gnu/libflann_cpp.so  
[3.941s] -- FLANN found (include: /usr/include, lib: /usr/lib/x86_64-linux-gnu/libflann_cpp.so)
[6.874s] -- Checking for module 'libusb-1.0'
[7.019s] --   Found libusb-1.0, version 1.0.25
[7.250s] -- Found libusb: /usr/lib/x86_64-linux-gnu/libusb-1.0.so  
[7.253s] -- OpenNI found (version: 1.5.4.0, include: /usr/include/ni, lib: /usr/lib/libOpenNI.so;libusb::libusb)
[7.818s] -- OpenNI2 found (version: 2.2.0.33, include: /usr/include/openni2, lib: /usr/lib/x86_64-linux-gnu/libOpenNI2.so;libusb::libusb)
[8.464s] -- Eigen found (include: /usr/include/eigen3, version: 3.4.0)
[8.515s] -- OpenNI found (version: 1.5.4.0, include: /usr/include/ni, lib: /usr/lib/libOpenNI.so;libusb::libusb)
[8.579s] -- OpenNI2 found (version: 2.2.0.33, include: /usr/include/openni2, lib: /usr/lib/x86_64-linux-gnu/libOpenNI2.so;libusb::libusb)
[10.325s] -- Found Qhull version 8.0.2
[10.952s] -- OpenNI found (version: 1.5.4.0, include: /usr/include/ni, lib: /usr/lib/libOpenNI.so;libusb::libusb)
[11.258s] -- Found PCL_COMMON: /usr/lib/x86_64-linux-gnu/libpcl_common.so  
[11.258s] -- Found PCL_KDTREE: /usr/lib/x86_64-linux-gnu/libpcl_kdtree.so  
[11.258s] -- Found PCL_OCTREE: /usr/lib/x86_64-linux-gnu/libpcl_octree.so  
[11.258s] -- Found PCL_SEARCH: /usr/lib/x86_64-linux-gnu/libpcl_search.so  
[11.258s] -- Found PCL_SAMPLE_CONSENSUS: /usr/lib/x86_64-linux-gnu/libpcl_sample_consensus.so  
[11.259s] -- Found PCL_FILTERS: /usr/lib/x86_64-linux-gnu/libpcl_filters.so  
[11.259s] -- Found PCL_2D: /usr/include/pcl-1.12  
[11.259s] -- Found PCL_GEOMETRY: /usr/include/pcl-1.12  
[11.270s] -- Found PCL_IO: /usr/lib/x86_64-linux-gnu/libpcl_io.so  
[11.273s] -- Found PCL_FEATURES: /usr/lib/x86_64-linux-gnu/libpcl_features.so  
[11.273s] -- Found PCL_ML: /usr/lib/x86_64-linux-gnu/libpcl_ml.so  
[11.275s] -- Found PCL_SEGMENTATION: /usr/lib/x86_64-linux-gnu/libpcl_segmentation.so  
[11.276s] -- Found PCL_VISUALIZATION: /usr/lib/x86_64-linux-gnu/libpcl_visualization.so  
[11.276s] -- Found PCL_SURFACE: /usr/lib/x86_64-linux-gnu/libpcl_surface.so  
[11.280s] -- Found PCL_REGISTRATION: /usr/lib/x86_64-linux-gnu/libpcl_registration.so  
[11.280s] -- Found PCL_KEYPOINTS: /usr/lib/x86_64-linux-gnu/libpcl_keypoints.so  
[11.280s] -- Found PCL_TRACKING: /usr/lib/x86_64-linux-gnu/libpcl_tracking.so  
[11.280s] -- Found PCL_RECOGNITION: /usr/lib/x86_64-linux-gnu/libpcl_recognition.so  
[11.282s] -- Found PCL_STEREO: /usr/lib/x86_64-linux-gnu/libpcl_stereo.so  
[11.282s] -- Found PCL_APPS: /usr/lib/x86_64-linux-gnu/libpcl_apps.so  
[11.282s] -- Found PCL_IN_HAND_SCANNER: /usr/include/pcl-1.12  
[11.282s] -- Found PCL_MODELER: /usr/include/pcl-1.12  
[11.285s] -- Found PCL_POINT_CLOUD_EDITOR: /usr/include/pcl-1.12  
[11.285s] -- Found PCL_OUTOFCORE: /usr/lib/x86_64-linux-gnu/libpcl_outofcore.so  
[11.287s] -- Found PCL_PEOPLE: /usr/lib/x86_64-linux-gnu/libpcl_people.so  
[11.915s] -- Found Eigen3: TRUE (found version "3.4.0") 
[11.915s] -- Ensuring Eigen3 include directory is part of orocos-kdl CMake target
[13.239s] -- Configuring done
[13.552s] -- Generating done
[13.709s] -- Build files have been written to: /home/rpp/rpp_ws/build/ira_laser_tools
[13.750s] Invoked command in '/home/rpp/rpp_ws/build/ira_laser_tools' returned '0': CMAKE_PREFIX_PATH=${CMAKE_PREFIX_PATH}:/home/rpp/rpp_ws/install/setting_info:/home/rpp/rpp_ws/install/nav2_simple_commander:/home/rpp/rpp_ws/install/gui_control:/home/rpp/rpp_ws/install/graphic_display:/home/rpp/rpp_ws/install/linker_hand_ros2_sdk:/home/rpp/rpp_ws/install/bt_task_manager_ros2:/opt/ros/humble /usr/bin/cmake /home/rpp/rpp_ws/src/tools/ira_laser_tools -DAMENT_CMAKE_SYMLINK_INSTALL=1 -DCMAKE_INSTALL_PREFIX=/home/rpp/rpp_ws/install/ira_laser_tools
[13.765s] Invoking command in '/home/rpp/rpp_ws/build/ira_laser_tools': CMAKE_PREFIX_PATH=${CMAKE_PREFIX_PATH}:/home/rpp/rpp_ws/install/setting_info:/home/rpp/rpp_ws/install/nav2_simple_commander:/home/rpp/rpp_ws/install/gui_control:/home/rpp/rpp_ws/install/graphic_display:/home/rpp/rpp_ws/install/linker_hand_ros2_sdk:/home/rpp/rpp_ws/install/bt_task_manager_ros2:/opt/ros/humble /usr/bin/cmake --build /home/rpp/rpp_ws/build/ira_laser_tools -- -j24 -l24
[14.275s] [ 16%] [32mBuilding CXX object CMakeFiles/laserscan_virtualizer.dir/src/laserscan_virtualizer.cpp.o[0m
[14.276s] [ 33%] [32mBuilding CXX object CMakeFiles/laserscan_multi_merger.dir/src/laserscan_multi_merger.cpp.o[0m
[14.276s] [ 50%] [32mBuilding CXX object CMakeFiles/ira_laser_tools.dir/src/laserscan_multi_merger.cpp.o[0m
[51.969s] [ 66%] [32m[1mLinking CXX shared library libira_laser_tools.so[0m
[53.276s] [ 83%] [32m[1mLinking CXX executable laserscan_virtualizer[0m
[54.713s] [ 83%] Built target ira_laser_tools
[54.726s] [100%] [32m[1mLinking CXX executable laserscan_multi_merger[0m
[55.080s] [100%] Built target laserscan_virtualizer
[56.761s] [100%] Built target laserscan_multi_merger
[56.783s] Invoked command in '/home/rpp/rpp_ws/build/ira_laser_tools' returned '0': CMAKE_PREFIX_PATH=${CMAKE_PREFIX_PATH}:/home/rpp/rpp_ws/install/setting_info:/home/rpp/rpp_ws/install/nav2_simple_commander:/home/rpp/rpp_ws/install/gui_control:/home/rpp/rpp_ws/install/graphic_display:/home/rpp/rpp_ws/install/linker_hand_ros2_sdk:/home/rpp/rpp_ws/install/bt_task_manager_ros2:/opt/ros/humble /usr/bin/cmake --build /home/rpp/rpp_ws/build/ira_laser_tools -- -j24 -l24
[56.789s] Invoking command in '/home/rpp/rpp_ws/build/ira_laser_tools': CMAKE_PREFIX_PATH=${CMAKE_PREFIX_PATH}:/home/rpp/rpp_ws/install/setting_info:/home/rpp/rpp_ws/install/nav2_simple_commander:/home/rpp/rpp_ws/install/gui_control:/home/rpp/rpp_ws/install/graphic_display:/home/rpp/rpp_ws/install/linker_hand_ros2_sdk:/home/rpp/rpp_ws/install/bt_task_manager_ros2:/opt/ros/humble /usr/bin/cmake --install /home/rpp/rpp_ws/build/ira_laser_tools
[56.797s] -- Install configuration: ""
[56.802s] -- Execute custom install script
[56.802s] -- Symlinking: /home/rpp/rpp_ws/install/ira_laser_tools/lib/libira_laser_tools.so
[56.823s] -- Symlinking: /home/rpp/rpp_ws/install/ira_laser_tools/lib/ira_laser_tools/laserscan_multi_merger
[56.840s] -- Symlinking: /home/rpp/rpp_ws/install/ira_laser_tools/lib/ira_laser_tools/laserscan_virtualizer
[56.857s] -- Symlinking: /home/rpp/rpp_ws/install/ira_laser_tools/share/ira_laser_tools/environment/library_path.sh
[56.873s] -- Symlinking: /home/rpp/rpp_ws/install/ira_laser_tools/share/ira_laser_tools/environment/library_path.dsv
[56.890s] -- Symlinking: /home/rpp/rpp_ws/install/ira_laser_tools/share/ira_laser_tools/launch/laserscan_multi_merger.launch
[56.905s] -- Symlinking: /home/rpp/rpp_ws/install/ira_laser_tools/share/ira_laser_tools/launch/laserscan_virtualizer.launch
[56.917s] -- Symlinking: /home/rpp/rpp_ws/install/ira_laser_tools/include/ira_laser_tools/laserscan_multi_merger.hpp
[56.930s] -- Symlinking: /home/rpp/rpp_ws/install/ira_laser_tools/share/ament_index/resource_index/package_run_dependencies/ira_laser_tools
[56.954s] -- Symlinking: /home/rpp/rpp_ws/install/ira_laser_tools/share/ament_index/resource_index/parent_prefix_path/ira_laser_tools
[56.974s] -- Symlinking: /home/rpp/rpp_ws/install/ira_laser_tools/share/ira_laser_tools/environment/ament_prefix_path.sh
[56.992s] -- Symlinking: /home/rpp/rpp_ws/install/ira_laser_tools/share/ira_laser_tools/environment/ament_prefix_path.dsv
[57.010s] -- Symlinking: /home/rpp/rpp_ws/install/ira_laser_tools/share/ira_laser_tools/environment/path.sh
[57.027s] -- Symlinking: /home/rpp/rpp_ws/install/ira_laser_tools/share/ira_laser_tools/environment/path.dsv
[57.046s] -- Symlinking: /home/rpp/rpp_ws/install/ira_laser_tools/share/ira_laser_tools/local_setup.bash
[57.059s] -- Symlinking: /home/rpp/rpp_ws/install/ira_laser_tools/share/ira_laser_tools/local_setup.sh
[57.079s] -- Symlinking: /home/rpp/rpp_ws/install/ira_laser_tools/share/ira_laser_tools/local_setup.zsh
[57.107s] -- Symlinking: /home/rpp/rpp_ws/install/ira_laser_tools/share/ira_laser_tools/local_setup.dsv
[57.120s] -- Symlinking: /home/rpp/rpp_ws/install/ira_laser_tools/share/ira_laser_tools/package.dsv
[57.145s] -- Symlinking: /home/rpp/rpp_ws/install/ira_laser_tools/share/ament_index/resource_index/packages/ira_laser_tools
[57.166s] -- Symlinking: /home/rpp/rpp_ws/install/ira_laser_tools/share/ament_index/resource_index/rclcpp_components/ira_laser_tools
[57.188s] -- Symlinking: /home/rpp/rpp_ws/install/ira_laser_tools/share/ira_laser_tools/cmake/ament_cmake_export_include_directories-extras.cmake
[57.203s] -- Symlinking: /home/rpp/rpp_ws/install/ira_laser_tools/share/ira_laser_tools/cmake/ament_cmake_export_targets-extras.cmake
[57.219s] -- Symlinking: /home/rpp/rpp_ws/install/ira_laser_tools/share/ira_laser_tools/cmake/ament_cmake_export_libraries-extras.cmake
[57.234s] -- Symlinking: /home/rpp/rpp_ws/install/ira_laser_tools/share/ira_laser_tools/cmake/ament_cmake_export_dependencies-extras.cmake
[57.252s] -- Symlinking: /home/rpp/rpp_ws/install/ira_laser_tools/share/ira_laser_tools/cmake/ira_laser_toolsConfig.cmake
[57.270s] -- Symlinking: /home/rpp/rpp_ws/install/ira_laser_tools/share/ira_laser_tools/cmake/ira_laser_toolsConfig-version.cmake
[57.289s] -- Symlinking: /home/rpp/rpp_ws/install/ira_laser_tools/share/ira_laser_tools/package.xml
[57.310s] -- Installing: /home/rpp/rpp_ws/install/ira_laser_tools/share/ira_laser_tools/cmake/ira_laser_toolsTargets.cmake
[57.310s] -- Installing: /home/rpp/rpp_ws/install/ira_laser_tools/share/ira_laser_tools/cmake/ira_laser_toolsTargets-noconfig.cmake
[57.310s] -- Installing: /home/rpp/rpp_ws/install/ira_laser_tools/share/ira_laser_tools/cmake/ira_laser_toolsTargetsExport.cmake
[57.310s] -- Installing: /home/rpp/rpp_ws/install/ira_laser_tools/share/ira_laser_tools/cmake/ira_laser_toolsTargetsExport-noconfig.cmake
[57.316s] Invoked command in '/home/rpp/rpp_ws/build/ira_laser_tools' returned '0': CMAKE_PREFIX_PATH=${CMAKE_PREFIX_PATH}:/home/rpp/rpp_ws/install/setting_info:/home/rpp/rpp_ws/install/nav2_simple_commander:/home/rpp/rpp_ws/install/gui_control:/home/rpp/rpp_ws/install/graphic_display:/home/rpp/rpp_ws/install/linker_hand_ros2_sdk:/home/rpp/rpp_ws/install/bt_task_manager_ros2:/opt/ros/humble /usr/bin/cmake --install /home/rpp/rpp_ws/build/ira_laser_tools
