-- The C compiler identification is GNU 11.4.0
-- The CXX compiler identification is GNU 11.4.0
-- Detecting C compiler ABI info
-- Detecting C compiler ABI info - done
-- Check for working C compiler: /usr/bin/cc - skipped
-- Detecting C compile features
-- Detecting C compile features - done
-- Detecting CXX compiler ABI info
-- Detecting CXX compiler ABI info - done
-- Check for working CXX compiler: /usr/bin/c++ - skipped
-- Detecting CXX compile features
-- Detecting CXX compile features - done
-- Found ament_cmake: 1.3.11 (/opt/ros/humble/share/ament_cmake/cmake)
-- Found Python3: /usr/bin/python3 (found version "3.10.12") found components: Interpreter 
-- Override CMake install command with custom implementation using symlinks instead of copying resources
-- Found ament_lint_auto: 0.12.11 (/opt/ros/humble/share/ament_lint_auto/cmake)
-- Added test 'flake8' to check Python code syntax and style conventions
-- Added test 'lint_cmake' to check CMake code style
-- Added test 'pep257' to check Python code against some of the docstring style conventions in PEP 257
-- Added test 'xmllint' to check XML markup files
-- Configuring done
-- Generating done
-- Build files have been written to: /home/rpp/rpp_ws/build/navigation_2d
-- Install configuration: ""
-- Execute custom install script
-- Symlinking: /home/rpp/rpp_ws/install/navigation_2d/share/navigation_2d/launch/amcl_navigation.launch.py
-- Symlinking: /home/rpp/rpp_ws/install/navigation_2d/share/navigation_2d/launch/fast_lio_navigation.launch.py
-- Symlinking: /home/rpp/rpp_ws/install/navigation_2d/share/navigation_2d/launch/localization_amcl.launch.py
-- Symlinking: /home/rpp/rpp_ws/install/navigation_2d/share/navigation_2d/launch/localization_lio.launch.py
-- Symlinking: /home/rpp/rpp_ws/install/navigation_2d/share/navigation_2d/launch/navigation.launch.py
-- Symlinking: /home/rpp/rpp_ws/install/navigation_2d/share/ament_index/resource_index/package_run_dependencies/navigation_2d
-- Symlinking: /home/rpp/rpp_ws/install/navigation_2d/share/ament_index/resource_index/parent_prefix_path/navigation_2d
-- Symlinking: /home/rpp/rpp_ws/install/navigation_2d/share/navigation_2d/environment/ament_prefix_path.sh
-- Symlinking: /home/rpp/rpp_ws/install/navigation_2d/share/navigation_2d/environment/ament_prefix_path.dsv
-- Symlinking: /home/rpp/rpp_ws/install/navigation_2d/share/navigation_2d/environment/path.sh
-- Symlinking: /home/rpp/rpp_ws/install/navigation_2d/share/navigation_2d/environment/path.dsv
-- Symlinking: /home/rpp/rpp_ws/install/navigation_2d/share/navigation_2d/local_setup.bash
-- Symlinking: /home/rpp/rpp_ws/install/navigation_2d/share/navigation_2d/local_setup.sh
-- Symlinking: /home/rpp/rpp_ws/install/navigation_2d/share/navigation_2d/local_setup.zsh
-- Symlinking: /home/rpp/rpp_ws/install/navigation_2d/share/navigation_2d/local_setup.dsv
-- Symlinking: /home/rpp/rpp_ws/install/navigation_2d/share/navigation_2d/package.dsv
-- Symlinking: /home/rpp/rpp_ws/install/navigation_2d/share/ament_index/resource_index/packages/navigation_2d
-- Symlinking: /home/rpp/rpp_ws/install/navigation_2d/share/navigation_2d/cmake/navigation_2dConfig.cmake
-- Symlinking: /home/rpp/rpp_ws/install/navigation_2d/share/navigation_2d/cmake/navigation_2dConfig-version.cmake
-- Symlinking: /home/rpp/rpp_ws/install/navigation_2d/share/navigation_2d/package.xml
