[0.073s] Invoking command in '/home/rpp/rpp_ws/build/nav2_common': CMAKE_PREFIX_PATH=${CMAKE_PREFIX_PATH}:/home/rpp/rpp_ws/install/setting_info:/home/rpp/rpp_ws/install/nav2_simple_commander:/home/rpp/rpp_ws/install/gui_control:/home/rpp/rpp_ws/install/graphic_display:/home/rpp/rpp_ws/install/linker_hand_ros2_sdk:/home/rpp/rpp_ws/install/bt_task_manager_ros2:/opt/ros/humble /usr/bin/cmake /home/rpp/rpp_ws/src/navigation/navigation2/nav2_common -DAMENT_CMAKE_SYMLINK_INSTALL=1 -DCMAKE_INSTALL_PREFIX=/home/rpp/rpp_ws/install/nav2_common
[1.122s] -- Found ament_cmake_core: 1.3.11 (/opt/ros/humble/share/ament_cmake_core/cmake)
[1.122s] -- Found Python3: /usr/bin/python3 (found version "3.10.12") found components: Interpreter 
[1.123s] -- Override CMake install command with custom implementation using symlinks instead of copying resources
[1.123s] -- Found ament_cmake_python: 1.3.11 (/opt/ros/humble/share/ament_cmake_python/cmake)
[1.123s] -- Configuring done
[1.123s] -- Generating done
[1.123s] -- Build files have been written to: /home/rpp/rpp_ws/build/nav2_common
[1.228s] Invoked command in '/home/rpp/rpp_ws/build/nav2_common' returned '0': CMAKE_PREFIX_PATH=${CMAKE_PREFIX_PATH}:/home/rpp/rpp_ws/install/setting_info:/home/rpp/rpp_ws/install/nav2_simple_commander:/home/rpp/rpp_ws/install/gui_control:/home/rpp/rpp_ws/install/graphic_display:/home/rpp/rpp_ws/install/linker_hand_ros2_sdk:/home/rpp/rpp_ws/install/bt_task_manager_ros2:/opt/ros/humble /usr/bin/cmake /home/rpp/rpp_ws/src/navigation/navigation2/nav2_common -DAMENT_CMAKE_SYMLINK_INSTALL=1 -DCMAKE_INSTALL_PREFIX=/home/rpp/rpp_ws/install/nav2_common
[1.229s] Invoking command in '/home/rpp/rpp_ws/build/nav2_common': CMAKE_PREFIX_PATH=${CMAKE_PREFIX_PATH}:/home/rpp/rpp_ws/install/setting_info:/home/rpp/rpp_ws/install/nav2_simple_commander:/home/rpp/rpp_ws/install/gui_control:/home/rpp/rpp_ws/install/graphic_display:/home/rpp/rpp_ws/install/linker_hand_ros2_sdk:/home/rpp/rpp_ws/install/bt_task_manager_ros2:/opt/ros/humble /usr/bin/cmake --build /home/rpp/rpp_ws/build/nav2_common -- -j24 -l24
[2.193s] Built target ament_cmake_python_symlink_nav2_common
[2.193s] running egg_info
[2.193s] creating nav2_common.egg-info
[2.194s] writing nav2_common.egg-info/PKG-INFO
[2.194s] writing dependency_links to nav2_common.egg-info/dependency_links.txt
[2.195s] writing top-level names to nav2_common.egg-info/top_level.txt
[2.199s] writing manifest file 'nav2_common.egg-info/SOURCES.txt'
[2.199s] reading manifest file 'nav2_common.egg-info/SOURCES.txt'
[2.199s] writing manifest file 'nav2_common.egg-info/SOURCES.txt'
[2.199s] Built target ament_cmake_python_build_nav2_common_egg
[2.201s] Invoked command in '/home/rpp/rpp_ws/build/nav2_common' returned '0': CMAKE_PREFIX_PATH=${CMAKE_PREFIX_PATH}:/home/rpp/rpp_ws/install/setting_info:/home/rpp/rpp_ws/install/nav2_simple_commander:/home/rpp/rpp_ws/install/gui_control:/home/rpp/rpp_ws/install/graphic_display:/home/rpp/rpp_ws/install/linker_hand_ros2_sdk:/home/rpp/rpp_ws/install/bt_task_manager_ros2:/opt/ros/humble /usr/bin/cmake --build /home/rpp/rpp_ws/build/nav2_common -- -j24 -l24
[2.217s] Invoking command in '/home/rpp/rpp_ws/build/nav2_common': CMAKE_PREFIX_PATH=${CMAKE_PREFIX_PATH}:/home/rpp/rpp_ws/install/setting_info:/home/rpp/rpp_ws/install/nav2_simple_commander:/home/rpp/rpp_ws/install/gui_control:/home/rpp/rpp_ws/install/graphic_display:/home/rpp/rpp_ws/install/linker_hand_ros2_sdk:/home/rpp/rpp_ws/install/bt_task_manager_ros2:/opt/ros/humble /usr/bin/cmake --install /home/rpp/rpp_ws/build/nav2_common
[3.263s] -- Install configuration: ""
[3.263s] -- Execute custom install script
[3.265s] -- Symlinking: /home/rpp/rpp_ws/install/nav2_common/share/nav2_common/environment/pythonpath.sh
[3.266s] -- Symlinking: /home/rpp/rpp_ws/install/nav2_common/share/nav2_common/environment/pythonpath.dsv
[3.266s] -- Symlinking: /home/rpp/rpp_ws/install/nav2_common/local/lib/python3.10/dist-packages/nav2_common-1.1.17-py3.10.egg-info/PKG-INFO
[3.267s] -- Symlinking: /home/rpp/rpp_ws/install/nav2_common/local/lib/python3.10/dist-packages/nav2_common-1.1.17-py3.10.egg-info/SOURCES.txt
[3.267s] -- Symlinking: /home/rpp/rpp_ws/install/nav2_common/local/lib/python3.10/dist-packages/nav2_common-1.1.17-py3.10.egg-info/dependency_links.txt
[3.267s] -- Symlinking: /home/rpp/rpp_ws/install/nav2_common/local/lib/python3.10/dist-packages/nav2_common-1.1.17-py3.10.egg-info/top_level.txt
[3.267s] -- Symlinking: /home/rpp/rpp_ws/install/nav2_common/local/lib/python3.10/dist-packages/nav2_common/__init__.py
[3.267s] -- Symlinking: /home/rpp/rpp_ws/install/nav2_common/local/lib/python3.10/dist-packages/nav2_common/launch/__init__.py
[3.269s] -- Symlinking: /home/rpp/rpp_ws/install/nav2_common/local/lib/python3.10/dist-packages/nav2_common/launch/has_node_params.py
[3.269s] -- Symlinking: /home/rpp/rpp_ws/install/nav2_common/local/lib/python3.10/dist-packages/nav2_common/launch/parse_multirobot_pose.py
[3.269s] -- Symlinking: /home/rpp/rpp_ws/install/nav2_common/local/lib/python3.10/dist-packages/nav2_common/launch/replace_string.py
[3.270s] -- Symlinking: /home/rpp/rpp_ws/install/nav2_common/local/lib/python3.10/dist-packages/nav2_common/launch/rewritten_yaml.py
[3.270s] -- Symlinking: /home/rpp/rpp_ws/install/nav2_common/share/ament_index/resource_index/package_run_dependencies/nav2_common
[3.270s] -- Symlinking: /home/rpp/rpp_ws/install/nav2_common/share/ament_index/resource_index/parent_prefix_path/nav2_common
[3.270s] -- Symlinking: /home/rpp/rpp_ws/install/nav2_common/share/nav2_common/environment/ament_prefix_path.sh
[3.270s] -- Symlinking: /home/rpp/rpp_ws/install/nav2_common/share/nav2_common/environment/ament_prefix_path.dsv
[3.270s] -- Symlinking: /home/rpp/rpp_ws/install/nav2_common/share/nav2_common/environment/path.sh
[3.270s] -- Symlinking: /home/rpp/rpp_ws/install/nav2_common/share/nav2_common/environment/path.dsv
[3.271s] -- Symlinking: /home/rpp/rpp_ws/install/nav2_common/share/nav2_common/local_setup.bash
[3.271s] -- Symlinking: /home/rpp/rpp_ws/install/nav2_common/share/nav2_common/local_setup.sh
[3.274s] -- Symlinking: /home/rpp/rpp_ws/install/nav2_common/share/nav2_common/local_setup.zsh
[3.274s] -- Symlinking: /home/rpp/rpp_ws/install/nav2_common/share/nav2_common/local_setup.dsv
[3.274s] -- Symlinking: /home/rpp/rpp_ws/install/nav2_common/share/nav2_common/package.dsv
[3.275s] -- Symlinking: /home/rpp/rpp_ws/install/nav2_common/share/ament_index/resource_index/packages/nav2_common
[3.275s] -- Symlinking: /home/rpp/rpp_ws/install/nav2_common/share/nav2_common/cmake/nav2_common-extras.cmake
[3.277s] -- Symlinking: /home/rpp/rpp_ws/install/nav2_common/share/nav2_common/cmake/nav2_commonConfig.cmake
[3.286s] -- Symlinking: /home/rpp/rpp_ws/install/nav2_common/share/nav2_common/cmake/nav2_commonConfig-version.cmake
[3.286s] -- Symlinking: /home/rpp/rpp_ws/install/nav2_common/share/nav2_common/package.xml
[3.287s] -- Symlinking: /home/rpp/rpp_ws/install/nav2_common/share/nav2_common/cmake/nav2_package.cmake
[3.287s] Listing '/home/rpp/rpp_ws/install/nav2_common/local/lib/python3.10/dist-packages/nav2_common'...
[3.287s] Compiling '/home/rpp/rpp_ws/install/nav2_common/local/lib/python3.10/dist-packages/nav2_common/__init__.py'...
[3.287s] Listing '/home/rpp/rpp_ws/install/nav2_common/local/lib/python3.10/dist-packages/nav2_common/launch'...
[3.288s] Compiling '/home/rpp/rpp_ws/install/nav2_common/local/lib/python3.10/dist-packages/nav2_common/launch/__init__.py'...
[3.288s] Compiling '/home/rpp/rpp_ws/install/nav2_common/local/lib/python3.10/dist-packages/nav2_common/launch/has_node_params.py'...
[3.291s] Compiling '/home/rpp/rpp_ws/install/nav2_common/local/lib/python3.10/dist-packages/nav2_common/launch/parse_multirobot_pose.py'...
[3.291s] Compiling '/home/rpp/rpp_ws/install/nav2_common/local/lib/python3.10/dist-packages/nav2_common/launch/replace_string.py'...
[3.292s] Compiling '/home/rpp/rpp_ws/install/nav2_common/local/lib/python3.10/dist-packages/nav2_common/launch/rewritten_yaml.py'...
[3.318s] Invoked command in '/home/rpp/rpp_ws/build/nav2_common' returned '0': CMAKE_PREFIX_PATH=${CMAKE_PREFIX_PATH}:/home/rpp/rpp_ws/install/setting_info:/home/rpp/rpp_ws/install/nav2_simple_commander:/home/rpp/rpp_ws/install/gui_control:/home/rpp/rpp_ws/install/graphic_display:/home/rpp/rpp_ws/install/linker_hand_ros2_sdk:/home/rpp/rpp_ws/install/bt_task_manager_ros2:/opt/ros/humble /usr/bin/cmake --install /home/rpp/rpp_ws/build/nav2_common
