[35m[1mConsolidate compiler generated dependencies of target rpp_ros_driver_node[0m
[100%] Built target rpp_ros_driver_node
-- Install configuration: ""
-- Execute custom install script
-- Up-to-date symlink: /home/rpp/rpp_ws/install/rpp_ros_driver/lib/rpp_ros_driver/rpp_ros_driver_node
-- Up-to-date symlink: /home/rpp/rpp_ws/install/rpp_ros_driver/share/rpp_ros_driver/launch/driver.launch.py
-- Up-to-date symlink: /home/rpp/rpp_ws/install/rpp_ros_driver/share/rpp_ros_driver/launch/joy_teleop.launch.py
-- Up-to-date symlink: /home/rpp/rpp_ws/install/rpp_ros_driver/share/rpp_ros_driver/config/config.yaml
-- Up-to-date symlink: /home/rpp/rpp_ws/install/rpp_ros_driver/share/ament_index/resource_index/package_run_dependencies/rpp_ros_driver
-- Up-to-date symlink: /home/rpp/rpp_ws/install/rpp_ros_driver/share/ament_index/resource_index/parent_prefix_path/rpp_ros_driver
-- Up-to-date symlink: /home/rpp/rpp_ws/install/rpp_ros_driver/share/rpp_ros_driver/environment/ament_prefix_path.sh
-- Up-to-date symlink: /home/rpp/rpp_ws/install/rpp_ros_driver/share/rpp_ros_driver/environment/ament_prefix_path.dsv
-- Up-to-date symlink: /home/rpp/rpp_ws/install/rpp_ros_driver/share/rpp_ros_driver/environment/path.sh
-- Up-to-date symlink: /home/rpp/rpp_ws/install/rpp_ros_driver/share/rpp_ros_driver/environment/path.dsv
-- Up-to-date symlink: /home/rpp/rpp_ws/install/rpp_ros_driver/share/rpp_ros_driver/local_setup.bash
-- Up-to-date symlink: /home/rpp/rpp_ws/install/rpp_ros_driver/share/rpp_ros_driver/local_setup.sh
-- Up-to-date symlink: /home/rpp/rpp_ws/install/rpp_ros_driver/share/rpp_ros_driver/local_setup.zsh
-- Up-to-date symlink: /home/rpp/rpp_ws/install/rpp_ros_driver/share/rpp_ros_driver/local_setup.dsv
-- Symlinking: /home/rpp/rpp_ws/install/rpp_ros_driver/share/rpp_ros_driver/package.dsv
-- Up-to-date symlink: /home/rpp/rpp_ws/install/rpp_ros_driver/share/ament_index/resource_index/packages/rpp_ros_driver
-- Up-to-date symlink: /home/rpp/rpp_ws/install/rpp_ros_driver/share/rpp_ros_driver/cmake/rpp_ros_driverConfig.cmake
-- Up-to-date symlink: /home/rpp/rpp_ws/install/rpp_ros_driver/share/rpp_ros_driver/cmake/rpp_ros_driverConfig-version.cmake
-- Up-to-date symlink: /home/rpp/rpp_ws/install/rpp_ros_driver/share/rpp_ros_driver/package.xml
