[0.146s] Invoking command in '/home/rpp/rpp_ws/build/nav2_common': CMAKE_PREFIX_PATH=${CMAKE_PREFIX_PATH}:/home/rpp/rpp_ws/install/setting_info:/home/rpp/rpp_ws/install/nav2_simple_commander:/home/rpp/rpp_ws/install/gui_control:/home/rpp/rpp_ws/install/graphic_display:/home/rpp/rpp_ws/install/linker_hand_ros2_sdk:/home/rpp/rpp_ws/install/bt_task_manager_ros2:/opt/ros/humble /usr/bin/cmake --build /home/rpp/rpp_ws/build/nav2_common -- -j24 -l24
[1.313s] Built target ament_cmake_python_symlink_nav2_common
[1.314s] running egg_info
[1.315s] writing nav2_common.egg-info/PKG-INFO
[1.315s] writing dependency_links to nav2_common.egg-info/dependency_links.txt
[1.315s] writing top-level names to nav2_common.egg-info/top_level.txt
[1.315s] reading manifest file 'nav2_common.egg-info/SOURCES.txt'
[1.315s] writing manifest file 'nav2_common.egg-info/SOURCES.txt'
[1.315s] Built target ament_cmake_python_build_nav2_common_egg
[1.374s] Invoked command in '/home/rpp/rpp_ws/build/nav2_common' returned '0': CMAKE_PREFIX_PATH=${CMAKE_PREFIX_PATH}:/home/rpp/rpp_ws/install/setting_info:/home/rpp/rpp_ws/install/nav2_simple_commander:/home/rpp/rpp_ws/install/gui_control:/home/rpp/rpp_ws/install/graphic_display:/home/rpp/rpp_ws/install/linker_hand_ros2_sdk:/home/rpp/rpp_ws/install/bt_task_manager_ros2:/opt/ros/humble /usr/bin/cmake --build /home/rpp/rpp_ws/build/nav2_common -- -j24 -l24
[1.374s] Invoking command in '/home/rpp/rpp_ws/build/nav2_common': CMAKE_PREFIX_PATH=${CMAKE_PREFIX_PATH}:/home/rpp/rpp_ws/install/setting_info:/home/rpp/rpp_ws/install/nav2_simple_commander:/home/rpp/rpp_ws/install/gui_control:/home/rpp/rpp_ws/install/graphic_display:/home/rpp/rpp_ws/install/linker_hand_ros2_sdk:/home/rpp/rpp_ws/install/bt_task_manager_ros2:/opt/ros/humble /usr/bin/cmake --install /home/rpp/rpp_ws/build/nav2_common
[1.483s] -- Install configuration: ""
[1.483s] -- Execute custom install script
[1.483s] -- Up-to-date symlink: /home/rpp/rpp_ws/install/nav2_common/share/nav2_common/environment/pythonpath.sh
[1.483s] -- Up-to-date symlink: /home/rpp/rpp_ws/install/nav2_common/share/nav2_common/environment/pythonpath.dsv
[1.483s] -- Up-to-date symlink: /home/rpp/rpp_ws/install/nav2_common/local/lib/python3.10/dist-packages/nav2_common-1.1.17-py3.10.egg-info/PKG-INFO
[1.483s] -- Up-to-date symlink: /home/rpp/rpp_ws/install/nav2_common/local/lib/python3.10/dist-packages/nav2_common-1.1.17-py3.10.egg-info/SOURCES.txt
[1.483s] -- Up-to-date symlink: /home/rpp/rpp_ws/install/nav2_common/local/lib/python3.10/dist-packages/nav2_common-1.1.17-py3.10.egg-info/dependency_links.txt
[1.483s] -- Up-to-date symlink: /home/rpp/rpp_ws/install/nav2_common/local/lib/python3.10/dist-packages/nav2_common-1.1.17-py3.10.egg-info/top_level.txt
[1.483s] -- Up-to-date symlink: /home/rpp/rpp_ws/install/nav2_common/local/lib/python3.10/dist-packages/nav2_common/__init__.py
[1.483s] -- Up-to-date symlink: /home/rpp/rpp_ws/install/nav2_common/local/lib/python3.10/dist-packages/nav2_common/launch/__init__.py
[1.483s] -- Up-to-date symlink: /home/rpp/rpp_ws/install/nav2_common/local/lib/python3.10/dist-packages/nav2_common/launch/has_node_params.py
[1.483s] -- Up-to-date symlink: /home/rpp/rpp_ws/install/nav2_common/local/lib/python3.10/dist-packages/nav2_common/launch/parse_multirobot_pose.py
[1.483s] -- Up-to-date symlink: /home/rpp/rpp_ws/install/nav2_common/local/lib/python3.10/dist-packages/nav2_common/launch/replace_string.py
[1.483s] -- Up-to-date symlink: /home/rpp/rpp_ws/install/nav2_common/local/lib/python3.10/dist-packages/nav2_common/launch/rewritten_yaml.py
[1.483s] -- Up-to-date symlink: /home/rpp/rpp_ws/install/nav2_common/share/ament_index/resource_index/package_run_dependencies/nav2_common
[1.484s] -- Up-to-date symlink: /home/rpp/rpp_ws/install/nav2_common/share/ament_index/resource_index/parent_prefix_path/nav2_common
[1.484s] -- Up-to-date symlink: /home/rpp/rpp_ws/install/nav2_common/share/nav2_common/environment/ament_prefix_path.sh
[1.484s] -- Up-to-date symlink: /home/rpp/rpp_ws/install/nav2_common/share/nav2_common/environment/ament_prefix_path.dsv
[1.484s] -- Up-to-date symlink: /home/rpp/rpp_ws/install/nav2_common/share/nav2_common/environment/path.sh
[1.484s] -- Up-to-date symlink: /home/rpp/rpp_ws/install/nav2_common/share/nav2_common/environment/path.dsv
[1.484s] -- Up-to-date symlink: /home/rpp/rpp_ws/install/nav2_common/share/nav2_common/local_setup.bash
[1.484s] -- Up-to-date symlink: /home/rpp/rpp_ws/install/nav2_common/share/nav2_common/local_setup.sh
[1.484s] -- Up-to-date symlink: /home/rpp/rpp_ws/install/nav2_common/share/nav2_common/local_setup.zsh
[1.484s] -- Up-to-date symlink: /home/rpp/rpp_ws/install/nav2_common/share/nav2_common/local_setup.dsv
[1.484s] -- Symlinking: /home/rpp/rpp_ws/install/nav2_common/share/nav2_common/package.dsv
[1.484s] -- Up-to-date symlink: /home/rpp/rpp_ws/install/nav2_common/share/ament_index/resource_index/packages/nav2_common
[1.484s] -- Up-to-date symlink: /home/rpp/rpp_ws/install/nav2_common/share/nav2_common/cmake/nav2_common-extras.cmake
[1.485s] -- Up-to-date symlink: /home/rpp/rpp_ws/install/nav2_common/share/nav2_common/cmake/nav2_commonConfig.cmake
[1.485s] -- Up-to-date symlink: /home/rpp/rpp_ws/install/nav2_common/share/nav2_common/cmake/nav2_commonConfig-version.cmake
[1.485s] -- Up-to-date symlink: /home/rpp/rpp_ws/install/nav2_common/share/nav2_common/package.xml
[1.485s] -- Up-to-date symlink: /home/rpp/rpp_ws/install/nav2_common/share/nav2_common/cmake/nav2_package.cmake
[1.630s] Listing '/home/rpp/rpp_ws/install/nav2_common/local/lib/python3.10/dist-packages/nav2_common'...
[1.630s] Listing '/home/rpp/rpp_ws/install/nav2_common/local/lib/python3.10/dist-packages/nav2_common/launch'...
[1.846s] Invoked command in '/home/rpp/rpp_ws/build/nav2_common' returned '0': CMAKE_PREFIX_PATH=${CMAKE_PREFIX_PATH}:/home/rpp/rpp_ws/install/setting_info:/home/rpp/rpp_ws/install/nav2_simple_commander:/home/rpp/rpp_ws/install/gui_control:/home/rpp/rpp_ws/install/graphic_display:/home/rpp/rpp_ws/install/linker_hand_ros2_sdk:/home/rpp/rpp_ws/install/bt_task_manager_ros2:/opt/ros/humble /usr/bin/cmake --install /home/rpp/rpp_ws/build/nav2_common
