running develop
running egg_info
creating gui_control.egg-info
writing gui_control.egg-info/PKG-INFO
writing dependency_links to gui_control.egg-info/dependency_links.txt
writing entry points to gui_control.egg-info/entry_points.txt
writing requirements to gui_control.egg-info/requires.txt
writing top-level names to gui_control.egg-info/top_level.txt
writing manifest file 'gui_control.egg-info/SOURCES.txt'
reading manifest file 'gui_control.egg-info/SOURCES.txt'
writing manifest file 'gui_control.egg-info/SOURCES.txt'
running build_ext
Creating /home/rpp/rpp_ws/install/gui_control/lib/python3.10/site-packages/gui-control.egg-link (link to .)
Installing gui_control script to /home/rpp/rpp_ws/install/gui_control/lib/gui_control

Installed /home/rpp/rpp_ws/build/gui_control
running symlink_data
creating /home/rpp/rpp_ws/install/gui_control/share/ament_index
creating /home/rpp/rpp_ws/install/gui_control/share/ament_index/resource_index
creating /home/rpp/rpp_ws/install/gui_control/share/ament_index/resource_index/packages
symbolically linking /home/rpp/rpp_ws/build/gui_control/resource/gui_control -> /home/rpp/rpp_ws/install/gui_control/share/ament_index/resource_index/packages
creating /home/rpp/rpp_ws/install/gui_control/share/gui_control/launch
symbolically linking /home/rpp/rpp_ws/build/gui_control/launch/gui_control.launch.py -> /home/rpp/rpp_ws/install/gui_control/share/gui_control/launch
symbolically linking /home/rpp/rpp_ws/build/gui_control/package.xml -> /home/rpp/rpp_ws/install/gui_control/share/gui_control
