[  1%] Built target rpp_msgs__cpp
[ 12%] Built target rpp_msgs__rosidl_generator_c
[ 12%] Built target ament_cmake_python_symlink_rpp_msgs
[ 24%] Built target rpp_msgs__rosidl_typesupport_cpp
[ 45%] Built target rpp_msgs__rosidl_typesupport_introspection_cpp
[ 48%] Built target rpp_msgs__rosidl_typesupport_c
[ 58%] Built target rpp_msgs__rosidl_typesupport_fastrtps_cpp
[ 70%] Built target rpp_msgs__rosidl_typesupport_fastrtps_c
[ 82%] Built target rpp_msgs__rosidl_typesupport_introspection_c
[ 82%] Built target rpp_msgs
[ 83%] Built target rpp_msgs__py
[ 93%] Built target rpp_msgs__rosidl_generator_py
[ 95%] Built target rpp_msgs__rosidl_typesupport_introspection_c__pyext
[ 97%] Built target rpp_msgs__rosidl_typesupport_c__pyext
[100%] Built target rpp_msgs__rosidl_typesupport_fastrtps_c__pyext
running egg_info
writing rpp_msgs.egg-info/PKG-INFO
writing dependency_links to rpp_msgs.egg-info/dependency_links.txt
writing top-level names to rpp_msgs.egg-info/top_level.txt
reading manifest file 'rpp_msgs.egg-info/SOURCES.txt'
writing manifest file 'rpp_msgs.egg-info/SOURCES.txt'
[100%] Built target ament_cmake_python_build_rpp_msgs_egg
-- Install configuration: ""
-- Execute custom install script
-- Up-to-date symlink: /home/rpp/rpp_ws/install/rpp_msgs/share/ament_index/resource_index/rosidl_interfaces/rpp_msgs
-- Up-to-date symlink: /home/rpp/rpp_ws/install/rpp_msgs/include/rpp_msgs/rpp_msgs/msg/battery_state.h
-- Up-to-date symlink: /home/rpp/rpp_ws/install/rpp_msgs/include/rpp_msgs/rpp_msgs/msg/detail/battery_state__functions.h
-- Up-to-date symlink: /home/rpp/rpp_ws/install/rpp_msgs/include/rpp_msgs/rpp_msgs/msg/detail/battery_state__struct.h
-- Up-to-date symlink: /home/rpp/rpp_ws/install/rpp_msgs/include/rpp_msgs/rpp_msgs/msg/detail/battery_state__type_support.h
-- Up-to-date symlink: /home/rpp/rpp_ws/install/rpp_msgs/include/rpp_msgs/rpp_msgs/msg/detail/device_state__functions.h
-- Up-to-date symlink: /home/rpp/rpp_ws/install/rpp_msgs/include/rpp_msgs/rpp_msgs/msg/detail/device_state__struct.h
-- Up-to-date symlink: /home/rpp/rpp_ws/install/rpp_msgs/include/rpp_msgs/rpp_msgs/msg/detail/device_state__type_support.h
-- Up-to-date symlink: /home/rpp/rpp_ws/install/rpp_msgs/include/rpp_msgs/rpp_msgs/msg/detail/error_state__functions.h
-- Up-to-date symlink: /home/rpp/rpp_ws/install/rpp_msgs/include/rpp_msgs/rpp_msgs/msg/detail/error_state__struct.h
-- Up-to-date symlink: /home/rpp/rpp_ws/install/rpp_msgs/include/rpp_msgs/rpp_msgs/msg/detail/error_state__type_support.h
-- Up-to-date symlink: /home/rpp/rpp_ws/install/rpp_msgs/include/rpp_msgs/rpp_msgs/msg/detail/light_state__functions.h
-- Up-to-date symlink: /home/rpp/rpp_ws/install/rpp_msgs/include/rpp_msgs/rpp_msgs/msg/detail/light_state__struct.h
-- Up-to-date symlink: /home/rpp/rpp_ws/install/rpp_msgs/include/rpp_msgs/rpp_msgs/msg/detail/light_state__type_support.h
-- Up-to-date symlink: /home/rpp/rpp_ws/install/rpp_msgs/include/rpp_msgs/rpp_msgs/msg/detail/motor_state__functions.h
-- Up-to-date symlink: /home/rpp/rpp_ws/install/rpp_msgs/include/rpp_msgs/rpp_msgs/msg/detail/motor_state__struct.h
-- Up-to-date symlink: /home/rpp/rpp_ws/install/rpp_msgs/include/rpp_msgs/rpp_msgs/msg/detail/motor_state__type_support.h
-- Up-to-date symlink: /home/rpp/rpp_ws/install/rpp_msgs/include/rpp_msgs/rpp_msgs/msg/detail/set_device__functions.h
-- Up-to-date symlink: /home/rpp/rpp_ws/install/rpp_msgs/include/rpp_msgs/rpp_msgs/msg/detail/set_device__struct.h
-- Up-to-date symlink: /home/rpp/rpp_ws/install/rpp_msgs/include/rpp_msgs/rpp_msgs/msg/detail/set_device__type_support.h
-- Up-to-date symlink: /home/rpp/rpp_ws/install/rpp_msgs/include/rpp_msgs/rpp_msgs/msg/detail/set_error_mask__functions.h
-- Up-to-date symlink: /home/rpp/rpp_ws/install/rpp_msgs/include/rpp_msgs/rpp_msgs/msg/detail/set_error_mask__struct.h
-- Up-to-date symlink: /home/rpp/rpp_ws/install/rpp_msgs/include/rpp_msgs/rpp_msgs/msg/detail/set_error_mask__type_support.h
-- Up-to-date symlink: /home/rpp/rpp_ws/install/rpp_msgs/include/rpp_msgs/rpp_msgs/msg/detail/set_light__functions.h
-- Up-to-date symlink: /home/rpp/rpp_ws/install/rpp_msgs/include/rpp_msgs/rpp_msgs/msg/detail/set_light__struct.h
-- Up-to-date symlink: /home/rpp/rpp_ws/install/rpp_msgs/include/rpp_msgs/rpp_msgs/msg/detail/set_light__type_support.h
-- Up-to-date symlink: /home/rpp/rpp_ws/install/rpp_msgs/include/rpp_msgs/rpp_msgs/msg/detail/single_motor_state__functions.h
-- Up-to-date symlink: /home/rpp/rpp_ws/install/rpp_msgs/include/rpp_msgs/rpp_msgs/msg/detail/single_motor_state__struct.h
-- Up-to-date symlink: /home/rpp/rpp_ws/install/rpp_msgs/include/rpp_msgs/rpp_msgs/msg/detail/single_motor_state__type_support.h
-- Up-to-date symlink: /home/rpp/rpp_ws/install/rpp_msgs/include/rpp_msgs/rpp_msgs/msg/device_state.h
-- Up-to-date symlink: /home/rpp/rpp_ws/install/rpp_msgs/include/rpp_msgs/rpp_msgs/msg/error_state.h
-- Up-to-date symlink: /home/rpp/rpp_ws/install/rpp_msgs/include/rpp_msgs/rpp_msgs/msg/light_state.h
-- Up-to-date symlink: /home/rpp/rpp_ws/install/rpp_msgs/include/rpp_msgs/rpp_msgs/msg/motor_state.h
-- Up-to-date symlink: /home/rpp/rpp_ws/install/rpp_msgs/include/rpp_msgs/rpp_msgs/msg/rosidl_generator_c__visibility_control.h
-- Up-to-date symlink: /home/rpp/rpp_ws/install/rpp_msgs/include/rpp_msgs/rpp_msgs/msg/set_device.h
-- Up-to-date symlink: /home/rpp/rpp_ws/install/rpp_msgs/include/rpp_msgs/rpp_msgs/msg/set_error_mask.h
-- Up-to-date symlink: /home/rpp/rpp_ws/install/rpp_msgs/include/rpp_msgs/rpp_msgs/msg/set_light.h
-- Up-to-date symlink: /home/rpp/rpp_ws/install/rpp_msgs/include/rpp_msgs/rpp_msgs/msg/single_motor_state.h
-- Up-to-date symlink: /home/rpp/rpp_ws/install/rpp_msgs/share/rpp_msgs/environment/library_path.sh
-- Up-to-date symlink: /home/rpp/rpp_ws/install/rpp_msgs/share/rpp_msgs/environment/library_path.dsv
-- Up-to-date symlink: /home/rpp/rpp_ws/install/rpp_msgs/include/rpp_msgs/rpp_msgs/msg/detail/battery_state__rosidl_typesupport_fastrtps_c.h
-- Up-to-date symlink: /home/rpp/rpp_ws/install/rpp_msgs/include/rpp_msgs/rpp_msgs/msg/detail/device_state__rosidl_typesupport_fastrtps_c.h
-- Up-to-date symlink: /home/rpp/rpp_ws/install/rpp_msgs/include/rpp_msgs/rpp_msgs/msg/detail/error_state__rosidl_typesupport_fastrtps_c.h
-- Up-to-date symlink: /home/rpp/rpp_ws/install/rpp_msgs/include/rpp_msgs/rpp_msgs/msg/detail/light_state__rosidl_typesupport_fastrtps_c.h
-- Up-to-date symlink: /home/rpp/rpp_ws/install/rpp_msgs/include/rpp_msgs/rpp_msgs/msg/detail/motor_state__rosidl_typesupport_fastrtps_c.h
-- Up-to-date symlink: /home/rpp/rpp_ws/install/rpp_msgs/include/rpp_msgs/rpp_msgs/msg/detail/set_device__rosidl_typesupport_fastrtps_c.h
-- Up-to-date symlink: /home/rpp/rpp_ws/install/rpp_msgs/include/rpp_msgs/rpp_msgs/msg/detail/set_error_mask__rosidl_typesupport_fastrtps_c.h
-- Up-to-date symlink: /home/rpp/rpp_ws/install/rpp_msgs/include/rpp_msgs/rpp_msgs/msg/detail/set_light__rosidl_typesupport_fastrtps_c.h
-- Up-to-date symlink: /home/rpp/rpp_ws/install/rpp_msgs/include/rpp_msgs/rpp_msgs/msg/detail/single_motor_state__rosidl_typesupport_fastrtps_c.h
-- Up-to-date symlink: /home/rpp/rpp_ws/install/rpp_msgs/include/rpp_msgs/rpp_msgs/msg/rosidl_typesupport_fastrtps_c__visibility_control.h
-- Up-to-date symlink: /home/rpp/rpp_ws/install/rpp_msgs/include/rpp_msgs/rpp_msgs/msg/detail/battery_state__rosidl_typesupport_introspection_c.h
-- Up-to-date symlink: /home/rpp/rpp_ws/install/rpp_msgs/include/rpp_msgs/rpp_msgs/msg/detail/device_state__rosidl_typesupport_introspection_c.h
-- Up-to-date symlink: /home/rpp/rpp_ws/install/rpp_msgs/include/rpp_msgs/rpp_msgs/msg/detail/error_state__rosidl_typesupport_introspection_c.h
-- Up-to-date symlink: /home/rpp/rpp_ws/install/rpp_msgs/include/rpp_msgs/rpp_msgs/msg/detail/light_state__rosidl_typesupport_introspection_c.h
-- Up-to-date symlink: /home/rpp/rpp_ws/install/rpp_msgs/include/rpp_msgs/rpp_msgs/msg/detail/motor_state__rosidl_typesupport_introspection_c.h
-- Up-to-date symlink: /home/rpp/rpp_ws/install/rpp_msgs/include/rpp_msgs/rpp_msgs/msg/detail/set_device__rosidl_typesupport_introspection_c.h
-- Up-to-date symlink: /home/rpp/rpp_ws/install/rpp_msgs/include/rpp_msgs/rpp_msgs/msg/detail/set_error_mask__rosidl_typesupport_introspection_c.h
-- Up-to-date symlink: /home/rpp/rpp_ws/install/rpp_msgs/include/rpp_msgs/rpp_msgs/msg/detail/set_light__rosidl_typesupport_introspection_c.h
-- Up-to-date symlink: /home/rpp/rpp_ws/install/rpp_msgs/include/rpp_msgs/rpp_msgs/msg/detail/single_motor_state__rosidl_typesupport_introspection_c.h
-- Up-to-date symlink: /home/rpp/rpp_ws/install/rpp_msgs/include/rpp_msgs/rpp_msgs/msg/rosidl_typesupport_introspection_c__visibility_control.h
-- Up-to-date symlink: /home/rpp/rpp_ws/install/rpp_msgs/include/rpp_msgs/rpp_msgs/msg/battery_state.hpp
-- Up-to-date symlink: /home/rpp/rpp_ws/install/rpp_msgs/include/rpp_msgs/rpp_msgs/msg/detail/battery_state__builder.hpp
-- Up-to-date symlink: /home/rpp/rpp_ws/install/rpp_msgs/include/rpp_msgs/rpp_msgs/msg/detail/battery_state__struct.hpp
-- Up-to-date symlink: /home/rpp/rpp_ws/install/rpp_msgs/include/rpp_msgs/rpp_msgs/msg/detail/battery_state__traits.hpp
-- Up-to-date symlink: /home/rpp/rpp_ws/install/rpp_msgs/include/rpp_msgs/rpp_msgs/msg/detail/battery_state__type_support.hpp
-- Up-to-date symlink: /home/rpp/rpp_ws/install/rpp_msgs/include/rpp_msgs/rpp_msgs/msg/detail/device_state__builder.hpp
-- Up-to-date symlink: /home/rpp/rpp_ws/install/rpp_msgs/include/rpp_msgs/rpp_msgs/msg/detail/device_state__struct.hpp
-- Up-to-date symlink: /home/rpp/rpp_ws/install/rpp_msgs/include/rpp_msgs/rpp_msgs/msg/detail/device_state__traits.hpp
-- Up-to-date symlink: /home/rpp/rpp_ws/install/rpp_msgs/include/rpp_msgs/rpp_msgs/msg/detail/device_state__type_support.hpp
-- Up-to-date symlink: /home/rpp/rpp_ws/install/rpp_msgs/include/rpp_msgs/rpp_msgs/msg/detail/error_state__builder.hpp
-- Up-to-date symlink: /home/rpp/rpp_ws/install/rpp_msgs/include/rpp_msgs/rpp_msgs/msg/detail/error_state__struct.hpp
-- Up-to-date symlink: /home/rpp/rpp_ws/install/rpp_msgs/include/rpp_msgs/rpp_msgs/msg/detail/error_state__traits.hpp
-- Up-to-date symlink: /home/rpp/rpp_ws/install/rpp_msgs/include/rpp_msgs/rpp_msgs/msg/detail/error_state__type_support.hpp
-- Up-to-date symlink: /home/rpp/rpp_ws/install/rpp_msgs/include/rpp_msgs/rpp_msgs/msg/detail/light_state__builder.hpp
-- Up-to-date symlink: /home/rpp/rpp_ws/install/rpp_msgs/include/rpp_msgs/rpp_msgs/msg/detail/light_state__struct.hpp
-- Up-to-date symlink: /home/rpp/rpp_ws/install/rpp_msgs/include/rpp_msgs/rpp_msgs/msg/detail/light_state__traits.hpp
-- Up-to-date symlink: /home/rpp/rpp_ws/install/rpp_msgs/include/rpp_msgs/rpp_msgs/msg/detail/light_state__type_support.hpp
-- Up-to-date symlink: /home/rpp/rpp_ws/install/rpp_msgs/include/rpp_msgs/rpp_msgs/msg/detail/motor_state__builder.hpp
-- Up-to-date symlink: /home/rpp/rpp_ws/install/rpp_msgs/include/rpp_msgs/rpp_msgs/msg/detail/motor_state__struct.hpp
-- Up-to-date symlink: /home/rpp/rpp_ws/install/rpp_msgs/include/rpp_msgs/rpp_msgs/msg/detail/motor_state__traits.hpp
-- Up-to-date symlink: /home/rpp/rpp_ws/install/rpp_msgs/include/rpp_msgs/rpp_msgs/msg/detail/motor_state__type_support.hpp
-- Up-to-date symlink: /home/rpp/rpp_ws/install/rpp_msgs/include/rpp_msgs/rpp_msgs/msg/detail/set_device__builder.hpp
-- Up-to-date symlink: /home/rpp/rpp_ws/install/rpp_msgs/include/rpp_msgs/rpp_msgs/msg/detail/set_device__struct.hpp
-- Up-to-date symlink: /home/rpp/rpp_ws/install/rpp_msgs/include/rpp_msgs/rpp_msgs/msg/detail/set_device__traits.hpp
-- Up-to-date symlink: /home/rpp/rpp_ws/install/rpp_msgs/include/rpp_msgs/rpp_msgs/msg/detail/set_device__type_support.hpp
-- Up-to-date symlink: /home/rpp/rpp_ws/install/rpp_msgs/include/rpp_msgs/rpp_msgs/msg/detail/set_error_mask__builder.hpp
-- Up-to-date symlink: /home/rpp/rpp_ws/install/rpp_msgs/include/rpp_msgs/rpp_msgs/msg/detail/set_error_mask__struct.hpp
-- Up-to-date symlink: /home/rpp/rpp_ws/install/rpp_msgs/include/rpp_msgs/rpp_msgs/msg/detail/set_error_mask__traits.hpp
-- Up-to-date symlink: /home/rpp/rpp_ws/install/rpp_msgs/include/rpp_msgs/rpp_msgs/msg/detail/set_error_mask__type_support.hpp
-- Up-to-date symlink: /home/rpp/rpp_ws/install/rpp_msgs/include/rpp_msgs/rpp_msgs/msg/detail/set_light__builder.hpp
-- Up-to-date symlink: /home/rpp/rpp_ws/install/rpp_msgs/include/rpp_msgs/rpp_msgs/msg/detail/set_light__struct.hpp
-- Up-to-date symlink: /home/rpp/rpp_ws/install/rpp_msgs/include/rpp_msgs/rpp_msgs/msg/detail/set_light__traits.hpp
-- Up-to-date symlink: /home/rpp/rpp_ws/install/rpp_msgs/include/rpp_msgs/rpp_msgs/msg/detail/set_light__type_support.hpp
-- Up-to-date symlink: /home/rpp/rpp_ws/install/rpp_msgs/include/rpp_msgs/rpp_msgs/msg/detail/single_motor_state__builder.hpp
-- Up-to-date symlink: /home/rpp/rpp_ws/install/rpp_msgs/include/rpp_msgs/rpp_msgs/msg/detail/single_motor_state__struct.hpp
-- Up-to-date symlink: /home/rpp/rpp_ws/install/rpp_msgs/include/rpp_msgs/rpp_msgs/msg/detail/single_motor_state__traits.hpp
-- Up-to-date symlink: /home/rpp/rpp_ws/install/rpp_msgs/include/rpp_msgs/rpp_msgs/msg/detail/single_motor_state__type_support.hpp
-- Up-to-date symlink: /home/rpp/rpp_ws/install/rpp_msgs/include/rpp_msgs/rpp_msgs/msg/device_state.hpp
-- Up-to-date symlink: /home/rpp/rpp_ws/install/rpp_msgs/include/rpp_msgs/rpp_msgs/msg/error_state.hpp
-- Up-to-date symlink: /home/rpp/rpp_ws/install/rpp_msgs/include/rpp_msgs/rpp_msgs/msg/light_state.hpp
-- Up-to-date symlink: /home/rpp/rpp_ws/install/rpp_msgs/include/rpp_msgs/rpp_msgs/msg/motor_state.hpp
-- Up-to-date symlink: /home/rpp/rpp_ws/install/rpp_msgs/include/rpp_msgs/rpp_msgs/msg/rosidl_generator_cpp__visibility_control.hpp
-- Up-to-date symlink: /home/rpp/rpp_ws/install/rpp_msgs/include/rpp_msgs/rpp_msgs/msg/set_device.hpp
-- Up-to-date symlink: /home/rpp/rpp_ws/install/rpp_msgs/include/rpp_msgs/rpp_msgs/msg/set_error_mask.hpp
-- Up-to-date symlink: /home/rpp/rpp_ws/install/rpp_msgs/include/rpp_msgs/rpp_msgs/msg/set_light.hpp
-- Up-to-date symlink: /home/rpp/rpp_ws/install/rpp_msgs/include/rpp_msgs/rpp_msgs/msg/single_motor_state.hpp
-- Up-to-date symlink: /home/rpp/rpp_ws/install/rpp_msgs/include/rpp_msgs/rpp_msgs/msg/detail/battery_state__rosidl_typesupport_fastrtps_cpp.hpp
-- Up-to-date symlink: /home/rpp/rpp_ws/install/rpp_msgs/include/rpp_msgs/rpp_msgs/msg/detail/device_state__rosidl_typesupport_fastrtps_cpp.hpp
-- Up-to-date symlink: /home/rpp/rpp_ws/install/rpp_msgs/include/rpp_msgs/rpp_msgs/msg/detail/error_state__rosidl_typesupport_fastrtps_cpp.hpp
-- Up-to-date symlink: /home/rpp/rpp_ws/install/rpp_msgs/include/rpp_msgs/rpp_msgs/msg/detail/light_state__rosidl_typesupport_fastrtps_cpp.hpp
-- Up-to-date symlink: /home/rpp/rpp_ws/install/rpp_msgs/include/rpp_msgs/rpp_msgs/msg/detail/motor_state__rosidl_typesupport_fastrtps_cpp.hpp
-- Up-to-date symlink: /home/rpp/rpp_ws/install/rpp_msgs/include/rpp_msgs/rpp_msgs/msg/detail/set_device__rosidl_typesupport_fastrtps_cpp.hpp
-- Up-to-date symlink: /home/rpp/rpp_ws/install/rpp_msgs/include/rpp_msgs/rpp_msgs/msg/detail/set_error_mask__rosidl_typesupport_fastrtps_cpp.hpp
-- Up-to-date symlink: /home/rpp/rpp_ws/install/rpp_msgs/include/rpp_msgs/rpp_msgs/msg/detail/set_light__rosidl_typesupport_fastrtps_cpp.hpp
-- Up-to-date symlink: /home/rpp/rpp_ws/install/rpp_msgs/include/rpp_msgs/rpp_msgs/msg/detail/single_motor_state__rosidl_typesupport_fastrtps_cpp.hpp
-- Up-to-date symlink: /home/rpp/rpp_ws/install/rpp_msgs/include/rpp_msgs/rpp_msgs/msg/rosidl_typesupport_fastrtps_cpp__visibility_control.h
-- Up-to-date symlink: /home/rpp/rpp_ws/install/rpp_msgs/include/rpp_msgs/rpp_msgs/msg/detail/battery_state__rosidl_typesupport_introspection_cpp.hpp
-- Up-to-date symlink: /home/rpp/rpp_ws/install/rpp_msgs/include/rpp_msgs/rpp_msgs/msg/detail/device_state__rosidl_typesupport_introspection_cpp.hpp
-- Up-to-date symlink: /home/rpp/rpp_ws/install/rpp_msgs/include/rpp_msgs/rpp_msgs/msg/detail/error_state__rosidl_typesupport_introspection_cpp.hpp
-- Up-to-date symlink: /home/rpp/rpp_ws/install/rpp_msgs/include/rpp_msgs/rpp_msgs/msg/detail/light_state__rosidl_typesupport_introspection_cpp.hpp
-- Up-to-date symlink: /home/rpp/rpp_ws/install/rpp_msgs/include/rpp_msgs/rpp_msgs/msg/detail/motor_state__rosidl_typesupport_introspection_cpp.hpp
-- Up-to-date symlink: /home/rpp/rpp_ws/install/rpp_msgs/include/rpp_msgs/rpp_msgs/msg/detail/set_device__rosidl_typesupport_introspection_cpp.hpp
-- Up-to-date symlink: /home/rpp/rpp_ws/install/rpp_msgs/include/rpp_msgs/rpp_msgs/msg/detail/set_error_mask__rosidl_typesupport_introspection_cpp.hpp
-- Up-to-date symlink: /home/rpp/rpp_ws/install/rpp_msgs/include/rpp_msgs/rpp_msgs/msg/detail/set_light__rosidl_typesupport_introspection_cpp.hpp
-- Up-to-date symlink: /home/rpp/rpp_ws/install/rpp_msgs/include/rpp_msgs/rpp_msgs/msg/detail/single_motor_state__rosidl_typesupport_introspection_cpp.hpp
-- Up-to-date symlink: /home/rpp/rpp_ws/install/rpp_msgs/share/rpp_msgs/environment/pythonpath.sh
-- Up-to-date symlink: /home/rpp/rpp_ws/install/rpp_msgs/share/rpp_msgs/environment/pythonpath.dsv
-- Up-to-date symlink: /home/rpp/rpp_ws/install/rpp_msgs/local/lib/python3.10/dist-packages/rpp_msgs-0.0.0-py3.10.egg-info/PKG-INFO
-- Up-to-date symlink: /home/rpp/rpp_ws/install/rpp_msgs/local/lib/python3.10/dist-packages/rpp_msgs-0.0.0-py3.10.egg-info/SOURCES.txt
-- Up-to-date symlink: /home/rpp/rpp_ws/install/rpp_msgs/local/lib/python3.10/dist-packages/rpp_msgs-0.0.0-py3.10.egg-info/dependency_links.txt
-- Up-to-date symlink: /home/rpp/rpp_ws/install/rpp_msgs/local/lib/python3.10/dist-packages/rpp_msgs-0.0.0-py3.10.egg-info/top_level.txt
-- Up-to-date symlink: /home/rpp/rpp_ws/install/rpp_msgs/local/lib/python3.10/dist-packages/rpp_msgs/__init__.py
-- Up-to-date symlink: /home/rpp/rpp_ws/install/rpp_msgs/local/lib/python3.10/dist-packages/rpp_msgs/_rpp_msgs_s.ep.rosidl_typesupport_c.c
-- Up-to-date symlink: /home/rpp/rpp_ws/install/rpp_msgs/local/lib/python3.10/dist-packages/rpp_msgs/_rpp_msgs_s.ep.rosidl_typesupport_fastrtps_c.c
-- Up-to-date symlink: /home/rpp/rpp_ws/install/rpp_msgs/local/lib/python3.10/dist-packages/rpp_msgs/_rpp_msgs_s.ep.rosidl_typesupport_introspection_c.c
-- Up-to-date symlink: /home/rpp/rpp_ws/install/rpp_msgs/local/lib/python3.10/dist-packages/rpp_msgs/librpp_msgs__rosidl_generator_py.so
-- Up-to-date symlink: /home/rpp/rpp_ws/install/rpp_msgs/local/lib/python3.10/dist-packages/rpp_msgs/msg/__init__.py
-- Up-to-date symlink: /home/rpp/rpp_ws/install/rpp_msgs/local/lib/python3.10/dist-packages/rpp_msgs/msg/_battery_state.py
-- Up-to-date symlink: /home/rpp/rpp_ws/install/rpp_msgs/local/lib/python3.10/dist-packages/rpp_msgs/msg/_battery_state_s.c
-- Up-to-date symlink: /home/rpp/rpp_ws/install/rpp_msgs/local/lib/python3.10/dist-packages/rpp_msgs/msg/_device_state.py
-- Up-to-date symlink: /home/rpp/rpp_ws/install/rpp_msgs/local/lib/python3.10/dist-packages/rpp_msgs/msg/_device_state_s.c
-- Up-to-date symlink: /home/rpp/rpp_ws/install/rpp_msgs/local/lib/python3.10/dist-packages/rpp_msgs/msg/_error_state.py
-- Up-to-date symlink: /home/rpp/rpp_ws/install/rpp_msgs/local/lib/python3.10/dist-packages/rpp_msgs/msg/_error_state_s.c
-- Up-to-date symlink: /home/rpp/rpp_ws/install/rpp_msgs/local/lib/python3.10/dist-packages/rpp_msgs/msg/_light_state.py
-- Up-to-date symlink: /home/rpp/rpp_ws/install/rpp_msgs/local/lib/python3.10/dist-packages/rpp_msgs/msg/_light_state_s.c
-- Up-to-date symlink: /home/rpp/rpp_ws/install/rpp_msgs/local/lib/python3.10/dist-packages/rpp_msgs/msg/_motor_state.py
-- Up-to-date symlink: /home/rpp/rpp_ws/install/rpp_msgs/local/lib/python3.10/dist-packages/rpp_msgs/msg/_motor_state_s.c
-- Up-to-date symlink: /home/rpp/rpp_ws/install/rpp_msgs/local/lib/python3.10/dist-packages/rpp_msgs/msg/_set_device.py
-- Up-to-date symlink: /home/rpp/rpp_ws/install/rpp_msgs/local/lib/python3.10/dist-packages/rpp_msgs/msg/_set_device_s.c
-- Up-to-date symlink: /home/rpp/rpp_ws/install/rpp_msgs/local/lib/python3.10/dist-packages/rpp_msgs/msg/_set_error_mask.py
-- Up-to-date symlink: /home/rpp/rpp_ws/install/rpp_msgs/local/lib/python3.10/dist-packages/rpp_msgs/msg/_set_error_mask_s.c
-- Up-to-date symlink: /home/rpp/rpp_ws/install/rpp_msgs/local/lib/python3.10/dist-packages/rpp_msgs/msg/_set_light.py
-- Up-to-date symlink: /home/rpp/rpp_ws/install/rpp_msgs/local/lib/python3.10/dist-packages/rpp_msgs/msg/_set_light_s.c
-- Up-to-date symlink: /home/rpp/rpp_ws/install/rpp_msgs/local/lib/python3.10/dist-packages/rpp_msgs/msg/_single_motor_state.py
-- Up-to-date symlink: /home/rpp/rpp_ws/install/rpp_msgs/local/lib/python3.10/dist-packages/rpp_msgs/msg/_single_motor_state_s.c
-- Up-to-date symlink: /home/rpp/rpp_ws/install/rpp_msgs/local/lib/python3.10/dist-packages/rpp_msgs/rpp_msgs_s__rosidl_typesupport_c.cpython-310-x86_64-linux-gnu.so
-- Up-to-date symlink: /home/rpp/rpp_ws/install/rpp_msgs/local/lib/python3.10/dist-packages/rpp_msgs/rpp_msgs_s__rosidl_typesupport_fastrtps_c.cpython-310-x86_64-linux-gnu.so
-- Up-to-date symlink: /home/rpp/rpp_ws/install/rpp_msgs/local/lib/python3.10/dist-packages/rpp_msgs/rpp_msgs_s__rosidl_typesupport_introspection_c.cpython-310-x86_64-linux-gnu.so
-- Up-to-date symlink: /home/rpp/rpp_ws/install/rpp_msgs/local/lib/python3.10/dist-packages/rpp_msgs/rpp_msgs_s__rosidl_typesupport_fastrtps_c.cpython-310-x86_64-linux-gnu.so
-- Up-to-date symlink: /home/rpp/rpp_ws/install/rpp_msgs/local/lib/python3.10/dist-packages/rpp_msgs/rpp_msgs_s__rosidl_typesupport_introspection_c.cpython-310-x86_64-linux-gnu.so
-- Up-to-date symlink: /home/rpp/rpp_ws/install/rpp_msgs/local/lib/python3.10/dist-packages/rpp_msgs/rpp_msgs_s__rosidl_typesupport_c.cpython-310-x86_64-linux-gnu.so
-- Up-to-date symlink: /home/rpp/rpp_ws/install/rpp_msgs/share/rpp_msgs/msg/BatteryState.idl
-- Up-to-date symlink: /home/rpp/rpp_ws/install/rpp_msgs/share/rpp_msgs/msg/DeviceState.idl
-- Up-to-date symlink: /home/rpp/rpp_ws/install/rpp_msgs/share/rpp_msgs/msg/ErrorState.idl
-- Up-to-date symlink: /home/rpp/rpp_ws/install/rpp_msgs/share/rpp_msgs/msg/LightState.idl
-- Up-to-date symlink: /home/rpp/rpp_ws/install/rpp_msgs/share/rpp_msgs/msg/MotorState.idl
-- Up-to-date symlink: /home/rpp/rpp_ws/install/rpp_msgs/share/rpp_msgs/msg/SingleMotorState.idl
-- Up-to-date symlink: /home/rpp/rpp_ws/install/rpp_msgs/share/rpp_msgs/msg/SetDevice.idl
-- Up-to-date symlink: /home/rpp/rpp_ws/install/rpp_msgs/share/rpp_msgs/msg/SetErrorMask.idl
-- Up-to-date symlink: /home/rpp/rpp_ws/install/rpp_msgs/share/rpp_msgs/msg/SetLight.idl
-- Up-to-date symlink: /home/rpp/rpp_ws/install/rpp_msgs/share/rpp_msgs/msg/BatteryState.msg
-- Up-to-date symlink: /home/rpp/rpp_ws/install/rpp_msgs/share/rpp_msgs/msg/DeviceState.msg
-- Up-to-date symlink: /home/rpp/rpp_ws/install/rpp_msgs/share/rpp_msgs/msg/ErrorState.msg
-- Up-to-date symlink: /home/rpp/rpp_ws/install/rpp_msgs/share/rpp_msgs/msg/LightState.msg
-- Up-to-date symlink: /home/rpp/rpp_ws/install/rpp_msgs/share/rpp_msgs/msg/MotorState.msg
-- Up-to-date symlink: /home/rpp/rpp_ws/install/rpp_msgs/share/rpp_msgs/msg/SingleMotorState.msg
-- Up-to-date symlink: /home/rpp/rpp_ws/install/rpp_msgs/share/rpp_msgs/msg/SetDevice.msg
-- Up-to-date symlink: /home/rpp/rpp_ws/install/rpp_msgs/share/rpp_msgs/msg/SetErrorMask.msg
-- Up-to-date symlink: /home/rpp/rpp_ws/install/rpp_msgs/share/rpp_msgs/msg/SetLight.msg
-- Up-to-date symlink: /home/rpp/rpp_ws/install/rpp_msgs/share/ament_index/resource_index/package_run_dependencies/rpp_msgs
-- Up-to-date symlink: /home/rpp/rpp_ws/install/rpp_msgs/share/ament_index/resource_index/parent_prefix_path/rpp_msgs
-- Up-to-date symlink: /home/rpp/rpp_ws/install/rpp_msgs/share/rpp_msgs/environment/ament_prefix_path.sh
-- Up-to-date symlink: /home/rpp/rpp_ws/install/rpp_msgs/share/rpp_msgs/environment/ament_prefix_path.dsv
-- Up-to-date symlink: /home/rpp/rpp_ws/install/rpp_msgs/share/rpp_msgs/environment/path.sh
-- Up-to-date symlink: /home/rpp/rpp_ws/install/rpp_msgs/share/rpp_msgs/environment/path.dsv
-- Up-to-date symlink: /home/rpp/rpp_ws/install/rpp_msgs/share/rpp_msgs/local_setup.bash
-- Up-to-date symlink: /home/rpp/rpp_ws/install/rpp_msgs/share/rpp_msgs/local_setup.sh
-- Up-to-date symlink: /home/rpp/rpp_ws/install/rpp_msgs/share/rpp_msgs/local_setup.zsh
-- Up-to-date symlink: /home/rpp/rpp_ws/install/rpp_msgs/share/rpp_msgs/local_setup.dsv
-- Symlinking: /home/rpp/rpp_ws/install/rpp_msgs/share/rpp_msgs/package.dsv
-- Up-to-date symlink: /home/rpp/rpp_ws/install/rpp_msgs/share/ament_index/resource_index/packages/rpp_msgs
-- Up-to-date symlink: /home/rpp/rpp_ws/install/rpp_msgs/share/rpp_msgs/cmake/rosidl_cmake-extras.cmake
-- Up-to-date symlink: /home/rpp/rpp_ws/install/rpp_msgs/share/rpp_msgs/cmake/ament_cmake_export_dependencies-extras.cmake
-- Up-to-date symlink: /home/rpp/rpp_ws/install/rpp_msgs/share/rpp_msgs/cmake/ament_cmake_export_include_directories-extras.cmake
-- Up-to-date symlink: /home/rpp/rpp_ws/install/rpp_msgs/share/rpp_msgs/cmake/ament_cmake_export_libraries-extras.cmake
-- Up-to-date symlink: /home/rpp/rpp_ws/install/rpp_msgs/share/rpp_msgs/cmake/ament_cmake_export_targets-extras.cmake
-- Up-to-date symlink: /home/rpp/rpp_ws/install/rpp_msgs/share/rpp_msgs/cmake/rosidl_cmake_export_typesupport_targets-extras.cmake
-- Up-to-date symlink: /home/rpp/rpp_ws/install/rpp_msgs/share/rpp_msgs/cmake/rosidl_cmake_export_typesupport_libraries-extras.cmake
-- Up-to-date symlink: /home/rpp/rpp_ws/install/rpp_msgs/share/rpp_msgs/cmake/rpp_msgsConfig.cmake
-- Up-to-date symlink: /home/rpp/rpp_ws/install/rpp_msgs/share/rpp_msgs/cmake/rpp_msgsConfig-version.cmake
-- Up-to-date symlink: /home/rpp/rpp_ws/install/rpp_msgs/share/rpp_msgs/package.xml
-- Up-to-date: /home/rpp/rpp_ws/install/rpp_msgs/lib/librpp_msgs__rosidl_generator_c.so
-- Up-to-date: /home/rpp/rpp_ws/install/rpp_msgs/lib/librpp_msgs__rosidl_typesupport_fastrtps_c.so
-- Up-to-date: /home/rpp/rpp_ws/install/rpp_msgs/lib/librpp_msgs__rosidl_typesupport_introspection_c.so
-- Up-to-date: /home/rpp/rpp_ws/install/rpp_msgs/lib/librpp_msgs__rosidl_typesupport_c.so
-- Up-to-date: /home/rpp/rpp_ws/install/rpp_msgs/lib/librpp_msgs__rosidl_typesupport_fastrtps_cpp.so
-- Up-to-date: /home/rpp/rpp_ws/install/rpp_msgs/lib/librpp_msgs__rosidl_typesupport_introspection_cpp.so
-- Up-to-date: /home/rpp/rpp_ws/install/rpp_msgs/lib/librpp_msgs__rosidl_typesupport_cpp.so
Listing '/home/rpp/rpp_ws/install/rpp_msgs/local/lib/python3.10/dist-packages/rpp_msgs'...
Listing '/home/rpp/rpp_ws/install/rpp_msgs/local/lib/python3.10/dist-packages/rpp_msgs/msg'...
-- Up-to-date: /home/rpp/rpp_ws/install/rpp_msgs/lib/librpp_msgs__rosidl_generator_py.so
-- Up-to-date: /home/rpp/rpp_ws/install/rpp_msgs/share/rpp_msgs/cmake/export_rpp_msgs__rosidl_generator_cExport.cmake
-- Up-to-date: /home/rpp/rpp_ws/install/rpp_msgs/share/rpp_msgs/cmake/export_rpp_msgs__rosidl_generator_cExport-noconfig.cmake
-- Up-to-date: /home/rpp/rpp_ws/install/rpp_msgs/share/rpp_msgs/cmake/export_rpp_msgs__rosidl_typesupport_fastrtps_cExport.cmake
-- Up-to-date: /home/rpp/rpp_ws/install/rpp_msgs/share/rpp_msgs/cmake/export_rpp_msgs__rosidl_typesupport_fastrtps_cExport-noconfig.cmake
-- Up-to-date: /home/rpp/rpp_ws/install/rpp_msgs/share/rpp_msgs/cmake/rpp_msgs__rosidl_typesupport_introspection_cExport.cmake
-- Up-to-date: /home/rpp/rpp_ws/install/rpp_msgs/share/rpp_msgs/cmake/rpp_msgs__rosidl_typesupport_introspection_cExport-noconfig.cmake
-- Up-to-date: /home/rpp/rpp_ws/install/rpp_msgs/share/rpp_msgs/cmake/rpp_msgs__rosidl_typesupport_cExport.cmake
-- Up-to-date: /home/rpp/rpp_ws/install/rpp_msgs/share/rpp_msgs/cmake/rpp_msgs__rosidl_typesupport_cExport-noconfig.cmake
-- Up-to-date: /home/rpp/rpp_ws/install/rpp_msgs/share/rpp_msgs/cmake/export_rpp_msgs__rosidl_generator_cppExport.cmake
-- Up-to-date: /home/rpp/rpp_ws/install/rpp_msgs/share/rpp_msgs/cmake/export_rpp_msgs__rosidl_typesupport_fastrtps_cppExport.cmake
-- Up-to-date: /home/rpp/rpp_ws/install/rpp_msgs/share/rpp_msgs/cmake/export_rpp_msgs__rosidl_typesupport_fastrtps_cppExport-noconfig.cmake
-- Up-to-date: /home/rpp/rpp_ws/install/rpp_msgs/share/rpp_msgs/cmake/rpp_msgs__rosidl_typesupport_introspection_cppExport.cmake
-- Up-to-date: /home/rpp/rpp_ws/install/rpp_msgs/share/rpp_msgs/cmake/rpp_msgs__rosidl_typesupport_introspection_cppExport-noconfig.cmake
-- Up-to-date: /home/rpp/rpp_ws/install/rpp_msgs/share/rpp_msgs/cmake/rpp_msgs__rosidl_typesupport_cppExport.cmake
-- Up-to-date: /home/rpp/rpp_ws/install/rpp_msgs/share/rpp_msgs/cmake/rpp_msgs__rosidl_typesupport_cppExport-noconfig.cmake
-- Up-to-date: /home/rpp/rpp_ws/install/rpp_msgs/share/rpp_msgs/cmake/export_rpp_msgs__rosidl_generator_pyExport.cmake
-- Up-to-date: /home/rpp/rpp_ws/install/rpp_msgs/share/rpp_msgs/cmake/export_rpp_msgs__rosidl_generator_pyExport-noconfig.cmake
