[0.382s] Invoking command in '/home/rpp/rpp_ws/build/rpp_msgs': CMAKE_PREFIX_PATH=${CMAKE_PREFIX_PATH}:/home/rpp/rpp_ws/install/setting_info:/home/rpp/rpp_ws/install/nav2_simple_commander:/home/rpp/rpp_ws/install/gui_control:/home/rpp/rpp_ws/install/graphic_display:/home/rpp/rpp_ws/install/linker_hand_ros2_sdk:/home/rpp/rpp_ws/install/bt_task_manager_ros2:/opt/ros/humble /usr/bin/cmake --build /home/rpp/rpp_ws/build/rpp_msgs -- -j24 -l24
[1.188s] [  1%] Built target rpp_msgs__cpp
[1.188s] [ 12%] Built target rpp_msgs__rosidl_generator_c
[1.188s] [ 12%] Built target ament_cmake_python_symlink_rpp_msgs
[1.188s] [ 24%] Built target rpp_msgs__rosidl_typesupport_cpp
[1.188s] [ 45%] Built target rpp_msgs__rosidl_typesupport_introspection_cpp
[1.188s] [ 48%] Built target rpp_msgs__rosidl_typesupport_c
[1.188s] [ 58%] Built target rpp_msgs__rosidl_typesupport_fastrtps_cpp
[1.188s] [ 70%] Built target rpp_msgs__rosidl_typesupport_fastrtps_c
[1.188s] [ 82%] Built target rpp_msgs__rosidl_typesupport_introspection_c
[1.188s] [ 82%] Built target rpp_msgs
[1.188s] [ 83%] Built target rpp_msgs__py
[1.188s] [ 93%] Built target rpp_msgs__rosidl_generator_py
[1.188s] [ 95%] Built target rpp_msgs__rosidl_typesupport_introspection_c__pyext
[1.188s] [ 97%] Built target rpp_msgs__rosidl_typesupport_c__pyext
[1.188s] [100%] Built target rpp_msgs__rosidl_typesupport_fastrtps_c__pyext
[1.188s] running egg_info
[1.188s] writing rpp_msgs.egg-info/PKG-INFO
[1.188s] writing dependency_links to rpp_msgs.egg-info/dependency_links.txt
[1.188s] writing top-level names to rpp_msgs.egg-info/top_level.txt
[1.189s] reading manifest file 'rpp_msgs.egg-info/SOURCES.txt'
[1.189s] writing manifest file 'rpp_msgs.egg-info/SOURCES.txt'
[1.189s] [100%] Built target ament_cmake_python_build_rpp_msgs_egg
[1.251s] Invoked command in '/home/rpp/rpp_ws/build/rpp_msgs' returned '0': CMAKE_PREFIX_PATH=${CMAKE_PREFIX_PATH}:/home/rpp/rpp_ws/install/setting_info:/home/rpp/rpp_ws/install/nav2_simple_commander:/home/rpp/rpp_ws/install/gui_control:/home/rpp/rpp_ws/install/graphic_display:/home/rpp/rpp_ws/install/linker_hand_ros2_sdk:/home/rpp/rpp_ws/install/bt_task_manager_ros2:/opt/ros/humble /usr/bin/cmake --build /home/rpp/rpp_ws/build/rpp_msgs -- -j24 -l24
[1.253s] Invoking command in '/home/rpp/rpp_ws/build/rpp_msgs': CMAKE_PREFIX_PATH=${CMAKE_PREFIX_PATH}:/home/rpp/rpp_ws/install/setting_info:/home/rpp/rpp_ws/install/nav2_simple_commander:/home/rpp/rpp_ws/install/gui_control:/home/rpp/rpp_ws/install/graphic_display:/home/rpp/rpp_ws/install/linker_hand_ros2_sdk:/home/rpp/rpp_ws/install/bt_task_manager_ros2:/opt/ros/humble /usr/bin/cmake --install /home/rpp/rpp_ws/build/rpp_msgs
[1.447s] -- Install configuration: ""
[1.448s] -- Execute custom install script
[1.448s] -- Up-to-date symlink: /home/rpp/rpp_ws/install/rpp_msgs/share/ament_index/resource_index/rosidl_interfaces/rpp_msgs
[1.448s] -- Up-to-date symlink: /home/rpp/rpp_ws/install/rpp_msgs/include/rpp_msgs/rpp_msgs/msg/battery_state.h
[1.449s] -- Up-to-date symlink: /home/rpp/rpp_ws/install/rpp_msgs/include/rpp_msgs/rpp_msgs/msg/detail/battery_state__functions.h
[1.449s] -- Up-to-date symlink: /home/rpp/rpp_ws/install/rpp_msgs/include/rpp_msgs/rpp_msgs/msg/detail/battery_state__struct.h
[1.449s] -- Up-to-date symlink: /home/rpp/rpp_ws/install/rpp_msgs/include/rpp_msgs/rpp_msgs/msg/detail/battery_state__type_support.h
[1.450s] -- Up-to-date symlink: /home/rpp/rpp_ws/install/rpp_msgs/include/rpp_msgs/rpp_msgs/msg/detail/device_state__functions.h
[1.450s] -- Up-to-date symlink: /home/rpp/rpp_ws/install/rpp_msgs/include/rpp_msgs/rpp_msgs/msg/detail/device_state__struct.h
[1.450s] -- Up-to-date symlink: /home/rpp/rpp_ws/install/rpp_msgs/include/rpp_msgs/rpp_msgs/msg/detail/device_state__type_support.h
[1.450s] -- Up-to-date symlink: /home/rpp/rpp_ws/install/rpp_msgs/include/rpp_msgs/rpp_msgs/msg/detail/error_state__functions.h
[1.450s] -- Up-to-date symlink: /home/rpp/rpp_ws/install/rpp_msgs/include/rpp_msgs/rpp_msgs/msg/detail/error_state__struct.h
[1.451s] -- Up-to-date symlink: /home/rpp/rpp_ws/install/rpp_msgs/include/rpp_msgs/rpp_msgs/msg/detail/error_state__type_support.h
[1.451s] -- Up-to-date symlink: /home/rpp/rpp_ws/install/rpp_msgs/include/rpp_msgs/rpp_msgs/msg/detail/light_state__functions.h
[1.451s] -- Up-to-date symlink: /home/rpp/rpp_ws/install/rpp_msgs/include/rpp_msgs/rpp_msgs/msg/detail/light_state__struct.h
[1.451s] -- Up-to-date symlink: /home/rpp/rpp_ws/install/rpp_msgs/include/rpp_msgs/rpp_msgs/msg/detail/light_state__type_support.h
[1.451s] -- Up-to-date symlink: /home/rpp/rpp_ws/install/rpp_msgs/include/rpp_msgs/rpp_msgs/msg/detail/motor_state__functions.h
[1.451s] -- Up-to-date symlink: /home/rpp/rpp_ws/install/rpp_msgs/include/rpp_msgs/rpp_msgs/msg/detail/motor_state__struct.h
[1.452s] -- Up-to-date symlink: /home/rpp/rpp_ws/install/rpp_msgs/include/rpp_msgs/rpp_msgs/msg/detail/motor_state__type_support.h
[1.452s] -- Up-to-date symlink: /home/rpp/rpp_ws/install/rpp_msgs/include/rpp_msgs/rpp_msgs/msg/detail/set_device__functions.h
[1.452s] -- Up-to-date symlink: /home/rpp/rpp_ws/install/rpp_msgs/include/rpp_msgs/rpp_msgs/msg/detail/set_device__struct.h
[1.452s] -- Up-to-date symlink: /home/rpp/rpp_ws/install/rpp_msgs/include/rpp_msgs/rpp_msgs/msg/detail/set_device__type_support.h
[1.452s] -- Up-to-date symlink: /home/rpp/rpp_ws/install/rpp_msgs/include/rpp_msgs/rpp_msgs/msg/detail/set_error_mask__functions.h
[1.453s] -- Up-to-date symlink: /home/rpp/rpp_ws/install/rpp_msgs/include/rpp_msgs/rpp_msgs/msg/detail/set_error_mask__struct.h
[1.453s] -- Up-to-date symlink: /home/rpp/rpp_ws/install/rpp_msgs/include/rpp_msgs/rpp_msgs/msg/detail/set_error_mask__type_support.h
[1.453s] -- Up-to-date symlink: /home/rpp/rpp_ws/install/rpp_msgs/include/rpp_msgs/rpp_msgs/msg/detail/set_light__functions.h
[1.453s] -- Up-to-date symlink: /home/rpp/rpp_ws/install/rpp_msgs/include/rpp_msgs/rpp_msgs/msg/detail/set_light__struct.h
[1.453s] -- Up-to-date symlink: /home/rpp/rpp_ws/install/rpp_msgs/include/rpp_msgs/rpp_msgs/msg/detail/set_light__type_support.h
[1.454s] -- Up-to-date symlink: /home/rpp/rpp_ws/install/rpp_msgs/include/rpp_msgs/rpp_msgs/msg/detail/single_motor_state__functions.h
[1.454s] -- Up-to-date symlink: /home/rpp/rpp_ws/install/rpp_msgs/include/rpp_msgs/rpp_msgs/msg/detail/single_motor_state__struct.h
[1.455s] -- Up-to-date symlink: /home/rpp/rpp_ws/install/rpp_msgs/include/rpp_msgs/rpp_msgs/msg/detail/single_motor_state__type_support.h
[1.455s] -- Up-to-date symlink: /home/rpp/rpp_ws/install/rpp_msgs/include/rpp_msgs/rpp_msgs/msg/device_state.h
[1.455s] -- Up-to-date symlink: /home/rpp/rpp_ws/install/rpp_msgs/include/rpp_msgs/rpp_msgs/msg/error_state.h
[1.456s] -- Up-to-date symlink: /home/rpp/rpp_ws/install/rpp_msgs/include/rpp_msgs/rpp_msgs/msg/light_state.h
[1.457s] -- Up-to-date symlink: /home/rpp/rpp_ws/install/rpp_msgs/include/rpp_msgs/rpp_msgs/msg/motor_state.h
[1.457s] -- Up-to-date symlink: /home/rpp/rpp_ws/install/rpp_msgs/include/rpp_msgs/rpp_msgs/msg/rosidl_generator_c__visibility_control.h
[1.457s] -- Up-to-date symlink: /home/rpp/rpp_ws/install/rpp_msgs/include/rpp_msgs/rpp_msgs/msg/set_device.h
[1.457s] -- Up-to-date symlink: /home/rpp/rpp_ws/install/rpp_msgs/include/rpp_msgs/rpp_msgs/msg/set_error_mask.h
[1.457s] -- Up-to-date symlink: /home/rpp/rpp_ws/install/rpp_msgs/include/rpp_msgs/rpp_msgs/msg/set_light.h
[1.457s] -- Up-to-date symlink: /home/rpp/rpp_ws/install/rpp_msgs/include/rpp_msgs/rpp_msgs/msg/single_motor_state.h
[1.457s] -- Up-to-date symlink: /home/rpp/rpp_ws/install/rpp_msgs/share/rpp_msgs/environment/library_path.sh
[1.458s] -- Up-to-date symlink: /home/rpp/rpp_ws/install/rpp_msgs/share/rpp_msgs/environment/library_path.dsv
[1.458s] -- Up-to-date symlink: /home/rpp/rpp_ws/install/rpp_msgs/include/rpp_msgs/rpp_msgs/msg/detail/battery_state__rosidl_typesupport_fastrtps_c.h
[1.458s] -- Up-to-date symlink: /home/rpp/rpp_ws/install/rpp_msgs/include/rpp_msgs/rpp_msgs/msg/detail/device_state__rosidl_typesupport_fastrtps_c.h
[1.459s] -- Up-to-date symlink: /home/rpp/rpp_ws/install/rpp_msgs/include/rpp_msgs/rpp_msgs/msg/detail/error_state__rosidl_typesupport_fastrtps_c.h
[1.459s] -- Up-to-date symlink: /home/rpp/rpp_ws/install/rpp_msgs/include/rpp_msgs/rpp_msgs/msg/detail/light_state__rosidl_typesupport_fastrtps_c.h
[1.459s] -- Up-to-date symlink: /home/rpp/rpp_ws/install/rpp_msgs/include/rpp_msgs/rpp_msgs/msg/detail/motor_state__rosidl_typesupport_fastrtps_c.h
[1.459s] -- Up-to-date symlink: /home/rpp/rpp_ws/install/rpp_msgs/include/rpp_msgs/rpp_msgs/msg/detail/set_device__rosidl_typesupport_fastrtps_c.h
[1.459s] -- Up-to-date symlink: /home/rpp/rpp_ws/install/rpp_msgs/include/rpp_msgs/rpp_msgs/msg/detail/set_error_mask__rosidl_typesupport_fastrtps_c.h
[1.459s] -- Up-to-date symlink: /home/rpp/rpp_ws/install/rpp_msgs/include/rpp_msgs/rpp_msgs/msg/detail/set_light__rosidl_typesupport_fastrtps_c.h
[1.459s] -- Up-to-date symlink: /home/rpp/rpp_ws/install/rpp_msgs/include/rpp_msgs/rpp_msgs/msg/detail/single_motor_state__rosidl_typesupport_fastrtps_c.h
[1.459s] -- Up-to-date symlink: /home/rpp/rpp_ws/install/rpp_msgs/include/rpp_msgs/rpp_msgs/msg/rosidl_typesupport_fastrtps_c__visibility_control.h
[1.459s] -- Up-to-date symlink: /home/rpp/rpp_ws/install/rpp_msgs/include/rpp_msgs/rpp_msgs/msg/detail/battery_state__rosidl_typesupport_introspection_c.h
[1.459s] -- Up-to-date symlink: /home/rpp/rpp_ws/install/rpp_msgs/include/rpp_msgs/rpp_msgs/msg/detail/device_state__rosidl_typesupport_introspection_c.h
[1.459s] -- Up-to-date symlink: /home/rpp/rpp_ws/install/rpp_msgs/include/rpp_msgs/rpp_msgs/msg/detail/error_state__rosidl_typesupport_introspection_c.h
[1.459s] -- Up-to-date symlink: /home/rpp/rpp_ws/install/rpp_msgs/include/rpp_msgs/rpp_msgs/msg/detail/light_state__rosidl_typesupport_introspection_c.h
[1.459s] -- Up-to-date symlink: /home/rpp/rpp_ws/install/rpp_msgs/include/rpp_msgs/rpp_msgs/msg/detail/motor_state__rosidl_typesupport_introspection_c.h
[1.459s] -- Up-to-date symlink: /home/rpp/rpp_ws/install/rpp_msgs/include/rpp_msgs/rpp_msgs/msg/detail/set_device__rosidl_typesupport_introspection_c.h
[1.459s] -- Up-to-date symlink: /home/rpp/rpp_ws/install/rpp_msgs/include/rpp_msgs/rpp_msgs/msg/detail/set_error_mask__rosidl_typesupport_introspection_c.h
[1.459s] -- Up-to-date symlink: /home/rpp/rpp_ws/install/rpp_msgs/include/rpp_msgs/rpp_msgs/msg/detail/set_light__rosidl_typesupport_introspection_c.h
[1.459s] -- Up-to-date symlink: /home/rpp/rpp_ws/install/rpp_msgs/include/rpp_msgs/rpp_msgs/msg/detail/single_motor_state__rosidl_typesupport_introspection_c.h
[1.460s] -- Up-to-date symlink: /home/rpp/rpp_ws/install/rpp_msgs/include/rpp_msgs/rpp_msgs/msg/rosidl_typesupport_introspection_c__visibility_control.h
[1.460s] -- Up-to-date symlink: /home/rpp/rpp_ws/install/rpp_msgs/include/rpp_msgs/rpp_msgs/msg/battery_state.hpp
[1.460s] -- Up-to-date symlink: /home/rpp/rpp_ws/install/rpp_msgs/include/rpp_msgs/rpp_msgs/msg/detail/battery_state__builder.hpp
[1.460s] -- Up-to-date symlink: /home/rpp/rpp_ws/install/rpp_msgs/include/rpp_msgs/rpp_msgs/msg/detail/battery_state__struct.hpp
[1.460s] -- Up-to-date symlink: /home/rpp/rpp_ws/install/rpp_msgs/include/rpp_msgs/rpp_msgs/msg/detail/battery_state__traits.hpp
[1.460s] -- Up-to-date symlink: /home/rpp/rpp_ws/install/rpp_msgs/include/rpp_msgs/rpp_msgs/msg/detail/battery_state__type_support.hpp
[1.460s] -- Up-to-date symlink: /home/rpp/rpp_ws/install/rpp_msgs/include/rpp_msgs/rpp_msgs/msg/detail/device_state__builder.hpp
[1.460s] -- Up-to-date symlink: /home/rpp/rpp_ws/install/rpp_msgs/include/rpp_msgs/rpp_msgs/msg/detail/device_state__struct.hpp
[1.460s] -- Up-to-date symlink: /home/rpp/rpp_ws/install/rpp_msgs/include/rpp_msgs/rpp_msgs/msg/detail/device_state__traits.hpp
[1.460s] -- Up-to-date symlink: /home/rpp/rpp_ws/install/rpp_msgs/include/rpp_msgs/rpp_msgs/msg/detail/device_state__type_support.hpp
[1.460s] -- Up-to-date symlink: /home/rpp/rpp_ws/install/rpp_msgs/include/rpp_msgs/rpp_msgs/msg/detail/error_state__builder.hpp
[1.461s] -- Up-to-date symlink: /home/rpp/rpp_ws/install/rpp_msgs/include/rpp_msgs/rpp_msgs/msg/detail/error_state__struct.hpp
[1.461s] -- Up-to-date symlink: /home/rpp/rpp_ws/install/rpp_msgs/include/rpp_msgs/rpp_msgs/msg/detail/error_state__traits.hpp
[1.461s] -- Up-to-date symlink: /home/rpp/rpp_ws/install/rpp_msgs/include/rpp_msgs/rpp_msgs/msg/detail/error_state__type_support.hpp
[1.461s] -- Up-to-date symlink: /home/rpp/rpp_ws/install/rpp_msgs/include/rpp_msgs/rpp_msgs/msg/detail/light_state__builder.hpp
[1.461s] -- Up-to-date symlink: /home/rpp/rpp_ws/install/rpp_msgs/include/rpp_msgs/rpp_msgs/msg/detail/light_state__struct.hpp
[1.462s] -- Up-to-date symlink: /home/rpp/rpp_ws/install/rpp_msgs/include/rpp_msgs/rpp_msgs/msg/detail/light_state__traits.hpp
[1.462s] -- Up-to-date symlink: /home/rpp/rpp_ws/install/rpp_msgs/include/rpp_msgs/rpp_msgs/msg/detail/light_state__type_support.hpp
[1.462s] -- Up-to-date symlink: /home/rpp/rpp_ws/install/rpp_msgs/include/rpp_msgs/rpp_msgs/msg/detail/motor_state__builder.hpp
[1.462s] -- Up-to-date symlink: /home/rpp/rpp_ws/install/rpp_msgs/include/rpp_msgs/rpp_msgs/msg/detail/motor_state__struct.hpp
[1.462s] -- Up-to-date symlink: /home/rpp/rpp_ws/install/rpp_msgs/include/rpp_msgs/rpp_msgs/msg/detail/motor_state__traits.hpp
[1.462s] -- Up-to-date symlink: /home/rpp/rpp_ws/install/rpp_msgs/include/rpp_msgs/rpp_msgs/msg/detail/motor_state__type_support.hpp
[1.462s] -- Up-to-date symlink: /home/rpp/rpp_ws/install/rpp_msgs/include/rpp_msgs/rpp_msgs/msg/detail/set_device__builder.hpp
[1.462s] -- Up-to-date symlink: /home/rpp/rpp_ws/install/rpp_msgs/include/rpp_msgs/rpp_msgs/msg/detail/set_device__struct.hpp
[1.462s] -- Up-to-date symlink: /home/rpp/rpp_ws/install/rpp_msgs/include/rpp_msgs/rpp_msgs/msg/detail/set_device__traits.hpp
[1.462s] -- Up-to-date symlink: /home/rpp/rpp_ws/install/rpp_msgs/include/rpp_msgs/rpp_msgs/msg/detail/set_device__type_support.hpp
[1.462s] -- Up-to-date symlink: /home/rpp/rpp_ws/install/rpp_msgs/include/rpp_msgs/rpp_msgs/msg/detail/set_error_mask__builder.hpp
[1.462s] -- Up-to-date symlink: /home/rpp/rpp_ws/install/rpp_msgs/include/rpp_msgs/rpp_msgs/msg/detail/set_error_mask__struct.hpp
[1.462s] -- Up-to-date symlink: /home/rpp/rpp_ws/install/rpp_msgs/include/rpp_msgs/rpp_msgs/msg/detail/set_error_mask__traits.hpp
[1.462s] -- Up-to-date symlink: /home/rpp/rpp_ws/install/rpp_msgs/include/rpp_msgs/rpp_msgs/msg/detail/set_error_mask__type_support.hpp
[1.462s] -- Up-to-date symlink: /home/rpp/rpp_ws/install/rpp_msgs/include/rpp_msgs/rpp_msgs/msg/detail/set_light__builder.hpp
[1.463s] -- Up-to-date symlink: /home/rpp/rpp_ws/install/rpp_msgs/include/rpp_msgs/rpp_msgs/msg/detail/set_light__struct.hpp
[1.463s] -- Up-to-date symlink: /home/rpp/rpp_ws/install/rpp_msgs/include/rpp_msgs/rpp_msgs/msg/detail/set_light__traits.hpp
[1.463s] -- Up-to-date symlink: /home/rpp/rpp_ws/install/rpp_msgs/include/rpp_msgs/rpp_msgs/msg/detail/set_light__type_support.hpp
[1.463s] -- Up-to-date symlink: /home/rpp/rpp_ws/install/rpp_msgs/include/rpp_msgs/rpp_msgs/msg/detail/single_motor_state__builder.hpp
[1.463s] -- Up-to-date symlink: /home/rpp/rpp_ws/install/rpp_msgs/include/rpp_msgs/rpp_msgs/msg/detail/single_motor_state__struct.hpp
[1.463s] -- Up-to-date symlink: /home/rpp/rpp_ws/install/rpp_msgs/include/rpp_msgs/rpp_msgs/msg/detail/single_motor_state__traits.hpp
[1.463s] -- Up-to-date symlink: /home/rpp/rpp_ws/install/rpp_msgs/include/rpp_msgs/rpp_msgs/msg/detail/single_motor_state__type_support.hpp
[1.463s] -- Up-to-date symlink: /home/rpp/rpp_ws/install/rpp_msgs/include/rpp_msgs/rpp_msgs/msg/device_state.hpp
[1.463s] -- Up-to-date symlink: /home/rpp/rpp_ws/install/rpp_msgs/include/rpp_msgs/rpp_msgs/msg/error_state.hpp
[1.463s] -- Up-to-date symlink: /home/rpp/rpp_ws/install/rpp_msgs/include/rpp_msgs/rpp_msgs/msg/light_state.hpp
[1.463s] -- Up-to-date symlink: /home/rpp/rpp_ws/install/rpp_msgs/include/rpp_msgs/rpp_msgs/msg/motor_state.hpp
[1.463s] -- Up-to-date symlink: /home/rpp/rpp_ws/install/rpp_msgs/include/rpp_msgs/rpp_msgs/msg/rosidl_generator_cpp__visibility_control.hpp
[1.463s] -- Up-to-date symlink: /home/rpp/rpp_ws/install/rpp_msgs/include/rpp_msgs/rpp_msgs/msg/set_device.hpp
[1.463s] -- Up-to-date symlink: /home/rpp/rpp_ws/install/rpp_msgs/include/rpp_msgs/rpp_msgs/msg/set_error_mask.hpp
[1.463s] -- Up-to-date symlink: /home/rpp/rpp_ws/install/rpp_msgs/include/rpp_msgs/rpp_msgs/msg/set_light.hpp
[1.463s] -- Up-to-date symlink: /home/rpp/rpp_ws/install/rpp_msgs/include/rpp_msgs/rpp_msgs/msg/single_motor_state.hpp
[1.463s] -- Up-to-date symlink: /home/rpp/rpp_ws/install/rpp_msgs/include/rpp_msgs/rpp_msgs/msg/detail/battery_state__rosidl_typesupport_fastrtps_cpp.hpp
[1.463s] -- Up-to-date symlink: /home/rpp/rpp_ws/install/rpp_msgs/include/rpp_msgs/rpp_msgs/msg/detail/device_state__rosidl_typesupport_fastrtps_cpp.hpp
[1.463s] -- Up-to-date symlink: /home/rpp/rpp_ws/install/rpp_msgs/include/rpp_msgs/rpp_msgs/msg/detail/error_state__rosidl_typesupport_fastrtps_cpp.hpp
[1.464s] -- Up-to-date symlink: /home/rpp/rpp_ws/install/rpp_msgs/include/rpp_msgs/rpp_msgs/msg/detail/light_state__rosidl_typesupport_fastrtps_cpp.hpp
[1.464s] -- Up-to-date symlink: /home/rpp/rpp_ws/install/rpp_msgs/include/rpp_msgs/rpp_msgs/msg/detail/motor_state__rosidl_typesupport_fastrtps_cpp.hpp
[1.464s] -- Up-to-date symlink: /home/rpp/rpp_ws/install/rpp_msgs/include/rpp_msgs/rpp_msgs/msg/detail/set_device__rosidl_typesupport_fastrtps_cpp.hpp
[1.464s] -- Up-to-date symlink: /home/rpp/rpp_ws/install/rpp_msgs/include/rpp_msgs/rpp_msgs/msg/detail/set_error_mask__rosidl_typesupport_fastrtps_cpp.hpp
[1.464s] -- Up-to-date symlink: /home/rpp/rpp_ws/install/rpp_msgs/include/rpp_msgs/rpp_msgs/msg/detail/set_light__rosidl_typesupport_fastrtps_cpp.hpp
[1.464s] -- Up-to-date symlink: /home/rpp/rpp_ws/install/rpp_msgs/include/rpp_msgs/rpp_msgs/msg/detail/single_motor_state__rosidl_typesupport_fastrtps_cpp.hpp
[1.464s] -- Up-to-date symlink: /home/rpp/rpp_ws/install/rpp_msgs/include/rpp_msgs/rpp_msgs/msg/rosidl_typesupport_fastrtps_cpp__visibility_control.h
[1.464s] -- Up-to-date symlink: /home/rpp/rpp_ws/install/rpp_msgs/include/rpp_msgs/rpp_msgs/msg/detail/battery_state__rosidl_typesupport_introspection_cpp.hpp
[1.464s] -- Up-to-date symlink: /home/rpp/rpp_ws/install/rpp_msgs/include/rpp_msgs/rpp_msgs/msg/detail/device_state__rosidl_typesupport_introspection_cpp.hpp
[1.464s] -- Up-to-date symlink: /home/rpp/rpp_ws/install/rpp_msgs/include/rpp_msgs/rpp_msgs/msg/detail/error_state__rosidl_typesupport_introspection_cpp.hpp
[1.464s] -- Up-to-date symlink: /home/rpp/rpp_ws/install/rpp_msgs/include/rpp_msgs/rpp_msgs/msg/detail/light_state__rosidl_typesupport_introspection_cpp.hpp
[1.464s] -- Up-to-date symlink: /home/rpp/rpp_ws/install/rpp_msgs/include/rpp_msgs/rpp_msgs/msg/detail/motor_state__rosidl_typesupport_introspection_cpp.hpp
[1.464s] -- Up-to-date symlink: /home/rpp/rpp_ws/install/rpp_msgs/include/rpp_msgs/rpp_msgs/msg/detail/set_device__rosidl_typesupport_introspection_cpp.hpp
[1.464s] -- Up-to-date symlink: /home/rpp/rpp_ws/install/rpp_msgs/include/rpp_msgs/rpp_msgs/msg/detail/set_error_mask__rosidl_typesupport_introspection_cpp.hpp
[1.464s] -- Up-to-date symlink: /home/rpp/rpp_ws/install/rpp_msgs/include/rpp_msgs/rpp_msgs/msg/detail/set_light__rosidl_typesupport_introspection_cpp.hpp
[1.464s] -- Up-to-date symlink: /home/rpp/rpp_ws/install/rpp_msgs/include/rpp_msgs/rpp_msgs/msg/detail/single_motor_state__rosidl_typesupport_introspection_cpp.hpp
[1.464s] -- Up-to-date symlink: /home/rpp/rpp_ws/install/rpp_msgs/share/rpp_msgs/environment/pythonpath.sh
[1.465s] -- Up-to-date symlink: /home/rpp/rpp_ws/install/rpp_msgs/share/rpp_msgs/environment/pythonpath.dsv
[1.465s] -- Up-to-date symlink: /home/rpp/rpp_ws/install/rpp_msgs/local/lib/python3.10/dist-packages/rpp_msgs-0.0.0-py3.10.egg-info/PKG-INFO
[1.465s] -- Up-to-date symlink: /home/rpp/rpp_ws/install/rpp_msgs/local/lib/python3.10/dist-packages/rpp_msgs-0.0.0-py3.10.egg-info/SOURCES.txt
[1.465s] -- Up-to-date symlink: /home/rpp/rpp_ws/install/rpp_msgs/local/lib/python3.10/dist-packages/rpp_msgs-0.0.0-py3.10.egg-info/dependency_links.txt
[1.465s] -- Up-to-date symlink: /home/rpp/rpp_ws/install/rpp_msgs/local/lib/python3.10/dist-packages/rpp_msgs-0.0.0-py3.10.egg-info/top_level.txt
[1.465s] -- Up-to-date symlink: /home/rpp/rpp_ws/install/rpp_msgs/local/lib/python3.10/dist-packages/rpp_msgs/__init__.py
[1.465s] -- Up-to-date symlink: /home/rpp/rpp_ws/install/rpp_msgs/local/lib/python3.10/dist-packages/rpp_msgs/_rpp_msgs_s.ep.rosidl_typesupport_c.c
[1.465s] -- Up-to-date symlink: /home/rpp/rpp_ws/install/rpp_msgs/local/lib/python3.10/dist-packages/rpp_msgs/_rpp_msgs_s.ep.rosidl_typesupport_fastrtps_c.c
[1.466s] -- Up-to-date symlink: /home/rpp/rpp_ws/install/rpp_msgs/local/lib/python3.10/dist-packages/rpp_msgs/_rpp_msgs_s.ep.rosidl_typesupport_introspection_c.c
[1.466s] -- Up-to-date symlink: /home/rpp/rpp_ws/install/rpp_msgs/local/lib/python3.10/dist-packages/rpp_msgs/librpp_msgs__rosidl_generator_py.so
[1.466s] -- Up-to-date symlink: /home/rpp/rpp_ws/install/rpp_msgs/local/lib/python3.10/dist-packages/rpp_msgs/msg/__init__.py
[1.466s] -- Up-to-date symlink: /home/rpp/rpp_ws/install/rpp_msgs/local/lib/python3.10/dist-packages/rpp_msgs/msg/_battery_state.py
[1.466s] -- Up-to-date symlink: /home/rpp/rpp_ws/install/rpp_msgs/local/lib/python3.10/dist-packages/rpp_msgs/msg/_battery_state_s.c
[1.466s] -- Up-to-date symlink: /home/rpp/rpp_ws/install/rpp_msgs/local/lib/python3.10/dist-packages/rpp_msgs/msg/_device_state.py
[1.467s] -- Up-to-date symlink: /home/rpp/rpp_ws/install/rpp_msgs/local/lib/python3.10/dist-packages/rpp_msgs/msg/_device_state_s.c
[1.467s] -- Up-to-date symlink: /home/rpp/rpp_ws/install/rpp_msgs/local/lib/python3.10/dist-packages/rpp_msgs/msg/_error_state.py
[1.467s] -- Up-to-date symlink: /home/rpp/rpp_ws/install/rpp_msgs/local/lib/python3.10/dist-packages/rpp_msgs/msg/_error_state_s.c
[1.467s] -- Up-to-date symlink: /home/rpp/rpp_ws/install/rpp_msgs/local/lib/python3.10/dist-packages/rpp_msgs/msg/_light_state.py
[1.467s] -- Up-to-date symlink: /home/rpp/rpp_ws/install/rpp_msgs/local/lib/python3.10/dist-packages/rpp_msgs/msg/_light_state_s.c
[1.467s] -- Up-to-date symlink: /home/rpp/rpp_ws/install/rpp_msgs/local/lib/python3.10/dist-packages/rpp_msgs/msg/_motor_state.py
[1.467s] -- Up-to-date symlink: /home/rpp/rpp_ws/install/rpp_msgs/local/lib/python3.10/dist-packages/rpp_msgs/msg/_motor_state_s.c
[1.467s] -- Up-to-date symlink: /home/rpp/rpp_ws/install/rpp_msgs/local/lib/python3.10/dist-packages/rpp_msgs/msg/_set_device.py
[1.467s] -- Up-to-date symlink: /home/rpp/rpp_ws/install/rpp_msgs/local/lib/python3.10/dist-packages/rpp_msgs/msg/_set_device_s.c
[1.468s] -- Up-to-date symlink: /home/rpp/rpp_ws/install/rpp_msgs/local/lib/python3.10/dist-packages/rpp_msgs/msg/_set_error_mask.py
[1.468s] -- Up-to-date symlink: /home/rpp/rpp_ws/install/rpp_msgs/local/lib/python3.10/dist-packages/rpp_msgs/msg/_set_error_mask_s.c
[1.468s] -- Up-to-date symlink: /home/rpp/rpp_ws/install/rpp_msgs/local/lib/python3.10/dist-packages/rpp_msgs/msg/_set_light.py
[1.468s] -- Up-to-date symlink: /home/rpp/rpp_ws/install/rpp_msgs/local/lib/python3.10/dist-packages/rpp_msgs/msg/_set_light_s.c
[1.468s] -- Up-to-date symlink: /home/rpp/rpp_ws/install/rpp_msgs/local/lib/python3.10/dist-packages/rpp_msgs/msg/_single_motor_state.py
[1.468s] -- Up-to-date symlink: /home/rpp/rpp_ws/install/rpp_msgs/local/lib/python3.10/dist-packages/rpp_msgs/msg/_single_motor_state_s.c
[1.468s] -- Up-to-date symlink: /home/rpp/rpp_ws/install/rpp_msgs/local/lib/python3.10/dist-packages/rpp_msgs/rpp_msgs_s__rosidl_typesupport_c.cpython-310-x86_64-linux-gnu.so
[1.468s] -- Up-to-date symlink: /home/rpp/rpp_ws/install/rpp_msgs/local/lib/python3.10/dist-packages/rpp_msgs/rpp_msgs_s__rosidl_typesupport_fastrtps_c.cpython-310-x86_64-linux-gnu.so
[1.468s] -- Up-to-date symlink: /home/rpp/rpp_ws/install/rpp_msgs/local/lib/python3.10/dist-packages/rpp_msgs/rpp_msgs_s__rosidl_typesupport_introspection_c.cpython-310-x86_64-linux-gnu.so
[1.468s] -- Up-to-date symlink: /home/rpp/rpp_ws/install/rpp_msgs/local/lib/python3.10/dist-packages/rpp_msgs/rpp_msgs_s__rosidl_typesupport_fastrtps_c.cpython-310-x86_64-linux-gnu.so
[1.469s] -- Up-to-date symlink: /home/rpp/rpp_ws/install/rpp_msgs/local/lib/python3.10/dist-packages/rpp_msgs/rpp_msgs_s__rosidl_typesupport_introspection_c.cpython-310-x86_64-linux-gnu.so
[1.469s] -- Up-to-date symlink: /home/rpp/rpp_ws/install/rpp_msgs/local/lib/python3.10/dist-packages/rpp_msgs/rpp_msgs_s__rosidl_typesupport_c.cpython-310-x86_64-linux-gnu.so
[1.469s] -- Up-to-date symlink: /home/rpp/rpp_ws/install/rpp_msgs/share/rpp_msgs/msg/BatteryState.idl
[1.469s] -- Up-to-date symlink: /home/rpp/rpp_ws/install/rpp_msgs/share/rpp_msgs/msg/DeviceState.idl
[1.469s] -- Up-to-date symlink: /home/rpp/rpp_ws/install/rpp_msgs/share/rpp_msgs/msg/ErrorState.idl
[1.469s] -- Up-to-date symlink: /home/rpp/rpp_ws/install/rpp_msgs/share/rpp_msgs/msg/LightState.idl
[1.470s] -- Up-to-date symlink: /home/rpp/rpp_ws/install/rpp_msgs/share/rpp_msgs/msg/MotorState.idl
[1.470s] -- Up-to-date symlink: /home/rpp/rpp_ws/install/rpp_msgs/share/rpp_msgs/msg/SingleMotorState.idl
[1.470s] -- Up-to-date symlink: /home/rpp/rpp_ws/install/rpp_msgs/share/rpp_msgs/msg/SetDevice.idl
[1.470s] -- Up-to-date symlink: /home/rpp/rpp_ws/install/rpp_msgs/share/rpp_msgs/msg/SetErrorMask.idl
[1.478s] -- Up-to-date symlink: /home/rpp/rpp_ws/install/rpp_msgs/share/rpp_msgs/msg/SetLight.idl
[1.478s] -- Up-to-date symlink: /home/rpp/rpp_ws/install/rpp_msgs/share/rpp_msgs/msg/BatteryState.msg
[1.478s] -- Up-to-date symlink: /home/rpp/rpp_ws/install/rpp_msgs/share/rpp_msgs/msg/DeviceState.msg
[1.478s] -- Up-to-date symlink: /home/rpp/rpp_ws/install/rpp_msgs/share/rpp_msgs/msg/ErrorState.msg
[1.478s] -- Up-to-date symlink: /home/rpp/rpp_ws/install/rpp_msgs/share/rpp_msgs/msg/LightState.msg
[1.478s] -- Up-to-date symlink: /home/rpp/rpp_ws/install/rpp_msgs/share/rpp_msgs/msg/MotorState.msg
[1.478s] -- Up-to-date symlink: /home/rpp/rpp_ws/install/rpp_msgs/share/rpp_msgs/msg/SingleMotorState.msg
[1.481s] -- Up-to-date symlink: /home/rpp/rpp_ws/install/rpp_msgs/share/rpp_msgs/msg/SetDevice.msg
[1.481s] -- Up-to-date symlink: /home/rpp/rpp_ws/install/rpp_msgs/share/rpp_msgs/msg/SetErrorMask.msg
[1.481s] -- Up-to-date symlink: /home/rpp/rpp_ws/install/rpp_msgs/share/rpp_msgs/msg/SetLight.msg
[1.481s] -- Up-to-date symlink: /home/rpp/rpp_ws/install/rpp_msgs/share/ament_index/resource_index/package_run_dependencies/rpp_msgs
[1.481s] -- Up-to-date symlink: /home/rpp/rpp_ws/install/rpp_msgs/share/ament_index/resource_index/parent_prefix_path/rpp_msgs
[1.482s] -- Up-to-date symlink: /home/rpp/rpp_ws/install/rpp_msgs/share/rpp_msgs/environment/ament_prefix_path.sh
[1.482s] -- Up-to-date symlink: /home/rpp/rpp_ws/install/rpp_msgs/share/rpp_msgs/environment/ament_prefix_path.dsv
[1.482s] -- Up-to-date symlink: /home/rpp/rpp_ws/install/rpp_msgs/share/rpp_msgs/environment/path.sh
[1.482s] -- Up-to-date symlink: /home/rpp/rpp_ws/install/rpp_msgs/share/rpp_msgs/environment/path.dsv
[1.482s] -- Up-to-date symlink: /home/rpp/rpp_ws/install/rpp_msgs/share/rpp_msgs/local_setup.bash
[1.482s] -- Up-to-date symlink: /home/rpp/rpp_ws/install/rpp_msgs/share/rpp_msgs/local_setup.sh
[1.482s] -- Up-to-date symlink: /home/rpp/rpp_ws/install/rpp_msgs/share/rpp_msgs/local_setup.zsh
[1.482s] -- Up-to-date symlink: /home/rpp/rpp_ws/install/rpp_msgs/share/rpp_msgs/local_setup.dsv
[1.483s] -- Symlinking: /home/rpp/rpp_ws/install/rpp_msgs/share/rpp_msgs/package.dsv
[1.490s] -- Up-to-date symlink: /home/rpp/rpp_ws/install/rpp_msgs/share/ament_index/resource_index/packages/rpp_msgs
[1.490s] -- Up-to-date symlink: /home/rpp/rpp_ws/install/rpp_msgs/share/rpp_msgs/cmake/rosidl_cmake-extras.cmake
[1.490s] -- Up-to-date symlink: /home/rpp/rpp_ws/install/rpp_msgs/share/rpp_msgs/cmake/ament_cmake_export_dependencies-extras.cmake
[1.490s] -- Up-to-date symlink: /home/rpp/rpp_ws/install/rpp_msgs/share/rpp_msgs/cmake/ament_cmake_export_include_directories-extras.cmake
[1.490s] -- Up-to-date symlink: /home/rpp/rpp_ws/install/rpp_msgs/share/rpp_msgs/cmake/ament_cmake_export_libraries-extras.cmake
[1.490s] -- Up-to-date symlink: /home/rpp/rpp_ws/install/rpp_msgs/share/rpp_msgs/cmake/ament_cmake_export_targets-extras.cmake
[1.491s] -- Up-to-date symlink: /home/rpp/rpp_ws/install/rpp_msgs/share/rpp_msgs/cmake/rosidl_cmake_export_typesupport_targets-extras.cmake
[1.491s] -- Up-to-date symlink: /home/rpp/rpp_ws/install/rpp_msgs/share/rpp_msgs/cmake/rosidl_cmake_export_typesupport_libraries-extras.cmake
[1.491s] -- Up-to-date symlink: /home/rpp/rpp_ws/install/rpp_msgs/share/rpp_msgs/cmake/rpp_msgsConfig.cmake
[1.491s] -- Up-to-date symlink: /home/rpp/rpp_ws/install/rpp_msgs/share/rpp_msgs/cmake/rpp_msgsConfig-version.cmake
[1.491s] -- Up-to-date symlink: /home/rpp/rpp_ws/install/rpp_msgs/share/rpp_msgs/package.xml
[1.491s] -- Up-to-date: /home/rpp/rpp_ws/install/rpp_msgs/lib/librpp_msgs__rosidl_generator_c.so
[1.491s] -- Up-to-date: /home/rpp/rpp_ws/install/rpp_msgs/lib/librpp_msgs__rosidl_typesupport_fastrtps_c.so
[1.491s] -- Up-to-date: /home/rpp/rpp_ws/install/rpp_msgs/lib/librpp_msgs__rosidl_typesupport_introspection_c.so
[1.491s] -- Up-to-date: /home/rpp/rpp_ws/install/rpp_msgs/lib/librpp_msgs__rosidl_typesupport_c.so
[1.491s] -- Up-to-date: /home/rpp/rpp_ws/install/rpp_msgs/lib/librpp_msgs__rosidl_typesupport_fastrtps_cpp.so
[1.492s] -- Up-to-date: /home/rpp/rpp_ws/install/rpp_msgs/lib/librpp_msgs__rosidl_typesupport_introspection_cpp.so
[1.492s] -- Up-to-date: /home/rpp/rpp_ws/install/rpp_msgs/lib/librpp_msgs__rosidl_typesupport_cpp.so
[1.496s] Listing '/home/rpp/rpp_ws/install/rpp_msgs/local/lib/python3.10/dist-packages/rpp_msgs'...
[1.496s] Listing '/home/rpp/rpp_ws/install/rpp_msgs/local/lib/python3.10/dist-packages/rpp_msgs/msg'...
[1.496s] -- Up-to-date: /home/rpp/rpp_ws/install/rpp_msgs/lib/librpp_msgs__rosidl_generator_py.so
[1.496s] -- Up-to-date: /home/rpp/rpp_ws/install/rpp_msgs/share/rpp_msgs/cmake/export_rpp_msgs__rosidl_generator_cExport.cmake
[1.496s] -- Up-to-date: /home/rpp/rpp_ws/install/rpp_msgs/share/rpp_msgs/cmake/export_rpp_msgs__rosidl_generator_cExport-noconfig.cmake
[1.497s] -- Up-to-date: /home/rpp/rpp_ws/install/rpp_msgs/share/rpp_msgs/cmake/export_rpp_msgs__rosidl_typesupport_fastrtps_cExport.cmake
[1.497s] -- Up-to-date: /home/rpp/rpp_ws/install/rpp_msgs/share/rpp_msgs/cmake/export_rpp_msgs__rosidl_typesupport_fastrtps_cExport-noconfig.cmake
[1.497s] -- Up-to-date: /home/rpp/rpp_ws/install/rpp_msgs/share/rpp_msgs/cmake/rpp_msgs__rosidl_typesupport_introspection_cExport.cmake
[1.497s] -- Up-to-date: /home/rpp/rpp_ws/install/rpp_msgs/share/rpp_msgs/cmake/rpp_msgs__rosidl_typesupport_introspection_cExport-noconfig.cmake
[1.497s] -- Up-to-date: /home/rpp/rpp_ws/install/rpp_msgs/share/rpp_msgs/cmake/rpp_msgs__rosidl_typesupport_cExport.cmake
[1.497s] -- Up-to-date: /home/rpp/rpp_ws/install/rpp_msgs/share/rpp_msgs/cmake/rpp_msgs__rosidl_typesupport_cExport-noconfig.cmake
[1.497s] -- Up-to-date: /home/rpp/rpp_ws/install/rpp_msgs/share/rpp_msgs/cmake/export_rpp_msgs__rosidl_generator_cppExport.cmake
[1.497s] -- Up-to-date: /home/rpp/rpp_ws/install/rpp_msgs/share/rpp_msgs/cmake/export_rpp_msgs__rosidl_typesupport_fastrtps_cppExport.cmake
[1.497s] -- Up-to-date: /home/rpp/rpp_ws/install/rpp_msgs/share/rpp_msgs/cmake/export_rpp_msgs__rosidl_typesupport_fastrtps_cppExport-noconfig.cmake
[1.497s] -- Up-to-date: /home/rpp/rpp_ws/install/rpp_msgs/share/rpp_msgs/cmake/rpp_msgs__rosidl_typesupport_introspection_cppExport.cmake
[1.497s] -- Up-to-date: /home/rpp/rpp_ws/install/rpp_msgs/share/rpp_msgs/cmake/rpp_msgs__rosidl_typesupport_introspection_cppExport-noconfig.cmake
[1.497s] -- Up-to-date: /home/rpp/rpp_ws/install/rpp_msgs/share/rpp_msgs/cmake/rpp_msgs__rosidl_typesupport_cppExport.cmake
[1.497s] -- Up-to-date: /home/rpp/rpp_ws/install/rpp_msgs/share/rpp_msgs/cmake/rpp_msgs__rosidl_typesupport_cppExport-noconfig.cmake
[1.497s] -- Up-to-date: /home/rpp/rpp_ws/install/rpp_msgs/share/rpp_msgs/cmake/export_rpp_msgs__rosidl_generator_pyExport.cmake
[1.497s] -- Up-to-date: /home/rpp/rpp_ws/install/rpp_msgs/share/rpp_msgs/cmake/export_rpp_msgs__rosidl_generator_pyExport-noconfig.cmake
[1.710s] Invoked command in '/home/rpp/rpp_ws/build/rpp_msgs' returned '0': CMAKE_PREFIX_PATH=${CMAKE_PREFIX_PATH}:/home/rpp/rpp_ws/install/setting_info:/home/rpp/rpp_ws/install/nav2_simple_commander:/home/rpp/rpp_ws/install/gui_control:/home/rpp/rpp_ws/install/graphic_display:/home/rpp/rpp_ws/install/linker_hand_ros2_sdk:/home/rpp/rpp_ws/install/bt_task_manager_ros2:/opt/ros/humble /usr/bin/cmake --install /home/rpp/rpp_ws/build/rpp_msgs
