1756629962.7383041 [INFO] [launch]: All log files can be found below /home/rpp/rpp_logs/2025-08-31-16-46-02-736901-rpp-Default-string-3623
1756629962.7383761 [INFO] [launch]: Default logging verbosity is set to INFO
1756629962.7683802 [INFO] [ros2_control_node-1]: process started with pid [3624]
1756629962.7684715 [INFO] [spawner-2]: process started with pid [3626]
1756629962.7685132 [INFO] [spawner-3]: process started with pid [3628]
1756629962.7685463 [INFO] [spawner-4]: process started with pid [3630]
1756629962.7685761 [INFO] [spawner-5]: process started with pid [3632]
1756629963.1571443 [ros2_control_node-1] [INFO] [1756629963.156785458] [controller_manager]: Subscribing to '~/robot_description' topic for robot description file.
1756629963.1578455 [ros2_control_node-1] [INFO] [1756629963.157645575] [controller_manager]: update rate is 100 Hz
1756629963.1579711 [ros2_control_node-1] [INFO] [1756629963.157664096] [controller_manager]: Spawning controller_manager RT thread with scheduler priority: 50
1756629963.1582830 [ros2_control_node-1] [WARN] [1756629963.157766376] [controller_manager]: No real-time kernel detected on this system. See [https://control.ros.org/master/doc/ros2_control/controller_manager/doc/userdoc.html] for details on how to enable realtime scheduling.
1756629963.1773412 [spawner-3] [INFO] [1756629963.177171090] [spawner_left_joint_trajectory_controller]: waiting for service /controller_manager/list_controllers to become available...
1756629963.1775835 [spawner-2] [INFO] [1756629963.177201098] [spawner_joint_state_broadcaster]: waiting for service /controller_manager/list_controllers to become available...
1756629963.1776776 [spawner-4] [INFO] [1756629963.177203280] [spawner_right_joint_trajectory_controller]: waiting for service /controller_manager/list_controllers to become available...
1756629963.1777530 [spawner-5] [INFO] [1756629963.177383580] [spawner_fault_controller]: waiting for service /controller_manager/list_controllers to become available...
1756629964.1448896 [ros2_control_node-1] [INFO] [1756629964.144673609] [controller_manager]: Received robot description file.
1756629964.1451602 [ros2_control_node-1] text not specified in the gripper_joint_name tag
1756629964.1452849 [ros2_control_node-1] text not specified in the gripper_joint_name tag
1756629964.1453199 [ros2_control_node-1] [INFO] [1756629964.145204583] [resource_manager]: Loading hardware 'left_KortexMultiInterfaceHardware' 
1756629964.1703041 [ros2_control_node-1] [INFO] [1756629964.170153887] [KortexMultiInterfaceHardware]: Setting severity threshold to DEBUG
1756629964.1703732 [ros2_control_node-1] [INFO] [1756629964.170185557] [resource_manager]: Initialize hardware 'left_KortexMultiInterfaceHardware' 
1756629964.1703992 [ros2_control_node-1] [INFO] [1756629964.170191050] [KortexMultiInterfaceHardware]: Configuring Hardware Interface
1756629964.1705201 [ros2_control_node-1] [INFO] [1756629964.170338275] [KortexMultiInterfaceHardware]: Robot ip is '192.168.11.60'
1756629964.1705527 [ros2_control_node-1] [INFO] [1756629964.170341626] [KortexMultiInterfaceHardware]: Username is 'admin'
1756629964.1705749 [ros2_control_node-1] [INFO] [1756629964.170346889] [KortexMultiInterfaceHardware]: Port used '10000'
1756629964.1705942 [ros2_control_node-1] [INFO] [1756629964.170349013] [KortexMultiInterfaceHardware]: Realtime port used '10001'
1756629964.1706123 [ros2_control_node-1] [INFO] [1756629964.170351931] [KortexMultiInterfaceHardware]: Session inactivity timeout is '60000'
1756629964.1706290 [ros2_control_node-1] [INFO] [1756629964.170353814] [KortexMultiInterfaceHardware]: Connection inactivity timeout is '2000'
1756629964.1706457 [ros2_control_node-1] [ERROR] [1756629964.170355539] [KortexMultiInterfaceHardware]: Gripper joint name is empty!
1756629964.1706626 [ros2_control_node-1] [INFO] [1756629964.170365209] [KortexMultiInterfaceHardware]: Connecting to robot at 192.168.11.60
1756629964.1710298 [ros2_control_node-1] [INFO] [1756629964.170976981] [KortexMultiInterfaceHardware]: Creating session for communication
1756629964.5944684 [ros2_control_node-1] [INFO] [1756629964.594114496] [KortexMultiInterfaceHardware]: Session created
1756629965.1784358 [ros2_control_node-1] [INFO] [1756629965.178174046] [KortexMultiInterfaceHardware]: Actuator count reported by robot is '7'
1756629965.1785243 [ros2_control_node-1] [INFO] [1756629965.178288595] [KortexMultiInterfaceHardware]: Hardware Interface successfully configured
1756629965.1785510 [ros2_control_node-1] [INFO] [1756629965.178299732] [resource_manager]: Successful initialization of hardware 'left_KortexMultiInterfaceHardware'
1756629965.1785719 [ros2_control_node-1] [DEBUG] [1756629965.178314474] [KortexMultiInterfaceHardware]: export_state_interfaces for joint: left_joint_1
1756629965.1787071 [ros2_control_node-1] [DEBUG] [1756629965.178339260] [KortexMultiInterfaceHardware]: export_state_interfaces for joint: left_joint_2
1756629965.1787395 [ros2_control_node-1] [DEBUG] [1756629965.178348947] [KortexMultiInterfaceHardware]: export_state_interfaces for joint: left_joint_3
1756629965.1787591 [ros2_control_node-1] [DEBUG] [1756629965.178350706] [KortexMultiInterfaceHardware]: export_state_interfaces for joint: left_joint_4
1756629965.1787767 [ros2_control_node-1] [DEBUG] [1756629965.178351974] [KortexMultiInterfaceHardware]: export_state_interfaces for joint: left_joint_5
1756629965.1787932 [ros2_control_node-1] [DEBUG] [1756629965.178353552] [KortexMultiInterfaceHardware]: export_state_interfaces for joint: left_joint_6
1756629965.1788099 [ros2_control_node-1] [DEBUG] [1756629965.178354799] [KortexMultiInterfaceHardware]: export_state_interfaces for joint: left_joint_7
1756629965.1788793 [ros2_control_node-1] [INFO] [1756629965.178445441] [resource_manager]: Loading hardware 'right_KortexMultiInterfaceHardware' 
1756629965.1789050 [ros2_control_node-1] [INFO] [1756629965.178477611] [KortexMultiInterfaceHardware]: Setting severity threshold to DEBUG
1756629965.1789255 [ros2_control_node-1] [INFO] [1756629965.178482590] [resource_manager]: Initialize hardware 'right_KortexMultiInterfaceHardware' 
1756629965.1790755 [ros2_control_node-1] [INFO] [1756629965.178484388] [KortexMultiInterfaceHardware]: Configuring Hardware Interface
1756629965.1790962 [ros2_control_node-1] [INFO] [1756629965.178521726] [KortexMultiInterfaceHardware]: Robot ip is '192.168.11.61'
1756629965.1791134 [ros2_control_node-1] [INFO] [1756629965.178523416] [KortexMultiInterfaceHardware]: Username is 'admin'
1756629965.1791372 [ros2_control_node-1] [INFO] [1756629965.178525565] [KortexMultiInterfaceHardware]: Port used '10000'
1756629965.1791544 [ros2_control_node-1] [INFO] [1756629965.178527162] [KortexMultiInterfaceHardware]: Realtime port used '10001'
1756629965.1791720 [ros2_control_node-1] [INFO] [1756629965.178528803] [KortexMultiInterfaceHardware]: Session inactivity timeout is '60000'
1756629965.1791892 [ros2_control_node-1] [INFO] [1756629965.178530406] [KortexMultiInterfaceHardware]: Connection inactivity timeout is '2000'
1756629965.1792054 [ros2_control_node-1] [ERROR] [1756629965.178531985] [KortexMultiInterfaceHardware]: Gripper joint name is empty!
1756629965.1792233 [ros2_control_node-1] [INFO] [1756629965.178539147] [KortexMultiInterfaceHardware]: Connecting to robot at 192.168.11.61
1756629965.1793187 [ros2_control_node-1] [INFO] [1756629965.179270475] [KortexMultiInterfaceHardware]: Creating session for communication
1756629965.5218351 [ros2_control_node-1] [INFO] [1756629965.521615531] [KortexMultiInterfaceHardware]: Session created
1756629966.1083622 [ros2_control_node-1] [INFO] [1756629966.108169708] [KortexMultiInterfaceHardware]: Actuator count reported by robot is '7'
1756629966.1084523 [ros2_control_node-1] [INFO] [1756629966.108234545] [KortexMultiInterfaceHardware]: Hardware Interface successfully configured
1756629966.1086056 [ros2_control_node-1] [INFO] [1756629966.108242973] [resource_manager]: Successful initialization of hardware 'right_KortexMultiInterfaceHardware'
1756629966.1086423 [ros2_control_node-1] [DEBUG] [1756629966.108247434] [KortexMultiInterfaceHardware]: export_state_interfaces for joint: right_joint_1
1756629966.1086733 [ros2_control_node-1] [DEBUG] [1756629966.108251358] [KortexMultiInterfaceHardware]: export_state_interfaces for joint: right_joint_2
1756629966.1086938 [ros2_control_node-1] [DEBUG] [1756629966.108253667] [KortexMultiInterfaceHardware]: export_state_interfaces for joint: right_joint_3
1756629966.1087112 [ros2_control_node-1] [DEBUG] [1756629966.108255358] [KortexMultiInterfaceHardware]: export_state_interfaces for joint: right_joint_4
1756629966.1087399 [ros2_control_node-1] [DEBUG] [1756629966.108256715] [KortexMultiInterfaceHardware]: export_state_interfaces for joint: right_joint_5
1756629966.1087723 [ros2_control_node-1] [DEBUG] [1756629966.108258362] [KortexMultiInterfaceHardware]: export_state_interfaces for joint: right_joint_6
1756629966.1087925 [ros2_control_node-1] [DEBUG] [1756629966.108259749] [KortexMultiInterfaceHardware]: export_state_interfaces for joint: right_joint_7
1756629966.1088927 [ros2_control_node-1] [INFO] [1756629966.108332897] [resource_manager]: 'configure' hardware 'right_KortexMultiInterfaceHardware' 
1756629966.1089206 [ros2_control_node-1] [INFO] [1756629966.108337511] [resource_manager]: Successful 'configure' of hardware 'right_KortexMultiInterfaceHardware'
1756629966.1089420 [ros2_control_node-1] [INFO] [1756629966.108344187] [resource_manager]: 'activate' hardware 'right_KortexMultiInterfaceHardware' 
1756629966.1089616 [ros2_control_node-1] [INFO] [1756629966.108346404] [KortexMultiInterfaceHardware]: Activating KortexMultiInterfaceHardware...
1756629966.1090395 [ros2_control_node-1] [INFO] [1756629966.108669988] [KortexMultiInterfaceHardware]: Gripper initial position is '0.000000'.
1756629966.1091354 [ros2_control_node-1] [INFO] [1756629966.108986885] [KortexMultiInterfaceHardware]: KortexMultiInterfaceHardware successfully activated!
1756629966.1091661 [ros2_control_node-1] [INFO] [1756629966.108990511] [resource_manager]: Successful 'activate' of hardware 'right_KortexMultiInterfaceHardware'
1756629966.1091883 [ros2_control_node-1] [INFO] [1756629966.108993918] [resource_manager]: 'configure' hardware 'left_KortexMultiInterfaceHardware' 
1756629966.1092079 [ros2_control_node-1] [INFO] [1756629966.108996293] [resource_manager]: Successful 'configure' of hardware 'left_KortexMultiInterfaceHardware'
1756629966.1092272 [ros2_control_node-1] [WARN] [1756629966.109000557] [resource_manager]: (hardware 'left_KortexMultiInterfaceHardware'): 'reset_fault/internal_fault' state interface already in available list. This can happen due to multiple calls to 'configure'
1756629966.1092470 [ros2_control_node-1] [WARN] [1756629966.109005098] [resource_manager]: (hardware 'left_KortexMultiInterfaceHardware'): 'tcp/twist.linear.x' command interface already in available list. This can happen due to multiple calls to 'configure'
1756629966.1092658 [ros2_control_node-1] [WARN] [1756629966.109006769] [resource_manager]: (hardware 'left_KortexMultiInterfaceHardware'): 'tcp/twist.linear.y' command interface already in available list. This can happen due to multiple calls to 'configure'
1756629966.1092837 [ros2_control_node-1] [WARN] [1756629966.109008223] [resource_manager]: (hardware 'left_KortexMultiInterfaceHardware'): 'tcp/twist.linear.z' command interface already in available list. This can happen due to multiple calls to 'configure'
1756629966.1093013 [ros2_control_node-1] [WARN] [1756629966.109009643] [resource_manager]: (hardware 'left_KortexMultiInterfaceHardware'): 'tcp/twist.angular.x' command interface already in available list. This can happen due to multiple calls to 'configure'
1756629966.1093807 [ros2_control_node-1] [WARN] [1756629966.109011114] [resource_manager]: (hardware 'left_KortexMultiInterfaceHardware'): 'tcp/twist.angular.y' command interface already in available list. This can happen due to multiple calls to 'configure'
1756629966.1094208 [ros2_control_node-1] [WARN] [1756629966.109012647] [resource_manager]: (hardware 'left_KortexMultiInterfaceHardware'): 'tcp/twist.angular.z' command interface already in available list. This can happen due to multiple calls to 'configure'
1756629966.1094515 [ros2_control_node-1] [WARN] [1756629966.109014097] [resource_manager]: (hardware 'left_KortexMultiInterfaceHardware'): 'reset_fault/command' command interface already in available list. This can happen due to multiple calls to 'configure'
1756629966.1094737 [ros2_control_node-1] [WARN] [1756629966.109026500] [resource_manager]: (hardware 'left_KortexMultiInterfaceHardware'): 'reset_fault/async_success' command interface already in available list. This can happen due to multiple calls to 'configure'
1756629966.1094956 [ros2_control_node-1] [INFO] [1756629966.109028139] [resource_manager]: 'activate' hardware 'left_KortexMultiInterfaceHardware' 
1756629966.1095114 [ros2_control_node-1] [INFO] [1756629966.109029914] [KortexMultiInterfaceHardware]: Activating KortexMultiInterfaceHardware...
1756629966.1097264 [ros2_control_node-1] [INFO] [1756629966.109447247] [KortexMultiInterfaceHardware]: Gripper initial position is '0.000000'.
1756629966.1098473 [ros2_control_node-1] [INFO] [1756629966.109803832] [KortexMultiInterfaceHardware]: KortexMultiInterfaceHardware successfully activated!
1756629966.1098821 [ros2_control_node-1] [INFO] [1756629966.109807282] [resource_manager]: Successful 'activate' of hardware 'left_KortexMultiInterfaceHardware'
1756629966.1112361 [ros2_control_node-1] [DEBUG] [1756629966.110963968] [KortexMultiInterfaceHardware]: No controller active in LOW_LEVEL_SERVOING mode !
1756629966.1115069 [ros2_control_node-1] [DEBUG] [1756629966.111186591] [KortexMultiInterfaceHardware]: No controller active in LOW_LEVEL_SERVOING mode !
1756629966.1119125 [ros2_control_node-1] [DEBUG] [1756629966.111704635] [KortexMultiInterfaceHardware]: No controller active in LOW_LEVEL_SERVOING mode !
1756629966.1121521 [ros2_control_node-1] [DEBUG] [1756629966.111986304] [KortexMultiInterfaceHardware]: No controller active in LOW_LEVEL_SERVOING mode !
1756629966.1124327 [ros2_control_node-1] [DEBUG] [1756629966.112253179] [KortexMultiInterfaceHardware]: No controller active in LOW_LEVEL_SERVOING mode !
1756629966.1126909 [ros2_control_node-1] [DEBUG] [1756629966.112514508] [KortexMultiInterfaceHardware]: No controller active in LOW_LEVEL_SERVOING mode !
1756629966.1129055 [ros2_control_node-1] [DEBUG] [1756629966.112740226] [KortexMultiInterfaceHardware]: No controller active in LOW_LEVEL_SERVOING mode !
1756629966.1130564 [ros2_control_node-1] [DEBUG] [1756629966.112992339] [KortexMultiInterfaceHardware]: No controller active in LOW_LEVEL_SERVOING mode !
1756629966.1132994 [ros2_control_node-1] [DEBUG] [1756629966.113221692] [KortexMultiInterfaceHardware]: No controller active in LOW_LEVEL_SERVOING mode !
1756629966.1135268 [ros2_control_node-1] [DEBUG] [1756629966.113470272] [KortexMultiInterfaceHardware]: No controller active in LOW_LEVEL_SERVOING mode !
1756629966.1137426 [ros2_control_node-1] [DEBUG] [1756629966.113693578] [KortexMultiInterfaceHardware]: No controller active in LOW_LEVEL_SERVOING mode !
1756629966.1139786 [ros2_control_node-1] [DEBUG] [1756629966.113907940] [KortexMultiInterfaceHardware]: No controller active in LOW_LEVEL_SERVOING mode !
1756629966.1142404 [ros2_control_node-1] [DEBUG] [1756629966.114186875] [KortexMultiInterfaceHardware]: No controller active in LOW_LEVEL_SERVOING mode !
1756629966.1144779 [ros2_control_node-1] [DEBUG] [1756629966.114427194] [KortexMultiInterfaceHardware]: No controller active in LOW_LEVEL_SERVOING mode !
1756629966.1147001 [ros2_control_node-1] [DEBUG] [1756629966.114650376] [KortexMultiInterfaceHardware]: No controller active in LOW_LEVEL_SERVOING mode !
1756629966.1149590 [ros2_control_node-1] [DEBUG] [1756629966.114913973] [KortexMultiInterfaceHardware]: No controller active in LOW_LEVEL_SERVOING mode !
1756629966.1152270 [ros2_control_node-1] [DEBUG] [1756629966.115174856] [KortexMultiInterfaceHardware]: No controller active in LOW_LEVEL_SERVOING mode !
1756629966.1154511 [ros2_control_node-1] [DEBUG] [1756629966.115408285] [KortexMultiInterfaceHardware]: No controller active in LOW_LEVEL_SERVOING mode !
1756629966.1156833 [ros2_control_node-1] [DEBUG] [1756629966.115640797] [KortexMultiInterfaceHardware]: No controller active in LOW_LEVEL_SERVOING mode !
1756629966.1159480 [ros2_control_node-1] [DEBUG] [1756629966.115908511] [KortexMultiInterfaceHardware]: No controller active in LOW_LEVEL_SERVOING mode !
1756629966.1162181 [ros2_control_node-1] [DEBUG] [1756629966.116176124] [KortexMultiInterfaceHardware]: No controller active in LOW_LEVEL_SERVOING mode !
1756629966.1164432 [ros2_control_node-1] [DEBUG] [1756629966.116400956] [KortexMultiInterfaceHardware]: No controller active in LOW_LEVEL_SERVOING mode !
1756629966.1166890 [ros2_control_node-1] [DEBUG] [1756629966.116645502] [KortexMultiInterfaceHardware]: No controller active in LOW_LEVEL_SERVOING mode !
1756629966.1169448 [ros2_control_node-1] [DEBUG] [1756629966.116906968] [KortexMultiInterfaceHardware]: No controller active in LOW_LEVEL_SERVOING mode !
1756629966.1172369 [ros2_control_node-1] [DEBUG] [1756629966.117185444] [KortexMultiInterfaceHardware]: No controller active in LOW_LEVEL_SERVOING mode !
1756629966.1174879 [ros2_control_node-1] [DEBUG] [1756629966.117438442] [KortexMultiInterfaceHardware]: No controller active in LOW_LEVEL_SERVOING mode !
1756629966.1176903 [ros2_control_node-1] [DEBUG] [1756629966.117646212] [KortexMultiInterfaceHardware]: No controller active in LOW_LEVEL_SERVOING mode !
1756629966.1179180 [ros2_control_node-1] [DEBUG] [1756629966.117879218] [KortexMultiInterfaceHardware]: No controller active in LOW_LEVEL_SERVOING mode !
1756629966.1182134 [ros2_control_node-1] [DEBUG] [1756629966.118157762] [KortexMultiInterfaceHardware]: No controller active in LOW_LEVEL_SERVOING mode !
1756629966.1184611 [ros2_control_node-1] [DEBUG] [1756629966.118417813] [KortexMultiInterfaceHardware]: No controller active in LOW_LEVEL_SERVOING mode !
1756629966.1187096 [ros2_control_node-1] [DEBUG] [1756629966.118666425] [KortexMultiInterfaceHardware]: No controller active in LOW_LEVEL_SERVOING mode !
1756629966.1189508 [ros2_control_node-1] [DEBUG] [1756629966.118914222] [KortexMultiInterfaceHardware]: No controller active in LOW_LEVEL_SERVOING mode !
1756629966.1192384 [ros2_control_node-1] [DEBUG] [1756629966.119187598] [KortexMultiInterfaceHardware]: No controller active in LOW_LEVEL_SERVOING mode !
1756629966.1195068 [ros2_control_node-1] [DEBUG] [1756629966.119466650] [KortexMultiInterfaceHardware]: No controller active in LOW_LEVEL_SERVOING mode !
1756629966.1197045 [ros2_control_node-1] [DEBUG] [1756629966.119668015] [KortexMultiInterfaceHardware]: No controller active in LOW_LEVEL_SERVOING mode !
1756629966.1199403 [ros2_control_node-1] [DEBUG] [1756629966.119905456] [KortexMultiInterfaceHardware]: No controller active in LOW_LEVEL_SERVOING mode !
1756629966.1202245 [ros2_control_node-1] [DEBUG] [1756629966.120174041] [KortexMultiInterfaceHardware]: No controller active in LOW_LEVEL_SERVOING mode !
1756629966.1210515 [ros2_control_node-1] [DEBUG] [1756629966.120939431] [KortexMultiInterfaceHardware]: No controller active in LOW_LEVEL_SERVOING mode !
1756629966.1212583 [ros2_control_node-1] [DEBUG] [1756629966.121214115] [KortexMultiInterfaceHardware]: No controller active in LOW_LEVEL_SERVOING mode !
1756629966.1215520 [ros2_control_node-1] [DEBUG] [1756629966.121517719] [KortexMultiInterfaceHardware]: No controller active in LOW_LEVEL_SERVOING mode !
1756629966.1218128 [ros2_control_node-1] [DEBUG] [1756629966.121713846] [KortexMultiInterfaceHardware]: No controller active in LOW_LEVEL_SERVOING mode !
1756629966.1219745 [ros2_control_node-1] [DEBUG] [1756629966.121936712] [KortexMultiInterfaceHardware]: No controller active in LOW_LEVEL_SERVOING mode !
1756629966.1222177 [ros2_control_node-1] [DEBUG] [1756629966.122169250] [KortexMultiInterfaceHardware]: No controller active in LOW_LEVEL_SERVOING mode !
1756629966.1224813 [ros2_control_node-1] [DEBUG] [1756629966.122438785] [KortexMultiInterfaceHardware]: No controller active in LOW_LEVEL_SERVOING mode !
1756629966.1226723 [ros2_control_node-1] [DEBUG] [1756629966.122629610] [KortexMultiInterfaceHardware]: No controller active in LOW_LEVEL_SERVOING mode !
1756629966.1228943 [ros2_control_node-1] [DEBUG] [1756629966.122852870] [KortexMultiInterfaceHardware]: No controller active in LOW_LEVEL_SERVOING mode !
1756629966.1231747 [ros2_control_node-1] [DEBUG] [1756629966.123127643] [KortexMultiInterfaceHardware]: No controller active in LOW_LEVEL_SERVOING mode !
1756629966.1233900 [ros2_control_node-1] [DEBUG] [1756629966.123345713] [KortexMultiInterfaceHardware]: No controller active in LOW_LEVEL_SERVOING mode !
1756629966.1236370 [ros2_control_node-1] [DEBUG] [1756629966.123592311] [KortexMultiInterfaceHardware]: No controller active in LOW_LEVEL_SERVOING mode !
1756629966.1238503 [ros2_control_node-1] [DEBUG] [1756629966.123813102] [KortexMultiInterfaceHardware]: No controller active in LOW_LEVEL_SERVOING mode !
1756629966.1240969 [ros2_control_node-1] [DEBUG] [1756629966.124053969] [KortexMultiInterfaceHardware]: No controller active in LOW_LEVEL_SERVOING mode !
1756629966.1243565 [ros2_control_node-1] [DEBUG] [1756629966.124290358] [KortexMultiInterfaceHardware]: No controller active in LOW_LEVEL_SERVOING mode !
1756629966.1246324 [ros2_control_node-1] [DEBUG] [1756629966.124578331] [KortexMultiInterfaceHardware]: No controller active in LOW_LEVEL_SERVOING mode !
1756629966.1248376 [ros2_control_node-1] [DEBUG] [1756629966.124799801] [KortexMultiInterfaceHardware]: No controller active in LOW_LEVEL_SERVOING mode !
1756629966.1250734 [ros2_control_node-1] [DEBUG] [1756629966.125032978] [KortexMultiInterfaceHardware]: No controller active in LOW_LEVEL_SERVOING mode !
1756629966.1253016 [ros2_control_node-1] [DEBUG] [1756629966.125225265] [KortexMultiInterfaceHardware]: No controller active in LOW_LEVEL_SERVOING mode !
1756629966.1256084 [ros2_control_node-1] [DEBUG] [1756629966.125566627] [KortexMultiInterfaceHardware]: No controller active in LOW_LEVEL_SERVOING mode !
1756629966.1258268 [ros2_control_node-1] [DEBUG] [1756629966.125787751] [KortexMultiInterfaceHardware]: No controller active in LOW_LEVEL_SERVOING mode !
1756629966.1260707 [ros2_control_node-1] [DEBUG] [1756629966.126031553] [KortexMultiInterfaceHardware]: No controller active in LOW_LEVEL_SERVOING mode !
1756629966.1262600 [ros2_control_node-1] [DEBUG] [1756629966.126222851] [KortexMultiInterfaceHardware]: No controller active in LOW_LEVEL_SERVOING mode !
1756629966.1266129 [ros2_control_node-1] [DEBUG] [1756629966.126573466] [KortexMultiInterfaceHardware]: No controller active in LOW_LEVEL_SERVOING mode !
1756629966.1268334 [ros2_control_node-1] [DEBUG] [1756629966.126795601] [KortexMultiInterfaceHardware]: No controller active in LOW_LEVEL_SERVOING mode !
1756629966.1270852 [ros2_control_node-1] [DEBUG] [1756629966.127043105] [KortexMultiInterfaceHardware]: No controller active in LOW_LEVEL_SERVOING mode !
1756629966.1273186 [ros2_control_node-1] [DEBUG] [1756629966.127277318] [KortexMultiInterfaceHardware]: No controller active in LOW_LEVEL_SERVOING mode !
1756629966.1276219 [ros2_control_node-1] [DEBUG] [1756629966.127580914] [KortexMultiInterfaceHardware]: No controller active in LOW_LEVEL_SERVOING mode !
1756629966.1279197 [ros2_control_node-1] [DEBUG] [1756629966.127883374] [KortexMultiInterfaceHardware]: No controller active in LOW_LEVEL_SERVOING mode !
1756629966.1282675 [ros2_control_node-1] [DEBUG] [1756629966.128227603] [KortexMultiInterfaceHardware]: No controller active in LOW_LEVEL_SERVOING mode !
1756629966.1285484 [ros2_control_node-1] [DEBUG] [1756629966.128483324] [KortexMultiInterfaceHardware]: No controller active in LOW_LEVEL_SERVOING mode !
1756629966.1287572 [ros2_control_node-1] [DEBUG] [1756629966.128713424] [KortexMultiInterfaceHardware]: No controller active in LOW_LEVEL_SERVOING mode !
1756629966.1289701 [ros2_control_node-1] [DEBUG] [1756629966.128933817] [KortexMultiInterfaceHardware]: No controller active in LOW_LEVEL_SERVOING mode !
1756629966.1295731 [ros2_control_node-1] [DEBUG] [1756629966.129530450] [KortexMultiInterfaceHardware]: No controller active in LOW_LEVEL_SERVOING mode !
1756629966.1300166 [ros2_control_node-1] [DEBUG] [1756629966.129966730] [KortexMultiInterfaceHardware]: No controller active in LOW_LEVEL_SERVOING mode !
1756629966.1302834 [ros2_control_node-1] [DEBUG] [1756629966.130233992] [KortexMultiInterfaceHardware]: No controller active in LOW_LEVEL_SERVOING mode !
1756629966.1305490 [ros2_control_node-1] [DEBUG] [1756629966.130515596] [KortexMultiInterfaceHardware]: No controller active in LOW_LEVEL_SERVOING mode !
1756629966.1307881 [ros2_control_node-1] [DEBUG] [1756629966.130745073] [KortexMultiInterfaceHardware]: No controller active in LOW_LEVEL_SERVOING mode !
1756629966.1310329 [ros2_control_node-1] [DEBUG] [1756629966.130993736] [KortexMultiInterfaceHardware]: No controller active in LOW_LEVEL_SERVOING mode !
1756629966.1313879 [ros2_control_node-1] [DEBUG] [1756629966.131336606] [KortexMultiInterfaceHardware]: No controller active in LOW_LEVEL_SERVOING mode !
1756629966.1315987 [ros2_control_node-1] [DEBUG] [1756629966.131558292] [KortexMultiInterfaceHardware]: No controller active in LOW_LEVEL_SERVOING mode !
1756629966.1319959 [ros2_control_node-1] [DEBUG] [1756629966.131954256] [KortexMultiInterfaceHardware]: No controller active in LOW_LEVEL_SERVOING mode !
1756629966.1322155 [ros2_control_node-1] [DEBUG] [1756629966.132175417] [KortexMultiInterfaceHardware]: No controller active in LOW_LEVEL_SERVOING mode !
1756629966.1328182 [ros2_control_node-1] [DEBUG] [1756629966.132701299] [KortexMultiInterfaceHardware]: No controller active in LOW_LEVEL_SERVOING mode !
1756629966.1330054 [ros2_control_node-1] [DEBUG] [1756629966.132952641] [KortexMultiInterfaceHardware]: No controller active in LOW_LEVEL_SERVOING mode !
1756629966.1336684 [ros2_control_node-1] [DEBUG] [1756629966.133559574] [KortexMultiInterfaceHardware]: No controller active in LOW_LEVEL_SERVOING mode !
1756629966.1338618 [ros2_control_node-1] [DEBUG] [1756629966.133821369] [KortexMultiInterfaceHardware]: No controller active in LOW_LEVEL_SERVOING mode !
1756629966.1341650 [ros2_control_node-1] [DEBUG] [1756629966.134118027] [KortexMultiInterfaceHardware]: No controller active in LOW_LEVEL_SERVOING mode !
1756629966.1350687 [ros2_control_node-1] [DEBUG] [1756629966.134941889] [KortexMultiInterfaceHardware]: No controller active in LOW_LEVEL_SERVOING mode !
1756629966.1353934 [ros2_control_node-1] [DEBUG] [1756629966.135310999] [KortexMultiInterfaceHardware]: No controller active in LOW_LEVEL_SERVOING mode !
1756629966.1356053 [ros2_control_node-1] [DEBUG] [1756629966.135565312] [KortexMultiInterfaceHardware]: No controller active in LOW_LEVEL_SERVOING mode !
1756629966.1358466 [ros2_control_node-1] [DEBUG] [1756629966.135806420] [KortexMultiInterfaceHardware]: No controller active in LOW_LEVEL_SERVOING mode !
1756629966.1360371 [ros2_control_node-1] [DEBUG] [1756629966.135989512] [KortexMultiInterfaceHardware]: No controller active in LOW_LEVEL_SERVOING mode !
1756629966.1362407 [ros2_control_node-1] [DEBUG] [1756629966.136194493] [KortexMultiInterfaceHardware]: No controller active in LOW_LEVEL_SERVOING mode !
1756629966.1364958 [ros2_control_node-1] [DEBUG] [1756629966.136450854] [KortexMultiInterfaceHardware]: No controller active in LOW_LEVEL_SERVOING mode !
1756629966.1367328 [ros2_control_node-1] [DEBUG] [1756629966.136688952] [KortexMultiInterfaceHardware]: No controller active in LOW_LEVEL_SERVOING mode !
1756629966.1369655 [ros2_control_node-1] [DEBUG] [1756629966.136926885] [KortexMultiInterfaceHardware]: No controller active in LOW_LEVEL_SERVOING mode !
1756629966.1372347 [ros2_control_node-1] [DEBUG] [1756629966.137189055] [KortexMultiInterfaceHardware]: No controller active in LOW_LEVEL_SERVOING mode !
1756629966.1375153 [ros2_control_node-1] [DEBUG] [1756629966.137475560] [KortexMultiInterfaceHardware]: No controller active in LOW_LEVEL_SERVOING mode !
1756629966.1377428 [ros2_control_node-1] [DEBUG] [1756629966.137698752] [KortexMultiInterfaceHardware]: No controller active in LOW_LEVEL_SERVOING mode !
1756629966.1379762 [ros2_control_node-1] [DEBUG] [1756629966.137939669] [KortexMultiInterfaceHardware]: No controller active in LOW_LEVEL_SERVOING mode !
1756629966.1382377 [ros2_control_node-1] [DEBUG] [1756629966.138183932] [KortexMultiInterfaceHardware]: No controller active in LOW_LEVEL_SERVOING mode !
1756629966.1384726 [ros2_control_node-1] [DEBUG] [1756629966.138429706] [KortexMultiInterfaceHardware]: No controller active in LOW_LEVEL_SERVOING mode !
1756629966.1387167 [ros2_control_node-1] [DEBUG] [1756629966.138674627] [KortexMultiInterfaceHardware]: No controller active in LOW_LEVEL_SERVOING mode !
1756629966.1389425 [ros2_control_node-1] [DEBUG] [1756629966.138906865] [KortexMultiInterfaceHardware]: No controller active in LOW_LEVEL_SERVOING mode !
1756629966.1392400 [ros2_control_node-1] [DEBUG] [1756629966.139197692] [KortexMultiInterfaceHardware]: No controller active in LOW_LEVEL_SERVOING mode !
1756629966.1395059 [ros2_control_node-1] [DEBUG] [1756629966.139468101] [KortexMultiInterfaceHardware]: No controller active in LOW_LEVEL_SERVOING mode !
1756629966.1396799 [ros2_control_node-1] [DEBUG] [1756629966.139639953] [KortexMultiInterfaceHardware]: No controller active in LOW_LEVEL_SERVOING mode !
1756629966.1399424 [ros2_control_node-1] [DEBUG] [1756629966.139907459] [KortexMultiInterfaceHardware]: No controller active in LOW_LEVEL_SERVOING mode !
1756629966.1402452 [ros2_control_node-1] [DEBUG] [1756629966.140195418] [KortexMultiInterfaceHardware]: No controller active in LOW_LEVEL_SERVOING mode !
1756629966.1404622 [ros2_control_node-1] [DEBUG] [1756629966.140421141] [KortexMultiInterfaceHardware]: No controller active in LOW_LEVEL_SERVOING mode !
1756629966.1407042 [ros2_control_node-1] [DEBUG] [1756629966.140664537] [KortexMultiInterfaceHardware]: No controller active in LOW_LEVEL_SERVOING mode !
1756629966.1409602 [ros2_control_node-1] [DEBUG] [1756629966.140924066] [KortexMultiInterfaceHardware]: No controller active in LOW_LEVEL_SERVOING mode !
1756629966.1412463 [ros2_control_node-1] [DEBUG] [1756629966.141202101] [KortexMultiInterfaceHardware]: No controller active in LOW_LEVEL_SERVOING mode !
1756629966.1414726 [ros2_control_node-1] [DEBUG] [1756629966.141431853] [KortexMultiInterfaceHardware]: No controller active in LOW_LEVEL_SERVOING mode !
1756629966.1417067 [ros2_control_node-1] [DEBUG] [1756629966.141667976] [KortexMultiInterfaceHardware]: No controller active in LOW_LEVEL_SERVOING mode !
1756629966.1419539 [ros2_control_node-1] [DEBUG] [1756629966.141918312] [KortexMultiInterfaceHardware]: No controller active in LOW_LEVEL_SERVOING mode !
1756629966.1422253 [ros2_control_node-1] [DEBUG] [1756629966.142180190] [KortexMultiInterfaceHardware]: No controller active in LOW_LEVEL_SERVOING mode !
1756629966.1424880 [ros2_control_node-1] [DEBUG] [1756629966.142450652] [KortexMultiInterfaceHardware]: No controller active in LOW_LEVEL_SERVOING mode !
1756629966.1427124 [ros2_control_node-1] [DEBUG] [1756629966.142633235] [KortexMultiInterfaceHardware]: No controller active in LOW_LEVEL_SERVOING mode !
1756629966.1429751 [ros2_control_node-1] [DEBUG] [1756629966.142932444] [KortexMultiInterfaceHardware]: No controller active in LOW_LEVEL_SERVOING mode !
1756629966.1432416 [ros2_control_node-1] [DEBUG] [1756629966.143195127] [KortexMultiInterfaceHardware]: No controller active in LOW_LEVEL_SERVOING mode !
1756629966.1434913 [ros2_control_node-1] [DEBUG] [1756629966.143449656] [KortexMultiInterfaceHardware]: No controller active in LOW_LEVEL_SERVOING mode !
1756629966.1436963 [ros2_control_node-1] [DEBUG] [1756629966.143657134] [KortexMultiInterfaceHardware]: No controller active in LOW_LEVEL_SERVOING mode !
1756629966.1439555 [ros2_control_node-1] [DEBUG] [1756629966.143917722] [KortexMultiInterfaceHardware]: No controller active in LOW_LEVEL_SERVOING mode !
1756629966.1442494 [ros2_control_node-1] [DEBUG] [1756629966.144205916] [KortexMultiInterfaceHardware]: No controller active in LOW_LEVEL_SERVOING mode !
1756629966.1445048 [ros2_control_node-1] [DEBUG] [1756629966.144446931] [KortexMultiInterfaceHardware]: No controller active in LOW_LEVEL_SERVOING mode !
1756629966.1446924 [ros2_control_node-1] [DEBUG] [1756629966.144652604] [KortexMultiInterfaceHardware]: No controller active in LOW_LEVEL_SERVOING mode !
1756629966.1449585 [ros2_control_node-1] [DEBUG] [1756629966.144920344] [KortexMultiInterfaceHardware]: No controller active in LOW_LEVEL_SERVOING mode !
1756629966.1452327 [ros2_control_node-1] [DEBUG] [1756629966.145186157] [KortexMultiInterfaceHardware]: No controller active in LOW_LEVEL_SERVOING mode !
1756629966.1454756 [ros2_control_node-1] [DEBUG] [1756629966.145436164] [KortexMultiInterfaceHardware]: No controller active in LOW_LEVEL_SERVOING mode !
1756629966.1456928 [ros2_control_node-1] [DEBUG] [1756629966.145653991] [KortexMultiInterfaceHardware]: No controller active in LOW_LEVEL_SERVOING mode !
1756629966.1459138 [ros2_control_node-1] [DEBUG] [1756629966.145876241] [KortexMultiInterfaceHardware]: No controller active in LOW_LEVEL_SERVOING mode !
1756629966.1462047 [ros2_control_node-1] [DEBUG] [1756629966.146162464] [KortexMultiInterfaceHardware]: No controller active in LOW_LEVEL_SERVOING mode !
1756629966.1464286 [ros2_control_node-1] [DEBUG] [1756629966.146385956] [KortexMultiInterfaceHardware]: No controller active in LOW_LEVEL_SERVOING mode !
1756629966.1466846 [ros2_control_node-1] [DEBUG] [1756629966.146644454] [KortexMultiInterfaceHardware]: No controller active in LOW_LEVEL_SERVOING mode !
1756629966.1469584 [ros2_control_node-1] [DEBUG] [1756629966.146922675] [KortexMultiInterfaceHardware]: No controller active in LOW_LEVEL_SERVOING mode !
1756629966.1472418 [ros2_control_node-1] [DEBUG] [1756629966.147198572] [KortexMultiInterfaceHardware]: No controller active in LOW_LEVEL_SERVOING mode !
1756629966.1475255 [ros2_control_node-1] [DEBUG] [1756629966.147487852] [KortexMultiInterfaceHardware]: No controller active in LOW_LEVEL_SERVOING mode !
1756629966.1477306 [ros2_control_node-1] [DEBUG] [1756629966.147692208] [KortexMultiInterfaceHardware]: No controller active in LOW_LEVEL_SERVOING mode !
1756629966.1479630 [ros2_control_node-1] [DEBUG] [1756629966.147927893] [KortexMultiInterfaceHardware]: No controller active in LOW_LEVEL_SERVOING mode !
1756629966.1482573 [ros2_control_node-1] [DEBUG] [1756629966.148209801] [KortexMultiInterfaceHardware]: No controller active in LOW_LEVEL_SERVOING mode !
1756629966.1489787 [ros2_control_node-1] [DEBUG] [1756629966.148937923] [KortexMultiInterfaceHardware]: No controller active in LOW_LEVEL_SERVOING mode !
1756629966.1492264 [ros2_control_node-1] [DEBUG] [1756629966.149179294] [KortexMultiInterfaceHardware]: No controller active in LOW_LEVEL_SERVOING mode !
1756629966.1495209 [ros2_control_node-1] [DEBUG] [1756629966.149482638] [KortexMultiInterfaceHardware]: No controller active in LOW_LEVEL_SERVOING mode !
1756629966.1497173 [ros2_control_node-1] [DEBUG] [1756629966.149680962] [KortexMultiInterfaceHardware]: No controller active in LOW_LEVEL_SERVOING mode !
1756629966.1499622 [ros2_control_node-1] [DEBUG] [1756629966.149910562] [KortexMultiInterfaceHardware]: No controller active in LOW_LEVEL_SERVOING mode !
1756629966.1502101 [ros2_control_node-1] [DEBUG] [1756629966.150168449] [KortexMultiInterfaceHardware]: No controller active in LOW_LEVEL_SERVOING mode !
1756629966.1504445 [ros2_control_node-1] [DEBUG] [1756629966.150403857] [KortexMultiInterfaceHardware]: No controller active in LOW_LEVEL_SERVOING mode !
1756629966.1507132 [ros2_control_node-1] [DEBUG] [1756629966.150675231] [KortexMultiInterfaceHardware]: No controller active in LOW_LEVEL_SERVOING mode !
1756629966.1509378 [ros2_control_node-1] [DEBUG] [1756629966.150903613] [KortexMultiInterfaceHardware]: No controller active in LOW_LEVEL_SERVOING mode !
1756629966.1512387 [ros2_control_node-1] [DEBUG] [1756629966.151194654] [KortexMultiInterfaceHardware]: No controller active in LOW_LEVEL_SERVOING mode !
1756629966.1515069 [ros2_control_node-1] [DEBUG] [1756629966.151467894] [KortexMultiInterfaceHardware]: No controller active in LOW_LEVEL_SERVOING mode !
1756629966.1517339 [ros2_control_node-1] [DEBUG] [1756629966.151688259] [KortexMultiInterfaceHardware]: No controller active in LOW_LEVEL_SERVOING mode !
1756629966.1519442 [ros2_control_node-1] [DEBUG] [1756629966.151907422] [KortexMultiInterfaceHardware]: No controller active in LOW_LEVEL_SERVOING mode !
1756629966.1522443 [ros2_control_node-1] [DEBUG] [1756629966.152201330] [KortexMultiInterfaceHardware]: No controller active in LOW_LEVEL_SERVOING mode !
1756629966.1524873 [ros2_control_node-1] [DEBUG] [1756629966.152449014] [KortexMultiInterfaceHardware]: No controller active in LOW_LEVEL_SERVOING mode !
1756629966.1526997 [ros2_control_node-1] [DEBUG] [1756629966.152661611] [KortexMultiInterfaceHardware]: No controller active in LOW_LEVEL_SERVOING mode !
1756629966.1529224 [ros2_control_node-1] [DEBUG] [1756629966.152883478] [KortexMultiInterfaceHardware]: No controller active in LOW_LEVEL_SERVOING mode !
1756629966.1532373 [ros2_control_node-1] [DEBUG] [1756629966.153194687] [KortexMultiInterfaceHardware]: No controller active in LOW_LEVEL_SERVOING mode !
1756629966.1534669 [ros2_control_node-1] [DEBUG] [1756629966.153429000] [KortexMultiInterfaceHardware]: No controller active in LOW_LEVEL_SERVOING mode !
1756629966.1537213 [ros2_control_node-1] [DEBUG] [1756629966.153680867] [KortexMultiInterfaceHardware]: No controller active in LOW_LEVEL_SERVOING mode !
1756629966.1539712 [ros2_control_node-1] [DEBUG] [1756629966.153935943] [KortexMultiInterfaceHardware]: No controller active in LOW_LEVEL_SERVOING mode !
1756629966.1542552 [ros2_control_node-1] [DEBUG] [1756629966.154213055] [KortexMultiInterfaceHardware]: No controller active in LOW_LEVEL_SERVOING mode !
1756629966.1545241 [ros2_control_node-1] [DEBUG] [1756629966.154482123] [KortexMultiInterfaceHardware]: No controller active in LOW_LEVEL_SERVOING mode !
1756629966.1547241 [ros2_control_node-1] [DEBUG] [1756629966.154684857] [KortexMultiInterfaceHardware]: No controller active in LOW_LEVEL_SERVOING mode !
1756629966.1549625 [ros2_control_node-1] [DEBUG] [1756629966.154925902] [KortexMultiInterfaceHardware]: No controller active in LOW_LEVEL_SERVOING mode !
1756629966.1552966 [ros2_control_node-1] [DEBUG] [1756629966.155253064] [KortexMultiInterfaceHardware]: No controller active in LOW_LEVEL_SERVOING mode !
1756629966.1555517 [ros2_control_node-1] [DEBUG] [1756629966.155510922] [KortexMultiInterfaceHardware]: No controller active in LOW_LEVEL_SERVOING mode !
1756629966.1557758 [ros2_control_node-1] [DEBUG] [1756629966.155735045] [KortexMultiInterfaceHardware]: No controller active in LOW_LEVEL_SERVOING mode !
1756629966.1559947 [ros2_control_node-1] [DEBUG] [1756629966.155957196] [KortexMultiInterfaceHardware]: No controller active in LOW_LEVEL_SERVOING mode !
1756629966.1566398 [ros2_control_node-1] [DEBUG] [1756629966.156536553] [KortexMultiInterfaceHardware]: No controller active in LOW_LEVEL_SERVOING mode !
1756629966.1569607 [ros2_control_node-1] [DEBUG] [1756629966.156919921] [KortexMultiInterfaceHardware]: No controller active in LOW_LEVEL_SERVOING mode !
1756629966.1572435 [ros2_control_node-1] [DEBUG] [1756629966.157197349] [KortexMultiInterfaceHardware]: No controller active in LOW_LEVEL_SERVOING mode !
1756629966.1575136 [ros2_control_node-1] [DEBUG] [1756629966.157474273] [KortexMultiInterfaceHardware]: No controller active in LOW_LEVEL_SERVOING mode !
1756629966.1577442 [ros2_control_node-1] [DEBUG] [1756629966.157695454] [KortexMultiInterfaceHardware]: No controller active in LOW_LEVEL_SERVOING mode !
1756629966.1579611 [ros2_control_node-1] [DEBUG] [1756629966.157924757] [KortexMultiInterfaceHardware]: No controller active in LOW_LEVEL_SERVOING mode !
1756629966.1582313 [ros2_control_node-1] [DEBUG] [1756629966.158188536] [KortexMultiInterfaceHardware]: No controller active in LOW_LEVEL_SERVOING mode !
1756629966.1584671 [ros2_control_node-1] [DEBUG] [1756629966.158427656] [KortexMultiInterfaceHardware]: No controller active in LOW_LEVEL_SERVOING mode !
1756629966.1587207 [ros2_control_node-1] [DEBUG] [1756629966.158676234] [KortexMultiInterfaceHardware]: No controller active in LOW_LEVEL_SERVOING mode !
1756629966.1589916 [ros2_control_node-1] [DEBUG] [1756629966.158953958] [KortexMultiInterfaceHardware]: No controller active in LOW_LEVEL_SERVOING mode !
1756629966.1592159 [ros2_control_node-1] [DEBUG] [1756629966.159170335] [KortexMultiInterfaceHardware]: No controller active in LOW_LEVEL_SERVOING mode !
1756629966.1594567 [ros2_control_node-1] [DEBUG] [1756629966.159419008] [KortexMultiInterfaceHardware]: No controller active in LOW_LEVEL_SERVOING mode !
1756629966.1596897 [ros2_control_node-1] [DEBUG] [1756629966.159652612] [KortexMultiInterfaceHardware]: No controller active in LOW_LEVEL_SERVOING mode !
1756629966.1599615 [ros2_control_node-1] [DEBUG] [1756629966.159928881] [KortexMultiInterfaceHardware]: No controller active in LOW_LEVEL_SERVOING mode !
1756629966.1602480 [ros2_control_node-1] [DEBUG] [1756629966.160203485] [KortexMultiInterfaceHardware]: No controller active in LOW_LEVEL_SERVOING mode !
1756629966.1605573 [ros2_control_node-1] [DEBUG] [1756629966.160522601] [KortexMultiInterfaceHardware]: No controller active in LOW_LEVEL_SERVOING mode !
1756629966.1607523 [ros2_control_node-1] [DEBUG] [1756629966.160713752] [KortexMultiInterfaceHardware]: No controller active in LOW_LEVEL_SERVOING mode !
1756629966.1609852 [ros2_control_node-1] [DEBUG] [1756629966.160947349] [KortexMultiInterfaceHardware]: No controller active in LOW_LEVEL_SERVOING mode !
1756629966.1612163 [ros2_control_node-1] [DEBUG] [1756629966.161174454] [KortexMultiInterfaceHardware]: No controller active in LOW_LEVEL_SERVOING mode !
1756629966.1620016 [ros2_control_node-1] [DEBUG] [1756629966.161930828] [KortexMultiInterfaceHardware]: No controller active in LOW_LEVEL_SERVOING mode !
1756629966.1622188 [ros2_control_node-1] [DEBUG] [1756629966.162177990] [KortexMultiInterfaceHardware]: No controller active in LOW_LEVEL_SERVOING mode !
1756629966.1624870 [ros2_control_node-1] [DEBUG] [1756629966.162446454] [KortexMultiInterfaceHardware]: No controller active in LOW_LEVEL_SERVOING mode !
1756629966.1626875 [ros2_control_node-1] [DEBUG] [1756629966.162649911] [KortexMultiInterfaceHardware]: No controller active in LOW_LEVEL_SERVOING mode !
1756629966.1629283 [ros2_control_node-1] [DEBUG] [1756629966.162893001] [KortexMultiInterfaceHardware]: No controller active in LOW_LEVEL_SERVOING mode !
1756629966.1632431 [ros2_control_node-1] [DEBUG] [1756629966.163189538] [KortexMultiInterfaceHardware]: No controller active in LOW_LEVEL_SERVOING mode !
1756629966.1634958 [ros2_control_node-1] [DEBUG] [1756629966.163443077] [KortexMultiInterfaceHardware]: No controller active in LOW_LEVEL_SERVOING mode !
1756629966.1636777 [ros2_control_node-1] [DEBUG] [1756629966.163634672] [KortexMultiInterfaceHardware]: No controller active in LOW_LEVEL_SERVOING mode !
1756629966.1638846 [ros2_control_node-1] [DEBUG] [1756629966.163846786] [KortexMultiInterfaceHardware]: No controller active in LOW_LEVEL_SERVOING mode !
1756629966.1641176 [ros2_control_node-1] [DEBUG] [1756629966.164077698] [KortexMultiInterfaceHardware]: No controller active in LOW_LEVEL_SERVOING mode !
1756629966.1643605 [ros2_control_node-1] [DEBUG] [1756629966.164304393] [KortexMultiInterfaceHardware]: No controller active in LOW_LEVEL_SERVOING mode !
1756629966.1646552 [ros2_control_node-1] [DEBUG] [1756629966.164553905] [KortexMultiInterfaceHardware]: No controller active in LOW_LEVEL_SERVOING mode !
1756629966.1648114 [ros2_control_node-1] [DEBUG] [1756629966.164774799] [KortexMultiInterfaceHardware]: No controller active in LOW_LEVEL_SERVOING mode !
1756629966.1650274 [ros2_control_node-1] [DEBUG] [1756629966.164988744] [KortexMultiInterfaceHardware]: No controller active in LOW_LEVEL_SERVOING mode !
1756629966.1652372 [ros2_control_node-1] [DEBUG] [1756629966.165199265] [KortexMultiInterfaceHardware]: No controller active in LOW_LEVEL_SERVOING mode !
1756629966.1656253 [ros2_control_node-1] [DEBUG] [1756629966.165581920] [KortexMultiInterfaceHardware]: No controller active in LOW_LEVEL_SERVOING mode !
1756629966.1658473 [ros2_control_node-1] [DEBUG] [1756629966.165813515] [KortexMultiInterfaceHardware]: No controller active in LOW_LEVEL_SERVOING mode !
1756629966.1660702 [ros2_control_node-1] [DEBUG] [1756629966.166031397] [KortexMultiInterfaceHardware]: No controller active in LOW_LEVEL_SERVOING mode !
1756629966.1662836 [ros2_control_node-1] [DEBUG] [1756629966.166236268] [KortexMultiInterfaceHardware]: No controller active in LOW_LEVEL_SERVOING mode !
1756629966.1666162 [ros2_control_node-1] [DEBUG] [1756629966.166573994] [KortexMultiInterfaceHardware]: No controller active in LOW_LEVEL_SERVOING mode !
1756629966.1668921 [ros2_control_node-1] [DEBUG] [1756629966.166827755] [KortexMultiInterfaceHardware]: No controller active in LOW_LEVEL_SERVOING mode !
1756629966.1671281 [ros2_control_node-1] [DEBUG] [1756629966.167083776] [KortexMultiInterfaceHardware]: No controller active in LOW_LEVEL_SERVOING mode !
1756629966.1673717 [ros2_control_node-1] [DEBUG] [1756629966.167335049] [KortexMultiInterfaceHardware]: No controller active in LOW_LEVEL_SERVOING mode !
1756629966.1676006 [ros2_control_node-1] [DEBUG] [1756629966.167557455] [KortexMultiInterfaceHardware]: No controller active in LOW_LEVEL_SERVOING mode !
1756629966.1678212 [ros2_control_node-1] [DEBUG] [1756629966.167788898] [KortexMultiInterfaceHardware]: No controller active in LOW_LEVEL_SERVOING mode !
1756629966.1680822 [ros2_control_node-1] [DEBUG] [1756629966.168046679] [KortexMultiInterfaceHardware]: No controller active in LOW_LEVEL_SERVOING mode !
1756629966.1683044 [ros2_control_node-1] [DEBUG] [1756629966.168264108] [KortexMultiInterfaceHardware]: No controller active in LOW_LEVEL_SERVOING mode !
1756629966.1686249 [ros2_control_node-1] [DEBUG] [1756629966.168580113] [KortexMultiInterfaceHardware]: No controller active in LOW_LEVEL_SERVOING mode !
1756629966.1689494 [ros2_control_node-1] [DEBUG] [1756629966.168915334] [KortexMultiInterfaceHardware]: No controller active in LOW_LEVEL_SERVOING mode !
1756629966.1692362 [ros2_control_node-1] [DEBUG] [1756629966.169187638] [KortexMultiInterfaceHardware]: No controller active in LOW_LEVEL_SERVOING mode !
1756629966.1695061 [ros2_control_node-1] [DEBUG] [1756629966.169467294] [KortexMultiInterfaceHardware]: No controller active in LOW_LEVEL_SERVOING mode !
1756629966.1696904 [ros2_control_node-1] [DEBUG] [1756629966.169652988] [KortexMultiInterfaceHardware]: No controller active in LOW_LEVEL_SERVOING mode !
1756629966.1699755 [ros2_control_node-1] [DEBUG] [1756629966.169936689] [KortexMultiInterfaceHardware]: No controller active in LOW_LEVEL_SERVOING mode !
1756629966.1701970 [ros2_control_node-1] [DEBUG] [1756629966.170158385] [KortexMultiInterfaceHardware]: No controller active in LOW_LEVEL_SERVOING mode !
1756629966.1704285 [ros2_control_node-1] [DEBUG] [1756629966.170386505] [KortexMultiInterfaceHardware]: No controller active in LOW_LEVEL_SERVOING mode !
1756629966.1706686 [ros2_control_node-1] [DEBUG] [1756629966.170626535] [KortexMultiInterfaceHardware]: No controller active in LOW_LEVEL_SERVOING mode !
1756629966.1709576 [ros2_control_node-1] [DEBUG] [1756629966.170921614] [KortexMultiInterfaceHardware]: No controller active in LOW_LEVEL_SERVOING mode !
1756629966.1712461 [ros2_control_node-1] [DEBUG] [1756629966.171206477] [KortexMultiInterfaceHardware]: No controller active in LOW_LEVEL_SERVOING mode !
1756629966.1714880 [ros2_control_node-1] [DEBUG] [1756629966.171446757] [KortexMultiInterfaceHardware]: No controller active in LOW_LEVEL_SERVOING mode !
1756629966.1716981 [ros2_control_node-1] [DEBUG] [1756629966.171656725] [KortexMultiInterfaceHardware]: No controller active in LOW_LEVEL_SERVOING mode !
1756629966.1719537 [ros2_control_node-1] [DEBUG] [1756629966.171920671] [KortexMultiInterfaceHardware]: No controller active in LOW_LEVEL_SERVOING mode !
1756629966.1722138 [ros2_control_node-1] [DEBUG] [1756629966.172171570] [KortexMultiInterfaceHardware]: No controller active in LOW_LEVEL_SERVOING mode !
1756629966.1724563 [ros2_control_node-1] [DEBUG] [1756629966.172416882] [KortexMultiInterfaceHardware]: No controller active in LOW_LEVEL_SERVOING mode !
1756629966.1726887 [ros2_control_node-1] [DEBUG] [1756629966.172647747] [KortexMultiInterfaceHardware]: No controller active in LOW_LEVEL_SERVOING mode !
1756629966.1729238 [ros2_control_node-1] [DEBUG] [1756629966.172886133] [KortexMultiInterfaceHardware]: No controller active in LOW_LEVEL_SERVOING mode !
1756629966.1732106 [ros2_control_node-1] [DEBUG] [1756629966.173164482] [KortexMultiInterfaceHardware]: No controller active in LOW_LEVEL_SERVOING mode !
1756629966.1739116 [ros2_control_node-1] [DEBUG] [1756629966.173867212] [KortexMultiInterfaceHardware]: No controller active in LOW_LEVEL_SERVOING mode !
1756629966.1742074 [ros2_control_node-1] [DEBUG] [1756629966.174164182] [KortexMultiInterfaceHardware]: No controller active in LOW_LEVEL_SERVOING mode !
1756629966.1744950 [ros2_control_node-1] [DEBUG] [1756629966.174453779] [KortexMultiInterfaceHardware]: No controller active in LOW_LEVEL_SERVOING mode !
1756629966.1746776 [ros2_control_node-1] [DEBUG] [1756629966.174633597] [KortexMultiInterfaceHardware]: No controller active in LOW_LEVEL_SERVOING mode !
1756629966.1749020 [ros2_control_node-1] [DEBUG] [1756629966.174863319] [KortexMultiInterfaceHardware]: No controller active in LOW_LEVEL_SERVOING mode !
1756629966.1751797 [ros2_control_node-1] [DEBUG] [1756629966.175140958] [KortexMultiInterfaceHardware]: No controller active in LOW_LEVEL_SERVOING mode !
1756629966.1760800 [ros2_control_node-1] [DEBUG] [1756629966.175973573] [KortexMultiInterfaceHardware]: No controller active in LOW_LEVEL_SERVOING mode !
1756629966.1762352 [ros2_control_node-1] [DEBUG] [1756629966.176188410] [KortexMultiInterfaceHardware]: No controller active in LOW_LEVEL_SERVOING mode !
1756629966.1765015 [ros2_control_node-1] [DEBUG] [1756629966.176454867] [KortexMultiInterfaceHardware]: No controller active in LOW_LEVEL_SERVOING mode !
1756629966.1767223 [ros2_control_node-1] [DEBUG] [1756629966.176680331] [KortexMultiInterfaceHardware]: No controller active in LOW_LEVEL_SERVOING mode !
1756629966.1769261 [ros2_control_node-1] [DEBUG] [1756629966.176891077] [KortexMultiInterfaceHardware]: No controller active in LOW_LEVEL_SERVOING mode !
1756629966.1771889 [ros2_control_node-1] [DEBUG] [1756629966.177145921] [KortexMultiInterfaceHardware]: No controller active in LOW_LEVEL_SERVOING mode !
1756629966.1774392 [ros2_control_node-1] [DEBUG] [1756629966.177379669] [KortexMultiInterfaceHardware]: No controller active in LOW_LEVEL_SERVOING mode !
1756629966.1776326 [ros2_control_node-1] [DEBUG] [1756629966.177593148] [KortexMultiInterfaceHardware]: No controller active in LOW_LEVEL_SERVOING mode !
1756629966.1778646 [ros2_control_node-1] [DEBUG] [1756629966.177831332] [KortexMultiInterfaceHardware]: No controller active in LOW_LEVEL_SERVOING mode !
1756629966.1781442 [ros2_control_node-1] [DEBUG] [1756629966.178104857] [KortexMultiInterfaceHardware]: No controller active in LOW_LEVEL_SERVOING mode !
1756629966.1783831 [ros2_control_node-1] [DEBUG] [1756629966.178344557] [KortexMultiInterfaceHardware]: No controller active in LOW_LEVEL_SERVOING mode !
1756629966.1786323 [ros2_control_node-1] [DEBUG] [1756629966.178593076] [KortexMultiInterfaceHardware]: No controller active in LOW_LEVEL_SERVOING mode !
1756629966.1788476 [ros2_control_node-1] [DEBUG] [1756629966.178804906] [KortexMultiInterfaceHardware]: No controller active in LOW_LEVEL_SERVOING mode !
1756629966.1790879 [ros2_control_node-1] [DEBUG] [1756629966.179047449] [KortexMultiInterfaceHardware]: No controller active in LOW_LEVEL_SERVOING mode !
1756629966.1793225 [ros2_control_node-1] [DEBUG] [1756629966.179284748] [KortexMultiInterfaceHardware]: No controller active in LOW_LEVEL_SERVOING mode !
1756629966.1796353 [ros2_control_node-1] [DEBUG] [1756629966.179593306] [KortexMultiInterfaceHardware]: No controller active in LOW_LEVEL_SERVOING mode !
1756629966.1798491 [ros2_control_node-1] [DEBUG] [1756629966.179813422] [KortexMultiInterfaceHardware]: No controller active in LOW_LEVEL_SERVOING mode !
1756629966.1801155 [ros2_control_node-1] [DEBUG] [1756629966.180078625] [KortexMultiInterfaceHardware]: No controller active in LOW_LEVEL_SERVOING mode !
1756629966.1803935 [ros2_control_node-1] [DEBUG] [1756629966.180306630] [KortexMultiInterfaceHardware]: No controller active in LOW_LEVEL_SERVOING mode !
1756629966.1806090 [ros2_control_node-1] [DEBUG] [1756629966.180566606] [KortexMultiInterfaceHardware]: No controller active in LOW_LEVEL_SERVOING mode !
1756629966.1808286 [ros2_control_node-1] [DEBUG] [1756629966.180795171] [KortexMultiInterfaceHardware]: No controller active in LOW_LEVEL_SERVOING mode !
1756629966.1813481 [ros2_control_node-1] [DEBUG] [1756629966.181222956] [KortexMultiInterfaceHardware]: No controller active in LOW_LEVEL_SERVOING mode !
1756629966.1816123 [ros2_control_node-1] [DEBUG] [1756629966.181527039] [KortexMultiInterfaceHardware]: No controller active in LOW_LEVEL_SERVOING mode !
1756629966.1818464 [ros2_control_node-1] [DEBUG] [1756629966.181764599] [KortexMultiInterfaceHardware]: No controller active in LOW_LEVEL_SERVOING mode !
1756629966.1821887 [ros2_control_node-1] [DEBUG] [1756629966.182007536] [KortexMultiInterfaceHardware]: No controller active in LOW_LEVEL_SERVOING mode !
1756629966.1823888 [ros2_control_node-1] [DEBUG] [1756629966.182279886] [KortexMultiInterfaceHardware]: No controller active in LOW_LEVEL_SERVOING mode !
1756629966.1825247 [ros2_control_node-1] [INFO] [1756629966.182390541] [controller_manager]: Loading controller 'fault_controller'
1756629966.1826339 [ros2_control_node-1] [DEBUG] [1756629966.182502794] [KortexMultiInterfaceHardware]: No controller active in LOW_LEVEL_SERVOING mode !
1756629966.1827633 [ros2_control_node-1] [DEBUG] [1756629966.182716413] [KortexMultiInterfaceHardware]: No controller active in LOW_LEVEL_SERVOING mode !
1756629966.1830008 [ros2_control_node-1] [DEBUG] [1756629966.182952062] [KortexMultiInterfaceHardware]: No controller active in LOW_LEVEL_SERVOING mode !
1756629966.1836133 [ros2_control_node-1] [DEBUG] [1756629966.183530641] [KortexMultiInterfaceHardware]: No controller active in LOW_LEVEL_SERVOING mode !
1756629966.1840081 [ros2_control_node-1] [DEBUG] [1756629966.183964472] [KortexMultiInterfaceHardware]: No controller active in LOW_LEVEL_SERVOING mode !
1756629966.1842248 [ros2_control_node-1] [DEBUG] [1756629966.184188277] [KortexMultiInterfaceHardware]: No controller active in LOW_LEVEL_SERVOING mode !
1756629966.1845806 [ros2_control_node-1] [DEBUG] [1756629966.184448026] [KortexMultiInterfaceHardware]: No controller active in LOW_LEVEL_SERVOING mode !
1756629966.1846952 [ros2_control_node-1] [DEBUG] [1756629966.184653858] [KortexMultiInterfaceHardware]: No controller active in LOW_LEVEL_SERVOING mode !
1756629966.1849647 [ros2_control_node-1] [DEBUG] [1756629966.184927181] [KortexMultiInterfaceHardware]: No controller active in LOW_LEVEL_SERVOING mode !
1756629966.1852820 [ros2_control_node-1] [DEBUG] [1756629966.185166988] [KortexMultiInterfaceHardware]: No controller active in LOW_LEVEL_SERVOING mode !
1756629966.1854248 [ros2_control_node-1] [DEBUG] [1756629966.185384171] [KortexMultiInterfaceHardware]: No controller active in LOW_LEVEL_SERVOING mode !
1756629966.1856556 [ros2_control_node-1] [DEBUG] [1756629966.185617050] [KortexMultiInterfaceHardware]: No controller active in LOW_LEVEL_SERVOING mode !
1756629966.1859479 [ros2_control_node-1] [DEBUG] [1756629966.185825400] [KortexMultiInterfaceHardware]: No controller active in LOW_LEVEL_SERVOING mode !
1756629966.1861100 [ros2_control_node-1] [DEBUG] [1756629966.186072555] [KortexMultiInterfaceHardware]: No controller active in LOW_LEVEL_SERVOING mode !
1756629966.1865904 [ros2_control_node-1] [DEBUG] [1756629966.186296392] [KortexMultiInterfaceHardware]: No controller active in LOW_LEVEL_SERVOING mode !
1756629966.1867509 [ros2_control_node-1] [DEBUG] [1756629966.186680415] [KortexMultiInterfaceHardware]: No controller active in LOW_LEVEL_SERVOING mode !
1756629966.1869643 [ros2_control_node-1] [DEBUG] [1756629966.186915867] [KortexMultiInterfaceHardware]: No controller active in LOW_LEVEL_SERVOING mode !
1756629966.1876197 [ros2_control_node-1] [DEBUG] [1756629966.187552229] [KortexMultiInterfaceHardware]: No controller active in LOW_LEVEL_SERVOING mode !
1756629966.1878898 [ros2_control_node-1] [DEBUG] [1756629966.187824636] [KortexMultiInterfaceHardware]: No controller active in LOW_LEVEL_SERVOING mode !
1756629966.1881797 [ros2_control_node-1] [DEBUG] [1756629966.188120914] [KortexMultiInterfaceHardware]: No controller active in LOW_LEVEL_SERVOING mode !
1756629966.1889749 [ros2_control_node-1] [DEBUG] [1756629966.188908377] [KortexMultiInterfaceHardware]: No controller active in LOW_LEVEL_SERVOING mode !
1756629966.1892455 [ros2_control_node-1] [DEBUG] [1756629966.189199400] [KortexMultiInterfaceHardware]: No controller active in LOW_LEVEL_SERVOING mode !
1756629966.1895134 [ros2_control_node-1] [DEBUG] [1756629966.189450670] [KortexMultiInterfaceHardware]: No controller active in LOW_LEVEL_SERVOING mode !
1756629966.1898205 [ros2_control_node-1] [DEBUG] [1756629966.189659457] [KortexMultiInterfaceHardware]: No controller active in LOW_LEVEL_SERVOING mode !
1756629966.1901038 [ros2_control_node-1] [DEBUG] [1756629966.189894867] [KortexMultiInterfaceHardware]: No controller active in LOW_LEVEL_SERVOING mode !
1756629966.1903567 [ros2_control_node-1] [INFO] [1756629966.190099334] [controller_manager]: Loading controller 'right_joint_trajectory_controller'
1756629966.1904345 [ros2_control_node-1] [DEBUG] [1756629966.190171961] [KortexMultiInterfaceHardware]: No controller active in LOW_LEVEL_SERVOING mode !
1756629966.1906452 [ros2_control_node-1] [DEBUG] [1756629966.190417790] [KortexMultiInterfaceHardware]: No controller active in LOW_LEVEL_SERVOING mode !
1756629966.1908391 [spawner-5] [INFO] [1756629966.190584538] [spawner_fault_controller]: [94mLoaded [1mfault_controller[0m
1756629966.1910286 [ros2_control_node-1] [DEBUG] [1756629966.190651512] [KortexMultiInterfaceHardware]: No controller active in LOW_LEVEL_SERVOING mode !
1756629966.1911299 [ros2_control_node-1] [DEBUG] [1756629966.190918402] [KortexMultiInterfaceHardware]: No controller active in LOW_LEVEL_SERVOING mode !
1756629966.1916726 [ros2_control_node-1] [DEBUG] [1756629966.191511243] [KortexMultiInterfaceHardware]: No controller active in LOW_LEVEL_SERVOING mode !
1756629966.1919367 [ros2_control_node-1] [DEBUG] [1756629966.191791263] [KortexMultiInterfaceHardware]: No controller active in LOW_LEVEL_SERVOING mode !
1756629966.1921585 [ros2_control_node-1] [DEBUG] [1756629966.192051559] [KortexMultiInterfaceHardware]: No controller active in LOW_LEVEL_SERVOING mode !
1756629966.1923954 [ros2_control_node-1] [DEBUG] [1756629966.192283658] [KortexMultiInterfaceHardware]: No controller active in LOW_LEVEL_SERVOING mode !
1756629966.1926637 [ros2_control_node-1] [DEBUG] [1756629966.192573902] [KortexMultiInterfaceHardware]: No controller active in LOW_LEVEL_SERVOING mode !
1756629966.1928988 [ros2_control_node-1] [DEBUG] [1756629966.192810362] [KortexMultiInterfaceHardware]: No controller active in LOW_LEVEL_SERVOING mode !
1756629966.1931498 [ros2_control_node-1] [DEBUG] [1756629966.193060594] [KortexMultiInterfaceHardware]: No controller active in LOW_LEVEL_SERVOING mode !
1756629966.1933737 [ros2_control_node-1] [DEBUG] [1756629966.193274592] [KortexMultiInterfaceHardware]: No controller active in LOW_LEVEL_SERVOING mode !
1756629966.1936691 [ros2_control_node-1] [DEBUG] [1756629966.193584066] [KortexMultiInterfaceHardware]: No controller active in LOW_LEVEL_SERVOING mode !
1756629966.1939151 [ros2_control_node-1] [DEBUG] [1756629966.193816187] [KortexMultiInterfaceHardware]: No controller active in LOW_LEVEL_SERVOING mode !
1756629966.1941590 [ros2_control_node-1] [DEBUG] [1756629966.194066163] [KortexMultiInterfaceHardware]: No controller active in LOW_LEVEL_SERVOING mode !
1756629966.1944215 [ros2_control_node-1] [DEBUG] [1756629966.194331354] [KortexMultiInterfaceHardware]: No controller active in LOW_LEVEL_SERVOING mode !
1756629966.1946895 [ros2_control_node-1] [DEBUG] [1756629966.194595819] [KortexMultiInterfaceHardware]: No controller active in LOW_LEVEL_SERVOING mode !
1756629966.1949689 [ros2_control_node-1] [DEBUG] [1756629966.194881860] [KortexMultiInterfaceHardware]: No controller active in LOW_LEVEL_SERVOING mode !
1756629966.1952436 [ros2_control_node-1] [DEBUG] [1756629966.195148954] [KortexMultiInterfaceHardware]: No controller active in LOW_LEVEL_SERVOING mode !
1756629966.1954801 [ros2_control_node-1] [DEBUG] [1756629966.195381019] [KortexMultiInterfaceHardware]: No controller active in LOW_LEVEL_SERVOING mode !
1756629966.1957073 [ros2_control_node-1] [DEBUG] [1756629966.195622540] [KortexMultiInterfaceHardware]: No controller active in LOW_LEVEL_SERVOING mode !
1756629966.1960540 [ros2_control_node-1] [DEBUG] [1756629966.195934241] [KortexMultiInterfaceHardware]: No controller active in LOW_LEVEL_SERVOING mode !
1756629966.1963637 [ros2_control_node-1] [DEBUG] [1756629966.196216473] [KortexMultiInterfaceHardware]: No controller active in LOW_LEVEL_SERVOING mode !
1756629966.1966548 [ros2_control_node-1] [DEBUG] [1756629966.196491305] [KortexMultiInterfaceHardware]: No controller active in LOW_LEVEL_SERVOING mode !
1756629966.1968904 [ros2_control_node-1] [DEBUG] [1756629966.196713408] [KortexMultiInterfaceHardware]: No controller active in LOW_LEVEL_SERVOING mode !
1756629966.1971035 [ros2_control_node-1] [DEBUG] [1756629966.196920919] [KortexMultiInterfaceHardware]: No controller active in LOW_LEVEL_SERVOING mode !
1756629966.1973248 [ros2_control_node-1] [DEBUG] [1756629966.197186570] [KortexMultiInterfaceHardware]: No controller active in LOW_LEVEL_SERVOING mode !
1756629966.1975427 [ros2_control_node-1] [DEBUG] [1756629966.197413458] [KortexMultiInterfaceHardware]: No controller active in LOW_LEVEL_SERVOING mode !
1756629966.1977558 [ros2_control_node-1] [DEBUG] [1756629966.197630620] [KortexMultiInterfaceHardware]: No controller active in LOW_LEVEL_SERVOING mode !
1756629966.1980660 [ros2_control_node-1] [DEBUG] [1756629966.197930402] [KortexMultiInterfaceHardware]: No controller active in LOW_LEVEL_SERVOING mode !
1756629966.1982572 [ros2_control_node-1] [DEBUG] [1756629966.198198898] [KortexMultiInterfaceHardware]: No controller active in LOW_LEVEL_SERVOING mode !
1756629966.1985290 [ros2_control_node-1] [DEBUG] [1756629966.198483423] [KortexMultiInterfaceHardware]: No controller active in LOW_LEVEL_SERVOING mode !
1756629966.1987417 [ros2_control_node-1] [DEBUG] [1756629966.198700551] [KortexMultiInterfaceHardware]: No controller active in LOW_LEVEL_SERVOING mode !
1756629966.1990068 [ros2_control_node-1] [DEBUG] [1756629966.198955017] [KortexMultiInterfaceHardware]: No controller active in LOW_LEVEL_SERVOING mode !
1756629966.1992564 [ros2_control_node-1] [DEBUG] [1756629966.199208580] [KortexMultiInterfaceHardware]: No controller active in LOW_LEVEL_SERVOING mode !
1756629966.1995411 [ros2_control_node-1] [DEBUG] [1756629966.199494244] [KortexMultiInterfaceHardware]: No controller active in LOW_LEVEL_SERVOING mode !
1756629966.1997473 [ros2_control_node-1] [DEBUG] [1756629966.199707367] [KortexMultiInterfaceHardware]: No controller active in LOW_LEVEL_SERVOING mode !
1756629966.1999829 [ros2_control_node-1] [DEBUG] [1756629966.199941677] [KortexMultiInterfaceHardware]: No controller active in LOW_LEVEL_SERVOING mode !
1756629966.2005196 [ros2_control_node-1] [DEBUG] [1756629966.200384428] [KortexMultiInterfaceHardware]: No controller active in LOW_LEVEL_SERVOING mode !
1756629966.2012541 [ros2_control_node-1] [DEBUG] [1756629966.200913638] [KortexMultiInterfaceHardware]: No controller active in LOW_LEVEL_SERVOING mode !
1756629966.2017088 [ros2_control_node-1] [DEBUG] [1756629966.201590238] [KortexMultiInterfaceHardware]: No controller active in LOW_LEVEL_SERVOING mode !
1756629966.2019901 [ros2_control_node-1] [DEBUG] [1756629966.201857010] [KortexMultiInterfaceHardware]: No controller active in LOW_LEVEL_SERVOING mode !
1756629966.2022626 [ros2_control_node-1] [DEBUG] [1756629966.202150071] [KortexMultiInterfaceHardware]: No controller active in LOW_LEVEL_SERVOING mode !
1756629966.2031536 [ros2_control_node-1] [DEBUG] [1756629966.202966198] [KortexMultiInterfaceHardware]: No controller active in LOW_LEVEL_SERVOING mode !
1756629966.2036517 [ros2_control_node-1] [DEBUG] [1756629966.203517125] [KortexMultiInterfaceHardware]: No controller active in LOW_LEVEL_SERVOING mode !
1756629966.2039397 [ros2_control_node-1] [DEBUG] [1756629966.203783097] [KortexMultiInterfaceHardware]: No controller active in LOW_LEVEL_SERVOING mode !
1756629966.2042382 [ros2_control_node-1] [DEBUG] [1756629966.204111418] [KortexMultiInterfaceHardware]: No controller active in LOW_LEVEL_SERVOING mode !
1756629966.2044528 [ros2_control_node-1] [DEBUG] [1756629966.204388759] [KortexMultiInterfaceHardware]: No controller active in LOW_LEVEL_SERVOING mode !
1756629966.2047262 [ros2_control_node-1] [DEBUG] [1756629966.204664445] [KortexMultiInterfaceHardware]: No controller active in LOW_LEVEL_SERVOING mode !
1756629966.2049451 [ros2_control_node-1] [DEBUG] [1756629966.204888380] [KortexMultiInterfaceHardware]: No controller active in LOW_LEVEL_SERVOING mode !
1756629966.2053142 [ros2_control_node-1] [DEBUG] [1756629966.205169907] [KortexMultiInterfaceHardware]: No controller active in LOW_LEVEL_SERVOING mode !
1756629966.2055781 [ros2_control_node-1] [DEBUG] [1756629966.205440999] [KortexMultiInterfaceHardware]: No controller active in LOW_LEVEL_SERVOING mode !
1756629966.2057867 [ros2_control_node-1] [WARN] [1756629966.205543390] [right_joint_trajectory_controller]: [Deprecated]: "allow_nonzero_velocity_at_trajectory_end" is set to true. The default behavior will change to false.
1756629966.2058573 [ros2_control_node-1] [DEBUG] [1756629966.205671483] [KortexMultiInterfaceHardware]: No controller active in LOW_LEVEL_SERVOING mode !
1756629966.2060537 [ros2_control_node-1] [DEBUG] [1756629966.205910202] [KortexMultiInterfaceHardware]: No controller active in LOW_LEVEL_SERVOING mode !
1756629966.2062738 [ros2_control_node-1] [INFO] [1756629966.206144355] [controller_manager]: Loading controller 'left_joint_trajectory_controller'
1756629966.2066829 [ros2_control_node-1] [DEBUG] [1756629966.206218388] [KortexMultiInterfaceHardware]: No controller active in LOW_LEVEL_SERVOING mode !
1756629966.2068353 [spawner-4] [INFO] [1756629966.206670375] [spawner_right_joint_trajectory_controller]: [94mLoaded [1mright_joint_trajectory_controller[0m
1756629966.2069747 [ros2_control_node-1] [DEBUG] [1756629966.206893240] [KortexMultiInterfaceHardware]: No controller active in LOW_LEVEL_SERVOING mode !
1756629966.2072966 [ros2_control_node-1] [DEBUG] [1756629966.207203654] [KortexMultiInterfaceHardware]: No controller active in LOW_LEVEL_SERVOING mode !
1756629966.2076173 [ros2_control_node-1] [DEBUG] [1756629966.207542743] [KortexMultiInterfaceHardware]: No controller active in LOW_LEVEL_SERVOING mode !
1756629966.2078476 [ros2_control_node-1] [DEBUG] [1756629966.207786708] [KortexMultiInterfaceHardware]: No controller active in LOW_LEVEL_SERVOING mode !
1756629966.2081010 [ros2_control_node-1] [DEBUG] [1756629966.208044354] [KortexMultiInterfaceHardware]: No controller active in LOW_LEVEL_SERVOING mode !
1756629966.2086012 [ros2_control_node-1] [DEBUG] [1756629966.208529477] [KortexMultiInterfaceHardware]: No controller active in LOW_LEVEL_SERVOING mode !
1756629966.2089815 [ros2_control_node-1] [DEBUG] [1756629966.208899650] [KortexMultiInterfaceHardware]: No controller active in LOW_LEVEL_SERVOING mode !
1756629966.2093627 [ros2_control_node-1] [DEBUG] [1756629966.209225097] [KortexMultiInterfaceHardware]: No controller active in LOW_LEVEL_SERVOING mode !
1756629966.2097025 [ros2_control_node-1] [DEBUG] [1756629966.209561862] [KortexMultiInterfaceHardware]: No controller active in LOW_LEVEL_SERVOING mode !
1756629966.2099605 [ros2_control_node-1] [DEBUG] [1756629966.209821171] [KortexMultiInterfaceHardware]: No controller active in LOW_LEVEL_SERVOING mode !
1756629966.2101953 [ros2_control_node-1] [DEBUG] [1756629966.210042362] [KortexMultiInterfaceHardware]: No controller active in LOW_LEVEL_SERVOING mode !
1756629966.2104163 [ros2_control_node-1] [DEBUG] [1756629966.210292625] [KortexMultiInterfaceHardware]: No controller active in LOW_LEVEL_SERVOING mode !
1756629966.2106295 [ros2_control_node-1] [DEBUG] [1756629966.210501561] [KortexMultiInterfaceHardware]: No controller active in LOW_LEVEL_SERVOING mode !
1756629966.2108564 [ros2_control_node-1] [DEBUG] [1756629966.210723421] [KortexMultiInterfaceHardware]: No controller active in LOW_LEVEL_SERVOING mode !
1756629966.2110088 [ros2_control_node-1] [DEBUG] [1756629966.210946415] [KortexMultiInterfaceHardware]: No controller active in LOW_LEVEL_SERVOING mode !
1756629966.2111332 [ros2_control_node-1] [WARN] [1756629966.211012541] [left_joint_trajectory_controller]: [Deprecated]: "allow_nonzero_velocity_at_trajectory_end" is set to true. The default behavior will change to false.
1756629966.2112741 [ros2_control_node-1] [DEBUG] [1756629966.211200762] [KortexMultiInterfaceHardware]: No controller active in LOW_LEVEL_SERVOING mode !
1756629966.2114961 [ros2_control_node-1] [DEBUG] [1756629966.211443759] [KortexMultiInterfaceHardware]: No controller active in LOW_LEVEL_SERVOING mode !
1756629966.2116909 [ros2_control_node-1] [INFO] [1756629966.211628868] [controller_manager]: Loading controller 'joint_state_broadcaster'
1756629966.2117908 [ros2_control_node-1] [DEBUG] [1756629966.211644480] [KortexMultiInterfaceHardware]: No controller active in LOW_LEVEL_SERVOING mode !
1756629966.2119567 [ros2_control_node-1] [DEBUG] [1756629966.211914129] [KortexMultiInterfaceHardware]: No controller active in LOW_LEVEL_SERVOING mode !
1756629966.2123322 [ros2_control_node-1] [DEBUG] [1756629966.212201359] [KortexMultiInterfaceHardware]: No controller active in LOW_LEVEL_SERVOING mode !
1756629966.2126343 [spawner-3] [INFO] [1756629966.212389550] [spawner_left_joint_trajectory_controller]: [94mLoaded [1mleft_joint_trajectory_controller[0m
1756629966.2129226 [ros2_control_node-1] [DEBUG] [1756629966.212470764] [KortexMultiInterfaceHardware]: No controller active in LOW_LEVEL_SERVOING mode !
1756629966.2130914 [ros2_control_node-1] [DEBUG] [1756629966.212706332] [KortexMultiInterfaceHardware]: No controller active in LOW_LEVEL_SERVOING mode !
1756629966.2132080 [ros2_control_node-1] [DEBUG] [1756629966.212966591] [KortexMultiInterfaceHardware]: No controller active in LOW_LEVEL_SERVOING mode !
1756629966.2133152 [ros2_control_node-1] [DEBUG] [1756629966.213203641] [KortexMultiInterfaceHardware]: No controller active in LOW_LEVEL_SERVOING mode !
1756629966.2140107 [ros2_control_node-1] [DEBUG] [1756629966.213883029] [KortexMultiInterfaceHardware]: No controller active in LOW_LEVEL_SERVOING mode !
1756629966.2142978 [ros2_control_node-1] [DEBUG] [1756629966.214170923] [KortexMultiInterfaceHardware]: No controller active in LOW_LEVEL_SERVOING mode !
1756629966.2147801 [ros2_control_node-1] [DEBUG] [1756629966.214453399] [KortexMultiInterfaceHardware]: No controller active in LOW_LEVEL_SERVOING mode !
1756629966.2150805 [ros2_control_node-1] [DEBUG] [1756629966.214972944] [KortexMultiInterfaceHardware]: No controller active in LOW_LEVEL_SERVOING mode !
1756629966.2153401 [ros2_control_node-1] [DEBUG] [1756629966.215206348] [KortexMultiInterfaceHardware]: No controller active in LOW_LEVEL_SERVOING mode !
1756629966.2157233 [ros2_control_node-1] [DEBUG] [1756629966.215595708] [KortexMultiInterfaceHardware]: No controller active in LOW_LEVEL_SERVOING mode !
1756629966.2160475 [ros2_control_node-1] [DEBUG] [1756629966.215937353] [KortexMultiInterfaceHardware]: No controller active in LOW_LEVEL_SERVOING mode !
1756629966.2163160 [ros2_control_node-1] [DEBUG] [1756629966.216201342] [KortexMultiInterfaceHardware]: No controller active in LOW_LEVEL_SERVOING mode !
1756629966.2166007 [ros2_control_node-1] [DEBUG] [1756629966.216496017] [KortexMultiInterfaceHardware]: No controller active in LOW_LEVEL_SERVOING mode !
1756629966.2168486 [ros2_control_node-1] [DEBUG] [1756629966.216730799] [KortexMultiInterfaceHardware]: No controller active in LOW_LEVEL_SERVOING mode !
1756629966.2171402 [ros2_control_node-1] [DEBUG] [1756629966.216999522] [KortexMultiInterfaceHardware]: No controller active in LOW_LEVEL_SERVOING mode !
1756629966.2174304 [ros2_control_node-1] [DEBUG] [1756629966.217287820] [KortexMultiInterfaceHardware]: No controller active in LOW_LEVEL_SERVOING mode !
1756629966.2176993 [ros2_control_node-1] [DEBUG] [1756629966.217535496] [KortexMultiInterfaceHardware]: No controller active in LOW_LEVEL_SERVOING mode !
1756629966.2179360 [ros2_control_node-1] [INFO] [1756629966.217668079] [controller_manager]: Configuring controller 'fault_controller'
1756629966.2180169 [ros2_control_node-1] [DEBUG] [1756629966.217741876] [KortexMultiInterfaceHardware]: No controller active in LOW_LEVEL_SERVOING mode !
1756629966.2182360 [ros2_control_node-1] [DEBUG] [1756629966.217978700] [KortexMultiInterfaceHardware]: No controller active in LOW_LEVEL_SERVOING mode !
1756629966.2184446 [spawner-2] [INFO] [1756629966.218205671] [spawner_joint_state_broadcaster]: [94mLoaded [1mjoint_state_broadcaster[0m
1756629966.2187033 [ros2_control_node-1] [INFO] [1756629966.218459629] [controller_manager]: Configuring controller 'right_joint_trajectory_controller'
1756629966.2187757 [ros2_control_node-1] [DEBUG] [1756629966.218506783] [KortexMultiInterfaceHardware]: No controller active in LOW_LEVEL_SERVOING mode !
1756629966.2189300 [ros2_control_node-1] [INFO] [1756629966.218591747] [right_joint_trajectory_controller]: No specific joint names are used for command interfaces. Using 'joints' parameter.
1756629966.2189741 [ros2_control_node-1] [INFO] [1756629966.218603815] [right_joint_trajectory_controller]: Command interfaces are [position] and state interfaces are [position velocity].
1756629966.2190034 [ros2_control_node-1] [INFO] [1756629966.218617748] [right_joint_trajectory_controller]: Using 'splines' interpolation method.
1756629966.2190375 [ros2_control_node-1] [DEBUG] [1756629966.218775735] [KortexMultiInterfaceHardware]: No controller active in LOW_LEVEL_SERVOING mode !
1756629966.2191937 [ros2_control_node-1] [DEBUG] [1756629966.219087239] [KortexMultiInterfaceHardware]: No controller active in LOW_LEVEL_SERVOING mode !
1756629966.2194114 [ros2_control_node-1] [DEBUG] [1756629966.219348067] [KortexMultiInterfaceHardware]: No controller active in LOW_LEVEL_SERVOING mode !
1756629966.2197006 [ros2_control_node-1] [DEBUG] [1756629966.219642683] [KortexMultiInterfaceHardware]: No controller active in LOW_LEVEL_SERVOING mode !
1756629966.2199295 [ros2_control_node-1] [DEBUG] [1756629966.219880508] [KortexMultiInterfaceHardware]: No controller active in LOW_LEVEL_SERVOING mode !
1756629966.2202315 [ros2_control_node-1] [DEBUG] [1756629966.220182781] [KortexMultiInterfaceHardware]: No controller active in LOW_LEVEL_SERVOING mode !
1756629966.2204940 [ros2_control_node-1] [DEBUG] [1756629966.220443190] [KortexMultiInterfaceHardware]: No controller active in LOW_LEVEL_SERVOING mode !
1756629966.2207587 [ros2_control_node-1] [DEBUG] [1756629966.220682936] [KortexMultiInterfaceHardware]: No controller active in LOW_LEVEL_SERVOING mode !
1756629966.2208862 [ros2_control_node-1] [INFO] [1756629966.220732860] [right_joint_trajectory_controller]: Controller state will be published at 100.00 Hz.
1756629966.2210016 [ros2_control_node-1] [DEBUG] [1756629966.220937387] [KortexMultiInterfaceHardware]: No controller active in LOW_LEVEL_SERVOING mode !
1756629966.2212529 [ros2_control_node-1] [DEBUG] [1756629966.221204607] [KortexMultiInterfaceHardware]: No controller active in LOW_LEVEL_SERVOING mode !
1756629966.2214735 [ros2_control_node-1] [DEBUG] [1756629966.221427290] [KortexMultiInterfaceHardware]: No controller active in LOW_LEVEL_SERVOING mode !
1756629966.2216899 [ros2_control_node-1] [DEBUG] [1756629966.221648502] [KortexMultiInterfaceHardware]: No controller active in LOW_LEVEL_SERVOING mode !
1756629966.2219481 [ros2_control_node-1] [DEBUG] [1756629966.221908973] [KortexMultiInterfaceHardware]: No controller active in LOW_LEVEL_SERVOING mode !
1756629966.2222159 [ros2_control_node-1] [DEBUG] [1756629966.222167942] [KortexMultiInterfaceHardware]: No controller active in LOW_LEVEL_SERVOING mode !
1756629966.2224448 [ros2_control_node-1] [DEBUG] [1756629966.222400053] [KortexMultiInterfaceHardware]: No controller active in LOW_LEVEL_SERVOING mode !
1756629966.2226951 [ros2_control_node-1] [DEBUG] [1756629966.222652668] [KortexMultiInterfaceHardware]: No controller active in LOW_LEVEL_SERVOING mode !
1756629966.2229578 [ros2_control_node-1] [DEBUG] [1756629966.222916282] [KortexMultiInterfaceHardware]: No controller active in LOW_LEVEL_SERVOING mode !
1756629966.2232416 [ros2_control_node-1] [DEBUG] [1756629966.223197377] [KortexMultiInterfaceHardware]: No controller active in LOW_LEVEL_SERVOING mode !
1756629966.2236083 [ros2_control_node-1] [DEBUG] [1756629966.223439972] [KortexMultiInterfaceHardware]: No controller active in LOW_LEVEL_SERVOING mode !
1756629966.2238960 [ros2_control_node-1] [DEBUG] [1756629966.223697854] [KortexMultiInterfaceHardware]: No controller active in LOW_LEVEL_SERVOING mode !
1756629966.2241383 [ros2_control_node-1] [DEBUG] [1756629966.223941030] [KortexMultiInterfaceHardware]: No controller active in LOW_LEVEL_SERVOING mode !
1756629966.2243679 [ros2_control_node-1] [DEBUG] [1756629966.224192622] [KortexMultiInterfaceHardware]: No controller active in LOW_LEVEL_SERVOING mode !
1756629966.2246120 [ros2_control_node-1] [DEBUG] [1756629966.224457896] [KortexMultiInterfaceHardware]: No controller active in LOW_LEVEL_SERVOING mode !
1756629966.2248385 [ros2_control_node-1] [DEBUG] [1756629966.224674395] [KortexMultiInterfaceHardware]: No controller active in LOW_LEVEL_SERVOING mode !
1756629966.2250733 [ros2_control_node-1] [DEBUG] [1756629966.224941752] [KortexMultiInterfaceHardware]: No controller active in LOW_LEVEL_SERVOING mode !
1756629966.2253315 [ros2_control_node-1] [DEBUG] [1756629966.225191586] [KortexMultiInterfaceHardware]: No controller active in LOW_LEVEL_SERVOING mode !
1756629966.2255745 [ros2_control_node-1] [DEBUG] [1756629966.225467095] [KortexMultiInterfaceHardware]: No controller active in LOW_LEVEL_SERVOING mode !
1756629966.2258019 [ros2_control_node-1] [DEBUG] [1756629966.225700229] [KortexMultiInterfaceHardware]: No controller active in LOW_LEVEL_SERVOING mode !
1756629966.2260597 [ros2_control_node-1] [DEBUG] [1756629966.225951787] [KortexMultiInterfaceHardware]: No controller active in LOW_LEVEL_SERVOING mode !
1756629966.2262876 [ros2_control_node-1] [DEBUG] [1756629966.226201665] [KortexMultiInterfaceHardware]: No controller active in LOW_LEVEL_SERVOING mode !
1756629966.2266133 [ros2_control_node-1] [DEBUG] [1756629966.226516778] [KortexMultiInterfaceHardware]: No controller active in LOW_LEVEL_SERVOING mode !
1756629966.2267895 [ros2_control_node-1] [INFO] [1756629966.226733590] [right_joint_trajectory_controller]: Action status changes will be monitored at 20.00 Hz.
1756629966.2282872 [ros2_control_node-1] [DEBUG] [1756629966.228212618] [KortexMultiInterfaceHardware]: No controller active in LOW_LEVEL_SERVOING mode !
1756629966.2286079 [ros2_control_node-1] [DEBUG] [1756629966.228528422] [KortexMultiInterfaceHardware]: No controller active in LOW_LEVEL_SERVOING mode !
1756629966.2382421 [ros2_control_node-1] [INFO] [1756629966.238140289] [controller_manager]: Configuring controller 'left_joint_trajectory_controller'
1756629966.2384148 [ros2_control_node-1] [INFO] [1756629966.238351022] [left_joint_trajectory_controller]: No specific joint names are used for command interfaces. Using 'joints' parameter.
1756629966.2385340 [ros2_control_node-1] [INFO] [1756629966.238385179] [left_joint_trajectory_controller]: Command interfaces are [position] and state interfaces are [position velocity].
1756629966.2385688 [ros2_control_node-1] [INFO] [1756629966.238403429] [left_joint_trajectory_controller]: Using 'splines' interpolation method.
1756629966.2386632 [ros2_control_node-1] [DEBUG] [1756629966.238534222] [KortexMultiInterfaceHardware]: No controller active in LOW_LEVEL_SERVOING mode !
1756629966.2389622 [ros2_control_node-1] [INFO] [1756629966.238791159] [left_joint_trajectory_controller]: Controller state will be published at 100.00 Hz.
1756629966.2392304 [ros2_control_node-1] [DEBUG] [1756629966.239008687] [KortexMultiInterfaceHardware]: No controller active in LOW_LEVEL_SERVOING mode !
1756629966.2397604 [ros2_control_node-1] [INFO] [1756629966.239683445] [left_joint_trajectory_controller]: Action status changes will be monitored at 20.00 Hz.
1756629966.2483554 [ros2_control_node-1] [INFO] [1756629966.248203136] [controller_manager]: Configuring controller 'joint_state_broadcaster'
1756629966.2484264 [ros2_control_node-1] [INFO] [1756629966.248252393] [joint_state_broadcaster]: 'joints' or 'interfaces' parameter is empty. All available state interfaces will be published
1756629966.2485607 [ros2_control_node-1] [DEBUG] [1756629966.248274370] [KortexMultiInterfaceHardware]: No controller active in LOW_LEVEL_SERVOING mode !
1756629966.2487102 [ros2_control_node-1] [DEBUG] [1756629966.248596822] [KortexMultiInterfaceHardware]: No controller active in LOW_LEVEL_SERVOING mode !
1756629966.2584639 [ros2_control_node-1] [DEBUG] [1756629966.258272982] [KortexMultiInterfaceHardware]: No controller active in LOW_LEVEL_SERVOING mode !
1756629966.2588413 [ros2_control_node-1] [DEBUG] [1756629966.258665293] [KortexMultiInterfaceHardware]: No controller active in LOW_LEVEL_SERVOING mode !
1756629966.2687485 [ros2_control_node-1] [DEBUG] [1756629966.268612246] [KortexMultiInterfaceHardware]: No controller active in LOW_LEVEL_SERVOING mode !
1756629966.2788231 [ros2_control_node-1] [DEBUG] [1756629966.278688547] [KortexMultiInterfaceHardware]: No controller active in LOW_LEVEL_SERVOING mode !
1756629966.2892621 [ros2_control_node-1] [DEBUG] [1756629966.289138864] [KortexMultiInterfaceHardware]: No controller active in LOW_LEVEL_SERVOING mode !
1756629966.2989619 [ros2_control_node-1] [DEBUG] [1756629966.298836774] [KortexMultiInterfaceHardware]: No controller active in LOW_LEVEL_SERVOING mode !
1756629966.3092396 [ros2_control_node-1] [DEBUG] [1756629966.309116251] [KortexMultiInterfaceHardware]: No controller active in LOW_LEVEL_SERVOING mode !
1756629966.3192902 [ros2_control_node-1] [DEBUG] [1756629966.319171868] [KortexMultiInterfaceHardware]: No controller active in LOW_LEVEL_SERVOING mode !
1756629966.3292432 [ros2_control_node-1] [DEBUG] [1756629966.329131291] [KortexMultiInterfaceHardware]: No controller active in LOW_LEVEL_SERVOING mode !
1756629966.3394957 [ros2_control_node-1] [DEBUG] [1756629966.339204737] [KortexMultiInterfaceHardware]: No controller active in LOW_LEVEL_SERVOING mode !
1756629966.3490407 [ros2_control_node-1] [DEBUG] [1756629966.348844832] [KortexMultiInterfaceHardware]: No controller active in LOW_LEVEL_SERVOING mode !
1756629966.3593969 [ros2_control_node-1] [DEBUG] [1756629966.359160182] [KortexMultiInterfaceHardware]: No controller active in LOW_LEVEL_SERVOING mode !
1756629966.3691344 [ros2_control_node-1] [DEBUG] [1756629966.368928861] [KortexMultiInterfaceHardware]: No controller active in LOW_LEVEL_SERVOING mode !
1756629966.3793316 [ros2_control_node-1] [DEBUG] [1756629966.379082082] [KortexMultiInterfaceHardware]: No controller active in LOW_LEVEL_SERVOING mode !
1756629966.3895047 [ros2_control_node-1] [DEBUG] [1756629966.389228658] [KortexMultiInterfaceHardware]: No controller active in LOW_LEVEL_SERVOING mode !
1756629966.3988156 [ros2_control_node-1] [DEBUG] [1756629966.398731519] [KortexMultiInterfaceHardware]: No controller active in LOW_LEVEL_SERVOING mode !
1756629966.4093037 [ros2_control_node-1] [DEBUG] [1756629966.409031348] [KortexMultiInterfaceHardware]: No controller active in LOW_LEVEL_SERVOING mode !
1756629966.4192033 [ros2_control_node-1] [DEBUG] [1756629966.419092815] [KortexMultiInterfaceHardware]: No controller active in LOW_LEVEL_SERVOING mode !
1756629966.4289649 [ros2_control_node-1] [DEBUG] [1756629966.428701069] [KortexMultiInterfaceHardware]: No controller active in LOW_LEVEL_SERVOING mode !
1756629966.4390819 [ros2_control_node-1] [DEBUG] [1756629966.438851715] [KortexMultiInterfaceHardware]: No controller active in LOW_LEVEL_SERVOING mode !
1756629966.4489884 [ros2_control_node-1] [DEBUG] [1756629966.448740865] [KortexMultiInterfaceHardware]: No controller active in LOW_LEVEL_SERVOING mode !
1756629966.6721690 [ros2_control_node-1] [DEBUG] [1756629966.671835602] [KortexMultiInterfaceHardware]: No controller active in LOW_LEVEL_SERVOING mode !
1756629966.7926750 [ros2_control_node-1] [DEBUG] [1756629966.792423976] [KortexMultiInterfaceHardware]: No controller active in LOW_LEVEL_SERVOING mode !
1756629966.7929242 [ros2_control_node-1] [DEBUG] [1756629966.792781387] [KortexMultiInterfaceHardware]: No controller active in LOW_LEVEL_SERVOING mode !
1756629966.7931709 [ros2_control_node-1] [DEBUG] [1756629966.793075278] [KortexMultiInterfaceHardware]: No controller active in LOW_LEVEL_SERVOING mode !
1756629966.7936842 [spawner-5] [INFO] [1756629966.793465437] [spawner_fault_controller]: [92mConfigured and activated [1mfault_controller[0m
1756629966.7940066 [ros2_control_node-1] [DEBUG] [1756629966.793903822] [KortexMultiInterfaceHardware]: No controller active in LOW_LEVEL_SERVOING mode !
1756629966.7947056 [ros2_control_node-1] [DEBUG] [1756629966.794517680] [KortexMultiInterfaceHardware]: No controller active in LOW_LEVEL_SERVOING mode !
1756629966.7951467 [ros2_control_node-1] [DEBUG] [1756629966.794995948] [KortexMultiInterfaceHardware]: No controller active in LOW_LEVEL_SERVOING mode !
1756629966.7956090 [ros2_control_node-1] [DEBUG] [1756629966.795501752] [KortexMultiInterfaceHardware]: No controller active in LOW_LEVEL_SERVOING mode !
1756629966.7961445 [ros2_control_node-1] [DEBUG] [1756629966.796045449] [KortexMultiInterfaceHardware]: No controller active in LOW_LEVEL_SERVOING mode !
1756629966.7965987 [ros2_control_node-1] [DEBUG] [1756629966.796532756] [KortexMultiInterfaceHardware]: No controller active in LOW_LEVEL_SERVOING mode !
1756629966.7970865 [ros2_control_node-1] [DEBUG] [1756629966.797024983] [KortexMultiInterfaceHardware]: No controller active in LOW_LEVEL_SERVOING mode !
1756629966.7980559 [ros2_control_node-1] [DEBUG] [1756629966.798005711] [KortexMultiInterfaceHardware]: No controller active in LOW_LEVEL_SERVOING mode !
1756629966.7989676 [ros2_control_node-1] [DEBUG] [1756629966.798846897] [KortexMultiInterfaceHardware]: No controller active in LOW_LEVEL_SERVOING mode !
1756629966.7994263 [ros2_control_node-1] [DEBUG] [1756629966.799363614] [KortexMultiInterfaceHardware]: No controller active in LOW_LEVEL_SERVOING mode !
1756629966.8000131 [ros2_control_node-1] [DEBUG] [1756629966.799898165] [KortexMultiInterfaceHardware]: No controller active in LOW_LEVEL_SERVOING mode !
1756629966.8004634 [ros2_control_node-1] [DEBUG] [1756629966.800402509] [KortexMultiInterfaceHardware]: No controller active in LOW_LEVEL_SERVOING mode !
1756629966.8088865 [ros2_control_node-1] [DEBUG] [1756629966.808711959] [KortexMultiInterfaceHardware]: No controller active in LOW_LEVEL_SERVOING mode !
1756629966.8192272 [ros2_control_node-1] [DEBUG] [1756629966.818998312] [KortexMultiInterfaceHardware]: No controller active in LOW_LEVEL_SERVOING mode !
1756629966.8287585 [ros2_control_node-1] [DEBUG] [1756629966.828606716] [KortexMultiInterfaceHardware]: No controller active in LOW_LEVEL_SERVOING mode !
1756629966.8391402 [ros2_control_node-1] [DEBUG] [1756629966.839065895] [KortexMultiInterfaceHardware]: No controller active in LOW_LEVEL_SERVOING mode !
1756629966.8486421 [ros2_control_node-1] [DEBUG] [1756629966.848494224] [KortexMultiInterfaceHardware]: No controller active in LOW_LEVEL_SERVOING mode !
1756629966.8587830 [ros2_control_node-1] [DEBUG] [1756629966.858661699] [KortexMultiInterfaceHardware]: No controller active in LOW_LEVEL_SERVOING mode !
1756629966.8686683 [ros2_control_node-1] [DEBUG] [1756629966.868546203] [KortexMultiInterfaceHardware]: No controller active in LOW_LEVEL_SERVOING mode !
1756629966.8787360 [ros2_control_node-1] [DEBUG] [1756629966.878582642] [KortexMultiInterfaceHardware]: No controller active in LOW_LEVEL_SERVOING mode !
1756629966.8887682 [ros2_control_node-1] [DEBUG] [1756629966.888614347] [KortexMultiInterfaceHardware]: No controller active in LOW_LEVEL_SERVOING mode !
1756629966.8987155 [ros2_control_node-1] [DEBUG] [1756629966.898584322] [KortexMultiInterfaceHardware]: No controller active in LOW_LEVEL_SERVOING mode !
1756629966.9088275 [ros2_control_node-1] [DEBUG] [1756629966.908680679] [KortexMultiInterfaceHardware]: No controller active in LOW_LEVEL_SERVOING mode !
1756629966.9164119 [INFO] [spawner-5]: process has finished cleanly [pid 3632]
1756629966.9190223 [ros2_control_node-1] [DEBUG] [1756629966.918890538] [KortexMultiInterfaceHardware]: No controller active in LOW_LEVEL_SERVOING mode !
1756629966.9287627 [ros2_control_node-1] [DEBUG] [1756629966.928589778] [KortexMultiInterfaceHardware]: No controller active in LOW_LEVEL_SERVOING mode !
1756629966.9387884 [ros2_control_node-1] [DEBUG] [1756629966.938623236] [KortexMultiInterfaceHardware]: No controller active in LOW_LEVEL_SERVOING mode !
1756629966.9489045 [ros2_control_node-1] [DEBUG] [1756629966.948639998] [KortexMultiInterfaceHardware]: No controller active in LOW_LEVEL_SERVOING mode !
1756629966.9592404 [ros2_control_node-1] [DEBUG] [1756629966.959009519] [KortexMultiInterfaceHardware]: No controller active in LOW_LEVEL_SERVOING mode !
1756629966.9688733 [ros2_control_node-1] [DEBUG] [1756629966.968687394] [KortexMultiInterfaceHardware]: No controller active in LOW_LEVEL_SERVOING mode !
1756629966.9787993 [ros2_control_node-1] [DEBUG] [1756629966.978631720] [KortexMultiInterfaceHardware]: No controller active in LOW_LEVEL_SERVOING mode !
1756629966.9892316 [ros2_control_node-1] [DEBUG] [1756629966.989039258] [KortexMultiInterfaceHardware]: No controller active in LOW_LEVEL_SERVOING mode !
1756629967.2110898 [ros2_control_node-1] [DEBUG] [1756629967.210748776] [KortexMultiInterfaceHardware]: No controller active in LOW_LEVEL_SERVOING mode !
1756629967.2118850 [ros2_control_node-1] [DEBUG] [1756629967.211677318] [KortexMultiInterfaceHardware]: No controller active in LOW_LEVEL_SERVOING mode !
1756629967.2122648 [spawner-4] [INFO] [1756629967.212142357] [spawner_right_joint_trajectory_controller]: [92mConfigured and activated [1mright_joint_trajectory_controller[0m
1756629967.3351240 [INFO] [spawner-4]: process has finished cleanly [pid 3630]
1756629967.6311040 [spawner-3] [INFO] [1756629967.630844693] [spawner_left_joint_trajectory_controller]: [92mConfigured and activated [1mleft_joint_trajectory_controller[0m
1756629967.6490018 [spawner-2] [INFO] [1756629967.648807898] [spawner_joint_state_broadcaster]: [92mConfigured and activated [1mjoint_state_broadcaster[0m
1756629967.7534995 [INFO] [spawner-3]: process has finished cleanly [pid 3628]
1756629967.7711911 [INFO] [spawner-2]: process has finished cleanly [pid 3626]
1756629990.7090304 [ros2_control_node-1] [INFO] [1756629990.708771460] [left_joint_trajectory_controller]: Received new action goal
1756629990.7091901 [ros2_control_node-1] [INFO] [1756629990.708826683] [left_joint_trajectory_controller]: Accepted new action goal
1756629990.7094429 [ros2_control_node-1] [INFO] [1756629990.709103608] [right_joint_trajectory_controller]: Received new action goal
1756629990.7095127 [ros2_control_node-1] [INFO] [1756629990.709138190] [right_joint_trajectory_controller]: Accepted new action goal
1756629994.8681977 [ros2_control_node-1] [INFO] [1756629994.867927400] [right_joint_trajectory_controller]: Goal reached, success!
1756629994.8683488 [ros2_control_node-1] [INFO] [1756629994.867967642] [left_joint_trajectory_controller]: Goal reached, success!
1756630359.8788917 [ros2_control_node-1] [INFO] [1756630359.878669183] [right_joint_trajectory_controller]: Received new action goal
1756630359.8790295 [ros2_control_node-1] [INFO] [1756630359.878702979] [right_joint_trajectory_controller]: Accepted new action goal
1756630367.1482742 [ros2_control_node-1] [INFO] [1756630367.147991866] [right_joint_trajectory_controller]: Goal reached, success!
1756630380.2487023 [ros2_control_node-1] [INFO] [1756630380.248475262] [right_joint_trajectory_controller]: Received new action goal
1756630380.2488143 [ros2_control_node-1] [INFO] [1756630380.248509287] [right_joint_trajectory_controller]: Accepted new action goal
1756630389.5381308 [ros2_control_node-1] [INFO] [1756630389.537918841] [right_joint_trajectory_controller]: Goal reached, success!
1756630408.4488544 [ros2_control_node-1] [INFO] [1756630408.448697459] [right_joint_trajectory_controller]: Received new action goal
1756630408.4489670 [ros2_control_node-1] [INFO] [1756630408.448732354] [right_joint_trajectory_controller]: Accepted new action goal
1756630426.1880665 [ros2_control_node-1] [INFO] [1756630426.187897698] [right_joint_trajectory_controller]: Goal reached, success!
