1756261328.4094677 [INFO] [launch]: All log files can be found below /home/rpp/rpp_logs/2025-08-27-10-22-08-408817-rpp-Default-string-4441
1756261328.4095533 [INFO] [launch]: Default logging verbosity is set to INFO
1756261329.5371699 [INFO] [move_group-1]: process started with pid [4477]
1756261329.5373032 [INFO] [rviz2-2]: process started with pid [4510]
1756261330.1459954 [rviz2-2] [INFO] [1756261330.145737448] [rviz2]: Stereo is NOT SUPPORTED
1756261330.1462333 [rviz2-2] [INFO] [1756261330.145809631] [rviz2]: OpenGl version: 4.6 (GLSL 4.6)
1756261330.2455814 [rviz2-2] [INFO] [1756261330.245357299] [rviz2]: Stereo is NOT SUPPORTED
1756261330.6408534 [rviz2-2] Warning: class_loader.impl: SEVERE WARNING!!! A namespace collision has occurred with plugin factory for class rviz_default_plugins::displays::InteractiveMarkerDisplay. New factory will OVERWRITE existing one. This situation occurs when libraries containing plugins are directly linked against an executable (the one running right now generating this message). Please separate plugins out into their own library or just don't link against the library and use either class_loader::ClassLoader/MultiLibraryClassLoader to open.
1756261330.6409628 [rviz2-2]          at line 253 in /opt/ros/humble/include/class_loader/class_loader/class_loader_core.hpp
1756261333.7173994 [rviz2-2] [ERROR] [1756261333.717155229] [moveit_ros_visualization.motion_planning_frame]: Action server: /recognize_objects not available
1756261333.7270777 [rviz2-2] [INFO] [1756261333.726906607] [moveit_ros_visualization.motion_planning_frame]: MoveGroup namespace changed: / -> . Reloading params.
1756261333.7870491 [rviz2-2] [INFO] [1756261333.786871386] [moveit_rdf_loader.rdf_loader]: Loaded robot model in 0.0199755 seconds
1756261333.7871630 [rviz2-2] [INFO] [1756261333.786903818] [moveit_robot_model.robot_model]: Loading robot model 'ea200'...
1756261333.7871971 [rviz2-2] [INFO] [1756261333.786911348] [moveit_robot_model.robot_model]: No root/virtual joint specified in SRDF. Assuming fixed joint
1756261333.8002934 [rviz2-2] [INFO] [1756261333.800081522] [rviz2]: Stereo is NOT SUPPORTED
1756261334.1260252 [rviz2-2] [ERROR] [1756261334.125849262] [moveit_kinematics_base.kinematics_base]: Group 'dual_arm' is not a chain
1756261334.1261313 [rviz2-2] [ERROR] [1756261334.125868728] [kinematics_plugin_loader]: Kinematics solver of type 'kdl_kinematics_plugin/KDLKinematicsPlugin' could not be initialized for group 'dual_arm'
1756261334.1261659 [rviz2-2] [ERROR] [1756261334.125879561] [moveit_ros.robot_model_loader]: Kinematics solver could not be instantiated for joint group dual_arm.
1756261335.0468304 [rviz2-2] [INFO] [1756261335.046572381] [moveit_ros.planning_scene_monitor.planning_scene_monitor]: Starting planning scene monitor
1756261335.0472112 [rviz2-2] [INFO] [1756261335.047066097] [moveit_ros.planning_scene_monitor.planning_scene_monitor]: Listening to '/monitored_planning_scene'
1756261336.4892762 [rviz2-2] [INFO] [1756261336.489108154] [interactive_marker_display_105105400500384]: Connected on namespace: /rviz_moveit_motion_planning_display/robot_interaction_interactive_marker_topic
1756261336.5244751 [rviz2-2] [INFO] [1756261336.524363896] [moveit_ros_visualization.motion_planning_frame]: group dual_arm
1756261336.5245616 [rviz2-2] [INFO] [1756261336.524379949] [moveit_ros_visualization.motion_planning_frame]: Constructing new MoveGroup connection for group 'dual_arm' in namespace ''
1756261336.5282316 [rviz2-2] [INFO] [1756261336.528064618] [move_group_interface]: Ready to take commands for planning group dual_arm.
1756261336.6192856 [rviz2-2] [INFO] [1756261336.618982386] [interactive_marker_display_105105400500384]: Sending request for interactive markers
1756261336.7119951 [rviz2-2] [INFO] [1756261336.711729257] [interactive_marker_display_105105400500384]: Service response received for initialization
1756261350.0605824 [WARNING] [launch]: user interrupted with ctrl-c (SIGINT)
1756261350.0615926 [rviz2-2] [INFO] [1756261350.060430327] [rclcpp]: signal_handler(signum=2)
1756261350.0731807 [rviz2-2] [WARN] [1756261350.073055298] [interactive_marker_display_105105400500384]: Server not available while running, resetting
1756261350.1736054 [rviz2-2] 
1756261350.1737187 [rviz2-2] >>> [rcutils|error_handling.c:108] rcutils_set_error_state()
1756261350.1737568 [rviz2-2] This error state is being overwritten:
1756261350.1737838 [rviz2-2] 
1756261350.1738071 [rviz2-2]   'rcl node's context is invalid, at ./src/rcl/node.c:428'
1756261350.1738305 [rviz2-2] 
1756261350.1738539 [rviz2-2] with this new error message:
1756261350.1738782 [rviz2-2] 
1756261350.1738985 [rviz2-2]   'publisher's context is invalid, at ./src/rcl/publisher.c:389'
1756261350.1739223 [rviz2-2] 
1756261350.1739440 [rviz2-2] rcutils_reset_error() should be called after error handling to avoid this.
1756261350.1739652 [rviz2-2] <<<
1756261350.1755238 [rviz2-2] [INFO] [1756261350.175412595] [moveit_ros.planning_scene_monitor.planning_scene_monitor]: Stopping planning scene monitor
1756261351.2175124 [ERROR] [move_group-1]: process has died [pid 4477, exit code -11, cmd '/opt/ros/humble/lib/moveit_ros_move_group/move_group --ros-args --params-file /tmp/launch_params_fg1ttnk5'].
1756261352.2675853 [ERROR] [rviz2-2]: process has died [pid 4510, exit code -11, cmd '/opt/ros/humble/lib/rviz2/rviz2 -d /home/rpp/rpp_ws/install/ea200_moveit_config/share/ea200_moveit_config/config/moveit.rviz --ros-args -r __node:=rviz2_moveit --params-file /tmp/launch_params_kfb0kgao --params-file /tmp/launch_params_lgy_9cuo --params-file /tmp/launch_params_amm0hz2l --params-file /tmp/launch_params_67261v23 --params-file /tmp/launch_params_06db9hnq'].
