1756455934.0472918 [INFO] [launch]: All log files can be found below /home/rpp/rpp_logs/2025-08-29-16-25-34-046808-rpp-Default-string-68890
1756455934.0473862 [INFO] [launch]: Default logging verbosity is set to INFO
1756455934.0758419 [INFO] [ros2_control_node-1]: process started with pid [68891]
1756455934.0759370 [INFO] [spawner-2]: process started with pid [68893]
1756455934.0759821 [INFO] [spawner-3]: process started with pid [68895]
1756455934.0760155 [INFO] [spawner-4]: process started with pid [68897]
1756455934.0760458 [INFO] [spawner-5]: process started with pid [68899]
1756455934.1009603 [ros2_control_node-1] [INFO] [1756455934.100650089] [controller_manager]: Subscribing to '~/robot_description' topic for robot description file.
1756455934.1012871 [ros2_control_node-1] [INFO] [1756455934.101156423] [controller_manager]: update rate is 100 Hz
1756455934.1013618 [ros2_control_node-1] [INFO] [1756455934.101167112] [controller_manager]: Spawning controller_manager RT thread with scheduler priority: 50
1756455934.1015751 [ros2_control_node-1] [WARN] [1756455934.101452899] [controller_manager]: No real-time kernel detected on this system. See [https://control.ros.org/master/doc/ros2_control/controller_manager/doc/userdoc.html] for details on how to enable realtime scheduling.
1756455934.3292103 [spawner-5] [INFO] [1756455934.328954411] [spawner_fault_controller]: waiting for service /controller_manager/list_controllers to become available...
1756455934.3341415 [spawner-3] [INFO] [1756455934.334033216] [spawner_left_joint_trajectory_controller]: waiting for service /controller_manager/list_controllers to become available...
1756455934.3362601 [spawner-2] [INFO] [1756455934.336187344] [spawner_joint_state_broadcaster]: waiting for service /controller_manager/list_controllers to become available...
1756455934.3456717 [spawner-4] [INFO] [1756455934.345552133] [spawner_right_joint_trajectory_controller]: waiting for service /controller_manager/list_controllers to become available...
1756455944.3428385 [spawner-5] [WARN] [1756455944.342660177] [spawner_fault_controller]: Could not contact service /controller_manager/list_controllers
1756455944.3430731 [spawner-5] [INFO] [1756455944.342820092] [spawner_fault_controller]: waiting for service /controller_manager/list_controllers to become available...
1756455944.3470194 [spawner-3] [WARN] [1756455944.346847576] [spawner_left_joint_trajectory_controller]: Could not contact service /controller_manager/list_controllers
1756455944.3471420 [spawner-3] [INFO] [1756455944.347012476] [spawner_left_joint_trajectory_controller]: waiting for service /controller_manager/list_controllers to become available...
1756455944.3486693 [spawner-2] [WARN] [1756455944.348506673] [spawner_joint_state_broadcaster]: Could not contact service /controller_manager/list_controllers
1756455944.3487895 [spawner-2] [INFO] [1756455944.348674446] [spawner_joint_state_broadcaster]: waiting for service /controller_manager/list_controllers to become available...
1756455944.3604465 [spawner-4] [WARN] [1756455944.360228972] [spawner_right_joint_trajectory_controller]: Could not contact service /controller_manager/list_controllers
1756455944.3606474 [spawner-4] [INFO] [1756455944.360406151] [spawner_right_joint_trajectory_controller]: waiting for service /controller_manager/list_controllers to become available...
1756455950.8465674 [ros2_control_node-1] [INFO] [1756455950.846351894] [controller_manager]: Received robot description file.
1756455950.8470237 [ros2_control_node-1] text not specified in the gripper_joint_name tag
1756455950.8472311 [ros2_control_node-1] text not specified in the gripper_joint_name tag
1756455950.8472812 [ros2_control_node-1] [INFO] [1756455950.847000216] [resource_manager]: Loading hardware 'left_KortexMultiInterfaceHardware' 
1756455950.8517272 [ros2_control_node-1] [INFO] [1756455950.851587890] [KortexMultiInterfaceHardware]: Setting severity threshold to DEBUG
1756455950.8517797 [ros2_control_node-1] [INFO] [1756455950.851618116] [resource_manager]: Initialize hardware 'left_KortexMultiInterfaceHardware' 
1756455950.8518155 [ros2_control_node-1] [INFO] [1756455950.851623614] [KortexMultiInterfaceHardware]: Configuring Hardware Interface
1756455950.8519492 [ros2_control_node-1] [INFO] [1756455950.851792015] [KortexMultiInterfaceHardware]: Robot ip is '192.168.11.60'
1756455950.8519871 [ros2_control_node-1] [INFO] [1756455950.851795141] [KortexMultiInterfaceHardware]: Username is 'admin'
1756455950.8520103 [ros2_control_node-1] [INFO] [1756455950.851800287] [KortexMultiInterfaceHardware]: Port used '10000'
1756455950.8520350 [ros2_control_node-1] [INFO] [1756455950.851802377] [KortexMultiInterfaceHardware]: Realtime port used '10001'
1756455950.8520560 [ros2_control_node-1] [INFO] [1756455950.851804229] [KortexMultiInterfaceHardware]: Session inactivity timeout is '60000'
1756455950.8520846 [ros2_control_node-1] [INFO] [1756455950.851806228] [KortexMultiInterfaceHardware]: Connection inactivity timeout is '2000'
1756455950.8521051 [ros2_control_node-1] [ERROR] [1756455950.851808044] [KortexMultiInterfaceHardware]: Gripper joint name is empty!
1756455950.8521249 [ros2_control_node-1] [INFO] [1756455950.851817142] [KortexMultiInterfaceHardware]: Connecting to robot at 192.168.11.60
1756455950.8524292 [ros2_control_node-1] [INFO] [1756455950.852369201] [KortexMultiInterfaceHardware]: Creating session for communication
1756455951.1297410 [ros2_control_node-1] [INFO] [1756455951.129590093] [KortexMultiInterfaceHardware]: Session created
1756455951.7052398 [ros2_control_node-1] [INFO] [1756455951.705088959] [KortexMultiInterfaceHardware]: Actuator count reported by robot is '7'
1756455951.7055843 [ros2_control_node-1] [INFO] [1756455951.705202875] [KortexMultiInterfaceHardware]: Hardware Interface successfully configured
1756455951.7056382 [ros2_control_node-1] [INFO] [1756455951.705214336] [resource_manager]: Successful initialization of hardware 'left_KortexMultiInterfaceHardware'
1756455951.7056630 [ros2_control_node-1] [DEBUG] [1756455951.705227942] [KortexMultiInterfaceHardware]: export_state_interfaces for joint: left_joint_1
1756455951.7056837 [ros2_control_node-1] [DEBUG] [1756455951.705250647] [KortexMultiInterfaceHardware]: export_state_interfaces for joint: left_joint_2
1756455951.7057021 [ros2_control_node-1] [DEBUG] [1756455951.705260851] [KortexMultiInterfaceHardware]: export_state_interfaces for joint: left_joint_3
1756455951.7057195 [ros2_control_node-1] [DEBUG] [1756455951.705262580] [KortexMultiInterfaceHardware]: export_state_interfaces for joint: left_joint_4
1756455951.7057366 [ros2_control_node-1] [DEBUG] [1756455951.705263891] [KortexMultiInterfaceHardware]: export_state_interfaces for joint: left_joint_5
1756455951.7057531 [ros2_control_node-1] [DEBUG] [1756455951.705265479] [KortexMultiInterfaceHardware]: export_state_interfaces for joint: left_joint_6
1756455951.7057698 [ros2_control_node-1] [DEBUG] [1756455951.705266755] [KortexMultiInterfaceHardware]: export_state_interfaces for joint: left_joint_7
1756455951.7057865 [ros2_control_node-1] [INFO] [1756455951.705366758] [resource_manager]: Loading hardware 'right_KortexMultiInterfaceHardware' 
1756455951.7058032 [ros2_control_node-1] [INFO] [1756455951.705401951] [KortexMultiInterfaceHardware]: Setting severity threshold to DEBUG
1756455951.7058244 [ros2_control_node-1] [INFO] [1756455951.705407385] [resource_manager]: Initialize hardware 'right_KortexMultiInterfaceHardware' 
1756455951.7058454 [ros2_control_node-1] [INFO] [1756455951.705409432] [KortexMultiInterfaceHardware]: Configuring Hardware Interface
1756455951.7059722 [ros2_control_node-1] [INFO] [1756455951.705447411] [KortexMultiInterfaceHardware]: Robot ip is '192.168.11.61'
1756455951.7060030 [ros2_control_node-1] [INFO] [1756455951.705449484] [KortexMultiInterfaceHardware]: Username is 'admin'
1756455951.7060249 [ros2_control_node-1] [INFO] [1756455951.705451650] [KortexMultiInterfaceHardware]: Port used '10000'
1756455951.7060447 [ros2_control_node-1] [INFO] [1756455951.705453404] [KortexMultiInterfaceHardware]: Realtime port used '10001'
1756455951.7060630 [ros2_control_node-1] [INFO] [1756455951.705455057] [KortexMultiInterfaceHardware]: Session inactivity timeout is '60000'
1756455951.7060931 [ros2_control_node-1] [INFO] [1756455951.705456784] [KortexMultiInterfaceHardware]: Connection inactivity timeout is '2000'
1756455951.7061107 [ros2_control_node-1] [ERROR] [1756455951.705458419] [KortexMultiInterfaceHardware]: Gripper joint name is empty!
1756455951.7061908 [ros2_control_node-1] [INFO] [1756455951.705469034] [KortexMultiInterfaceHardware]: Connecting to robot at 192.168.11.61
1756455951.7063434 [ros2_control_node-1] [INFO] [1756455951.706082831] [KortexMultiInterfaceHardware]: Creating session for communication
1756455952.1421218 [ros2_control_node-1] [INFO] [1756455952.141957797] [KortexMultiInterfaceHardware]: Session created
1756455952.7265525 [ros2_control_node-1] [INFO] [1756455952.726371214] [KortexMultiInterfaceHardware]: Actuator count reported by robot is '7'
1756455952.7266412 [ros2_control_node-1] [INFO] [1756455952.726402408] [KortexMultiInterfaceHardware]: Hardware Interface successfully configured
1756455952.7266688 [ros2_control_node-1] [INFO] [1756455952.726410051] [resource_manager]: Successful initialization of hardware 'right_KortexMultiInterfaceHardware'
1756455952.7266905 [ros2_control_node-1] [DEBUG] [1756455952.726414532] [KortexMultiInterfaceHardware]: export_state_interfaces for joint: right_joint_1
1756455952.7267096 [ros2_control_node-1] [DEBUG] [1756455952.726418462] [KortexMultiInterfaceHardware]: export_state_interfaces for joint: right_joint_2
1756455952.7267272 [ros2_control_node-1] [DEBUG] [1756455952.726420580] [KortexMultiInterfaceHardware]: export_state_interfaces for joint: right_joint_3
1756455952.7267449 [ros2_control_node-1] [DEBUG] [1756455952.726422182] [KortexMultiInterfaceHardware]: export_state_interfaces for joint: right_joint_4
1756455952.7267618 [ros2_control_node-1] [DEBUG] [1756455952.726423484] [KortexMultiInterfaceHardware]: export_state_interfaces for joint: right_joint_5
1756455952.7267778 [ros2_control_node-1] [DEBUG] [1756455952.726425114] [KortexMultiInterfaceHardware]: export_state_interfaces for joint: right_joint_6
1756455952.7267945 [ros2_control_node-1] [DEBUG] [1756455952.726426398] [KortexMultiInterfaceHardware]: export_state_interfaces for joint: right_joint_7
1756455952.7269361 [ros2_control_node-1] [INFO] [1756455952.726497089] [resource_manager]: 'configure' hardware 'right_KortexMultiInterfaceHardware' 
1756455952.7269666 [ros2_control_node-1] [INFO] [1756455952.726502016] [resource_manager]: Successful 'configure' of hardware 'right_KortexMultiInterfaceHardware'
1756455952.7269864 [ros2_control_node-1] [INFO] [1756455952.726508381] [resource_manager]: 'activate' hardware 'right_KortexMultiInterfaceHardware' 
1756455952.7270038 [ros2_control_node-1] [INFO] [1756455952.726510499] [KortexMultiInterfaceHardware]: Activating KortexMultiInterfaceHardware...
1756455952.7270918 [ros2_control_node-1] [INFO] [1756455952.727012307] [KortexMultiInterfaceHardware]: Gripper initial position is '0.000000'.
1756455952.7279837 [ros2_control_node-1] [INFO] [1756455952.727877118] [KortexMultiInterfaceHardware]: KortexMultiInterfaceHardware successfully activated!
1756455952.7280138 [ros2_control_node-1] [INFO] [1756455952.727888521] [resource_manager]: Successful 'activate' of hardware 'right_KortexMultiInterfaceHardware'
1756455952.7280352 [ros2_control_node-1] [INFO] [1756455952.727892991] [resource_manager]: 'configure' hardware 'left_KortexMultiInterfaceHardware' 
1756455952.7280545 [ros2_control_node-1] [INFO] [1756455952.727895424] [resource_manager]: Successful 'configure' of hardware 'left_KortexMultiInterfaceHardware'
1756455952.7280738 [ros2_control_node-1] [WARN] [1756455952.727899275] [resource_manager]: (hardware 'left_KortexMultiInterfaceHardware'): 'reset_fault/internal_fault' state interface already in available list. This can happen due to multiple calls to 'configure'
1756455952.7280934 [ros2_control_node-1] [WARN] [1756455952.727907689] [resource_manager]: (hardware 'left_KortexMultiInterfaceHardware'): 'tcp/twist.linear.x' command interface already in available list. This can happen due to multiple calls to 'configure'
1756455952.7281229 [ros2_control_node-1] [WARN] [1756455952.727909422] [resource_manager]: (hardware 'left_KortexMultiInterfaceHardware'): 'tcp/twist.linear.y' command interface already in available list. This can happen due to multiple calls to 'configure'
1756455952.7281458 [ros2_control_node-1] [WARN] [1756455952.727910734] [resource_manager]: (hardware 'left_KortexMultiInterfaceHardware'): 'tcp/twist.linear.z' command interface already in available list. This can happen due to multiple calls to 'configure'
1756455952.7281635 [ros2_control_node-1] [WARN] [1756455952.727912017] [resource_manager]: (hardware 'left_KortexMultiInterfaceHardware'): 'tcp/twist.angular.x' command interface already in available list. This can happen due to multiple calls to 'configure'
1756455952.7281806 [ros2_control_node-1] [WARN] [1756455952.727913371] [resource_manager]: (hardware 'left_KortexMultiInterfaceHardware'): 'tcp/twist.angular.y' command interface already in available list. This can happen due to multiple calls to 'configure'
1756455952.7281988 [ros2_control_node-1] [WARN] [1756455952.727914637] [resource_manager]: (hardware 'left_KortexMultiInterfaceHardware'): 'tcp/twist.angular.z' command interface already in available list. This can happen due to multiple calls to 'configure'
1756455952.7282155 [ros2_control_node-1] [WARN] [1756455952.727915980] [resource_manager]: (hardware 'left_KortexMultiInterfaceHardware'): 'reset_fault/command' command interface already in available list. This can happen due to multiple calls to 'configure'
1756455952.7282324 [ros2_control_node-1] [WARN] [1756455952.727927974] [resource_manager]: (hardware 'left_KortexMultiInterfaceHardware'): 'reset_fault/async_success' command interface already in available list. This can happen due to multiple calls to 'configure'
1756455952.7282493 [ros2_control_node-1] [INFO] [1756455952.727929528] [resource_manager]: 'activate' hardware 'left_KortexMultiInterfaceHardware' 
1756455952.7282643 [ros2_control_node-1] [INFO] [1756455952.727931322] [KortexMultiInterfaceHardware]: Activating KortexMultiInterfaceHardware...
1756455952.7288661 [ros2_control_node-1] [INFO] [1756455952.728783801] [KortexMultiInterfaceHardware]: Gripper initial position is '0.000000'.
1756455952.7294369 [ros2_control_node-1] [INFO] [1756455952.729389890] [KortexMultiInterfaceHardware]: KortexMultiInterfaceHardware successfully activated!
1756455952.7294662 [ros2_control_node-1] [INFO] [1756455952.729400855] [resource_manager]: Successful 'activate' of hardware 'left_KortexMultiInterfaceHardware'
1756455952.7308538 [ros2_control_node-1] [DEBUG] [1756455952.730623814] [KortexMultiInterfaceHardware]: No controller active in LOW_LEVEL_SERVOING mode !
1756455952.7310534 [ros2_control_node-1] [DEBUG] [1756455952.730950669] [KortexMultiInterfaceHardware]: No controller active in LOW_LEVEL_SERVOING mode !
1756455952.7315807 [ros2_control_node-1] [DEBUG] [1756455952.731455459] [KortexMultiInterfaceHardware]: No controller active in LOW_LEVEL_SERVOING mode !
1756455952.7317522 [ros2_control_node-1] [DEBUG] [1756455952.731705089] [KortexMultiInterfaceHardware]: No controller active in LOW_LEVEL_SERVOING mode !
1756455952.7320657 [ros2_control_node-1] [DEBUG] [1756455952.731993509] [KortexMultiInterfaceHardware]: No controller active in LOW_LEVEL_SERVOING mode !
1756455952.7324021 [ros2_control_node-1] [DEBUG] [1756455952.732346402] [KortexMultiInterfaceHardware]: No controller active in LOW_LEVEL_SERVOING mode !
1756455952.7326338 [ros2_control_node-1] [DEBUG] [1756455952.732583499] [KortexMultiInterfaceHardware]: No controller active in LOW_LEVEL_SERVOING mode !
1756455952.7328315 [ros2_control_node-1] [DEBUG] [1756455952.732772033] [KortexMultiInterfaceHardware]: No controller active in LOW_LEVEL_SERVOING mode !
1756455952.7330892 [ros2_control_node-1] [DEBUG] [1756455952.733042633] [KortexMultiInterfaceHardware]: No controller active in LOW_LEVEL_SERVOING mode !
1756455952.7332935 [ros2_control_node-1] [DEBUG] [1756455952.733242281] [KortexMultiInterfaceHardware]: No controller active in LOW_LEVEL_SERVOING mode !
1756455952.7335377 [ros2_control_node-1] [DEBUG] [1756455952.733492659] [KortexMultiInterfaceHardware]: No controller active in LOW_LEVEL_SERVOING mode !
1756455952.7338810 [ros2_control_node-1] [DEBUG] [1756455952.733828841] [KortexMultiInterfaceHardware]: No controller active in LOW_LEVEL_SERVOING mode !
1756455952.7341368 [ros2_control_node-1] [DEBUG] [1756455952.734093373] [KortexMultiInterfaceHardware]: No controller active in LOW_LEVEL_SERVOING mode !
1756455952.7344739 [ros2_control_node-1] [DEBUG] [1756455952.734310383] [KortexMultiInterfaceHardware]: No controller active in LOW_LEVEL_SERVOING mode !
1756455952.7346051 [ros2_control_node-1] [DEBUG] [1756455952.734568268] [KortexMultiInterfaceHardware]: No controller active in LOW_LEVEL_SERVOING mode !
1756455952.7348664 [ros2_control_node-1] [DEBUG] [1756455952.734770521] [KortexMultiInterfaceHardware]: No controller active in LOW_LEVEL_SERVOING mode !
1756455952.7351136 [ros2_control_node-1] [DEBUG] [1756455952.735068863] [KortexMultiInterfaceHardware]: No controller active in LOW_LEVEL_SERVOING mode !
1756455952.7352991 [ros2_control_node-1] [DEBUG] [1756455952.735254977] [KortexMultiInterfaceHardware]: No controller active in LOW_LEVEL_SERVOING mode !
1756455952.7356200 [ros2_control_node-1] [DEBUG] [1756455952.735473377] [KortexMultiInterfaceHardware]: No controller active in LOW_LEVEL_SERVOING mode !
1756455952.7357333 [ros2_control_node-1] [DEBUG] [1756455952.735695354] [KortexMultiInterfaceHardware]: No controller active in LOW_LEVEL_SERVOING mode !
1756455952.7359595 [ros2_control_node-1] [DEBUG] [1756455952.735917167] [KortexMultiInterfaceHardware]: No controller active in LOW_LEVEL_SERVOING mode !
1756455952.7362823 [ros2_control_node-1] [DEBUG] [1756455952.736204696] [KortexMultiInterfaceHardware]: No controller active in LOW_LEVEL_SERVOING mode !
1756455952.7365115 [ros2_control_node-1] [DEBUG] [1756455952.736474153] [KortexMultiInterfaceHardware]: No controller active in LOW_LEVEL_SERVOING mode !
1756455952.7367649 [ros2_control_node-1] [DEBUG] [1756455952.736724769] [KortexMultiInterfaceHardware]: No controller active in LOW_LEVEL_SERVOING mode !
1756455952.7370219 [ros2_control_node-1] [DEBUG] [1756455952.736974602] [KortexMultiInterfaceHardware]: No controller active in LOW_LEVEL_SERVOING mode !
1756455952.7372646 [ros2_control_node-1] [DEBUG] [1756455952.737217533] [KortexMultiInterfaceHardware]: No controller active in LOW_LEVEL_SERVOING mode !
1756455952.7375348 [ros2_control_node-1] [DEBUG] [1756455952.737493844] [KortexMultiInterfaceHardware]: No controller active in LOW_LEVEL_SERVOING mode !
1756455952.7378092 [ros2_control_node-1] [DEBUG] [1756455952.737764567] [KortexMultiInterfaceHardware]: No controller active in LOW_LEVEL_SERVOING mode !
1756455952.7380934 [ros2_control_node-1] [DEBUG] [1756455952.738047938] [KortexMultiInterfaceHardware]: No controller active in LOW_LEVEL_SERVOING mode !
1756455952.7382886 [ros2_control_node-1] [DEBUG] [1756455952.738242606] [KortexMultiInterfaceHardware]: No controller active in LOW_LEVEL_SERVOING mode !
1756455952.7385137 [ros2_control_node-1] [DEBUG] [1756455952.738474404] [KortexMultiInterfaceHardware]: No controller active in LOW_LEVEL_SERVOING mode !
1756455952.7388048 [ros2_control_node-1] [DEBUG] [1756455952.738741452] [KortexMultiInterfaceHardware]: No controller active in LOW_LEVEL_SERVOING mode !
1756455952.7390761 [ros2_control_node-1] [DEBUG] [1756455952.739026618] [KortexMultiInterfaceHardware]: No controller active in LOW_LEVEL_SERVOING mode !
1756455952.7392979 [ros2_control_node-1] [DEBUG] [1756455952.739256377] [KortexMultiInterfaceHardware]: No controller active in LOW_LEVEL_SERVOING mode !
1756455952.7395530 [ros2_control_node-1] [DEBUG] [1756455952.739513818] [KortexMultiInterfaceHardware]: No controller active in LOW_LEVEL_SERVOING mode !
1756455952.7397599 [ros2_control_node-1] [DEBUG] [1756455952.739721990] [KortexMultiInterfaceHardware]: No controller active in LOW_LEVEL_SERVOING mode !
1756455952.7400241 [ros2_control_node-1] [DEBUG] [1756455952.739977445] [KortexMultiInterfaceHardware]: No controller active in LOW_LEVEL_SERVOING mode !
1756455952.7402878 [ros2_control_node-1] [DEBUG] [1756455952.740243151] [KortexMultiInterfaceHardware]: No controller active in LOW_LEVEL_SERVOING mode !
1756455952.7405145 [ros2_control_node-1] [DEBUG] [1756455952.740470210] [KortexMultiInterfaceHardware]: No controller active in LOW_LEVEL_SERVOING mode !
1756455952.7407763 [ros2_control_node-1] [DEBUG] [1756455952.740733827] [KortexMultiInterfaceHardware]: No controller active in LOW_LEVEL_SERVOING mode !
1756455952.7410700 [ros2_control_node-1] [DEBUG] [1756455952.741023779] [KortexMultiInterfaceHardware]: No controller active in LOW_LEVEL_SERVOING mode !
1756455952.7412994 [ros2_control_node-1] [DEBUG] [1756455952.741260108] [KortexMultiInterfaceHardware]: No controller active in LOW_LEVEL_SERVOING mode !
1756455952.7415407 [ros2_control_node-1] [DEBUG] [1756455952.741502977] [KortexMultiInterfaceHardware]: No controller active in LOW_LEVEL_SERVOING mode !
1756455952.7417779 [ros2_control_node-1] [DEBUG] [1756455952.741739044] [KortexMultiInterfaceHardware]: No controller active in LOW_LEVEL_SERVOING mode !
1756455952.7420714 [ros2_control_node-1] [DEBUG] [1756455952.741990552] [KortexMultiInterfaceHardware]: No controller active in LOW_LEVEL_SERVOING mode !
1756455952.7425413 [ros2_control_node-1] [DEBUG] [1756455952.742447286] [KortexMultiInterfaceHardware]: No controller active in LOW_LEVEL_SERVOING mode !
1756455952.7428026 [ros2_control_node-1] [DEBUG] [1756455952.742660637] [KortexMultiInterfaceHardware]: No controller active in LOW_LEVEL_SERVOING mode !
1756455952.7429039 [ros2_control_node-1] [DEBUG] [1756455952.742857195] [KortexMultiInterfaceHardware]: No controller active in LOW_LEVEL_SERVOING mode !
1756455952.7431419 [ros2_control_node-1] [DEBUG] [1756455952.743095572] [KortexMultiInterfaceHardware]: No controller active in LOW_LEVEL_SERVOING mode !
1756455952.7434824 [ros2_control_node-1] [DEBUG] [1756455952.743320253] [KortexMultiInterfaceHardware]: No controller active in LOW_LEVEL_SERVOING mode !
1756455952.7435772 [ros2_control_node-1] [DEBUG] [1756455952.743536126] [KortexMultiInterfaceHardware]: No controller active in LOW_LEVEL_SERVOING mode !
1756455952.7438004 [ros2_control_node-1] [DEBUG] [1756455952.743759194] [KortexMultiInterfaceHardware]: No controller active in LOW_LEVEL_SERVOING mode !
1756455952.7441392 [ros2_control_node-1] [DEBUG] [1756455952.744042269] [KortexMultiInterfaceHardware]: No controller active in LOW_LEVEL_SERVOING mode !
1756455952.7442868 [ros2_control_node-1] [DEBUG] [1756455952.744241961] [KortexMultiInterfaceHardware]: No controller active in LOW_LEVEL_SERVOING mode !
1756455952.7445209 [ros2_control_node-1] [DEBUG] [1756455952.744481375] [KortexMultiInterfaceHardware]: No controller active in LOW_LEVEL_SERVOING mode !
1756455952.7448537 [ros2_control_node-1] [DEBUG] [1756455952.744717467] [KortexMultiInterfaceHardware]: No controller active in LOW_LEVEL_SERVOING mode !
1756455952.7449913 [ros2_control_node-1] [DEBUG] [1756455952.744953887] [KortexMultiInterfaceHardware]: No controller active in LOW_LEVEL_SERVOING mode !
1756455952.7453046 [ros2_control_node-1] [DEBUG] [1756455952.745261495] [KortexMultiInterfaceHardware]: No controller active in LOW_LEVEL_SERVOING mode !
1756455952.7456112 [ros2_control_node-1] [DEBUG] [1756455952.745514255] [KortexMultiInterfaceHardware]: No controller active in LOW_LEVEL_SERVOING mode !
1756455952.7458107 [ros2_control_node-1] [DEBUG] [1756455952.745744349] [KortexMultiInterfaceHardware]: No controller active in LOW_LEVEL_SERVOING mode !
1756455952.7460647 [ros2_control_node-1] [DEBUG] [1756455952.746018683] [KortexMultiInterfaceHardware]: No controller active in LOW_LEVEL_SERVOING mode !
1756455952.7463880 [ros2_control_node-1] [DEBUG] [1756455952.746254734] [KortexMultiInterfaceHardware]: No controller active in LOW_LEVEL_SERVOING mode !
1756455952.7465103 [ros2_control_node-1] [DEBUG] [1756455952.746473425] [KortexMultiInterfaceHardware]: No controller active in LOW_LEVEL_SERVOING mode !
1756455952.7467256 [ros2_control_node-1] [DEBUG] [1756455952.746686760] [KortexMultiInterfaceHardware]: No controller active in LOW_LEVEL_SERVOING mode !
1756455952.7469468 [ros2_control_node-1] [DEBUG] [1756455952.746911459] [KortexMultiInterfaceHardware]: No controller active in LOW_LEVEL_SERVOING mode !
1756455952.7472038 [ros2_control_node-1] [DEBUG] [1756455952.747166458] [KortexMultiInterfaceHardware]: No controller active in LOW_LEVEL_SERVOING mode !
1756455952.7475197 [ros2_control_node-1] [DEBUG] [1756455952.747481115] [KortexMultiInterfaceHardware]: No controller active in LOW_LEVEL_SERVOING mode !
1756455952.7477486 [ros2_control_node-1] [DEBUG] [1756455952.747712642] [KortexMultiInterfaceHardware]: No controller active in LOW_LEVEL_SERVOING mode !
1756455952.7480159 [ros2_control_node-1] [DEBUG] [1756455952.747975789] [KortexMultiInterfaceHardware]: No controller active in LOW_LEVEL_SERVOING mode !
1756455952.7483096 [ros2_control_node-1] [DEBUG] [1756455952.748265612] [KortexMultiInterfaceHardware]: No controller active in LOW_LEVEL_SERVOING mode !
1756455952.7485487 [ros2_control_node-1] [DEBUG] [1756455952.748511095] [KortexMultiInterfaceHardware]: No controller active in LOW_LEVEL_SERVOING mode !
1756455952.7487772 [ros2_control_node-1] [DEBUG] [1756455952.748740547] [KortexMultiInterfaceHardware]: No controller active in LOW_LEVEL_SERVOING mode !
1756455952.7490170 [ros2_control_node-1] [DEBUG] [1756455952.748976961] [KortexMultiInterfaceHardware]: No controller active in LOW_LEVEL_SERVOING mode !
1756455952.7493348 [ros2_control_node-1] [DEBUG] [1756455952.749291932] [KortexMultiInterfaceHardware]: No controller active in LOW_LEVEL_SERVOING mode !
1756455952.7495735 [ros2_control_node-1] [DEBUG] [1756455952.749535855] [KortexMultiInterfaceHardware]: No controller active in LOW_LEVEL_SERVOING mode !
1756455952.7497473 [ros2_control_node-1] [DEBUG] [1756455952.749710696] [KortexMultiInterfaceHardware]: No controller active in LOW_LEVEL_SERVOING mode !
1756455952.7499986 [ros2_control_node-1] [DEBUG] [1756455952.749958448] [KortexMultiInterfaceHardware]: No controller active in LOW_LEVEL_SERVOING mode !
1756455952.7502868 [ros2_control_node-1] [DEBUG] [1756455952.750243449] [KortexMultiInterfaceHardware]: No controller active in LOW_LEVEL_SERVOING mode !
1756455952.7505264 [ros2_control_node-1] [DEBUG] [1756455952.750488074] [KortexMultiInterfaceHardware]: No controller active in LOW_LEVEL_SERVOING mode !
1756455952.7507370 [ros2_control_node-1] [DEBUG] [1756455952.750699790] [KortexMultiInterfaceHardware]: No controller active in LOW_LEVEL_SERVOING mode !
1756455952.7510564 [ros2_control_node-1] [DEBUG] [1756455952.750924495] [KortexMultiInterfaceHardware]: No controller active in LOW_LEVEL_SERVOING mode !
1756455952.7512500 [ros2_control_node-1] [DEBUG] [1756455952.751210412] [KortexMultiInterfaceHardware]: No controller active in LOW_LEVEL_SERVOING mode !
1756455952.7515302 [ros2_control_node-1] [DEBUG] [1756455952.751490827] [KortexMultiInterfaceHardware]: No controller active in LOW_LEVEL_SERVOING mode !
1756455952.7518544 [ros2_control_node-1] [DEBUG] [1756455952.751819404] [KortexMultiInterfaceHardware]: No controller active in LOW_LEVEL_SERVOING mode !
1756455952.7521174 [ros2_control_node-1] [DEBUG] [1756455952.752076506] [KortexMultiInterfaceHardware]: No controller active in LOW_LEVEL_SERVOING mode !
1756455952.7524550 [ros2_control_node-1] [DEBUG] [1756455952.752416025] [KortexMultiInterfaceHardware]: No controller active in LOW_LEVEL_SERVOING mode !
1756455952.7526693 [ros2_control_node-1] [DEBUG] [1756455952.752634148] [KortexMultiInterfaceHardware]: No controller active in LOW_LEVEL_SERVOING mode !
1756455952.7528946 [ros2_control_node-1] [DEBUG] [1756455952.752858460] [KortexMultiInterfaceHardware]: No controller active in LOW_LEVEL_SERVOING mode !
1756455952.7531073 [ros2_control_node-1] [DEBUG] [1756455952.753069842] [KortexMultiInterfaceHardware]: No controller active in LOW_LEVEL_SERVOING mode !
1756455952.7534857 [ros2_control_node-1] [DEBUG] [1756455952.753320007] [KortexMultiInterfaceHardware]: No controller active in LOW_LEVEL_SERVOING mode !
1756455952.7535810 [ros2_control_node-1] [DEBUG] [1756455952.753543131] [KortexMultiInterfaceHardware]: No controller active in LOW_LEVEL_SERVOING mode !
1756455952.7537727 [ros2_control_node-1] [DEBUG] [1756455952.753736214] [KortexMultiInterfaceHardware]: No controller active in LOW_LEVEL_SERVOING mode !
1756455952.7540445 [ros2_control_node-1] [DEBUG] [1756455952.754003772] [KortexMultiInterfaceHardware]: No controller active in LOW_LEVEL_SERVOING mode !
1756455952.7547758 [ros2_control_node-1] [DEBUG] [1756455952.754620742] [KortexMultiInterfaceHardware]: No controller active in LOW_LEVEL_SERVOING mode !
1756455952.7550180 [ros2_control_node-1] [DEBUG] [1756455952.754900554] [KortexMultiInterfaceHardware]: No controller active in LOW_LEVEL_SERVOING mode !
1756455952.7552636 [ros2_control_node-1] [DEBUG] [1756455952.755199400] [KortexMultiInterfaceHardware]: No controller active in LOW_LEVEL_SERVOING mode !
1756455952.7555351 [ros2_control_node-1] [DEBUG] [1756455952.755485642] [KortexMultiInterfaceHardware]: No controller active in LOW_LEVEL_SERVOING mode !
1756455952.7557707 [ros2_control_node-1] [DEBUG] [1756455952.755726127] [KortexMultiInterfaceHardware]: No controller active in LOW_LEVEL_SERVOING mode !
1756455952.7560618 [ros2_control_node-1] [DEBUG] [1756455952.756017592] [KortexMultiInterfaceHardware]: No controller active in LOW_LEVEL_SERVOING mode !
1756455952.7562912 [ros2_control_node-1] [DEBUG] [1756455952.756250745] [KortexMultiInterfaceHardware]: No controller active in LOW_LEVEL_SERVOING mode !
1756455952.7565296 [ros2_control_node-1] [DEBUG] [1756455952.756492513] [KortexMultiInterfaceHardware]: No controller active in LOW_LEVEL_SERVOING mode !
1756455952.7568839 [ros2_control_node-1] [DEBUG] [1756455952.756844617] [KortexMultiInterfaceHardware]: No controller active in LOW_LEVEL_SERVOING mode !
1756455952.7571561 [ros2_control_node-1] [DEBUG] [1756455952.757115607] [KortexMultiInterfaceHardware]: No controller active in LOW_LEVEL_SERVOING mode !
1756455952.7573340 [ros2_control_node-1] [DEBUG] [1756455952.757299565] [KortexMultiInterfaceHardware]: No controller active in LOW_LEVEL_SERVOING mode !
1756455952.7575779 [ros2_control_node-1] [DEBUG] [1756455952.757544226] [KortexMultiInterfaceHardware]: No controller active in LOW_LEVEL_SERVOING mode !
1756455952.7577598 [ros2_control_node-1] [DEBUG] [1756455952.757724694] [KortexMultiInterfaceHardware]: No controller active in LOW_LEVEL_SERVOING mode !
1756455952.7580128 [ros2_control_node-1] [DEBUG] [1756455952.757972611] [KortexMultiInterfaceHardware]: No controller active in LOW_LEVEL_SERVOING mode !
1756455952.7582698 [ros2_control_node-1] [DEBUG] [1756455952.758227449] [KortexMultiInterfaceHardware]: No controller active in LOW_LEVEL_SERVOING mode !
1756455952.7585061 [ros2_control_node-1] [DEBUG] [1756455952.758469058] [KortexMultiInterfaceHardware]: No controller active in LOW_LEVEL_SERVOING mode !
1756455952.7587438 [ros2_control_node-1] [DEBUG] [1756455952.758704444] [KortexMultiInterfaceHardware]: No controller active in LOW_LEVEL_SERVOING mode !
1756455952.7589960 [ros2_control_node-1] [DEBUG] [1756455952.758958405] [KortexMultiInterfaceHardware]: No controller active in LOW_LEVEL_SERVOING mode !
1756455952.7592697 [ros2_control_node-1] [DEBUG] [1756455952.759228032] [KortexMultiInterfaceHardware]: No controller active in LOW_LEVEL_SERVOING mode !
1756455952.7595415 [ros2_control_node-1] [DEBUG] [1756455952.759500629] [KortexMultiInterfaceHardware]: No controller active in LOW_LEVEL_SERVOING mode !
1756455952.7597976 [ros2_control_node-1] [DEBUG] [1756455952.759762366] [KortexMultiInterfaceHardware]: No controller active in LOW_LEVEL_SERVOING mode !
1756455952.7600832 [ros2_control_node-1] [DEBUG] [1756455952.760040682] [KortexMultiInterfaceHardware]: No controller active in LOW_LEVEL_SERVOING mode !
1756455952.7602701 [ros2_control_node-1] [DEBUG] [1756455952.760229482] [KortexMultiInterfaceHardware]: No controller active in LOW_LEVEL_SERVOING mode !
1756455952.7605436 [ros2_control_node-1] [DEBUG] [1756455952.760499974] [KortexMultiInterfaceHardware]: No controller active in LOW_LEVEL_SERVOING mode !
1756455952.7607508 [ros2_control_node-1] [DEBUG] [1756455952.760712374] [KortexMultiInterfaceHardware]: No controller active in LOW_LEVEL_SERVOING mode !
1756455952.7609868 [ros2_control_node-1] [DEBUG] [1756455952.760945896] [KortexMultiInterfaceHardware]: No controller active in LOW_LEVEL_SERVOING mode !
1756455952.7613144 [ros2_control_node-1] [DEBUG] [1756455952.761274040] [KortexMultiInterfaceHardware]: No controller active in LOW_LEVEL_SERVOING mode !
1756455952.7615461 [ros2_control_node-1] [DEBUG] [1756455952.761509653] [KortexMultiInterfaceHardware]: No controller active in LOW_LEVEL_SERVOING mode !
1756455952.7617657 [ros2_control_node-1] [DEBUG] [1756455952.761728309] [KortexMultiInterfaceHardware]: No controller active in LOW_LEVEL_SERVOING mode !
1756455952.7620053 [ros2_control_node-1] [DEBUG] [1756455952.761965763] [KortexMultiInterfaceHardware]: No controller active in LOW_LEVEL_SERVOING mode !
1756455952.7622974 [ros2_control_node-1] [DEBUG] [1756455952.762255963] [KortexMultiInterfaceHardware]: No controller active in LOW_LEVEL_SERVOING mode !
1756455952.7625723 [ros2_control_node-1] [DEBUG] [1756455952.762534157] [KortexMultiInterfaceHardware]: No controller active in LOW_LEVEL_SERVOING mode !
1756455952.7627554 [ros2_control_node-1] [DEBUG] [1756455952.762719316] [KortexMultiInterfaceHardware]: No controller active in LOW_LEVEL_SERVOING mode !
1756455952.7630138 [ros2_control_node-1] [DEBUG] [1756455952.762975861] [KortexMultiInterfaceHardware]: No controller active in LOW_LEVEL_SERVOING mode !
1756455952.7632883 [ros2_control_node-1] [DEBUG] [1756455952.763251826] [KortexMultiInterfaceHardware]: No controller active in LOW_LEVEL_SERVOING mode !
1756455952.7635059 [ros2_control_node-1] [DEBUG] [1756455952.763467026] [KortexMultiInterfaceHardware]: No controller active in LOW_LEVEL_SERVOING mode !
1756455952.7637348 [ros2_control_node-1] [DEBUG] [1756455952.763697944] [KortexMultiInterfaceHardware]: No controller active in LOW_LEVEL_SERVOING mode !
1756455952.7639637 [ros2_control_node-1] [DEBUG] [1756455952.763925832] [KortexMultiInterfaceHardware]: No controller active in LOW_LEVEL_SERVOING mode !
1756455952.7642152 [ros2_control_node-1] [DEBUG] [1756455952.764176285] [KortexMultiInterfaceHardware]: No controller active in LOW_LEVEL_SERVOING mode !
1756455952.7645190 [ros2_control_node-1] [DEBUG] [1756455952.764479109] [KortexMultiInterfaceHardware]: No controller active in LOW_LEVEL_SERVOING mode !
1756455952.7647748 [ros2_control_node-1] [DEBUG] [1756455952.764741049] [KortexMultiInterfaceHardware]: No controller active in LOW_LEVEL_SERVOING mode !
1756455952.7650468 [ros2_control_node-1] [DEBUG] [1756455952.765006576] [KortexMultiInterfaceHardware]: No controller active in LOW_LEVEL_SERVOING mode !
1756455952.7652943 [ros2_control_node-1] [DEBUG] [1756455952.765255211] [KortexMultiInterfaceHardware]: No controller active in LOW_LEVEL_SERVOING mode !
1756455952.7655406 [ros2_control_node-1] [DEBUG] [1756455952.765496803] [KortexMultiInterfaceHardware]: No controller active in LOW_LEVEL_SERVOING mode !
1756455952.7657351 [ros2_control_node-1] [DEBUG] [1756455952.765698320] [KortexMultiInterfaceHardware]: No controller active in LOW_LEVEL_SERVOING mode !
1756455952.7659676 [ros2_control_node-1] [DEBUG] [1756455952.765930305] [KortexMultiInterfaceHardware]: No controller active in LOW_LEVEL_SERVOING mode !
1756455952.7662508 [ros2_control_node-1] [DEBUG] [1756455952.766206970] [KortexMultiInterfaceHardware]: No controller active in LOW_LEVEL_SERVOING mode !
1756455952.7665262 [ros2_control_node-1] [DEBUG] [1756455952.766490915] [KortexMultiInterfaceHardware]: No controller active in LOW_LEVEL_SERVOING mode !
1756455952.7667778 [ros2_control_node-1] [DEBUG] [1756455952.766738965] [KortexMultiInterfaceHardware]: No controller active in LOW_LEVEL_SERVOING mode !
1756455952.7670305 [ros2_control_node-1] [DEBUG] [1756455952.766990952] [KortexMultiInterfaceHardware]: No controller active in LOW_LEVEL_SERVOING mode !
1756455952.7673104 [ros2_control_node-1] [DEBUG] [1756455952.767272850] [KortexMultiInterfaceHardware]: No controller active in LOW_LEVEL_SERVOING mode !
1756455952.7675579 [ros2_control_node-1] [DEBUG] [1756455952.767520505] [KortexMultiInterfaceHardware]: No controller active in LOW_LEVEL_SERVOING mode !
1756455952.7677698 [ros2_control_node-1] [DEBUG] [1756455952.767729382] [KortexMultiInterfaceHardware]: No controller active in LOW_LEVEL_SERVOING mode !
1756455952.7680376 [ros2_control_node-1] [DEBUG] [1756455952.768000495] [KortexMultiInterfaceHardware]: No controller active in LOW_LEVEL_SERVOING mode !
1756455952.7683234 [ros2_control_node-1] [DEBUG] [1756455952.768286442] [KortexMultiInterfaceHardware]: No controller active in LOW_LEVEL_SERVOING mode !
1756455952.7685361 [ros2_control_node-1] [DEBUG] [1756455952.768499165] [KortexMultiInterfaceHardware]: No controller active in LOW_LEVEL_SERVOING mode !
1756455952.7687702 [ros2_control_node-1] [DEBUG] [1756455952.768732441] [KortexMultiInterfaceHardware]: No controller active in LOW_LEVEL_SERVOING mode !
1756455952.7690077 [ros2_control_node-1] [DEBUG] [1756455952.768970195] [KortexMultiInterfaceHardware]: No controller active in LOW_LEVEL_SERVOING mode !
1756455952.7692821 [ros2_control_node-1] [DEBUG] [1756455952.769245600] [KortexMultiInterfaceHardware]: No controller active in LOW_LEVEL_SERVOING mode !
1756455952.7695184 [ros2_control_node-1] [DEBUG] [1756455952.769481877] [KortexMultiInterfaceHardware]: No controller active in LOW_LEVEL_SERVOING mode !
1756455952.7697482 [ros2_control_node-1] [DEBUG] [1756455952.769712917] [KortexMultiInterfaceHardware]: No controller active in LOW_LEVEL_SERVOING mode !
1756455952.7700021 [ros2_control_node-1] [DEBUG] [1756455952.769955981] [KortexMultiInterfaceHardware]: No controller active in LOW_LEVEL_SERVOING mode !
1756455952.7702308 [ros2_control_node-1] [DEBUG] [1756455952.770193538] [KortexMultiInterfaceHardware]: No controller active in LOW_LEVEL_SERVOING mode !
1756455952.7705071 [ros2_control_node-1] [DEBUG] [1756455952.770472187] [KortexMultiInterfaceHardware]: No controller active in LOW_LEVEL_SERVOING mode !
1756455952.7707493 [ros2_control_node-1] [DEBUG] [1756455952.770709245] [KortexMultiInterfaceHardware]: No controller active in LOW_LEVEL_SERVOING mode !
1756455952.7710147 [ros2_control_node-1] [DEBUG] [1756455952.770974418] [KortexMultiInterfaceHardware]: No controller active in LOW_LEVEL_SERVOING mode !
1756455952.7712934 [ros2_control_node-1] [DEBUG] [1756455952.771255708] [KortexMultiInterfaceHardware]: No controller active in LOW_LEVEL_SERVOING mode !
1756455952.7715282 [ros2_control_node-1] [DEBUG] [1756455952.771494562] [KortexMultiInterfaceHardware]: No controller active in LOW_LEVEL_SERVOING mode !
1756455952.7717600 [ros2_control_node-1] [DEBUG] [1756455952.771725619] [KortexMultiInterfaceHardware]: No controller active in LOW_LEVEL_SERVOING mode !
1756455952.7720001 [ros2_control_node-1] [DEBUG] [1756455952.771932442] [KortexMultiInterfaceHardware]: No controller active in LOW_LEVEL_SERVOING mode !
1756455952.7723007 [ros2_control_node-1] [DEBUG] [1756455952.772217464] [KortexMultiInterfaceHardware]: No controller active in LOW_LEVEL_SERVOING mode !
1756455952.7726386 [ros2_control_node-1] [DEBUG] [1756455952.772583380] [KortexMultiInterfaceHardware]: No controller active in LOW_LEVEL_SERVOING mode !
1756455952.7728436 [ros2_control_node-1] [DEBUG] [1756455952.772803141] [KortexMultiInterfaceHardware]: No controller active in LOW_LEVEL_SERVOING mode !
1756455952.7733581 [ros2_control_node-1] [DEBUG] [1756455952.773312815] [KortexMultiInterfaceHardware]: No controller active in LOW_LEVEL_SERVOING mode !
1756455952.7736783 [ros2_control_node-1] [DEBUG] [1756455952.773637367] [KortexMultiInterfaceHardware]: No controller active in LOW_LEVEL_SERVOING mode !
1756455952.7740686 [ros2_control_node-1] [DEBUG] [1756455952.774023511] [KortexMultiInterfaceHardware]: No controller active in LOW_LEVEL_SERVOING mode !
1756455952.7742929 [ros2_control_node-1] [DEBUG] [1756455952.774251068] [KortexMultiInterfaceHardware]: No controller active in LOW_LEVEL_SERVOING mode !
1756455952.7745185 [ros2_control_node-1] [DEBUG] [1756455952.774479946] [KortexMultiInterfaceHardware]: No controller active in LOW_LEVEL_SERVOING mode !
1756455952.7747581 [ros2_control_node-1] [DEBUG] [1756455952.774721739] [KortexMultiInterfaceHardware]: No controller active in LOW_LEVEL_SERVOING mode !
1756455952.7750406 [ros2_control_node-1] [DEBUG] [1756455952.774994563] [KortexMultiInterfaceHardware]: No controller active in LOW_LEVEL_SERVOING mode !
1756455952.7752793 [ros2_control_node-1] [DEBUG] [1756455952.775241847] [KortexMultiInterfaceHardware]: No controller active in LOW_LEVEL_SERVOING mode !
1756455952.7755096 [ros2_control_node-1] [DEBUG] [1756455952.775474766] [KortexMultiInterfaceHardware]: No controller active in LOW_LEVEL_SERVOING mode !
1756455952.7757406 [ros2_control_node-1] [DEBUG] [1756455952.775704126] [KortexMultiInterfaceHardware]: No controller active in LOW_LEVEL_SERVOING mode !
1756455952.7759802 [ros2_control_node-1] [DEBUG] [1756455952.775940704] [KortexMultiInterfaceHardware]: No controller active in LOW_LEVEL_SERVOING mode !
1756455952.7762845 [ros2_control_node-1] [DEBUG] [1756455952.776247974] [KortexMultiInterfaceHardware]: No controller active in LOW_LEVEL_SERVOING mode !
1756455952.7765427 [ros2_control_node-1] [DEBUG] [1756455952.776501779] [KortexMultiInterfaceHardware]: No controller active in LOW_LEVEL_SERVOING mode !
1756455952.7768872 [ros2_control_node-1] [DEBUG] [1756455952.776849954] [KortexMultiInterfaceHardware]: No controller active in LOW_LEVEL_SERVOING mode !
1756455952.7771719 [ros2_control_node-1] [DEBUG] [1756455952.777129763] [KortexMultiInterfaceHardware]: No controller active in LOW_LEVEL_SERVOING mode !
1756455952.7774072 [ros2_control_node-1] [DEBUG] [1756455952.777369131] [KortexMultiInterfaceHardware]: No controller active in LOW_LEVEL_SERVOING mode !
1756455952.7776070 [ros2_control_node-1] [DEBUG] [1756455952.777571721] [KortexMultiInterfaceHardware]: No controller active in LOW_LEVEL_SERVOING mode !
1756455952.7778649 [ros2_control_node-1] [DEBUG] [1756455952.777827804] [KortexMultiInterfaceHardware]: No controller active in LOW_LEVEL_SERVOING mode !
1756455952.7781293 [ros2_control_node-1] [DEBUG] [1756455952.778093480] [KortexMultiInterfaceHardware]: No controller active in LOW_LEVEL_SERVOING mode !
1756455952.7783422 [ros2_control_node-1] [DEBUG] [1756455952.778307600] [KortexMultiInterfaceHardware]: No controller active in LOW_LEVEL_SERVOING mode !
1756455952.7785757 [ros2_control_node-1] [DEBUG] [1756455952.778541809] [KortexMultiInterfaceHardware]: No controller active in LOW_LEVEL_SERVOING mode !
1756455952.7787848 [ros2_control_node-1] [DEBUG] [1756455952.778746828] [KortexMultiInterfaceHardware]: No controller active in LOW_LEVEL_SERVOING mode !
1756455952.7790616 [ros2_control_node-1] [DEBUG] [1756455952.779027158] [KortexMultiInterfaceHardware]: No controller active in LOW_LEVEL_SERVOING mode !
1756455952.7793159 [ros2_control_node-1] [DEBUG] [1756455952.779279779] [KortexMultiInterfaceHardware]: No controller active in LOW_LEVEL_SERVOING mode !
1756455952.7795749 [ros2_control_node-1] [DEBUG] [1756455952.779539636] [KortexMultiInterfaceHardware]: No controller active in LOW_LEVEL_SERVOING mode !
1756455952.7797680 [ros2_control_node-1] [DEBUG] [1756455952.779731558] [KortexMultiInterfaceHardware]: No controller active in LOW_LEVEL_SERVOING mode !
1756455952.7800262 [ros2_control_node-1] [DEBUG] [1756455952.779990795] [KortexMultiInterfaceHardware]: No controller active in LOW_LEVEL_SERVOING mode !
1756455952.7806618 [ros2_control_node-1] [DEBUG] [1756455952.780573751] [KortexMultiInterfaceHardware]: No controller active in LOW_LEVEL_SERVOING mode !
1756455952.7808464 [ros2_control_node-1] [DEBUG] [1756455952.780813804] [KortexMultiInterfaceHardware]: No controller active in LOW_LEVEL_SERVOING mode !
1756455952.7811105 [ros2_control_node-1] [DEBUG] [1756455952.781074802] [KortexMultiInterfaceHardware]: No controller active in LOW_LEVEL_SERVOING mode !
1756455952.7815676 [ros2_control_node-1] [DEBUG] [1756455952.781527841] [KortexMultiInterfaceHardware]: No controller active in LOW_LEVEL_SERVOING mode !
1756455952.7818165 [ros2_control_node-1] [DEBUG] [1756455952.781781930] [KortexMultiInterfaceHardware]: No controller active in LOW_LEVEL_SERVOING mode !
1756455952.7821021 [ros2_control_node-1] [DEBUG] [1756455952.782065195] [KortexMultiInterfaceHardware]: No controller active in LOW_LEVEL_SERVOING mode !
1756455952.7825685 [ros2_control_node-1] [DEBUG] [1756455952.782488338] [KortexMultiInterfaceHardware]: No controller active in LOW_LEVEL_SERVOING mode !
1756455952.7827375 [ros2_control_node-1] [DEBUG] [1756455952.782702369] [KortexMultiInterfaceHardware]: No controller active in LOW_LEVEL_SERVOING mode !
1756455952.7829666 [ros2_control_node-1] [DEBUG] [1756455952.782927522] [KortexMultiInterfaceHardware]: No controller active in LOW_LEVEL_SERVOING mode !
1756455952.7834883 [ros2_control_node-1] [DEBUG] [1756455952.783411572] [KortexMultiInterfaceHardware]: No controller active in LOW_LEVEL_SERVOING mode !
1756455952.7837312 [ros2_control_node-1] [DEBUG] [1756455952.783689478] [KortexMultiInterfaceHardware]: No controller active in LOW_LEVEL_SERVOING mode !
1756455952.7839816 [ros2_control_node-1] [DEBUG] [1756455952.783943818] [KortexMultiInterfaceHardware]: No controller active in LOW_LEVEL_SERVOING mode !
1756455952.7842467 [ros2_control_node-1] [DEBUG] [1756455952.784208801] [KortexMultiInterfaceHardware]: No controller active in LOW_LEVEL_SERVOING mode !
1756455952.7845292 [ros2_control_node-1] [DEBUG] [1756455952.784492369] [KortexMultiInterfaceHardware]: No controller active in LOW_LEVEL_SERVOING mode !
1756455952.7847629 [ros2_control_node-1] [DEBUG] [1756455952.784723726] [KortexMultiInterfaceHardware]: No controller active in LOW_LEVEL_SERVOING mode !
1756455952.7850344 [ros2_control_node-1] [DEBUG] [1756455952.784993512] [KortexMultiInterfaceHardware]: No controller active in LOW_LEVEL_SERVOING mode !
1756455952.7852969 [ros2_control_node-1] [DEBUG] [1756455952.785260363] [KortexMultiInterfaceHardware]: No controller active in LOW_LEVEL_SERVOING mode !
1756455952.7855506 [ros2_control_node-1] [DEBUG] [1756455952.785506156] [KortexMultiInterfaceHardware]: No controller active in LOW_LEVEL_SERVOING mode !
1756455952.7858031 [ros2_control_node-1] [DEBUG] [1756455952.785766987] [KortexMultiInterfaceHardware]: No controller active in LOW_LEVEL_SERVOING mode !
1756455952.7860448 [ros2_control_node-1] [DEBUG] [1756455952.786006202] [KortexMultiInterfaceHardware]: No controller active in LOW_LEVEL_SERVOING mode !
1756455952.7862897 [ros2_control_node-1] [DEBUG] [1756455952.786250738] [KortexMultiInterfaceHardware]: No controller active in LOW_LEVEL_SERVOING mode !
1756455952.7865334 [ros2_control_node-1] [DEBUG] [1756455952.786496228] [KortexMultiInterfaceHardware]: No controller active in LOW_LEVEL_SERVOING mode !
1756455952.7869987 [ros2_control_node-1] [DEBUG] [1756455952.786895167] [KortexMultiInterfaceHardware]: No controller active in LOW_LEVEL_SERVOING mode !
1756455952.7871451 [ros2_control_node-1] [DEBUG] [1756455952.787107660] [KortexMultiInterfaceHardware]: No controller active in LOW_LEVEL_SERVOING mode !
1756455952.7873385 [ros2_control_node-1] [DEBUG] [1756455952.787302345] [KortexMultiInterfaceHardware]: No controller active in LOW_LEVEL_SERVOING mode !
1756455952.7875836 [ros2_control_node-1] [DEBUG] [1756455952.787547530] [KortexMultiInterfaceHardware]: No controller active in LOW_LEVEL_SERVOING mode !
1756455952.7877607 [ros2_control_node-1] [DEBUG] [1756455952.787726773] [KortexMultiInterfaceHardware]: No controller active in LOW_LEVEL_SERVOING mode !
1756455952.7880011 [ros2_control_node-1] [DEBUG] [1756455952.787963754] [KortexMultiInterfaceHardware]: No controller active in LOW_LEVEL_SERVOING mode !
1756455952.7882597 [ros2_control_node-1] [DEBUG] [1756455952.788218564] [KortexMultiInterfaceHardware]: No controller active in LOW_LEVEL_SERVOING mode !
1756455952.7885079 [ros2_control_node-1] [DEBUG] [1756455952.788474414] [KortexMultiInterfaceHardware]: No controller active in LOW_LEVEL_SERVOING mode !
1756455952.7887464 [ros2_control_node-1] [DEBUG] [1756455952.788708056] [KortexMultiInterfaceHardware]: No controller active in LOW_LEVEL_SERVOING mode !
1756455952.7890069 [ros2_control_node-1] [DEBUG] [1756455952.788969540] [KortexMultiInterfaceHardware]: No controller active in LOW_LEVEL_SERVOING mode !
1756455952.7892919 [ros2_control_node-1] [DEBUG] [1756455952.789252813] [KortexMultiInterfaceHardware]: No controller active in LOW_LEVEL_SERVOING mode !
1756455952.7895255 [ros2_control_node-1] [DEBUG] [1756455952.789492492] [KortexMultiInterfaceHardware]: No controller active in LOW_LEVEL_SERVOING mode !
1756455952.7897792 [ros2_control_node-1] [DEBUG] [1756455952.789737758] [KortexMultiInterfaceHardware]: No controller active in LOW_LEVEL_SERVOING mode !
1756455952.7900357 [ros2_control_node-1] [DEBUG] [1756455952.789998301] [KortexMultiInterfaceHardware]: No controller active in LOW_LEVEL_SERVOING mode !
1756455952.7902954 [ros2_control_node-1] [DEBUG] [1756455952.790255876] [KortexMultiInterfaceHardware]: No controller active in LOW_LEVEL_SERVOING mode !
1756455952.7905257 [ros2_control_node-1] [DEBUG] [1756455952.790492150] [KortexMultiInterfaceHardware]: No controller active in LOW_LEVEL_SERVOING mode !
1756455952.7907534 [ros2_control_node-1] [DEBUG] [1756455952.790716522] [KortexMultiInterfaceHardware]: No controller active in LOW_LEVEL_SERVOING mode !
1756455952.7910173 [ros2_control_node-1] [DEBUG] [1756455952.790981474] [KortexMultiInterfaceHardware]: No controller active in LOW_LEVEL_SERVOING mode !
1756455952.7913227 [ros2_control_node-1] [DEBUG] [1756455952.791283366] [KortexMultiInterfaceHardware]: No controller active in LOW_LEVEL_SERVOING mode !
1756455952.7915545 [ros2_control_node-1] [DEBUG] [1756455952.791518019] [KortexMultiInterfaceHardware]: No controller active in LOW_LEVEL_SERVOING mode !
1756455952.7917821 [ros2_control_node-1] [DEBUG] [1756455952.791746852] [KortexMultiInterfaceHardware]: No controller active in LOW_LEVEL_SERVOING mode !
1756455952.7920113 [ros2_control_node-1] [DEBUG] [1756455952.791973251] [KortexMultiInterfaceHardware]: No controller active in LOW_LEVEL_SERVOING mode !
1756455952.7927752 [ros2_control_node-1] [DEBUG] [1756455952.792684131] [KortexMultiInterfaceHardware]: No controller active in LOW_LEVEL_SERVOING mode !
1756455952.7929945 [ros2_control_node-1] [DEBUG] [1756455952.792958485] [KortexMultiInterfaceHardware]: No controller active in LOW_LEVEL_SERVOING mode !
1756455952.7932556 [ros2_control_node-1] [DEBUG] [1756455952.793210967] [KortexMultiInterfaceHardware]: No controller active in LOW_LEVEL_SERVOING mode !
1756455952.7935164 [ros2_control_node-1] [DEBUG] [1756455952.793474558] [KortexMultiInterfaceHardware]: No controller active in LOW_LEVEL_SERVOING mode !
1756455952.7937610 [ros2_control_node-1] [DEBUG] [1756455952.793725151] [KortexMultiInterfaceHardware]: No controller active in LOW_LEVEL_SERVOING mode !
1756455952.7939794 [ros2_control_node-1] [DEBUG] [1756455952.793941946] [KortexMultiInterfaceHardware]: No controller active in LOW_LEVEL_SERVOING mode !
1756455952.7942398 [ros2_control_node-1] [DEBUG] [1756455952.794201702] [KortexMultiInterfaceHardware]: No controller active in LOW_LEVEL_SERVOING mode !
1756455952.7945278 [ros2_control_node-1] [DEBUG] [1756455952.794492317] [KortexMultiInterfaceHardware]: No controller active in LOW_LEVEL_SERVOING mode !
1756455952.7947493 [ros2_control_node-1] [DEBUG] [1756455952.794715837] [KortexMultiInterfaceHardware]: No controller active in LOW_LEVEL_SERVOING mode !
1756455952.7949862 [ros2_control_node-1] [DEBUG] [1756455952.794949591] [KortexMultiInterfaceHardware]: No controller active in LOW_LEVEL_SERVOING mode !
1756455952.7952595 [ros2_control_node-1] [DEBUG] [1756455952.795225810] [KortexMultiInterfaceHardware]: No controller active in LOW_LEVEL_SERVOING mode !
1756455952.7955260 [ros2_control_node-1] [DEBUG] [1756455952.795487415] [KortexMultiInterfaceHardware]: No controller active in LOW_LEVEL_SERVOING mode !
1756455952.7957325 [ros2_control_node-1] [DEBUG] [1756455952.795698279] [KortexMultiInterfaceHardware]: No controller active in LOW_LEVEL_SERVOING mode !
1756455952.7959652 [ros2_control_node-1] [DEBUG] [1756455952.795928759] [KortexMultiInterfaceHardware]: No controller active in LOW_LEVEL_SERVOING mode !
1756455952.7962475 [ros2_control_node-1] [DEBUG] [1756455952.796210610] [KortexMultiInterfaceHardware]: No controller active in LOW_LEVEL_SERVOING mode !
1756455952.7965147 [ros2_control_node-1] [DEBUG] [1756455952.796479587] [KortexMultiInterfaceHardware]: No controller active in LOW_LEVEL_SERVOING mode !
1756455952.7970562 [ros2_control_node-1] [DEBUG] [1756455952.796918582] [KortexMultiInterfaceHardware]: No controller active in LOW_LEVEL_SERVOING mode !
1756455952.7971895 [ros2_control_node-1] [DEBUG] [1756455952.797154556] [KortexMultiInterfaceHardware]: No controller active in LOW_LEVEL_SERVOING mode !
1756455952.7975521 [ros2_control_node-1] [DEBUG] [1756455952.797518026] [KortexMultiInterfaceHardware]: No controller active in LOW_LEVEL_SERVOING mode !
1756455952.7977705 [ros2_control_node-1] [DEBUG] [1756455952.797733359] [KortexMultiInterfaceHardware]: No controller active in LOW_LEVEL_SERVOING mode !
1756455952.7979972 [ros2_control_node-1] [DEBUG] [1756455952.797959635] [KortexMultiInterfaceHardware]: No controller active in LOW_LEVEL_SERVOING mode !
1756455952.7985497 [ros2_control_node-1] [DEBUG] [1756455952.798491017] [KortexMultiInterfaceHardware]: No controller active in LOW_LEVEL_SERVOING mode !
1756455952.7988946 [ros2_control_node-1] [DEBUG] [1756455952.798861347] [KortexMultiInterfaceHardware]: No controller active in LOW_LEVEL_SERVOING mode !
1756455952.7991323 [ros2_control_node-1] [DEBUG] [1756455952.799092721] [KortexMultiInterfaceHardware]: No controller active in LOW_LEVEL_SERVOING mode !
1756455952.7993133 [ros2_control_node-1] [DEBUG] [1756455952.799278250] [KortexMultiInterfaceHardware]: No controller active in LOW_LEVEL_SERVOING mode !
1756455952.7995455 [ros2_control_node-1] [DEBUG] [1756455952.799511361] [KortexMultiInterfaceHardware]: No controller active in LOW_LEVEL_SERVOING mode !
1756455952.7997594 [ros2_control_node-1] [DEBUG] [1756455952.799725594] [KortexMultiInterfaceHardware]: No controller active in LOW_LEVEL_SERVOING mode !
1756455952.7999880 [ros2_control_node-1] [DEBUG] [1756455952.799949556] [KortexMultiInterfaceHardware]: No controller active in LOW_LEVEL_SERVOING mode !
1756455952.8003297 [ros2_control_node-1] [DEBUG] [1756455952.800288149] [KortexMultiInterfaceHardware]: No controller active in LOW_LEVEL_SERVOING mode !
1756455952.8005824 [ros2_control_node-1] [DEBUG] [1756455952.800539584] [KortexMultiInterfaceHardware]: No controller active in LOW_LEVEL_SERVOING mode !
1756455952.8007748 [ros2_control_node-1] [DEBUG] [1756455952.800738067] [KortexMultiInterfaceHardware]: No controller active in LOW_LEVEL_SERVOING mode !
1756455952.8010304 [ros2_control_node-1] [DEBUG] [1756455952.800984520] [KortexMultiInterfaceHardware]: No controller active in LOW_LEVEL_SERVOING mode !
1756455952.8013115 [ros2_control_node-1] [DEBUG] [1756455952.801267322] [KortexMultiInterfaceHardware]: No controller active in LOW_LEVEL_SERVOING mode !
1756455952.8015423 [ros2_control_node-1] [DEBUG] [1756455952.801501537] [KortexMultiInterfaceHardware]: No controller active in LOW_LEVEL_SERVOING mode !
1756455952.8018076 [ros2_control_node-1] [DEBUG] [1756455952.801770518] [KortexMultiInterfaceHardware]: No controller active in LOW_LEVEL_SERVOING mode !
1756455952.8020544 [ros2_control_node-1] [DEBUG] [1756455952.802013102] [KortexMultiInterfaceHardware]: No controller active in LOW_LEVEL_SERVOING mode !
1756455952.8024220 [ros2_control_node-1] [DEBUG] [1756455952.802379808] [KortexMultiInterfaceHardware]: No controller active in LOW_LEVEL_SERVOING mode !
1756455952.8026354 [ros2_control_node-1] [DEBUG] [1756455952.802601002] [KortexMultiInterfaceHardware]: No controller active in LOW_LEVEL_SERVOING mode !
1756455952.8028698 [ros2_control_node-1] [DEBUG] [1756455952.802836165] [KortexMultiInterfaceHardware]: No controller active in LOW_LEVEL_SERVOING mode !
1756455952.8031380 [ros2_control_node-1] [DEBUG] [1756455952.803096550] [KortexMultiInterfaceHardware]: No controller active in LOW_LEVEL_SERVOING mode !
1756455952.8037148 [ros2_control_node-1] [DEBUG] [1756455952.803597514] [KortexMultiInterfaceHardware]: No controller active in LOW_LEVEL_SERVOING mode !
1756455952.8038211 [ros2_control_node-1] [DEBUG] [1756455952.803783748] [KortexMultiInterfaceHardware]: No controller active in LOW_LEVEL_SERVOING mode !
1756455952.8040428 [ros2_control_node-1] [DEBUG] [1756455952.804003638] [KortexMultiInterfaceHardware]: No controller active in LOW_LEVEL_SERVOING mode !
1756455952.8044922 [ros2_control_node-1] [DEBUG] [1756455952.804423678] [KortexMultiInterfaceHardware]: No controller active in LOW_LEVEL_SERVOING mode !
1756455952.8047104 [ros2_control_node-1] [DEBUG] [1756455952.804674834] [KortexMultiInterfaceHardware]: No controller active in LOW_LEVEL_SERVOING mode !
1756455952.8049769 [ros2_control_node-1] [DEBUG] [1756455952.804941073] [KortexMultiInterfaceHardware]: No controller active in LOW_LEVEL_SERVOING mode !
1756455952.8052680 [ros2_control_node-1] [DEBUG] [1756455952.805212956] [KortexMultiInterfaceHardware]: No controller active in LOW_LEVEL_SERVOING mode !
1756455952.8055894 [ros2_control_node-1] [DEBUG] [1756455952.805515116] [KortexMultiInterfaceHardware]: No controller active in LOW_LEVEL_SERVOING mode !
1756455952.8057888 [ros2_control_node-1] [DEBUG] [1756455952.805731016] [KortexMultiInterfaceHardware]: No controller active in LOW_LEVEL_SERVOING mode !
1756455952.8060632 [ros2_control_node-1] [DEBUG] [1756455952.806018616] [KortexMultiInterfaceHardware]: No controller active in LOW_LEVEL_SERVOING mode !
1756455952.8063006 [ros2_control_node-1] [DEBUG] [1756455952.806263413] [KortexMultiInterfaceHardware]: No controller active in LOW_LEVEL_SERVOING mode !
1756455952.8065464 [ros2_control_node-1] [DEBUG] [1756455952.806509700] [KortexMultiInterfaceHardware]: No controller active in LOW_LEVEL_SERVOING mode !
1756455952.8067777 [ros2_control_node-1] [DEBUG] [1756455952.806739453] [KortexMultiInterfaceHardware]: No controller active in LOW_LEVEL_SERVOING mode !
1756455952.8070412 [ros2_control_node-1] [DEBUG] [1756455952.806998136] [KortexMultiInterfaceHardware]: No controller active in LOW_LEVEL_SERVOING mode !
1756455952.8077254 [ros2_control_node-1] [DEBUG] [1756455952.807599505] [KortexMultiInterfaceHardware]: No controller active in LOW_LEVEL_SERVOING mode !
1756455952.8078969 [ros2_control_node-1] [DEBUG] [1756455952.807848712] [KortexMultiInterfaceHardware]: No controller active in LOW_LEVEL_SERVOING mode !
1756455952.8081379 [ros2_control_node-1] [DEBUG] [1756455952.808091139] [KortexMultiInterfaceHardware]: No controller active in LOW_LEVEL_SERVOING mode !
1756455952.8086183 [ros2_control_node-1] [DEBUG] [1756455952.808517668] [KortexMultiInterfaceHardware]: No controller active in LOW_LEVEL_SERVOING mode !
1756455952.8087947 [ros2_control_node-1] [DEBUG] [1756455952.808758526] [KortexMultiInterfaceHardware]: No controller active in LOW_LEVEL_SERVOING mode !
1756455952.8090694 [ros2_control_node-1] [DEBUG] [1756455952.809024815] [KortexMultiInterfaceHardware]: No controller active in LOW_LEVEL_SERVOING mode !
1756455952.8093193 [ros2_control_node-1] [DEBUG] [1756455952.809279265] [KortexMultiInterfaceHardware]: No controller active in LOW_LEVEL_SERVOING mode !
1756455952.8096089 [ros2_control_node-1] [DEBUG] [1756455952.809566719] [KortexMultiInterfaceHardware]: No controller active in LOW_LEVEL_SERVOING mode !
1756455952.8098016 [ros2_control_node-1] [DEBUG] [1756455952.809760363] [KortexMultiInterfaceHardware]: No controller active in LOW_LEVEL_SERVOING mode !
1756455952.8101017 [ros2_control_node-1] [DEBUG] [1756455952.810052587] [KortexMultiInterfaceHardware]: No controller active in LOW_LEVEL_SERVOING mode !
1756455952.8104022 [ros2_control_node-1] [DEBUG] [1756455952.810356800] [KortexMultiInterfaceHardware]: No controller active in LOW_LEVEL_SERVOING mode !
1756455952.8106606 [ros2_control_node-1] [DEBUG] [1756455952.810619759] [KortexMultiInterfaceHardware]: No controller active in LOW_LEVEL_SERVOING mode !
1756455952.8108582 [ros2_control_node-1] [DEBUG] [1756455952.810823807] [KortexMultiInterfaceHardware]: No controller active in LOW_LEVEL_SERVOING mode !
1756455952.8111427 [ros2_control_node-1] [DEBUG] [1756455952.811094841] [KortexMultiInterfaceHardware]: No controller active in LOW_LEVEL_SERVOING mode !
1756455952.8113320 [ros2_control_node-1] [DEBUG] [1756455952.811292305] [KortexMultiInterfaceHardware]: No controller active in LOW_LEVEL_SERVOING mode !
1756455952.8115735 [ros2_control_node-1] [DEBUG] [1756455952.811531073] [KortexMultiInterfaceHardware]: No controller active in LOW_LEVEL_SERVOING mode !
1756455952.8117642 [ros2_control_node-1] [DEBUG] [1756455952.811725439] [KortexMultiInterfaceHardware]: No controller active in LOW_LEVEL_SERVOING mode !
1756455952.8120482 [ros2_control_node-1] [DEBUG] [1756455952.812005794] [KortexMultiInterfaceHardware]: No controller active in LOW_LEVEL_SERVOING mode !
1756455952.8125608 [ros2_control_node-1] [DEBUG] [1756455952.812432817] [KortexMultiInterfaceHardware]: No controller active in LOW_LEVEL_SERVOING mode !
1756455952.8126953 [ros2_control_node-1] [DEBUG] [1756455952.812655499] [KortexMultiInterfaceHardware]: No controller active in LOW_LEVEL_SERVOING mode !
1756455952.8128829 [ros2_control_node-1] [DEBUG] [1756455952.812846263] [KortexMultiInterfaceHardware]: No controller active in LOW_LEVEL_SERVOING mode !
1756455952.8131251 [ros2_control_node-1] [DEBUG] [1756455952.813077741] [KortexMultiInterfaceHardware]: No controller active in LOW_LEVEL_SERVOING mode !
1756455952.8133049 [ros2_control_node-1] [DEBUG] [1756455952.813263568] [KortexMultiInterfaceHardware]: No controller active in LOW_LEVEL_SERVOING mode !
1756455952.8135517 [ros2_control_node-1] [DEBUG] [1756455952.813499879] [KortexMultiInterfaceHardware]: No controller active in LOW_LEVEL_SERVOING mode !
1756455952.8137860 [ros2_control_node-1] [DEBUG] [1756455952.813739796] [KortexMultiInterfaceHardware]: No controller active in LOW_LEVEL_SERVOING mode !
1756455952.8140409 [ros2_control_node-1] [DEBUG] [1756455952.813993527] [KortexMultiInterfaceHardware]: No controller active in LOW_LEVEL_SERVOING mode !
1756455952.8143418 [ros2_control_node-1] [DEBUG] [1756455952.814286533] [KortexMultiInterfaceHardware]: No controller active in LOW_LEVEL_SERVOING mode !
1756455952.8145988 [ros2_control_node-1] [DEBUG] [1756455952.814555161] [KortexMultiInterfaceHardware]: No controller active in LOW_LEVEL_SERVOING mode !
1756455952.8148201 [ros2_control_node-1] [DEBUG] [1756455952.814782291] [KortexMultiInterfaceHardware]: No controller active in LOW_LEVEL_SERVOING mode !
1756455952.8150871 [ros2_control_node-1] [DEBUG] [1756455952.815038824] [KortexMultiInterfaceHardware]: No controller active in LOW_LEVEL_SERVOING mode !
1756455952.8153250 [ros2_control_node-1] [DEBUG] [1756455952.815288959] [KortexMultiInterfaceHardware]: No controller active in LOW_LEVEL_SERVOING mode !
1756455952.8155749 [ros2_control_node-1] [DEBUG] [1756455952.815536051] [KortexMultiInterfaceHardware]: No controller active in LOW_LEVEL_SERVOING mode !
1756455952.8157578 [ros2_control_node-1] [DEBUG] [1756455952.815721003] [KortexMultiInterfaceHardware]: No controller active in LOW_LEVEL_SERVOING mode !
1756455952.8160298 [ros2_control_node-1] [DEBUG] [1756455952.815988009] [KortexMultiInterfaceHardware]: No controller active in LOW_LEVEL_SERVOING mode !
1756455952.8162937 [ros2_control_node-1] [DEBUG] [1756455952.816256852] [KortexMultiInterfaceHardware]: No controller active in LOW_LEVEL_SERVOING mode !
1756455952.8165202 [ros2_control_node-1] [DEBUG] [1756455952.816482978] [KortexMultiInterfaceHardware]: No controller active in LOW_LEVEL_SERVOING mode !
1756455952.8169119 [ros2_control_node-1] [DEBUG] [1756455952.816866021] [KortexMultiInterfaceHardware]: No controller active in LOW_LEVEL_SERVOING mode !
1756455952.8171456 [ros2_control_node-1] [DEBUG] [1756455952.817105210] [KortexMultiInterfaceHardware]: No controller active in LOW_LEVEL_SERVOING mode !
1756455952.8173232 [ros2_control_node-1] [DEBUG] [1756455952.817285492] [KortexMultiInterfaceHardware]: No controller active in LOW_LEVEL_SERVOING mode !
1756455952.8175893 [ros2_control_node-1] [DEBUG] [1756455952.817551588] [KortexMultiInterfaceHardware]: No controller active in LOW_LEVEL_SERVOING mode !
1756455952.8177972 [ros2_control_node-1] [DEBUG] [1756455952.817762425] [KortexMultiInterfaceHardware]: No controller active in LOW_LEVEL_SERVOING mode !
1756455952.8180480 [ros2_control_node-1] [DEBUG] [1756455952.818005478] [KortexMultiInterfaceHardware]: No controller active in LOW_LEVEL_SERVOING mode !
1756455952.8182843 [ros2_control_node-1] [DEBUG] [1756455952.818246092] [KortexMultiInterfaceHardware]: No controller active in LOW_LEVEL_SERVOING mode !
1756455952.8185170 [ros2_control_node-1] [DEBUG] [1756455952.818481252] [KortexMultiInterfaceHardware]: No controller active in LOW_LEVEL_SERVOING mode !
1756455952.8187368 [ros2_control_node-1] [DEBUG] [1756455952.818700284] [KortexMultiInterfaceHardware]: No controller active in LOW_LEVEL_SERVOING mode !
1756455952.8189700 [ros2_control_node-1] [DEBUG] [1756455952.818929442] [KortexMultiInterfaceHardware]: No controller active in LOW_LEVEL_SERVOING mode !
1756455952.8192434 [ros2_control_node-1] [DEBUG] [1756455952.819202379] [KortexMultiInterfaceHardware]: No controller active in LOW_LEVEL_SERVOING mode !
1756455952.8195260 [ros2_control_node-1] [DEBUG] [1756455952.819487228] [KortexMultiInterfaceHardware]: No controller active in LOW_LEVEL_SERVOING mode !
1756455952.8197699 [ros2_control_node-1] [DEBUG] [1756455952.819732419] [KortexMultiInterfaceHardware]: No controller active in LOW_LEVEL_SERVOING mode !
1756455952.8200169 [ros2_control_node-1] [DEBUG] [1756455952.819978312] [KortexMultiInterfaceHardware]: No controller active in LOW_LEVEL_SERVOING mode !
1756455952.8202817 [ros2_control_node-1] [DEBUG] [1756455952.820238283] [KortexMultiInterfaceHardware]: No controller active in LOW_LEVEL_SERVOING mode !
1756455952.8205192 [ros2_control_node-1] [DEBUG] [1756455952.820483322] [KortexMultiInterfaceHardware]: No controller active in LOW_LEVEL_SERVOING mode !
1756455952.8207967 [ros2_control_node-1] [DEBUG] [1756455952.820756935] [KortexMultiInterfaceHardware]: No controller active in LOW_LEVEL_SERVOING mode !
1756455952.8210089 [ros2_control_node-1] [DEBUG] [1756455952.820966660] [KortexMultiInterfaceHardware]: No controller active in LOW_LEVEL_SERVOING mode !
1756455952.8212881 [ros2_control_node-1] [DEBUG] [1756455952.821250776] [KortexMultiInterfaceHardware]: No controller active in LOW_LEVEL_SERVOING mode !
1756455952.8215170 [ros2_control_node-1] [DEBUG] [1756455952.821478758] [KortexMultiInterfaceHardware]: No controller active in LOW_LEVEL_SERVOING mode !
1756455952.8217404 [ros2_control_node-1] [DEBUG] [1756455952.821703335] [KortexMultiInterfaceHardware]: No controller active in LOW_LEVEL_SERVOING mode !
1756455952.8219757 [ros2_control_node-1] [DEBUG] [1756455952.821932396] [KortexMultiInterfaceHardware]: No controller active in LOW_LEVEL_SERVOING mode !
1756455952.8222616 [ros2_control_node-1] [DEBUG] [1756455952.822223216] [KortexMultiInterfaceHardware]: No controller active in LOW_LEVEL_SERVOING mode !
1756455952.8225286 [ros2_control_node-1] [DEBUG] [1756455952.822489934] [KortexMultiInterfaceHardware]: No controller active in LOW_LEVEL_SERVOING mode !
1756455952.8227861 [ros2_control_node-1] [DEBUG] [1756455952.822753014] [KortexMultiInterfaceHardware]: No controller active in LOW_LEVEL_SERVOING mode !
1756455952.8230274 [ros2_control_node-1] [DEBUG] [1756455952.822986581] [KortexMultiInterfaceHardware]: No controller active in LOW_LEVEL_SERVOING mode !
1756455952.8233099 [ros2_control_node-1] [DEBUG] [1756455952.823271831] [KortexMultiInterfaceHardware]: No controller active in LOW_LEVEL_SERVOING mode !
1756455952.8235552 [ros2_control_node-1] [DEBUG] [1756455952.823515493] [KortexMultiInterfaceHardware]: No controller active in LOW_LEVEL_SERVOING mode !
1756455952.8237934 [ros2_control_node-1] [DEBUG] [1756455952.823753908] [KortexMultiInterfaceHardware]: No controller active in LOW_LEVEL_SERVOING mode !
1756455952.8240621 [ros2_control_node-1] [DEBUG] [1756455952.824013412] [KortexMultiInterfaceHardware]: No controller active in LOW_LEVEL_SERVOING mode !
1756455952.8242922 [ros2_control_node-1] [DEBUG] [1756455952.824252370] [KortexMultiInterfaceHardware]: No controller active in LOW_LEVEL_SERVOING mode !
1756455952.8245232 [ros2_control_node-1] [DEBUG] [1756455952.824483222] [KortexMultiInterfaceHardware]: No controller active in LOW_LEVEL_SERVOING mode !
1756455952.8247659 [ros2_control_node-1] [DEBUG] [1756455952.824733455] [KortexMultiInterfaceHardware]: No controller active in LOW_LEVEL_SERVOING mode !
1756455952.8250282 [ros2_control_node-1] [DEBUG] [1756455952.824986224] [KortexMultiInterfaceHardware]: No controller active in LOW_LEVEL_SERVOING mode !
1756455952.8252928 [ros2_control_node-1] [DEBUG] [1756455952.825258223] [KortexMultiInterfaceHardware]: No controller active in LOW_LEVEL_SERVOING mode !
1756455952.8255327 [ros2_control_node-1] [DEBUG] [1756455952.825495068] [KortexMultiInterfaceHardware]: No controller active in LOW_LEVEL_SERVOING mode !
1756455952.8257520 [ros2_control_node-1] [DEBUG] [1756455952.825714105] [KortexMultiInterfaceHardware]: No controller active in LOW_LEVEL_SERVOING mode !
1756455952.8260121 [ros2_control_node-1] [DEBUG] [1756455952.825965034] [KortexMultiInterfaceHardware]: No controller active in LOW_LEVEL_SERVOING mode !
1756455952.8267686 [ros2_control_node-1] [DEBUG] [1756455952.826650543] [KortexMultiInterfaceHardware]: No controller active in LOW_LEVEL_SERVOING mode !
1756455952.8269675 [ros2_control_node-1] [DEBUG] [1756455952.826921319] [KortexMultiInterfaceHardware]: No controller active in LOW_LEVEL_SERVOING mode !
1756455952.8272800 [ros2_control_node-1] [DEBUG] [1756455952.827238424] [KortexMultiInterfaceHardware]: No controller active in LOW_LEVEL_SERVOING mode !
1756455952.8275681 [ros2_control_node-1] [DEBUG] [1756455952.827517827] [KortexMultiInterfaceHardware]: No controller active in LOW_LEVEL_SERVOING mode !
1756455952.8278193 [ros2_control_node-1] [DEBUG] [1756455952.827780489] [KortexMultiInterfaceHardware]: No controller active in LOW_LEVEL_SERVOING mode !
1756455952.8280642 [ros2_control_node-1] [DEBUG] [1756455952.828020900] [KortexMultiInterfaceHardware]: No controller active in LOW_LEVEL_SERVOING mode !
1756455952.8283355 [ros2_control_node-1] [DEBUG] [1756455952.828302075] [KortexMultiInterfaceHardware]: No controller active in LOW_LEVEL_SERVOING mode !
1756455952.8285594 [ros2_control_node-1] [DEBUG] [1756455952.828521281] [KortexMultiInterfaceHardware]: No controller active in LOW_LEVEL_SERVOING mode !
1756455952.8287868 [ros2_control_node-1] [DEBUG] [1756455952.828751796] [KortexMultiInterfaceHardware]: No controller active in LOW_LEVEL_SERVOING mode !
1756455952.8290093 [ros2_control_node-1] [DEBUG] [1756455952.828971638] [KortexMultiInterfaceHardware]: No controller active in LOW_LEVEL_SERVOING mode !
1756455952.8292782 [ros2_control_node-1] [DEBUG] [1756455952.829242780] [KortexMultiInterfaceHardware]: No controller active in LOW_LEVEL_SERVOING mode !
1756455952.8295288 [ros2_control_node-1] [DEBUG] [1756455952.829490424] [KortexMultiInterfaceHardware]: No controller active in LOW_LEVEL_SERVOING mode !
1756455952.8297668 [ros2_control_node-1] [DEBUG] [1756455952.829732631] [KortexMultiInterfaceHardware]: No controller active in LOW_LEVEL_SERVOING mode !
1756455952.8300357 [ros2_control_node-1] [DEBUG] [1756455952.829990120] [KortexMultiInterfaceHardware]: No controller active in LOW_LEVEL_SERVOING mode !
1756455952.8302925 [ros2_control_node-1] [DEBUG] [1756455952.830254748] [KortexMultiInterfaceHardware]: No controller active in LOW_LEVEL_SERVOING mode !
1756455952.8305340 [ros2_control_node-1] [DEBUG] [1756455952.830494864] [KortexMultiInterfaceHardware]: No controller active in LOW_LEVEL_SERVOING mode !
1756455952.8307743 [ros2_control_node-1] [DEBUG] [1756455952.830738570] [KortexMultiInterfaceHardware]: No controller active in LOW_LEVEL_SERVOING mode !
1756455952.8310497 [ros2_control_node-1] [DEBUG] [1756455952.831003292] [KortexMultiInterfaceHardware]: No controller active in LOW_LEVEL_SERVOING mode !
1756455952.8312895 [ros2_control_node-1] [DEBUG] [1756455952.831239625] [KortexMultiInterfaceHardware]: No controller active in LOW_LEVEL_SERVOING mode !
1756455952.8315539 [ros2_control_node-1] [DEBUG] [1756455952.831510572] [KortexMultiInterfaceHardware]: No controller active in LOW_LEVEL_SERVOING mode !
1756455952.8317878 [ros2_control_node-1] [DEBUG] [1756455952.831748933] [KortexMultiInterfaceHardware]: No controller active in LOW_LEVEL_SERVOING mode !
1756455952.8320663 [ros2_control_node-1] [DEBUG] [1756455952.832025050] [KortexMultiInterfaceHardware]: No controller active in LOW_LEVEL_SERVOING mode !
1756455952.8322868 [ros2_control_node-1] [DEBUG] [1756455952.832246998] [KortexMultiInterfaceHardware]: No controller active in LOW_LEVEL_SERVOING mode !
1756455952.8325243 [ros2_control_node-1] [DEBUG] [1756455952.832487977] [KortexMultiInterfaceHardware]: No controller active in LOW_LEVEL_SERVOING mode !
1756455952.8327465 [ros2_control_node-1] [DEBUG] [1756455952.832709052] [KortexMultiInterfaceHardware]: No controller active in LOW_LEVEL_SERVOING mode !
1756455952.8329799 [ros2_control_node-1] [DEBUG] [1756455952.832938937] [KortexMultiInterfaceHardware]: No controller active in LOW_LEVEL_SERVOING mode !
1756455952.8332462 [ros2_control_node-1] [DEBUG] [1756455952.833206219] [KortexMultiInterfaceHardware]: No controller active in LOW_LEVEL_SERVOING mode !
1756455952.8335142 [ros2_control_node-1] [DEBUG] [1756455952.833476804] [KortexMultiInterfaceHardware]: No controller active in LOW_LEVEL_SERVOING mode !
1756455952.8337457 [ros2_control_node-1] [DEBUG] [1756455952.833710051] [KortexMultiInterfaceHardware]: No controller active in LOW_LEVEL_SERVOING mode !
1756455952.8339775 [ros2_control_node-1] [DEBUG] [1756455952.833935967] [KortexMultiInterfaceHardware]: No controller active in LOW_LEVEL_SERVOING mode !
1756455952.8342497 [ros2_control_node-1] [DEBUG] [1756455952.834213190] [KortexMultiInterfaceHardware]: No controller active in LOW_LEVEL_SERVOING mode !
1756455952.8345191 [ros2_control_node-1] [DEBUG] [1756455952.834481733] [KortexMultiInterfaceHardware]: No controller active in LOW_LEVEL_SERVOING mode !
1756455952.8347933 [ros2_control_node-1] [DEBUG] [1756455952.834757527] [KortexMultiInterfaceHardware]: No controller active in LOW_LEVEL_SERVOING mode !
1756455952.8419361 [ros2_control_node-1] [DEBUG] [1756455952.841859833] [KortexMultiInterfaceHardware]: No controller active in LOW_LEVEL_SERVOING mode !
1756455952.8422143 [ros2_control_node-1] [DEBUG] [1756455952.842164900] [KortexMultiInterfaceHardware]: No controller active in LOW_LEVEL_SERVOING mode !
1756455952.8519132 [ros2_control_node-1] [DEBUG] [1756455952.851857789] [KortexMultiInterfaceHardware]: No controller active in LOW_LEVEL_SERVOING mode !
1756455952.8522339 [ros2_control_node-1] [DEBUG] [1756455952.852188438] [KortexMultiInterfaceHardware]: No controller active in LOW_LEVEL_SERVOING mode !
1756455952.8558388 [ros2_control_node-1] [INFO] [1756455952.855738804] [controller_manager]: Loading controller 'fault_controller'
1756455952.8620811 [ros2_control_node-1] [DEBUG] [1756455952.861951868] [KortexMultiInterfaceHardware]: No controller active in LOW_LEVEL_SERVOING mode !
1756455952.8623791 [spawner-5] [INFO] [1756455952.862280642] [spawner_fault_controller]: [94mLoaded [1mfault_controller[0m
1756455952.8625870 [ros2_control_node-1] [DEBUG] [1756455952.862314323] [KortexMultiInterfaceHardware]: No controller active in LOW_LEVEL_SERVOING mode !
1756455952.8629396 [ros2_control_node-1] [INFO] [1756455952.862751932] [controller_manager]: Loading controller 'left_joint_trajectory_controller'
1756455952.8685355 [ros2_control_node-1] [WARN] [1756455952.868432013] [left_joint_trajectory_controller]: [Deprecated]: "allow_nonzero_velocity_at_trajectory_end" is set to true. The default behavior will change to false.
1756455952.8719468 [ros2_control_node-1] [INFO] [1756455952.871788977] [controller_manager]: Loading controller 'joint_state_broadcaster'
1756455952.8721025 [ros2_control_node-1] [DEBUG] [1756455952.871955077] [KortexMultiInterfaceHardware]: No controller active in LOW_LEVEL_SERVOING mode !
1756455952.8723500 [spawner-3] [INFO] [1756455952.872294689] [spawner_left_joint_trajectory_controller]: [94mLoaded [1mleft_joint_trajectory_controller[0m
1756455952.8724668 [ros2_control_node-1] [DEBUG] [1756455952.872398004] [KortexMultiInterfaceHardware]: No controller active in LOW_LEVEL_SERVOING mode !
1756455952.8820558 [ros2_control_node-1] [INFO] [1756455952.881842655] [controller_manager]: Configuring controller 'fault_controller'
1756455952.8821423 [ros2_control_node-1] [DEBUG] [1756455952.881866990] [KortexMultiInterfaceHardware]: No controller active in LOW_LEVEL_SERVOING mode !
1756455952.8823214 [ros2_control_node-1] [DEBUG] [1756455952.882209696] [KortexMultiInterfaceHardware]: No controller active in LOW_LEVEL_SERVOING mode !
1756455952.8827221 [spawner-2] [INFO] [1756455952.882599083] [spawner_joint_state_broadcaster]: [94mLoaded [1mjoint_state_broadcaster[0m
1756455952.8919153 [ros2_control_node-1] [INFO] [1756455952.891728206] [controller_manager]: Loading controller 'right_joint_trajectory_controller'
1756455952.8922153 [ros2_control_node-1] [DEBUG] [1756455952.891918744] [KortexMultiInterfaceHardware]: No controller active in LOW_LEVEL_SERVOING mode !
1756455952.8925517 [ros2_control_node-1] [DEBUG] [1756455952.892459423] [KortexMultiInterfaceHardware]: No controller active in LOW_LEVEL_SERVOING mode !
1756455952.8962581 [ros2_control_node-1] [WARN] [1756455952.896160774] [right_joint_trajectory_controller]: [Deprecated]: "allow_nonzero_velocity_at_trajectory_end" is set to true. The default behavior will change to false.
1756455952.9019310 [ros2_control_node-1] [INFO] [1756455952.901758441] [controller_manager]: Configuring controller 'left_joint_trajectory_controller'
1756455952.9022233 [ros2_control_node-1] [DEBUG] [1756455952.901928926] [KortexMultiInterfaceHardware]: No controller active in LOW_LEVEL_SERVOING mode !
1756455952.9023099 [ros2_control_node-1] [INFO] [1756455952.901976674] [left_joint_trajectory_controller]: No specific joint names are used for command interfaces. Using 'joints' parameter.
1756455952.9023719 [ros2_control_node-1] [INFO] [1756455952.902008401] [left_joint_trajectory_controller]: Command interfaces are [position] and state interfaces are [position velocity].
1756455952.9024291 [ros2_control_node-1] [INFO] [1756455952.902033813] [left_joint_trajectory_controller]: Using 'splines' interpolation method.
1756455952.9026878 [spawner-4] [INFO] [1756455952.902222172] [spawner_right_joint_trajectory_controller]: [94mLoaded [1mright_joint_trajectory_controller[0m
1756455952.9028988 [ros2_control_node-1] [DEBUG] [1756455952.902437073] [KortexMultiInterfaceHardware]: No controller active in LOW_LEVEL_SERVOING mode !
1756455952.9037735 [ros2_control_node-1] [INFO] [1756455952.903638176] [left_joint_trajectory_controller]: Controller state will be published at 100.00 Hz.
1756455952.9058571 [ros2_control_node-1] [INFO] [1756455952.905768022] [left_joint_trajectory_controller]: Action status changes will be monitored at 20.00 Hz.
1756455952.9119282 [ros2_control_node-1] [DEBUG] [1756455952.911817610] [KortexMultiInterfaceHardware]: No controller active in LOW_LEVEL_SERVOING mode !
1756455952.9120948 [ros2_control_node-1] [INFO] [1756455952.911848140] [controller_manager]: Configuring controller 'joint_state_broadcaster'
1756455952.9121406 [ros2_control_node-1] [INFO] [1756455952.911901063] [joint_state_broadcaster]: 'joints' or 'interfaces' parameter is empty. All available state interfaces will be published
1756455952.9124060 [ros2_control_node-1] [DEBUG] [1756455952.912318697] [KortexMultiInterfaceHardware]: No controller active in LOW_LEVEL_SERVOING mode !
1756455952.9220107 [ros2_control_node-1] [INFO] [1756455952.921836057] [controller_manager]: Configuring controller 'right_joint_trajectory_controller'
1756455952.9221406 [ros2_control_node-1] [DEBUG] [1756455952.921856374] [KortexMultiInterfaceHardware]: No controller active in LOW_LEVEL_SERVOING mode !
1756455952.9224238 [ros2_control_node-1] [INFO] [1756455952.922032038] [right_joint_trajectory_controller]: No specific joint names are used for command interfaces. Using 'joints' parameter.
1756455952.9224913 [ros2_control_node-1] [INFO] [1756455952.922053833] [right_joint_trajectory_controller]: Command interfaces are [position] and state interfaces are [position velocity].
1756455952.9225259 [ros2_control_node-1] [INFO] [1756455952.922072756] [right_joint_trajectory_controller]: Using 'splines' interpolation method.
1756455952.9225526 [ros2_control_node-1] [DEBUG] [1756455952.922176180] [KortexMultiInterfaceHardware]: No controller active in LOW_LEVEL_SERVOING mode !
1756455952.9226952 [ros2_control_node-1] [INFO] [1756455952.922420150] [right_joint_trajectory_controller]: Controller state will be published at 100.00 Hz.
1756455952.9232631 [ros2_control_node-1] [INFO] [1756455952.923193837] [right_joint_trajectory_controller]: Action status changes will be monitored at 20.00 Hz.
1756455952.9319646 [ros2_control_node-1] [DEBUG] [1756455952.931853083] [KortexMultiInterfaceHardware]: No controller active in LOW_LEVEL_SERVOING mode !
1756455952.9323258 [ros2_control_node-1] [DEBUG] [1756455952.932259685] [KortexMultiInterfaceHardware]: No controller active in LOW_LEVEL_SERVOING mode !
1756455952.9422204 [ros2_control_node-1] [DEBUG] [1756455952.942145095] [KortexMultiInterfaceHardware]: No controller active in LOW_LEVEL_SERVOING mode !
1756455952.9521041 [ros2_control_node-1] [DEBUG] [1756455952.952037294] [KortexMultiInterfaceHardware]: No controller active in LOW_LEVEL_SERVOING mode !
1756455952.9622052 [ros2_control_node-1] [DEBUG] [1756455952.962149780] [KortexMultiInterfaceHardware]: No controller active in LOW_LEVEL_SERVOING mode !
1756455952.9722106 [ros2_control_node-1] [DEBUG] [1756455952.972128768] [KortexMultiInterfaceHardware]: No controller active in LOW_LEVEL_SERVOING mode !
1756455952.9821939 [ros2_control_node-1] [DEBUG] [1756455952.982141664] [KortexMultiInterfaceHardware]: No controller active in LOW_LEVEL_SERVOING mode !
1756455952.9922001 [ros2_control_node-1] [DEBUG] [1756455952.992145883] [KortexMultiInterfaceHardware]: No controller active in LOW_LEVEL_SERVOING mode !
1756455953.0021868 [ros2_control_node-1] [DEBUG] [1756455953.002131101] [KortexMultiInterfaceHardware]: No controller active in LOW_LEVEL_SERVOING mode !
1756455953.0123796 [ros2_control_node-1] [DEBUG] [1756455953.012318688] [KortexMultiInterfaceHardware]: No controller active in LOW_LEVEL_SERVOING mode !
1756455953.0221350 [ros2_control_node-1] [DEBUG] [1756455953.022086093] [KortexMultiInterfaceHardware]: No controller active in LOW_LEVEL_SERVOING mode !
1756455953.0325415 [ros2_control_node-1] [DEBUG] [1756455953.032488428] [KortexMultiInterfaceHardware]: No controller active in LOW_LEVEL_SERVOING mode !
1756455953.0427969 [ros2_control_node-1] [DEBUG] [1756455953.042742259] [KortexMultiInterfaceHardware]: No controller active in LOW_LEVEL_SERVOING mode !
1756455953.0528762 [ros2_control_node-1] [DEBUG] [1756455953.052818803] [KortexMultiInterfaceHardware]: No controller active in LOW_LEVEL_SERVOING mode !
1756455953.0627670 [ros2_control_node-1] [DEBUG] [1756455953.062667388] [KortexMultiInterfaceHardware]: No controller active in LOW_LEVEL_SERVOING mode !
1756455953.0728962 [ros2_control_node-1] [DEBUG] [1756455953.072827363] [KortexMultiInterfaceHardware]: No controller active in LOW_LEVEL_SERVOING mode !
1756455953.0825186 [ros2_control_node-1] [DEBUG] [1756455953.082443187] [KortexMultiInterfaceHardware]: No controller active in LOW_LEVEL_SERVOING mode !
1756455953.0924864 [ros2_control_node-1] [DEBUG] [1756455953.092432192] [KortexMultiInterfaceHardware]: No controller active in LOW_LEVEL_SERVOING mode !
1756455953.1023350 [ros2_control_node-1] [DEBUG] [1756455953.102287413] [KortexMultiInterfaceHardware]: No controller active in LOW_LEVEL_SERVOING mode !
1756455953.1121907 [ros2_control_node-1] [DEBUG] [1756455953.112138112] [KortexMultiInterfaceHardware]: No controller active in LOW_LEVEL_SERVOING mode !
1756455953.1222019 [ros2_control_node-1] [DEBUG] [1756455953.122153908] [KortexMultiInterfaceHardware]: No controller active in LOW_LEVEL_SERVOING mode !
1756455953.1323361 [ros2_control_node-1] [DEBUG] [1756455953.132283487] [KortexMultiInterfaceHardware]: No controller active in LOW_LEVEL_SERVOING mode !
1756455953.3434162 [ros2_control_node-1] [DEBUG] [1756455953.343303555] [KortexMultiInterfaceHardware]: No controller active in LOW_LEVEL_SERVOING mode !
1756455953.4594030 [ros2_control_node-1] [DEBUG] [1756455953.459314938] [KortexMultiInterfaceHardware]: No controller active in LOW_LEVEL_SERVOING mode !
1756455953.4597299 [ros2_control_node-1] [DEBUG] [1756455953.459634669] [KortexMultiInterfaceHardware]: No controller active in LOW_LEVEL_SERVOING mode !
1756455953.4600966 [spawner-5] [INFO] [1756455953.459918149] [spawner_fault_controller]: [92mConfigured and activated [1mfault_controller[0m
1756455953.4602654 [ros2_control_node-1] [DEBUG] [1756455953.459928683] [KortexMultiInterfaceHardware]: No controller active in LOW_LEVEL_SERVOING mode !
1756455953.4608517 [ros2_control_node-1] [DEBUG] [1756455953.460647649] [KortexMultiInterfaceHardware]: No controller active in LOW_LEVEL_SERVOING mode !
1756455953.4613106 [ros2_control_node-1] [DEBUG] [1756455953.461100831] [KortexMultiInterfaceHardware]: No controller active in LOW_LEVEL_SERVOING mode !
1756455953.4618664 [ros2_control_node-1] [DEBUG] [1756455953.461785551] [KortexMultiInterfaceHardware]: No controller active in LOW_LEVEL_SERVOING mode !
1756455953.4625893 [ros2_control_node-1] [DEBUG] [1756455953.462482497] [KortexMultiInterfaceHardware]: No controller active in LOW_LEVEL_SERVOING mode !
1756455953.4631486 [ros2_control_node-1] [DEBUG] [1756455953.463029921] [KortexMultiInterfaceHardware]: No controller active in LOW_LEVEL_SERVOING mode !
1756455953.4637752 [ros2_control_node-1] [DEBUG] [1756455953.463638941] [KortexMultiInterfaceHardware]: No controller active in LOW_LEVEL_SERVOING mode !
1756455953.4641204 [ros2_control_node-1] [DEBUG] [1756455953.464074359] [KortexMultiInterfaceHardware]: No controller active in LOW_LEVEL_SERVOING mode !
1756455953.4648788 [ros2_control_node-1] [DEBUG] [1756455953.464783614] [KortexMultiInterfaceHardware]: No controller active in LOW_LEVEL_SERVOING mode !
1756455953.4654024 [ros2_control_node-1] [DEBUG] [1756455953.465322474] [KortexMultiInterfaceHardware]: No controller active in LOW_LEVEL_SERVOING mode !
1756455953.4658265 [ros2_control_node-1] [DEBUG] [1756455953.465775752] [KortexMultiInterfaceHardware]: No controller active in LOW_LEVEL_SERVOING mode !
1756455953.4663763 [ros2_control_node-1] [DEBUG] [1756455953.466284290] [KortexMultiInterfaceHardware]: No controller active in LOW_LEVEL_SERVOING mode !
1756455953.4721565 [ros2_control_node-1] [DEBUG] [1756455953.472040114] [KortexMultiInterfaceHardware]: No controller active in LOW_LEVEL_SERVOING mode !
1756455953.4823391 [ros2_control_node-1] [DEBUG] [1756455953.482163469] [KortexMultiInterfaceHardware]: No controller active in LOW_LEVEL_SERVOING mode !
1756455953.4925179 [ros2_control_node-1] [DEBUG] [1756455953.492308127] [KortexMultiInterfaceHardware]: No controller active in LOW_LEVEL_SERVOING mode !
1756455953.5023894 [ros2_control_node-1] [DEBUG] [1756455953.502124353] [KortexMultiInterfaceHardware]: No controller active in LOW_LEVEL_SERVOING mode !
1756455953.5123906 [ros2_control_node-1] [DEBUG] [1756455953.512157190] [KortexMultiInterfaceHardware]: No controller active in LOW_LEVEL_SERVOING mode !
1756455953.5224047 [ros2_control_node-1] [DEBUG] [1756455953.522147596] [KortexMultiInterfaceHardware]: No controller active in LOW_LEVEL_SERVOING mode !
1756455953.5325282 [ros2_control_node-1] [DEBUG] [1756455953.532362875] [KortexMultiInterfaceHardware]: No controller active in LOW_LEVEL_SERVOING mode !
1756455953.5423903 [ros2_control_node-1] [DEBUG] [1756455953.542189651] [KortexMultiInterfaceHardware]: No controller active in LOW_LEVEL_SERVOING mode !
1756455953.5523119 [ros2_control_node-1] [DEBUG] [1756455953.552094152] [KortexMultiInterfaceHardware]: No controller active in LOW_LEVEL_SERVOING mode !
1756455953.5622327 [ros2_control_node-1] [DEBUG] [1756455953.562169988] [KortexMultiInterfaceHardware]: No controller active in LOW_LEVEL_SERVOING mode !
1756455953.5721719 [ros2_control_node-1] [DEBUG] [1756455953.572085225] [KortexMultiInterfaceHardware]: No controller active in LOW_LEVEL_SERVOING mode !
1756455953.5823426 [ros2_control_node-1] [DEBUG] [1756455953.582118551] [KortexMultiInterfaceHardware]: No controller active in LOW_LEVEL_SERVOING mode !
1756455953.5824530 [INFO] [spawner-5]: process has finished cleanly [pid 68899]
1756455953.5921319 [ros2_control_node-1] [DEBUG] [1756455953.592071827] [KortexMultiInterfaceHardware]: No controller active in LOW_LEVEL_SERVOING mode !
1756455953.6020803 [ros2_control_node-1] [DEBUG] [1756455953.602024941] [KortexMultiInterfaceHardware]: No controller active in LOW_LEVEL_SERVOING mode !
1756455953.6123507 [ros2_control_node-1] [DEBUG] [1756455953.612278202] [KortexMultiInterfaceHardware]: No controller active in LOW_LEVEL_SERVOING mode !
1756455953.6221848 [ros2_control_node-1] [DEBUG] [1756455953.622123902] [KortexMultiInterfaceHardware]: No controller active in LOW_LEVEL_SERVOING mode !
1756455953.6321602 [ros2_control_node-1] [DEBUG] [1756455953.632068535] [KortexMultiInterfaceHardware]: No controller active in LOW_LEVEL_SERVOING mode !
1756455953.6421752 [ros2_control_node-1] [DEBUG] [1756455953.642103846] [KortexMultiInterfaceHardware]: No controller active in LOW_LEVEL_SERVOING mode !
1756455953.6521838 [ros2_control_node-1] [DEBUG] [1756455953.652126253] [KortexMultiInterfaceHardware]: No controller active in LOW_LEVEL_SERVOING mode !
1756455953.8815732 [ros2_control_node-1] [DEBUG] [1756455953.881425523] [KortexMultiInterfaceHardware]: No controller active in LOW_LEVEL_SERVOING mode !
1756455953.8820744 [ros2_control_node-1] [DEBUG] [1756455953.881974303] [KortexMultiInterfaceHardware]: No controller active in LOW_LEVEL_SERVOING mode !
1756455953.8824294 [spawner-3] [INFO] [1756455953.882373825] [spawner_left_joint_trajectory_controller]: [92mConfigured and activated [1mleft_joint_trajectory_controller[0m
1756455953.8828628 [ros2_control_node-1] [DEBUG] [1756455953.882785577] [KortexMultiInterfaceHardware]: No controller active in LOW_LEVEL_SERVOING mode !
1756455953.8924475 [ros2_control_node-1] [DEBUG] [1756455953.892250732] [KortexMultiInterfaceHardware]: No controller active in LOW_LEVEL_SERVOING mode !
1756455953.8927670 [spawner-2] [INFO] [1756455953.892547153] [spawner_joint_state_broadcaster]: [92mConfigured and activated [1mjoint_state_broadcaster[0m
1756455953.9025042 [ros2_control_node-1] [DEBUG] [1756455953.902281505] [KortexMultiInterfaceHardware]: No controller active in LOW_LEVEL_SERVOING mode !
1756455953.9126451 [ros2_control_node-1] [DEBUG] [1756455953.912456203] [KortexMultiInterfaceHardware]: No controller active in LOW_LEVEL_SERVOING mode !
1756455953.9223886 [ros2_control_node-1] [DEBUG] [1756455953.922259116] [KortexMultiInterfaceHardware]: No controller active in LOW_LEVEL_SERVOING mode !
1756455953.9325581 [ros2_control_node-1] [DEBUG] [1756455953.932404827] [KortexMultiInterfaceHardware]: No controller active in LOW_LEVEL_SERVOING mode !
1756455953.9423382 [ros2_control_node-1] [DEBUG] [1756455953.942200880] [KortexMultiInterfaceHardware]: No controller active in LOW_LEVEL_SERVOING mode !
1756455953.9522283 [ros2_control_node-1] [DEBUG] [1756455953.952099320] [KortexMultiInterfaceHardware]: No controller active in LOW_LEVEL_SERVOING mode !
1756455953.9621849 [ros2_control_node-1] [DEBUG] [1756455953.962068621] [KortexMultiInterfaceHardware]: No controller active in LOW_LEVEL_SERVOING mode !
1756455953.9721742 [ros2_control_node-1] [DEBUG] [1756455953.972055689] [KortexMultiInterfaceHardware]: No controller active in LOW_LEVEL_SERVOING mode !
1756455953.9822905 [ros2_control_node-1] [DEBUG] [1756455953.982217255] [KortexMultiInterfaceHardware]: No controller active in LOW_LEVEL_SERVOING mode !
1756455953.9921670 [ros2_control_node-1] [DEBUG] [1756455953.992057488] [KortexMultiInterfaceHardware]: No controller active in LOW_LEVEL_SERVOING mode !
1756455954.0021172 [ros2_control_node-1] [DEBUG] [1756455954.002071105] [KortexMultiInterfaceHardware]: No controller active in LOW_LEVEL_SERVOING mode !
1756455954.0069613 [INFO] [spawner-3]: process has finished cleanly [pid 68895]
1756455954.0123131 [ros2_control_node-1] [DEBUG] [1756455954.012185396] [KortexMultiInterfaceHardware]: No controller active in LOW_LEVEL_SERVOING mode !
1756455954.0168607 [INFO] [spawner-2]: process has finished cleanly [pid 68893]
1756455954.0221972 [ros2_control_node-1] [DEBUG] [1756455954.022133507] [KortexMultiInterfaceHardware]: No controller active in LOW_LEVEL_SERVOING mode !
1756455954.0324252 [ros2_control_node-1] [DEBUG] [1756455954.032303589] [KortexMultiInterfaceHardware]: No controller active in LOW_LEVEL_SERVOING mode !
1756455954.0421274 [ros2_control_node-1] [DEBUG] [1756455954.042076471] [KortexMultiInterfaceHardware]: No controller active in LOW_LEVEL_SERVOING mode !
1756455954.0522025 [ros2_control_node-1] [DEBUG] [1756455954.052068685] [KortexMultiInterfaceHardware]: No controller active in LOW_LEVEL_SERVOING mode !
1756455954.0621440 [ros2_control_node-1] [DEBUG] [1756455954.062099621] [KortexMultiInterfaceHardware]: No controller active in LOW_LEVEL_SERVOING mode !
1756455954.0722442 [ros2_control_node-1] [DEBUG] [1756455954.072194124] [KortexMultiInterfaceHardware]: No controller active in LOW_LEVEL_SERVOING mode !
1756455954.0821936 [ros2_control_node-1] [DEBUG] [1756455954.082078529] [KortexMultiInterfaceHardware]: No controller active in LOW_LEVEL_SERVOING mode !
1756455954.0921359 [ros2_control_node-1] [DEBUG] [1756455954.092022409] [KortexMultiInterfaceHardware]: No controller active in LOW_LEVEL_SERVOING mode !
1756455954.3291042 [spawner-4] [INFO] [1756455954.328841829] [spawner_right_joint_trajectory_controller]: [92mConfigured and activated [1mright_joint_trajectory_controller[0m
1756455954.4513900 [INFO] [spawner-4]: process has finished cleanly [pid 68897]
