[0.019s] Invoking command in '/home/rpp/rpp_ws/src/application/pymoveit2/build/pymoveit2': CMAKE_PREFIX_PATH=${CMAKE_PREFIX_PATH}:/home/rpp/rpp_ws/install/setting_info:/home/rpp/rpp_ws/install/nav2_simple_commander:/home/rpp/rpp_ws/install/gui_control:/home/rpp/rpp_ws/install/graphic_display:/home/rpp/rpp_ws/install/linker_hand_ros2_sdk:/home/rpp/rpp_ws/install/bt_task_manager_ros2:/opt/ros/humble /usr/bin/cmake /home/rpp/rpp_ws/src/application/pymoveit2 -DCMAKE_INSTALL_PREFIX=/home/rpp/rpp_ws/src/application/pymoveit2/install/pymoveit2
[0.111s] -- The C compiler identification is GNU 11.4.0
[0.172s] -- The CXX compiler identification is GNU 11.4.0
[0.181s] -- Detecting C compiler ABI info
[0.260s] -- Detecting C compiler ABI info - done
[0.266s] -- Check for working C compiler: /usr/bin/cc - skipped
[0.266s] -- Detecting C compile features
[0.267s] -- Detecting C compile features - done
[0.271s] -- Detecting CXX compiler ABI info
[0.360s] -- Detecting CXX compiler ABI info - done
[0.367s] -- Check for working CXX compiler: /usr/bin/c++ - skipped
[0.367s] -- Detecting CXX compile features
[0.367s] -- Detecting CXX compile features - done
[0.377s] -- Found ament_cmake: 1.3.11 (/opt/ros/humble/share/ament_cmake/cmake)
[0.558s] -- Found Python3: /usr/bin/python3 (found version "3.10.12") found components: Interpreter 
[0.904s] -- Configuring done
[0.907s] -- Generating done
[0.909s] -- Build files have been written to: /home/rpp/rpp_ws/src/application/pymoveit2/build/pymoveit2
[0.912s] Invoked command in '/home/rpp/rpp_ws/src/application/pymoveit2/build/pymoveit2' returned '0': CMAKE_PREFIX_PATH=${CMAKE_PREFIX_PATH}:/home/rpp/rpp_ws/install/setting_info:/home/rpp/rpp_ws/install/nav2_simple_commander:/home/rpp/rpp_ws/install/gui_control:/home/rpp/rpp_ws/install/graphic_display:/home/rpp/rpp_ws/install/linker_hand_ros2_sdk:/home/rpp/rpp_ws/install/bt_task_manager_ros2:/opt/ros/humble /usr/bin/cmake /home/rpp/rpp_ws/src/application/pymoveit2 -DCMAKE_INSTALL_PREFIX=/home/rpp/rpp_ws/src/application/pymoveit2/install/pymoveit2
[0.914s] Invoking command in '/home/rpp/rpp_ws/src/application/pymoveit2/build/pymoveit2': CMAKE_PREFIX_PATH=${CMAKE_PREFIX_PATH}:/home/rpp/rpp_ws/install/setting_info:/home/rpp/rpp_ws/install/nav2_simple_commander:/home/rpp/rpp_ws/install/gui_control:/home/rpp/rpp_ws/install/graphic_display:/home/rpp/rpp_ws/install/linker_hand_ros2_sdk:/home/rpp/rpp_ws/install/bt_task_manager_ros2:/opt/ros/humble /usr/bin/cmake --build /home/rpp/rpp_ws/src/application/pymoveit2/build/pymoveit2 -- -j24 -l24
[0.984s] Built target ament_cmake_python_copy_pymoveit2
[1.231s] running egg_info
[1.231s] creating pymoveit2.egg-info
[1.231s] writing pymoveit2.egg-info/PKG-INFO
[1.231s] writing dependency_links to pymoveit2.egg-info/dependency_links.txt
[1.232s] writing top-level names to pymoveit2.egg-info/top_level.txt
[1.232s] writing manifest file 'pymoveit2.egg-info/SOURCES.txt'
[1.234s] reading manifest file 'pymoveit2.egg-info/SOURCES.txt'
[1.235s] writing manifest file 'pymoveit2.egg-info/SOURCES.txt'
[1.258s] Built target ament_cmake_python_build_pymoveit2_egg
[1.271s] Invoked command in '/home/rpp/rpp_ws/src/application/pymoveit2/build/pymoveit2' returned '0': CMAKE_PREFIX_PATH=${CMAKE_PREFIX_PATH}:/home/rpp/rpp_ws/install/setting_info:/home/rpp/rpp_ws/install/nav2_simple_commander:/home/rpp/rpp_ws/install/gui_control:/home/rpp/rpp_ws/install/graphic_display:/home/rpp/rpp_ws/install/linker_hand_ros2_sdk:/home/rpp/rpp_ws/install/bt_task_manager_ros2:/opt/ros/humble /usr/bin/cmake --build /home/rpp/rpp_ws/src/application/pymoveit2/build/pymoveit2 -- -j24 -l24
[1.283s] Invoking command in '/home/rpp/rpp_ws/src/application/pymoveit2/build/pymoveit2': CMAKE_PREFIX_PATH=${CMAKE_PREFIX_PATH}:/home/rpp/rpp_ws/install/setting_info:/home/rpp/rpp_ws/install/nav2_simple_commander:/home/rpp/rpp_ws/install/gui_control:/home/rpp/rpp_ws/install/graphic_display:/home/rpp/rpp_ws/install/linker_hand_ros2_sdk:/home/rpp/rpp_ws/install/bt_task_manager_ros2:/opt/ros/humble /usr/bin/cmake --install /home/rpp/rpp_ws/src/application/pymoveit2/build/pymoveit2
[1.294s] -- Install configuration: ""
[1.294s] -- Installing: /home/rpp/rpp_ws/src/application/pymoveit2/install/pymoveit2/share/pymoveit2/environment/pythonpath.sh
[1.294s] -- Installing: /home/rpp/rpp_ws/src/application/pymoveit2/install/pymoveit2/share/pymoveit2/environment/pythonpath.dsv
[1.294s] -- Installing: /home/rpp/rpp_ws/src/application/pymoveit2/install/pymoveit2/local/lib/python3.10/dist-packages/pymoveit2-4.0.0-py3.10.egg-info
[1.294s] -- Installing: /home/rpp/rpp_ws/src/application/pymoveit2/install/pymoveit2/local/lib/python3.10/dist-packages/pymoveit2-4.0.0-py3.10.egg-info/PKG-INFO
[1.294s] -- Installing: /home/rpp/rpp_ws/src/application/pymoveit2/install/pymoveit2/local/lib/python3.10/dist-packages/pymoveit2-4.0.0-py3.10.egg-info/dependency_links.txt
[1.294s] -- Installing: /home/rpp/rpp_ws/src/application/pymoveit2/install/pymoveit2/local/lib/python3.10/dist-packages/pymoveit2-4.0.0-py3.10.egg-info/top_level.txt
[1.294s] -- Installing: /home/rpp/rpp_ws/src/application/pymoveit2/install/pymoveit2/local/lib/python3.10/dist-packages/pymoveit2-4.0.0-py3.10.egg-info/SOURCES.txt
[1.294s] -- Installing: /home/rpp/rpp_ws/src/application/pymoveit2/install/pymoveit2/local/lib/python3.10/dist-packages/pymoveit2
[1.294s] -- Installing: /home/rpp/rpp_ws/src/application/pymoveit2/install/pymoveit2/local/lib/python3.10/dist-packages/pymoveit2/moveit2_servo.py
[1.294s] -- Installing: /home/rpp/rpp_ws/src/application/pymoveit2/install/pymoveit2/local/lib/python3.10/dist-packages/pymoveit2/moveit2.py
[1.294s] -- Installing: /home/rpp/rpp_ws/src/application/pymoveit2/install/pymoveit2/local/lib/python3.10/dist-packages/pymoveit2/__init__.py
[1.294s] -- Installing: /home/rpp/rpp_ws/src/application/pymoveit2/install/pymoveit2/local/lib/python3.10/dist-packages/pymoveit2/moveit2_gripper.py
[1.294s] -- Installing: /home/rpp/rpp_ws/src/application/pymoveit2/install/pymoveit2/local/lib/python3.10/dist-packages/pymoveit2/gripper_command.py
[1.294s] -- Installing: /home/rpp/rpp_ws/src/application/pymoveit2/install/pymoveit2/local/lib/python3.10/dist-packages/pymoveit2/gripper_interface.py
[1.294s] -- Installing: /home/rpp/rpp_ws/src/application/pymoveit2/install/pymoveit2/local/lib/python3.10/dist-packages/pymoveit2/utils.py
[1.294s] -- Installing: /home/rpp/rpp_ws/src/application/pymoveit2/install/pymoveit2/local/lib/python3.10/dist-packages/pymoveit2/robots
[1.294s] -- Installing: /home/rpp/rpp_ws/src/application/pymoveit2/install/pymoveit2/local/lib/python3.10/dist-packages/pymoveit2/robots/__init__.py
[1.295s] -- Installing: /home/rpp/rpp_ws/src/application/pymoveit2/install/pymoveit2/local/lib/python3.10/dist-packages/pymoveit2/robots/kinova.py
[1.295s] -- Installing: /home/rpp/rpp_ws/src/application/pymoveit2/install/pymoveit2/local/lib/python3.10/dist-packages/pymoveit2/robots/panda.py
[1.295s] -- Installing: /home/rpp/rpp_ws/src/application/pymoveit2/install/pymoveit2/local/lib/python3.10/dist-packages/pymoveit2/robots/lbr.py
[1.295s] -- Installing: /home/rpp/rpp_ws/src/application/pymoveit2/install/pymoveit2/local/lib/python3.10/dist-packages/pymoveit2/robots/ur.py
[1.295s] -- Installing: /home/rpp/rpp_ws/src/application/pymoveit2/install/pymoveit2/local/lib/python3.10/dist-packages/pymoveit2/robots/phantomx_pincher.py
[1.295s] -- Installing: /home/rpp/rpp_ws/src/application/pymoveit2/install/pymoveit2/local/lib/python3.10/dist-packages/pymoveit2/robots/crane_x7.py
[1.348s] Listing '/home/rpp/rpp_ws/src/application/pymoveit2/install/pymoveit2/local/lib/python3.10/dist-packages/pymoveit2'...
[1.348s] Compiling '/home/rpp/rpp_ws/src/application/pymoveit2/install/pymoveit2/local/lib/python3.10/dist-packages/pymoveit2/__init__.py'...
[1.348s] Compiling '/home/rpp/rpp_ws/src/application/pymoveit2/install/pymoveit2/local/lib/python3.10/dist-packages/pymoveit2/gripper_command.py'...
[1.348s] Compiling '/home/rpp/rpp_ws/src/application/pymoveit2/install/pymoveit2/local/lib/python3.10/dist-packages/pymoveit2/gripper_interface.py'...
[1.348s] Compiling '/home/rpp/rpp_ws/src/application/pymoveit2/install/pymoveit2/local/lib/python3.10/dist-packages/pymoveit2/moveit2.py'...
[1.348s] Compiling '/home/rpp/rpp_ws/src/application/pymoveit2/install/pymoveit2/local/lib/python3.10/dist-packages/pymoveit2/moveit2_gripper.py'...
[1.348s] Compiling '/home/rpp/rpp_ws/src/application/pymoveit2/install/pymoveit2/local/lib/python3.10/dist-packages/pymoveit2/moveit2_servo.py'...
[1.348s] Listing '/home/rpp/rpp_ws/src/application/pymoveit2/install/pymoveit2/local/lib/python3.10/dist-packages/pymoveit2/robots'...
[1.348s] Compiling '/home/rpp/rpp_ws/src/application/pymoveit2/install/pymoveit2/local/lib/python3.10/dist-packages/pymoveit2/robots/__init__.py'...
[1.348s] Compiling '/home/rpp/rpp_ws/src/application/pymoveit2/install/pymoveit2/local/lib/python3.10/dist-packages/pymoveit2/robots/crane_x7.py'...
[1.348s] Compiling '/home/rpp/rpp_ws/src/application/pymoveit2/install/pymoveit2/local/lib/python3.10/dist-packages/pymoveit2/robots/kinova.py'...
[1.348s] Compiling '/home/rpp/rpp_ws/src/application/pymoveit2/install/pymoveit2/local/lib/python3.10/dist-packages/pymoveit2/robots/lbr.py'...
[1.348s] Compiling '/home/rpp/rpp_ws/src/application/pymoveit2/install/pymoveit2/local/lib/python3.10/dist-packages/pymoveit2/robots/panda.py'...
[1.348s] Compiling '/home/rpp/rpp_ws/src/application/pymoveit2/install/pymoveit2/local/lib/python3.10/dist-packages/pymoveit2/robots/phantomx_pincher.py'...
[1.348s] Compiling '/home/rpp/rpp_ws/src/application/pymoveit2/install/pymoveit2/local/lib/python3.10/dist-packages/pymoveit2/robots/ur.py'...
[1.348s] Compiling '/home/rpp/rpp_ws/src/application/pymoveit2/install/pymoveit2/local/lib/python3.10/dist-packages/pymoveit2/utils.py'...
[1.352s] -- Installing: /home/rpp/rpp_ws/src/application/pymoveit2/install/pymoveit2/lib/pymoveit2/ex_allow_collisions.py
[1.352s] -- Installing: /home/rpp/rpp_ws/src/application/pymoveit2/install/pymoveit2/lib/pymoveit2/ex_clear_planning_scene.py
[1.352s] -- Installing: /home/rpp/rpp_ws/src/application/pymoveit2/install/pymoveit2/lib/pymoveit2/ex_collision_mesh.py
[1.352s] -- Installing: /home/rpp/rpp_ws/src/application/pymoveit2/install/pymoveit2/lib/pymoveit2/ex_collision_primitive.py
[1.352s] -- Installing: /home/rpp/rpp_ws/src/application/pymoveit2/install/pymoveit2/lib/pymoveit2/ex_fk.py
[1.352s] -- Installing: /home/rpp/rpp_ws/src/application/pymoveit2/install/pymoveit2/lib/pymoveit2/ex_gripper.py
[1.352s] -- Installing: /home/rpp/rpp_ws/src/application/pymoveit2/install/pymoveit2/lib/pymoveit2/ex_ik.py
[1.352s] -- Installing: /home/rpp/rpp_ws/src/application/pymoveit2/install/pymoveit2/lib/pymoveit2/ex_joint_goal.py
[1.352s] -- Installing: /home/rpp/rpp_ws/src/application/pymoveit2/install/pymoveit2/lib/pymoveit2/ex_orientation_path_constraint.py
[1.352s] -- Installing: /home/rpp/rpp_ws/src/application/pymoveit2/install/pymoveit2/lib/pymoveit2/ex_pose_goal.py
[1.352s] -- Installing: /home/rpp/rpp_ws/src/application/pymoveit2/install/pymoveit2/lib/pymoveit2/ex_servo.py
[1.353s] -- Installing: /home/rpp/rpp_ws/src/application/pymoveit2/install/pymoveit2/share/ament_index/resource_index/package_run_dependencies/pymoveit2
[1.353s] -- Installing: /home/rpp/rpp_ws/src/application/pymoveit2/install/pymoveit2/share/ament_index/resource_index/parent_prefix_path/pymoveit2
[1.353s] -- Installing: /home/rpp/rpp_ws/src/application/pymoveit2/install/pymoveit2/share/pymoveit2/environment/ament_prefix_path.sh
[1.353s] -- Installing: /home/rpp/rpp_ws/src/application/pymoveit2/install/pymoveit2/share/pymoveit2/environment/ament_prefix_path.dsv
[1.353s] -- Installing: /home/rpp/rpp_ws/src/application/pymoveit2/install/pymoveit2/share/pymoveit2/environment/path.sh
[1.353s] -- Installing: /home/rpp/rpp_ws/src/application/pymoveit2/install/pymoveit2/share/pymoveit2/environment/path.dsv
[1.353s] -- Installing: /home/rpp/rpp_ws/src/application/pymoveit2/install/pymoveit2/share/pymoveit2/local_setup.bash
[1.353s] -- Installing: /home/rpp/rpp_ws/src/application/pymoveit2/install/pymoveit2/share/pymoveit2/local_setup.sh
[1.353s] -- Installing: /home/rpp/rpp_ws/src/application/pymoveit2/install/pymoveit2/share/pymoveit2/local_setup.zsh
[1.354s] -- Installing: /home/rpp/rpp_ws/src/application/pymoveit2/install/pymoveit2/share/pymoveit2/local_setup.dsv
[1.354s] -- Installing: /home/rpp/rpp_ws/src/application/pymoveit2/install/pymoveit2/share/pymoveit2/package.dsv
[1.354s] -- Installing: /home/rpp/rpp_ws/src/application/pymoveit2/install/pymoveit2/share/ament_index/resource_index/packages/pymoveit2
[1.354s] -- Installing: /home/rpp/rpp_ws/src/application/pymoveit2/install/pymoveit2/share/pymoveit2/cmake/pymoveit2Config.cmake
[1.354s] -- Installing: /home/rpp/rpp_ws/src/application/pymoveit2/install/pymoveit2/share/pymoveit2/cmake/pymoveit2Config-version.cmake
[1.354s] -- Installing: /home/rpp/rpp_ws/src/application/pymoveit2/install/pymoveit2/share/pymoveit2/package.xml
[1.356s] Invoked command in '/home/rpp/rpp_ws/src/application/pymoveit2/build/pymoveit2' returned '0': CMAKE_PREFIX_PATH=${CMAKE_PREFIX_PATH}:/home/rpp/rpp_ws/install/setting_info:/home/rpp/rpp_ws/install/nav2_simple_commander:/home/rpp/rpp_ws/install/gui_control:/home/rpp/rpp_ws/install/graphic_display:/home/rpp/rpp_ws/install/linker_hand_ros2_sdk:/home/rpp/rpp_ws/install/bt_task_manager_ros2:/opt/ros/humble /usr/bin/cmake --install /home/rpp/rpp_ws/src/application/pymoveit2/build/pymoveit2
