-- CMAKE_BUILD_TYPE=Debug
-- Found ament_cmake: 1.3.11 (/opt/ros/humble/share/ament_cmake/cmake)
-- Override CMake install command with custom implementation using symlinks instead of copying resources
-- Found rclcpp: 16.0.11 (/opt/ros/humble/share/rclcpp/cmake)
-- Found rosidl_generator_c: 3.1.6 (/opt/ros/humble/share/rosidl_generator_c/cmake)
-- Found rosidl_adapter: 3.1.6 (/opt/ros/humble/share/rosidl_adapter/cmake)
-- Found rosidl_generator_cpp: 3.1.6 (/opt/ros/humble/share/rosidl_generator_cpp/cmake)
-- Using all available rosidl_typesupport_c: rosidl_typesupport_fastrtps_c;rosidl_typesupport_introspection_c
-- Using all available rosidl_typesupport_cpp: rosidl_typesupport_fastrtps_cpp;rosidl_typesupport_introspection_cpp
-- Found rmw_implementation_cmake: 6.1.2 (/opt/ros/humble/share/rmw_implementation_cmake/cmake)
-- Found rmw_fastrtps_cpp: 6.2.7 (/opt/ros/humble/share/rmw_fastrtps_cpp/cmake)
-- Using RMW implementation 'rmw_fastrtps_cpp' as default
-- Found xf_voice_msgs: 0.0.1 (/home/rpp/rpp_ws/install/xf_voice_msgs/share/xf_voice_msgs/cmake)
-- Configuring done
-- Generating done
-- Build files have been written to: /home/rpp/rpp_ws/build/xf_voice
[35m[1mConsolidate compiler generated dependencies of target tts_subscribe[0m
[35m[1mConsolidate compiler generated dependencies of target iat_publish[0m
[ 66%] Built target iat_publish
[100%] Built target tts_subscribe
-- Install configuration: "Debug"
-- Execute custom install script
-- Up-to-date symlink: /home/rpp/rpp_ws/install/xf_voice/lib/xf_voice/iat_publish
-- Up-to-date symlink: /home/rpp/rpp_ws/install/xf_voice/lib/xf_voice/tts_subscribe
-- Up-to-date symlink: /home/rpp/rpp_ws/install/xf_voice/lib/libmsc.so
-- Up-to-date symlink: /home/rpp/rpp_ws/install/xf_voice/include/xf_voice/formats.h
-- Up-to-date symlink: /home/rpp/rpp_ws/install/xf_voice/include/xf_voice/linuxrec.h
-- Up-to-date symlink: /home/rpp/rpp_ws/install/xf_voice/include/xf_voice/msp_cmn.h
-- Up-to-date symlink: /home/rpp/rpp_ws/install/xf_voice/include/xf_voice/msp_errors.h
-- Up-to-date symlink: /home/rpp/rpp_ws/install/xf_voice/include/xf_voice/msp_types.h
-- Up-to-date symlink: /home/rpp/rpp_ws/install/xf_voice/include/xf_voice/qise.h
-- Up-to-date symlink: /home/rpp/rpp_ws/install/xf_voice/include/xf_voice/qisr.h
-- Up-to-date symlink: /home/rpp/rpp_ws/install/xf_voice/include/xf_voice/qtts.h
-- Up-to-date symlink: /home/rpp/rpp_ws/install/xf_voice/include/xf_voice/speech_recognizer.h
-- Up-to-date symlink: /home/rpp/rpp_ws/install/xf_voice/share/xf_voice//__pycache__/work.launch.cpython-312.pyc
-- Symlinking: /home/rpp/rpp_ws/install/xf_voice/share/xf_voice//dialog_launch.py
-- Up-to-date symlink: /home/rpp/rpp_ws/install/xf_voice/share/xf_voice//iat_launch.py
-- Up-to-date symlink: /home/rpp/rpp_ws/install/xf_voice/share/xf_voice//tts_only_launch.py
-- Up-to-date symlink: /home/rpp/rpp_ws/install/xf_voice/share/xf_voice//work.launch.py
-- Up-to-date symlink: /home/rpp/rpp_ws/install/xf_voice/share/xf_voice//tts_params.yaml
-- Up-to-date symlink: /home/rpp/rpp_ws/install/xf_voice/share/xf_voice//voice_control.yaml
-- Up-to-date symlink: /home/rpp/rpp_ws/install/xf_voice/lib/xf_voice/__init__.py
-- Up-to-date symlink: /home/rpp/rpp_ws/install/xf_voice/lib/xf_voice/match_demo.py
-- Up-to-date symlink: /home/rpp/rpp_ws/install/xf_voice/lib/xf_voice/robot_state.py
-- Symlinking: /home/rpp/rpp_ws/install/xf_voice/lib/xf_voice/__init__.py
-- Up-to-date symlink: /home/rpp/rpp_ws/install/xf_voice/share/ament_index/resource_index/package_run_dependencies/xf_voice
-- Up-to-date symlink: /home/rpp/rpp_ws/install/xf_voice/share/ament_index/resource_index/parent_prefix_path/xf_voice
-- Up-to-date symlink: /home/rpp/rpp_ws/install/xf_voice/share/xf_voice/environment/ament_prefix_path.sh
-- Up-to-date symlink: /home/rpp/rpp_ws/install/xf_voice/share/xf_voice/environment/ament_prefix_path.dsv
-- Up-to-date symlink: /home/rpp/rpp_ws/install/xf_voice/share/xf_voice/environment/path.sh
-- Up-to-date symlink: /home/rpp/rpp_ws/install/xf_voice/share/xf_voice/environment/path.dsv
-- Up-to-date symlink: /home/rpp/rpp_ws/install/xf_voice/share/xf_voice/local_setup.bash
-- Up-to-date symlink: /home/rpp/rpp_ws/install/xf_voice/share/xf_voice/local_setup.sh
-- Up-to-date symlink: /home/rpp/rpp_ws/install/xf_voice/share/xf_voice/local_setup.zsh
-- Up-to-date symlink: /home/rpp/rpp_ws/install/xf_voice/share/xf_voice/local_setup.dsv
-- Symlinking: /home/rpp/rpp_ws/install/xf_voice/share/xf_voice/package.dsv
-- Up-to-date symlink: /home/rpp/rpp_ws/install/xf_voice/share/ament_index/resource_index/packages/xf_voice
-- Up-to-date symlink: /home/rpp/rpp_ws/install/xf_voice/share/xf_voice/cmake/xf_voiceConfig.cmake
-- Up-to-date symlink: /home/rpp/rpp_ws/install/xf_voice/share/xf_voice/cmake/xf_voiceConfig-version.cmake
-- Up-to-date symlink: /home/rpp/rpp_ws/install/xf_voice/share/xf_voice/package.xml
-- Installing: /home/rpp/rpp_ws/install/xf_voice/lib/xf_voice/voice_control
-- Installing: /home/rpp/rpp_ws/install/xf_voice/lib/xf_voice/voice_dialog
