/home/rpp/rpp_ws/src/application/bt_task_manager_ros2/install/bt_task_manager_ros2/lib/python3.10/site-packages/bt_task_manager_ros2/behaviours.py
/home/rpp/rpp_ws/src/application/bt_task_manager_ros2/install/bt_task_manager_ros2/lib/python3.10/site-packages/bt_task_manager_ros2/chassis_move.py
/home/rpp/rpp_ws/src/application/bt_task_manager_ros2/install/bt_task_manager_ros2/lib/python3.10/site-packages/bt_task_manager_ros2/get_grasp_pose.py
/home/rpp/rpp_ws/src/application/bt_task_manager_ros2/install/bt_task_manager_ros2/lib/python3.10/site-packages/bt_task_manager_ros2/__init__.py
/home/rpp/rpp_ws/src/application/bt_task_manager_ros2/install/bt_task_manager_ros2/lib/python3.10/site-packages/bt_task_manager_ros2/moveit_arm.py
/home/rpp/rpp_ws/src/application/bt_task_manager_ros2/install/bt_task_manager_ros2/lib/python3.10/site-packages/bt_task_manager_ros2/moveit_gripper.py
/home/rpp/rpp_ws/src/application/bt_task_manager_ros2/install/bt_task_manager_ros2/lib/python3.10/site-packages/bt_task_manager_ros2/navigation.py
/home/rpp/rpp_ws/src/application/bt_task_manager_ros2/install/bt_task_manager_ros2/lib/python3.10/site-packages/bt_task_manager_ros2/rb_decorators.py
/home/rpp/rpp_ws/src/application/bt_task_manager_ros2/install/bt_task_manager_ros2/lib/python3.10/site-packages/bt_task_manager_ros2/__pycache__/behaviours.cpython-310.pyc
/home/rpp/rpp_ws/src/application/bt_task_manager_ros2/install/bt_task_manager_ros2/lib/python3.10/site-packages/bt_task_manager_ros2/__pycache__/chassis_move.cpython-310.pyc
/home/rpp/rpp_ws/src/application/bt_task_manager_ros2/install/bt_task_manager_ros2/lib/python3.10/site-packages/bt_task_manager_ros2/__pycache__/get_grasp_pose.cpython-310.pyc
/home/rpp/rpp_ws/src/application/bt_task_manager_ros2/install/bt_task_manager_ros2/lib/python3.10/site-packages/bt_task_manager_ros2/__pycache__/__init__.cpython-310.pyc
/home/rpp/rpp_ws/src/application/bt_task_manager_ros2/install/bt_task_manager_ros2/lib/python3.10/site-packages/bt_task_manager_ros2/__pycache__/moveit_arm.cpython-310.pyc
/home/rpp/rpp_ws/src/application/bt_task_manager_ros2/install/bt_task_manager_ros2/lib/python3.10/site-packages/bt_task_manager_ros2/__pycache__/moveit_gripper.cpython-310.pyc
/home/rpp/rpp_ws/src/application/bt_task_manager_ros2/install/bt_task_manager_ros2/lib/python3.10/site-packages/bt_task_manager_ros2/__pycache__/navigation.cpython-310.pyc
/home/rpp/rpp_ws/src/application/bt_task_manager_ros2/install/bt_task_manager_ros2/lib/python3.10/site-packages/bt_task_manager_ros2/__pycache__/rb_decorators.cpython-310.pyc
/home/rpp/rpp_ws/src/application/bt_task_manager_ros2/install/bt_task_manager_ros2/share/bt_task_manager_ros2/package.xml
/home/rpp/rpp_ws/src/application/bt_task_manager_ros2/install/bt_task_manager_ros2/share/ament_index/resource_index/packages/bt_task_manager_ros2
/home/rpp/rpp_ws/src/application/bt_task_manager_ros2/install/bt_task_manager_ros2/share/bt_task_manager_ros2/launch/aruco_detector_node.launch.py
/home/rpp/rpp_ws/src/application/bt_task_manager_ros2/install/bt_task_manager_ros2/share/bt_task_manager_ros2/launch/aruco_single.launch.py
/home/rpp/rpp_ws/src/application/bt_task_manager_ros2/install/bt_task_manager_ros2/share/bt_task_manager_ros2/launch/camera_calibration.launch.py
/home/rpp/rpp_ws/src/application/bt_task_manager_ros2/install/bt_task_manager_ros2/share/bt_task_manager_ros2/launch/controller_node.launch.py
/home/rpp/rpp_ws/src/application/bt_task_manager_ros2/install/bt_task_manager_ros2/share/bt_task_manager_ros2/launch/grasp_bringup.launch.py
/home/rpp/rpp_ws/src/application/bt_task_manager_ros2/install/bt_task_manager_ros2/share/bt_task_manager_ros2/launch/grasp_node.launch.py
/home/rpp/rpp_ws/src/application/bt_task_manager_ros2/install/bt_task_manager_ros2/share/bt_task_manager_ros2/launch/hand_eye_calibration.launch.py
/home/rpp/rpp_ws/src/application/bt_task_manager_ros2/install/bt_task_manager_ros2/share/bt_task_manager_ros2/launch/test.launch.py
/home/rpp/rpp_ws/src/application/bt_task_manager_ros2/install/bt_task_manager_ros2/share/bt_task_manager_ros2/config/aruco_detector_node.yaml
/home/rpp/rpp_ws/src/application/bt_task_manager_ros2/install/bt_task_manager_ros2/share/bt_task_manager_ros2/config/camera_calibration.yaml
/home/rpp/rpp_ws/src/application/bt_task_manager_ros2/install/bt_task_manager_ros2/share/bt_task_manager_ros2/config/camera.yaml
/home/rpp/rpp_ws/src/application/bt_task_manager_ros2/install/bt_task_manager_ros2/share/bt_task_manager_ros2/config/controller_node.yaml
/home/rpp/rpp_ws/src/application/bt_task_manager_ros2/install/bt_task_manager_ros2/share/bt_task_manager_ros2/config/grasp_node.yaml
/home/rpp/rpp_ws/src/application/bt_task_manager_ros2/install/bt_task_manager_ros2/share/bt_task_manager_ros2/config/moveit_arm_configs.yaml
/home/rpp/rpp_ws/src/application/bt_task_manager_ros2/install/bt_task_manager_ros2/share/bt_task_manager_ros2/config/moveit_gripper_configs.yaml
/home/rpp/rpp_ws/src/application/bt_task_manager_ros2/install/bt_task_manager_ros2/share/bt_task_manager_ros2/config/task_grasp.yaml
/home/rpp/rpp_ws/src/application/bt_task_manager_ros2/install/bt_task_manager_ros2/share/bt_task_manager_ros2/config/test.yaml
/home/rpp/rpp_ws/src/application/bt_task_manager_ros2/install/bt_task_manager_ros2/lib/python3.10/site-packages/bt_task_manager_ros2-0.0.0-py3.10.egg-info/PKG-INFO
/home/rpp/rpp_ws/src/application/bt_task_manager_ros2/install/bt_task_manager_ros2/lib/python3.10/site-packages/bt_task_manager_ros2-0.0.0-py3.10.egg-info/zip-safe
/home/rpp/rpp_ws/src/application/bt_task_manager_ros2/install/bt_task_manager_ros2/lib/python3.10/site-packages/bt_task_manager_ros2-0.0.0-py3.10.egg-info/dependency_links.txt
/home/rpp/rpp_ws/src/application/bt_task_manager_ros2/install/bt_task_manager_ros2/lib/python3.10/site-packages/bt_task_manager_ros2-0.0.0-py3.10.egg-info/entry_points.txt
/home/rpp/rpp_ws/src/application/bt_task_manager_ros2/install/bt_task_manager_ros2/lib/python3.10/site-packages/bt_task_manager_ros2-0.0.0-py3.10.egg-info/requires.txt
/home/rpp/rpp_ws/src/application/bt_task_manager_ros2/install/bt_task_manager_ros2/lib/python3.10/site-packages/bt_task_manager_ros2-0.0.0-py3.10.egg-info/top_level.txt
/home/rpp/rpp_ws/src/application/bt_task_manager_ros2/install/bt_task_manager_ros2/lib/python3.10/site-packages/bt_task_manager_ros2-0.0.0-py3.10.egg-info/SOURCES.txt
/home/rpp/rpp_ws/src/application/bt_task_manager_ros2/install/bt_task_manager_ros2/lib/bt_task_manager_ros2/aruco_detector_node
/home/rpp/rpp_ws/src/application/bt_task_manager_ros2/install/bt_task_manager_ros2/lib/bt_task_manager_ros2/chassis
/home/rpp/rpp_ws/src/application/bt_task_manager_ros2/install/bt_task_manager_ros2/lib/bt_task_manager_ros2/controller_node
/home/rpp/rpp_ws/src/application/bt_task_manager_ros2/install/bt_task_manager_ros2/lib/bt_task_manager_ros2/grasp_node
/home/rpp/rpp_ws/src/application/bt_task_manager_ros2/install/bt_task_manager_ros2/lib/bt_task_manager_ros2/gripper
/home/rpp/rpp_ws/src/application/bt_task_manager_ros2/install/bt_task_manager_ros2/lib/bt_task_manager_ros2/moveit_arm
/home/rpp/rpp_ws/src/application/bt_task_manager_ros2/install/bt_task_manager_ros2/lib/bt_task_manager_ros2/navigation
/home/rpp/rpp_ws/src/application/bt_task_manager_ros2/install/bt_task_manager_ros2/lib/bt_task_manager_ros2/test
