[0.654s] Invoking command in '/home/rpp/rpp_ws/build/robot_bringup': CMAKE_PREFIX_PATH=${CMAKE_PREFIX_PATH}:/home/rpp/rpp_ws/install/setting_info:/home/rpp/rpp_ws/install/nav2_simple_commander:/home/rpp/rpp_ws/install/gui_control:/home/rpp/rpp_ws/install/graphic_display:/home/rpp/rpp_ws/install/linker_hand_ros2_sdk:/home/rpp/rpp_ws/install/bt_task_manager_ros2:/opt/ros/humble /usr/bin/cmake /home/rpp/rpp_ws/src/application/robot_bringup -DAMENT_CMAKE_SYMLINK_INSTALL=1 -DCMAKE_INSTALL_PREFIX=/home/rpp/rpp_ws/install/robot_bringup
[1.172s] -- The C compiler identification is GNU 11.4.0
[1.173s] -- The CXX compiler identification is GNU 11.4.0
[1.173s] -- Detecting C compiler ABI info
[1.173s] -- Detecting C compiler ABI info - done
[1.173s] -- Check for working C compiler: /usr/bin/cc - skipped
[1.173s] -- Detecting C compile features
[1.173s] -- Detecting C compile features - done
[1.173s] -- Detecting CXX compiler ABI info
[1.174s] -- Detecting CXX compiler ABI info - done
[1.176s] -- Check for working CXX compiler: /usr/bin/c++ - skipped
[1.176s] -- Detecting CXX compile features
[1.177s] -- Detecting CXX compile features - done
[1.187s] -- Found ament_cmake: 1.3.11 (/opt/ros/humble/share/ament_cmake/cmake)
[1.511s] -- Found Python3: /usr/bin/python3 (found version "3.10.12") found components: Interpreter 
[1.677s] -- Override CMake install command with custom implementation using symlinks instead of copying resources
[2.017s] -- Configuring done
[2.037s] -- Generating done
[2.040s] -- Build files have been written to: /home/rpp/rpp_ws/build/robot_bringup
[2.054s] Invoked command in '/home/rpp/rpp_ws/build/robot_bringup' returned '0': CMAKE_PREFIX_PATH=${CMAKE_PREFIX_PATH}:/home/rpp/rpp_ws/install/setting_info:/home/rpp/rpp_ws/install/nav2_simple_commander:/home/rpp/rpp_ws/install/gui_control:/home/rpp/rpp_ws/install/graphic_display:/home/rpp/rpp_ws/install/linker_hand_ros2_sdk:/home/rpp/rpp_ws/install/bt_task_manager_ros2:/opt/ros/humble /usr/bin/cmake /home/rpp/rpp_ws/src/application/robot_bringup -DAMENT_CMAKE_SYMLINK_INSTALL=1 -DCMAKE_INSTALL_PREFIX=/home/rpp/rpp_ws/install/robot_bringup
[2.055s] Invoking command in '/home/rpp/rpp_ws/build/robot_bringup': CMAKE_PREFIX_PATH=${CMAKE_PREFIX_PATH}:/home/rpp/rpp_ws/install/setting_info:/home/rpp/rpp_ws/install/nav2_simple_commander:/home/rpp/rpp_ws/install/gui_control:/home/rpp/rpp_ws/install/graphic_display:/home/rpp/rpp_ws/install/linker_hand_ros2_sdk:/home/rpp/rpp_ws/install/bt_task_manager_ros2:/opt/ros/humble /usr/bin/cmake --build /home/rpp/rpp_ws/build/robot_bringup -- -j24 -l24
[2.699s] Invoked command in '/home/rpp/rpp_ws/build/robot_bringup' returned '0': CMAKE_PREFIX_PATH=${CMAKE_PREFIX_PATH}:/home/rpp/rpp_ws/install/setting_info:/home/rpp/rpp_ws/install/nav2_simple_commander:/home/rpp/rpp_ws/install/gui_control:/home/rpp/rpp_ws/install/graphic_display:/home/rpp/rpp_ws/install/linker_hand_ros2_sdk:/home/rpp/rpp_ws/install/bt_task_manager_ros2:/opt/ros/humble /usr/bin/cmake --build /home/rpp/rpp_ws/build/robot_bringup -- -j24 -l24
[2.702s] Invoking command in '/home/rpp/rpp_ws/build/robot_bringup': CMAKE_PREFIX_PATH=${CMAKE_PREFIX_PATH}:/home/rpp/rpp_ws/install/setting_info:/home/rpp/rpp_ws/install/nav2_simple_commander:/home/rpp/rpp_ws/install/gui_control:/home/rpp/rpp_ws/install/graphic_display:/home/rpp/rpp_ws/install/linker_hand_ros2_sdk:/home/rpp/rpp_ws/install/bt_task_manager_ros2:/opt/ros/humble /usr/bin/cmake --install /home/rpp/rpp_ws/build/robot_bringup
[3.562s] -- Install configuration: ""
[3.562s] -- Execute custom install script
[3.562s] -- Symlinking: /home/rpp/rpp_ws/install/robot_bringup/share/robot_bringup/launch/arm.launch.py
[3.562s] -- Symlinking: /home/rpp/rpp_ws/install/robot_bringup/share/robot_bringup/launch/camera.launch.py
[3.563s] -- Symlinking: /home/rpp/rpp_ws/install/robot_bringup/share/robot_bringup/launch/lidar_2d.launch.py
[3.564s] -- Symlinking: /home/rpp/rpp_ws/install/robot_bringup/share/robot_bringup/launch/lidar_3d.launch.py
[3.564s] -- Symlinking: /home/rpp/rpp_ws/install/robot_bringup/share/robot_bringup/launch/lidar_bringup.launch.py
[3.565s] -- Symlinking: /home/rpp/rpp_ws/install/robot_bringup/share/robot_bringup/launch/lift_picth.launch.py
[3.566s] -- Symlinking: /home/rpp/rpp_ws/install/robot_bringup/share/robot_bringup/launch/load_robot_description.launch.py
[3.566s] -- Symlinking: /home/rpp/rpp_ws/install/robot_bringup/share/robot_bringup/launch/robot_driver.launch.py
[3.567s] -- Symlinking: /home/rpp/rpp_ws/install/robot_bringup/share/robot_bringup/launch/rpp_driver.launch.py
[3.569s] -- Symlinking: /home/rpp/rpp_ws/install/robot_bringup/share/robot_bringup/launch/rviz.launch.py
[3.569s] -- Symlinking: /home/rpp/rpp_ws/install/robot_bringup/share/robot_bringup/maps/20240731_14-00-11.pgm
[3.569s] -- Symlinking: /home/rpp/rpp_ws/install/robot_bringup/share/robot_bringup/maps/20240731_14-00-11.yaml
[3.570s] -- Symlinking: /home/rpp/rpp_ws/install/robot_bringup/share/robot_bringup/params/MID360_config.json
[3.570s] -- Symlinking: /home/rpp/rpp_ws/install/robot_bringup/share/robot_bringup/params/arm_controllers.yaml
[3.571s] -- Symlinking: /home/rpp/rpp_ws/install/robot_bringup/share/robot_bringup/params/lidar_clipping.yaml
[3.571s] -- Symlinking: /home/rpp/rpp_ws/install/robot_bringup/share/robot_bringup/params/lio.yaml
[3.571s] -- Symlinking: /home/rpp/rpp_ws/install/robot_bringup/share/robot_bringup/params/localizer.yaml
[3.572s] -- Symlinking: /home/rpp/rpp_ws/install/robot_bringup/share/robot_bringup/params/mapper_params_online_sync.yaml
[3.572s] -- Symlinking: /home/rpp/rpp_ws/install/robot_bringup/share/robot_bringup/params/nav2_3d.yaml
[3.573s] -- Symlinking: /home/rpp/rpp_ws/install/robot_bringup/share/robot_bringup/params/nav2_mppi_params.yaml
[3.574s] -- Symlinking: /home/rpp/rpp_ws/install/robot_bringup/share/robot_bringup/params/nav2_params.yaml
[3.574s] -- Symlinking: /home/rpp/rpp_ws/install/robot_bringup/share/robot_bringup/params/nav2_rpp_params.yaml
[3.575s] -- Symlinking: /home/rpp/rpp_ws/install/robot_bringup/share/robot_bringup/params/pgo.yaml
[3.576s] -- Symlinking: /home/rpp/rpp_ws/install/robot_bringup/share/robot_bringup/params/rpp.yaml
[3.576s] -- Symlinking: /home/rpp/rpp_ws/install/robot_bringup/share/robot_bringup/rviz/nav2_default_view.rviz
[3.577s] -- Symlinking: /home/rpp/rpp_ws/install/robot_bringup/share/ament_index/resource_index/package_run_dependencies/robot_bringup
[3.577s] -- Symlinking: /home/rpp/rpp_ws/install/robot_bringup/share/ament_index/resource_index/parent_prefix_path/robot_bringup
[3.577s] -- Symlinking: /home/rpp/rpp_ws/install/robot_bringup/share/robot_bringup/environment/ament_prefix_path.sh
[3.577s] -- Symlinking: /home/rpp/rpp_ws/install/robot_bringup/share/robot_bringup/environment/ament_prefix_path.dsv
[3.577s] -- Symlinking: /home/rpp/rpp_ws/install/robot_bringup/share/robot_bringup/environment/path.sh
[3.577s] -- Symlinking: /home/rpp/rpp_ws/install/robot_bringup/share/robot_bringup/environment/path.dsv
[3.577s] -- Symlinking: /home/rpp/rpp_ws/install/robot_bringup/share/robot_bringup/local_setup.bash
[3.577s] -- Symlinking: /home/rpp/rpp_ws/install/robot_bringup/share/robot_bringup/local_setup.sh
[3.584s] -- Symlinking: /home/rpp/rpp_ws/install/robot_bringup/share/robot_bringup/local_setup.zsh
[3.597s] -- Symlinking: /home/rpp/rpp_ws/install/robot_bringup/share/robot_bringup/local_setup.dsv
[3.618s] -- Symlinking: /home/rpp/rpp_ws/install/robot_bringup/share/robot_bringup/package.dsv
[3.643s] -- Symlinking: /home/rpp/rpp_ws/install/robot_bringup/share/ament_index/resource_index/packages/robot_bringup
[3.679s] -- Symlinking: /home/rpp/rpp_ws/install/robot_bringup/share/robot_bringup/cmake/robot_bringupConfig.cmake
[3.683s] -- Symlinking: /home/rpp/rpp_ws/install/robot_bringup/share/robot_bringup/cmake/robot_bringupConfig-version.cmake
[3.696s] -- Symlinking: /home/rpp/rpp_ws/install/robot_bringup/share/robot_bringup/package.xml
[4.643s] Invoked command in '/home/rpp/rpp_ws/build/robot_bringup' returned '0': CMAKE_PREFIX_PATH=${CMAKE_PREFIX_PATH}:/home/rpp/rpp_ws/install/setting_info:/home/rpp/rpp_ws/install/nav2_simple_commander:/home/rpp/rpp_ws/install/gui_control:/home/rpp/rpp_ws/install/graphic_display:/home/rpp/rpp_ws/install/linker_hand_ros2_sdk:/home/rpp/rpp_ws/install/bt_task_manager_ros2:/opt/ros/humble /usr/bin/cmake --install /home/rpp/rpp_ws/build/robot_bringup
