1756009870.9586537 [INFO] [launch]: All log files can be found below /home/rpp/rpp_logs/2025-08-24-12-31-10-958189-rpp-Default-string-5847
1756009870.9587350 [INFO] [launch]: Default logging verbosity is set to INFO
1756009870.9875817 [INFO] [ros2_control_node-1]: process started with pid [5848]
1756009870.9876797 [INFO] [spawner-2]: process started with pid [5850]
1756009870.9877255 [INFO] [spawner-3]: process started with pid [5852]
1756009870.9877634 [INFO] [spawner-4]: process started with pid [5854]
1756009870.9878047 [INFO] [spawner-5]: process started with pid [5856]
1756009871.0153308 [ros2_control_node-1] [INFO] [1756009871.015083692] [controller_manager]: Subscribing to '~/robot_description' topic for robot description file.
1756009871.0158968 [ros2_control_node-1] [INFO] [1756009871.015748557] [controller_manager]: update rate is 100 Hz
1756009871.0159974 [ros2_control_node-1] [INFO] [1756009871.015764337] [controller_manager]: Spawning controller_manager RT thread with scheduler priority: 50
1756009871.0162129 [ros2_control_node-1] [WARN] [1756009871.015858103] [controller_manager]: No real-time kernel detected on this system. See [https://control.ros.org/master/doc/ros2_control/controller_manager/doc/userdoc.html] for details on how to enable realtime scheduling.
1756009871.0263429 [ros2_control_node-1] [INFO] [1756009871.026126947] [controller_manager]: Received robot description file.
1756009871.0269268 [ros2_control_node-1] text not specified in the gripper_joint_name tag
1756009871.0271454 [ros2_control_node-1] text not specified in the gripper_joint_name tag
1756009871.0272088 [ros2_control_node-1] [INFO] [1756009871.026929736] [resource_manager]: Loading hardware 'left_KortexMultiInterfaceHardware' 
1756009871.0314789 [ros2_control_node-1] [INFO] [1756009871.031348320] [KortexMultiInterfaceHardware]: Setting severity threshold to DEBUG
1756009871.0316956 [ros2_control_node-1] [INFO] [1756009871.031377861] [resource_manager]: Initialize hardware 'left_KortexMultiInterfaceHardware' 
1756009871.0317593 [ros2_control_node-1] [INFO] [1756009871.031384064] [KortexMultiInterfaceHardware]: Configuring Hardware Interface
1756009871.0319018 [ros2_control_node-1] [INFO] [1756009871.031540926] [KortexMultiInterfaceHardware]: Robot ip is '192.168.11.60'
1756009871.0319529 [ros2_control_node-1] [INFO] [1756009871.031544132] [KortexMultiInterfaceHardware]: Username is 'admin'
1756009871.0320044 [ros2_control_node-1] [INFO] [1756009871.031549499] [KortexMultiInterfaceHardware]: Port used '10000'
1756009871.0320413 [ros2_control_node-1] [INFO] [1756009871.031551776] [KortexMultiInterfaceHardware]: Realtime port used '10001'
1756009871.0320745 [ros2_control_node-1] [INFO] [1756009871.031553741] [KortexMultiInterfaceHardware]: Session inactivity timeout is '60000'
1756009871.0321088 [ros2_control_node-1] [INFO] [1756009871.031555872] [KortexMultiInterfaceHardware]: Connection inactivity timeout is '2000'
1756009871.0321419 [ros2_control_node-1] [ERROR] [1756009871.031557829] [KortexMultiInterfaceHardware]: Gripper joint name is empty!
1756009871.0321741 [ros2_control_node-1] [INFO] [1756009871.031567981] [KortexMultiInterfaceHardware]: Connecting to robot at 192.168.11.60
1756009871.6188061 [spawner-4] [INFO] [1756009871.618630645] [spawner_right_joint_trajectory_controller]: waiting for service /controller_manager/list_controllers to become available...
1756009871.6194193 [spawner-5] [INFO] [1756009871.619348347] [spawner_fault_controller]: waiting for service /controller_manager/list_controllers to become available...
1756009871.6197391 [spawner-3] [INFO] [1756009871.619659973] [spawner_left_joint_trajectory_controller]: waiting for service /controller_manager/list_controllers to become available...
1756009871.6218460 [spawner-2] [INFO] [1756009871.621777009] [spawner_joint_state_broadcaster]: waiting for service /controller_manager/list_controllers to become available...
1756009874.1072569 [ros2_control_node-1] [INFO] [1756009874.106933358] [KortexMultiInterfaceHardware]: Creating session for communication
1756009874.1077886 [ros2_control_node-1] [ERROR] [1756009874.107189265] [controller_manager]: The published robot description file (urdf) seems not to be genuine. The following error was caught:not connected !!!
1756009881.6326923 [spawner-4] [WARN] [1756009881.632369589] [spawner_right_joint_trajectory_controller]: Could not contact service /controller_manager/list_controllers
1756009881.6332011 [spawner-4] [INFO] [1756009881.632871713] [spawner_right_joint_trajectory_controller]: waiting for service /controller_manager/list_controllers to become available...
1756009881.6339502 [spawner-3] [WARN] [1756009881.633779574] [spawner_left_joint_trajectory_controller]: Could not contact service /controller_manager/list_controllers
1756009881.6345212 [spawner-5] [WARN] [1756009881.634295467] [spawner_fault_controller]: Could not contact service /controller_manager/list_controllers
1756009881.6348019 [spawner-3] [INFO] [1756009881.634365647] [spawner_left_joint_trajectory_controller]: waiting for service /controller_manager/list_controllers to become available...
1756009881.6350753 [spawner-5] [INFO] [1756009881.634891391] [spawner_fault_controller]: waiting for service /controller_manager/list_controllers to become available...
1756009881.6364665 [spawner-2] [WARN] [1756009881.636146277] [spawner_joint_state_broadcaster]: Could not contact service /controller_manager/list_controllers
1756009881.6370091 [spawner-2] [INFO] [1756009881.636729454] [spawner_joint_state_broadcaster]: waiting for service /controller_manager/list_controllers to become available...
1756009891.6479831 [spawner-4] [WARN] [1756009891.647659386] [spawner_right_joint_trajectory_controller]: Could not contact service /controller_manager/list_controllers
1756009891.6485515 [spawner-4] [INFO] [1756009891.648336151] [spawner_right_joint_trajectory_controller]: waiting for service /controller_manager/list_controllers to become available...
1756009891.6500247 [spawner-3] [WARN] [1756009891.649752408] [spawner_left_joint_trajectory_controller]: Could not contact service /controller_manager/list_controllers
1756009891.6506002 [spawner-5] [WARN] [1756009891.649917160] [spawner_fault_controller]: Could not contact service /controller_manager/list_controllers
1756009891.6511028 [spawner-3] [INFO] [1756009891.650276170] [spawner_left_joint_trajectory_controller]: waiting for service /controller_manager/list_controllers to become available...
1756009891.6513627 [spawner-2] [WARN] [1756009891.650431255] [spawner_joint_state_broadcaster]: Could not contact service /controller_manager/list_controllers
1756009891.6515527 [spawner-5] [INFO] [1756009891.650492732] [spawner_fault_controller]: waiting for service /controller_manager/list_controllers to become available...
1756009891.6518557 [spawner-2] [INFO] [1756009891.650913196] [spawner_joint_state_broadcaster]: waiting for service /controller_manager/list_controllers to become available...
1756009901.6645174 [spawner-4] [WARN] [1756009901.664212495] [spawner_right_joint_trajectory_controller]: Could not contact service /controller_manager/list_controllers
1756009901.6650093 [spawner-4] [INFO] [1756009901.664753088] [spawner_right_joint_trajectory_controller]: waiting for service /controller_manager/list_controllers to become available...
1756009901.6656351 [spawner-5] [WARN] [1756009901.665424151] [spawner_fault_controller]: Could not contact service /controller_manager/list_controllers
1756009901.6660061 [spawner-5] [INFO] [1756009901.665908004] [spawner_fault_controller]: waiting for service /controller_manager/list_controllers to become available...
1756009901.6664145 [spawner-3] [WARN] [1756009901.666161081] [spawner_left_joint_trajectory_controller]: Could not contact service /controller_manager/list_controllers
1756009901.6667976 [spawner-3] [INFO] [1756009901.666704492] [spawner_left_joint_trajectory_controller]: waiting for service /controller_manager/list_controllers to become available...
1756009901.6671963 [spawner-2] [WARN] [1756009901.666899877] [spawner_joint_state_broadcaster]: Could not contact service /controller_manager/list_controllers
1756009901.6679795 [spawner-2] [INFO] [1756009901.667637534] [spawner_joint_state_broadcaster]: waiting for service /controller_manager/list_controllers to become available...
1756009911.6796529 [spawner-4] [WARN] [1756009911.679250030] [spawner_right_joint_trajectory_controller]: Could not contact service /controller_manager/list_controllers
1756009911.6801667 [spawner-4] [INFO] [1756009911.679749874] [spawner_right_joint_trajectory_controller]: waiting for service /controller_manager/list_controllers to become available...
1756009911.6804905 [spawner-5] [WARN] [1756009911.680252074] [spawner_fault_controller]: Could not contact service /controller_manager/list_controllers
1756009911.6808243 [spawner-5] [INFO] [1756009911.680713581] [spawner_fault_controller]: waiting for service /controller_manager/list_controllers to become available...
1756009911.6822803 [spawner-3] [WARN] [1756009911.682148359] [spawner_left_joint_trajectory_controller]: Could not contact service /controller_manager/list_controllers
1756009911.6828039 [spawner-3] [INFO] [1756009911.682699282] [spawner_left_joint_trajectory_controller]: waiting for service /controller_manager/list_controllers to become available...
1756009911.6835170 [spawner-2] [WARN] [1756009911.683154496] [spawner_joint_state_broadcaster]: Could not contact service /controller_manager/list_controllers
1756009911.6842670 [spawner-2] [INFO] [1756009911.684022667] [spawner_joint_state_broadcaster]: waiting for service /controller_manager/list_controllers to become available...
1756009921.6936600 [spawner-4] [WARN] [1756009921.693256591] [spawner_right_joint_trajectory_controller]: Could not contact service /controller_manager/list_controllers
1756009921.6942000 [spawner-4] [INFO] [1756009921.693832711] [spawner_right_joint_trajectory_controller]: waiting for service /controller_manager/list_controllers to become available...
1756009921.6961789 [spawner-5] [WARN] [1756009921.695874579] [spawner_fault_controller]: Could not contact service /controller_manager/list_controllers
1756009921.6965737 [spawner-5] [INFO] [1756009921.696417917] [spawner_fault_controller]: waiting for service /controller_manager/list_controllers to become available...
1756009921.6978197 [spawner-3] [WARN] [1756009921.697593119] [spawner_left_joint_trajectory_controller]: Could not contact service /controller_manager/list_controllers
1756009921.6983168 [spawner-2] [WARN] [1756009921.698098441] [spawner_joint_state_broadcaster]: Could not contact service /controller_manager/list_controllers
1756009921.6986673 [spawner-3] [INFO] [1756009921.698431592] [spawner_left_joint_trajectory_controller]: waiting for service /controller_manager/list_controllers to become available...
1756009921.6989598 [spawner-2] [INFO] [1756009921.698603848] [spawner_joint_state_broadcaster]: waiting for service /controller_manager/list_controllers to become available...
