[1.059s] Invoking command in '/home/rpp/rpp_ws/build/slam_2d': CMAKE_PREFIX_PATH=${CMAKE_PREFIX_PATH}:/home/rpp/rpp_ws/install/setting_info:/home/rpp/rpp_ws/install/nav2_simple_commander:/home/rpp/rpp_ws/install/gui_control:/home/rpp/rpp_ws/install/graphic_display:/home/rpp/rpp_ws/install/linker_hand_ros2_sdk:/home/rpp/rpp_ws/install/bt_task_manager_ros2:/opt/ros/humble /usr/bin/cmake /home/rpp/rpp_ws/src/application/slam_2d -DAMENT_CMAKE_SYMLINK_INSTALL=1 -DCMAKE_INSTALL_PREFIX=/home/rpp/rpp_ws/install/slam_2d
[1.193s] -- The C compiler identification is GNU 11.4.0
[1.284s] -- The CXX compiler identification is GNU 11.4.0
[1.299s] -- Detecting C compiler ABI info
[1.480s] -- Detecting C compiler ABI info - done
[1.526s] -- Check for working C compiler: /usr/bin/cc - skipped
[1.526s] -- Detecting C compile features
[1.527s] -- Detecting C compile features - done
[1.542s] -- Detecting CXX compiler ABI info
[1.724s] -- Detecting CXX compiler ABI info - done
[1.759s] -- Check for working CXX compiler: /usr/bin/c++ - skipped
[1.760s] -- Detecting CXX compile features
[1.762s] -- Detecting CXX compile features - done
[1.777s] -- Found ament_cmake: 1.3.11 (/opt/ros/humble/share/ament_cmake/cmake)
[2.100s] -- Found Python3: /usr/bin/python3 (found version "3.10.12") found components: Interpreter 
[2.226s] -- Override CMake install command with custom implementation using symlinks instead of copying resources
[2.316s] -- Found ament_lint_auto: 0.12.11 (/opt/ros/humble/share/ament_lint_auto/cmake)
[2.518s] -- Added test 'flake8' to check Python code syntax and style conventions
[2.519s] -- Added test 'lint_cmake' to check CMake code style
[2.523s] -- Added test 'pep257' to check Python code against some of the docstring style conventions in PEP 257
[2.530s] -- Added test 'xmllint' to check XML markup files
[2.537s] -- Configuring done
[2.547s] -- Generating done
[2.555s] -- Build files have been written to: /home/rpp/rpp_ws/build/slam_2d
[2.581s] Invoked command in '/home/rpp/rpp_ws/build/slam_2d' returned '0': CMAKE_PREFIX_PATH=${CMAKE_PREFIX_PATH}:/home/rpp/rpp_ws/install/setting_info:/home/rpp/rpp_ws/install/nav2_simple_commander:/home/rpp/rpp_ws/install/gui_control:/home/rpp/rpp_ws/install/graphic_display:/home/rpp/rpp_ws/install/linker_hand_ros2_sdk:/home/rpp/rpp_ws/install/bt_task_manager_ros2:/opt/ros/humble /usr/bin/cmake /home/rpp/rpp_ws/src/application/slam_2d -DAMENT_CMAKE_SYMLINK_INSTALL=1 -DCMAKE_INSTALL_PREFIX=/home/rpp/rpp_ws/install/slam_2d
[2.582s] Invoking command in '/home/rpp/rpp_ws/build/slam_2d': CMAKE_PREFIX_PATH=${CMAKE_PREFIX_PATH}:/home/rpp/rpp_ws/install/setting_info:/home/rpp/rpp_ws/install/nav2_simple_commander:/home/rpp/rpp_ws/install/gui_control:/home/rpp/rpp_ws/install/graphic_display:/home/rpp/rpp_ws/install/linker_hand_ros2_sdk:/home/rpp/rpp_ws/install/bt_task_manager_ros2:/opt/ros/humble /usr/bin/cmake --build /home/rpp/rpp_ws/build/slam_2d -- -j24 -l24
[3.577s] Invoked command in '/home/rpp/rpp_ws/build/slam_2d' returned '0': CMAKE_PREFIX_PATH=${CMAKE_PREFIX_PATH}:/home/rpp/rpp_ws/install/setting_info:/home/rpp/rpp_ws/install/nav2_simple_commander:/home/rpp/rpp_ws/install/gui_control:/home/rpp/rpp_ws/install/graphic_display:/home/rpp/rpp_ws/install/linker_hand_ros2_sdk:/home/rpp/rpp_ws/install/bt_task_manager_ros2:/opt/ros/humble /usr/bin/cmake --build /home/rpp/rpp_ws/build/slam_2d -- -j24 -l24
[3.580s] Invoking command in '/home/rpp/rpp_ws/build/slam_2d': CMAKE_PREFIX_PATH=${CMAKE_PREFIX_PATH}:/home/rpp/rpp_ws/install/setting_info:/home/rpp/rpp_ws/install/nav2_simple_commander:/home/rpp/rpp_ws/install/gui_control:/home/rpp/rpp_ws/install/graphic_display:/home/rpp/rpp_ws/install/linker_hand_ros2_sdk:/home/rpp/rpp_ws/install/bt_task_manager_ros2:/opt/ros/humble /usr/bin/cmake --install /home/rpp/rpp_ws/build/slam_2d
[4.611s] -- Install configuration: ""
[4.611s] -- Execute custom install script
[4.611s] -- Symlinking: /home/rpp/rpp_ws/install/slam_2d/share/slam_2d/launch/slam_toolbox_mapping.launch.py
[4.611s] -- Symlinking: /home/rpp/rpp_ws/install/slam_2d/share/slam_2d/config/mapper_params_online_sync.yaml
[4.612s] -- Symlinking: /home/rpp/rpp_ws/install/slam_2d/share/slam_2d/config/nav2_mppi_params.yaml
[4.612s] -- Symlinking: /home/rpp/rpp_ws/install/slam_2d/share/ament_index/resource_index/package_run_dependencies/slam_2d
[4.612s] -- Symlinking: /home/rpp/rpp_ws/install/slam_2d/share/ament_index/resource_index/parent_prefix_path/slam_2d
[4.612s] -- Symlinking: /home/rpp/rpp_ws/install/slam_2d/share/slam_2d/environment/ament_prefix_path.sh
[4.612s] -- Symlinking: /home/rpp/rpp_ws/install/slam_2d/share/slam_2d/environment/ament_prefix_path.dsv
[4.612s] -- Symlinking: /home/rpp/rpp_ws/install/slam_2d/share/slam_2d/environment/path.sh
[4.612s] -- Symlinking: /home/rpp/rpp_ws/install/slam_2d/share/slam_2d/environment/path.dsv
[4.612s] -- Symlinking: /home/rpp/rpp_ws/install/slam_2d/share/slam_2d/local_setup.bash
[4.612s] -- Symlinking: /home/rpp/rpp_ws/install/slam_2d/share/slam_2d/local_setup.sh
[4.613s] -- Symlinking: /home/rpp/rpp_ws/install/slam_2d/share/slam_2d/local_setup.zsh
[4.613s] -- Symlinking: /home/rpp/rpp_ws/install/slam_2d/share/slam_2d/local_setup.dsv
[4.613s] -- Symlinking: /home/rpp/rpp_ws/install/slam_2d/share/slam_2d/package.dsv
[4.614s] -- Symlinking: /home/rpp/rpp_ws/install/slam_2d/share/ament_index/resource_index/packages/slam_2d
[4.614s] -- Symlinking: /home/rpp/rpp_ws/install/slam_2d/share/slam_2d/cmake/slam_2dConfig.cmake
[4.614s] -- Symlinking: /home/rpp/rpp_ws/install/slam_2d/share/slam_2d/cmake/slam_2dConfig-version.cmake
[4.614s] -- Symlinking: /home/rpp/rpp_ws/install/slam_2d/share/slam_2d/package.xml
[4.672s] Invoked command in '/home/rpp/rpp_ws/build/slam_2d' returned '0': CMAKE_PREFIX_PATH=${CMAKE_PREFIX_PATH}:/home/rpp/rpp_ws/install/setting_info:/home/rpp/rpp_ws/install/nav2_simple_commander:/home/rpp/rpp_ws/install/gui_control:/home/rpp/rpp_ws/install/graphic_display:/home/rpp/rpp_ws/install/linker_hand_ros2_sdk:/home/rpp/rpp_ws/install/bt_task_manager_ros2:/opt/ros/humble /usr/bin/cmake --install /home/rpp/rpp_ws/build/slam_2d
