-- The C compiler identification is GNU 11.4.0
-- The CXX compiler identification is GNU 11.4.0
-- Detecting C compiler ABI info
-- Detecting C compiler ABI info - done
-- Check for working C compiler: /usr/bin/cc - skipped
-- Detecting C compile features
-- Detecting C compile features - done
-- Detecting CXX compiler ABI info
-- Detecting CXX compiler ABI info - done
-- Check for working CXX compiler: /usr/bin/c++ - skipped
-- Detecting CXX compile features
-- Detecting CXX compile features - done
-- Found ament_cmake: 1.3.11 (/opt/ros/humble/share/ament_cmake/cmake)
-- Found Python3: /usr/bin/python3 (found version "3.10.12") found components: Interpreter 
-- Override CMake install command with custom implementation using symlinks instead of copying resources
-- Found rosidl_default_generators: 1.2.0 (/opt/ros/humble/share/rosidl_default_generators/cmake)
-- Using all available rosidl_typesupport_c: rosidl_typesupport_fastrtps_c;rosidl_typesupport_introspection_c
-- Found rosidl_adapter: 3.1.6 (/opt/ros/humble/share/rosidl_adapter/cmake)
-- Using all available rosidl_typesupport_cpp: rosidl_typesupport_fastrtps_cpp;rosidl_typesupport_introspection_cpp
-- Found std_msgs: 4.2.4 (/opt/ros/humble/share/std_msgs/cmake)
-- Found ament_cmake_ros: 0.10.0 (/opt/ros/humble/share/ament_cmake_ros/cmake)
-- Using all available rosidl_typesupport_c: rosidl_typesupport_fastrtps_c;rosidl_typesupport_introspection_c
-- Using all available rosidl_typesupport_cpp: rosidl_typesupport_fastrtps_cpp;rosidl_typesupport_introspection_cpp
-- Found PythonInterp: /usr/bin/python3 (found suitable version "3.10.12", minimum required is "3.6") 
-- Found python_cmake_module: 0.10.0 (/opt/ros/humble/share/python_cmake_module/cmake)
-- Found PythonLibs: /usr/lib/x86_64-linux-gnu/libpython3.10.so (found suitable version "3.10.12", minimum required is "3.5") 
-- Using PYTHON_EXECUTABLE: /usr/bin/python3
-- Using PYTHON_INCLUDE_DIRS: /usr/include/python3.10
-- Using PYTHON_LIBRARIES: /usr/lib/x86_64-linux-gnu/libpython3.10.so
-- Found PythonExtra: .so  
-- Configuring done
-- Generating done
-- Build files have been written to: /home/rpp/rpp_ws/build/rpp_msgs
[  1%] [34m[1mGenerating C++ code for ROS interfaces[0m
[  2%] [34m[1mGenerating C code for ROS interfaces[0m
[  2%] Built target ament_cmake_python_symlink_rpp_msgs
running egg_info
creating rpp_msgs.egg-info
writing rpp_msgs.egg-info/PKG-INFO
writing dependency_links to rpp_msgs.egg-info/dependency_links.txt
writing top-level names to rpp_msgs.egg-info/top_level.txt
writing manifest file 'rpp_msgs.egg-info/SOURCES.txt'
reading manifest file 'rpp_msgs.egg-info/SOURCES.txt'
writing manifest file 'rpp_msgs.egg-info/SOURCES.txt'
[  2%] Built target ament_cmake_python_build_rpp_msgs_egg
[  2%] Built target rpp_msgs__cpp
[  3%] [34m[1mGenerating C++ type support dispatch for ROS interfaces[0m
[  4%] [34m[1mGenerating C++ type support for eProsima Fast-RTPS[0m
[  5%] [34m[1mGenerating C++ introspection for ROS interfaces[0m
[  6%] [32mBuilding C object CMakeFiles/rpp_msgs__rosidl_generator_c.dir/rosidl_generator_c/rpp_msgs/msg/detail/battery_state__functions.c.o[0m
[  7%] [32mBuilding C object CMakeFiles/rpp_msgs__rosidl_generator_c.dir/rosidl_generator_c/rpp_msgs/msg/detail/error_state__functions.c.o[0m
[  8%] [32mBuilding C object CMakeFiles/rpp_msgs__rosidl_generator_c.dir/rosidl_generator_c/rpp_msgs/msg/detail/motor_state__functions.c.o[0m
[  9%] [32mBuilding C object CMakeFiles/rpp_msgs__rosidl_generator_c.dir/rosidl_generator_c/rpp_msgs/msg/detail/light_state__functions.c.o[0m
[ 10%] [32mBuilding C object CMakeFiles/rpp_msgs__rosidl_generator_c.dir/rosidl_generator_c/rpp_msgs/msg/detail/device_state__functions.c.o[0m
[ 11%] [32mBuilding C object CMakeFiles/rpp_msgs__rosidl_generator_c.dir/rosidl_generator_c/rpp_msgs/msg/detail/single_motor_state__functions.c.o[0m
[ 12%] [32mBuilding C object CMakeFiles/rpp_msgs__rosidl_generator_c.dir/rosidl_generator_c/rpp_msgs/msg/detail/set_error_mask__functions.c.o[0m
[ 13%] [32mBuilding C object CMakeFiles/rpp_msgs__rosidl_generator_c.dir/rosidl_generator_c/rpp_msgs/msg/detail/set_device__functions.c.o[0m
[ 14%] [32mBuilding C object CMakeFiles/rpp_msgs__rosidl_generator_c.dir/rosidl_generator_c/rpp_msgs/msg/detail/set_light__functions.c.o[0m
[ 15%] [32m[1mLinking C shared library librpp_msgs__rosidl_generator_c.so[0m
[ 15%] Built target rpp_msgs__rosidl_generator_c
[ 17%] [34m[1mGenerating C type support for eProsima Fast-RTPS[0m
[ 17%] [34m[1mGenerating C introspection for ROS interfaces[0m
[ 18%] [34m[1mGenerating C type support dispatch for ROS interfaces[0m
[ 20%] [32mBuilding CXX object CMakeFiles/rpp_msgs__rosidl_typesupport_introspection_cpp.dir/rosidl_typesupport_introspection_cpp/rpp_msgs/msg/detail/light_state__type_support.cpp.o[0m
[ 25%] [32mBuilding CXX object CMakeFiles/rpp_msgs__rosidl_typesupport_introspection_cpp.dir/rosidl_typesupport_introspection_cpp/rpp_msgs/msg/detail/device_state__type_support.cpp.o[0m
[ 21%] [32mBuilding CXX object CMakeFiles/rpp_msgs__rosidl_typesupport_introspection_cpp.dir/rosidl_typesupport_introspection_cpp/rpp_msgs/msg/detail/motor_state__type_support.cpp.o[0m
[ 27%] [32mBuilding CXX object CMakeFiles/rpp_msgs__rosidl_typesupport_introspection_cpp.dir/rosidl_typesupport_introspection_cpp/rpp_msgs/msg/detail/set_error_mask__type_support.cpp.o[0m
[ 28%] [32mBuilding CXX object CMakeFiles/rpp_msgs__rosidl_typesupport_introspection_cpp.dir/rosidl_typesupport_introspection_cpp/rpp_msgs/msg/detail/single_motor_state__type_support.cpp.o[0m
[ 32%] [32mBuilding CXX object CMakeFiles/rpp_msgs__rosidl_typesupport_c.dir/rosidl_typesupport_c/rpp_msgs/msg/light_state__type_support.cpp.o[0m
[ 24%] [32mBuilding CXX object CMakeFiles/rpp_msgs__rosidl_typesupport_introspection_cpp.dir/rosidl_typesupport_introspection_cpp/rpp_msgs/msg/detail/set_light__type_support.cpp.o[0m
[ 23%] [32mBuilding CXX object CMakeFiles/rpp_msgs__rosidl_typesupport_introspection_cpp.dir/rosidl_typesupport_introspection_cpp/rpp_msgs/msg/detail/error_state__type_support.cpp.o[0m
[ 22%] [32mBuilding CXX object CMakeFiles/rpp_msgs__rosidl_typesupport_introspection_cpp.dir/rosidl_typesupport_introspection_cpp/rpp_msgs/msg/detail/set_device__type_support.cpp.o[0m
[ 30%] [32mBuilding CXX object CMakeFiles/rpp_msgs__rosidl_typesupport_c.dir/rosidl_typesupport_c/rpp_msgs/msg/device_state__type_support.cpp.o[0m
[ 31%] [32mBuilding CXX object CMakeFiles/rpp_msgs__rosidl_typesupport_c.dir/rosidl_typesupport_c/rpp_msgs/msg/motor_state__type_support.cpp.o[0m
[ 33%] [32mBuilding CXX object CMakeFiles/rpp_msgs__rosidl_typesupport_c.dir/rosidl_typesupport_c/rpp_msgs/msg/error_state__type_support.cpp.o[0m
[ 35%] [32mBuilding CXX object CMakeFiles/rpp_msgs__rosidl_typesupport_c.dir/rosidl_typesupport_c/rpp_msgs/msg/set_device__type_support.cpp.o[0m
[ 36%] [32mBuilding CXX object CMakeFiles/rpp_msgs__rosidl_typesupport_introspection_cpp.dir/rosidl_typesupport_introspection_cpp/rpp_msgs/msg/detail/battery_state__type_support.cpp.o[0m
[ 34%] [32mBuilding CXX object CMakeFiles/rpp_msgs__rosidl_typesupport_c.dir/rosidl_typesupport_c/rpp_msgs/msg/single_motor_state__type_support.cpp.o[0m
[ 29%] [32mBuilding CXX object CMakeFiles/rpp_msgs__rosidl_typesupport_c.dir/rosidl_typesupport_c/rpp_msgs/msg/battery_state__type_support.cpp.o[0m
[ 37%] [32mBuilding CXX object CMakeFiles/rpp_msgs__rosidl_typesupport_c.dir/rosidl_typesupport_c/rpp_msgs/msg/set_error_mask__type_support.cpp.o[0m
[ 42%] [32mBuilding CXX object CMakeFiles/rpp_msgs__rosidl_typesupport_cpp.dir/rosidl_typesupport_cpp/rpp_msgs/msg/light_state__type_support.cpp.o[0m
[ 40%] [32mBuilding CXX object CMakeFiles/rpp_msgs__rosidl_typesupport_cpp.dir/rosidl_typesupport_cpp/rpp_msgs/msg/battery_state__type_support.cpp.o[0m
[ 41%] [32mBuilding CXX object CMakeFiles/rpp_msgs__rosidl_typesupport_cpp.dir/rosidl_typesupport_cpp/rpp_msgs/msg/device_state__type_support.cpp.o[0m
[ 42%] [32mBuilding CXX object CMakeFiles/rpp_msgs__rosidl_typesupport_cpp.dir/rosidl_typesupport_cpp/rpp_msgs/msg/error_state__type_support.cpp.o[0m
[ 38%] [32mBuilding CXX object CMakeFiles/rpp_msgs__rosidl_typesupport_c.dir/rosidl_typesupport_c/rpp_msgs/msg/set_light__type_support.cpp.o[0m
[ 43%] [32mBuilding CXX object CMakeFiles/rpp_msgs__rosidl_typesupport_cpp.dir/rosidl_typesupport_cpp/rpp_msgs/msg/motor_state__type_support.cpp.o[0m
[ 45%] [32mBuilding CXX object CMakeFiles/rpp_msgs__rosidl_typesupport_cpp.dir/rosidl_typesupport_cpp/rpp_msgs/msg/set_device__type_support.cpp.o[0m
[ 44%] [32mBuilding CXX object CMakeFiles/rpp_msgs__rosidl_typesupport_cpp.dir/rosidl_typesupport_cpp/rpp_msgs/msg/single_motor_state__type_support.cpp.o[0m
[ 47%] [32mBuilding CXX object CMakeFiles/rpp_msgs__rosidl_typesupport_cpp.dir/rosidl_typesupport_cpp/rpp_msgs/msg/set_error_mask__type_support.cpp.o[0m
[ 47%] [32mBuilding CXX object CMakeFiles/rpp_msgs__rosidl_typesupport_cpp.dir/rosidl_typesupport_cpp/rpp_msgs/msg/set_light__type_support.cpp.o[0m
[ 48%] [32m[1mLinking CXX shared library librpp_msgs__rosidl_typesupport_c.so[0m
[ 49%] [32mBuilding CXX object CMakeFiles/rpp_msgs__rosidl_typesupport_fastrtps_cpp.dir/rosidl_typesupport_fastrtps_cpp/rpp_msgs/msg/detail/dds_fastrtps/device_state__type_support.cpp.o[0m
[ 50%] [32mBuilding CXX object CMakeFiles/rpp_msgs__rosidl_typesupport_fastrtps_cpp.dir/rosidl_typesupport_fastrtps_cpp/rpp_msgs/msg/detail/dds_fastrtps/error_state__type_support.cpp.o[0m
[ 51%] [32mBuilding CXX object CMakeFiles/rpp_msgs__rosidl_typesupport_fastrtps_cpp.dir/rosidl_typesupport_fastrtps_cpp/rpp_msgs/msg/detail/dds_fastrtps/battery_state__type_support.cpp.o[0m
[ 52%] [32mBuilding CXX object CMakeFiles/rpp_msgs__rosidl_typesupport_fastrtps_c.dir/rosidl_typesupport_fastrtps_c/rpp_msgs/msg/detail/battery_state__type_support_c.cpp.o[0m
[ 52%] Built target rpp_msgs__rosidl_typesupport_c
[ 53%] [32mBuilding CXX object CMakeFiles/rpp_msgs__rosidl_typesupport_fastrtps_cpp.dir/rosidl_typesupport_fastrtps_cpp/rpp_msgs/msg/detail/dds_fastrtps/light_state__type_support.cpp.o[0m
[ 54%] [32mBuilding CXX object CMakeFiles/rpp_msgs__rosidl_typesupport_fastrtps_c.dir/rosidl_typesupport_fastrtps_c/rpp_msgs/msg/detail/device_state__type_support_c.cpp.o[0m
[ 55%] [32mBuilding CXX object CMakeFiles/rpp_msgs__rosidl_typesupport_fastrtps_cpp.dir/rosidl_typesupport_fastrtps_cpp/rpp_msgs/msg/detail/dds_fastrtps/motor_state__type_support.cpp.o[0m
[ 56%] [32mBuilding CXX object CMakeFiles/rpp_msgs__rosidl_typesupport_fastrtps_c.dir/rosidl_typesupport_fastrtps_c/rpp_msgs/msg/detail/error_state__type_support_c.cpp.o[0m
[ 57%] [32mBuilding CXX object CMakeFiles/rpp_msgs__rosidl_typesupport_fastrtps_cpp.dir/rosidl_typesupport_fastrtps_cpp/rpp_msgs/msg/detail/dds_fastrtps/single_motor_state__type_support.cpp.o[0m
[ 58%] [32mBuilding CXX object CMakeFiles/rpp_msgs__rosidl_typesupport_fastrtps_c.dir/rosidl_typesupport_fastrtps_c/rpp_msgs/msg/detail/light_state__type_support_c.cpp.o[0m
[ 60%] [32mBuilding CXX object CMakeFiles/rpp_msgs__rosidl_typesupport_fastrtps_c.dir/rosidl_typesupport_fastrtps_c/rpp_msgs/msg/detail/motor_state__type_support_c.cpp.o[0m
[ 61%] [32mBuilding CXX object CMakeFiles/rpp_msgs__rosidl_typesupport_fastrtps_c.dir/rosidl_typesupport_fastrtps_c/rpp_msgs/msg/detail/single_motor_state__type_support_c.cpp.o[0m
[ 64%] [32mBuilding CXX object CMakeFiles/rpp_msgs__rosidl_typesupport_fastrtps_c.dir/rosidl_typesupport_fastrtps_c/rpp_msgs/msg/detail/set_device__type_support_c.cpp.o[0m
[ 64%] [32mBuilding CXX object CMakeFiles/rpp_msgs__rosidl_typesupport_fastrtps_cpp.dir/rosidl_typesupport_fastrtps_cpp/rpp_msgs/msg/detail/dds_fastrtps/set_device__type_support.cpp.o[0m
[ 64%] [32mBuilding CXX object CMakeFiles/rpp_msgs__rosidl_typesupport_fastrtps_cpp.dir/rosidl_typesupport_fastrtps_cpp/rpp_msgs/msg/detail/dds_fastrtps/set_error_mask__type_support.cpp.o[0m
[ 65%] [32mBuilding CXX object CMakeFiles/rpp_msgs__rosidl_typesupport_fastrtps_c.dir/rosidl_typesupport_fastrtps_c/rpp_msgs/msg/detail/set_error_mask__type_support_c.cpp.o[0m
[ 66%] [32mBuilding CXX object CMakeFiles/rpp_msgs__rosidl_typesupport_fastrtps_c.dir/rosidl_typesupport_fastrtps_c/rpp_msgs/msg/detail/set_light__type_support_c.cpp.o[0m
[ 67%] [32mBuilding C object CMakeFiles/rpp_msgs__rosidl_typesupport_introspection_c.dir/rosidl_typesupport_introspection_c/rpp_msgs/msg/detail/battery_state__type_support.c.o[0m
[ 68%] [32mBuilding C object CMakeFiles/rpp_msgs__rosidl_typesupport_introspection_c.dir/rosidl_typesupport_introspection_c/rpp_msgs/msg/detail/device_state__type_support.c.o[0m
[ 69%] [32mBuilding CXX object CMakeFiles/rpp_msgs__rosidl_typesupport_fastrtps_cpp.dir/rosidl_typesupport_fastrtps_cpp/rpp_msgs/msg/detail/dds_fastrtps/set_light__type_support.cpp.o[0m
[ 70%] [32mBuilding C object CMakeFiles/rpp_msgs__rosidl_typesupport_introspection_c.dir/rosidl_typesupport_introspection_c/rpp_msgs/msg/detail/error_state__type_support.c.o[0m
[ 71%] [32mBuilding C object CMakeFiles/rpp_msgs__rosidl_typesupport_introspection_c.dir/rosidl_typesupport_introspection_c/rpp_msgs/msg/detail/light_state__type_support.c.o[0m
[ 72%] [32mBuilding C object CMakeFiles/rpp_msgs__rosidl_typesupport_introspection_c.dir/rosidl_typesupport_introspection_c/rpp_msgs/msg/detail/motor_state__type_support.c.o[0m
[ 73%] [32mBuilding C object CMakeFiles/rpp_msgs__rosidl_typesupport_introspection_c.dir/rosidl_typesupport_introspection_c/rpp_msgs/msg/detail/single_motor_state__type_support.c.o[0m
[ 74%] [32mBuilding C object CMakeFiles/rpp_msgs__rosidl_typesupport_introspection_c.dir/rosidl_typesupport_introspection_c/rpp_msgs/msg/detail/set_device__type_support.c.o[0m
[ 75%] [32mBuilding C object CMakeFiles/rpp_msgs__rosidl_typesupport_introspection_c.dir/rosidl_typesupport_introspection_c/rpp_msgs/msg/detail/set_error_mask__type_support.c.o[0m
[ 76%] [32m[1mLinking CXX shared library librpp_msgs__rosidl_typesupport_cpp.so[0m
[ 77%] [32mBuilding C object CMakeFiles/rpp_msgs__rosidl_typesupport_introspection_c.dir/rosidl_typesupport_introspection_c/rpp_msgs/msg/detail/set_light__type_support.c.o[0m
[ 77%] Built target rpp_msgs__rosidl_typesupport_cpp
[ 78%] [32m[1mLinking C shared library librpp_msgs__rosidl_typesupport_introspection_c.so[0m
[ 78%] Built target rpp_msgs__rosidl_typesupport_introspection_c
[ 80%] [32m[1mLinking CXX shared library librpp_msgs__rosidl_typesupport_introspection_cpp.so[0m
[ 81%] [32m[1mLinking CXX shared library librpp_msgs__rosidl_typesupport_fastrtps_c.so[0m
[ 81%] Built target rpp_msgs__rosidl_typesupport_introspection_cpp
[ 82%] [32m[1mLinking CXX shared library librpp_msgs__rosidl_typesupport_fastrtps_cpp.so[0m
[ 82%] Built target rpp_msgs__rosidl_typesupport_fastrtps_c
[ 82%] Built target rpp_msgs__rosidl_typesupport_fastrtps_cpp
[ 82%] Built target rpp_msgs
[ 83%] [34m[1mGenerating Python code for ROS interfaces[0m
[ 83%] Built target rpp_msgs__py
[ 84%] [32mBuilding C object CMakeFiles/rpp_msgs__rosidl_generator_py.dir/rosidl_generator_py/rpp_msgs/msg/_device_state_s.c.o[0m
[ 85%] [32mBuilding C object CMakeFiles/rpp_msgs__rosidl_generator_py.dir/rosidl_generator_py/rpp_msgs/msg/_battery_state_s.c.o[0m
[ 86%] [32mBuilding C object CMakeFiles/rpp_msgs__rosidl_generator_py.dir/rosidl_generator_py/rpp_msgs/msg/_set_device_s.c.o[0m
[ 87%] [32mBuilding C object CMakeFiles/rpp_msgs__rosidl_generator_py.dir/rosidl_generator_py/rpp_msgs/msg/_single_motor_state_s.c.o[0m
[ 88%] [32mBuilding C object CMakeFiles/rpp_msgs__rosidl_generator_py.dir/rosidl_generator_py/rpp_msgs/msg/_error_state_s.c.o[0m
[ 89%] [32mBuilding C object CMakeFiles/rpp_msgs__rosidl_generator_py.dir/rosidl_generator_py/rpp_msgs/msg/_light_state_s.c.o[0m
[ 90%] [32mBuilding C object CMakeFiles/rpp_msgs__rosidl_generator_py.dir/rosidl_generator_py/rpp_msgs/msg/_motor_state_s.c.o[0m
[ 91%] [32mBuilding C object CMakeFiles/rpp_msgs__rosidl_generator_py.dir/rosidl_generator_py/rpp_msgs/msg/_set_error_mask_s.c.o[0m
[ 92%] [32mBuilding C object CMakeFiles/rpp_msgs__rosidl_generator_py.dir/rosidl_generator_py/rpp_msgs/msg/_set_light_s.c.o[0m
[ 93%] [32m[1mLinking C shared library rosidl_generator_py/rpp_msgs/librpp_msgs__rosidl_generator_py.so[0m
[ 93%] Built target rpp_msgs__rosidl_generator_py
[ 94%] [32mBuilding C object CMakeFiles/rpp_msgs__rosidl_typesupport_fastrtps_c__pyext.dir/rosidl_generator_py/rpp_msgs/_rpp_msgs_s.ep.rosidl_typesupport_fastrtps_c.c.o[0m
[ 95%] [32mBuilding C object CMakeFiles/rpp_msgs__rosidl_typesupport_c__pyext.dir/rosidl_generator_py/rpp_msgs/_rpp_msgs_s.ep.rosidl_typesupport_c.c.o[0m
[ 96%] [32mBuilding C object CMakeFiles/rpp_msgs__rosidl_typesupport_introspection_c__pyext.dir/rosidl_generator_py/rpp_msgs/_rpp_msgs_s.ep.rosidl_typesupport_introspection_c.c.o[0m
[ 97%] [32m[1mLinking C shared library rosidl_generator_py/rpp_msgs/rpp_msgs_s__rosidl_typesupport_introspection_c.cpython-310-x86_64-linux-gnu.so[0m
[ 98%] [32m[1mLinking C shared library rosidl_generator_py/rpp_msgs/rpp_msgs_s__rosidl_typesupport_c.cpython-310-x86_64-linux-gnu.so[0m
[100%] [32m[1mLinking C shared library rosidl_generator_py/rpp_msgs/rpp_msgs_s__rosidl_typesupport_fastrtps_c.cpython-310-x86_64-linux-gnu.so[0m
[100%] Built target rpp_msgs__rosidl_typesupport_introspection_c__pyext
[100%] Built target rpp_msgs__rosidl_typesupport_c__pyext
[100%] Built target rpp_msgs__rosidl_typesupport_fastrtps_c__pyext
-- Install configuration: ""
-- Execute custom install script
-- Symlinking: /home/rpp/rpp_ws/install/rpp_msgs/share/ament_index/resource_index/rosidl_interfaces/rpp_msgs
-- Symlinking: /home/rpp/rpp_ws/install/rpp_msgs/include/rpp_msgs/rpp_msgs/msg/battery_state.h
-- Symlinking: /home/rpp/rpp_ws/install/rpp_msgs/include/rpp_msgs/rpp_msgs/msg/detail/battery_state__functions.h
-- Symlinking: /home/rpp/rpp_ws/install/rpp_msgs/include/rpp_msgs/rpp_msgs/msg/detail/battery_state__struct.h
-- Symlinking: /home/rpp/rpp_ws/install/rpp_msgs/include/rpp_msgs/rpp_msgs/msg/detail/battery_state__type_support.h
-- Symlinking: /home/rpp/rpp_ws/install/rpp_msgs/include/rpp_msgs/rpp_msgs/msg/detail/device_state__functions.h
-- Symlinking: /home/rpp/rpp_ws/install/rpp_msgs/include/rpp_msgs/rpp_msgs/msg/detail/device_state__struct.h
-- Symlinking: /home/rpp/rpp_ws/install/rpp_msgs/include/rpp_msgs/rpp_msgs/msg/detail/device_state__type_support.h
-- Symlinking: /home/rpp/rpp_ws/install/rpp_msgs/include/rpp_msgs/rpp_msgs/msg/detail/error_state__functions.h
-- Symlinking: /home/rpp/rpp_ws/install/rpp_msgs/include/rpp_msgs/rpp_msgs/msg/detail/error_state__struct.h
-- Symlinking: /home/rpp/rpp_ws/install/rpp_msgs/include/rpp_msgs/rpp_msgs/msg/detail/error_state__type_support.h
-- Symlinking: /home/rpp/rpp_ws/install/rpp_msgs/include/rpp_msgs/rpp_msgs/msg/detail/light_state__functions.h
-- Symlinking: /home/rpp/rpp_ws/install/rpp_msgs/include/rpp_msgs/rpp_msgs/msg/detail/light_state__struct.h
-- Symlinking: /home/rpp/rpp_ws/install/rpp_msgs/include/rpp_msgs/rpp_msgs/msg/detail/light_state__type_support.h
-- Symlinking: /home/rpp/rpp_ws/install/rpp_msgs/include/rpp_msgs/rpp_msgs/msg/detail/motor_state__functions.h
-- Symlinking: /home/rpp/rpp_ws/install/rpp_msgs/include/rpp_msgs/rpp_msgs/msg/detail/motor_state__struct.h
-- Symlinking: /home/rpp/rpp_ws/install/rpp_msgs/include/rpp_msgs/rpp_msgs/msg/detail/motor_state__type_support.h
-- Symlinking: /home/rpp/rpp_ws/install/rpp_msgs/include/rpp_msgs/rpp_msgs/msg/detail/set_device__functions.h
-- Symlinking: /home/rpp/rpp_ws/install/rpp_msgs/include/rpp_msgs/rpp_msgs/msg/detail/set_device__struct.h
-- Symlinking: /home/rpp/rpp_ws/install/rpp_msgs/include/rpp_msgs/rpp_msgs/msg/detail/set_device__type_support.h
-- Symlinking: /home/rpp/rpp_ws/install/rpp_msgs/include/rpp_msgs/rpp_msgs/msg/detail/set_error_mask__functions.h
-- Symlinking: /home/rpp/rpp_ws/install/rpp_msgs/include/rpp_msgs/rpp_msgs/msg/detail/set_error_mask__struct.h
-- Symlinking: /home/rpp/rpp_ws/install/rpp_msgs/include/rpp_msgs/rpp_msgs/msg/detail/set_error_mask__type_support.h
-- Symlinking: /home/rpp/rpp_ws/install/rpp_msgs/include/rpp_msgs/rpp_msgs/msg/detail/set_light__functions.h
-- Symlinking: /home/rpp/rpp_ws/install/rpp_msgs/include/rpp_msgs/rpp_msgs/msg/detail/set_light__struct.h
-- Symlinking: /home/rpp/rpp_ws/install/rpp_msgs/include/rpp_msgs/rpp_msgs/msg/detail/set_light__type_support.h
-- Symlinking: /home/rpp/rpp_ws/install/rpp_msgs/include/rpp_msgs/rpp_msgs/msg/detail/single_motor_state__functions.h
-- Symlinking: /home/rpp/rpp_ws/install/rpp_msgs/include/rpp_msgs/rpp_msgs/msg/detail/single_motor_state__struct.h
-- Symlinking: /home/rpp/rpp_ws/install/rpp_msgs/include/rpp_msgs/rpp_msgs/msg/detail/single_motor_state__type_support.h
-- Symlinking: /home/rpp/rpp_ws/install/rpp_msgs/include/rpp_msgs/rpp_msgs/msg/device_state.h
-- Symlinking: /home/rpp/rpp_ws/install/rpp_msgs/include/rpp_msgs/rpp_msgs/msg/error_state.h
-- Symlinking: /home/rpp/rpp_ws/install/rpp_msgs/include/rpp_msgs/rpp_msgs/msg/light_state.h
-- Symlinking: /home/rpp/rpp_ws/install/rpp_msgs/include/rpp_msgs/rpp_msgs/msg/motor_state.h
-- Symlinking: /home/rpp/rpp_ws/install/rpp_msgs/include/rpp_msgs/rpp_msgs/msg/rosidl_generator_c__visibility_control.h
-- Symlinking: /home/rpp/rpp_ws/install/rpp_msgs/include/rpp_msgs/rpp_msgs/msg/set_device.h
-- Symlinking: /home/rpp/rpp_ws/install/rpp_msgs/include/rpp_msgs/rpp_msgs/msg/set_error_mask.h
-- Symlinking: /home/rpp/rpp_ws/install/rpp_msgs/include/rpp_msgs/rpp_msgs/msg/set_light.h
-- Symlinking: /home/rpp/rpp_ws/install/rpp_msgs/include/rpp_msgs/rpp_msgs/msg/single_motor_state.h
-- Symlinking: /home/rpp/rpp_ws/install/rpp_msgs/share/rpp_msgs/environment/library_path.sh
-- Symlinking: /home/rpp/rpp_ws/install/rpp_msgs/share/rpp_msgs/environment/library_path.dsv
-- Symlinking: /home/rpp/rpp_ws/install/rpp_msgs/include/rpp_msgs/rpp_msgs/msg/detail/battery_state__rosidl_typesupport_fastrtps_c.h
-- Symlinking: /home/rpp/rpp_ws/install/rpp_msgs/include/rpp_msgs/rpp_msgs/msg/detail/device_state__rosidl_typesupport_fastrtps_c.h
-- Symlinking: /home/rpp/rpp_ws/install/rpp_msgs/include/rpp_msgs/rpp_msgs/msg/detail/error_state__rosidl_typesupport_fastrtps_c.h
-- Symlinking: /home/rpp/rpp_ws/install/rpp_msgs/include/rpp_msgs/rpp_msgs/msg/detail/light_state__rosidl_typesupport_fastrtps_c.h
-- Symlinking: /home/rpp/rpp_ws/install/rpp_msgs/include/rpp_msgs/rpp_msgs/msg/detail/motor_state__rosidl_typesupport_fastrtps_c.h
-- Symlinking: /home/rpp/rpp_ws/install/rpp_msgs/include/rpp_msgs/rpp_msgs/msg/detail/set_device__rosidl_typesupport_fastrtps_c.h
-- Symlinking: /home/rpp/rpp_ws/install/rpp_msgs/include/rpp_msgs/rpp_msgs/msg/detail/set_error_mask__rosidl_typesupport_fastrtps_c.h
-- Symlinking: /home/rpp/rpp_ws/install/rpp_msgs/include/rpp_msgs/rpp_msgs/msg/detail/set_light__rosidl_typesupport_fastrtps_c.h
-- Symlinking: /home/rpp/rpp_ws/install/rpp_msgs/include/rpp_msgs/rpp_msgs/msg/detail/single_motor_state__rosidl_typesupport_fastrtps_c.h
-- Symlinking: /home/rpp/rpp_ws/install/rpp_msgs/include/rpp_msgs/rpp_msgs/msg/rosidl_typesupport_fastrtps_c__visibility_control.h
-- Symlinking: /home/rpp/rpp_ws/install/rpp_msgs/include/rpp_msgs/rpp_msgs/msg/detail/battery_state__rosidl_typesupport_introspection_c.h
-- Symlinking: /home/rpp/rpp_ws/install/rpp_msgs/include/rpp_msgs/rpp_msgs/msg/detail/device_state__rosidl_typesupport_introspection_c.h
-- Symlinking: /home/rpp/rpp_ws/install/rpp_msgs/include/rpp_msgs/rpp_msgs/msg/detail/error_state__rosidl_typesupport_introspection_c.h
-- Symlinking: /home/rpp/rpp_ws/install/rpp_msgs/include/rpp_msgs/rpp_msgs/msg/detail/light_state__rosidl_typesupport_introspection_c.h
-- Symlinking: /home/rpp/rpp_ws/install/rpp_msgs/include/rpp_msgs/rpp_msgs/msg/detail/motor_state__rosidl_typesupport_introspection_c.h
-- Symlinking: /home/rpp/rpp_ws/install/rpp_msgs/include/rpp_msgs/rpp_msgs/msg/detail/set_device__rosidl_typesupport_introspection_c.h
-- Symlinking: /home/rpp/rpp_ws/install/rpp_msgs/include/rpp_msgs/rpp_msgs/msg/detail/set_error_mask__rosidl_typesupport_introspection_c.h
-- Symlinking: /home/rpp/rpp_ws/install/rpp_msgs/include/rpp_msgs/rpp_msgs/msg/detail/set_light__rosidl_typesupport_introspection_c.h
-- Symlinking: /home/rpp/rpp_ws/install/rpp_msgs/include/rpp_msgs/rpp_msgs/msg/detail/single_motor_state__rosidl_typesupport_introspection_c.h
-- Symlinking: /home/rpp/rpp_ws/install/rpp_msgs/include/rpp_msgs/rpp_msgs/msg/rosidl_typesupport_introspection_c__visibility_control.h
-- Symlinking: /home/rpp/rpp_ws/install/rpp_msgs/include/rpp_msgs/rpp_msgs/msg/battery_state.hpp
-- Symlinking: /home/rpp/rpp_ws/install/rpp_msgs/include/rpp_msgs/rpp_msgs/msg/detail/battery_state__builder.hpp
-- Symlinking: /home/rpp/rpp_ws/install/rpp_msgs/include/rpp_msgs/rpp_msgs/msg/detail/battery_state__struct.hpp
-- Symlinking: /home/rpp/rpp_ws/install/rpp_msgs/include/rpp_msgs/rpp_msgs/msg/detail/battery_state__traits.hpp
-- Symlinking: /home/rpp/rpp_ws/install/rpp_msgs/include/rpp_msgs/rpp_msgs/msg/detail/battery_state__type_support.hpp
-- Symlinking: /home/rpp/rpp_ws/install/rpp_msgs/include/rpp_msgs/rpp_msgs/msg/detail/device_state__builder.hpp
-- Symlinking: /home/rpp/rpp_ws/install/rpp_msgs/include/rpp_msgs/rpp_msgs/msg/detail/device_state__struct.hpp
-- Symlinking: /home/rpp/rpp_ws/install/rpp_msgs/include/rpp_msgs/rpp_msgs/msg/detail/device_state__traits.hpp
-- Symlinking: /home/rpp/rpp_ws/install/rpp_msgs/include/rpp_msgs/rpp_msgs/msg/detail/device_state__type_support.hpp
-- Symlinking: /home/rpp/rpp_ws/install/rpp_msgs/include/rpp_msgs/rpp_msgs/msg/detail/error_state__builder.hpp
-- Symlinking: /home/rpp/rpp_ws/install/rpp_msgs/include/rpp_msgs/rpp_msgs/msg/detail/error_state__struct.hpp
-- Symlinking: /home/rpp/rpp_ws/install/rpp_msgs/include/rpp_msgs/rpp_msgs/msg/detail/error_state__traits.hpp
-- Symlinking: /home/rpp/rpp_ws/install/rpp_msgs/include/rpp_msgs/rpp_msgs/msg/detail/error_state__type_support.hpp
-- Symlinking: /home/rpp/rpp_ws/install/rpp_msgs/include/rpp_msgs/rpp_msgs/msg/detail/light_state__builder.hpp
-- Symlinking: /home/rpp/rpp_ws/install/rpp_msgs/include/rpp_msgs/rpp_msgs/msg/detail/light_state__struct.hpp
-- Symlinking: /home/rpp/rpp_ws/install/rpp_msgs/include/rpp_msgs/rpp_msgs/msg/detail/light_state__traits.hpp
-- Symlinking: /home/rpp/rpp_ws/install/rpp_msgs/include/rpp_msgs/rpp_msgs/msg/detail/light_state__type_support.hpp
-- Symlinking: /home/rpp/rpp_ws/install/rpp_msgs/include/rpp_msgs/rpp_msgs/msg/detail/motor_state__builder.hpp
-- Symlinking: /home/rpp/rpp_ws/install/rpp_msgs/include/rpp_msgs/rpp_msgs/msg/detail/motor_state__struct.hpp
-- Symlinking: /home/rpp/rpp_ws/install/rpp_msgs/include/rpp_msgs/rpp_msgs/msg/detail/motor_state__traits.hpp
-- Symlinking: /home/rpp/rpp_ws/install/rpp_msgs/include/rpp_msgs/rpp_msgs/msg/detail/motor_state__type_support.hpp
-- Symlinking: /home/rpp/rpp_ws/install/rpp_msgs/include/rpp_msgs/rpp_msgs/msg/detail/set_device__builder.hpp
-- Symlinking: /home/rpp/rpp_ws/install/rpp_msgs/include/rpp_msgs/rpp_msgs/msg/detail/set_device__struct.hpp
-- Symlinking: /home/rpp/rpp_ws/install/rpp_msgs/include/rpp_msgs/rpp_msgs/msg/detail/set_device__traits.hpp
-- Symlinking: /home/rpp/rpp_ws/install/rpp_msgs/include/rpp_msgs/rpp_msgs/msg/detail/set_device__type_support.hpp
-- Symlinking: /home/rpp/rpp_ws/install/rpp_msgs/include/rpp_msgs/rpp_msgs/msg/detail/set_error_mask__builder.hpp
-- Symlinking: /home/rpp/rpp_ws/install/rpp_msgs/include/rpp_msgs/rpp_msgs/msg/detail/set_error_mask__struct.hpp
-- Symlinking: /home/rpp/rpp_ws/install/rpp_msgs/include/rpp_msgs/rpp_msgs/msg/detail/set_error_mask__traits.hpp
-- Symlinking: /home/rpp/rpp_ws/install/rpp_msgs/include/rpp_msgs/rpp_msgs/msg/detail/set_error_mask__type_support.hpp
-- Symlinking: /home/rpp/rpp_ws/install/rpp_msgs/include/rpp_msgs/rpp_msgs/msg/detail/set_light__builder.hpp
-- Symlinking: /home/rpp/rpp_ws/install/rpp_msgs/include/rpp_msgs/rpp_msgs/msg/detail/set_light__struct.hpp
-- Symlinking: /home/rpp/rpp_ws/install/rpp_msgs/include/rpp_msgs/rpp_msgs/msg/detail/set_light__traits.hpp
-- Symlinking: /home/rpp/rpp_ws/install/rpp_msgs/include/rpp_msgs/rpp_msgs/msg/detail/set_light__type_support.hpp
-- Symlinking: /home/rpp/rpp_ws/install/rpp_msgs/include/rpp_msgs/rpp_msgs/msg/detail/single_motor_state__builder.hpp
-- Symlinking: /home/rpp/rpp_ws/install/rpp_msgs/include/rpp_msgs/rpp_msgs/msg/detail/single_motor_state__struct.hpp
-- Symlinking: /home/rpp/rpp_ws/install/rpp_msgs/include/rpp_msgs/rpp_msgs/msg/detail/single_motor_state__traits.hpp
-- Symlinking: /home/rpp/rpp_ws/install/rpp_msgs/include/rpp_msgs/rpp_msgs/msg/detail/single_motor_state__type_support.hpp
-- Symlinking: /home/rpp/rpp_ws/install/rpp_msgs/include/rpp_msgs/rpp_msgs/msg/device_state.hpp
-- Symlinking: /home/rpp/rpp_ws/install/rpp_msgs/include/rpp_msgs/rpp_msgs/msg/error_state.hpp
-- Symlinking: /home/rpp/rpp_ws/install/rpp_msgs/include/rpp_msgs/rpp_msgs/msg/light_state.hpp
-- Symlinking: /home/rpp/rpp_ws/install/rpp_msgs/include/rpp_msgs/rpp_msgs/msg/motor_state.hpp
-- Symlinking: /home/rpp/rpp_ws/install/rpp_msgs/include/rpp_msgs/rpp_msgs/msg/rosidl_generator_cpp__visibility_control.hpp
-- Symlinking: /home/rpp/rpp_ws/install/rpp_msgs/include/rpp_msgs/rpp_msgs/msg/set_device.hpp
-- Symlinking: /home/rpp/rpp_ws/install/rpp_msgs/include/rpp_msgs/rpp_msgs/msg/set_error_mask.hpp
-- Symlinking: /home/rpp/rpp_ws/install/rpp_msgs/include/rpp_msgs/rpp_msgs/msg/set_light.hpp
-- Symlinking: /home/rpp/rpp_ws/install/rpp_msgs/include/rpp_msgs/rpp_msgs/msg/single_motor_state.hpp
-- Symlinking: /home/rpp/rpp_ws/install/rpp_msgs/include/rpp_msgs/rpp_msgs/msg/detail/battery_state__rosidl_typesupport_fastrtps_cpp.hpp
-- Symlinking: /home/rpp/rpp_ws/install/rpp_msgs/include/rpp_msgs/rpp_msgs/msg/detail/device_state__rosidl_typesupport_fastrtps_cpp.hpp
-- Symlinking: /home/rpp/rpp_ws/install/rpp_msgs/include/rpp_msgs/rpp_msgs/msg/detail/error_state__rosidl_typesupport_fastrtps_cpp.hpp
-- Symlinking: /home/rpp/rpp_ws/install/rpp_msgs/include/rpp_msgs/rpp_msgs/msg/detail/light_state__rosidl_typesupport_fastrtps_cpp.hpp
-- Symlinking: /home/rpp/rpp_ws/install/rpp_msgs/include/rpp_msgs/rpp_msgs/msg/detail/motor_state__rosidl_typesupport_fastrtps_cpp.hpp
-- Symlinking: /home/rpp/rpp_ws/install/rpp_msgs/include/rpp_msgs/rpp_msgs/msg/detail/set_device__rosidl_typesupport_fastrtps_cpp.hpp
-- Symlinking: /home/rpp/rpp_ws/install/rpp_msgs/include/rpp_msgs/rpp_msgs/msg/detail/set_error_mask__rosidl_typesupport_fastrtps_cpp.hpp
-- Symlinking: /home/rpp/rpp_ws/install/rpp_msgs/include/rpp_msgs/rpp_msgs/msg/detail/set_light__rosidl_typesupport_fastrtps_cpp.hpp
-- Symlinking: /home/rpp/rpp_ws/install/rpp_msgs/include/rpp_msgs/rpp_msgs/msg/detail/single_motor_state__rosidl_typesupport_fastrtps_cpp.hpp
-- Symlinking: /home/rpp/rpp_ws/install/rpp_msgs/include/rpp_msgs/rpp_msgs/msg/rosidl_typesupport_fastrtps_cpp__visibility_control.h
-- Symlinking: /home/rpp/rpp_ws/install/rpp_msgs/include/rpp_msgs/rpp_msgs/msg/detail/battery_state__rosidl_typesupport_introspection_cpp.hpp
-- Symlinking: /home/rpp/rpp_ws/install/rpp_msgs/include/rpp_msgs/rpp_msgs/msg/detail/device_state__rosidl_typesupport_introspection_cpp.hpp
-- Symlinking: /home/rpp/rpp_ws/install/rpp_msgs/include/rpp_msgs/rpp_msgs/msg/detail/error_state__rosidl_typesupport_introspection_cpp.hpp
-- Symlinking: /home/rpp/rpp_ws/install/rpp_msgs/include/rpp_msgs/rpp_msgs/msg/detail/light_state__rosidl_typesupport_introspection_cpp.hpp
-- Symlinking: /home/rpp/rpp_ws/install/rpp_msgs/include/rpp_msgs/rpp_msgs/msg/detail/motor_state__rosidl_typesupport_introspection_cpp.hpp
-- Symlinking: /home/rpp/rpp_ws/install/rpp_msgs/include/rpp_msgs/rpp_msgs/msg/detail/set_device__rosidl_typesupport_introspection_cpp.hpp
-- Symlinking: /home/rpp/rpp_ws/install/rpp_msgs/include/rpp_msgs/rpp_msgs/msg/detail/set_error_mask__rosidl_typesupport_introspection_cpp.hpp
-- Symlinking: /home/rpp/rpp_ws/install/rpp_msgs/include/rpp_msgs/rpp_msgs/msg/detail/set_light__rosidl_typesupport_introspection_cpp.hpp
-- Symlinking: /home/rpp/rpp_ws/install/rpp_msgs/include/rpp_msgs/rpp_msgs/msg/detail/single_motor_state__rosidl_typesupport_introspection_cpp.hpp
-- Symlinking: /home/rpp/rpp_ws/install/rpp_msgs/share/rpp_msgs/environment/pythonpath.sh
-- Symlinking: /home/rpp/rpp_ws/install/rpp_msgs/share/rpp_msgs/environment/pythonpath.dsv
-- Symlinking: /home/rpp/rpp_ws/install/rpp_msgs/local/lib/python3.10/dist-packages/rpp_msgs-0.0.0-py3.10.egg-info/PKG-INFO
-- Symlinking: /home/rpp/rpp_ws/install/rpp_msgs/local/lib/python3.10/dist-packages/rpp_msgs-0.0.0-py3.10.egg-info/SOURCES.txt
-- Symlinking: /home/rpp/rpp_ws/install/rpp_msgs/local/lib/python3.10/dist-packages/rpp_msgs-0.0.0-py3.10.egg-info/dependency_links.txt
-- Symlinking: /home/rpp/rpp_ws/install/rpp_msgs/local/lib/python3.10/dist-packages/rpp_msgs-0.0.0-py3.10.egg-info/top_level.txt
-- Symlinking: /home/rpp/rpp_ws/install/rpp_msgs/local/lib/python3.10/dist-packages/rpp_msgs/__init__.py
-- Symlinking: /home/rpp/rpp_ws/install/rpp_msgs/local/lib/python3.10/dist-packages/rpp_msgs/_rpp_msgs_s.ep.rosidl_typesupport_c.c
-- Symlinking: /home/rpp/rpp_ws/install/rpp_msgs/local/lib/python3.10/dist-packages/rpp_msgs/_rpp_msgs_s.ep.rosidl_typesupport_fastrtps_c.c
-- Symlinking: /home/rpp/rpp_ws/install/rpp_msgs/local/lib/python3.10/dist-packages/rpp_msgs/_rpp_msgs_s.ep.rosidl_typesupport_introspection_c.c
-- Symlinking: /home/rpp/rpp_ws/install/rpp_msgs/local/lib/python3.10/dist-packages/rpp_msgs/librpp_msgs__rosidl_generator_py.so
-- Symlinking: /home/rpp/rpp_ws/install/rpp_msgs/local/lib/python3.10/dist-packages/rpp_msgs/msg/__init__.py
-- Symlinking: /home/rpp/rpp_ws/install/rpp_msgs/local/lib/python3.10/dist-packages/rpp_msgs/msg/_battery_state.py
-- Symlinking: /home/rpp/rpp_ws/install/rpp_msgs/local/lib/python3.10/dist-packages/rpp_msgs/msg/_battery_state_s.c
-- Symlinking: /home/rpp/rpp_ws/install/rpp_msgs/local/lib/python3.10/dist-packages/rpp_msgs/msg/_device_state.py
-- Symlinking: /home/rpp/rpp_ws/install/rpp_msgs/local/lib/python3.10/dist-packages/rpp_msgs/msg/_device_state_s.c
-- Symlinking: /home/rpp/rpp_ws/install/rpp_msgs/local/lib/python3.10/dist-packages/rpp_msgs/msg/_error_state.py
-- Symlinking: /home/rpp/rpp_ws/install/rpp_msgs/local/lib/python3.10/dist-packages/rpp_msgs/msg/_error_state_s.c
-- Symlinking: /home/rpp/rpp_ws/install/rpp_msgs/local/lib/python3.10/dist-packages/rpp_msgs/msg/_light_state.py
-- Symlinking: /home/rpp/rpp_ws/install/rpp_msgs/local/lib/python3.10/dist-packages/rpp_msgs/msg/_light_state_s.c
-- Symlinking: /home/rpp/rpp_ws/install/rpp_msgs/local/lib/python3.10/dist-packages/rpp_msgs/msg/_motor_state.py
-- Symlinking: /home/rpp/rpp_ws/install/rpp_msgs/local/lib/python3.10/dist-packages/rpp_msgs/msg/_motor_state_s.c
-- Symlinking: /home/rpp/rpp_ws/install/rpp_msgs/local/lib/python3.10/dist-packages/rpp_msgs/msg/_set_device.py
-- Symlinking: /home/rpp/rpp_ws/install/rpp_msgs/local/lib/python3.10/dist-packages/rpp_msgs/msg/_set_device_s.c
-- Symlinking: /home/rpp/rpp_ws/install/rpp_msgs/local/lib/python3.10/dist-packages/rpp_msgs/msg/_set_error_mask.py
-- Symlinking: /home/rpp/rpp_ws/install/rpp_msgs/local/lib/python3.10/dist-packages/rpp_msgs/msg/_set_error_mask_s.c
-- Symlinking: /home/rpp/rpp_ws/install/rpp_msgs/local/lib/python3.10/dist-packages/rpp_msgs/msg/_set_light.py
-- Symlinking: /home/rpp/rpp_ws/install/rpp_msgs/local/lib/python3.10/dist-packages/rpp_msgs/msg/_set_light_s.c
-- Symlinking: /home/rpp/rpp_ws/install/rpp_msgs/local/lib/python3.10/dist-packages/rpp_msgs/msg/_single_motor_state.py
-- Symlinking: /home/rpp/rpp_ws/install/rpp_msgs/local/lib/python3.10/dist-packages/rpp_msgs/msg/_single_motor_state_s.c
-- Symlinking: /home/rpp/rpp_ws/install/rpp_msgs/local/lib/python3.10/dist-packages/rpp_msgs/rpp_msgs_s__rosidl_typesupport_c.cpython-310-x86_64-linux-gnu.so
-- Symlinking: /home/rpp/rpp_ws/install/rpp_msgs/local/lib/python3.10/dist-packages/rpp_msgs/rpp_msgs_s__rosidl_typesupport_fastrtps_c.cpython-310-x86_64-linux-gnu.so
-- Symlinking: /home/rpp/rpp_ws/install/rpp_msgs/local/lib/python3.10/dist-packages/rpp_msgs/rpp_msgs_s__rosidl_typesupport_introspection_c.cpython-310-x86_64-linux-gnu.so
-- Up-to-date symlink: /home/rpp/rpp_ws/install/rpp_msgs/local/lib/python3.10/dist-packages/rpp_msgs/rpp_msgs_s__rosidl_typesupport_fastrtps_c.cpython-310-x86_64-linux-gnu.so
-- Up-to-date symlink: /home/rpp/rpp_ws/install/rpp_msgs/local/lib/python3.10/dist-packages/rpp_msgs/rpp_msgs_s__rosidl_typesupport_introspection_c.cpython-310-x86_64-linux-gnu.so
-- Up-to-date symlink: /home/rpp/rpp_ws/install/rpp_msgs/local/lib/python3.10/dist-packages/rpp_msgs/rpp_msgs_s__rosidl_typesupport_c.cpython-310-x86_64-linux-gnu.so
-- Symlinking: /home/rpp/rpp_ws/install/rpp_msgs/share/rpp_msgs/msg/BatteryState.idl
-- Symlinking: /home/rpp/rpp_ws/install/rpp_msgs/share/rpp_msgs/msg/DeviceState.idl
-- Symlinking: /home/rpp/rpp_ws/install/rpp_msgs/share/rpp_msgs/msg/ErrorState.idl
-- Symlinking: /home/rpp/rpp_ws/install/rpp_msgs/share/rpp_msgs/msg/LightState.idl
-- Symlinking: /home/rpp/rpp_ws/install/rpp_msgs/share/rpp_msgs/msg/MotorState.idl
-- Symlinking: /home/rpp/rpp_ws/install/rpp_msgs/share/rpp_msgs/msg/SingleMotorState.idl
-- Symlinking: /home/rpp/rpp_ws/install/rpp_msgs/share/rpp_msgs/msg/SetDevice.idl
-- Symlinking: /home/rpp/rpp_ws/install/rpp_msgs/share/rpp_msgs/msg/SetErrorMask.idl
-- Symlinking: /home/rpp/rpp_ws/install/rpp_msgs/share/rpp_msgs/msg/SetLight.idl
-- Symlinking: /home/rpp/rpp_ws/install/rpp_msgs/share/rpp_msgs/msg/BatteryState.msg
-- Symlinking: /home/rpp/rpp_ws/install/rpp_msgs/share/rpp_msgs/msg/DeviceState.msg
-- Symlinking: /home/rpp/rpp_ws/install/rpp_msgs/share/rpp_msgs/msg/ErrorState.msg
-- Symlinking: /home/rpp/rpp_ws/install/rpp_msgs/share/rpp_msgs/msg/LightState.msg
-- Symlinking: /home/rpp/rpp_ws/install/rpp_msgs/share/rpp_msgs/msg/MotorState.msg
-- Symlinking: /home/rpp/rpp_ws/install/rpp_msgs/share/rpp_msgs/msg/SingleMotorState.msg
-- Symlinking: /home/rpp/rpp_ws/install/rpp_msgs/share/rpp_msgs/msg/SetDevice.msg
-- Symlinking: /home/rpp/rpp_ws/install/rpp_msgs/share/rpp_msgs/msg/SetErrorMask.msg
-- Symlinking: /home/rpp/rpp_ws/install/rpp_msgs/share/rpp_msgs/msg/SetLight.msg
-- Symlinking: /home/rpp/rpp_ws/install/rpp_msgs/share/ament_index/resource_index/package_run_dependencies/rpp_msgs
-- Symlinking: /home/rpp/rpp_ws/install/rpp_msgs/share/ament_index/resource_index/parent_prefix_path/rpp_msgs
-- Symlinking: /home/rpp/rpp_ws/install/rpp_msgs/share/rpp_msgs/environment/ament_prefix_path.sh
-- Symlinking: /home/rpp/rpp_ws/install/rpp_msgs/share/rpp_msgs/environment/ament_prefix_path.dsv
-- Symlinking: /home/rpp/rpp_ws/install/rpp_msgs/share/rpp_msgs/environment/path.sh
-- Symlinking: /home/rpp/rpp_ws/install/rpp_msgs/share/rpp_msgs/environment/path.dsv
-- Symlinking: /home/rpp/rpp_ws/install/rpp_msgs/share/rpp_msgs/local_setup.bash
-- Symlinking: /home/rpp/rpp_ws/install/rpp_msgs/share/rpp_msgs/local_setup.sh
-- Symlinking: /home/rpp/rpp_ws/install/rpp_msgs/share/rpp_msgs/local_setup.zsh
-- Symlinking: /home/rpp/rpp_ws/install/rpp_msgs/share/rpp_msgs/local_setup.dsv
-- Symlinking: /home/rpp/rpp_ws/install/rpp_msgs/share/rpp_msgs/package.dsv
-- Symlinking: /home/rpp/rpp_ws/install/rpp_msgs/share/ament_index/resource_index/packages/rpp_msgs
-- Symlinking: /home/rpp/rpp_ws/install/rpp_msgs/share/rpp_msgs/cmake/rosidl_cmake-extras.cmake
-- Symlinking: /home/rpp/rpp_ws/install/rpp_msgs/share/rpp_msgs/cmake/ament_cmake_export_dependencies-extras.cmake
-- Symlinking: /home/rpp/rpp_ws/install/rpp_msgs/share/rpp_msgs/cmake/ament_cmake_export_include_directories-extras.cmake
-- Symlinking: /home/rpp/rpp_ws/install/rpp_msgs/share/rpp_msgs/cmake/ament_cmake_export_libraries-extras.cmake
-- Symlinking: /home/rpp/rpp_ws/install/rpp_msgs/share/rpp_msgs/cmake/ament_cmake_export_targets-extras.cmake
-- Symlinking: /home/rpp/rpp_ws/install/rpp_msgs/share/rpp_msgs/cmake/rosidl_cmake_export_typesupport_targets-extras.cmake
-- Symlinking: /home/rpp/rpp_ws/install/rpp_msgs/share/rpp_msgs/cmake/rosidl_cmake_export_typesupport_libraries-extras.cmake
-- Symlinking: /home/rpp/rpp_ws/install/rpp_msgs/share/rpp_msgs/cmake/rpp_msgsConfig.cmake
-- Symlinking: /home/rpp/rpp_ws/install/rpp_msgs/share/rpp_msgs/cmake/rpp_msgsConfig-version.cmake
-- Symlinking: /home/rpp/rpp_ws/install/rpp_msgs/share/rpp_msgs/package.xml
-- Installing: /home/rpp/rpp_ws/install/rpp_msgs/lib/librpp_msgs__rosidl_generator_c.so
-- Set runtime path of "/home/rpp/rpp_ws/install/rpp_msgs/lib/librpp_msgs__rosidl_generator_c.so" to ""
-- Installing: /home/rpp/rpp_ws/install/rpp_msgs/lib/librpp_msgs__rosidl_typesupport_fastrtps_c.so
-- Set runtime path of "/home/rpp/rpp_ws/install/rpp_msgs/lib/librpp_msgs__rosidl_typesupport_fastrtps_c.so" to ""
-- Installing: /home/rpp/rpp_ws/install/rpp_msgs/lib/librpp_msgs__rosidl_typesupport_introspection_c.so
-- Set runtime path of "/home/rpp/rpp_ws/install/rpp_msgs/lib/librpp_msgs__rosidl_typesupport_introspection_c.so" to ""
-- Installing: /home/rpp/rpp_ws/install/rpp_msgs/lib/librpp_msgs__rosidl_typesupport_c.so
-- Set runtime path of "/home/rpp/rpp_ws/install/rpp_msgs/lib/librpp_msgs__rosidl_typesupport_c.so" to ""
-- Installing: /home/rpp/rpp_ws/install/rpp_msgs/lib/librpp_msgs__rosidl_typesupport_fastrtps_cpp.so
-- Set runtime path of "/home/rpp/rpp_ws/install/rpp_msgs/lib/librpp_msgs__rosidl_typesupport_fastrtps_cpp.so" to ""
-- Installing: /home/rpp/rpp_ws/install/rpp_msgs/lib/librpp_msgs__rosidl_typesupport_introspection_cpp.so
-- Set runtime path of "/home/rpp/rpp_ws/install/rpp_msgs/lib/librpp_msgs__rosidl_typesupport_introspection_cpp.so" to ""
-- Installing: /home/rpp/rpp_ws/install/rpp_msgs/lib/librpp_msgs__rosidl_typesupport_cpp.so
-- Set runtime path of "/home/rpp/rpp_ws/install/rpp_msgs/lib/librpp_msgs__rosidl_typesupport_cpp.so" to ""
Listing '/home/rpp/rpp_ws/install/rpp_msgs/local/lib/python3.10/dist-packages/rpp_msgs'...
Compiling '/home/rpp/rpp_ws/install/rpp_msgs/local/lib/python3.10/dist-packages/rpp_msgs/__init__.py'...
Listing '/home/rpp/rpp_ws/install/rpp_msgs/local/lib/python3.10/dist-packages/rpp_msgs/msg'...
Compiling '/home/rpp/rpp_ws/install/rpp_msgs/local/lib/python3.10/dist-packages/rpp_msgs/msg/__init__.py'...
Compiling '/home/rpp/rpp_ws/install/rpp_msgs/local/lib/python3.10/dist-packages/rpp_msgs/msg/_battery_state.py'...
Compiling '/home/rpp/rpp_ws/install/rpp_msgs/local/lib/python3.10/dist-packages/rpp_msgs/msg/_device_state.py'...
Compiling '/home/rpp/rpp_ws/install/rpp_msgs/local/lib/python3.10/dist-packages/rpp_msgs/msg/_error_state.py'...
Compiling '/home/rpp/rpp_ws/install/rpp_msgs/local/lib/python3.10/dist-packages/rpp_msgs/msg/_light_state.py'...
Compiling '/home/rpp/rpp_ws/install/rpp_msgs/local/lib/python3.10/dist-packages/rpp_msgs/msg/_motor_state.py'...
Compiling '/home/rpp/rpp_ws/install/rpp_msgs/local/lib/python3.10/dist-packages/rpp_msgs/msg/_set_device.py'...
Compiling '/home/rpp/rpp_ws/install/rpp_msgs/local/lib/python3.10/dist-packages/rpp_msgs/msg/_set_error_mask.py'...
Compiling '/home/rpp/rpp_ws/install/rpp_msgs/local/lib/python3.10/dist-packages/rpp_msgs/msg/_set_light.py'...
Compiling '/home/rpp/rpp_ws/install/rpp_msgs/local/lib/python3.10/dist-packages/rpp_msgs/msg/_single_motor_state.py'...
-- Installing: /home/rpp/rpp_ws/install/rpp_msgs/lib/librpp_msgs__rosidl_generator_py.so
-- Set runtime path of "/home/rpp/rpp_ws/install/rpp_msgs/lib/librpp_msgs__rosidl_generator_py.so" to ""
-- Installing: /home/rpp/rpp_ws/install/rpp_msgs/share/rpp_msgs/cmake/export_rpp_msgs__rosidl_generator_cExport.cmake
-- Installing: /home/rpp/rpp_ws/install/rpp_msgs/share/rpp_msgs/cmake/export_rpp_msgs__rosidl_generator_cExport-noconfig.cmake
-- Installing: /home/rpp/rpp_ws/install/rpp_msgs/share/rpp_msgs/cmake/export_rpp_msgs__rosidl_typesupport_fastrtps_cExport.cmake
-- Installing: /home/rpp/rpp_ws/install/rpp_msgs/share/rpp_msgs/cmake/export_rpp_msgs__rosidl_typesupport_fastrtps_cExport-noconfig.cmake
-- Installing: /home/rpp/rpp_ws/install/rpp_msgs/share/rpp_msgs/cmake/rpp_msgs__rosidl_typesupport_introspection_cExport.cmake
-- Installing: /home/rpp/rpp_ws/install/rpp_msgs/share/rpp_msgs/cmake/rpp_msgs__rosidl_typesupport_introspection_cExport-noconfig.cmake
-- Installing: /home/rpp/rpp_ws/install/rpp_msgs/share/rpp_msgs/cmake/rpp_msgs__rosidl_typesupport_cExport.cmake
-- Installing: /home/rpp/rpp_ws/install/rpp_msgs/share/rpp_msgs/cmake/rpp_msgs__rosidl_typesupport_cExport-noconfig.cmake
-- Installing: /home/rpp/rpp_ws/install/rpp_msgs/share/rpp_msgs/cmake/export_rpp_msgs__rosidl_generator_cppExport.cmake
-- Installing: /home/rpp/rpp_ws/install/rpp_msgs/share/rpp_msgs/cmake/export_rpp_msgs__rosidl_typesupport_fastrtps_cppExport.cmake
-- Installing: /home/rpp/rpp_ws/install/rpp_msgs/share/rpp_msgs/cmake/export_rpp_msgs__rosidl_typesupport_fastrtps_cppExport-noconfig.cmake
-- Installing: /home/rpp/rpp_ws/install/rpp_msgs/share/rpp_msgs/cmake/rpp_msgs__rosidl_typesupport_introspection_cppExport.cmake
-- Installing: /home/rpp/rpp_ws/install/rpp_msgs/share/rpp_msgs/cmake/rpp_msgs__rosidl_typesupport_introspection_cppExport-noconfig.cmake
-- Installing: /home/rpp/rpp_ws/install/rpp_msgs/share/rpp_msgs/cmake/rpp_msgs__rosidl_typesupport_cppExport.cmake
-- Installing: /home/rpp/rpp_ws/install/rpp_msgs/share/rpp_msgs/cmake/rpp_msgs__rosidl_typesupport_cppExport-noconfig.cmake
-- Installing: /home/rpp/rpp_ws/install/rpp_msgs/share/rpp_msgs/cmake/export_rpp_msgs__rosidl_generator_pyExport.cmake
-- Installing: /home/rpp/rpp_ws/install/rpp_msgs/share/rpp_msgs/cmake/export_rpp_msgs__rosidl_generator_pyExport-noconfig.cmake
