[0.327s] Invoking command in '/home/rpp/rpp_ws/build/rpp_msgs': CMAKE_PREFIX_PATH=${CMAKE_PREFIX_PATH}:/home/rpp/rpp_ws/install/setting_info:/home/rpp/rpp_ws/install/nav2_simple_commander:/home/rpp/rpp_ws/install/gui_control:/home/rpp/rpp_ws/install/graphic_display:/home/rpp/rpp_ws/install/linker_hand_ros2_sdk:/home/rpp/rpp_ws/install/bt_task_manager_ros2:/opt/ros/humble /usr/bin/cmake /home/rpp/rpp_ws/src/drivers/rpp_msgs -DAMENT_CMAKE_SYMLINK_INSTALL=1 -DCMAKE_INSTALL_PREFIX=/home/rpp/rpp_ws/install/rpp_msgs
[1.168s] -- The C compiler identification is GNU 11.4.0
[1.168s] -- The CXX compiler identification is GNU 11.4.0
[1.168s] -- Detecting C compiler ABI info
[1.169s] -- Detecting C compiler ABI info - done
[1.169s] -- Check for working C compiler: /usr/bin/cc - skipped
[1.169s] -- Detecting C compile features
[1.169s] -- Detecting C compile features - done
[1.169s] -- Detecting CXX compiler ABI info
[1.169s] -- Detecting CXX compiler ABI info - done
[1.169s] -- Check for working CXX compiler: /usr/bin/c++ - skipped
[1.169s] -- Detecting CXX compile features
[1.169s] -- Detecting CXX compile features - done
[1.170s] -- Found ament_cmake: 1.3.11 (/opt/ros/humble/share/ament_cmake/cmake)
[1.171s] -- Found Python3: /usr/bin/python3 (found version "3.10.12") found components: Interpreter 
[1.225s] -- Override CMake install command with custom implementation using symlinks instead of copying resources
[1.319s] -- Found rosidl_default_generators: 1.2.0 (/opt/ros/humble/share/rosidl_default_generators/cmake)
[1.348s] -- Using all available rosidl_typesupport_c: rosidl_typesupport_fastrtps_c;rosidl_typesupport_introspection_c
[1.363s] -- Found rosidl_adapter: 3.1.6 (/opt/ros/humble/share/rosidl_adapter/cmake)
[1.485s] -- Using all available rosidl_typesupport_cpp: rosidl_typesupport_fastrtps_cpp;rosidl_typesupport_introspection_cpp
[1.640s] -- Found std_msgs: 4.2.4 (/opt/ros/humble/share/std_msgs/cmake)
[2.449s] -- Found ament_cmake_ros: 0.10.0 (/opt/ros/humble/share/ament_cmake_ros/cmake)
[3.002s] -- Using all available rosidl_typesupport_c: rosidl_typesupport_fastrtps_c;rosidl_typesupport_introspection_c
[3.727s] -- Using all available rosidl_typesupport_cpp: rosidl_typesupport_fastrtps_cpp;rosidl_typesupport_introspection_cpp
[3.787s] -- Found PythonInterp: /usr/bin/python3 (found suitable version "3.10.12", minimum required is "3.6") 
[3.801s] -- Found python_cmake_module: 0.10.0 (/opt/ros/humble/share/python_cmake_module/cmake)
[3.872s] -- Found PythonLibs: /usr/lib/x86_64-linux-gnu/libpython3.10.so (found suitable version "3.10.12", minimum required is "3.5") 
[3.873s] -- Using PYTHON_EXECUTABLE: /usr/bin/python3
[3.873s] -- Using PYTHON_INCLUDE_DIRS: /usr/include/python3.10
[3.874s] -- Using PYTHON_LIBRARIES: /usr/lib/x86_64-linux-gnu/libpython3.10.so
[3.938s] -- Found PythonExtra: .so  
[4.153s] -- Configuring done
[4.253s] -- Generating done
[4.277s] -- Build files have been written to: /home/rpp/rpp_ws/build/rpp_msgs
[4.790s] Invoked command in '/home/rpp/rpp_ws/build/rpp_msgs' returned '0': CMAKE_PREFIX_PATH=${CMAKE_PREFIX_PATH}:/home/rpp/rpp_ws/install/setting_info:/home/rpp/rpp_ws/install/nav2_simple_commander:/home/rpp/rpp_ws/install/gui_control:/home/rpp/rpp_ws/install/graphic_display:/home/rpp/rpp_ws/install/linker_hand_ros2_sdk:/home/rpp/rpp_ws/install/bt_task_manager_ros2:/opt/ros/humble /usr/bin/cmake /home/rpp/rpp_ws/src/drivers/rpp_msgs -DAMENT_CMAKE_SYMLINK_INSTALL=1 -DCMAKE_INSTALL_PREFIX=/home/rpp/rpp_ws/install/rpp_msgs
[4.791s] Invoking command in '/home/rpp/rpp_ws/build/rpp_msgs': CMAKE_PREFIX_PATH=${CMAKE_PREFIX_PATH}:/home/rpp/rpp_ws/install/setting_info:/home/rpp/rpp_ws/install/nav2_simple_commander:/home/rpp/rpp_ws/install/gui_control:/home/rpp/rpp_ws/install/graphic_display:/home/rpp/rpp_ws/install/linker_hand_ros2_sdk:/home/rpp/rpp_ws/install/bt_task_manager_ros2:/opt/ros/humble /usr/bin/cmake --build /home/rpp/rpp_ws/build/rpp_msgs -- -j24 -l24
[4.885s] [  1%] [34m[1mGenerating C++ code for ROS interfaces[0m
[4.889s] [  2%] [34m[1mGenerating C code for ROS interfaces[0m
[4.907s] [  2%] Built target ament_cmake_python_symlink_rpp_msgs
[5.683s] running egg_info
[5.683s] creating rpp_msgs.egg-info
[5.683s] writing rpp_msgs.egg-info/PKG-INFO
[5.684s] writing dependency_links to rpp_msgs.egg-info/dependency_links.txt
[5.684s] writing top-level names to rpp_msgs.egg-info/top_level.txt
[5.685s] writing manifest file 'rpp_msgs.egg-info/SOURCES.txt'
[5.689s] reading manifest file 'rpp_msgs.egg-info/SOURCES.txt'
[5.690s] writing manifest file 'rpp_msgs.egg-info/SOURCES.txt'
[5.751s] [  2%] Built target ament_cmake_python_build_rpp_msgs_egg
[7.030s] [  2%] Built target rpp_msgs__cpp
[7.079s] [  3%] [34m[1mGenerating C++ type support dispatch for ROS interfaces[0m
[7.090s] [  4%] [34m[1mGenerating C++ type support for eProsima Fast-RTPS[0m
[7.092s] [  5%] [34m[1mGenerating C++ introspection for ROS interfaces[0m
[7.097s] [  6%] [32mBuilding C object CMakeFiles/rpp_msgs__rosidl_generator_c.dir/rosidl_generator_c/rpp_msgs/msg/detail/battery_state__functions.c.o[0m
[7.106s] [  7%] [32mBuilding C object CMakeFiles/rpp_msgs__rosidl_generator_c.dir/rosidl_generator_c/rpp_msgs/msg/detail/error_state__functions.c.o[0m
[7.111s] [  8%] [32mBuilding C object CMakeFiles/rpp_msgs__rosidl_generator_c.dir/rosidl_generator_c/rpp_msgs/msg/detail/motor_state__functions.c.o[0m
[7.123s] [  9%] [32mBuilding C object CMakeFiles/rpp_msgs__rosidl_generator_c.dir/rosidl_generator_c/rpp_msgs/msg/detail/light_state__functions.c.o[0m
[7.124s] [ 10%] [32mBuilding C object CMakeFiles/rpp_msgs__rosidl_generator_c.dir/rosidl_generator_c/rpp_msgs/msg/detail/device_state__functions.c.o[0m
[7.127s] [ 11%] [32mBuilding C object CMakeFiles/rpp_msgs__rosidl_generator_c.dir/rosidl_generator_c/rpp_msgs/msg/detail/single_motor_state__functions.c.o[0m
[7.134s] [ 12%] [32mBuilding C object CMakeFiles/rpp_msgs__rosidl_generator_c.dir/rosidl_generator_c/rpp_msgs/msg/detail/set_error_mask__functions.c.o[0m
[7.147s] [ 13%] [32mBuilding C object CMakeFiles/rpp_msgs__rosidl_generator_c.dir/rosidl_generator_c/rpp_msgs/msg/detail/set_device__functions.c.o[0m
[7.161s] [ 14%] [32mBuilding C object CMakeFiles/rpp_msgs__rosidl_generator_c.dir/rosidl_generator_c/rpp_msgs/msg/detail/set_light__functions.c.o[0m
[7.548s] [ 15%] [32m[1mLinking C shared library librpp_msgs__rosidl_generator_c.so[0m
[7.750s] [ 15%] Built target rpp_msgs__rosidl_generator_c
[7.868s] [ 17%] [34m[1mGenerating C type support for eProsima Fast-RTPS[0m
[7.868s] [ 17%] [34m[1mGenerating C introspection for ROS interfaces[0m
[7.891s] [ 18%] [34m[1mGenerating C type support dispatch for ROS interfaces[0m
[10.470s] [ 20%] [32mBuilding CXX object CMakeFiles/rpp_msgs__rosidl_typesupport_introspection_cpp.dir/rosidl_typesupport_introspection_cpp/rpp_msgs/msg/detail/light_state__type_support.cpp.o[0m
[10.597s] [ 25%] [32mBuilding CXX object CMakeFiles/rpp_msgs__rosidl_typesupport_introspection_cpp.dir/rosidl_typesupport_introspection_cpp/rpp_msgs/msg/detail/device_state__type_support.cpp.o[0m
[10.661s] [ 21%] [32mBuilding CXX object CMakeFiles/rpp_msgs__rosidl_typesupport_introspection_cpp.dir/rosidl_typesupport_introspection_cpp/rpp_msgs/msg/detail/motor_state__type_support.cpp.o[0m
[10.661s] [ 27%] [32mBuilding CXX object CMakeFiles/rpp_msgs__rosidl_typesupport_introspection_cpp.dir/rosidl_typesupport_introspection_cpp/rpp_msgs/msg/detail/set_error_mask__type_support.cpp.o[0m
[10.678s] [ 28%] [32mBuilding CXX object CMakeFiles/rpp_msgs__rosidl_typesupport_introspection_cpp.dir/rosidl_typesupport_introspection_cpp/rpp_msgs/msg/detail/single_motor_state__type_support.cpp.o[0m
[10.773s] [ 32%] [32mBuilding CXX object CMakeFiles/rpp_msgs__rosidl_typesupport_c.dir/rosidl_typesupport_c/rpp_msgs/msg/light_state__type_support.cpp.o[0m
[10.964s] [ 24%] [32mBuilding CXX object CMakeFiles/rpp_msgs__rosidl_typesupport_introspection_cpp.dir/rosidl_typesupport_introspection_cpp/rpp_msgs/msg/detail/set_light__type_support.cpp.o[0m
[10.964s] [ 23%] [32mBuilding CXX object CMakeFiles/rpp_msgs__rosidl_typesupport_introspection_cpp.dir/rosidl_typesupport_introspection_cpp/rpp_msgs/msg/detail/error_state__type_support.cpp.o[0m
[10.985s] [ 22%] [32mBuilding CXX object CMakeFiles/rpp_msgs__rosidl_typesupport_introspection_cpp.dir/rosidl_typesupport_introspection_cpp/rpp_msgs/msg/detail/set_device__type_support.cpp.o[0m
[10.985s] [ 30%] [32mBuilding CXX object CMakeFiles/rpp_msgs__rosidl_typesupport_c.dir/rosidl_typesupport_c/rpp_msgs/msg/device_state__type_support.cpp.o[0m
[10.985s] [ 31%] [32mBuilding CXX object CMakeFiles/rpp_msgs__rosidl_typesupport_c.dir/rosidl_typesupport_c/rpp_msgs/msg/motor_state__type_support.cpp.o[0m
[10.985s] [ 33%] [32mBuilding CXX object CMakeFiles/rpp_msgs__rosidl_typesupport_c.dir/rosidl_typesupport_c/rpp_msgs/msg/error_state__type_support.cpp.o[0m
[10.985s] [ 35%] [32mBuilding CXX object CMakeFiles/rpp_msgs__rosidl_typesupport_c.dir/rosidl_typesupport_c/rpp_msgs/msg/set_device__type_support.cpp.o[0m
[10.986s] [ 36%] [32mBuilding CXX object CMakeFiles/rpp_msgs__rosidl_typesupport_introspection_cpp.dir/rosidl_typesupport_introspection_cpp/rpp_msgs/msg/detail/battery_state__type_support.cpp.o[0m
[11.010s] [ 34%] [32mBuilding CXX object CMakeFiles/rpp_msgs__rosidl_typesupport_c.dir/rosidl_typesupport_c/rpp_msgs/msg/single_motor_state__type_support.cpp.o[0m
[11.012s] [ 29%] [32mBuilding CXX object CMakeFiles/rpp_msgs__rosidl_typesupport_c.dir/rosidl_typesupport_c/rpp_msgs/msg/battery_state__type_support.cpp.o[0m
[11.111s] [ 37%] [32mBuilding CXX object CMakeFiles/rpp_msgs__rosidl_typesupport_c.dir/rosidl_typesupport_c/rpp_msgs/msg/set_error_mask__type_support.cpp.o[0m
[11.111s] [ 42%] [32mBuilding CXX object CMakeFiles/rpp_msgs__rosidl_typesupport_cpp.dir/rosidl_typesupport_cpp/rpp_msgs/msg/light_state__type_support.cpp.o[0m
[11.219s] [ 40%] [32mBuilding CXX object CMakeFiles/rpp_msgs__rosidl_typesupport_cpp.dir/rosidl_typesupport_cpp/rpp_msgs/msg/battery_state__type_support.cpp.o[0m
[11.226s] [ 41%] [32mBuilding CXX object CMakeFiles/rpp_msgs__rosidl_typesupport_cpp.dir/rosidl_typesupport_cpp/rpp_msgs/msg/device_state__type_support.cpp.o[0m
[11.237s] [ 42%] [32mBuilding CXX object CMakeFiles/rpp_msgs__rosidl_typesupport_cpp.dir/rosidl_typesupport_cpp/rpp_msgs/msg/error_state__type_support.cpp.o[0m
[11.270s] [ 38%] [32mBuilding CXX object CMakeFiles/rpp_msgs__rosidl_typesupport_c.dir/rosidl_typesupport_c/rpp_msgs/msg/set_light__type_support.cpp.o[0m
[11.288s] [ 43%] [32mBuilding CXX object CMakeFiles/rpp_msgs__rosidl_typesupport_cpp.dir/rosidl_typesupport_cpp/rpp_msgs/msg/motor_state__type_support.cpp.o[0m
[11.291s] [ 45%] [32mBuilding CXX object CMakeFiles/rpp_msgs__rosidl_typesupport_cpp.dir/rosidl_typesupport_cpp/rpp_msgs/msg/set_device__type_support.cpp.o[0m
[11.292s] [ 44%] [32mBuilding CXX object CMakeFiles/rpp_msgs__rosidl_typesupport_cpp.dir/rosidl_typesupport_cpp/rpp_msgs/msg/single_motor_state__type_support.cpp.o[0m
[11.292s] [ 47%] [32mBuilding CXX object CMakeFiles/rpp_msgs__rosidl_typesupport_cpp.dir/rosidl_typesupport_cpp/rpp_msgs/msg/set_error_mask__type_support.cpp.o[0m
[11.303s] [ 47%] [32mBuilding CXX object CMakeFiles/rpp_msgs__rosidl_typesupport_cpp.dir/rosidl_typesupport_cpp/rpp_msgs/msg/set_light__type_support.cpp.o[0m
[11.443s] [ 48%] [32m[1mLinking CXX shared library librpp_msgs__rosidl_typesupport_c.so[0m
[11.642s] [ 49%] [32mBuilding CXX object CMakeFiles/rpp_msgs__rosidl_typesupport_fastrtps_cpp.dir/rosidl_typesupport_fastrtps_cpp/rpp_msgs/msg/detail/dds_fastrtps/device_state__type_support.cpp.o[0m
[11.666s] [ 50%] [32mBuilding CXX object CMakeFiles/rpp_msgs__rosidl_typesupport_fastrtps_cpp.dir/rosidl_typesupport_fastrtps_cpp/rpp_msgs/msg/detail/dds_fastrtps/error_state__type_support.cpp.o[0m
[11.700s] [ 51%] [32mBuilding CXX object CMakeFiles/rpp_msgs__rosidl_typesupport_fastrtps_cpp.dir/rosidl_typesupport_fastrtps_cpp/rpp_msgs/msg/detail/dds_fastrtps/battery_state__type_support.cpp.o[0m
[11.712s] [ 52%] [32mBuilding CXX object CMakeFiles/rpp_msgs__rosidl_typesupport_fastrtps_c.dir/rosidl_typesupport_fastrtps_c/rpp_msgs/msg/detail/battery_state__type_support_c.cpp.o[0m
[11.896s] [ 52%] Built target rpp_msgs__rosidl_typesupport_c
[11.945s] [ 53%] [32mBuilding CXX object CMakeFiles/rpp_msgs__rosidl_typesupport_fastrtps_cpp.dir/rosidl_typesupport_fastrtps_cpp/rpp_msgs/msg/detail/dds_fastrtps/light_state__type_support.cpp.o[0m
[12.074s] [ 54%] [32mBuilding CXX object CMakeFiles/rpp_msgs__rosidl_typesupport_fastrtps_c.dir/rosidl_typesupport_fastrtps_c/rpp_msgs/msg/detail/device_state__type_support_c.cpp.o[0m
[12.074s] [ 55%] [32mBuilding CXX object CMakeFiles/rpp_msgs__rosidl_typesupport_fastrtps_cpp.dir/rosidl_typesupport_fastrtps_cpp/rpp_msgs/msg/detail/dds_fastrtps/motor_state__type_support.cpp.o[0m
[12.074s] [ 56%] [32mBuilding CXX object CMakeFiles/rpp_msgs__rosidl_typesupport_fastrtps_c.dir/rosidl_typesupport_fastrtps_c/rpp_msgs/msg/detail/error_state__type_support_c.cpp.o[0m
[12.165s] [ 57%] [32mBuilding CXX object CMakeFiles/rpp_msgs__rosidl_typesupport_fastrtps_cpp.dir/rosidl_typesupport_fastrtps_cpp/rpp_msgs/msg/detail/dds_fastrtps/single_motor_state__type_support.cpp.o[0m
[12.253s] [ 58%] [32mBuilding CXX object CMakeFiles/rpp_msgs__rosidl_typesupport_fastrtps_c.dir/rosidl_typesupport_fastrtps_c/rpp_msgs/msg/detail/light_state__type_support_c.cpp.o[0m
[12.363s] [ 60%] [32mBuilding CXX object CMakeFiles/rpp_msgs__rosidl_typesupport_fastrtps_c.dir/rosidl_typesupport_fastrtps_c/rpp_msgs/msg/detail/motor_state__type_support_c.cpp.o[0m
[12.369s] [ 61%] [32mBuilding CXX object CMakeFiles/rpp_msgs__rosidl_typesupport_fastrtps_c.dir/rosidl_typesupport_fastrtps_c/rpp_msgs/msg/detail/single_motor_state__type_support_c.cpp.o[0m
[12.376s] [ 64%] [32mBuilding CXX object CMakeFiles/rpp_msgs__rosidl_typesupport_fastrtps_c.dir/rosidl_typesupport_fastrtps_c/rpp_msgs/msg/detail/set_device__type_support_c.cpp.o[0m
[12.378s] [ 64%] [32mBuilding CXX object CMakeFiles/rpp_msgs__rosidl_typesupport_fastrtps_cpp.dir/rosidl_typesupport_fastrtps_cpp/rpp_msgs/msg/detail/dds_fastrtps/set_device__type_support.cpp.o[0m
[12.384s] [ 64%] [32mBuilding CXX object CMakeFiles/rpp_msgs__rosidl_typesupport_fastrtps_cpp.dir/rosidl_typesupport_fastrtps_cpp/rpp_msgs/msg/detail/dds_fastrtps/set_error_mask__type_support.cpp.o[0m
[12.384s] [ 65%] [32mBuilding CXX object CMakeFiles/rpp_msgs__rosidl_typesupport_fastrtps_c.dir/rosidl_typesupport_fastrtps_c/rpp_msgs/msg/detail/set_error_mask__type_support_c.cpp.o[0m
[12.412s] [ 66%] [32mBuilding CXX object CMakeFiles/rpp_msgs__rosidl_typesupport_fastrtps_c.dir/rosidl_typesupport_fastrtps_c/rpp_msgs/msg/detail/set_light__type_support_c.cpp.o[0m
[12.502s] [ 67%] [32mBuilding C object CMakeFiles/rpp_msgs__rosidl_typesupport_introspection_c.dir/rosidl_typesupport_introspection_c/rpp_msgs/msg/detail/battery_state__type_support.c.o[0m
[12.579s] [ 68%] [32mBuilding C object CMakeFiles/rpp_msgs__rosidl_typesupport_introspection_c.dir/rosidl_typesupport_introspection_c/rpp_msgs/msg/detail/device_state__type_support.c.o[0m
[12.642s] [ 69%] [32mBuilding CXX object CMakeFiles/rpp_msgs__rosidl_typesupport_fastrtps_cpp.dir/rosidl_typesupport_fastrtps_cpp/rpp_msgs/msg/detail/dds_fastrtps/set_light__type_support.cpp.o[0m
[12.806s] [ 70%] [32mBuilding C object CMakeFiles/rpp_msgs__rosidl_typesupport_introspection_c.dir/rosidl_typesupport_introspection_c/rpp_msgs/msg/detail/error_state__type_support.c.o[0m
[12.827s] [ 71%] [32mBuilding C object CMakeFiles/rpp_msgs__rosidl_typesupport_introspection_c.dir/rosidl_typesupport_introspection_c/rpp_msgs/msg/detail/light_state__type_support.c.o[0m
[12.921s] [ 72%] [32mBuilding C object CMakeFiles/rpp_msgs__rosidl_typesupport_introspection_c.dir/rosidl_typesupport_introspection_c/rpp_msgs/msg/detail/motor_state__type_support.c.o[0m
[12.972s] [ 73%] [32mBuilding C object CMakeFiles/rpp_msgs__rosidl_typesupport_introspection_c.dir/rosidl_typesupport_introspection_c/rpp_msgs/msg/detail/single_motor_state__type_support.c.o[0m
[13.014s] [ 74%] [32mBuilding C object CMakeFiles/rpp_msgs__rosidl_typesupport_introspection_c.dir/rosidl_typesupport_introspection_c/rpp_msgs/msg/detail/set_device__type_support.c.o[0m
[13.034s] [ 75%] [32mBuilding C object CMakeFiles/rpp_msgs__rosidl_typesupport_introspection_c.dir/rosidl_typesupport_introspection_c/rpp_msgs/msg/detail/set_error_mask__type_support.c.o[0m
[13.085s] [ 76%] [32m[1mLinking CXX shared library librpp_msgs__rosidl_typesupport_cpp.so[0m
[13.134s] [ 77%] [32mBuilding C object CMakeFiles/rpp_msgs__rosidl_typesupport_introspection_c.dir/rosidl_typesupport_introspection_c/rpp_msgs/msg/detail/set_light__type_support.c.o[0m
[13.245s] [ 77%] Built target rpp_msgs__rosidl_typesupport_cpp
[13.290s] [ 78%] [32m[1mLinking C shared library librpp_msgs__rosidl_typesupport_introspection_c.so[0m
[13.415s] [ 78%] Built target rpp_msgs__rosidl_typesupport_introspection_c
[13.649s] [ 80%] [32m[1mLinking CXX shared library librpp_msgs__rosidl_typesupport_introspection_cpp.so[0m
[13.665s] [ 81%] [32m[1mLinking CXX shared library librpp_msgs__rosidl_typesupport_fastrtps_c.so[0m
[13.825s] [ 81%] Built target rpp_msgs__rosidl_typesupport_introspection_cpp
[13.830s] [ 82%] [32m[1mLinking CXX shared library librpp_msgs__rosidl_typesupport_fastrtps_cpp.so[0m
[13.840s] [ 82%] Built target rpp_msgs__rosidl_typesupport_fastrtps_c
[13.971s] [ 82%] Built target rpp_msgs__rosidl_typesupport_fastrtps_cpp
[14.024s] [ 82%] Built target rpp_msgs
[14.066s] [ 83%] [34m[1mGenerating Python code for ROS interfaces[0m
[16.797s] [ 83%] Built target rpp_msgs__py
[16.883s] [ 84%] [32mBuilding C object CMakeFiles/rpp_msgs__rosidl_generator_py.dir/rosidl_generator_py/rpp_msgs/msg/_device_state_s.c.o[0m
[16.891s] [ 85%] [32mBuilding C object CMakeFiles/rpp_msgs__rosidl_generator_py.dir/rosidl_generator_py/rpp_msgs/msg/_battery_state_s.c.o[0m
[16.902s] [ 86%] [32mBuilding C object CMakeFiles/rpp_msgs__rosidl_generator_py.dir/rosidl_generator_py/rpp_msgs/msg/_set_device_s.c.o[0m
[16.902s] [ 87%] [32mBuilding C object CMakeFiles/rpp_msgs__rosidl_generator_py.dir/rosidl_generator_py/rpp_msgs/msg/_single_motor_state_s.c.o[0m
[16.902s] [ 88%] [32mBuilding C object CMakeFiles/rpp_msgs__rosidl_generator_py.dir/rosidl_generator_py/rpp_msgs/msg/_error_state_s.c.o[0m
[16.905s] [ 89%] [32mBuilding C object CMakeFiles/rpp_msgs__rosidl_generator_py.dir/rosidl_generator_py/rpp_msgs/msg/_light_state_s.c.o[0m
[16.906s] [ 90%] [32mBuilding C object CMakeFiles/rpp_msgs__rosidl_generator_py.dir/rosidl_generator_py/rpp_msgs/msg/_motor_state_s.c.o[0m
[16.912s] [ 91%] [32mBuilding C object CMakeFiles/rpp_msgs__rosidl_generator_py.dir/rosidl_generator_py/rpp_msgs/msg/_set_error_mask_s.c.o[0m
[16.927s] [ 92%] [32mBuilding C object CMakeFiles/rpp_msgs__rosidl_generator_py.dir/rosidl_generator_py/rpp_msgs/msg/_set_light_s.c.o[0m
[17.351s] [ 93%] [32m[1mLinking C shared library rosidl_generator_py/rpp_msgs/librpp_msgs__rosidl_generator_py.so[0m
[17.531s] [ 93%] Built target rpp_msgs__rosidl_generator_py
[17.603s] [ 94%] [32mBuilding C object CMakeFiles/rpp_msgs__rosidl_typesupport_fastrtps_c__pyext.dir/rosidl_generator_py/rpp_msgs/_rpp_msgs_s.ep.rosidl_typesupport_fastrtps_c.c.o[0m
[17.623s] [ 95%] [32mBuilding C object CMakeFiles/rpp_msgs__rosidl_typesupport_c__pyext.dir/rosidl_generator_py/rpp_msgs/_rpp_msgs_s.ep.rosidl_typesupport_c.c.o[0m
[17.644s] [ 96%] [32mBuilding C object CMakeFiles/rpp_msgs__rosidl_typesupport_introspection_c__pyext.dir/rosidl_generator_py/rpp_msgs/_rpp_msgs_s.ep.rosidl_typesupport_introspection_c.c.o[0m
[17.914s] [ 97%] [32m[1mLinking C shared library rosidl_generator_py/rpp_msgs/rpp_msgs_s__rosidl_typesupport_introspection_c.cpython-310-x86_64-linux-gnu.so[0m
[17.935s] [ 98%] [32m[1mLinking C shared library rosidl_generator_py/rpp_msgs/rpp_msgs_s__rosidl_typesupport_c.cpython-310-x86_64-linux-gnu.so[0m
[17.988s] [100%] [32m[1mLinking C shared library rosidl_generator_py/rpp_msgs/rpp_msgs_s__rosidl_typesupport_fastrtps_c.cpython-310-x86_64-linux-gnu.so[0m
[18.070s] [100%] Built target rpp_msgs__rosidl_typesupport_introspection_c__pyext
[18.079s] [100%] Built target rpp_msgs__rosidl_typesupport_c__pyext
[18.117s] [100%] Built target rpp_msgs__rosidl_typesupport_fastrtps_c__pyext
[18.175s] Invoked command in '/home/rpp/rpp_ws/build/rpp_msgs' returned '0': CMAKE_PREFIX_PATH=${CMAKE_PREFIX_PATH}:/home/rpp/rpp_ws/install/setting_info:/home/rpp/rpp_ws/install/nav2_simple_commander:/home/rpp/rpp_ws/install/gui_control:/home/rpp/rpp_ws/install/graphic_display:/home/rpp/rpp_ws/install/linker_hand_ros2_sdk:/home/rpp/rpp_ws/install/bt_task_manager_ros2:/opt/ros/humble /usr/bin/cmake --build /home/rpp/rpp_ws/build/rpp_msgs -- -j24 -l24
[18.175s] Invoking command in '/home/rpp/rpp_ws/build/rpp_msgs': CMAKE_PREFIX_PATH=${CMAKE_PREFIX_PATH}:/home/rpp/rpp_ws/install/setting_info:/home/rpp/rpp_ws/install/nav2_simple_commander:/home/rpp/rpp_ws/install/gui_control:/home/rpp/rpp_ws/install/graphic_display:/home/rpp/rpp_ws/install/linker_hand_ros2_sdk:/home/rpp/rpp_ws/install/bt_task_manager_ros2:/opt/ros/humble /usr/bin/cmake --install /home/rpp/rpp_ws/build/rpp_msgs
[18.190s] -- Install configuration: ""
[18.193s] -- Execute custom install script
[18.196s] -- Symlinking: /home/rpp/rpp_ws/install/rpp_msgs/share/ament_index/resource_index/rosidl_interfaces/rpp_msgs
[18.240s] -- Symlinking: /home/rpp/rpp_ws/install/rpp_msgs/include/rpp_msgs/rpp_msgs/msg/battery_state.h
[18.289s] -- Symlinking: /home/rpp/rpp_ws/install/rpp_msgs/include/rpp_msgs/rpp_msgs/msg/detail/battery_state__functions.h
[18.311s] -- Symlinking: /home/rpp/rpp_ws/install/rpp_msgs/include/rpp_msgs/rpp_msgs/msg/detail/battery_state__struct.h
[18.323s] -- Symlinking: /home/rpp/rpp_ws/install/rpp_msgs/include/rpp_msgs/rpp_msgs/msg/detail/battery_state__type_support.h
[18.368s] -- Symlinking: /home/rpp/rpp_ws/install/rpp_msgs/include/rpp_msgs/rpp_msgs/msg/detail/device_state__functions.h
[18.388s] -- Symlinking: /home/rpp/rpp_ws/install/rpp_msgs/include/rpp_msgs/rpp_msgs/msg/detail/device_state__struct.h
[18.421s] -- Symlinking: /home/rpp/rpp_ws/install/rpp_msgs/include/rpp_msgs/rpp_msgs/msg/detail/device_state__type_support.h
[18.472s] -- Symlinking: /home/rpp/rpp_ws/install/rpp_msgs/include/rpp_msgs/rpp_msgs/msg/detail/error_state__functions.h
[18.493s] -- Symlinking: /home/rpp/rpp_ws/install/rpp_msgs/include/rpp_msgs/rpp_msgs/msg/detail/error_state__struct.h
[18.512s] -- Symlinking: /home/rpp/rpp_ws/install/rpp_msgs/include/rpp_msgs/rpp_msgs/msg/detail/error_state__type_support.h
[18.531s] -- Symlinking: /home/rpp/rpp_ws/install/rpp_msgs/include/rpp_msgs/rpp_msgs/msg/detail/light_state__functions.h
[18.549s] -- Symlinking: /home/rpp/rpp_ws/install/rpp_msgs/include/rpp_msgs/rpp_msgs/msg/detail/light_state__struct.h
[18.568s] -- Symlinking: /home/rpp/rpp_ws/install/rpp_msgs/include/rpp_msgs/rpp_msgs/msg/detail/light_state__type_support.h
[18.642s] -- Symlinking: /home/rpp/rpp_ws/install/rpp_msgs/include/rpp_msgs/rpp_msgs/msg/detail/motor_state__functions.h
[18.668s] -- Symlinking: /home/rpp/rpp_ws/install/rpp_msgs/include/rpp_msgs/rpp_msgs/msg/detail/motor_state__struct.h
[18.698s] -- Symlinking: /home/rpp/rpp_ws/install/rpp_msgs/include/rpp_msgs/rpp_msgs/msg/detail/motor_state__type_support.h
[18.739s] -- Symlinking: /home/rpp/rpp_ws/install/rpp_msgs/include/rpp_msgs/rpp_msgs/msg/detail/set_device__functions.h
[18.791s] -- Symlinking: /home/rpp/rpp_ws/install/rpp_msgs/include/rpp_msgs/rpp_msgs/msg/detail/set_device__struct.h
[18.833s] -- Symlinking: /home/rpp/rpp_ws/install/rpp_msgs/include/rpp_msgs/rpp_msgs/msg/detail/set_device__type_support.h
[18.881s] -- Symlinking: /home/rpp/rpp_ws/install/rpp_msgs/include/rpp_msgs/rpp_msgs/msg/detail/set_error_mask__functions.h
[18.919s] -- Symlinking: /home/rpp/rpp_ws/install/rpp_msgs/include/rpp_msgs/rpp_msgs/msg/detail/set_error_mask__struct.h
[18.972s] -- Symlinking: /home/rpp/rpp_ws/install/rpp_msgs/include/rpp_msgs/rpp_msgs/msg/detail/set_error_mask__type_support.h
[19.046s] -- Symlinking: /home/rpp/rpp_ws/install/rpp_msgs/include/rpp_msgs/rpp_msgs/msg/detail/set_light__functions.h
[19.082s] -- Symlinking: /home/rpp/rpp_ws/install/rpp_msgs/include/rpp_msgs/rpp_msgs/msg/detail/set_light__struct.h
[19.129s] -- Symlinking: /home/rpp/rpp_ws/install/rpp_msgs/include/rpp_msgs/rpp_msgs/msg/detail/set_light__type_support.h
[19.171s] -- Symlinking: /home/rpp/rpp_ws/install/rpp_msgs/include/rpp_msgs/rpp_msgs/msg/detail/single_motor_state__functions.h
[19.204s] -- Symlinking: /home/rpp/rpp_ws/install/rpp_msgs/include/rpp_msgs/rpp_msgs/msg/detail/single_motor_state__struct.h
[19.242s] -- Symlinking: /home/rpp/rpp_ws/install/rpp_msgs/include/rpp_msgs/rpp_msgs/msg/detail/single_motor_state__type_support.h
[19.286s] -- Symlinking: /home/rpp/rpp_ws/install/rpp_msgs/include/rpp_msgs/rpp_msgs/msg/device_state.h
[19.325s] -- Symlinking: /home/rpp/rpp_ws/install/rpp_msgs/include/rpp_msgs/rpp_msgs/msg/error_state.h
[19.366s] -- Symlinking: /home/rpp/rpp_ws/install/rpp_msgs/include/rpp_msgs/rpp_msgs/msg/light_state.h
[19.389s] -- Symlinking: /home/rpp/rpp_ws/install/rpp_msgs/include/rpp_msgs/rpp_msgs/msg/motor_state.h
[19.444s] -- Symlinking: /home/rpp/rpp_ws/install/rpp_msgs/include/rpp_msgs/rpp_msgs/msg/rosidl_generator_c__visibility_control.h
[19.481s] -- Symlinking: /home/rpp/rpp_ws/install/rpp_msgs/include/rpp_msgs/rpp_msgs/msg/set_device.h
[19.515s] -- Symlinking: /home/rpp/rpp_ws/install/rpp_msgs/include/rpp_msgs/rpp_msgs/msg/set_error_mask.h
[19.532s] -- Symlinking: /home/rpp/rpp_ws/install/rpp_msgs/include/rpp_msgs/rpp_msgs/msg/set_light.h
[19.552s] -- Symlinking: /home/rpp/rpp_ws/install/rpp_msgs/include/rpp_msgs/rpp_msgs/msg/single_motor_state.h
[19.593s] -- Symlinking: /home/rpp/rpp_ws/install/rpp_msgs/share/rpp_msgs/environment/library_path.sh
[19.627s] -- Symlinking: /home/rpp/rpp_ws/install/rpp_msgs/share/rpp_msgs/environment/library_path.dsv
[19.664s] -- Symlinking: /home/rpp/rpp_ws/install/rpp_msgs/include/rpp_msgs/rpp_msgs/msg/detail/battery_state__rosidl_typesupport_fastrtps_c.h
[19.707s] -- Symlinking: /home/rpp/rpp_ws/install/rpp_msgs/include/rpp_msgs/rpp_msgs/msg/detail/device_state__rosidl_typesupport_fastrtps_c.h
[19.738s] -- Symlinking: /home/rpp/rpp_ws/install/rpp_msgs/include/rpp_msgs/rpp_msgs/msg/detail/error_state__rosidl_typesupport_fastrtps_c.h
[19.780s] -- Symlinking: /home/rpp/rpp_ws/install/rpp_msgs/include/rpp_msgs/rpp_msgs/msg/detail/light_state__rosidl_typesupport_fastrtps_c.h
[19.805s] -- Symlinking: /home/rpp/rpp_ws/install/rpp_msgs/include/rpp_msgs/rpp_msgs/msg/detail/motor_state__rosidl_typesupport_fastrtps_c.h
[19.833s] -- Symlinking: /home/rpp/rpp_ws/install/rpp_msgs/include/rpp_msgs/rpp_msgs/msg/detail/set_device__rosidl_typesupport_fastrtps_c.h
[19.872s] -- Symlinking: /home/rpp/rpp_ws/install/rpp_msgs/include/rpp_msgs/rpp_msgs/msg/detail/set_error_mask__rosidl_typesupport_fastrtps_c.h
[19.903s] -- Symlinking: /home/rpp/rpp_ws/install/rpp_msgs/include/rpp_msgs/rpp_msgs/msg/detail/set_light__rosidl_typesupport_fastrtps_c.h
[19.949s] -- Symlinking: /home/rpp/rpp_ws/install/rpp_msgs/include/rpp_msgs/rpp_msgs/msg/detail/single_motor_state__rosidl_typesupport_fastrtps_c.h
[19.971s] -- Symlinking: /home/rpp/rpp_ws/install/rpp_msgs/include/rpp_msgs/rpp_msgs/msg/rosidl_typesupport_fastrtps_c__visibility_control.h
[20.009s] -- Symlinking: /home/rpp/rpp_ws/install/rpp_msgs/include/rpp_msgs/rpp_msgs/msg/detail/battery_state__rosidl_typesupport_introspection_c.h
[20.053s] -- Symlinking: /home/rpp/rpp_ws/install/rpp_msgs/include/rpp_msgs/rpp_msgs/msg/detail/device_state__rosidl_typesupport_introspection_c.h
[20.089s] -- Symlinking: /home/rpp/rpp_ws/install/rpp_msgs/include/rpp_msgs/rpp_msgs/msg/detail/error_state__rosidl_typesupport_introspection_c.h
[20.137s] -- Symlinking: /home/rpp/rpp_ws/install/rpp_msgs/include/rpp_msgs/rpp_msgs/msg/detail/light_state__rosidl_typesupport_introspection_c.h
[20.180s] -- Symlinking: /home/rpp/rpp_ws/install/rpp_msgs/include/rpp_msgs/rpp_msgs/msg/detail/motor_state__rosidl_typesupport_introspection_c.h
[20.199s] -- Symlinking: /home/rpp/rpp_ws/install/rpp_msgs/include/rpp_msgs/rpp_msgs/msg/detail/set_device__rosidl_typesupport_introspection_c.h
[20.225s] -- Symlinking: /home/rpp/rpp_ws/install/rpp_msgs/include/rpp_msgs/rpp_msgs/msg/detail/set_error_mask__rosidl_typesupport_introspection_c.h
[20.247s] -- Symlinking: /home/rpp/rpp_ws/install/rpp_msgs/include/rpp_msgs/rpp_msgs/msg/detail/set_light__rosidl_typesupport_introspection_c.h
[20.273s] -- Symlinking: /home/rpp/rpp_ws/install/rpp_msgs/include/rpp_msgs/rpp_msgs/msg/detail/single_motor_state__rosidl_typesupport_introspection_c.h
[20.289s] -- Symlinking: /home/rpp/rpp_ws/install/rpp_msgs/include/rpp_msgs/rpp_msgs/msg/rosidl_typesupport_introspection_c__visibility_control.h
[20.317s] -- Symlinking: /home/rpp/rpp_ws/install/rpp_msgs/include/rpp_msgs/rpp_msgs/msg/battery_state.hpp
[20.338s] -- Symlinking: /home/rpp/rpp_ws/install/rpp_msgs/include/rpp_msgs/rpp_msgs/msg/detail/battery_state__builder.hpp
[20.378s] -- Symlinking: /home/rpp/rpp_ws/install/rpp_msgs/include/rpp_msgs/rpp_msgs/msg/detail/battery_state__struct.hpp
[20.424s] -- Symlinking: /home/rpp/rpp_ws/install/rpp_msgs/include/rpp_msgs/rpp_msgs/msg/detail/battery_state__traits.hpp
[20.457s] -- Symlinking: /home/rpp/rpp_ws/install/rpp_msgs/include/rpp_msgs/rpp_msgs/msg/detail/battery_state__type_support.hpp
[20.477s] -- Symlinking: /home/rpp/rpp_ws/install/rpp_msgs/include/rpp_msgs/rpp_msgs/msg/detail/device_state__builder.hpp
[20.490s] -- Symlinking: /home/rpp/rpp_ws/install/rpp_msgs/include/rpp_msgs/rpp_msgs/msg/detail/device_state__struct.hpp
[20.551s] -- Symlinking: /home/rpp/rpp_ws/install/rpp_msgs/include/rpp_msgs/rpp_msgs/msg/detail/device_state__traits.hpp
[20.578s] -- Symlinking: /home/rpp/rpp_ws/install/rpp_msgs/include/rpp_msgs/rpp_msgs/msg/detail/device_state__type_support.hpp
[20.613s] -- Symlinking: /home/rpp/rpp_ws/install/rpp_msgs/include/rpp_msgs/rpp_msgs/msg/detail/error_state__builder.hpp
[20.638s] -- Symlinking: /home/rpp/rpp_ws/install/rpp_msgs/include/rpp_msgs/rpp_msgs/msg/detail/error_state__struct.hpp
[20.668s] -- Symlinking: /home/rpp/rpp_ws/install/rpp_msgs/include/rpp_msgs/rpp_msgs/msg/detail/error_state__traits.hpp
[20.704s] -- Symlinking: /home/rpp/rpp_ws/install/rpp_msgs/include/rpp_msgs/rpp_msgs/msg/detail/error_state__type_support.hpp
[20.735s] -- Symlinking: /home/rpp/rpp_ws/install/rpp_msgs/include/rpp_msgs/rpp_msgs/msg/detail/light_state__builder.hpp
[20.760s] -- Symlinking: /home/rpp/rpp_ws/install/rpp_msgs/include/rpp_msgs/rpp_msgs/msg/detail/light_state__struct.hpp
[20.773s] -- Symlinking: /home/rpp/rpp_ws/install/rpp_msgs/include/rpp_msgs/rpp_msgs/msg/detail/light_state__traits.hpp
[20.791s] -- Symlinking: /home/rpp/rpp_ws/install/rpp_msgs/include/rpp_msgs/rpp_msgs/msg/detail/light_state__type_support.hpp
[20.810s] -- Symlinking: /home/rpp/rpp_ws/install/rpp_msgs/include/rpp_msgs/rpp_msgs/msg/detail/motor_state__builder.hpp
[20.831s] -- Symlinking: /home/rpp/rpp_ws/install/rpp_msgs/include/rpp_msgs/rpp_msgs/msg/detail/motor_state__struct.hpp
[20.867s] -- Symlinking: /home/rpp/rpp_ws/install/rpp_msgs/include/rpp_msgs/rpp_msgs/msg/detail/motor_state__traits.hpp
[20.905s] -- Symlinking: /home/rpp/rpp_ws/install/rpp_msgs/include/rpp_msgs/rpp_msgs/msg/detail/motor_state__type_support.hpp
[20.940s] -- Symlinking: /home/rpp/rpp_ws/install/rpp_msgs/include/rpp_msgs/rpp_msgs/msg/detail/set_device__builder.hpp
[20.976s] -- Symlinking: /home/rpp/rpp_ws/install/rpp_msgs/include/rpp_msgs/rpp_msgs/msg/detail/set_device__struct.hpp
[21.004s] -- Symlinking: /home/rpp/rpp_ws/install/rpp_msgs/include/rpp_msgs/rpp_msgs/msg/detail/set_device__traits.hpp
[21.040s] -- Symlinking: /home/rpp/rpp_ws/install/rpp_msgs/include/rpp_msgs/rpp_msgs/msg/detail/set_device__type_support.hpp
[21.090s] -- Symlinking: /home/rpp/rpp_ws/install/rpp_msgs/include/rpp_msgs/rpp_msgs/msg/detail/set_error_mask__builder.hpp
[21.121s] -- Symlinking: /home/rpp/rpp_ws/install/rpp_msgs/include/rpp_msgs/rpp_msgs/msg/detail/set_error_mask__struct.hpp
[21.207s] -- Symlinking: /home/rpp/rpp_ws/install/rpp_msgs/include/rpp_msgs/rpp_msgs/msg/detail/set_error_mask__traits.hpp
[21.236s] -- Symlinking: /home/rpp/rpp_ws/install/rpp_msgs/include/rpp_msgs/rpp_msgs/msg/detail/set_error_mask__type_support.hpp
[21.267s] -- Symlinking: /home/rpp/rpp_ws/install/rpp_msgs/include/rpp_msgs/rpp_msgs/msg/detail/set_light__builder.hpp
[21.288s] -- Symlinking: /home/rpp/rpp_ws/install/rpp_msgs/include/rpp_msgs/rpp_msgs/msg/detail/set_light__struct.hpp
[21.334s] -- Symlinking: /home/rpp/rpp_ws/install/rpp_msgs/include/rpp_msgs/rpp_msgs/msg/detail/set_light__traits.hpp
[21.367s] -- Symlinking: /home/rpp/rpp_ws/install/rpp_msgs/include/rpp_msgs/rpp_msgs/msg/detail/set_light__type_support.hpp
[21.403s] -- Symlinking: /home/rpp/rpp_ws/install/rpp_msgs/include/rpp_msgs/rpp_msgs/msg/detail/single_motor_state__builder.hpp
[21.425s] -- Symlinking: /home/rpp/rpp_ws/install/rpp_msgs/include/rpp_msgs/rpp_msgs/msg/detail/single_motor_state__struct.hpp
[21.469s] -- Symlinking: /home/rpp/rpp_ws/install/rpp_msgs/include/rpp_msgs/rpp_msgs/msg/detail/single_motor_state__traits.hpp
[21.498s] -- Symlinking: /home/rpp/rpp_ws/install/rpp_msgs/include/rpp_msgs/rpp_msgs/msg/detail/single_motor_state__type_support.hpp
[21.540s] -- Symlinking: /home/rpp/rpp_ws/install/rpp_msgs/include/rpp_msgs/rpp_msgs/msg/device_state.hpp
[21.565s] -- Symlinking: /home/rpp/rpp_ws/install/rpp_msgs/include/rpp_msgs/rpp_msgs/msg/error_state.hpp
[21.588s] -- Symlinking: /home/rpp/rpp_ws/install/rpp_msgs/include/rpp_msgs/rpp_msgs/msg/light_state.hpp
[21.616s] -- Symlinking: /home/rpp/rpp_ws/install/rpp_msgs/include/rpp_msgs/rpp_msgs/msg/motor_state.hpp
[21.641s] -- Symlinking: /home/rpp/rpp_ws/install/rpp_msgs/include/rpp_msgs/rpp_msgs/msg/rosidl_generator_cpp__visibility_control.hpp
[21.665s] -- Symlinking: /home/rpp/rpp_ws/install/rpp_msgs/include/rpp_msgs/rpp_msgs/msg/set_device.hpp
[21.684s] -- Symlinking: /home/rpp/rpp_ws/install/rpp_msgs/include/rpp_msgs/rpp_msgs/msg/set_error_mask.hpp
[21.708s] -- Symlinking: /home/rpp/rpp_ws/install/rpp_msgs/include/rpp_msgs/rpp_msgs/msg/set_light.hpp
[21.732s] -- Symlinking: /home/rpp/rpp_ws/install/rpp_msgs/include/rpp_msgs/rpp_msgs/msg/single_motor_state.hpp
[21.759s] -- Symlinking: /home/rpp/rpp_ws/install/rpp_msgs/include/rpp_msgs/rpp_msgs/msg/detail/battery_state__rosidl_typesupport_fastrtps_cpp.hpp
[21.779s] -- Symlinking: /home/rpp/rpp_ws/install/rpp_msgs/include/rpp_msgs/rpp_msgs/msg/detail/device_state__rosidl_typesupport_fastrtps_cpp.hpp
[21.829s] -- Symlinking: /home/rpp/rpp_ws/install/rpp_msgs/include/rpp_msgs/rpp_msgs/msg/detail/error_state__rosidl_typesupport_fastrtps_cpp.hpp
[21.829s] -- Symlinking: /home/rpp/rpp_ws/install/rpp_msgs/include/rpp_msgs/rpp_msgs/msg/detail/light_state__rosidl_typesupport_fastrtps_cpp.hpp
[21.846s] -- Symlinking: /home/rpp/rpp_ws/install/rpp_msgs/include/rpp_msgs/rpp_msgs/msg/detail/motor_state__rosidl_typesupport_fastrtps_cpp.hpp
[21.874s] -- Symlinking: /home/rpp/rpp_ws/install/rpp_msgs/include/rpp_msgs/rpp_msgs/msg/detail/set_device__rosidl_typesupport_fastrtps_cpp.hpp
[21.883s] -- Symlinking: /home/rpp/rpp_ws/install/rpp_msgs/include/rpp_msgs/rpp_msgs/msg/detail/set_error_mask__rosidl_typesupport_fastrtps_cpp.hpp
[21.900s] -- Symlinking: /home/rpp/rpp_ws/install/rpp_msgs/include/rpp_msgs/rpp_msgs/msg/detail/set_light__rosidl_typesupport_fastrtps_cpp.hpp
[21.921s] -- Symlinking: /home/rpp/rpp_ws/install/rpp_msgs/include/rpp_msgs/rpp_msgs/msg/detail/single_motor_state__rosidl_typesupport_fastrtps_cpp.hpp
[21.957s] -- Symlinking: /home/rpp/rpp_ws/install/rpp_msgs/include/rpp_msgs/rpp_msgs/msg/rosidl_typesupport_fastrtps_cpp__visibility_control.h
[21.996s] -- Symlinking: /home/rpp/rpp_ws/install/rpp_msgs/include/rpp_msgs/rpp_msgs/msg/detail/battery_state__rosidl_typesupport_introspection_cpp.hpp
[22.028s] -- Symlinking: /home/rpp/rpp_ws/install/rpp_msgs/include/rpp_msgs/rpp_msgs/msg/detail/device_state__rosidl_typesupport_introspection_cpp.hpp
[22.049s] -- Symlinking: /home/rpp/rpp_ws/install/rpp_msgs/include/rpp_msgs/rpp_msgs/msg/detail/error_state__rosidl_typesupport_introspection_cpp.hpp
[22.070s] -- Symlinking: /home/rpp/rpp_ws/install/rpp_msgs/include/rpp_msgs/rpp_msgs/msg/detail/light_state__rosidl_typesupport_introspection_cpp.hpp
[22.100s] -- Symlinking: /home/rpp/rpp_ws/install/rpp_msgs/include/rpp_msgs/rpp_msgs/msg/detail/motor_state__rosidl_typesupport_introspection_cpp.hpp
[22.123s] -- Symlinking: /home/rpp/rpp_ws/install/rpp_msgs/include/rpp_msgs/rpp_msgs/msg/detail/set_device__rosidl_typesupport_introspection_cpp.hpp
[22.142s] -- Symlinking: /home/rpp/rpp_ws/install/rpp_msgs/include/rpp_msgs/rpp_msgs/msg/detail/set_error_mask__rosidl_typesupport_introspection_cpp.hpp
[22.159s] -- Symlinking: /home/rpp/rpp_ws/install/rpp_msgs/include/rpp_msgs/rpp_msgs/msg/detail/set_light__rosidl_typesupport_introspection_cpp.hpp
[22.181s] -- Symlinking: /home/rpp/rpp_ws/install/rpp_msgs/include/rpp_msgs/rpp_msgs/msg/detail/single_motor_state__rosidl_typesupport_introspection_cpp.hpp
[22.206s] -- Symlinking: /home/rpp/rpp_ws/install/rpp_msgs/share/rpp_msgs/environment/pythonpath.sh
[22.224s] -- Symlinking: /home/rpp/rpp_ws/install/rpp_msgs/share/rpp_msgs/environment/pythonpath.dsv
[22.242s] -- Symlinking: /home/rpp/rpp_ws/install/rpp_msgs/local/lib/python3.10/dist-packages/rpp_msgs-0.0.0-py3.10.egg-info/PKG-INFO
[22.260s] -- Symlinking: /home/rpp/rpp_ws/install/rpp_msgs/local/lib/python3.10/dist-packages/rpp_msgs-0.0.0-py3.10.egg-info/SOURCES.txt
[22.296s] -- Symlinking: /home/rpp/rpp_ws/install/rpp_msgs/local/lib/python3.10/dist-packages/rpp_msgs-0.0.0-py3.10.egg-info/dependency_links.txt
[22.322s] -- Symlinking: /home/rpp/rpp_ws/install/rpp_msgs/local/lib/python3.10/dist-packages/rpp_msgs-0.0.0-py3.10.egg-info/top_level.txt
[22.349s] -- Symlinking: /home/rpp/rpp_ws/install/rpp_msgs/local/lib/python3.10/dist-packages/rpp_msgs/__init__.py
[22.369s] -- Symlinking: /home/rpp/rpp_ws/install/rpp_msgs/local/lib/python3.10/dist-packages/rpp_msgs/_rpp_msgs_s.ep.rosidl_typesupport_c.c
[22.398s] -- Symlinking: /home/rpp/rpp_ws/install/rpp_msgs/local/lib/python3.10/dist-packages/rpp_msgs/_rpp_msgs_s.ep.rosidl_typesupport_fastrtps_c.c
[22.420s] -- Symlinking: /home/rpp/rpp_ws/install/rpp_msgs/local/lib/python3.10/dist-packages/rpp_msgs/_rpp_msgs_s.ep.rosidl_typesupport_introspection_c.c
[22.439s] -- Symlinking: /home/rpp/rpp_ws/install/rpp_msgs/local/lib/python3.10/dist-packages/rpp_msgs/librpp_msgs__rosidl_generator_py.so
[22.458s] -- Symlinking: /home/rpp/rpp_ws/install/rpp_msgs/local/lib/python3.10/dist-packages/rpp_msgs/msg/__init__.py
[22.480s] -- Symlinking: /home/rpp/rpp_ws/install/rpp_msgs/local/lib/python3.10/dist-packages/rpp_msgs/msg/_battery_state.py
[22.519s] -- Symlinking: /home/rpp/rpp_ws/install/rpp_msgs/local/lib/python3.10/dist-packages/rpp_msgs/msg/_battery_state_s.c
[22.566s] -- Symlinking: /home/rpp/rpp_ws/install/rpp_msgs/local/lib/python3.10/dist-packages/rpp_msgs/msg/_device_state.py
[22.602s] -- Symlinking: /home/rpp/rpp_ws/install/rpp_msgs/local/lib/python3.10/dist-packages/rpp_msgs/msg/_device_state_s.c
[22.643s] -- Symlinking: /home/rpp/rpp_ws/install/rpp_msgs/local/lib/python3.10/dist-packages/rpp_msgs/msg/_error_state.py
[22.670s] -- Symlinking: /home/rpp/rpp_ws/install/rpp_msgs/local/lib/python3.10/dist-packages/rpp_msgs/msg/_error_state_s.c
[22.706s] -- Symlinking: /home/rpp/rpp_ws/install/rpp_msgs/local/lib/python3.10/dist-packages/rpp_msgs/msg/_light_state.py
[22.730s] -- Symlinking: /home/rpp/rpp_ws/install/rpp_msgs/local/lib/python3.10/dist-packages/rpp_msgs/msg/_light_state_s.c
[22.757s] -- Symlinking: /home/rpp/rpp_ws/install/rpp_msgs/local/lib/python3.10/dist-packages/rpp_msgs/msg/_motor_state.py
[22.771s] -- Symlinking: /home/rpp/rpp_ws/install/rpp_msgs/local/lib/python3.10/dist-packages/rpp_msgs/msg/_motor_state_s.c
[22.801s] -- Symlinking: /home/rpp/rpp_ws/install/rpp_msgs/local/lib/python3.10/dist-packages/rpp_msgs/msg/_set_device.py
[22.824s] -- Symlinking: /home/rpp/rpp_ws/install/rpp_msgs/local/lib/python3.10/dist-packages/rpp_msgs/msg/_set_device_s.c
[22.855s] -- Symlinking: /home/rpp/rpp_ws/install/rpp_msgs/local/lib/python3.10/dist-packages/rpp_msgs/msg/_set_error_mask.py
[22.930s] -- Symlinking: /home/rpp/rpp_ws/install/rpp_msgs/local/lib/python3.10/dist-packages/rpp_msgs/msg/_set_error_mask_s.c
[22.963s] -- Symlinking: /home/rpp/rpp_ws/install/rpp_msgs/local/lib/python3.10/dist-packages/rpp_msgs/msg/_set_light.py
[22.984s] -- Symlinking: /home/rpp/rpp_ws/install/rpp_msgs/local/lib/python3.10/dist-packages/rpp_msgs/msg/_set_light_s.c
[23.009s] -- Symlinking: /home/rpp/rpp_ws/install/rpp_msgs/local/lib/python3.10/dist-packages/rpp_msgs/msg/_single_motor_state.py
[23.031s] -- Symlinking: /home/rpp/rpp_ws/install/rpp_msgs/local/lib/python3.10/dist-packages/rpp_msgs/msg/_single_motor_state_s.c
[23.073s] -- Symlinking: /home/rpp/rpp_ws/install/rpp_msgs/local/lib/python3.10/dist-packages/rpp_msgs/rpp_msgs_s__rosidl_typesupport_c.cpython-310-x86_64-linux-gnu.so
[23.107s] -- Symlinking: /home/rpp/rpp_ws/install/rpp_msgs/local/lib/python3.10/dist-packages/rpp_msgs/rpp_msgs_s__rosidl_typesupport_fastrtps_c.cpython-310-x86_64-linux-gnu.so
[23.133s] -- Symlinking: /home/rpp/rpp_ws/install/rpp_msgs/local/lib/python3.10/dist-packages/rpp_msgs/rpp_msgs_s__rosidl_typesupport_introspection_c.cpython-310-x86_64-linux-gnu.so
[23.158s] -- Up-to-date symlink: /home/rpp/rpp_ws/install/rpp_msgs/local/lib/python3.10/dist-packages/rpp_msgs/rpp_msgs_s__rosidl_typesupport_fastrtps_c.cpython-310-x86_64-linux-gnu.so
[23.161s] -- Up-to-date symlink: /home/rpp/rpp_ws/install/rpp_msgs/local/lib/python3.10/dist-packages/rpp_msgs/rpp_msgs_s__rosidl_typesupport_introspection_c.cpython-310-x86_64-linux-gnu.so
[23.162s] -- Up-to-date symlink: /home/rpp/rpp_ws/install/rpp_msgs/local/lib/python3.10/dist-packages/rpp_msgs/rpp_msgs_s__rosidl_typesupport_c.cpython-310-x86_64-linux-gnu.so
[23.162s] -- Symlinking: /home/rpp/rpp_ws/install/rpp_msgs/share/rpp_msgs/msg/BatteryState.idl
[23.181s] -- Symlinking: /home/rpp/rpp_ws/install/rpp_msgs/share/rpp_msgs/msg/DeviceState.idl
[23.204s] -- Symlinking: /home/rpp/rpp_ws/install/rpp_msgs/share/rpp_msgs/msg/ErrorState.idl
[23.225s] -- Symlinking: /home/rpp/rpp_ws/install/rpp_msgs/share/rpp_msgs/msg/LightState.idl
[23.255s] -- Symlinking: /home/rpp/rpp_ws/install/rpp_msgs/share/rpp_msgs/msg/MotorState.idl
[23.271s] -- Symlinking: /home/rpp/rpp_ws/install/rpp_msgs/share/rpp_msgs/msg/SingleMotorState.idl
[23.296s] -- Symlinking: /home/rpp/rpp_ws/install/rpp_msgs/share/rpp_msgs/msg/SetDevice.idl
[23.321s] -- Symlinking: /home/rpp/rpp_ws/install/rpp_msgs/share/rpp_msgs/msg/SetErrorMask.idl
[23.351s] -- Symlinking: /home/rpp/rpp_ws/install/rpp_msgs/share/rpp_msgs/msg/SetLight.idl
[23.389s] -- Symlinking: /home/rpp/rpp_ws/install/rpp_msgs/share/rpp_msgs/msg/BatteryState.msg
[23.408s] -- Symlinking: /home/rpp/rpp_ws/install/rpp_msgs/share/rpp_msgs/msg/DeviceState.msg
[23.432s] -- Symlinking: /home/rpp/rpp_ws/install/rpp_msgs/share/rpp_msgs/msg/ErrorState.msg
[23.455s] -- Symlinking: /home/rpp/rpp_ws/install/rpp_msgs/share/rpp_msgs/msg/LightState.msg
[23.474s] -- Symlinking: /home/rpp/rpp_ws/install/rpp_msgs/share/rpp_msgs/msg/MotorState.msg
[23.498s] -- Symlinking: /home/rpp/rpp_ws/install/rpp_msgs/share/rpp_msgs/msg/SingleMotorState.msg
[23.519s] -- Symlinking: /home/rpp/rpp_ws/install/rpp_msgs/share/rpp_msgs/msg/SetDevice.msg
[23.537s] -- Symlinking: /home/rpp/rpp_ws/install/rpp_msgs/share/rpp_msgs/msg/SetErrorMask.msg
[23.558s] -- Symlinking: /home/rpp/rpp_ws/install/rpp_msgs/share/rpp_msgs/msg/SetLight.msg
[23.576s] -- Symlinking: /home/rpp/rpp_ws/install/rpp_msgs/share/ament_index/resource_index/package_run_dependencies/rpp_msgs
[23.596s] -- Symlinking: /home/rpp/rpp_ws/install/rpp_msgs/share/ament_index/resource_index/parent_prefix_path/rpp_msgs
[23.616s] -- Symlinking: /home/rpp/rpp_ws/install/rpp_msgs/share/rpp_msgs/environment/ament_prefix_path.sh
[23.641s] -- Symlinking: /home/rpp/rpp_ws/install/rpp_msgs/share/rpp_msgs/environment/ament_prefix_path.dsv
[23.661s] -- Symlinking: /home/rpp/rpp_ws/install/rpp_msgs/share/rpp_msgs/environment/path.sh
[23.685s] -- Symlinking: /home/rpp/rpp_ws/install/rpp_msgs/share/rpp_msgs/environment/path.dsv
[23.718s] -- Symlinking: /home/rpp/rpp_ws/install/rpp_msgs/share/rpp_msgs/local_setup.bash
[23.734s] -- Symlinking: /home/rpp/rpp_ws/install/rpp_msgs/share/rpp_msgs/local_setup.sh
[23.755s] -- Symlinking: /home/rpp/rpp_ws/install/rpp_msgs/share/rpp_msgs/local_setup.zsh
[23.775s] -- Symlinking: /home/rpp/rpp_ws/install/rpp_msgs/share/rpp_msgs/local_setup.dsv
[23.791s] -- Symlinking: /home/rpp/rpp_ws/install/rpp_msgs/share/rpp_msgs/package.dsv
[23.808s] -- Symlinking: /home/rpp/rpp_ws/install/rpp_msgs/share/ament_index/resource_index/packages/rpp_msgs
[23.826s] -- Symlinking: /home/rpp/rpp_ws/install/rpp_msgs/share/rpp_msgs/cmake/rosidl_cmake-extras.cmake
[23.852s] -- Symlinking: /home/rpp/rpp_ws/install/rpp_msgs/share/rpp_msgs/cmake/ament_cmake_export_dependencies-extras.cmake
[23.868s] -- Symlinking: /home/rpp/rpp_ws/install/rpp_msgs/share/rpp_msgs/cmake/ament_cmake_export_include_directories-extras.cmake
[23.887s] -- Symlinking: /home/rpp/rpp_ws/install/rpp_msgs/share/rpp_msgs/cmake/ament_cmake_export_libraries-extras.cmake
[23.909s] -- Symlinking: /home/rpp/rpp_ws/install/rpp_msgs/share/rpp_msgs/cmake/ament_cmake_export_targets-extras.cmake
[23.928s] -- Symlinking: /home/rpp/rpp_ws/install/rpp_msgs/share/rpp_msgs/cmake/rosidl_cmake_export_typesupport_targets-extras.cmake
[23.948s] -- Symlinking: /home/rpp/rpp_ws/install/rpp_msgs/share/rpp_msgs/cmake/rosidl_cmake_export_typesupport_libraries-extras.cmake
[23.973s] -- Symlinking: /home/rpp/rpp_ws/install/rpp_msgs/share/rpp_msgs/cmake/rpp_msgsConfig.cmake
[23.996s] -- Symlinking: /home/rpp/rpp_ws/install/rpp_msgs/share/rpp_msgs/cmake/rpp_msgsConfig-version.cmake
[24.018s] -- Symlinking: /home/rpp/rpp_ws/install/rpp_msgs/share/rpp_msgs/package.xml
[24.039s] -- Installing: /home/rpp/rpp_ws/install/rpp_msgs/lib/librpp_msgs__rosidl_generator_c.so
[24.040s] -- Set runtime path of "/home/rpp/rpp_ws/install/rpp_msgs/lib/librpp_msgs__rosidl_generator_c.so" to ""
[24.040s] -- Installing: /home/rpp/rpp_ws/install/rpp_msgs/lib/librpp_msgs__rosidl_typesupport_fastrtps_c.so
[24.044s] -- Set runtime path of "/home/rpp/rpp_ws/install/rpp_msgs/lib/librpp_msgs__rosidl_typesupport_fastrtps_c.so" to ""
[24.044s] -- Installing: /home/rpp/rpp_ws/install/rpp_msgs/lib/librpp_msgs__rosidl_typesupport_introspection_c.so
[24.045s] -- Set runtime path of "/home/rpp/rpp_ws/install/rpp_msgs/lib/librpp_msgs__rosidl_typesupport_introspection_c.so" to ""
[24.045s] -- Installing: /home/rpp/rpp_ws/install/rpp_msgs/lib/librpp_msgs__rosidl_typesupport_c.so
[24.046s] -- Set runtime path of "/home/rpp/rpp_ws/install/rpp_msgs/lib/librpp_msgs__rosidl_typesupport_c.so" to ""
[24.046s] -- Installing: /home/rpp/rpp_ws/install/rpp_msgs/lib/librpp_msgs__rosidl_typesupport_fastrtps_cpp.so
[24.052s] -- Set runtime path of "/home/rpp/rpp_ws/install/rpp_msgs/lib/librpp_msgs__rosidl_typesupport_fastrtps_cpp.so" to ""
[24.052s] -- Installing: /home/rpp/rpp_ws/install/rpp_msgs/lib/librpp_msgs__rosidl_typesupport_introspection_cpp.so
[24.052s] -- Set runtime path of "/home/rpp/rpp_ws/install/rpp_msgs/lib/librpp_msgs__rosidl_typesupport_introspection_cpp.so" to ""
[24.052s] -- Installing: /home/rpp/rpp_ws/install/rpp_msgs/lib/librpp_msgs__rosidl_typesupport_cpp.so
[24.057s] -- Set runtime path of "/home/rpp/rpp_ws/install/rpp_msgs/lib/librpp_msgs__rosidl_typesupport_cpp.so" to ""
[24.163s] Listing '/home/rpp/rpp_ws/install/rpp_msgs/local/lib/python3.10/dist-packages/rpp_msgs'...
[24.163s] Compiling '/home/rpp/rpp_ws/install/rpp_msgs/local/lib/python3.10/dist-packages/rpp_msgs/__init__.py'...
[24.163s] Listing '/home/rpp/rpp_ws/install/rpp_msgs/local/lib/python3.10/dist-packages/rpp_msgs/msg'...
[24.163s] Compiling '/home/rpp/rpp_ws/install/rpp_msgs/local/lib/python3.10/dist-packages/rpp_msgs/msg/__init__.py'...
[24.163s] Compiling '/home/rpp/rpp_ws/install/rpp_msgs/local/lib/python3.10/dist-packages/rpp_msgs/msg/_battery_state.py'...
[24.163s] Compiling '/home/rpp/rpp_ws/install/rpp_msgs/local/lib/python3.10/dist-packages/rpp_msgs/msg/_device_state.py'...
[24.164s] Compiling '/home/rpp/rpp_ws/install/rpp_msgs/local/lib/python3.10/dist-packages/rpp_msgs/msg/_error_state.py'...
[24.164s] Compiling '/home/rpp/rpp_ws/install/rpp_msgs/local/lib/python3.10/dist-packages/rpp_msgs/msg/_light_state.py'...
[24.164s] Compiling '/home/rpp/rpp_ws/install/rpp_msgs/local/lib/python3.10/dist-packages/rpp_msgs/msg/_motor_state.py'...
[24.164s] Compiling '/home/rpp/rpp_ws/install/rpp_msgs/local/lib/python3.10/dist-packages/rpp_msgs/msg/_set_device.py'...
[24.164s] Compiling '/home/rpp/rpp_ws/install/rpp_msgs/local/lib/python3.10/dist-packages/rpp_msgs/msg/_set_error_mask.py'...
[24.164s] Compiling '/home/rpp/rpp_ws/install/rpp_msgs/local/lib/python3.10/dist-packages/rpp_msgs/msg/_set_light.py'...
[24.164s] Compiling '/home/rpp/rpp_ws/install/rpp_msgs/local/lib/python3.10/dist-packages/rpp_msgs/msg/_single_motor_state.py'...
[24.170s] -- Installing: /home/rpp/rpp_ws/install/rpp_msgs/lib/librpp_msgs__rosidl_generator_py.so
[24.175s] -- Set runtime path of "/home/rpp/rpp_ws/install/rpp_msgs/lib/librpp_msgs__rosidl_generator_py.so" to ""
[24.175s] -- Installing: /home/rpp/rpp_ws/install/rpp_msgs/share/rpp_msgs/cmake/export_rpp_msgs__rosidl_generator_cExport.cmake
[24.176s] -- Installing: /home/rpp/rpp_ws/install/rpp_msgs/share/rpp_msgs/cmake/export_rpp_msgs__rosidl_generator_cExport-noconfig.cmake
[24.177s] -- Installing: /home/rpp/rpp_ws/install/rpp_msgs/share/rpp_msgs/cmake/export_rpp_msgs__rosidl_typesupport_fastrtps_cExport.cmake
[24.177s] -- Installing: /home/rpp/rpp_ws/install/rpp_msgs/share/rpp_msgs/cmake/export_rpp_msgs__rosidl_typesupport_fastrtps_cExport-noconfig.cmake
[24.177s] -- Installing: /home/rpp/rpp_ws/install/rpp_msgs/share/rpp_msgs/cmake/rpp_msgs__rosidl_typesupport_introspection_cExport.cmake
[24.177s] -- Installing: /home/rpp/rpp_ws/install/rpp_msgs/share/rpp_msgs/cmake/rpp_msgs__rosidl_typesupport_introspection_cExport-noconfig.cmake
[24.177s] -- Installing: /home/rpp/rpp_ws/install/rpp_msgs/share/rpp_msgs/cmake/rpp_msgs__rosidl_typesupport_cExport.cmake
[24.177s] -- Installing: /home/rpp/rpp_ws/install/rpp_msgs/share/rpp_msgs/cmake/rpp_msgs__rosidl_typesupport_cExport-noconfig.cmake
[24.177s] -- Installing: /home/rpp/rpp_ws/install/rpp_msgs/share/rpp_msgs/cmake/export_rpp_msgs__rosidl_generator_cppExport.cmake
[24.177s] -- Installing: /home/rpp/rpp_ws/install/rpp_msgs/share/rpp_msgs/cmake/export_rpp_msgs__rosidl_typesupport_fastrtps_cppExport.cmake
[24.177s] -- Installing: /home/rpp/rpp_ws/install/rpp_msgs/share/rpp_msgs/cmake/export_rpp_msgs__rosidl_typesupport_fastrtps_cppExport-noconfig.cmake
[24.177s] -- Installing: /home/rpp/rpp_ws/install/rpp_msgs/share/rpp_msgs/cmake/rpp_msgs__rosidl_typesupport_introspection_cppExport.cmake
[24.178s] -- Installing: /home/rpp/rpp_ws/install/rpp_msgs/share/rpp_msgs/cmake/rpp_msgs__rosidl_typesupport_introspection_cppExport-noconfig.cmake
[24.178s] -- Installing: /home/rpp/rpp_ws/install/rpp_msgs/share/rpp_msgs/cmake/rpp_msgs__rosidl_typesupport_cppExport.cmake
[24.178s] -- Installing: /home/rpp/rpp_ws/install/rpp_msgs/share/rpp_msgs/cmake/rpp_msgs__rosidl_typesupport_cppExport-noconfig.cmake
[24.178s] -- Installing: /home/rpp/rpp_ws/install/rpp_msgs/share/rpp_msgs/cmake/export_rpp_msgs__rosidl_generator_pyExport.cmake
[24.178s] -- Installing: /home/rpp/rpp_ws/install/rpp_msgs/share/rpp_msgs/cmake/export_rpp_msgs__rosidl_generator_pyExport-noconfig.cmake
[24.189s] Invoked command in '/home/rpp/rpp_ws/build/rpp_msgs' returned '0': CMAKE_PREFIX_PATH=${CMAKE_PREFIX_PATH}:/home/rpp/rpp_ws/install/setting_info:/home/rpp/rpp_ws/install/nav2_simple_commander:/home/rpp/rpp_ws/install/gui_control:/home/rpp/rpp_ws/install/graphic_display:/home/rpp/rpp_ws/install/linker_hand_ros2_sdk:/home/rpp/rpp_ws/install/bt_task_manager_ros2:/opt/ros/humble /usr/bin/cmake --install /home/rpp/rpp_ws/build/rpp_msgs
