[ 33%] Built target laserscan_multi_merger
[ 66%] Built target laserscan_virtualizer
[100%] Built target ira_laser_tools
-- Install configuration: ""
-- Execute custom install script
-- Up-to-date symlink: /home/rpp/rpp_ws/install/ira_laser_tools/lib/libira_laser_tools.so
-- Up-to-date symlink: /home/rpp/rpp_ws/install/ira_laser_tools/lib/ira_laser_tools/laserscan_multi_merger
-- Up-to-date symlink: /home/rpp/rpp_ws/install/ira_laser_tools/lib/ira_laser_tools/laserscan_virtualizer
-- Up-to-date symlink: /home/rpp/rpp_ws/install/ira_laser_tools/share/ira_laser_tools/environment/library_path.sh
-- Up-to-date symlink: /home/rpp/rpp_ws/install/ira_laser_tools/share/ira_laser_tools/environment/library_path.dsv
-- Up-to-date symlink: /home/rpp/rpp_ws/install/ira_laser_tools/share/ira_laser_tools/launch/laserscan_multi_merger.launch
-- Up-to-date symlink: /home/rpp/rpp_ws/install/ira_laser_tools/share/ira_laser_tools/launch/laserscan_virtualizer.launch
-- Up-to-date symlink: /home/rpp/rpp_ws/install/ira_laser_tools/include/ira_laser_tools/laserscan_multi_merger.hpp
-- Up-to-date symlink: /home/rpp/rpp_ws/install/ira_laser_tools/share/ament_index/resource_index/package_run_dependencies/ira_laser_tools
-- Up-to-date symlink: /home/rpp/rpp_ws/install/ira_laser_tools/share/ament_index/resource_index/parent_prefix_path/ira_laser_tools
-- Up-to-date symlink: /home/rpp/rpp_ws/install/ira_laser_tools/share/ira_laser_tools/environment/ament_prefix_path.sh
-- Up-to-date symlink: /home/rpp/rpp_ws/install/ira_laser_tools/share/ira_laser_tools/environment/ament_prefix_path.dsv
-- Up-to-date symlink: /home/rpp/rpp_ws/install/ira_laser_tools/share/ira_laser_tools/environment/path.sh
-- Up-to-date symlink: /home/rpp/rpp_ws/install/ira_laser_tools/share/ira_laser_tools/environment/path.dsv
-- Up-to-date symlink: /home/rpp/rpp_ws/install/ira_laser_tools/share/ira_laser_tools/local_setup.bash
-- Up-to-date symlink: /home/rpp/rpp_ws/install/ira_laser_tools/share/ira_laser_tools/local_setup.sh
-- Up-to-date symlink: /home/rpp/rpp_ws/install/ira_laser_tools/share/ira_laser_tools/local_setup.zsh
-- Up-to-date symlink: /home/rpp/rpp_ws/install/ira_laser_tools/share/ira_laser_tools/local_setup.dsv
-- Symlinking: /home/rpp/rpp_ws/install/ira_laser_tools/share/ira_laser_tools/package.dsv
-- Up-to-date symlink: /home/rpp/rpp_ws/install/ira_laser_tools/share/ament_index/resource_index/packages/ira_laser_tools
-- Up-to-date symlink: /home/rpp/rpp_ws/install/ira_laser_tools/share/ament_index/resource_index/rclcpp_components/ira_laser_tools
-- Up-to-date symlink: /home/rpp/rpp_ws/install/ira_laser_tools/share/ira_laser_tools/cmake/ament_cmake_export_include_directories-extras.cmake
-- Up-to-date symlink: /home/rpp/rpp_ws/install/ira_laser_tools/share/ira_laser_tools/cmake/ament_cmake_export_targets-extras.cmake
-- Up-to-date symlink: /home/rpp/rpp_ws/install/ira_laser_tools/share/ira_laser_tools/cmake/ament_cmake_export_libraries-extras.cmake
-- Up-to-date symlink: /home/rpp/rpp_ws/install/ira_laser_tools/share/ira_laser_tools/cmake/ament_cmake_export_dependencies-extras.cmake
-- Up-to-date symlink: /home/rpp/rpp_ws/install/ira_laser_tools/share/ira_laser_tools/cmake/ira_laser_toolsConfig.cmake
-- Up-to-date symlink: /home/rpp/rpp_ws/install/ira_laser_tools/share/ira_laser_tools/cmake/ira_laser_toolsConfig-version.cmake
-- Up-to-date symlink: /home/rpp/rpp_ws/install/ira_laser_tools/share/ira_laser_tools/package.xml
-- Up-to-date: /home/rpp/rpp_ws/install/ira_laser_tools/share/ira_laser_tools/cmake/ira_laser_toolsTargets.cmake
-- Up-to-date: /home/rpp/rpp_ws/install/ira_laser_tools/share/ira_laser_tools/cmake/ira_laser_toolsTargets-noconfig.cmake
-- Up-to-date: /home/rpp/rpp_ws/install/ira_laser_tools/share/ira_laser_tools/cmake/ira_laser_toolsTargetsExport.cmake
-- Up-to-date: /home/rpp/rpp_ws/install/ira_laser_tools/share/ira_laser_tools/cmake/ira_laser_toolsTargetsExport-noconfig.cmake
