[0.327s] Invoking command in '/home/rpp/rpp_ws/build/rpp_driver': CMAKE_PREFIX_PATH=${CMAKE_PREFIX_PATH}:/home/rpp/rpp_ws/install/setting_info:/home/rpp/rpp_ws/install/nav2_simple_commander:/home/rpp/rpp_ws/install/gui_control:/home/rpp/rpp_ws/install/graphic_display:/home/rpp/rpp_ws/install/linker_hand_ros2_sdk:/home/rpp/rpp_ws/install/bt_task_manager_ros2:/opt/ros/humble /usr/bin/cmake /home/rpp/rpp_ws/src/drivers/rpp_driver -DCMAKE_INSTALL_PREFIX=/home/rpp/rpp_ws/install/rpp_driver
[1.164s] -- The C compiler identification is GNU 11.4.0
[1.164s] -- The CXX compiler identification is GNU 11.4.0
[1.164s] -- Detecting C compiler ABI info
[1.164s] -- Detecting C compiler ABI info - done
[1.164s] -- Check for working C compiler: /usr/bin/cc - skipped
[1.165s] -- Detecting C compile features
[1.166s] -- Detecting C compile features - done
[1.167s] -- Detecting CXX compiler ABI info
[1.167s] -- Detecting CXX compiler ABI info - done
[1.168s] -- Check for working CXX compiler: /usr/bin/c++ - skipped
[1.168s] -- Detecting CXX compile features
[1.168s] -- Detecting CXX compile features - done
[1.168s] -- Configuring done
[1.168s] -- Generating done
[1.169s] -- Build files have been written to: /home/rpp/rpp_ws/build/rpp_driver
[1.213s] Invoked command in '/home/rpp/rpp_ws/build/rpp_driver' returned '0': CMAKE_PREFIX_PATH=${CMAKE_PREFIX_PATH}:/home/rpp/rpp_ws/install/setting_info:/home/rpp/rpp_ws/install/nav2_simple_commander:/home/rpp/rpp_ws/install/gui_control:/home/rpp/rpp_ws/install/graphic_display:/home/rpp/rpp_ws/install/linker_hand_ros2_sdk:/home/rpp/rpp_ws/install/bt_task_manager_ros2:/opt/ros/humble /usr/bin/cmake /home/rpp/rpp_ws/src/drivers/rpp_driver -DCMAKE_INSTALL_PREFIX=/home/rpp/rpp_ws/install/rpp_driver
[1.214s] Invoking command in '/home/rpp/rpp_ws/build/rpp_driver': CMAKE_PREFIX_PATH=${CMAKE_PREFIX_PATH}:/home/rpp/rpp_ws/install/setting_info:/home/rpp/rpp_ws/install/nav2_simple_commander:/home/rpp/rpp_ws/install/gui_control:/home/rpp/rpp_ws/install/graphic_display:/home/rpp/rpp_ws/install/linker_hand_ros2_sdk:/home/rpp/rpp_ws/install/bt_task_manager_ros2:/opt/ros/humble /usr/bin/cmake --build /home/rpp/rpp_ws/build/rpp_driver -- -j24 -l24
[2.195s] [ 16%] [32mBuilding CXX object CMakeFiles/rpp_driver.dir/src/ring_buffer.cpp.o[0m
[2.195s] [ 33%] [32mBuilding CXX object CMakeFiles/rpp_driver.dir/src/rpp_driver.cpp.o[0m
[2.195s] [ 50%] [32mBuilding CXX object CMakeFiles/rpp_driver.dir/src/command.cpp.o[0m
[2.650s] [ 66%] [32m[1mLinking CXX shared library librpp_driver.so[0m
[2.834s] [ 66%] Built target rpp_driver
[2.885s] [ 83%] [32mBuilding CXX object CMakeFiles/rpp_keyboard_teleoperate.dir/examples/keyboard_teleoperate.cpp.o[0m
[3.632s] [100%] [32m[1mLinking CXX executable rpp_keyboard_teleoperate[0m
[3.768s] [100%] Built target rpp_keyboard_teleoperate
[4.697s] Invoked command in '/home/rpp/rpp_ws/build/rpp_driver' returned '0': CMAKE_PREFIX_PATH=${CMAKE_PREFIX_PATH}:/home/rpp/rpp_ws/install/setting_info:/home/rpp/rpp_ws/install/nav2_simple_commander:/home/rpp/rpp_ws/install/gui_control:/home/rpp/rpp_ws/install/graphic_display:/home/rpp/rpp_ws/install/linker_hand_ros2_sdk:/home/rpp/rpp_ws/install/bt_task_manager_ros2:/opt/ros/humble /usr/bin/cmake --build /home/rpp/rpp_ws/build/rpp_driver -- -j24 -l24
[4.698s] Invoking command in '/home/rpp/rpp_ws/build/rpp_driver': CMAKE_PREFIX_PATH=${CMAKE_PREFIX_PATH}:/home/rpp/rpp_ws/install/setting_info:/home/rpp/rpp_ws/install/nav2_simple_commander:/home/rpp/rpp_ws/install/gui_control:/home/rpp/rpp_ws/install/graphic_display:/home/rpp/rpp_ws/install/linker_hand_ros2_sdk:/home/rpp/rpp_ws/install/bt_task_manager_ros2:/opt/ros/humble /usr/bin/cmake --install /home/rpp/rpp_ws/build/rpp_driver
[4.796s] -- Install configuration: ""
[4.797s] -- Installing: /home/rpp/rpp_ws/install/rpp_driver/lib/librpp_driver.so
[4.797s] -- Installing: /home/rpp/rpp_ws/install/rpp_driver/bin/rpp_keyboard_teleoperate
[4.797s] -- Set runtime path of "/home/rpp/rpp_ws/install/rpp_driver/bin/rpp_keyboard_teleoperate" to ""
[4.797s] -- Installing: /home/rpp/rpp_ws/install/rpp_driver/include
[4.797s] -- Installing: /home/rpp/rpp_ws/install/rpp_driver/include/rpp_driver
[4.797s] -- Installing: /home/rpp/rpp_ws/install/rpp_driver/include/rpp_driver/command.h
[4.797s] -- Installing: /home/rpp/rpp_ws/install/rpp_driver/include/rpp_driver/data_type.h
[4.798s] -- Installing: /home/rpp/rpp_ws/install/rpp_driver/include/rpp_driver/ring_buffer.h
[4.798s] -- Installing: /home/rpp/rpp_ws/install/rpp_driver/include/rpp_driver/rpp_driver.h
[4.799s] -- Installing: /home/rpp/rpp_ws/install/rpp_driver/share/rpp_driver/cmake/rpp_driverConfig.cmake
[4.800s] -- Installing: /home/rpp/rpp_ws/install/rpp_driver/share/rpp_driver/cmake/rpp_driverConfig-noconfig.cmake
[4.974s] Invoked command in '/home/rpp/rpp_ws/build/rpp_driver' returned '0': CMAKE_PREFIX_PATH=${CMAKE_PREFIX_PATH}:/home/rpp/rpp_ws/install/setting_info:/home/rpp/rpp_ws/install/nav2_simple_commander:/home/rpp/rpp_ws/install/gui_control:/home/rpp/rpp_ws/install/graphic_display:/home/rpp/rpp_ws/install/linker_hand_ros2_sdk:/home/rpp/rpp_ws/install/bt_task_manager_ros2:/opt/ros/humble /usr/bin/cmake --install /home/rpp/rpp_ws/build/rpp_driver
