[0.025s] Invoking command in '/home/rpp/rpp_ws/build/nav2_behavior_tree': CMAKE_PREFIX_PATH=/home/rpp/rpp_ws/install/nav2_util:/home/rpp/rpp_ws/install/nav2_msgs:/home/rpp/rpp_ws/install/nav2_common:/home/rpp/rpp_ws/install/xf_voice:/home/rpp/rpp_ws/install/xf_voice_msgs:/home/rpp/rpp_ws/install/wheeltec_mic_ros2:/home/rpp/rpp_ws/install/wheeltec_mic_msg:/home/rpp/rpp_ws/install/ti5cra_servo_ros:/home/rpp/rpp_ws/install/ti5cra_servo_sdk:/home/rpp/rpp_ws/install/syntron_servo_ros:/home/rpp/rpp_ws/install/syntron_servo_sdk:/home/rpp/rpp_ws/install/nav2_system_tests:/home/rpp/rpp_ws/install/nav2_bringup:/home/rpp/rpp_ws/install/slam_toolbox:/home/rpp/rpp_ws/install/slam_3d:/home/rpp/rpp_ws/install/slam_2d:/home/rpp/rpp_ws/install/serial:/home/rpp/rpp_ws/install/rpp_ros_driver:/home/rpp/rpp_ws/install/rpp_msgs:/home/rpp/rpp_ws/install/rpp_driver:/home/rpp/rpp_ws/install/robot_bringup:/home/rpp/rpp_ws/install/pymoveit2:/home/rpp/rpp_ws/install/pgo:/home/rpp/rpp_ws/install/navigation_2d:/home/rpp/rpp_ws/install/navigation2:/home/rpp/rpp_ws/install/nav2_smoother:/home/rpp/rpp_ws/install/nav2_graceful_controller:/home/rpp/rpp_ws/install/nav2_dwb_controller:/home/rpp/rpp_ws/install/nav2_controller:/home/rpp/rpp_ws/install/dwb_plugins:/home/rpp/rpp_ws/install/dwb_critics:/home/rpp/rpp_ws/install/dwb_core:/home/rpp/rpp_ws/install/nav_2d_utils:/home/rpp/rpp_ws/install/dwb_msgs:/home/rpp/rpp_ws/install/nav_2d_msgs:/home/rpp/rpp_ws/install/nav2_waypoint_follower:/home/rpp/rpp_ws/install/nav2_theta_star_planner:/home/rpp/rpp_ws/install/nav2_smac_planner:/home/rpp/rpp_ws/install/nav2_rotation_shim_controller:/home/rpp/rpp_ws/install/nav2_regulated_pure_pursuit_controller:/home/rpp/rpp_ws/install/nav2_planner:/home/rpp/rpp_ws/install/nav2_navfn_planner:/home/rpp/rpp_ws/install/nav2_mppi_controller:/home/rpp/rpp_ws/install/nav2_constrained_smoother:/home/rpp/rpp_ws/install/nav2_bt_navigator:/home/rpp/rpp_ws/install/nav2_behaviors:/home/rpp/rpp_ws/install/nav2_core:/home/rpp/rpp_ws/install/nav2_collision_monitor:/home/rpp/rpp_ws/install/costmap_queue:/home/rpp/rpp_ws/install/nav2_costmap_2d:/home/rpp/rpp_ws/install/nav2_voxel_grid:/home/rpp/rpp_ws/install/nav2_velocity_smoother:/home/rpp/rpp_ws/install/nav2_rviz_plugins:/home/rpp/rpp_ws/install/nav2_map_server:/home/rpp/rpp_ws/install/nav2_lifecycle_manager:/home/rpp/rpp_ws/install/nav2_behavior_tree:/home/rpp/rpp_ws/install/nav2_amcl:/home/rpp/rpp_ws/install/motor_pitch_ros:/home/rpp/rpp_ws/install/motor_pitch_sdk:/home/rpp/rpp_ws/install/motor_lift_ros:/home/rpp/rpp_ws/install/motor_lift_sdk:/home/rpp/rpp_ws/install/localizer:/home/rpp/rpp_ws/install/lidar_clipping:/home/rpp/rpp_ws/install/fastlio2:/home/rpp/rpp_ws/install/livox_ros_driver2:/home/rpp/rpp_ws/install/lakibeam1:/home/rpp/rpp_ws/install/kortex_bringup:/home/rpp/rpp_ws/install/kortex_driver:/home/rpp/rpp_ws/install/kinova_gen3_lite_moveit_config:/home/rpp/rpp_ws/install/kinova_gen3_7dof_robotiq_2f_85_moveit_config:/home/rpp/rpp_ws/install/kinova_gen3_6dof_robotiq_2f_85_moveit_config:/home/rpp/rpp_ws/install/kortex_description:/home/rpp/rpp_ws/install/kortex_api:/home/rpp/rpp_ws/install/ira_laser_tools:/home/rpp/rpp_ws/install/hba:/home/rpp/rpp_ws/install/interface:/home/rpp/rpp_ws/install/ea200_moveit_config:/home/rpp/rpp_ws/install/ea200_description:/home/rpp/rpp_ws/install/cr100_description:/home/rpp/rpp_ws/install/setting_info:/home/rpp/rpp_ws/install/nav2_simple_commander:/home/rpp/rpp_ws/install/gui_control:/home/rpp/rpp_ws/install/graphic_display:/home/rpp/rpp_ws/install/linker_hand_ros2_sdk:/home/rpp/rpp_ws/install/bt_task_manager_ros2:/opt/ros/humble LD_LIBRARY_PATH=/home/rpp/rpp_ws/install/nav2_util/lib:/home/rpp/rpp_ws/install/nav2_msgs/lib:/home/rpp/3rdparty//TensorRT-10.9.0.34/lib:/usr/local/cuda-12.8/lib64:/usr/local/lib/:/home/rpp/3rdparty//TensorRT-10.9.0.34/lib:/usr/local/cuda-12.8/lib64:/home/rpp/rpp_ws/install/xf_voice/lib:/home/rpp/rpp_ws/install/xf_voice_msgs/lib:/home/rpp/rpp_ws/install/wheeltec_mic_ros2/lib:/home/rpp/rpp_ws/install/wheeltec_mic_msg/lib:/home/rpp/rpp_ws/install/ti5cra_servo_sdk/lib:/home/rpp/rpp_ws/install/syntron_servo_sdk/lib:/home/rpp/rpp_ws/install/slam_toolbox/lib:/home/rpp/rpp_ws/install/serial/lib:/home/rpp/rpp_ws/install/rpp_msgs/lib:/home/rpp/rpp_ws/install/rpp_driver/lib:/home/rpp/rpp_ws/install/nav2_smoother/lib:/home/rpp/rpp_ws/install/nav2_graceful_controller/lib:/home/rpp/rpp_ws/install/nav2_controller/lib:/home/rpp/rpp_ws/install/dwb_plugins/lib:/home/rpp/rpp_ws/install/dwb_critics/lib:/home/rpp/rpp_ws/install/dwb_core/lib:/home/rpp/rpp_ws/install/nav_2d_utils/lib:/home/rpp/rpp_ws/install/dwb_msgs/lib:/home/rpp/rpp_ws/install/nav_2d_msgs/lib:/home/rpp/rpp_ws/install/nav2_waypoint_follower/lib:/home/rpp/rpp_ws/install/nav2_theta_star_planner/lib:/home/rpp/rpp_ws/install/nav2_smac_planner/lib:/home/rpp/rpp_ws/install/nav2_rotation_shim_controller/lib:/home/rpp/rpp_ws/install/nav2_regulated_pure_pursuit_controller/lib:/home/rpp/rpp_ws/install/nav2_planner/lib:/home/rpp/rpp_ws/install/nav2_navfn_planner/lib:/home/rpp/rpp_ws/install/nav2_mppi_controller/lib:/home/rpp/rpp_ws/install/nav2_constrained_smoother/lib:/home/rpp/rpp_ws/install/nav2_bt_navigator/lib:/home/rpp/rpp_ws/install/nav2_behaviors/lib:/home/rpp/rpp_ws/install/nav2_collision_monitor/lib:/home/rpp/rpp_ws/install/costmap_queue/lib:/home/rpp/rpp_ws/install/nav2_costmap_2d/lib:/home/rpp/rpp_ws/install/nav2_voxel_grid/lib:/home/rpp/rpp_ws/install/nav2_velocity_smoother/lib:/home/rpp/rpp_ws/install/nav2_rviz_plugins/lib:/home/rpp/rpp_ws/install/nav2_map_server/lib:/home/rpp/rpp_ws/install/nav2_lifecycle_manager/lib:/home/rpp/rpp_ws/install/nav2_behavior_tree/lib:/home/rpp/rpp_ws/install/nav2_amcl/lib:/home/rpp/rpp_ws/install/motor_pitch_sdk/lib:/home/rpp/rpp_ws/install/motor_lift_sdk/lib:/home/rpp/rpp_ws/install/livox_ros_driver2/lib:/home/rpp/rpp_ws/install/kortex_driver/lib:/home/rpp/rpp_ws/install/ira_laser_tools/lib:/home/rpp/rpp_ws/install/interface/lib:/usr/lib/x86_64-linux-gnu/gazebo-11/plugins:/opt/ros/humble/opt/rviz_ogre_vendor/lib:/opt/ros/humble/lib/x86_64-linux-gnu:/opt/ros/humble/opt/openvdb_vendor/lib:/opt/ros/humble/lib:/usr/local/lib/ /usr/bin/cmake /home/rpp/rpp_ws/src/navigation/navigation2/nav2_behavior_tree -DAMENT_CMAKE_SYMLINK_INSTALL=1 -DCMAKE_INSTALL_PREFIX=/home/rpp/rpp_ws/install/nav2_behavior_tree
[0.095s] -- The CXX compiler identification is GNU 11.4.0
[0.102s] -- Detecting CXX compiler ABI info
[0.210s] -- Detecting CXX compiler ABI info - done
[0.228s] -- Check for working CXX compiler: /usr/bin/c++ - skipped
[0.228s] -- Detecting CXX compile features
[0.228s] -- Detecting CXX compile features - done
[0.251s] -- Found ament_cmake: 1.3.11 (/opt/ros/humble/share/ament_cmake/cmake)
[0.454s] -- Found Python3: /usr/bin/python3 (found version "3.10.12") found components: Interpreter 
[0.523s] -- Override CMake install command with custom implementation using symlinks instead of copying resources
[0.591s] -- Found nav2_common: 1.1.17 (/home/rpp/rpp_ws/install/nav2_common/share/nav2_common/cmake)
[0.595s] -- Found rclcpp: 16.0.11 (/opt/ros/humble/share/rclcpp/cmake)
[0.673s] -- Found rosidl_generator_c: 3.1.6 (/opt/ros/humble/share/rosidl_generator_c/cmake)
[0.685s] -- Found rosidl_adapter: 3.1.6 (/opt/ros/humble/share/rosidl_adapter/cmake)
[0.700s] -- Found rosidl_generator_cpp: 3.1.6 (/opt/ros/humble/share/rosidl_generator_cpp/cmake)
[0.725s] -- Using all available rosidl_typesupport_c: rosidl_typesupport_fastrtps_c;rosidl_typesupport_introspection_c
[0.754s] -- Using all available rosidl_typesupport_cpp: rosidl_typesupport_fastrtps_cpp;rosidl_typesupport_introspection_cpp
[0.837s] -- Found rmw_implementation_cmake: 6.1.2 (/opt/ros/humble/share/rmw_implementation_cmake/cmake)
[0.847s] -- Found rmw_fastrtps_cpp: 6.2.7 (/opt/ros/humble/share/rmw_fastrtps_cpp/cmake)
[0.996s] -- Found OpenSSL: /usr/lib/x86_64-linux-gnu/libcrypto.so (found version "3.0.2")  
[1.027s] -- Found FastRTPS: /opt/ros/humble/include  
[1.080s] -- Using RMW implementation 'rmw_fastrtps_cpp' as default
[1.101s] -- Looking for C++ include pthread.h
[1.206s] -- Looking for C++ include pthread.h - found
[1.206s] -- Performing Test CMAKE_HAVE_LIBC_PTHREAD
[1.305s] -- Performing Test CMAKE_HAVE_LIBC_PTHREAD - Success
[1.306s] -- Found Threads: TRUE  
[1.380s] -- Found rclcpp_action: 16.0.11 (/opt/ros/humble/share/rclcpp_action/cmake)
[1.435s] -- Found rclcpp_lifecycle: 16.0.11 (/opt/ros/humble/share/rclcpp_lifecycle/cmake)
[1.471s] -- Found geometry_msgs: 4.2.4 (/opt/ros/humble/share/geometry_msgs/cmake)
[1.489s] -- Found sensor_msgs: 4.2.4 (/opt/ros/humble/share/sensor_msgs/cmake)
[1.506s] -- Found nav2_msgs: 1.1.17 (/home/rpp/rpp_ws/install/nav2_msgs/share/nav2_msgs/cmake)
[1.558s] -- Found tf2_ros: 0.25.12 (/opt/ros/humble/share/tf2_ros/cmake)
[1.663s] -- Found tf2_geometry_msgs: 0.25.12 (/opt/ros/humble/share/tf2_geometry_msgs/cmake)
[1.689s] -- Found eigen3_cmake_module: 0.1.1 (/opt/ros/humble/share/eigen3_cmake_module/cmake)
[1.690s] -- Found Eigen3: TRUE (found version "3.4.0") 
[1.691s] -- Ensuring Eigen3 include directory is part of orocos-kdl CMake target
[1.697s] -- Found std_srvs: 4.2.4 (/opt/ros/humble/share/std_srvs/cmake)
[1.708s] -- Found nav2_util: 1.1.17 (/home/rpp/rpp_ws/install/nav2_util/share/nav2_util/cmake)
[1.755s] -- Setting build type to Release as none was specified.
[7.833s] -- Found ament_lint_auto: 0.12.11 (/opt/ros/humble/share/ament_lint_auto/cmake)
[8.050s] -- Found gtest sources under '/opt/ros/humble/src/gtest_vendor': C++ tests using 'Google Test' will be built
[8.104s] -- The C compiler identification is GNU 11.4.0
[8.115s] -- Detecting C compiler ABI info
[8.222s] -- Detecting C compiler ABI info - done
[8.237s] -- Check for working C compiler: /usr/bin/cc - skipped
[8.238s] -- Detecting C compile features
[8.239s] -- Detecting C compile features - done
[13.768s] -- Added test 'copyright' to check source files copyright and LICENSE
[13.782s] -- Added test 'cppcheck' to perform static code analysis on C / C++ code
[13.797s] -- Configured cppcheck include dirs: /home/rpp/rpp_ws/src/navigation/navigation2/nav2_behavior_tree/include
[13.797s] -- Configured cppcheck exclude dirs and/or files: 
[13.805s] -- Added test 'cpplint' to check C / C++ code against the Google style
[13.805s] -- Configured cpplint exclude dirs and/or files: 
[13.808s] -- Added test 'lint_cmake' to check CMake code style
[13.816s] -- Added test 'uncrustify' to check C / C++ code style
[13.817s] -- Configured uncrustify additional arguments: 
[13.819s] -- Added test 'xmllint' to check XML markup files
[13.828s] -- Configuring done
[16.118s] -- Generating done
[16.583s] -- Build files have been written to: /home/rpp/rpp_ws/build/nav2_behavior_tree
[16.624s] Invoked command in '/home/rpp/rpp_ws/build/nav2_behavior_tree' returned '0': CMAKE_PREFIX_PATH=/home/rpp/rpp_ws/install/nav2_util:/home/rpp/rpp_ws/install/nav2_msgs:/home/rpp/rpp_ws/install/nav2_common:/home/rpp/rpp_ws/install/xf_voice:/home/rpp/rpp_ws/install/xf_voice_msgs:/home/rpp/rpp_ws/install/wheeltec_mic_ros2:/home/rpp/rpp_ws/install/wheeltec_mic_msg:/home/rpp/rpp_ws/install/ti5cra_servo_ros:/home/rpp/rpp_ws/install/ti5cra_servo_sdk:/home/rpp/rpp_ws/install/syntron_servo_ros:/home/rpp/rpp_ws/install/syntron_servo_sdk:/home/rpp/rpp_ws/install/nav2_system_tests:/home/rpp/rpp_ws/install/nav2_bringup:/home/rpp/rpp_ws/install/slam_toolbox:/home/rpp/rpp_ws/install/slam_3d:/home/rpp/rpp_ws/install/slam_2d:/home/rpp/rpp_ws/install/serial:/home/rpp/rpp_ws/install/rpp_ros_driver:/home/rpp/rpp_ws/install/rpp_msgs:/home/rpp/rpp_ws/install/rpp_driver:/home/rpp/rpp_ws/install/robot_bringup:/home/rpp/rpp_ws/install/pymoveit2:/home/rpp/rpp_ws/install/pgo:/home/rpp/rpp_ws/install/navigation_2d:/home/rpp/rpp_ws/install/navigation2:/home/rpp/rpp_ws/install/nav2_smoother:/home/rpp/rpp_ws/install/nav2_graceful_controller:/home/rpp/rpp_ws/install/nav2_dwb_controller:/home/rpp/rpp_ws/install/nav2_controller:/home/rpp/rpp_ws/install/dwb_plugins:/home/rpp/rpp_ws/install/dwb_critics:/home/rpp/rpp_ws/install/dwb_core:/home/rpp/rpp_ws/install/nav_2d_utils:/home/rpp/rpp_ws/install/dwb_msgs:/home/rpp/rpp_ws/install/nav_2d_msgs:/home/rpp/rpp_ws/install/nav2_waypoint_follower:/home/rpp/rpp_ws/install/nav2_theta_star_planner:/home/rpp/rpp_ws/install/nav2_smac_planner:/home/rpp/rpp_ws/install/nav2_rotation_shim_controller:/home/rpp/rpp_ws/install/nav2_regulated_pure_pursuit_controller:/home/rpp/rpp_ws/install/nav2_planner:/home/rpp/rpp_ws/install/nav2_navfn_planner:/home/rpp/rpp_ws/install/nav2_mppi_controller:/home/rpp/rpp_ws/install/nav2_constrained_smoother:/home/rpp/rpp_ws/install/nav2_bt_navigator:/home/rpp/rpp_ws/install/nav2_behaviors:/home/rpp/rpp_ws/install/nav2_core:/home/rpp/rpp_ws/install/nav2_collision_monitor:/home/rpp/rpp_ws/install/costmap_queue:/home/rpp/rpp_ws/install/nav2_costmap_2d:/home/rpp/rpp_ws/install/nav2_voxel_grid:/home/rpp/rpp_ws/install/nav2_velocity_smoother:/home/rpp/rpp_ws/install/nav2_rviz_plugins:/home/rpp/rpp_ws/install/nav2_map_server:/home/rpp/rpp_ws/install/nav2_lifecycle_manager:/home/rpp/rpp_ws/install/nav2_behavior_tree:/home/rpp/rpp_ws/install/nav2_amcl:/home/rpp/rpp_ws/install/motor_pitch_ros:/home/rpp/rpp_ws/install/motor_pitch_sdk:/home/rpp/rpp_ws/install/motor_lift_ros:/home/rpp/rpp_ws/install/motor_lift_sdk:/home/rpp/rpp_ws/install/localizer:/home/rpp/rpp_ws/install/lidar_clipping:/home/rpp/rpp_ws/install/fastlio2:/home/rpp/rpp_ws/install/livox_ros_driver2:/home/rpp/rpp_ws/install/lakibeam1:/home/rpp/rpp_ws/install/kortex_bringup:/home/rpp/rpp_ws/install/kortex_driver:/home/rpp/rpp_ws/install/kinova_gen3_lite_moveit_config:/home/rpp/rpp_ws/install/kinova_gen3_7dof_robotiq_2f_85_moveit_config:/home/rpp/rpp_ws/install/kinova_gen3_6dof_robotiq_2f_85_moveit_config:/home/rpp/rpp_ws/install/kortex_description:/home/rpp/rpp_ws/install/kortex_api:/home/rpp/rpp_ws/install/ira_laser_tools:/home/rpp/rpp_ws/install/hba:/home/rpp/rpp_ws/install/interface:/home/rpp/rpp_ws/install/ea200_moveit_config:/home/rpp/rpp_ws/install/ea200_description:/home/rpp/rpp_ws/install/cr100_description:/home/rpp/rpp_ws/install/setting_info:/home/rpp/rpp_ws/install/nav2_simple_commander:/home/rpp/rpp_ws/install/gui_control:/home/rpp/rpp_ws/install/graphic_display:/home/rpp/rpp_ws/install/linker_hand_ros2_sdk:/home/rpp/rpp_ws/install/bt_task_manager_ros2:/opt/ros/humble LD_LIBRARY_PATH=/home/rpp/rpp_ws/install/nav2_util/lib:/home/rpp/rpp_ws/install/nav2_msgs/lib:/home/rpp/3rdparty//TensorRT-10.9.0.34/lib:/usr/local/cuda-12.8/lib64:/usr/local/lib/:/home/rpp/3rdparty//TensorRT-10.9.0.34/lib:/usr/local/cuda-12.8/lib64:/home/rpp/rpp_ws/install/xf_voice/lib:/home/rpp/rpp_ws/install/xf_voice_msgs/lib:/home/rpp/rpp_ws/install/wheeltec_mic_ros2/lib:/home/rpp/rpp_ws/install/wheeltec_mic_msg/lib:/home/rpp/rpp_ws/install/ti5cra_servo_sdk/lib:/home/rpp/rpp_ws/install/syntron_servo_sdk/lib:/home/rpp/rpp_ws/install/slam_toolbox/lib:/home/rpp/rpp_ws/install/serial/lib:/home/rpp/rpp_ws/install/rpp_msgs/lib:/home/rpp/rpp_ws/install/rpp_driver/lib:/home/rpp/rpp_ws/install/nav2_smoother/lib:/home/rpp/rpp_ws/install/nav2_graceful_controller/lib:/home/rpp/rpp_ws/install/nav2_controller/lib:/home/rpp/rpp_ws/install/dwb_plugins/lib:/home/rpp/rpp_ws/install/dwb_critics/lib:/home/rpp/rpp_ws/install/dwb_core/lib:/home/rpp/rpp_ws/install/nav_2d_utils/lib:/home/rpp/rpp_ws/install/dwb_msgs/lib:/home/rpp/rpp_ws/install/nav_2d_msgs/lib:/home/rpp/rpp_ws/install/nav2_waypoint_follower/lib:/home/rpp/rpp_ws/install/nav2_theta_star_planner/lib:/home/rpp/rpp_ws/install/nav2_smac_planner/lib:/home/rpp/rpp_ws/install/nav2_rotation_shim_controller/lib:/home/rpp/rpp_ws/install/nav2_regulated_pure_pursuit_controller/lib:/home/rpp/rpp_ws/install/nav2_planner/lib:/home/rpp/rpp_ws/install/nav2_navfn_planner/lib:/home/rpp/rpp_ws/install/nav2_mppi_controller/lib:/home/rpp/rpp_ws/install/nav2_constrained_smoother/lib:/home/rpp/rpp_ws/install/nav2_bt_navigator/lib:/home/rpp/rpp_ws/install/nav2_behaviors/lib:/home/rpp/rpp_ws/install/nav2_collision_monitor/lib:/home/rpp/rpp_ws/install/costmap_queue/lib:/home/rpp/rpp_ws/install/nav2_costmap_2d/lib:/home/rpp/rpp_ws/install/nav2_voxel_grid/lib:/home/rpp/rpp_ws/install/nav2_velocity_smoother/lib:/home/rpp/rpp_ws/install/nav2_rviz_plugins/lib:/home/rpp/rpp_ws/install/nav2_map_server/lib:/home/rpp/rpp_ws/install/nav2_lifecycle_manager/lib:/home/rpp/rpp_ws/install/nav2_behavior_tree/lib:/home/rpp/rpp_ws/install/nav2_amcl/lib:/home/rpp/rpp_ws/install/motor_pitch_sdk/lib:/home/rpp/rpp_ws/install/motor_lift_sdk/lib:/home/rpp/rpp_ws/install/livox_ros_driver2/lib:/home/rpp/rpp_ws/install/kortex_driver/lib:/home/rpp/rpp_ws/install/ira_laser_tools/lib:/home/rpp/rpp_ws/install/interface/lib:/usr/lib/x86_64-linux-gnu/gazebo-11/plugins:/opt/ros/humble/opt/rviz_ogre_vendor/lib:/opt/ros/humble/lib/x86_64-linux-gnu:/opt/ros/humble/opt/openvdb_vendor/lib:/opt/ros/humble/lib:/usr/local/lib/ /usr/bin/cmake /home/rpp/rpp_ws/src/navigation/navigation2/nav2_behavior_tree -DAMENT_CMAKE_SYMLINK_INSTALL=1 -DCMAKE_INSTALL_PREFIX=/home/rpp/rpp_ws/install/nav2_behavior_tree
[16.630s] Invoking command in '/home/rpp/rpp_ws/build/nav2_behavior_tree': CMAKE_PREFIX_PATH=/home/rpp/rpp_ws/install/nav2_util:/home/rpp/rpp_ws/install/nav2_msgs:/home/rpp/rpp_ws/install/nav2_common:/home/rpp/rpp_ws/install/xf_voice:/home/rpp/rpp_ws/install/xf_voice_msgs:/home/rpp/rpp_ws/install/wheeltec_mic_ros2:/home/rpp/rpp_ws/install/wheeltec_mic_msg:/home/rpp/rpp_ws/install/ti5cra_servo_ros:/home/rpp/rpp_ws/install/ti5cra_servo_sdk:/home/rpp/rpp_ws/install/syntron_servo_ros:/home/rpp/rpp_ws/install/syntron_servo_sdk:/home/rpp/rpp_ws/install/nav2_system_tests:/home/rpp/rpp_ws/install/nav2_bringup:/home/rpp/rpp_ws/install/slam_toolbox:/home/rpp/rpp_ws/install/slam_3d:/home/rpp/rpp_ws/install/slam_2d:/home/rpp/rpp_ws/install/serial:/home/rpp/rpp_ws/install/rpp_ros_driver:/home/rpp/rpp_ws/install/rpp_msgs:/home/rpp/rpp_ws/install/rpp_driver:/home/rpp/rpp_ws/install/robot_bringup:/home/rpp/rpp_ws/install/pymoveit2:/home/rpp/rpp_ws/install/pgo:/home/rpp/rpp_ws/install/navigation_2d:/home/rpp/rpp_ws/install/navigation2:/home/rpp/rpp_ws/install/nav2_smoother:/home/rpp/rpp_ws/install/nav2_graceful_controller:/home/rpp/rpp_ws/install/nav2_dwb_controller:/home/rpp/rpp_ws/install/nav2_controller:/home/rpp/rpp_ws/install/dwb_plugins:/home/rpp/rpp_ws/install/dwb_critics:/home/rpp/rpp_ws/install/dwb_core:/home/rpp/rpp_ws/install/nav_2d_utils:/home/rpp/rpp_ws/install/dwb_msgs:/home/rpp/rpp_ws/install/nav_2d_msgs:/home/rpp/rpp_ws/install/nav2_waypoint_follower:/home/rpp/rpp_ws/install/nav2_theta_star_planner:/home/rpp/rpp_ws/install/nav2_smac_planner:/home/rpp/rpp_ws/install/nav2_rotation_shim_controller:/home/rpp/rpp_ws/install/nav2_regulated_pure_pursuit_controller:/home/rpp/rpp_ws/install/nav2_planner:/home/rpp/rpp_ws/install/nav2_navfn_planner:/home/rpp/rpp_ws/install/nav2_mppi_controller:/home/rpp/rpp_ws/install/nav2_constrained_smoother:/home/rpp/rpp_ws/install/nav2_bt_navigator:/home/rpp/rpp_ws/install/nav2_behaviors:/home/rpp/rpp_ws/install/nav2_core:/home/rpp/rpp_ws/install/nav2_collision_monitor:/home/rpp/rpp_ws/install/costmap_queue:/home/rpp/rpp_ws/install/nav2_costmap_2d:/home/rpp/rpp_ws/install/nav2_voxel_grid:/home/rpp/rpp_ws/install/nav2_velocity_smoother:/home/rpp/rpp_ws/install/nav2_rviz_plugins:/home/rpp/rpp_ws/install/nav2_map_server:/home/rpp/rpp_ws/install/nav2_lifecycle_manager:/home/rpp/rpp_ws/install/nav2_behavior_tree:/home/rpp/rpp_ws/install/nav2_amcl:/home/rpp/rpp_ws/install/motor_pitch_ros:/home/rpp/rpp_ws/install/motor_pitch_sdk:/home/rpp/rpp_ws/install/motor_lift_ros:/home/rpp/rpp_ws/install/motor_lift_sdk:/home/rpp/rpp_ws/install/localizer:/home/rpp/rpp_ws/install/lidar_clipping:/home/rpp/rpp_ws/install/fastlio2:/home/rpp/rpp_ws/install/livox_ros_driver2:/home/rpp/rpp_ws/install/lakibeam1:/home/rpp/rpp_ws/install/kortex_bringup:/home/rpp/rpp_ws/install/kortex_driver:/home/rpp/rpp_ws/install/kinova_gen3_lite_moveit_config:/home/rpp/rpp_ws/install/kinova_gen3_7dof_robotiq_2f_85_moveit_config:/home/rpp/rpp_ws/install/kinova_gen3_6dof_robotiq_2f_85_moveit_config:/home/rpp/rpp_ws/install/kortex_description:/home/rpp/rpp_ws/install/kortex_api:/home/rpp/rpp_ws/install/ira_laser_tools:/home/rpp/rpp_ws/install/hba:/home/rpp/rpp_ws/install/interface:/home/rpp/rpp_ws/install/ea200_moveit_config:/home/rpp/rpp_ws/install/ea200_description:/home/rpp/rpp_ws/install/cr100_description:/home/rpp/rpp_ws/install/setting_info:/home/rpp/rpp_ws/install/nav2_simple_commander:/home/rpp/rpp_ws/install/gui_control:/home/rpp/rpp_ws/install/graphic_display:/home/rpp/rpp_ws/install/linker_hand_ros2_sdk:/home/rpp/rpp_ws/install/bt_task_manager_ros2:/opt/ros/humble LD_LIBRARY_PATH=/home/rpp/rpp_ws/install/nav2_util/lib:/home/rpp/rpp_ws/install/nav2_msgs/lib:/home/rpp/3rdparty//TensorRT-10.9.0.34/lib:/usr/local/cuda-12.8/lib64:/usr/local/lib/:/home/rpp/3rdparty//TensorRT-10.9.0.34/lib:/usr/local/cuda-12.8/lib64:/home/rpp/rpp_ws/install/xf_voice/lib:/home/rpp/rpp_ws/install/xf_voice_msgs/lib:/home/rpp/rpp_ws/install/wheeltec_mic_ros2/lib:/home/rpp/rpp_ws/install/wheeltec_mic_msg/lib:/home/rpp/rpp_ws/install/ti5cra_servo_sdk/lib:/home/rpp/rpp_ws/install/syntron_servo_sdk/lib:/home/rpp/rpp_ws/install/slam_toolbox/lib:/home/rpp/rpp_ws/install/serial/lib:/home/rpp/rpp_ws/install/rpp_msgs/lib:/home/rpp/rpp_ws/install/rpp_driver/lib:/home/rpp/rpp_ws/install/nav2_smoother/lib:/home/rpp/rpp_ws/install/nav2_graceful_controller/lib:/home/rpp/rpp_ws/install/nav2_controller/lib:/home/rpp/rpp_ws/install/dwb_plugins/lib:/home/rpp/rpp_ws/install/dwb_critics/lib:/home/rpp/rpp_ws/install/dwb_core/lib:/home/rpp/rpp_ws/install/nav_2d_utils/lib:/home/rpp/rpp_ws/install/dwb_msgs/lib:/home/rpp/rpp_ws/install/nav_2d_msgs/lib:/home/rpp/rpp_ws/install/nav2_waypoint_follower/lib:/home/rpp/rpp_ws/install/nav2_theta_star_planner/lib:/home/rpp/rpp_ws/install/nav2_smac_planner/lib:/home/rpp/rpp_ws/install/nav2_rotation_shim_controller/lib:/home/rpp/rpp_ws/install/nav2_regulated_pure_pursuit_controller/lib:/home/rpp/rpp_ws/install/nav2_planner/lib:/home/rpp/rpp_ws/install/nav2_navfn_planner/lib:/home/rpp/rpp_ws/install/nav2_mppi_controller/lib:/home/rpp/rpp_ws/install/nav2_constrained_smoother/lib:/home/rpp/rpp_ws/install/nav2_bt_navigator/lib:/home/rpp/rpp_ws/install/nav2_behaviors/lib:/home/rpp/rpp_ws/install/nav2_collision_monitor/lib:/home/rpp/rpp_ws/install/costmap_queue/lib:/home/rpp/rpp_ws/install/nav2_costmap_2d/lib:/home/rpp/rpp_ws/install/nav2_voxel_grid/lib:/home/rpp/rpp_ws/install/nav2_velocity_smoother/lib:/home/rpp/rpp_ws/install/nav2_rviz_plugins/lib:/home/rpp/rpp_ws/install/nav2_map_server/lib:/home/rpp/rpp_ws/install/nav2_lifecycle_manager/lib:/home/rpp/rpp_ws/install/nav2_behavior_tree/lib:/home/rpp/rpp_ws/install/nav2_amcl/lib:/home/rpp/rpp_ws/install/motor_pitch_sdk/lib:/home/rpp/rpp_ws/install/motor_lift_sdk/lib:/home/rpp/rpp_ws/install/livox_ros_driver2/lib:/home/rpp/rpp_ws/install/kortex_driver/lib:/home/rpp/rpp_ws/install/ira_laser_tools/lib:/home/rpp/rpp_ws/install/interface/lib:/usr/lib/x86_64-linux-gnu/gazebo-11/plugins:/opt/ros/humble/opt/rviz_ogre_vendor/lib:/opt/ros/humble/lib/x86_64-linux-gnu:/opt/ros/humble/opt/openvdb_vendor/lib:/opt/ros/humble/lib:/usr/local/lib/ /usr/bin/cmake --build /home/rpp/rpp_ws/build/nav2_behavior_tree -- -j24 -l24
[16.733s] [  0%] [32mBuilding CXX object CMakeFiles/nav2_compute_path_to_pose_action_bt_node.dir/plugins/action/compute_path_to_pose_action.cpp.o[0m
[16.735s] [  1%] [32mBuilding CXX object CMakeFiles/nav2_get_pose_from_poses_action_bt_node.dir/plugins/action/get_pose_from_poses.cpp.o[0m
[16.738s] [  1%] [32mBuilding CXX object CMakeFiles/nav2_controller_cancel_bt_node.dir/plugins/action/controller_cancel_node.cpp.o[0m
[16.743s] [  1%] [32mBuilding CXX object CMakeFiles/nav2_drive_on_heading_cancel_bt_node.dir/plugins/action/drive_on_heading_cancel_node.cpp.o[0m
[16.744s] [  1%] [32mBuilding CXX object CMakeFiles/nav2_spin_cancel_bt_node.dir/plugins/action/spin_cancel_node.cpp.o[0m
[16.747s] [  2%] [32mBuilding CXX object CMakeFiles/nav2_back_up_cancel_bt_node.dir/plugins/action/back_up_cancel_node.cpp.o[0m
[16.752s] [  3%] [32mBuilding CXX object CMakeFiles/nav2_behavior_tree.dir/src/behavior_tree_engine.cpp.o[0m
[16.756s] [  4%] [32mBuilding CXX object CMakeFiles/nav2_assisted_teleop_cancel_bt_node.dir/plugins/action/assisted_teleop_cancel_node.cpp.o[0m
[16.756s] [  4%] [32mBuilding CXX object CMakeFiles/nav2_drive_on_heading_bt_node.dir/plugins/action/drive_on_heading_action.cpp.o[0m
[16.760s] [  4%] [32mBuilding CXX object CMakeFiles/nav2_wait_cancel_bt_node.dir/plugins/action/wait_cancel_node.cpp.o[0m
[16.761s] [  5%] [32mBuilding CXX object CMakeFiles/nav2_follow_path_action_bt_node.dir/plugins/action/follow_path_action.cpp.o[0m
[16.761s] [  5%] [32mBuilding CXX object CMakeFiles/nav2_back_up_action_bt_node.dir/plugins/action/back_up_action.cpp.o[0m
[16.764s] [  6%] [32mBuilding CXX object CMakeFiles/nav2_compute_path_through_poses_action_bt_node.dir/plugins/action/compute_path_through_poses_action.cpp.o[0m
[16.775s] [  7%] [32mBuilding CXX object CMakeFiles/nav2_smooth_path_action_bt_node.dir/plugins/action/smooth_path_action.cpp.o[0m
[16.781s] [  7%] [32mBuilding CXX object CMakeFiles/nav2_spin_action_bt_node.dir/plugins/action/spin_action.cpp.o[0m
[16.801s] [  7%] [32mBuilding CXX object CMakeFiles/nav2_wait_action_bt_node.dir/plugins/action/wait_action.cpp.o[0m
[16.809s] [  8%] [32mBuilding CXX object CMakeFiles/nav2_assisted_teleop_action_bt_node.dir/plugins/action/assisted_teleop_action.cpp.o[0m
[16.822s] [  9%] [32mBuilding CXX object CMakeFiles/nav2_clear_costmap_service_bt_node.dir/plugins/action/clear_costmap_service.cpp.o[0m
[16.829s] [ 10%] [32mBuilding CXX object CMakeFiles/nav2_goal_reached_condition_bt_node.dir/plugins/condition/goal_reached_condition.cpp.o[0m
[16.836s] [ 10%] [32mBuilding CXX object CMakeFiles/nav2_is_stuck_condition_bt_node.dir/plugins/condition/is_stuck_condition.cpp.o[0m
[16.844s] [ 11%] [32mBuilding CXX object CMakeFiles/nav2_globally_updated_goal_condition_bt_node.dir/plugins/condition/globally_updated_goal_condition.cpp.o[0m
[16.859s] [ 11%] [32mBuilding CXX object CMakeFiles/nav2_transform_available_condition_bt_node.dir/plugins/condition/transform_available_condition.cpp.o[0m
[16.870s] [ 11%] [32mBuilding CXX object CMakeFiles/nav2_is_path_valid_condition_bt_node.dir/plugins/condition/is_path_valid_condition.cpp.o[0m
[16.880s] [ 12%] [32mBuilding CXX object CMakeFiles/nav2_goal_updated_condition_bt_node.dir/plugins/condition/goal_updated_condition.cpp.o[0m
[22.464s] [ 12%] [32m[1mLinking CXX shared library libnav2_goal_updated_condition_bt_node.so[0m
[22.987s] [ 12%] Built target nav2_goal_updated_condition_bt_node
[23.137s] [ 12%] [32mBuilding CXX object CMakeFiles/nav2_time_expired_condition_bt_node.dir/plugins/condition/time_expired_condition.cpp.o[0m
[29.672s] [ 12%] [32m[1mLinking CXX shared library libnav2_get_pose_from_poses_action_bt_node.so[0m
[30.813s] [ 12%] Built target nav2_get_pose_from_poses_action_bt_node
[30.891s] [ 12%] [32mBuilding CXX object CMakeFiles/nav2_path_expiring_timer_condition.dir/plugins/condition/path_expiring_timer_condition.cpp.o[0m
[31.433s] [ 13%] [32m[1mLinking CXX shared library libnav2_drive_on_heading_cancel_bt_node.so[0m
[31.857s] [ 13%] Built target nav2_drive_on_heading_cancel_bt_node
[31.943s] [ 13%] [32mBuilding CXX object CMakeFiles/nav2_distance_traveled_condition_bt_node.dir/plugins/condition/distance_traveled_condition.cpp.o[0m
[32.337s] [ 13%] [32m[1mLinking CXX shared library libnav2_behavior_tree.so[0m
[32.515s] [ 13%] [32m[1mLinking CXX shared library libnav2_globally_updated_goal_condition_bt_node.so[0m
[32.803s] [ 13%] Built target nav2_behavior_tree
[32.894s] [ 14%] [32mBuilding CXX object CMakeFiles/nav2_initial_pose_received_condition_bt_node.dir/plugins/condition/initial_pose_received_condition.cpp.o[0m
[32.939s] [ 14%] Built target nav2_globally_updated_goal_condition_bt_node
[33.050s] [ 15%] [32mBuilding CXX object CMakeFiles/nav2_is_battery_charging_condition_bt_node.dir/plugins/condition/is_battery_charging_condition.cpp.o[0m
[33.456s] [ 16%] [32m[1mLinking CXX shared library libnav2_is_path_valid_condition_bt_node.so[0m
[33.526s] [ 17%] [32m[1mLinking CXX shared library libnav2_drive_on_heading_bt_node.so[0m
[33.902s] [ 17%] Built target nav2_is_path_valid_condition_bt_node
[34.057s] [ 17%] [32mBuilding CXX object CMakeFiles/nav2_is_battery_low_condition_bt_node.dir/plugins/condition/is_battery_low_condition.cpp.o[0m
[34.110s] [ 18%] [32m[1mLinking CXX shared library libnav2_transform_available_condition_bt_node.so[0m
[34.177s] [ 18%] [32m[1mLinking CXX shared library libnav2_back_up_cancel_bt_node.so[0m
[34.220s] [ 18%] Built target nav2_drive_on_heading_bt_node
[34.298s] [ 19%] [32mBuilding CXX object CMakeFiles/nav2_reinitialize_global_localization_service_bt_node.dir/plugins/action/reinitialize_global_localization_service.cpp.o[0m
[34.556s] [ 19%] Built target nav2_transform_available_condition_bt_node
[34.641s] [ 20%] [32mBuilding CXX object CMakeFiles/nav2_rate_controller_bt_node.dir/plugins/decorator/rate_controller.cpp.o[0m
[34.717s] [ 20%] Built target nav2_back_up_cancel_bt_node
[34.776s] [ 20%] [32mBuilding CXX object CMakeFiles/nav2_distance_controller_bt_node.dir/plugins/decorator/distance_controller.cpp.o[0m
[35.142s] [ 20%] [32m[1mLinking CXX shared library libnav2_assisted_teleop_cancel_bt_node.so[0m
[35.498s] [ 20%] [32m[1mLinking CXX shared library libnav2_goal_reached_condition_bt_node.so[0m
[35.660s] [ 20%] Built target nav2_assisted_teleop_cancel_bt_node
[35.760s] [ 20%] [32mBuilding CXX object CMakeFiles/nav2_speed_controller_bt_node.dir/plugins/decorator/speed_controller.cpp.o[0m
[36.014s] [ 21%] [32m[1mLinking CXX shared library libnav2_time_expired_condition_bt_node.so[0m
[36.083s] [ 21%] [32m[1mLinking CXX shared library libnav2_wait_cancel_bt_node.so[0m
[36.097s] [ 22%] [32m[1mLinking CXX shared library libnav2_follow_path_action_bt_node.so[0m
[36.105s] [ 23%] [32m[1mLinking CXX shared library libnav2_controller_cancel_bt_node.so[0m
[36.344s] [ 23%] [32m[1mLinking CXX shared library libnav2_initial_pose_received_condition_bt_node.so[0m
[36.354s] [ 23%] Built target nav2_goal_reached_condition_bt_node
[36.470s] [ 23%] [32mBuilding CXX object CMakeFiles/nav2_truncate_path_action_bt_node.dir/plugins/action/truncate_path_action.cpp.o[0m
[36.528s] [ 23%] Built target nav2_wait_cancel_bt_node
[36.582s] [ 23%] Built target nav2_follow_path_action_bt_node
[36.624s] [ 23%] Built target nav2_controller_cancel_bt_node
[36.638s] [ 23%] [32mBuilding CXX object CMakeFiles/nav2_truncate_path_local_action_bt_node.dir/plugins/action/truncate_path_local_action.cpp.o[0m
[36.691s] [ 24%] [32mBuilding CXX object CMakeFiles/nav2_goal_updater_node_bt_node.dir/plugins/decorator/goal_updater_node.cpp.o[0m
[36.735s] [ 24%] [32mBuilding CXX object CMakeFiles/nav2_path_longer_on_approach_bt_node.dir/plugins/decorator/path_longer_on_approach.cpp.o[0m
[36.925s] [ 24%] Built target nav2_initial_pose_received_condition_bt_node
[37.031s] [ 25%] [32mBuilding CXX object CMakeFiles/nav2_recovery_node_bt_node.dir/plugins/control/recovery_node.cpp.o[0m
[37.058s] [ 26%] [32m[1mLinking CXX shared library libnav2_compute_path_to_pose_action_bt_node.so[0m
[37.219s] [ 26%] Built target nav2_time_expired_condition_bt_node
[37.311s] [ 26%] [32mBuilding CXX object CMakeFiles/nav2_navigate_to_pose_action_bt_node.dir/plugins/action/navigate_to_pose_action.cpp.o[0m
[37.497s] [ 27%] [32m[1mLinking CXX shared library libnav2_spin_cancel_bt_node.so[0m
[37.887s] [ 27%] Built target nav2_compute_path_to_pose_action_bt_node
[37.964s] [ 27%] Built target nav2_spin_cancel_bt_node
[37.998s] [ 27%] [32mBuilding CXX object CMakeFiles/nav2_navigate_through_poses_action_bt_node.dir/plugins/action/navigate_through_poses_action.cpp.o[0m
[38.066s] [ 28%] [32mBuilding CXX object CMakeFiles/nav2_remove_passed_goals_action_bt_node.dir/plugins/action/remove_passed_goals_action.cpp.o[0m
[38.325s] [ 28%] [32m[1mLinking CXX shared library libnav2_clear_costmap_service_bt_node.so[0m
[39.127s] [ 29%] [32m[1mLinking CXX shared library libnav2_spin_action_bt_node.so[0m
[39.172s] [ 29%] Built target nav2_clear_costmap_service_bt_node
[39.697s] [ 29%] Built target nav2_spin_action_bt_node
[39.777s] [ 30%] [32m[1mLinking CXX shared library libnav2_wait_action_bt_node.so[0m
[39.832s] [ 30%] [32m[1mLinking CXX shared library libnav2_rate_controller_bt_node.so[0m
[39.946s] [ 30%] [32m[1mLinking CXX shared library libnav2_assisted_teleop_action_bt_node.so[0m
[40.200s] [ 30%] [32m[1mLinking CXX shared library libnav2_back_up_action_bt_node.so[0m
[40.227s] [ 30%] Built target nav2_rate_controller_bt_node
[40.353s] [ 30%] Built target nav2_wait_action_bt_node
[40.654s] [ 30%] Built target nav2_assisted_teleop_action_bt_node
[40.725s] [ 30%] Built target nav2_back_up_action_bt_node
[41.579s] [ 30%] [32m[1mLinking CXX shared library libnav2_recovery_node_bt_node.so[0m
[41.761s] [ 30%] [32m[1mLinking CXX shared library libnav2_compute_path_through_poses_action_bt_node.so[0m
[41.880s] [ 30%] Built target nav2_recovery_node_bt_node
[42.188s] [ 30%] Built target nav2_compute_path_through_poses_action_bt_node
[43.044s] [ 30%] [32m[1mLinking CXX shared library libnav2_smooth_path_action_bt_node.so[0m
[43.326s] [ 31%] [32m[1mLinking CXX shared library libnav2_path_expiring_timer_condition.so[0m
[43.395s] [ 31%] Built target nav2_smooth_path_action_bt_node
[43.646s] [ 32%] [32m[1mLinking CXX shared library libnav2_distance_traveled_condition_bt_node.so[0m
[43.702s] [ 32%] Built target nav2_path_expiring_timer_condition
[44.199s] [ 32%] Built target nav2_distance_traveled_condition_bt_node
[46.269s] [ 33%] [32m[1mLinking CXX shared library libnav2_distance_controller_bt_node.so[0m
[46.679s] [ 34%] [32m[1mLinking CXX shared library libnav2_truncate_path_action_bt_node.so[0m
[46.838s] [ 34%] Built target nav2_distance_controller_bt_node
[46.981s] [ 34%] Built target nav2_truncate_path_action_bt_node
[47.125s] [ 35%] [32m[1mLinking CXX shared library libnav2_is_stuck_condition_bt_node.so[0m
[47.191s] [ 35%] [32m[1mLinking CXX shared library libnav2_reinitialize_global_localization_service_bt_node.so[0m
[47.421s] [ 35%] Built target nav2_is_stuck_condition_bt_node
[47.486s] [ 35%] Built target nav2_reinitialize_global_localization_service_bt_node
[47.726s] [ 36%] [32m[1mLinking CXX shared library libnav2_speed_controller_bt_node.so[0m
[47.980s] [ 36%] Built target nav2_speed_controller_bt_node
[48.072s] [ 37%] [32m[1mLinking CXX shared library libnav2_path_longer_on_approach_bt_node.so[0m
[48.257s] [ 37%] Built target nav2_path_longer_on_approach_bt_node
[48.289s] [ 37%] [32mBuilding CXX object gtest/CMakeFiles/gtest.dir/src/gtest-all.cc.o[0m
[48.532s] [ 38%] [32m[1mLinking CXX shared library libnav2_truncate_path_local_action_bt_node.so[0m
[48.912s] [ 38%] Built target nav2_truncate_path_local_action_bt_node
[48.959s] [ 39%] [32mBuilding CXX object gtest/CMakeFiles/gtest_main.dir/src/gtest_main.cc.o[0m
[49.045s] [ 39%] [32m[1mLinking CXX shared library libnav2_remove_passed_goals_action_bt_node.so[0m
[49.412s] [ 39%] Built target nav2_remove_passed_goals_action_bt_node
[49.462s] [ 40%] [32mBuilding CXX object CMakeFiles/nav2_goal_updated_controller_bt_node.dir/plugins/decorator/goal_updated_controller.cpp.o[0m
[49.940s] [ 41%] [32m[1mLinking CXX shared library libnav2_navigate_to_pose_action_bt_node.so[0m
[50.211s] [ 41%] [32m[1mLinking CXX static library libgtest_main.a[0m
[50.261s] [ 41%] Built target nav2_navigate_to_pose_action_bt_node
[50.276s] [ 41%] Built target gtest_main
[50.304s] [ 42%] [32mBuilding CXX object CMakeFiles/nav2_progress_checker_selector_bt_node.dir/plugins/action/progress_checker_selector_node.cpp.o[0m
[50.320s] [ 43%] [32mBuilding CXX object CMakeFiles/nav2_goal_checker_selector_bt_node.dir/plugins/action/goal_checker_selector_node.cpp.o[0m
[50.436s] [ 44%] [32m[1mLinking CXX shared library libnav2_navigate_through_poses_action_bt_node.so[0m
[50.711s] [ 44%] Built target nav2_navigate_through_poses_action_bt_node
[50.760s] [ 44%] [32mBuilding CXX object CMakeFiles/nav2_smoother_selector_bt_node.dir/plugins/action/smoother_selector_node.cpp.o[0m
[54.436s] [ 44%] [32m[1mLinking CXX shared library libnav2_goal_updater_node_bt_node.so[0m
[54.763s] [ 44%] Built target nav2_goal_updater_node_bt_node
[54.810s] [ 44%] [32mBuilding CXX object CMakeFiles/nav2_planner_selector_bt_node.dir/plugins/action/planner_selector_node.cpp.o[0m
[54.812s] [ 44%] [32mBuilding CXX object CMakeFiles/nav2_controller_selector_bt_node.dir/plugins/action/controller_selector_node.cpp.o[0m
[54.818s] [ 45%] [32mBuilding CXX object CMakeFiles/nav2_single_trigger_bt_node.dir/plugins/decorator/single_trigger_node.cpp.o[0m
[55.668s] [ 45%] [32m[1mLinking CXX shared library libnav2_is_battery_charging_condition_bt_node.so[0m
[56.153s] [ 45%] Built target nav2_is_battery_charging_condition_bt_node
[56.204s] [ 45%] [32mBuilding CXX object CMakeFiles/nav2_get_pose_from_path_action_bt_node.dir/plugins/action/get_pose_from_path_action.cpp.o[0m
[56.211s] [ 46%] [32mBuilding CXX object CMakeFiles/nav2_round_robin_node_bt_node.dir/plugins/control/round_robin_node.cpp.o[0m
[56.214s] [ 46%] [32mBuilding CXX object CMakeFiles/nav2_pipeline_sequence_bt_node.dir/plugins/control/pipeline_sequence.cpp.o[0m
[57.078s] [ 46%] [32m[1mLinking CXX shared library libnav2_goal_updated_controller_bt_node.so[0m
[57.276s] [ 47%] [32m[1mLinking CXX shared library libnav2_is_battery_low_condition_bt_node.so[0m
[57.305s] [ 47%] [32m[1mLinking CXX shared library libnav2_single_trigger_bt_node.so[0m
[57.380s] [ 47%] Built target nav2_goal_updated_controller_bt_node
[57.593s] [ 47%] Built target nav2_single_trigger_bt_node
[57.773s] [ 47%] Built target nav2_is_battery_low_condition_bt_node
[58.677s] [ 47%] [32m[1mLinking CXX shared library libnav2_round_robin_node_bt_node.so[0m
[58.736s] [ 48%] [32m[1mLinking CXX shared library libnav2_pipeline_sequence_bt_node.so[0m
[59.060s] [ 48%] Built target nav2_round_robin_node_bt_node
[59.160s] [ 48%] Built target nav2_pipeline_sequence_bt_node
[64.432s] [ 48%] [32m[1mLinking CXX static library libgtest.a[0m
[64.504s] [ 48%] Built target gtest
[64.549s] [ 49%] [32mBuilding CXX object test/plugins/condition/CMakeFiles/test_condition_goal_reached.dir/test_goal_reached.cpp.o[0m
[64.551s] [ 50%] [32mBuilding CXX object test/plugins/condition/CMakeFiles/test_condition_path_expiring_timer.dir/test_path_expiring_timer.cpp.o[0m
[64.551s] [ 50%] [32mBuilding CXX object test/CMakeFiles/test_bt_conversions.dir/test_bt_conversions.cpp.o[0m
[64.553s] [ 50%] [32mBuilding CXX object test/plugins/condition/CMakeFiles/test_condition_time_expired.dir/test_time_expired.cpp.o[0m
[64.554s] [ 51%] [32mBuilding CXX object test/plugins/condition/CMakeFiles/test_condition_distance_traveled.dir/test_distance_traveled.cpp.o[0m
[65.208s] [ 51%] [32m[1mLinking CXX shared library libnav2_get_pose_from_path_action_bt_node.so[0m
[65.482s] [ 51%] Built target nav2_get_pose_from_path_action_bt_node
[65.517s] [ 51%] [32mBuilding CXX object test/plugins/decorator/CMakeFiles/test_single_trigger_node.dir/test_single_trigger_node.cpp.o[0m
[65.517s] [ 51%] [32mBuilding CXX object test/plugins/decorator/CMakeFiles/test_goal_updater_node.dir/test_goal_updater_node.cpp.o[0m
[65.521s] [ 52%] [32mBuilding CXX object test/plugins/decorator/CMakeFiles/test_decorator_rate_controller.dir/test_rate_controller.cpp.o[0m
[65.532s] [ 53%] [32mBuilding CXX object test/plugins/decorator/CMakeFiles/test_decorator_speed_controller.dir/test_speed_controller.cpp.o[0m
[66.594s] [ 53%] [32mBuilding CXX object test/plugins/decorator/CMakeFiles/test_goal_updated_controller.dir/test_goal_updated_controller.cpp.o[0m
[66.608s] [ 54%] [32mBuilding CXX object test/plugins/decorator/CMakeFiles/test_decorator_distance_controller.dir/test_distance_controller.cpp.o[0m
[66.613s] [ 54%] [32mBuilding CXX object test/plugins/condition/CMakeFiles/test_condition_is_battery_low.dir/test_is_battery_low.cpp.o[0m
[66.614s] [ 54%] [32mBuilding CXX object test/plugins/condition/CMakeFiles/test_condition_is_path_valid.dir/test_is_path_valid.cpp.o[0m
[66.654s] [ 54%] [32m[1mLinking CXX shared library libnav2_progress_checker_selector_bt_node.so[0m
[67.188s] [ 54%] Built target nav2_progress_checker_selector_bt_node
[67.240s] [ 54%] [32mBuilding CXX object test/plugins/condition/CMakeFiles/test_condition_transform_available.dir/test_transform_available.cpp.o[0m
[67.251s] [ 54%] [32mBuilding CXX object test/plugins/condition/CMakeFiles/test_condition_is_battery_charging.dir/test_is_battery_charging.cpp.o[0m
[67.259s] [ 54%] [32mBuilding CXX object test/plugins/condition/CMakeFiles/test_condition_is_stuck.dir/test_is_stuck.cpp.o[0m
[67.266s] [ 55%] [32mBuilding CXX object test/plugins/condition/CMakeFiles/test_condition_initial_pose_received.dir/test_initial_pose_received.cpp.o[0m
[67.324s] [ 56%] [32mBuilding CXX object test/plugins/condition/CMakeFiles/test_condition_globally_updated_goal.dir/test_globally_updated_goal.cpp.o[0m
[70.354s] [ 57%] [32m[1mLinking CXX shared library libnav2_smoother_selector_bt_node.so[0m
[71.260s] [ 57%] Built target nav2_smoother_selector_bt_node
[74.098s] [ 57%] [32m[1mLinking CXX executable test_bt_conversions[0m
[74.545s] [ 57%] [32m[1mLinking CXX shared library libnav2_goal_checker_selector_bt_node.so[0m
[74.853s] [ 57%] Built target test_bt_conversions
[75.305s] [ 57%] Built target nav2_goal_checker_selector_bt_node
[77.558s] [ 58%] [32m[1mLinking CXX shared library libnav2_controller_selector_bt_node.so[0m
[78.218s] [ 58%] [32m[1mLinking CXX shared library libnav2_planner_selector_bt_node.so[0m
[78.460s] [ 58%] Built target nav2_controller_selector_bt_node
[78.792s] [ 58%] Built target nav2_planner_selector_bt_node
[79.979s] [ 58%] [32m[1mLinking CXX executable test_condition_distance_traveled[0m
[80.466s] [ 58%] Built target test_condition_distance_traveled
[80.860s] [ 59%] [32m[1mLinking CXX executable test_condition_time_expired[0m
[81.353s] [ 59%] [32m[1mLinking CXX executable test_decorator_rate_controller[0m
[81.459s] [ 59%] Built target test_condition_time_expired
[82.025s] [ 59%] Built target test_decorator_rate_controller
[82.329s] [ 59%] [32m[1mLinking CXX executable test_condition_goal_reached[0m
[82.742s] [ 59%] [32m[1mLinking CXX executable test_decorator_distance_controller[0m
[82.785s] [ 59%] [32m[1mLinking CXX executable test_condition_globally_updated_goal[0m
[82.808s] [ 59%] Built target test_condition_goal_reached
[82.981s] [ 60%] [32m[1mLinking CXX executable test_single_trigger_node[0m
[83.042s] [ 61%] [32m[1mLinking CXX executable test_condition_path_expiring_timer[0m
[83.228s] [ 61%] Built target test_condition_globally_updated_goal
[83.333s] [ 62%] [32m[1mLinking CXX executable test_goal_updater_node[0m
[83.421s] [ 62%] Built target test_decorator_distance_controller
[83.438s] [ 62%] Built target test_condition_path_expiring_timer
[83.520s] [ 62%] Built target test_single_trigger_node
[83.663s] [ 62%] Built target test_goal_updater_node
[83.735s] [ 63%] [32m[1mLinking CXX executable test_condition_is_path_valid[0m
[83.940s] [ 64%] [32m[1mLinking CXX executable test_goal_updated_controller[0m
[84.030s] [ 64%] Built target test_condition_is_path_valid
[84.054s] [ 65%] [32m[1mLinking CXX executable test_condition_is_battery_charging[0m
[84.295s] [ 65%] Built target test_goal_updated_controller
[84.342s] [ 66%] [32m[1mLinking CXX executable test_condition_is_battery_low[0m
[84.391s] [ 66%] Built target test_condition_is_battery_charging
[84.668s] [ 66%] Built target test_condition_is_battery_low
[84.735s] [ 66%] [32m[1mLinking CXX executable test_condition_initial_pose_received[0m
[84.757s] [ 67%] [32m[1mLinking CXX executable test_condition_transform_available[0m
[84.909s] [ 68%] [32m[1mLinking CXX executable test_condition_is_stuck[0m
[85.056s] [ 68%] Built target test_condition_initial_pose_received
[85.110s] [ 68%] Built target test_condition_transform_available
[85.261s] [ 68%] [32m[1mLinking CXX executable test_decorator_speed_controller[0m
[85.266s] [ 68%] Built target test_condition_is_stuck
[85.606s] [ 68%] Built target test_decorator_speed_controller
[85.637s] [ 68%] [32mBuilding CXX object test/plugins/action/CMakeFiles/test_action_follow_path_action.dir/test_follow_path_action.cpp.o[0m
[92.742s] [ 69%] [32m[1mLinking CXX executable test_action_follow_path_action[0m
[93.012s] [ 69%] Built target test_action_follow_path_action
[93.047s] [ 69%] [32mBuilding CXX object test/plugins/action/CMakeFiles/test_action_navigate_to_pose_action.dir/test_navigate_to_pose_action.cpp.o[0m
[94.064s] [ 69%] [32mBuilding CXX object test/plugins/action/CMakeFiles/test_action_navigate_through_poses_action.dir/test_navigate_through_poses_action.cpp.o[0m
[94.065s] [ 69%] [32mBuilding CXX object test/plugins/action/CMakeFiles/test_action_smooth_path_action.dir/test_smooth_path_action.cpp.o[0m
[94.069s] [ 71%] [32mBuilding CXX object test/plugins/action/CMakeFiles/test_action_compute_path_through_poses_action.dir/test_compute_path_through_poses_action.cpp.o[0m
[94.069s] [ 71%] [32mBuilding CXX object test/plugins/action/CMakeFiles/test_action_compute_path_to_pose_action.dir/test_compute_path_to_pose_action.cpp.o[0m
[95.094s] [ 72%] [32mBuilding CXX object test/plugins/action/CMakeFiles/test_action_clear_costmap_service.dir/test_clear_costmap_service.cpp.o[0m
[95.101s] [ 72%] [32mBuilding CXX object test/plugins/action/CMakeFiles/test_action_drive_on_heading_cancel_action.dir/test_drive_on_heading_cancel_node.cpp.o[0m
[95.105s] [ 72%] [32mBuilding CXX object test/plugins/action/CMakeFiles/test_action_reinitialize_global_localization_service.dir/test_reinitialize_global_localization_service.cpp.o[0m
[96.168s] [ 73%] [32mBuilding CXX object test/plugins/action/CMakeFiles/test_action_assisted_teleop_cancel_action.dir/test_assisted_teleop_cancel_node.cpp.o[0m
[96.184s] [ 74%] [32mBuilding CXX object test/plugins/action/CMakeFiles/test_action_back_up_cancel_action.dir/test_back_up_cancel_node.cpp.o[0m
[96.216s] [ 75%] [32mBuilding CXX object test/plugins/action/CMakeFiles/test_action_wait_cancel_action.dir/test_wait_cancel_node.cpp.o[0m
[96.247s] [ 75%] [32mBuilding CXX object test/plugins/action/CMakeFiles/test_action_spin_cancel_action.dir/test_spin_cancel_node.cpp.o[0m
[97.299s] [ 76%] [32mBuilding CXX object test/plugins/action/CMakeFiles/test_action_controller_cancel_action.dir/test_controller_cancel_node.cpp.o[0m
[97.306s] [ 77%] [32mBuilding CXX object test/plugins/action/CMakeFiles/test_action_wait_action.dir/test_wait_action.cpp.o[0m
[97.318s] [ 78%] [32mBuilding CXX object test/plugins/action/CMakeFiles/test_action_assisted_teleop_action.dir/test_assisted_teleop_action.cpp.o[0m
[99.372s] [ 78%] [32mBuilding CXX object test/plugins/action/CMakeFiles/test_action_drive_on_heading.dir/test_drive_on_heading_action.cpp.o[0m
[100.482s] [ 79%] [32mBuilding CXX object test/plugins/action/CMakeFiles/test_action_back_up_action.dir/test_back_up_action.cpp.o[0m
[101.509s] [ 79%] [32mBuilding CXX object test/plugins/action/CMakeFiles/test_action_spin_action.dir/test_spin_action.cpp.o[0m
[102.621s] [ 80%] [32mBuilding CXX object test/plugins/action/CMakeFiles/test_bt_action_node.dir/test_bt_action_node.cpp.o[0m
[108.744s] [ 81%] [32m[1mLinking CXX executable test_action_navigate_to_pose_action[0m
[109.816s] [ 81%] Built target test_action_navigate_to_pose_action
[110.105s] [ 82%] [32m[1mLinking CXX executable test_action_reinitialize_global_localization_service[0m
[110.184s] [ 83%] [32m[1mLinking CXX executable test_action_smooth_path_action[0m
[110.530s] [ 84%] [32m[1mLinking CXX executable test_action_navigate_through_poses_action[0m
[110.604s] [ 84%] Built target test_action_reinitialize_global_localization_service
[110.806s] [ 84%] Built target test_action_smooth_path_action
[111.110s] [ 84%] Built target test_action_navigate_through_poses_action
[111.441s] [ 85%] [32m[1mLinking CXX executable test_action_drive_on_heading_cancel_action[0m
[112.072s] [ 85%] Built target test_action_drive_on_heading_cancel_action
[112.424s] [ 85%] [32m[1mLinking CXX executable test_action_compute_path_to_pose_action[0m
[112.735s] [ 85%] [32m[1mLinking CXX executable test_action_clear_costmap_service[0m
[112.949s] [ 85%] [32m[1mLinking CXX executable test_action_compute_path_through_poses_action[0m
[112.984s] [ 85%] Built target test_action_compute_path_to_pose_action
[113.145s] [ 85%] Built target test_action_clear_costmap_service
[113.270s] [ 85%] [32m[1mLinking CXX executable test_action_wait_cancel_action[0m
[113.437s] [ 85%] Built target test_action_compute_path_through_poses_action
[113.712s] [ 85%] Built target test_action_wait_cancel_action
[113.822s] [ 85%] [32m[1mLinking CXX executable test_action_spin_cancel_action[0m
[113.950s] [ 85%] [32m[1mLinking CXX executable test_action_assisted_teleop_cancel_action[0m
[113.965s] [ 85%] [32m[1mLinking CXX executable test_action_wait_action[0m
[114.010s] [ 85%] [32m[1mLinking CXX executable test_action_back_up_cancel_action[0m
[114.145s] [ 85%] [32m[1mLinking CXX executable test_action_controller_cancel_action[0m
[114.176s] [ 85%] Built target test_action_spin_cancel_action
[114.417s] [ 85%] Built target test_action_wait_action
[114.564s] [ 86%] [32m[1mLinking CXX executable test_action_drive_on_heading[0m
[114.569s] [ 86%] Built target test_action_back_up_cancel_action
[114.606s] [ 86%] Built target test_action_assisted_teleop_cancel_action
[114.692s] [ 86%] Built target test_action_controller_cancel_action
[114.857s] [ 86%] Built target test_action_drive_on_heading
[115.152s] [ 86%] [32m[1mLinking CXX executable test_action_assisted_teleop_action[0m
[115.469s] [ 86%] Built target test_action_assisted_teleop_action
[115.685s] [ 86%] [32m[1mLinking CXX executable test_action_back_up_action[0m
[115.945s] [ 86%] Built target test_action_back_up_action
[116.288s] [ 87%] [32m[1mLinking CXX executable test_action_spin_action[0m
[116.533s] [ 87%] Built target test_action_spin_action
[118.878s] [ 87%] [32m[1mLinking CXX executable test_bt_action_node[0m
[119.114s] [ 87%] Built target test_bt_action_node
[119.141s] [ 89%] [32mBuilding CXX object test/plugins/action/CMakeFiles/test_controller_selector_node.dir/test_controller_selector_node.cpp.o[0m
[119.142s] [ 89%] [32mBuilding CXX object test/plugins/action/CMakeFiles/test_goal_checker_selector_node.dir/test_goal_checker_selector_node.cpp.o[0m
[119.142s] [ 89%] [32mBuilding CXX object test/plugins/action/CMakeFiles/test_smoother_selector_node.dir/test_smoother_selector_node.cpp.o[0m
[119.142s] [ 89%] [32mBuilding CXX object test/plugins/action/CMakeFiles/test_planner_selector_node.dir/test_planner_selector_node.cpp.o[0m
[119.147s] [ 89%] [32mBuilding CXX object test/plugins/action/CMakeFiles/test_progress_checker_selector_node.dir/test_progress_checker_selector_node.cpp.o[0m
[129.767s] [ 90%] [32m[1mLinking CXX executable test_smoother_selector_node[0m
[130.237s] [ 90%] [32m[1mLinking CXX executable test_goal_checker_selector_node[0m
[130.688s] [ 90%] Built target test_smoother_selector_node
[130.743s] [ 91%] [32m[1mLinking CXX executable test_progress_checker_selector_node[0m
[130.799s] [ 92%] [32mBuilding CXX object test/plugins/action/CMakeFiles/test_get_pose_from_path_action.dir/test_get_pose_from_path_action.cpp.o[0m
[130.805s] [ 92%] [32mBuilding CXX object test/plugins/action/CMakeFiles/test_remove_passed_goals_action.dir/test_remove_passed_goals_action.cpp.o[0m
[130.808s] [ 92%] [32mBuilding CXX object test/plugins/action/CMakeFiles/test_truncate_path_local_action.dir/test_truncate_path_local_action.cpp.o[0m
[130.826s] [ 92%] [32mBuilding CXX object test/plugins/control/CMakeFiles/test_control_pipeline_sequence.dir/test_pipeline_sequence.cpp.o[0m
[130.830s] [ 92%] [32mBuilding CXX object test/plugins/action/CMakeFiles/test_truncate_path_action.dir/test_truncate_path_action.cpp.o[0m
[130.838s] [ 93%] [32mBuilding CXX object test/plugins/control/CMakeFiles/test_control_round_robin_node.dir/test_round_robin_node.cpp.o[0m
[130.864s] [ 93%] [32m[1mLinking CXX executable test_controller_selector_node[0m
[131.196s] [ 93%] Built target test_goal_checker_selector_node
[131.318s] [ 94%] [32mBuilding CXX object test/plugins/condition/CMakeFiles/test_condition_goal_updated.dir/test_goal_updated.cpp.o[0m
[131.320s] [ 95%] [32mBuilding CXX object test/plugins/decorator/CMakeFiles/test_decorator_path_longer_on_approach.dir/test_path_longer_on_approach.cpp.o[0m
[131.355s] [ 95%] [32mBuilding CXX object test/plugins/control/CMakeFiles/test_control_recovery_node.dir/test_recovery_node.cpp.o[0m
[131.424s] [ 96%] [32m[1mLinking CXX executable test_planner_selector_node[0m
[131.684s] [ 96%] Built target test_controller_selector_node
[131.714s] [ 96%] Built target test_progress_checker_selector_node
[132.172s] [ 96%] Built target test_planner_selector_node
[144.722s] [ 97%] [32m[1mLinking CXX executable test_truncate_path_action[0m
[145.280s] [ 97%] Built target test_truncate_path_action
[145.894s] [ 97%] [32m[1mLinking CXX executable test_control_round_robin_node[0m
[146.309s] [ 97%] [32m[1mLinking CXX executable test_get_pose_from_path_action[0m
[146.758s] [ 97%] Built target test_control_round_robin_node
[146.821s] [ 97%] Built target test_get_pose_from_path_action
[146.892s] [ 97%] [32m[1mLinking CXX executable test_decorator_path_longer_on_approach[0m
[147.045s] [ 97%] [32m[1mLinking CXX executable test_control_recovery_node[0m
[147.247s] [ 97%] Built target test_decorator_path_longer_on_approach
[147.527s] [ 97%] Built target test_control_recovery_node
[147.863s] [ 98%] [32m[1mLinking CXX executable test_control_pipeline_sequence[0m
[148.240s] [ 98%] Built target test_control_pipeline_sequence
[148.284s] [ 98%] [32m[1mLinking CXX executable test_condition_goal_updated[0m
[148.764s] [ 98%] Built target test_condition_goal_updated
[149.226s] [ 99%] [32m[1mLinking CXX executable test_remove_passed_goals_action[0m
[149.791s] [ 99%] Built target test_remove_passed_goals_action
[150.514s] [100%] [32m[1mLinking CXX executable test_truncate_path_local_action[0m
[150.922s] [100%] Built target test_truncate_path_local_action
[150.939s] Invoked command in '/home/rpp/rpp_ws/build/nav2_behavior_tree' returned '0': CMAKE_PREFIX_PATH=/home/rpp/rpp_ws/install/nav2_util:/home/rpp/rpp_ws/install/nav2_msgs:/home/rpp/rpp_ws/install/nav2_common:/home/rpp/rpp_ws/install/xf_voice:/home/rpp/rpp_ws/install/xf_voice_msgs:/home/rpp/rpp_ws/install/wheeltec_mic_ros2:/home/rpp/rpp_ws/install/wheeltec_mic_msg:/home/rpp/rpp_ws/install/ti5cra_servo_ros:/home/rpp/rpp_ws/install/ti5cra_servo_sdk:/home/rpp/rpp_ws/install/syntron_servo_ros:/home/rpp/rpp_ws/install/syntron_servo_sdk:/home/rpp/rpp_ws/install/nav2_system_tests:/home/rpp/rpp_ws/install/nav2_bringup:/home/rpp/rpp_ws/install/slam_toolbox:/home/rpp/rpp_ws/install/slam_3d:/home/rpp/rpp_ws/install/slam_2d:/home/rpp/rpp_ws/install/serial:/home/rpp/rpp_ws/install/rpp_ros_driver:/home/rpp/rpp_ws/install/rpp_msgs:/home/rpp/rpp_ws/install/rpp_driver:/home/rpp/rpp_ws/install/robot_bringup:/home/rpp/rpp_ws/install/pymoveit2:/home/rpp/rpp_ws/install/pgo:/home/rpp/rpp_ws/install/navigation_2d:/home/rpp/rpp_ws/install/navigation2:/home/rpp/rpp_ws/install/nav2_smoother:/home/rpp/rpp_ws/install/nav2_graceful_controller:/home/rpp/rpp_ws/install/nav2_dwb_controller:/home/rpp/rpp_ws/install/nav2_controller:/home/rpp/rpp_ws/install/dwb_plugins:/home/rpp/rpp_ws/install/dwb_critics:/home/rpp/rpp_ws/install/dwb_core:/home/rpp/rpp_ws/install/nav_2d_utils:/home/rpp/rpp_ws/install/dwb_msgs:/home/rpp/rpp_ws/install/nav_2d_msgs:/home/rpp/rpp_ws/install/nav2_waypoint_follower:/home/rpp/rpp_ws/install/nav2_theta_star_planner:/home/rpp/rpp_ws/install/nav2_smac_planner:/home/rpp/rpp_ws/install/nav2_rotation_shim_controller:/home/rpp/rpp_ws/install/nav2_regulated_pure_pursuit_controller:/home/rpp/rpp_ws/install/nav2_planner:/home/rpp/rpp_ws/install/nav2_navfn_planner:/home/rpp/rpp_ws/install/nav2_mppi_controller:/home/rpp/rpp_ws/install/nav2_constrained_smoother:/home/rpp/rpp_ws/install/nav2_bt_navigator:/home/rpp/rpp_ws/install/nav2_behaviors:/home/rpp/rpp_ws/install/nav2_core:/home/rpp/rpp_ws/install/nav2_collision_monitor:/home/rpp/rpp_ws/install/costmap_queue:/home/rpp/rpp_ws/install/nav2_costmap_2d:/home/rpp/rpp_ws/install/nav2_voxel_grid:/home/rpp/rpp_ws/install/nav2_velocity_smoother:/home/rpp/rpp_ws/install/nav2_rviz_plugins:/home/rpp/rpp_ws/install/nav2_map_server:/home/rpp/rpp_ws/install/nav2_lifecycle_manager:/home/rpp/rpp_ws/install/nav2_behavior_tree:/home/rpp/rpp_ws/install/nav2_amcl:/home/rpp/rpp_ws/install/motor_pitch_ros:/home/rpp/rpp_ws/install/motor_pitch_sdk:/home/rpp/rpp_ws/install/motor_lift_ros:/home/rpp/rpp_ws/install/motor_lift_sdk:/home/rpp/rpp_ws/install/localizer:/home/rpp/rpp_ws/install/lidar_clipping:/home/rpp/rpp_ws/install/fastlio2:/home/rpp/rpp_ws/install/livox_ros_driver2:/home/rpp/rpp_ws/install/lakibeam1:/home/rpp/rpp_ws/install/kortex_bringup:/home/rpp/rpp_ws/install/kortex_driver:/home/rpp/rpp_ws/install/kinova_gen3_lite_moveit_config:/home/rpp/rpp_ws/install/kinova_gen3_7dof_robotiq_2f_85_moveit_config:/home/rpp/rpp_ws/install/kinova_gen3_6dof_robotiq_2f_85_moveit_config:/home/rpp/rpp_ws/install/kortex_description:/home/rpp/rpp_ws/install/kortex_api:/home/rpp/rpp_ws/install/ira_laser_tools:/home/rpp/rpp_ws/install/hba:/home/rpp/rpp_ws/install/interface:/home/rpp/rpp_ws/install/ea200_moveit_config:/home/rpp/rpp_ws/install/ea200_description:/home/rpp/rpp_ws/install/cr100_description:/home/rpp/rpp_ws/install/setting_info:/home/rpp/rpp_ws/install/nav2_simple_commander:/home/rpp/rpp_ws/install/gui_control:/home/rpp/rpp_ws/install/graphic_display:/home/rpp/rpp_ws/install/linker_hand_ros2_sdk:/home/rpp/rpp_ws/install/bt_task_manager_ros2:/opt/ros/humble LD_LIBRARY_PATH=/home/rpp/rpp_ws/install/nav2_util/lib:/home/rpp/rpp_ws/install/nav2_msgs/lib:/home/rpp/3rdparty//TensorRT-10.9.0.34/lib:/usr/local/cuda-12.8/lib64:/usr/local/lib/:/home/rpp/3rdparty//TensorRT-10.9.0.34/lib:/usr/local/cuda-12.8/lib64:/home/rpp/rpp_ws/install/xf_voice/lib:/home/rpp/rpp_ws/install/xf_voice_msgs/lib:/home/rpp/rpp_ws/install/wheeltec_mic_ros2/lib:/home/rpp/rpp_ws/install/wheeltec_mic_msg/lib:/home/rpp/rpp_ws/install/ti5cra_servo_sdk/lib:/home/rpp/rpp_ws/install/syntron_servo_sdk/lib:/home/rpp/rpp_ws/install/slam_toolbox/lib:/home/rpp/rpp_ws/install/serial/lib:/home/rpp/rpp_ws/install/rpp_msgs/lib:/home/rpp/rpp_ws/install/rpp_driver/lib:/home/rpp/rpp_ws/install/nav2_smoother/lib:/home/rpp/rpp_ws/install/nav2_graceful_controller/lib:/home/rpp/rpp_ws/install/nav2_controller/lib:/home/rpp/rpp_ws/install/dwb_plugins/lib:/home/rpp/rpp_ws/install/dwb_critics/lib:/home/rpp/rpp_ws/install/dwb_core/lib:/home/rpp/rpp_ws/install/nav_2d_utils/lib:/home/rpp/rpp_ws/install/dwb_msgs/lib:/home/rpp/rpp_ws/install/nav_2d_msgs/lib:/home/rpp/rpp_ws/install/nav2_waypoint_follower/lib:/home/rpp/rpp_ws/install/nav2_theta_star_planner/lib:/home/rpp/rpp_ws/install/nav2_smac_planner/lib:/home/rpp/rpp_ws/install/nav2_rotation_shim_controller/lib:/home/rpp/rpp_ws/install/nav2_regulated_pure_pursuit_controller/lib:/home/rpp/rpp_ws/install/nav2_planner/lib:/home/rpp/rpp_ws/install/nav2_navfn_planner/lib:/home/rpp/rpp_ws/install/nav2_mppi_controller/lib:/home/rpp/rpp_ws/install/nav2_constrained_smoother/lib:/home/rpp/rpp_ws/install/nav2_bt_navigator/lib:/home/rpp/rpp_ws/install/nav2_behaviors/lib:/home/rpp/rpp_ws/install/nav2_collision_monitor/lib:/home/rpp/rpp_ws/install/costmap_queue/lib:/home/rpp/rpp_ws/install/nav2_costmap_2d/lib:/home/rpp/rpp_ws/install/nav2_voxel_grid/lib:/home/rpp/rpp_ws/install/nav2_velocity_smoother/lib:/home/rpp/rpp_ws/install/nav2_rviz_plugins/lib:/home/rpp/rpp_ws/install/nav2_map_server/lib:/home/rpp/rpp_ws/install/nav2_lifecycle_manager/lib:/home/rpp/rpp_ws/install/nav2_behavior_tree/lib:/home/rpp/rpp_ws/install/nav2_amcl/lib:/home/rpp/rpp_ws/install/motor_pitch_sdk/lib:/home/rpp/rpp_ws/install/motor_lift_sdk/lib:/home/rpp/rpp_ws/install/livox_ros_driver2/lib:/home/rpp/rpp_ws/install/kortex_driver/lib:/home/rpp/rpp_ws/install/ira_laser_tools/lib:/home/rpp/rpp_ws/install/interface/lib:/usr/lib/x86_64-linux-gnu/gazebo-11/plugins:/opt/ros/humble/opt/rviz_ogre_vendor/lib:/opt/ros/humble/lib/x86_64-linux-gnu:/opt/ros/humble/opt/openvdb_vendor/lib:/opt/ros/humble/lib:/usr/local/lib/ /usr/bin/cmake --build /home/rpp/rpp_ws/build/nav2_behavior_tree -- -j24 -l24
[150.944s] Invoking command in '/home/rpp/rpp_ws/build/nav2_behavior_tree': CMAKE_PREFIX_PATH=/home/rpp/rpp_ws/install/nav2_util:/home/rpp/rpp_ws/install/nav2_msgs:/home/rpp/rpp_ws/install/nav2_common:/home/rpp/rpp_ws/install/xf_voice:/home/rpp/rpp_ws/install/xf_voice_msgs:/home/rpp/rpp_ws/install/wheeltec_mic_ros2:/home/rpp/rpp_ws/install/wheeltec_mic_msg:/home/rpp/rpp_ws/install/ti5cra_servo_ros:/home/rpp/rpp_ws/install/ti5cra_servo_sdk:/home/rpp/rpp_ws/install/syntron_servo_ros:/home/rpp/rpp_ws/install/syntron_servo_sdk:/home/rpp/rpp_ws/install/nav2_system_tests:/home/rpp/rpp_ws/install/nav2_bringup:/home/rpp/rpp_ws/install/slam_toolbox:/home/rpp/rpp_ws/install/slam_3d:/home/rpp/rpp_ws/install/slam_2d:/home/rpp/rpp_ws/install/serial:/home/rpp/rpp_ws/install/rpp_ros_driver:/home/rpp/rpp_ws/install/rpp_msgs:/home/rpp/rpp_ws/install/rpp_driver:/home/rpp/rpp_ws/install/robot_bringup:/home/rpp/rpp_ws/install/pymoveit2:/home/rpp/rpp_ws/install/pgo:/home/rpp/rpp_ws/install/navigation_2d:/home/rpp/rpp_ws/install/navigation2:/home/rpp/rpp_ws/install/nav2_smoother:/home/rpp/rpp_ws/install/nav2_graceful_controller:/home/rpp/rpp_ws/install/nav2_dwb_controller:/home/rpp/rpp_ws/install/nav2_controller:/home/rpp/rpp_ws/install/dwb_plugins:/home/rpp/rpp_ws/install/dwb_critics:/home/rpp/rpp_ws/install/dwb_core:/home/rpp/rpp_ws/install/nav_2d_utils:/home/rpp/rpp_ws/install/dwb_msgs:/home/rpp/rpp_ws/install/nav_2d_msgs:/home/rpp/rpp_ws/install/nav2_waypoint_follower:/home/rpp/rpp_ws/install/nav2_theta_star_planner:/home/rpp/rpp_ws/install/nav2_smac_planner:/home/rpp/rpp_ws/install/nav2_rotation_shim_controller:/home/rpp/rpp_ws/install/nav2_regulated_pure_pursuit_controller:/home/rpp/rpp_ws/install/nav2_planner:/home/rpp/rpp_ws/install/nav2_navfn_planner:/home/rpp/rpp_ws/install/nav2_mppi_controller:/home/rpp/rpp_ws/install/nav2_constrained_smoother:/home/rpp/rpp_ws/install/nav2_bt_navigator:/home/rpp/rpp_ws/install/nav2_behaviors:/home/rpp/rpp_ws/install/nav2_core:/home/rpp/rpp_ws/install/nav2_collision_monitor:/home/rpp/rpp_ws/install/costmap_queue:/home/rpp/rpp_ws/install/nav2_costmap_2d:/home/rpp/rpp_ws/install/nav2_voxel_grid:/home/rpp/rpp_ws/install/nav2_velocity_smoother:/home/rpp/rpp_ws/install/nav2_rviz_plugins:/home/rpp/rpp_ws/install/nav2_map_server:/home/rpp/rpp_ws/install/nav2_lifecycle_manager:/home/rpp/rpp_ws/install/nav2_behavior_tree:/home/rpp/rpp_ws/install/nav2_amcl:/home/rpp/rpp_ws/install/motor_pitch_ros:/home/rpp/rpp_ws/install/motor_pitch_sdk:/home/rpp/rpp_ws/install/motor_lift_ros:/home/rpp/rpp_ws/install/motor_lift_sdk:/home/rpp/rpp_ws/install/localizer:/home/rpp/rpp_ws/install/lidar_clipping:/home/rpp/rpp_ws/install/fastlio2:/home/rpp/rpp_ws/install/livox_ros_driver2:/home/rpp/rpp_ws/install/lakibeam1:/home/rpp/rpp_ws/install/kortex_bringup:/home/rpp/rpp_ws/install/kortex_driver:/home/rpp/rpp_ws/install/kinova_gen3_lite_moveit_config:/home/rpp/rpp_ws/install/kinova_gen3_7dof_robotiq_2f_85_moveit_config:/home/rpp/rpp_ws/install/kinova_gen3_6dof_robotiq_2f_85_moveit_config:/home/rpp/rpp_ws/install/kortex_description:/home/rpp/rpp_ws/install/kortex_api:/home/rpp/rpp_ws/install/ira_laser_tools:/home/rpp/rpp_ws/install/hba:/home/rpp/rpp_ws/install/interface:/home/rpp/rpp_ws/install/ea200_moveit_config:/home/rpp/rpp_ws/install/ea200_description:/home/rpp/rpp_ws/install/cr100_description:/home/rpp/rpp_ws/install/setting_info:/home/rpp/rpp_ws/install/nav2_simple_commander:/home/rpp/rpp_ws/install/gui_control:/home/rpp/rpp_ws/install/graphic_display:/home/rpp/rpp_ws/install/linker_hand_ros2_sdk:/home/rpp/rpp_ws/install/bt_task_manager_ros2:/opt/ros/humble LD_LIBRARY_PATH=/home/rpp/rpp_ws/install/nav2_util/lib:/home/rpp/rpp_ws/install/nav2_msgs/lib:/home/rpp/3rdparty//TensorRT-10.9.0.34/lib:/usr/local/cuda-12.8/lib64:/usr/local/lib/:/home/rpp/3rdparty//TensorRT-10.9.0.34/lib:/usr/local/cuda-12.8/lib64:/home/rpp/rpp_ws/install/xf_voice/lib:/home/rpp/rpp_ws/install/xf_voice_msgs/lib:/home/rpp/rpp_ws/install/wheeltec_mic_ros2/lib:/home/rpp/rpp_ws/install/wheeltec_mic_msg/lib:/home/rpp/rpp_ws/install/ti5cra_servo_sdk/lib:/home/rpp/rpp_ws/install/syntron_servo_sdk/lib:/home/rpp/rpp_ws/install/slam_toolbox/lib:/home/rpp/rpp_ws/install/serial/lib:/home/rpp/rpp_ws/install/rpp_msgs/lib:/home/rpp/rpp_ws/install/rpp_driver/lib:/home/rpp/rpp_ws/install/nav2_smoother/lib:/home/rpp/rpp_ws/install/nav2_graceful_controller/lib:/home/rpp/rpp_ws/install/nav2_controller/lib:/home/rpp/rpp_ws/install/dwb_plugins/lib:/home/rpp/rpp_ws/install/dwb_critics/lib:/home/rpp/rpp_ws/install/dwb_core/lib:/home/rpp/rpp_ws/install/nav_2d_utils/lib:/home/rpp/rpp_ws/install/dwb_msgs/lib:/home/rpp/rpp_ws/install/nav_2d_msgs/lib:/home/rpp/rpp_ws/install/nav2_waypoint_follower/lib:/home/rpp/rpp_ws/install/nav2_theta_star_planner/lib:/home/rpp/rpp_ws/install/nav2_smac_planner/lib:/home/rpp/rpp_ws/install/nav2_rotation_shim_controller/lib:/home/rpp/rpp_ws/install/nav2_regulated_pure_pursuit_controller/lib:/home/rpp/rpp_ws/install/nav2_planner/lib:/home/rpp/rpp_ws/install/nav2_navfn_planner/lib:/home/rpp/rpp_ws/install/nav2_mppi_controller/lib:/home/rpp/rpp_ws/install/nav2_constrained_smoother/lib:/home/rpp/rpp_ws/install/nav2_bt_navigator/lib:/home/rpp/rpp_ws/install/nav2_behaviors/lib:/home/rpp/rpp_ws/install/nav2_collision_monitor/lib:/home/rpp/rpp_ws/install/costmap_queue/lib:/home/rpp/rpp_ws/install/nav2_costmap_2d/lib:/home/rpp/rpp_ws/install/nav2_voxel_grid/lib:/home/rpp/rpp_ws/install/nav2_velocity_smoother/lib:/home/rpp/rpp_ws/install/nav2_rviz_plugins/lib:/home/rpp/rpp_ws/install/nav2_map_server/lib:/home/rpp/rpp_ws/install/nav2_lifecycle_manager/lib:/home/rpp/rpp_ws/install/nav2_behavior_tree/lib:/home/rpp/rpp_ws/install/nav2_amcl/lib:/home/rpp/rpp_ws/install/motor_pitch_sdk/lib:/home/rpp/rpp_ws/install/motor_lift_sdk/lib:/home/rpp/rpp_ws/install/livox_ros_driver2/lib:/home/rpp/rpp_ws/install/kortex_driver/lib:/home/rpp/rpp_ws/install/ira_laser_tools/lib:/home/rpp/rpp_ws/install/interface/lib:/usr/lib/x86_64-linux-gnu/gazebo-11/plugins:/opt/ros/humble/opt/rviz_ogre_vendor/lib:/opt/ros/humble/lib/x86_64-linux-gnu:/opt/ros/humble/opt/openvdb_vendor/lib:/opt/ros/humble/lib:/usr/local/lib/ /usr/bin/cmake --install /home/rpp/rpp_ws/build/nav2_behavior_tree
[150.954s] -- Install configuration: "Release"
[150.955s] -- Execute custom install script
[150.956s] -- Symlinking: /home/rpp/rpp_ws/install/nav2_behavior_tree/lib/libnav2_behavior_tree.so
[150.970s] -- Symlinking: /home/rpp/rpp_ws/install/nav2_behavior_tree/lib/libnav2_get_pose_from_poses_action_bt_node.so
[150.983s] -- Symlinking: /home/rpp/rpp_ws/install/nav2_behavior_tree/lib/libnav2_compute_path_to_pose_action_bt_node.so
[150.996s] -- Symlinking: /home/rpp/rpp_ws/install/nav2_behavior_tree/lib/libnav2_compute_path_through_poses_action_bt_node.so
[151.010s] -- Symlinking: /home/rpp/rpp_ws/install/nav2_behavior_tree/lib/libnav2_controller_cancel_bt_node.so
[151.021s] -- Symlinking: /home/rpp/rpp_ws/install/nav2_behavior_tree/lib/libnav2_wait_cancel_bt_node.so
[151.036s] -- Symlinking: /home/rpp/rpp_ws/install/nav2_behavior_tree/lib/libnav2_spin_cancel_bt_node.so
[151.049s] -- Symlinking: /home/rpp/rpp_ws/install/nav2_behavior_tree/lib/libnav2_back_up_cancel_bt_node.so
[151.063s] -- Symlinking: /home/rpp/rpp_ws/install/nav2_behavior_tree/lib/libnav2_assisted_teleop_cancel_bt_node.so
[151.075s] -- Symlinking: /home/rpp/rpp_ws/install/nav2_behavior_tree/lib/libnav2_drive_on_heading_cancel_bt_node.so
[151.086s] -- Symlinking: /home/rpp/rpp_ws/install/nav2_behavior_tree/lib/libnav2_smooth_path_action_bt_node.so
[151.097s] -- Symlinking: /home/rpp/rpp_ws/install/nav2_behavior_tree/lib/libnav2_follow_path_action_bt_node.so
[151.107s] -- Symlinking: /home/rpp/rpp_ws/install/nav2_behavior_tree/lib/libnav2_back_up_action_bt_node.so
[151.117s] -- Symlinking: /home/rpp/rpp_ws/install/nav2_behavior_tree/lib/libnav2_drive_on_heading_bt_node.so
[151.129s] -- Symlinking: /home/rpp/rpp_ws/install/nav2_behavior_tree/lib/libnav2_spin_action_bt_node.so
[151.141s] -- Symlinking: /home/rpp/rpp_ws/install/nav2_behavior_tree/lib/libnav2_wait_action_bt_node.so
[151.164s] -- Symlinking: /home/rpp/rpp_ws/install/nav2_behavior_tree/lib/libnav2_assisted_teleop_action_bt_node.so
[151.180s] -- Symlinking: /home/rpp/rpp_ws/install/nav2_behavior_tree/lib/libnav2_clear_costmap_service_bt_node.so
[151.197s] -- Symlinking: /home/rpp/rpp_ws/install/nav2_behavior_tree/lib/libnav2_is_stuck_condition_bt_node.so
[151.213s] -- Symlinking: /home/rpp/rpp_ws/install/nav2_behavior_tree/lib/libnav2_transform_available_condition_bt_node.so
[151.228s] -- Symlinking: /home/rpp/rpp_ws/install/nav2_behavior_tree/lib/libnav2_goal_reached_condition_bt_node.so
[151.245s] -- Symlinking: /home/rpp/rpp_ws/install/nav2_behavior_tree/lib/libnav2_globally_updated_goal_condition_bt_node.so
[151.256s] -- Symlinking: /home/rpp/rpp_ws/install/nav2_behavior_tree/lib/libnav2_goal_updated_condition_bt_node.so
[151.272s] -- Symlinking: /home/rpp/rpp_ws/install/nav2_behavior_tree/lib/libnav2_is_path_valid_condition_bt_node.so
[151.288s] -- Symlinking: /home/rpp/rpp_ws/install/nav2_behavior_tree/lib/libnav2_time_expired_condition_bt_node.so
[151.300s] -- Symlinking: /home/rpp/rpp_ws/install/nav2_behavior_tree/lib/libnav2_path_expiring_timer_condition.so
[151.311s] -- Symlinking: /home/rpp/rpp_ws/install/nav2_behavior_tree/lib/libnav2_distance_traveled_condition_bt_node.so
[151.322s] -- Symlinking: /home/rpp/rpp_ws/install/nav2_behavior_tree/lib/libnav2_initial_pose_received_condition_bt_node.so
[151.334s] -- Symlinking: /home/rpp/rpp_ws/install/nav2_behavior_tree/lib/libnav2_is_battery_charging_condition_bt_node.so
[151.346s] -- Symlinking: /home/rpp/rpp_ws/install/nav2_behavior_tree/lib/libnav2_is_battery_low_condition_bt_node.so
[151.361s] -- Symlinking: /home/rpp/rpp_ws/install/nav2_behavior_tree/lib/libnav2_reinitialize_global_localization_service_bt_node.so
[151.378s] -- Symlinking: /home/rpp/rpp_ws/install/nav2_behavior_tree/lib/libnav2_rate_controller_bt_node.so
[151.394s] -- Symlinking: /home/rpp/rpp_ws/install/nav2_behavior_tree/lib/libnav2_distance_controller_bt_node.so
[151.405s] -- Symlinking: /home/rpp/rpp_ws/install/nav2_behavior_tree/lib/libnav2_speed_controller_bt_node.so
[151.416s] -- Symlinking: /home/rpp/rpp_ws/install/nav2_behavior_tree/lib/libnav2_truncate_path_action_bt_node.so
[151.427s] -- Symlinking: /home/rpp/rpp_ws/install/nav2_behavior_tree/lib/libnav2_truncate_path_local_action_bt_node.so
[151.440s] -- Symlinking: /home/rpp/rpp_ws/install/nav2_behavior_tree/lib/libnav2_goal_updater_node_bt_node.so
[151.450s] -- Symlinking: /home/rpp/rpp_ws/install/nav2_behavior_tree/lib/libnav2_path_longer_on_approach_bt_node.so
[151.462s] -- Symlinking: /home/rpp/rpp_ws/install/nav2_behavior_tree/lib/libnav2_recovery_node_bt_node.so
[151.478s] -- Symlinking: /home/rpp/rpp_ws/install/nav2_behavior_tree/lib/libnav2_navigate_to_pose_action_bt_node.so
[151.489s] -- Symlinking: /home/rpp/rpp_ws/install/nav2_behavior_tree/lib/libnav2_navigate_through_poses_action_bt_node.so
[151.500s] -- Symlinking: /home/rpp/rpp_ws/install/nav2_behavior_tree/lib/libnav2_remove_passed_goals_action_bt_node.so
[151.512s] -- Symlinking: /home/rpp/rpp_ws/install/nav2_behavior_tree/lib/libnav2_get_pose_from_path_action_bt_node.so
[151.530s] -- Symlinking: /home/rpp/rpp_ws/install/nav2_behavior_tree/lib/libnav2_pipeline_sequence_bt_node.so
[151.546s] -- Symlinking: /home/rpp/rpp_ws/install/nav2_behavior_tree/lib/libnav2_round_robin_node_bt_node.so
[151.561s] -- Symlinking: /home/rpp/rpp_ws/install/nav2_behavior_tree/lib/libnav2_single_trigger_bt_node.so
[151.574s] -- Symlinking: /home/rpp/rpp_ws/install/nav2_behavior_tree/lib/libnav2_planner_selector_bt_node.so
[151.585s] -- Symlinking: /home/rpp/rpp_ws/install/nav2_behavior_tree/lib/libnav2_controller_selector_bt_node.so
[151.602s] -- Symlinking: /home/rpp/rpp_ws/install/nav2_behavior_tree/lib/libnav2_smoother_selector_bt_node.so
[151.614s] -- Symlinking: /home/rpp/rpp_ws/install/nav2_behavior_tree/lib/libnav2_goal_checker_selector_bt_node.so
[151.626s] -- Symlinking: /home/rpp/rpp_ws/install/nav2_behavior_tree/lib/libnav2_progress_checker_selector_bt_node.so
[151.637s] -- Symlinking: /home/rpp/rpp_ws/install/nav2_behavior_tree/lib/libnav2_goal_updated_controller_bt_node.so
[151.648s] -- Symlinking: /home/rpp/rpp_ws/install/nav2_behavior_tree/include//nav2_behavior_tree/behavior_tree_engine.hpp
[151.664s] -- Symlinking: /home/rpp/rpp_ws/install/nav2_behavior_tree/include//nav2_behavior_tree/bt_action_node.hpp
[151.674s] -- Symlinking: /home/rpp/rpp_ws/install/nav2_behavior_tree/include//nav2_behavior_tree/bt_action_server.hpp
[151.688s] -- Symlinking: /home/rpp/rpp_ws/install/nav2_behavior_tree/include//nav2_behavior_tree/bt_action_server_impl.hpp
[151.702s] -- Symlinking: /home/rpp/rpp_ws/install/nav2_behavior_tree/include//nav2_behavior_tree/bt_cancel_action_node.hpp
[151.715s] -- Symlinking: /home/rpp/rpp_ws/install/nav2_behavior_tree/include//nav2_behavior_tree/bt_conversions.hpp
[151.726s] -- Symlinking: /home/rpp/rpp_ws/install/nav2_behavior_tree/include//nav2_behavior_tree/bt_service_node.hpp
[151.741s] -- Symlinking: /home/rpp/rpp_ws/install/nav2_behavior_tree/include//nav2_behavior_tree/plugins/action/assisted_teleop_action.hpp
[151.758s] -- Symlinking: /home/rpp/rpp_ws/install/nav2_behavior_tree/include//nav2_behavior_tree/plugins/action/assisted_teleop_cancel_node.hpp
[151.770s] -- Symlinking: /home/rpp/rpp_ws/install/nav2_behavior_tree/include//nav2_behavior_tree/plugins/action/back_up_action.hpp
[151.785s] -- Symlinking: /home/rpp/rpp_ws/install/nav2_behavior_tree/include//nav2_behavior_tree/plugins/action/back_up_cancel_node.hpp
[151.802s] -- Symlinking: /home/rpp/rpp_ws/install/nav2_behavior_tree/include//nav2_behavior_tree/plugins/action/clear_costmap_service.hpp
[151.815s] -- Symlinking: /home/rpp/rpp_ws/install/nav2_behavior_tree/include//nav2_behavior_tree/plugins/action/compute_path_through_poses_action.hpp
[151.827s] -- Symlinking: /home/rpp/rpp_ws/install/nav2_behavior_tree/include//nav2_behavior_tree/plugins/action/compute_path_to_pose_action.hpp
[151.838s] -- Symlinking: /home/rpp/rpp_ws/install/nav2_behavior_tree/include//nav2_behavior_tree/plugins/action/controller_cancel_node.hpp
[151.851s] -- Symlinking: /home/rpp/rpp_ws/install/nav2_behavior_tree/include//nav2_behavior_tree/plugins/action/controller_selector_node.hpp
[151.866s] -- Symlinking: /home/rpp/rpp_ws/install/nav2_behavior_tree/include//nav2_behavior_tree/plugins/action/drive_on_heading_action.hpp
[151.877s] -- Symlinking: /home/rpp/rpp_ws/install/nav2_behavior_tree/include//nav2_behavior_tree/plugins/action/drive_on_heading_cancel_node.hpp
[151.888s] -- Symlinking: /home/rpp/rpp_ws/install/nav2_behavior_tree/include//nav2_behavior_tree/plugins/action/follow_path_action.hpp
[151.900s] -- Symlinking: /home/rpp/rpp_ws/install/nav2_behavior_tree/include//nav2_behavior_tree/plugins/action/get_pose_from_path_action.hpp
[151.911s] -- Symlinking: /home/rpp/rpp_ws/install/nav2_behavior_tree/include//nav2_behavior_tree/plugins/action/get_pose_from_poses.hpp
[151.927s] -- Symlinking: /home/rpp/rpp_ws/install/nav2_behavior_tree/include//nav2_behavior_tree/plugins/action/goal_checker_selector_node.hpp
[151.940s] -- Symlinking: /home/rpp/rpp_ws/install/nav2_behavior_tree/include//nav2_behavior_tree/plugins/action/navigate_through_poses_action.hpp
[151.953s] -- Symlinking: /home/rpp/rpp_ws/install/nav2_behavior_tree/include//nav2_behavior_tree/plugins/action/navigate_to_pose_action.hpp
[151.969s] -- Symlinking: /home/rpp/rpp_ws/install/nav2_behavior_tree/include//nav2_behavior_tree/plugins/action/planner_selector_node.hpp
[151.985s] -- Symlinking: /home/rpp/rpp_ws/install/nav2_behavior_tree/include//nav2_behavior_tree/plugins/action/progress_checker_selector_node.hpp
[151.999s] -- Symlinking: /home/rpp/rpp_ws/install/nav2_behavior_tree/include//nav2_behavior_tree/plugins/action/reinitialize_global_localization_service.hpp
[152.015s] -- Symlinking: /home/rpp/rpp_ws/install/nav2_behavior_tree/include//nav2_behavior_tree/plugins/action/remove_passed_goals_action.hpp
[152.029s] -- Symlinking: /home/rpp/rpp_ws/install/nav2_behavior_tree/include//nav2_behavior_tree/plugins/action/smooth_path_action.hpp
[152.045s] -- Symlinking: /home/rpp/rpp_ws/install/nav2_behavior_tree/include//nav2_behavior_tree/plugins/action/smoother_selector_node.hpp
[152.057s] -- Symlinking: /home/rpp/rpp_ws/install/nav2_behavior_tree/include//nav2_behavior_tree/plugins/action/spin_action.hpp
[152.072s] -- Symlinking: /home/rpp/rpp_ws/install/nav2_behavior_tree/include//nav2_behavior_tree/plugins/action/spin_cancel_node.hpp
[152.086s] -- Symlinking: /home/rpp/rpp_ws/install/nav2_behavior_tree/include//nav2_behavior_tree/plugins/action/truncate_path_action.hpp
[152.099s] -- Symlinking: /home/rpp/rpp_ws/install/nav2_behavior_tree/include//nav2_behavior_tree/plugins/action/truncate_path_local_action.hpp
[152.113s] -- Symlinking: /home/rpp/rpp_ws/install/nav2_behavior_tree/include//nav2_behavior_tree/plugins/action/wait_action.hpp
[152.130s] -- Symlinking: /home/rpp/rpp_ws/install/nav2_behavior_tree/include//nav2_behavior_tree/plugins/action/wait_cancel_node.hpp
[152.147s] -- Symlinking: /home/rpp/rpp_ws/install/nav2_behavior_tree/include//nav2_behavior_tree/plugins/condition/distance_traveled_condition.hpp
[152.158s] -- Symlinking: /home/rpp/rpp_ws/install/nav2_behavior_tree/include//nav2_behavior_tree/plugins/condition/globally_updated_goal_condition.hpp
[152.171s] -- Symlinking: /home/rpp/rpp_ws/install/nav2_behavior_tree/include//nav2_behavior_tree/plugins/condition/goal_reached_condition.hpp
[152.185s] -- Symlinking: /home/rpp/rpp_ws/install/nav2_behavior_tree/include//nav2_behavior_tree/plugins/condition/goal_updated_condition.hpp
[152.196s] -- Symlinking: /home/rpp/rpp_ws/install/nav2_behavior_tree/include//nav2_behavior_tree/plugins/condition/initial_pose_received_condition.hpp
[152.208s] -- Symlinking: /home/rpp/rpp_ws/install/nav2_behavior_tree/include//nav2_behavior_tree/plugins/condition/is_battery_charging_condition.hpp
[152.218s] -- Symlinking: /home/rpp/rpp_ws/install/nav2_behavior_tree/include//nav2_behavior_tree/plugins/condition/is_battery_low_condition.hpp
[152.234s] -- Symlinking: /home/rpp/rpp_ws/install/nav2_behavior_tree/include//nav2_behavior_tree/plugins/condition/is_path_valid_condition.hpp
[152.248s] -- Symlinking: /home/rpp/rpp_ws/install/nav2_behavior_tree/include//nav2_behavior_tree/plugins/condition/is_stuck_condition.hpp
[152.260s] -- Symlinking: /home/rpp/rpp_ws/install/nav2_behavior_tree/include//nav2_behavior_tree/plugins/condition/path_expiring_timer_condition.hpp
[152.277s] -- Symlinking: /home/rpp/rpp_ws/install/nav2_behavior_tree/include//nav2_behavior_tree/plugins/condition/time_expired_condition.hpp
[152.291s] -- Symlinking: /home/rpp/rpp_ws/install/nav2_behavior_tree/include//nav2_behavior_tree/plugins/condition/transform_available_condition.hpp
[152.309s] -- Symlinking: /home/rpp/rpp_ws/install/nav2_behavior_tree/include//nav2_behavior_tree/plugins/control/pipeline_sequence.hpp
[152.320s] -- Symlinking: /home/rpp/rpp_ws/install/nav2_behavior_tree/include//nav2_behavior_tree/plugins/control/recovery_node.hpp
[152.334s] -- Symlinking: /home/rpp/rpp_ws/install/nav2_behavior_tree/include//nav2_behavior_tree/plugins/control/round_robin_node.hpp
[152.347s] -- Symlinking: /home/rpp/rpp_ws/install/nav2_behavior_tree/include//nav2_behavior_tree/plugins/decorator/distance_controller.hpp
[152.359s] -- Symlinking: /home/rpp/rpp_ws/install/nav2_behavior_tree/include//nav2_behavior_tree/plugins/decorator/goal_updated_controller.hpp
[152.370s] -- Symlinking: /home/rpp/rpp_ws/install/nav2_behavior_tree/include//nav2_behavior_tree/plugins/decorator/goal_updater_node.hpp
[152.384s] -- Symlinking: /home/rpp/rpp_ws/install/nav2_behavior_tree/include//nav2_behavior_tree/plugins/decorator/path_longer_on_approach.hpp
[152.394s] -- Symlinking: /home/rpp/rpp_ws/install/nav2_behavior_tree/include//nav2_behavior_tree/plugins/decorator/rate_controller.hpp
[152.410s] -- Symlinking: /home/rpp/rpp_ws/install/nav2_behavior_tree/include//nav2_behavior_tree/plugins/decorator/single_trigger_node.hpp
[152.420s] -- Symlinking: /home/rpp/rpp_ws/install/nav2_behavior_tree/include//nav2_behavior_tree/plugins/decorator/speed_controller.hpp
[152.432s] -- Symlinking: /home/rpp/rpp_ws/install/nav2_behavior_tree/include//nav2_behavior_tree/ros_topic_logger.hpp
[152.445s] -- Symlinking: /home/rpp/rpp_ws/install/nav2_behavior_tree/share/nav2_behavior_tree/nav2_tree_nodes.xml
[152.461s] -- Symlinking: /home/rpp/rpp_ws/install/nav2_behavior_tree/share/nav2_behavior_tree/environment/library_path.sh
[152.472s] -- Symlinking: /home/rpp/rpp_ws/install/nav2_behavior_tree/share/nav2_behavior_tree/environment/library_path.dsv
[152.486s] -- Symlinking: /home/rpp/rpp_ws/install/nav2_behavior_tree/share/ament_index/resource_index/package_run_dependencies/nav2_behavior_tree
[152.497s] -- Symlinking: /home/rpp/rpp_ws/install/nav2_behavior_tree/share/ament_index/resource_index/parent_prefix_path/nav2_behavior_tree
[152.508s] -- Symlinking: /home/rpp/rpp_ws/install/nav2_behavior_tree/share/nav2_behavior_tree/environment/ament_prefix_path.sh
[152.520s] -- Symlinking: /home/rpp/rpp_ws/install/nav2_behavior_tree/share/nav2_behavior_tree/environment/ament_prefix_path.dsv
[152.532s] -- Symlinking: /home/rpp/rpp_ws/install/nav2_behavior_tree/share/nav2_behavior_tree/environment/path.sh
[152.547s] -- Symlinking: /home/rpp/rpp_ws/install/nav2_behavior_tree/share/nav2_behavior_tree/environment/path.dsv
[152.557s] -- Symlinking: /home/rpp/rpp_ws/install/nav2_behavior_tree/share/nav2_behavior_tree/local_setup.bash
[152.568s] -- Symlinking: /home/rpp/rpp_ws/install/nav2_behavior_tree/share/nav2_behavior_tree/local_setup.sh
[152.580s] -- Symlinking: /home/rpp/rpp_ws/install/nav2_behavior_tree/share/nav2_behavior_tree/local_setup.zsh
[152.590s] -- Symlinking: /home/rpp/rpp_ws/install/nav2_behavior_tree/share/nav2_behavior_tree/local_setup.dsv
[152.603s] -- Symlinking: /home/rpp/rpp_ws/install/nav2_behavior_tree/share/nav2_behavior_tree/package.dsv
[152.615s] -- Symlinking: /home/rpp/rpp_ws/install/nav2_behavior_tree/share/ament_index/resource_index/packages/nav2_behavior_tree
[152.626s] -- Symlinking: /home/rpp/rpp_ws/install/nav2_behavior_tree/share/nav2_behavior_tree/cmake/ament_cmake_export_include_directories-extras.cmake
[152.638s] -- Symlinking: /home/rpp/rpp_ws/install/nav2_behavior_tree/share/nav2_behavior_tree/cmake/ament_cmake_export_libraries-extras.cmake
[152.650s] -- Symlinking: /home/rpp/rpp_ws/install/nav2_behavior_tree/share/nav2_behavior_tree/cmake/ament_cmake_export_dependencies-extras.cmake
[152.663s] -- Symlinking: /home/rpp/rpp_ws/install/nav2_behavior_tree/share/nav2_behavior_tree/cmake/nav2_behavior_treeConfig.cmake
[152.673s] -- Symlinking: /home/rpp/rpp_ws/install/nav2_behavior_tree/share/nav2_behavior_tree/cmake/nav2_behavior_treeConfig-version.cmake
[152.684s] -- Symlinking: /home/rpp/rpp_ws/install/nav2_behavior_tree/share/nav2_behavior_tree/package.xml
[152.700s] Invoked command in '/home/rpp/rpp_ws/build/nav2_behavior_tree' returned '0': CMAKE_PREFIX_PATH=/home/rpp/rpp_ws/install/nav2_util:/home/rpp/rpp_ws/install/nav2_msgs:/home/rpp/rpp_ws/install/nav2_common:/home/rpp/rpp_ws/install/xf_voice:/home/rpp/rpp_ws/install/xf_voice_msgs:/home/rpp/rpp_ws/install/wheeltec_mic_ros2:/home/rpp/rpp_ws/install/wheeltec_mic_msg:/home/rpp/rpp_ws/install/ti5cra_servo_ros:/home/rpp/rpp_ws/install/ti5cra_servo_sdk:/home/rpp/rpp_ws/install/syntron_servo_ros:/home/rpp/rpp_ws/install/syntron_servo_sdk:/home/rpp/rpp_ws/install/nav2_system_tests:/home/rpp/rpp_ws/install/nav2_bringup:/home/rpp/rpp_ws/install/slam_toolbox:/home/rpp/rpp_ws/install/slam_3d:/home/rpp/rpp_ws/install/slam_2d:/home/rpp/rpp_ws/install/serial:/home/rpp/rpp_ws/install/rpp_ros_driver:/home/rpp/rpp_ws/install/rpp_msgs:/home/rpp/rpp_ws/install/rpp_driver:/home/rpp/rpp_ws/install/robot_bringup:/home/rpp/rpp_ws/install/pymoveit2:/home/rpp/rpp_ws/install/pgo:/home/rpp/rpp_ws/install/navigation_2d:/home/rpp/rpp_ws/install/navigation2:/home/rpp/rpp_ws/install/nav2_smoother:/home/rpp/rpp_ws/install/nav2_graceful_controller:/home/rpp/rpp_ws/install/nav2_dwb_controller:/home/rpp/rpp_ws/install/nav2_controller:/home/rpp/rpp_ws/install/dwb_plugins:/home/rpp/rpp_ws/install/dwb_critics:/home/rpp/rpp_ws/install/dwb_core:/home/rpp/rpp_ws/install/nav_2d_utils:/home/rpp/rpp_ws/install/dwb_msgs:/home/rpp/rpp_ws/install/nav_2d_msgs:/home/rpp/rpp_ws/install/nav2_waypoint_follower:/home/rpp/rpp_ws/install/nav2_theta_star_planner:/home/rpp/rpp_ws/install/nav2_smac_planner:/home/rpp/rpp_ws/install/nav2_rotation_shim_controller:/home/rpp/rpp_ws/install/nav2_regulated_pure_pursuit_controller:/home/rpp/rpp_ws/install/nav2_planner:/home/rpp/rpp_ws/install/nav2_navfn_planner:/home/rpp/rpp_ws/install/nav2_mppi_controller:/home/rpp/rpp_ws/install/nav2_constrained_smoother:/home/rpp/rpp_ws/install/nav2_bt_navigator:/home/rpp/rpp_ws/install/nav2_behaviors:/home/rpp/rpp_ws/install/nav2_core:/home/rpp/rpp_ws/install/nav2_collision_monitor:/home/rpp/rpp_ws/install/costmap_queue:/home/rpp/rpp_ws/install/nav2_costmap_2d:/home/rpp/rpp_ws/install/nav2_voxel_grid:/home/rpp/rpp_ws/install/nav2_velocity_smoother:/home/rpp/rpp_ws/install/nav2_rviz_plugins:/home/rpp/rpp_ws/install/nav2_map_server:/home/rpp/rpp_ws/install/nav2_lifecycle_manager:/home/rpp/rpp_ws/install/nav2_behavior_tree:/home/rpp/rpp_ws/install/nav2_amcl:/home/rpp/rpp_ws/install/motor_pitch_ros:/home/rpp/rpp_ws/install/motor_pitch_sdk:/home/rpp/rpp_ws/install/motor_lift_ros:/home/rpp/rpp_ws/install/motor_lift_sdk:/home/rpp/rpp_ws/install/localizer:/home/rpp/rpp_ws/install/lidar_clipping:/home/rpp/rpp_ws/install/fastlio2:/home/rpp/rpp_ws/install/livox_ros_driver2:/home/rpp/rpp_ws/install/lakibeam1:/home/rpp/rpp_ws/install/kortex_bringup:/home/rpp/rpp_ws/install/kortex_driver:/home/rpp/rpp_ws/install/kinova_gen3_lite_moveit_config:/home/rpp/rpp_ws/install/kinova_gen3_7dof_robotiq_2f_85_moveit_config:/home/rpp/rpp_ws/install/kinova_gen3_6dof_robotiq_2f_85_moveit_config:/home/rpp/rpp_ws/install/kortex_description:/home/rpp/rpp_ws/install/kortex_api:/home/rpp/rpp_ws/install/ira_laser_tools:/home/rpp/rpp_ws/install/hba:/home/rpp/rpp_ws/install/interface:/home/rpp/rpp_ws/install/ea200_moveit_config:/home/rpp/rpp_ws/install/ea200_description:/home/rpp/rpp_ws/install/cr100_description:/home/rpp/rpp_ws/install/setting_info:/home/rpp/rpp_ws/install/nav2_simple_commander:/home/rpp/rpp_ws/install/gui_control:/home/rpp/rpp_ws/install/graphic_display:/home/rpp/rpp_ws/install/linker_hand_ros2_sdk:/home/rpp/rpp_ws/install/bt_task_manager_ros2:/opt/ros/humble LD_LIBRARY_PATH=/home/rpp/rpp_ws/install/nav2_util/lib:/home/rpp/rpp_ws/install/nav2_msgs/lib:/home/rpp/3rdparty//TensorRT-10.9.0.34/lib:/usr/local/cuda-12.8/lib64:/usr/local/lib/:/home/rpp/3rdparty//TensorRT-10.9.0.34/lib:/usr/local/cuda-12.8/lib64:/home/rpp/rpp_ws/install/xf_voice/lib:/home/rpp/rpp_ws/install/xf_voice_msgs/lib:/home/rpp/rpp_ws/install/wheeltec_mic_ros2/lib:/home/rpp/rpp_ws/install/wheeltec_mic_msg/lib:/home/rpp/rpp_ws/install/ti5cra_servo_sdk/lib:/home/rpp/rpp_ws/install/syntron_servo_sdk/lib:/home/rpp/rpp_ws/install/slam_toolbox/lib:/home/rpp/rpp_ws/install/serial/lib:/home/rpp/rpp_ws/install/rpp_msgs/lib:/home/rpp/rpp_ws/install/rpp_driver/lib:/home/rpp/rpp_ws/install/nav2_smoother/lib:/home/rpp/rpp_ws/install/nav2_graceful_controller/lib:/home/rpp/rpp_ws/install/nav2_controller/lib:/home/rpp/rpp_ws/install/dwb_plugins/lib:/home/rpp/rpp_ws/install/dwb_critics/lib:/home/rpp/rpp_ws/install/dwb_core/lib:/home/rpp/rpp_ws/install/nav_2d_utils/lib:/home/rpp/rpp_ws/install/dwb_msgs/lib:/home/rpp/rpp_ws/install/nav_2d_msgs/lib:/home/rpp/rpp_ws/install/nav2_waypoint_follower/lib:/home/rpp/rpp_ws/install/nav2_theta_star_planner/lib:/home/rpp/rpp_ws/install/nav2_smac_planner/lib:/home/rpp/rpp_ws/install/nav2_rotation_shim_controller/lib:/home/rpp/rpp_ws/install/nav2_regulated_pure_pursuit_controller/lib:/home/rpp/rpp_ws/install/nav2_planner/lib:/home/rpp/rpp_ws/install/nav2_navfn_planner/lib:/home/rpp/rpp_ws/install/nav2_mppi_controller/lib:/home/rpp/rpp_ws/install/nav2_constrained_smoother/lib:/home/rpp/rpp_ws/install/nav2_bt_navigator/lib:/home/rpp/rpp_ws/install/nav2_behaviors/lib:/home/rpp/rpp_ws/install/nav2_collision_monitor/lib:/home/rpp/rpp_ws/install/costmap_queue/lib:/home/rpp/rpp_ws/install/nav2_costmap_2d/lib:/home/rpp/rpp_ws/install/nav2_voxel_grid/lib:/home/rpp/rpp_ws/install/nav2_velocity_smoother/lib:/home/rpp/rpp_ws/install/nav2_rviz_plugins/lib:/home/rpp/rpp_ws/install/nav2_map_server/lib:/home/rpp/rpp_ws/install/nav2_lifecycle_manager/lib:/home/rpp/rpp_ws/install/nav2_behavior_tree/lib:/home/rpp/rpp_ws/install/nav2_amcl/lib:/home/rpp/rpp_ws/install/motor_pitch_sdk/lib:/home/rpp/rpp_ws/install/motor_lift_sdk/lib:/home/rpp/rpp_ws/install/livox_ros_driver2/lib:/home/rpp/rpp_ws/install/kortex_driver/lib:/home/rpp/rpp_ws/install/ira_laser_tools/lib:/home/rpp/rpp_ws/install/interface/lib:/usr/lib/x86_64-linux-gnu/gazebo-11/plugins:/opt/ros/humble/opt/rviz_ogre_vendor/lib:/opt/ros/humble/lib/x86_64-linux-gnu:/opt/ros/humble/opt/openvdb_vendor/lib:/opt/ros/humble/lib:/usr/local/lib/ /usr/bin/cmake --install /home/rpp/rpp_ws/build/nav2_behavior_tree
